[2023-11-24T22:15:21.170+0000] {processor.py:157} INFO - Started process (PID=5106) to work on /opt/airflow/dags/dag_visu.py
[2023-11-24T22:15:21.171+0000] {processor.py:829} INFO - Processing file /opt/airflow/dags/dag_visu.py for tasks to queue
[2023-11-24T22:15:21.174+0000] {logging_mixin.py:151} INFO - [2023-11-24T22:15:21.174+0000] {dagbag.py:536} INFO - Filling up the DagBag from /opt/airflow/dags/dag_visu.py
[2023-11-24T22:15:21.220+0000] {processor.py:839} INFO - DAG(s) dict_keys(['analyse_des_donnees_covid19']) retrieved from /opt/airflow/dags/dag_visu.py
[2023-11-24T22:15:21.343+0000] {logging_mixin.py:151} INFO - [2023-11-24T22:15:21.343+0000] {manager.py:499} INFO - Created Permission View: %s
[2023-11-24T22:15:21.356+0000] {logging_mixin.py:151} INFO - [2023-11-24T22:15:21.356+0000] {manager.py:499} INFO - Created Permission View: %s
[2023-11-24T22:15:21.367+0000] {logging_mixin.py:151} INFO - [2023-11-24T22:15:21.367+0000] {manager.py:499} INFO - Created Permission View: %s
[2023-11-24T22:15:21.368+0000] {logging_mixin.py:151} INFO - [2023-11-24T22:15:21.368+0000] {dag.py:2941} INFO - Sync 1 DAGs
[2023-11-24T22:15:21.381+0000] {logging_mixin.py:151} INFO - [2023-11-24T22:15:21.381+0000] {dag.py:2963} INFO - Creating ORM DAG for analyse_des_donnees_covid19
[2023-11-24T22:15:21.395+0000] {logging_mixin.py:151} INFO - [2023-11-24T22:15:21.395+0000] {dag.py:3722} INFO - Setting next_dagrun for analyse_des_donnees_covid19 to 2021-01-01T00:00:00+00:00, run_after=2021-01-02T00:00:00+00:00
[2023-11-24T22:15:21.421+0000] {processor.py:179} INFO - Processing /opt/airflow/dags/dag_visu.py took 0.254 seconds
[2023-11-24T22:15:51.736+0000] {processor.py:157} INFO - Started process (PID=5116) to work on /opt/airflow/dags/dag_visu.py
[2023-11-24T22:15:51.737+0000] {processor.py:829} INFO - Processing file /opt/airflow/dags/dag_visu.py for tasks to queue
[2023-11-24T22:15:51.740+0000] {logging_mixin.py:151} INFO - [2023-11-24T22:15:51.740+0000] {dagbag.py:536} INFO - Filling up the DagBag from /opt/airflow/dags/dag_visu.py
[2023-11-24T22:15:51.778+0000] {processor.py:839} INFO - DAG(s) dict_keys(['analyse_des_donnees_covid19']) retrieved from /opt/airflow/dags/dag_visu.py
[2023-11-24T22:15:51.806+0000] {logging_mixin.py:151} INFO - [2023-11-24T22:15:51.806+0000] {dag.py:2941} INFO - Sync 1 DAGs
[2023-11-24T22:15:51.829+0000] {logging_mixin.py:151} INFO - [2023-11-24T22:15:51.829+0000] {dag.py:3722} INFO - Setting next_dagrun for analyse_des_donnees_covid19 to 2021-01-01T00:00:00+00:00, run_after=2021-01-02T00:00:00+00:00
[2023-11-24T22:15:51.864+0000] {processor.py:179} INFO - Processing /opt/airflow/dags/dag_visu.py took 0.130 seconds
[2023-11-24T22:16:22.147+0000] {processor.py:157} INFO - Started process (PID=5126) to work on /opt/airflow/dags/dag_visu.py
[2023-11-24T22:16:22.149+0000] {processor.py:829} INFO - Processing file /opt/airflow/dags/dag_visu.py for tasks to queue
[2023-11-24T22:16:22.152+0000] {logging_mixin.py:151} INFO - [2023-11-24T22:16:22.152+0000] {dagbag.py:536} INFO - Filling up the DagBag from /opt/airflow/dags/dag_visu.py
[2023-11-24T22:16:22.196+0000] {processor.py:839} INFO - DAG(s) dict_keys(['analyse_des_donnees_covid19']) retrieved from /opt/airflow/dags/dag_visu.py
[2023-11-24T22:16:22.229+0000] {logging_mixin.py:151} INFO - [2023-11-24T22:16:22.228+0000] {dag.py:2941} INFO - Sync 1 DAGs
[2023-11-24T22:16:22.252+0000] {logging_mixin.py:151} INFO - [2023-11-24T22:16:22.252+0000] {dag.py:3722} INFO - Setting next_dagrun for analyse_des_donnees_covid19 to 2021-01-01T00:00:00+00:00, run_after=2021-01-02T00:00:00+00:00
[2023-11-24T22:16:22.281+0000] {processor.py:179} INFO - Processing /opt/airflow/dags/dag_visu.py took 0.138 seconds
[2023-11-24T22:16:52.572+0000] {processor.py:157} INFO - Started process (PID=5136) to work on /opt/airflow/dags/dag_visu.py
[2023-11-24T22:16:52.573+0000] {processor.py:829} INFO - Processing file /opt/airflow/dags/dag_visu.py for tasks to queue
[2023-11-24T22:16:52.576+0000] {logging_mixin.py:151} INFO - [2023-11-24T22:16:52.576+0000] {dagbag.py:536} INFO - Filling up the DagBag from /opt/airflow/dags/dag_visu.py
[2023-11-24T22:16:52.611+0000] {processor.py:839} INFO - DAG(s) dict_keys(['analyse_des_donnees_covid19']) retrieved from /opt/airflow/dags/dag_visu.py
[2023-11-24T22:16:52.636+0000] {logging_mixin.py:151} INFO - [2023-11-24T22:16:52.636+0000] {dag.py:2941} INFO - Sync 1 DAGs
[2023-11-24T22:16:52.658+0000] {logging_mixin.py:151} INFO - [2023-11-24T22:16:52.658+0000] {dag.py:3722} INFO - Setting next_dagrun for analyse_des_donnees_covid19 to 2021-01-01T00:00:00+00:00, run_after=2021-01-02T00:00:00+00:00
[2023-11-24T22:16:52.694+0000] {processor.py:179} INFO - Processing /opt/airflow/dags/dag_visu.py took 0.125 seconds
[2023-11-24T22:17:22.991+0000] {processor.py:157} INFO - Started process (PID=5146) to work on /opt/airflow/dags/dag_visu.py
[2023-11-24T22:17:22.993+0000] {processor.py:829} INFO - Processing file /opt/airflow/dags/dag_visu.py for tasks to queue
[2023-11-24T22:17:22.996+0000] {logging_mixin.py:151} INFO - [2023-11-24T22:17:22.996+0000] {dagbag.py:536} INFO - Filling up the DagBag from /opt/airflow/dags/dag_visu.py
[2023-11-24T22:17:23.034+0000] {processor.py:839} INFO - DAG(s) dict_keys(['analyse_des_donnees_covid19']) retrieved from /opt/airflow/dags/dag_visu.py
[2023-11-24T22:17:23.061+0000] {logging_mixin.py:151} INFO - [2023-11-24T22:17:23.060+0000] {dag.py:2941} INFO - Sync 1 DAGs
[2023-11-24T22:17:23.084+0000] {logging_mixin.py:151} INFO - [2023-11-24T22:17:23.083+0000] {dag.py:3722} INFO - Setting next_dagrun for analyse_des_donnees_covid19 to 2021-01-01T00:00:00+00:00, run_after=2021-01-02T00:00:00+00:00
[2023-11-24T22:17:23.119+0000] {processor.py:179} INFO - Processing /opt/airflow/dags/dag_visu.py took 0.130 seconds
[2023-11-24T22:17:36.121+0000] {processor.py:157} INFO - Started process (PID=5154) to work on /opt/airflow/dags/dag_visu.py
[2023-11-24T22:17:36.122+0000] {processor.py:829} INFO - Processing file /opt/airflow/dags/dag_visu.py for tasks to queue
[2023-11-24T22:17:36.124+0000] {logging_mixin.py:151} INFO - [2023-11-24T22:17:36.124+0000] {dagbag.py:536} INFO - Filling up the DagBag from /opt/airflow/dags/dag_visu.py
[2023-11-24T22:17:36.176+0000] {processor.py:839} INFO - DAG(s) dict_keys(['analyse_des_donnees_covid19']) retrieved from /opt/airflow/dags/dag_visu.py
[2023-11-24T22:17:36.278+0000] {logging_mixin.py:151} INFO - [2023-11-24T22:17:36.277+0000] {dag.py:2941} INFO - Sync 1 DAGs
[2023-11-24T22:17:36.300+0000] {logging_mixin.py:151} INFO - [2023-11-24T22:17:36.300+0000] {dag.py:3722} INFO - Setting next_dagrun for analyse_des_donnees_covid19 to 2021-01-01T00:00:00+00:00, run_after=2021-01-02T00:00:00+00:00
[2023-11-24T22:17:36.344+0000] {processor.py:179} INFO - Processing /opt/airflow/dags/dag_visu.py took 0.226 seconds
[2023-11-24T22:18:06.650+0000] {processor.py:157} INFO - Started process (PID=5164) to work on /opt/airflow/dags/dag_visu.py
[2023-11-24T22:18:06.651+0000] {processor.py:829} INFO - Processing file /opt/airflow/dags/dag_visu.py for tasks to queue
[2023-11-24T22:18:06.653+0000] {logging_mixin.py:151} INFO - [2023-11-24T22:18:06.653+0000] {dagbag.py:536} INFO - Filling up the DagBag from /opt/airflow/dags/dag_visu.py
[2023-11-24T22:18:06.686+0000] {processor.py:839} INFO - DAG(s) dict_keys(['analyse_des_donnees_covid19']) retrieved from /opt/airflow/dags/dag_visu.py
[2023-11-24T22:18:06.713+0000] {logging_mixin.py:151} INFO - [2023-11-24T22:18:06.713+0000] {dag.py:2941} INFO - Sync 1 DAGs
[2023-11-24T22:18:06.735+0000] {logging_mixin.py:151} INFO - [2023-11-24T22:18:06.735+0000] {dag.py:3722} INFO - Setting next_dagrun for analyse_des_donnees_covid19 to 2021-01-01T00:00:00+00:00, run_after=2021-01-02T00:00:00+00:00
[2023-11-24T22:18:06.766+0000] {processor.py:179} INFO - Processing /opt/airflow/dags/dag_visu.py took 0.120 seconds
[2023-11-24T22:18:37.061+0000] {processor.py:157} INFO - Started process (PID=5174) to work on /opt/airflow/dags/dag_visu.py
[2023-11-24T22:18:37.063+0000] {processor.py:829} INFO - Processing file /opt/airflow/dags/dag_visu.py for tasks to queue
[2023-11-24T22:18:37.065+0000] {logging_mixin.py:151} INFO - [2023-11-24T22:18:37.065+0000] {dagbag.py:536} INFO - Filling up the DagBag from /opt/airflow/dags/dag_visu.py
[2023-11-24T22:18:37.099+0000] {processor.py:839} INFO - DAG(s) dict_keys(['analyse_des_donnees_covid19']) retrieved from /opt/airflow/dags/dag_visu.py
[2023-11-24T22:18:37.125+0000] {logging_mixin.py:151} INFO - [2023-11-24T22:18:37.125+0000] {dag.py:2941} INFO - Sync 1 DAGs
[2023-11-24T22:18:37.147+0000] {logging_mixin.py:151} INFO - [2023-11-24T22:18:37.147+0000] {dag.py:3722} INFO - Setting next_dagrun for analyse_des_donnees_covid19 to 2021-01-01T00:00:00+00:00, run_after=2021-01-02T00:00:00+00:00
[2023-11-24T22:18:37.178+0000] {processor.py:179} INFO - Processing /opt/airflow/dags/dag_visu.py took 0.121 seconds
[2023-11-24T22:19:07.467+0000] {processor.py:157} INFO - Started process (PID=5184) to work on /opt/airflow/dags/dag_visu.py
[2023-11-24T22:19:07.468+0000] {processor.py:829} INFO - Processing file /opt/airflow/dags/dag_visu.py for tasks to queue
[2023-11-24T22:19:07.471+0000] {logging_mixin.py:151} INFO - [2023-11-24T22:19:07.470+0000] {dagbag.py:536} INFO - Filling up the DagBag from /opt/airflow/dags/dag_visu.py
[2023-11-24T22:19:07.504+0000] {processor.py:839} INFO - DAG(s) dict_keys(['analyse_des_donnees_covid19']) retrieved from /opt/airflow/dags/dag_visu.py
[2023-11-24T22:19:07.530+0000] {logging_mixin.py:151} INFO - [2023-11-24T22:19:07.530+0000] {dag.py:2941} INFO - Sync 1 DAGs
[2023-11-24T22:19:07.553+0000] {logging_mixin.py:151} INFO - [2023-11-24T22:19:07.553+0000] {dag.py:3722} INFO - Setting next_dagrun for analyse_des_donnees_covid19 to 2021-01-01T00:00:00+00:00, run_after=2021-01-02T00:00:00+00:00
[2023-11-24T22:19:07.589+0000] {processor.py:179} INFO - Processing /opt/airflow/dags/dag_visu.py took 0.125 seconds
[2023-11-24T22:19:37.871+0000] {processor.py:157} INFO - Started process (PID=5194) to work on /opt/airflow/dags/dag_visu.py
[2023-11-24T22:19:37.872+0000] {processor.py:829} INFO - Processing file /opt/airflow/dags/dag_visu.py for tasks to queue
[2023-11-24T22:19:37.875+0000] {logging_mixin.py:151} INFO - [2023-11-24T22:19:37.874+0000] {dagbag.py:536} INFO - Filling up the DagBag from /opt/airflow/dags/dag_visu.py
[2023-11-24T22:19:37.909+0000] {processor.py:839} INFO - DAG(s) dict_keys(['analyse_des_donnees_covid19']) retrieved from /opt/airflow/dags/dag_visu.py
[2023-11-24T22:19:37.937+0000] {logging_mixin.py:151} INFO - [2023-11-24T22:19:37.937+0000] {dag.py:2941} INFO - Sync 1 DAGs
[2023-11-24T22:19:37.959+0000] {logging_mixin.py:151} INFO - [2023-11-24T22:19:37.959+0000] {dag.py:3722} INFO - Setting next_dagrun for analyse_des_donnees_covid19 to 2021-01-01T00:00:00+00:00, run_after=2021-01-02T00:00:00+00:00
[2023-11-24T22:19:37.988+0000] {processor.py:179} INFO - Processing /opt/airflow/dags/dag_visu.py took 0.120 seconds
[2023-11-24T22:20:08.303+0000] {processor.py:157} INFO - Started process (PID=5204) to work on /opt/airflow/dags/dag_visu.py
[2023-11-24T22:20:08.304+0000] {processor.py:829} INFO - Processing file /opt/airflow/dags/dag_visu.py for tasks to queue
[2023-11-24T22:20:08.307+0000] {logging_mixin.py:151} INFO - [2023-11-24T22:20:08.306+0000] {dagbag.py:536} INFO - Filling up the DagBag from /opt/airflow/dags/dag_visu.py
[2023-11-24T22:20:08.341+0000] {processor.py:839} INFO - DAG(s) dict_keys(['analyse_des_donnees_covid19']) retrieved from /opt/airflow/dags/dag_visu.py
[2023-11-24T22:20:08.370+0000] {logging_mixin.py:151} INFO - [2023-11-24T22:20:08.370+0000] {dag.py:2941} INFO - Sync 1 DAGs
[2023-11-24T22:20:08.392+0000] {logging_mixin.py:151} INFO - [2023-11-24T22:20:08.392+0000] {dag.py:3722} INFO - Setting next_dagrun for analyse_des_donnees_covid19 to 2021-01-01T00:00:00+00:00, run_after=2021-01-02T00:00:00+00:00
[2023-11-24T22:20:08.427+0000] {processor.py:179} INFO - Processing /opt/airflow/dags/dag_visu.py took 0.127 seconds
[2023-11-24T22:20:38.714+0000] {processor.py:157} INFO - Started process (PID=5214) to work on /opt/airflow/dags/dag_visu.py
[2023-11-24T22:20:38.716+0000] {processor.py:829} INFO - Processing file /opt/airflow/dags/dag_visu.py for tasks to queue
[2023-11-24T22:20:38.719+0000] {logging_mixin.py:151} INFO - [2023-11-24T22:20:38.719+0000] {dagbag.py:536} INFO - Filling up the DagBag from /opt/airflow/dags/dag_visu.py
[2023-11-24T22:20:38.757+0000] {processor.py:839} INFO - DAG(s) dict_keys(['analyse_des_donnees_covid19']) retrieved from /opt/airflow/dags/dag_visu.py
[2023-11-24T22:20:38.786+0000] {logging_mixin.py:151} INFO - [2023-11-24T22:20:38.786+0000] {dag.py:2941} INFO - Sync 1 DAGs
[2023-11-24T22:20:38.807+0000] {logging_mixin.py:151} INFO - [2023-11-24T22:20:38.807+0000] {dag.py:3722} INFO - Setting next_dagrun for analyse_des_donnees_covid19 to 2021-01-01T00:00:00+00:00, run_after=2021-01-02T00:00:00+00:00
[2023-11-24T22:20:38.841+0000] {processor.py:179} INFO - Processing /opt/airflow/dags/dag_visu.py took 0.130 seconds
[2023-11-24T22:21:09.177+0000] {processor.py:157} INFO - Started process (PID=5226) to work on /opt/airflow/dags/dag_visu.py
[2023-11-24T22:21:09.179+0000] {processor.py:829} INFO - Processing file /opt/airflow/dags/dag_visu.py for tasks to queue
[2023-11-24T22:21:09.183+0000] {logging_mixin.py:151} INFO - [2023-11-24T22:21:09.182+0000] {dagbag.py:536} INFO - Filling up the DagBag from /opt/airflow/dags/dag_visu.py
[2023-11-24T22:21:09.276+0000] {processor.py:839} INFO - DAG(s) dict_keys(['analyse_des_donnees_covid19']) retrieved from /opt/airflow/dags/dag_visu.py
[2023-11-24T22:21:09.330+0000] {logging_mixin.py:151} INFO - [2023-11-24T22:21:09.329+0000] {dag.py:2941} INFO - Sync 1 DAGs
[2023-11-24T22:21:09.376+0000] {logging_mixin.py:151} INFO - [2023-11-24T22:21:09.375+0000] {dag.py:3722} INFO - Setting next_dagrun for analyse_des_donnees_covid19 to 2021-01-01T00:00:00+00:00, run_after=2021-01-02T00:00:00+00:00
[2023-11-24T22:21:09.410+0000] {processor.py:179} INFO - Processing /opt/airflow/dags/dag_visu.py took 0.238 seconds
[2023-11-24T22:21:39.709+0000] {processor.py:157} INFO - Started process (PID=5236) to work on /opt/airflow/dags/dag_visu.py
[2023-11-24T22:21:39.711+0000] {processor.py:829} INFO - Processing file /opt/airflow/dags/dag_visu.py for tasks to queue
[2023-11-24T22:21:39.713+0000] {logging_mixin.py:151} INFO - [2023-11-24T22:21:39.713+0000] {dagbag.py:536} INFO - Filling up the DagBag from /opt/airflow/dags/dag_visu.py
[2023-11-24T22:21:39.752+0000] {processor.py:839} INFO - DAG(s) dict_keys(['analyse_des_donnees_covid19']) retrieved from /opt/airflow/dags/dag_visu.py
[2023-11-24T22:21:39.781+0000] {logging_mixin.py:151} INFO - [2023-11-24T22:21:39.781+0000] {dag.py:2941} INFO - Sync 1 DAGs
[2023-11-24T22:21:39.804+0000] {logging_mixin.py:151} INFO - [2023-11-24T22:21:39.804+0000] {dag.py:3722} INFO - Setting next_dagrun for analyse_des_donnees_covid19 to 2021-01-01T00:00:00+00:00, run_after=2021-01-02T00:00:00+00:00
[2023-11-24T22:21:39.833+0000] {processor.py:179} INFO - Processing /opt/airflow/dags/dag_visu.py took 0.128 seconds
[2023-11-24T22:22:09.923+0000] {processor.py:157} INFO - Started process (PID=5248) to work on /opt/airflow/dags/dag_visu.py
[2023-11-24T22:22:09.924+0000] {processor.py:829} INFO - Processing file /opt/airflow/dags/dag_visu.py for tasks to queue
[2023-11-24T22:22:09.927+0000] {logging_mixin.py:151} INFO - [2023-11-24T22:22:09.927+0000] {dagbag.py:536} INFO - Filling up the DagBag from /opt/airflow/dags/dag_visu.py
[2023-11-24T22:22:09.971+0000] {processor.py:839} INFO - DAG(s) dict_keys(['analyse_des_donnees_covid19']) retrieved from /opt/airflow/dags/dag_visu.py
[2023-11-24T22:22:09.999+0000] {logging_mixin.py:151} INFO - [2023-11-24T22:22:09.999+0000] {dag.py:2941} INFO - Sync 1 DAGs
[2023-11-24T22:22:10.022+0000] {logging_mixin.py:151} INFO - [2023-11-24T22:22:10.021+0000] {dag.py:3722} INFO - Setting next_dagrun for analyse_des_donnees_covid19 to 2021-01-01T00:00:00+00:00, run_after=2021-01-02T00:00:00+00:00
[2023-11-24T22:22:10.046+0000] {processor.py:179} INFO - Processing /opt/airflow/dags/dag_visu.py took 0.128 seconds
[2023-11-24T22:22:40.313+0000] {processor.py:157} INFO - Started process (PID=5258) to work on /opt/airflow/dags/dag_visu.py
[2023-11-24T22:22:40.314+0000] {processor.py:829} INFO - Processing file /opt/airflow/dags/dag_visu.py for tasks to queue
[2023-11-24T22:22:40.318+0000] {logging_mixin.py:151} INFO - [2023-11-24T22:22:40.318+0000] {dagbag.py:536} INFO - Filling up the DagBag from /opt/airflow/dags/dag_visu.py
[2023-11-24T22:22:40.366+0000] {processor.py:839} INFO - DAG(s) dict_keys(['analyse_des_donnees_covid19']) retrieved from /opt/airflow/dags/dag_visu.py
[2023-11-24T22:22:40.411+0000] {logging_mixin.py:151} INFO - [2023-11-24T22:22:40.410+0000] {dag.py:2941} INFO - Sync 1 DAGs
[2023-11-24T22:22:40.460+0000] {logging_mixin.py:151} INFO - [2023-11-24T22:22:40.459+0000] {dag.py:3722} INFO - Setting next_dagrun for analyse_des_donnees_covid19 to 2021-01-01T00:00:00+00:00, run_after=2021-01-02T00:00:00+00:00
[2023-11-24T22:22:40.501+0000] {processor.py:179} INFO - Processing /opt/airflow/dags/dag_visu.py took 0.192 seconds
[2023-11-24T22:23:10.777+0000] {processor.py:157} INFO - Started process (PID=5268) to work on /opt/airflow/dags/dag_visu.py
[2023-11-24T22:23:10.778+0000] {processor.py:829} INFO - Processing file /opt/airflow/dags/dag_visu.py for tasks to queue
[2023-11-24T22:23:10.781+0000] {logging_mixin.py:151} INFO - [2023-11-24T22:23:10.781+0000] {dagbag.py:536} INFO - Filling up the DagBag from /opt/airflow/dags/dag_visu.py
[2023-11-24T22:23:10.822+0000] {processor.py:839} INFO - DAG(s) dict_keys(['analyse_des_donnees_covid19']) retrieved from /opt/airflow/dags/dag_visu.py
[2023-11-24T22:23:10.850+0000] {logging_mixin.py:151} INFO - [2023-11-24T22:23:10.850+0000] {dag.py:2941} INFO - Sync 1 DAGs
[2023-11-24T22:23:10.882+0000] {logging_mixin.py:151} INFO - [2023-11-24T22:23:10.882+0000] {dag.py:3722} INFO - Setting next_dagrun for analyse_des_donnees_covid19 to 2021-01-01T00:00:00+00:00, run_after=2021-01-02T00:00:00+00:00
[2023-11-24T22:23:10.916+0000] {processor.py:179} INFO - Processing /opt/airflow/dags/dag_visu.py took 0.142 seconds
[2023-11-24T22:23:15.832+0000] {processor.py:157} INFO - Started process (PID=5269) to work on /opt/airflow/dags/dag_visu.py
[2023-11-24T22:23:15.833+0000] {processor.py:829} INFO - Processing file /opt/airflow/dags/dag_visu.py for tasks to queue
[2023-11-24T22:23:15.836+0000] {logging_mixin.py:151} INFO - [2023-11-24T22:23:15.835+0000] {dagbag.py:536} INFO - Filling up the DagBag from /opt/airflow/dags/dag_visu.py
[2023-11-24T22:23:15.902+0000] {logging_mixin.py:151} INFO - [2023-11-24T22:23:15.893+0000] {dagbag.py:346} ERROR - Failed to import: /opt/airflow/dags/dag_visu.py
Traceback (most recent call last):
  File "/home/airflow/.local/lib/python3.8/site-packages/airflow/models/dagbag.py", line 342, in parse
    loader.exec_module(new_module)
  File "<frozen importlib._bootstrap_external>", line 843, in exec_module
  File "<frozen importlib._bootstrap>", line 219, in _call_with_frames_removed
  File "/opt/airflow/dags/dag_visu.py", line 115, in <module>
    python_callable=analyse_question_1,
NameError: name 'analyse_question_1' is not defined
[2023-11-24T22:23:15.905+0000] {processor.py:841} WARNING - No viable dags retrieved from /opt/airflow/dags/dag_visu.py
[2023-11-24T22:23:15.930+0000] {processor.py:179} INFO - Processing /opt/airflow/dags/dag_visu.py took 0.102 seconds
[2023-11-24T22:23:46.214+0000] {processor.py:157} INFO - Started process (PID=5279) to work on /opt/airflow/dags/dag_visu.py
[2023-11-24T22:23:46.217+0000] {processor.py:829} INFO - Processing file /opt/airflow/dags/dag_visu.py for tasks to queue
[2023-11-24T22:23:46.220+0000] {logging_mixin.py:151} INFO - [2023-11-24T22:23:46.219+0000] {dagbag.py:536} INFO - Filling up the DagBag from /opt/airflow/dags/dag_visu.py
[2023-11-24T22:23:46.298+0000] {logging_mixin.py:151} INFO - [2023-11-24T22:23:46.290+0000] {dagbag.py:346} ERROR - Failed to import: /opt/airflow/dags/dag_visu.py
Traceback (most recent call last):
  File "/home/airflow/.local/lib/python3.8/site-packages/airflow/models/dagbag.py", line 342, in parse
    loader.exec_module(new_module)
  File "<frozen importlib._bootstrap_external>", line 843, in exec_module
  File "<frozen importlib._bootstrap>", line 219, in _call_with_frames_removed
  File "/opt/airflow/dags/dag_visu.py", line 115, in <module>
    python_callable=analyse_question_1,
NameError: name 'analyse_question_1' is not defined
[2023-11-24T22:23:46.301+0000] {processor.py:841} WARNING - No viable dags retrieved from /opt/airflow/dags/dag_visu.py
[2023-11-24T22:23:46.329+0000] {processor.py:179} INFO - Processing /opt/airflow/dags/dag_visu.py took 0.120 seconds
[2023-11-24T22:24:16.613+0000] {processor.py:157} INFO - Started process (PID=5289) to work on /opt/airflow/dags/dag_visu.py
[2023-11-24T22:24:16.615+0000] {processor.py:829} INFO - Processing file /opt/airflow/dags/dag_visu.py for tasks to queue
[2023-11-24T22:24:16.618+0000] {logging_mixin.py:151} INFO - [2023-11-24T22:24:16.617+0000] {dagbag.py:536} INFO - Filling up the DagBag from /opt/airflow/dags/dag_visu.py
[2023-11-24T22:24:16.675+0000] {logging_mixin.py:151} INFO - [2023-11-24T22:24:16.663+0000] {dagbag.py:346} ERROR - Failed to import: /opt/airflow/dags/dag_visu.py
Traceback (most recent call last):
  File "/home/airflow/.local/lib/python3.8/site-packages/airflow/models/dagbag.py", line 342, in parse
    loader.exec_module(new_module)
  File "<frozen importlib._bootstrap_external>", line 843, in exec_module
  File "<frozen importlib._bootstrap>", line 219, in _call_with_frames_removed
  File "/opt/airflow/dags/dag_visu.py", line 115, in <module>
    python_callable=analyse_question_1,
NameError: name 'analyse_question_1' is not defined
[2023-11-24T22:24:16.679+0000] {processor.py:841} WARNING - No viable dags retrieved from /opt/airflow/dags/dag_visu.py
[2023-11-24T22:24:16.710+0000] {processor.py:179} INFO - Processing /opt/airflow/dags/dag_visu.py took 0.100 seconds
[2023-11-24T22:24:46.982+0000] {processor.py:157} INFO - Started process (PID=5299) to work on /opt/airflow/dags/dag_visu.py
[2023-11-24T22:24:46.984+0000] {processor.py:829} INFO - Processing file /opt/airflow/dags/dag_visu.py for tasks to queue
[2023-11-24T22:24:46.986+0000] {logging_mixin.py:151} INFO - [2023-11-24T22:24:46.985+0000] {dagbag.py:536} INFO - Filling up the DagBag from /opt/airflow/dags/dag_visu.py
[2023-11-24T22:24:47.037+0000] {logging_mixin.py:151} INFO - [2023-11-24T22:24:47.029+0000] {dagbag.py:346} ERROR - Failed to import: /opt/airflow/dags/dag_visu.py
Traceback (most recent call last):
  File "/home/airflow/.local/lib/python3.8/site-packages/airflow/models/dagbag.py", line 342, in parse
    loader.exec_module(new_module)
  File "<frozen importlib._bootstrap_external>", line 843, in exec_module
  File "<frozen importlib._bootstrap>", line 219, in _call_with_frames_removed
  File "/opt/airflow/dags/dag_visu.py", line 115, in <module>
    python_callable=analyse_question_1,
NameError: name 'analyse_question_1' is not defined
[2023-11-24T22:24:47.041+0000] {processor.py:841} WARNING - No viable dags retrieved from /opt/airflow/dags/dag_visu.py
[2023-11-24T22:24:47.068+0000] {processor.py:179} INFO - Processing /opt/airflow/dags/dag_visu.py took 0.091 seconds
[2023-11-24T22:25:17.341+0000] {processor.py:157} INFO - Started process (PID=5309) to work on /opt/airflow/dags/dag_visu.py
[2023-11-24T22:25:17.343+0000] {processor.py:829} INFO - Processing file /opt/airflow/dags/dag_visu.py for tasks to queue
[2023-11-24T22:25:17.344+0000] {logging_mixin.py:151} INFO - [2023-11-24T22:25:17.344+0000] {dagbag.py:536} INFO - Filling up the DagBag from /opt/airflow/dags/dag_visu.py
[2023-11-24T22:25:17.391+0000] {logging_mixin.py:151} INFO - [2023-11-24T22:25:17.385+0000] {dagbag.py:346} ERROR - Failed to import: /opt/airflow/dags/dag_visu.py
Traceback (most recent call last):
  File "/home/airflow/.local/lib/python3.8/site-packages/airflow/models/dagbag.py", line 342, in parse
    loader.exec_module(new_module)
  File "<frozen importlib._bootstrap_external>", line 843, in exec_module
  File "<frozen importlib._bootstrap>", line 219, in _call_with_frames_removed
  File "/opt/airflow/dags/dag_visu.py", line 115, in <module>
    python_callable=analyse_question_1,
NameError: name 'analyse_question_1' is not defined
[2023-11-24T22:25:17.394+0000] {processor.py:841} WARNING - No viable dags retrieved from /opt/airflow/dags/dag_visu.py
[2023-11-24T22:25:17.418+0000] {processor.py:179} INFO - Processing /opt/airflow/dags/dag_visu.py took 0.080 seconds
[2023-11-24T22:25:47.817+0000] {processor.py:157} INFO - Started process (PID=5319) to work on /opt/airflow/dags/dag_visu.py
[2023-11-24T22:25:47.818+0000] {processor.py:829} INFO - Processing file /opt/airflow/dags/dag_visu.py for tasks to queue
[2023-11-24T22:25:47.819+0000] {logging_mixin.py:151} INFO - [2023-11-24T22:25:47.819+0000] {dagbag.py:536} INFO - Filling up the DagBag from /opt/airflow/dags/dag_visu.py
[2023-11-24T22:25:47.869+0000] {logging_mixin.py:151} INFO - [2023-11-24T22:25:47.862+0000] {dagbag.py:346} ERROR - Failed to import: /opt/airflow/dags/dag_visu.py
Traceback (most recent call last):
  File "/home/airflow/.local/lib/python3.8/site-packages/airflow/models/dagbag.py", line 342, in parse
    loader.exec_module(new_module)
  File "<frozen importlib._bootstrap_external>", line 843, in exec_module
  File "<frozen importlib._bootstrap>", line 219, in _call_with_frames_removed
  File "/opt/airflow/dags/dag_visu.py", line 115, in <module>
    python_callable=analyse_question_1,
NameError: name 'analyse_question_1' is not defined
[2023-11-24T22:25:47.872+0000] {processor.py:841} WARNING - No viable dags retrieved from /opt/airflow/dags/dag_visu.py
[2023-11-24T22:25:47.898+0000] {processor.py:179} INFO - Processing /opt/airflow/dags/dag_visu.py took 0.085 seconds
[2023-11-24T22:25:48.844+0000] {processor.py:157} INFO - Started process (PID=5320) to work on /opt/airflow/dags/dag_visu.py
[2023-11-24T22:25:48.845+0000] {processor.py:829} INFO - Processing file /opt/airflow/dags/dag_visu.py for tasks to queue
[2023-11-24T22:25:48.847+0000] {logging_mixin.py:151} INFO - [2023-11-24T22:25:48.846+0000] {dagbag.py:536} INFO - Filling up the DagBag from /opt/airflow/dags/dag_visu.py
[2023-11-24T22:25:48.910+0000] {logging_mixin.py:151} INFO - [2023-11-24T22:25:48.904+0000] {dagbag.py:346} ERROR - Failed to import: /opt/airflow/dags/dag_visu.py
Traceback (most recent call last):
  File "/home/airflow/.local/lib/python3.8/site-packages/airflow/models/dagbag.py", line 342, in parse
    loader.exec_module(new_module)
  File "<frozen importlib._bootstrap_external>", line 843, in exec_module
  File "<frozen importlib._bootstrap>", line 219, in _call_with_frames_removed
  File "/opt/airflow/dags/dag_visu.py", line 115, in <module>
    python_callable=analyse_question_1,
NameError: name 'analyse_question_1' is not defined
[2023-11-24T22:25:48.913+0000] {processor.py:841} WARNING - No viable dags retrieved from /opt/airflow/dags/dag_visu.py
[2023-11-24T22:25:48.938+0000] {processor.py:179} INFO - Processing /opt/airflow/dags/dag_visu.py took 0.099 seconds
[2023-11-24T22:26:19.242+0000] {processor.py:157} INFO - Started process (PID=5330) to work on /opt/airflow/dags/dag_visu.py
[2023-11-24T22:26:19.244+0000] {processor.py:829} INFO - Processing file /opt/airflow/dags/dag_visu.py for tasks to queue
[2023-11-24T22:26:19.246+0000] {logging_mixin.py:151} INFO - [2023-11-24T22:26:19.245+0000] {dagbag.py:536} INFO - Filling up the DagBag from /opt/airflow/dags/dag_visu.py
[2023-11-24T22:26:19.298+0000] {logging_mixin.py:151} INFO - [2023-11-24T22:26:19.291+0000] {dagbag.py:346} ERROR - Failed to import: /opt/airflow/dags/dag_visu.py
Traceback (most recent call last):
  File "/home/airflow/.local/lib/python3.8/site-packages/airflow/models/dagbag.py", line 342, in parse
    loader.exec_module(new_module)
  File "<frozen importlib._bootstrap_external>", line 843, in exec_module
  File "<frozen importlib._bootstrap>", line 219, in _call_with_frames_removed
  File "/opt/airflow/dags/dag_visu.py", line 115, in <module>
    python_callable=analyse_question_1,
NameError: name 'analyse_question_1' is not defined
[2023-11-24T22:26:19.301+0000] {processor.py:841} WARNING - No viable dags retrieved from /opt/airflow/dags/dag_visu.py
[2023-11-24T22:26:19.328+0000] {processor.py:179} INFO - Processing /opt/airflow/dags/dag_visu.py took 0.089 seconds
[2023-11-24T22:26:49.617+0000] {processor.py:157} INFO - Started process (PID=5340) to work on /opt/airflow/dags/dag_visu.py
[2023-11-24T22:26:49.619+0000] {processor.py:829} INFO - Processing file /opt/airflow/dags/dag_visu.py for tasks to queue
[2023-11-24T22:26:49.621+0000] {logging_mixin.py:151} INFO - [2023-11-24T22:26:49.620+0000] {dagbag.py:536} INFO - Filling up the DagBag from /opt/airflow/dags/dag_visu.py
[2023-11-24T22:26:49.666+0000] {logging_mixin.py:151} INFO - [2023-11-24T22:26:49.660+0000] {dagbag.py:346} ERROR - Failed to import: /opt/airflow/dags/dag_visu.py
Traceback (most recent call last):
  File "/home/airflow/.local/lib/python3.8/site-packages/airflow/models/dagbag.py", line 342, in parse
    loader.exec_module(new_module)
  File "<frozen importlib._bootstrap_external>", line 843, in exec_module
  File "<frozen importlib._bootstrap>", line 219, in _call_with_frames_removed
  File "/opt/airflow/dags/dag_visu.py", line 115, in <module>
    python_callable=analyse_question_1,
NameError: name 'analyse_question_1' is not defined
[2023-11-24T22:26:49.668+0000] {processor.py:841} WARNING - No viable dags retrieved from /opt/airflow/dags/dag_visu.py
[2023-11-24T22:26:49.692+0000] {processor.py:179} INFO - Processing /opt/airflow/dags/dag_visu.py took 0.078 seconds
[2023-11-24T22:27:19.989+0000] {processor.py:157} INFO - Started process (PID=5350) to work on /opt/airflow/dags/dag_visu.py
[2023-11-24T22:27:19.990+0000] {processor.py:829} INFO - Processing file /opt/airflow/dags/dag_visu.py for tasks to queue
[2023-11-24T22:27:19.992+0000] {logging_mixin.py:151} INFO - [2023-11-24T22:27:19.992+0000] {dagbag.py:536} INFO - Filling up the DagBag from /opt/airflow/dags/dag_visu.py
[2023-11-24T22:27:20.040+0000] {logging_mixin.py:151} INFO - [2023-11-24T22:27:20.033+0000] {dagbag.py:346} ERROR - Failed to import: /opt/airflow/dags/dag_visu.py
Traceback (most recent call last):
  File "/home/airflow/.local/lib/python3.8/site-packages/airflow/models/dagbag.py", line 342, in parse
    loader.exec_module(new_module)
  File "<frozen importlib._bootstrap_external>", line 843, in exec_module
  File "<frozen importlib._bootstrap>", line 219, in _call_with_frames_removed
  File "/opt/airflow/dags/dag_visu.py", line 115, in <module>
    python_callable=analyse_question_1,
NameError: name 'analyse_question_1' is not defined
[2023-11-24T22:27:20.043+0000] {processor.py:841} WARNING - No viable dags retrieved from /opt/airflow/dags/dag_visu.py
[2023-11-24T22:27:20.071+0000] {processor.py:179} INFO - Processing /opt/airflow/dags/dag_visu.py took 0.087 seconds
[2023-11-24T22:27:50.353+0000] {processor.py:157} INFO - Started process (PID=5360) to work on /opt/airflow/dags/dag_visu.py
[2023-11-24T22:27:50.354+0000] {processor.py:829} INFO - Processing file /opt/airflow/dags/dag_visu.py for tasks to queue
[2023-11-24T22:27:50.355+0000] {logging_mixin.py:151} INFO - [2023-11-24T22:27:50.355+0000] {dagbag.py:536} INFO - Filling up the DagBag from /opt/airflow/dags/dag_visu.py
[2023-11-24T22:27:50.397+0000] {logging_mixin.py:151} INFO - [2023-11-24T22:27:50.392+0000] {dagbag.py:346} ERROR - Failed to import: /opt/airflow/dags/dag_visu.py
Traceback (most recent call last):
  File "/home/airflow/.local/lib/python3.8/site-packages/airflow/models/dagbag.py", line 342, in parse
    loader.exec_module(new_module)
  File "<frozen importlib._bootstrap_external>", line 843, in exec_module
  File "<frozen importlib._bootstrap>", line 219, in _call_with_frames_removed
  File "/opt/airflow/dags/dag_visu.py", line 115, in <module>
    python_callable=analyse_question_1,
NameError: name 'analyse_question_1' is not defined
[2023-11-24T22:27:50.400+0000] {processor.py:841} WARNING - No viable dags retrieved from /opt/airflow/dags/dag_visu.py
[2023-11-24T22:27:50.423+0000] {processor.py:179} INFO - Processing /opt/airflow/dags/dag_visu.py took 0.073 seconds
[2023-11-24T22:28:20.703+0000] {processor.py:157} INFO - Started process (PID=5370) to work on /opt/airflow/dags/dag_visu.py
[2023-11-24T22:28:20.705+0000] {processor.py:829} INFO - Processing file /opt/airflow/dags/dag_visu.py for tasks to queue
[2023-11-24T22:28:20.706+0000] {logging_mixin.py:151} INFO - [2023-11-24T22:28:20.706+0000] {dagbag.py:536} INFO - Filling up the DagBag from /opt/airflow/dags/dag_visu.py
[2023-11-24T22:28:20.756+0000] {logging_mixin.py:151} INFO - [2023-11-24T22:28:20.750+0000] {dagbag.py:346} ERROR - Failed to import: /opt/airflow/dags/dag_visu.py
Traceback (most recent call last):
  File "/home/airflow/.local/lib/python3.8/site-packages/airflow/models/dagbag.py", line 342, in parse
    loader.exec_module(new_module)
  File "<frozen importlib._bootstrap_external>", line 843, in exec_module
  File "<frozen importlib._bootstrap>", line 219, in _call_with_frames_removed
  File "/opt/airflow/dags/dag_visu.py", line 115, in <module>
    python_callable=analyse_question_1,
NameError: name 'analyse_question_1' is not defined
[2023-11-24T22:28:20.759+0000] {processor.py:841} WARNING - No viable dags retrieved from /opt/airflow/dags/dag_visu.py
[2023-11-24T22:28:20.783+0000] {processor.py:179} INFO - Processing /opt/airflow/dags/dag_visu.py took 0.084 seconds
[2023-11-24T22:28:51.068+0000] {processor.py:157} INFO - Started process (PID=5380) to work on /opt/airflow/dags/dag_visu.py
[2023-11-24T22:28:51.070+0000] {processor.py:829} INFO - Processing file /opt/airflow/dags/dag_visu.py for tasks to queue
[2023-11-24T22:28:51.071+0000] {logging_mixin.py:151} INFO - [2023-11-24T22:28:51.071+0000] {dagbag.py:536} INFO - Filling up the DagBag from /opt/airflow/dags/dag_visu.py
[2023-11-24T22:28:51.117+0000] {logging_mixin.py:151} INFO - [2023-11-24T22:28:51.110+0000] {dagbag.py:346} ERROR - Failed to import: /opt/airflow/dags/dag_visu.py
Traceback (most recent call last):
  File "/home/airflow/.local/lib/python3.8/site-packages/airflow/models/dagbag.py", line 342, in parse
    loader.exec_module(new_module)
  File "<frozen importlib._bootstrap_external>", line 843, in exec_module
  File "<frozen importlib._bootstrap>", line 219, in _call_with_frames_removed
  File "/opt/airflow/dags/dag_visu.py", line 115, in <module>
    python_callable=analyse_question_1,
NameError: name 'analyse_question_1' is not defined
[2023-11-24T22:28:51.120+0000] {processor.py:841} WARNING - No viable dags retrieved from /opt/airflow/dags/dag_visu.py
[2023-11-24T22:28:51.141+0000] {processor.py:179} INFO - Processing /opt/airflow/dags/dag_visu.py took 0.076 seconds
[2023-11-24T22:29:21.421+0000] {processor.py:157} INFO - Started process (PID=5390) to work on /opt/airflow/dags/dag_visu.py
[2023-11-24T22:29:21.424+0000] {processor.py:829} INFO - Processing file /opt/airflow/dags/dag_visu.py for tasks to queue
[2023-11-24T22:29:21.427+0000] {logging_mixin.py:151} INFO - [2023-11-24T22:29:21.426+0000] {dagbag.py:536} INFO - Filling up the DagBag from /opt/airflow/dags/dag_visu.py
[2023-11-24T22:29:21.476+0000] {logging_mixin.py:151} INFO - [2023-11-24T22:29:21.470+0000] {dagbag.py:346} ERROR - Failed to import: /opt/airflow/dags/dag_visu.py
Traceback (most recent call last):
  File "/home/airflow/.local/lib/python3.8/site-packages/airflow/models/dagbag.py", line 342, in parse
    loader.exec_module(new_module)
  File "<frozen importlib._bootstrap_external>", line 843, in exec_module
  File "<frozen importlib._bootstrap>", line 219, in _call_with_frames_removed
  File "/opt/airflow/dags/dag_visu.py", line 115, in <module>
    python_callable=analyse_question_1,
NameError: name 'analyse_question_1' is not defined
[2023-11-24T22:29:21.479+0000] {processor.py:841} WARNING - No viable dags retrieved from /opt/airflow/dags/dag_visu.py
[2023-11-24T22:29:21.507+0000] {processor.py:179} INFO - Processing /opt/airflow/dags/dag_visu.py took 0.090 seconds
[2023-11-24T22:29:51.783+0000] {processor.py:157} INFO - Started process (PID=5400) to work on /opt/airflow/dags/dag_visu.py
[2023-11-24T22:29:51.784+0000] {processor.py:829} INFO - Processing file /opt/airflow/dags/dag_visu.py for tasks to queue
[2023-11-24T22:29:51.785+0000] {logging_mixin.py:151} INFO - [2023-11-24T22:29:51.785+0000] {dagbag.py:536} INFO - Filling up the DagBag from /opt/airflow/dags/dag_visu.py
[2023-11-24T22:29:51.832+0000] {logging_mixin.py:151} INFO - [2023-11-24T22:29:51.825+0000] {dagbag.py:346} ERROR - Failed to import: /opt/airflow/dags/dag_visu.py
Traceback (most recent call last):
  File "/home/airflow/.local/lib/python3.8/site-packages/airflow/models/dagbag.py", line 342, in parse
    loader.exec_module(new_module)
  File "<frozen importlib._bootstrap_external>", line 843, in exec_module
  File "<frozen importlib._bootstrap>", line 219, in _call_with_frames_removed
  File "/opt/airflow/dags/dag_visu.py", line 115, in <module>
    python_callable=analyse_question_1,
NameError: name 'analyse_question_1' is not defined
[2023-11-24T22:29:51.835+0000] {processor.py:841} WARNING - No viable dags retrieved from /opt/airflow/dags/dag_visu.py
[2023-11-24T22:29:51.861+0000] {processor.py:179} INFO - Processing /opt/airflow/dags/dag_visu.py took 0.082 seconds
[2023-11-24T22:30:22.146+0000] {processor.py:157} INFO - Started process (PID=5410) to work on /opt/airflow/dags/dag_visu.py
[2023-11-24T22:30:22.148+0000] {processor.py:829} INFO - Processing file /opt/airflow/dags/dag_visu.py for tasks to queue
[2023-11-24T22:30:22.149+0000] {logging_mixin.py:151} INFO - [2023-11-24T22:30:22.149+0000] {dagbag.py:536} INFO - Filling up the DagBag from /opt/airflow/dags/dag_visu.py
[2023-11-24T22:30:22.195+0000] {logging_mixin.py:151} INFO - [2023-11-24T22:30:22.189+0000] {dagbag.py:346} ERROR - Failed to import: /opt/airflow/dags/dag_visu.py
Traceback (most recent call last):
  File "/home/airflow/.local/lib/python3.8/site-packages/airflow/models/dagbag.py", line 342, in parse
    loader.exec_module(new_module)
  File "<frozen importlib._bootstrap_external>", line 843, in exec_module
  File "<frozen importlib._bootstrap>", line 219, in _call_with_frames_removed
  File "/opt/airflow/dags/dag_visu.py", line 115, in <module>
    python_callable=analyse_question_1,
NameError: name 'analyse_question_1' is not defined
[2023-11-24T22:30:22.198+0000] {processor.py:841} WARNING - No viable dags retrieved from /opt/airflow/dags/dag_visu.py
[2023-11-24T22:30:22.223+0000] {processor.py:179} INFO - Processing /opt/airflow/dags/dag_visu.py took 0.080 seconds
[2023-11-24T22:30:35.271+0000] {processor.py:157} INFO - Started process (PID=5418) to work on /opt/airflow/dags/dag_visu.py
[2023-11-24T22:30:35.272+0000] {processor.py:829} INFO - Processing file /opt/airflow/dags/dag_visu.py for tasks to queue
[2023-11-24T22:30:35.274+0000] {logging_mixin.py:151} INFO - [2023-11-24T22:30:35.274+0000] {dagbag.py:536} INFO - Filling up the DagBag from /opt/airflow/dags/dag_visu.py
[2023-11-24T22:30:35.349+0000] {processor.py:839} INFO - DAG(s) dict_keys(['analyse_des_donnees_covid19']) retrieved from /opt/airflow/dags/dag_visu.py
[2023-11-24T22:30:35.491+0000] {logging_mixin.py:151} INFO - [2023-11-24T22:30:35.490+0000] {dag.py:2941} INFO - Sync 1 DAGs
[2023-11-24T22:30:35.533+0000] {logging_mixin.py:151} INFO - [2023-11-24T22:30:35.533+0000] {dag.py:3722} INFO - Setting next_dagrun for analyse_des_donnees_covid19 to 2021-01-01T00:00:00+00:00, run_after=2021-01-02T00:00:00+00:00
[2023-11-24T22:30:35.586+0000] {processor.py:179} INFO - Processing /opt/airflow/dags/dag_visu.py took 0.319 seconds
[2023-11-24T22:31:05.882+0000] {processor.py:157} INFO - Started process (PID=5428) to work on /opt/airflow/dags/dag_visu.py
[2023-11-24T22:31:05.883+0000] {processor.py:829} INFO - Processing file /opt/airflow/dags/dag_visu.py for tasks to queue
[2023-11-24T22:31:05.885+0000] {logging_mixin.py:151} INFO - [2023-11-24T22:31:05.885+0000] {dagbag.py:536} INFO - Filling up the DagBag from /opt/airflow/dags/dag_visu.py
[2023-11-24T22:31:05.928+0000] {processor.py:839} INFO - DAG(s) dict_keys(['analyse_des_donnees_covid19']) retrieved from /opt/airflow/dags/dag_visu.py
[2023-11-24T22:31:05.956+0000] {logging_mixin.py:151} INFO - [2023-11-24T22:31:05.956+0000] {dag.py:2941} INFO - Sync 1 DAGs
[2023-11-24T22:31:05.982+0000] {logging_mixin.py:151} INFO - [2023-11-24T22:31:05.982+0000] {dag.py:3722} INFO - Setting next_dagrun for analyse_des_donnees_covid19 to 2021-01-01T00:00:00+00:00, run_after=2021-01-02T00:00:00+00:00
[2023-11-24T22:31:06.011+0000] {processor.py:179} INFO - Processing /opt/airflow/dags/dag_visu.py took 0.133 seconds
[2023-11-24T22:31:36.331+0000] {processor.py:157} INFO - Started process (PID=5438) to work on /opt/airflow/dags/dag_visu.py
[2023-11-24T22:31:36.333+0000] {processor.py:829} INFO - Processing file /opt/airflow/dags/dag_visu.py for tasks to queue
[2023-11-24T22:31:36.335+0000] {logging_mixin.py:151} INFO - [2023-11-24T22:31:36.335+0000] {dagbag.py:536} INFO - Filling up the DagBag from /opt/airflow/dags/dag_visu.py
[2023-11-24T22:31:36.389+0000] {processor.py:839} INFO - DAG(s) dict_keys(['analyse_des_donnees_covid19']) retrieved from /opt/airflow/dags/dag_visu.py
[2023-11-24T22:31:36.421+0000] {logging_mixin.py:151} INFO - [2023-11-24T22:31:36.421+0000] {dag.py:2941} INFO - Sync 1 DAGs
[2023-11-24T22:31:36.453+0000] {logging_mixin.py:151} INFO - [2023-11-24T22:31:36.452+0000] {dag.py:3722} INFO - Setting next_dagrun for analyse_des_donnees_covid19 to 2021-01-01T00:00:00+00:00, run_after=2021-01-02T00:00:00+00:00
[2023-11-24T22:31:36.484+0000] {processor.py:179} INFO - Processing /opt/airflow/dags/dag_visu.py took 0.156 seconds
[2023-11-24T22:32:06.769+0000] {processor.py:157} INFO - Started process (PID=5448) to work on /opt/airflow/dags/dag_visu.py
[2023-11-24T22:32:06.771+0000] {processor.py:829} INFO - Processing file /opt/airflow/dags/dag_visu.py for tasks to queue
[2023-11-24T22:32:06.772+0000] {logging_mixin.py:151} INFO - [2023-11-24T22:32:06.772+0000] {dagbag.py:536} INFO - Filling up the DagBag from /opt/airflow/dags/dag_visu.py
[2023-11-24T22:32:06.812+0000] {processor.py:839} INFO - DAG(s) dict_keys(['analyse_des_donnees_covid19']) retrieved from /opt/airflow/dags/dag_visu.py
[2023-11-24T22:32:06.842+0000] {logging_mixin.py:151} INFO - [2023-11-24T22:32:06.842+0000] {dag.py:2941} INFO - Sync 1 DAGs
[2023-11-24T22:32:06.871+0000] {logging_mixin.py:151} INFO - [2023-11-24T22:32:06.870+0000] {dag.py:3722} INFO - Setting next_dagrun for analyse_des_donnees_covid19 to 2021-01-01T00:00:00+00:00, run_after=2021-01-02T00:00:00+00:00
[2023-11-24T22:32:06.899+0000] {processor.py:179} INFO - Processing /opt/airflow/dags/dag_visu.py took 0.132 seconds
[2023-11-24T22:32:37.204+0000] {processor.py:157} INFO - Started process (PID=5458) to work on /opt/airflow/dags/dag_visu.py
[2023-11-24T22:32:37.206+0000] {processor.py:829} INFO - Processing file /opt/airflow/dags/dag_visu.py for tasks to queue
[2023-11-24T22:32:37.208+0000] {logging_mixin.py:151} INFO - [2023-11-24T22:32:37.208+0000] {dagbag.py:536} INFO - Filling up the DagBag from /opt/airflow/dags/dag_visu.py
[2023-11-24T22:32:37.260+0000] {processor.py:839} INFO - DAG(s) dict_keys(['analyse_des_donnees_covid19']) retrieved from /opt/airflow/dags/dag_visu.py
[2023-11-24T22:32:37.292+0000] {logging_mixin.py:151} INFO - [2023-11-24T22:32:37.291+0000] {dag.py:2941} INFO - Sync 1 DAGs
[2023-11-24T22:32:37.322+0000] {logging_mixin.py:151} INFO - [2023-11-24T22:32:37.322+0000] {dag.py:3722} INFO - Setting next_dagrun for analyse_des_donnees_covid19 to 2021-01-01T00:00:00+00:00, run_after=2021-01-02T00:00:00+00:00
[2023-11-24T22:32:37.353+0000] {processor.py:179} INFO - Processing /opt/airflow/dags/dag_visu.py took 0.154 seconds
[2023-11-24T22:33:07.653+0000] {processor.py:157} INFO - Started process (PID=5468) to work on /opt/airflow/dags/dag_visu.py
[2023-11-24T22:33:07.655+0000] {processor.py:829} INFO - Processing file /opt/airflow/dags/dag_visu.py for tasks to queue
[2023-11-24T22:33:07.656+0000] {logging_mixin.py:151} INFO - [2023-11-24T22:33:07.656+0000] {dagbag.py:536} INFO - Filling up the DagBag from /opt/airflow/dags/dag_visu.py
[2023-11-24T22:33:07.703+0000] {processor.py:839} INFO - DAG(s) dict_keys(['analyse_des_donnees_covid19']) retrieved from /opt/airflow/dags/dag_visu.py
[2023-11-24T22:33:07.735+0000] {logging_mixin.py:151} INFO - [2023-11-24T22:33:07.734+0000] {dag.py:2941} INFO - Sync 1 DAGs
[2023-11-24T22:33:07.762+0000] {logging_mixin.py:151} INFO - [2023-11-24T22:33:07.762+0000] {dag.py:3722} INFO - Setting next_dagrun for analyse_des_donnees_covid19 to 2021-01-01T00:00:00+00:00, run_after=2021-01-02T00:00:00+00:00
[2023-11-24T22:33:07.793+0000] {processor.py:179} INFO - Processing /opt/airflow/dags/dag_visu.py took 0.144 seconds
[2023-11-24T22:33:38.076+0000] {processor.py:157} INFO - Started process (PID=5478) to work on /opt/airflow/dags/dag_visu.py
[2023-11-24T22:33:38.078+0000] {processor.py:829} INFO - Processing file /opt/airflow/dags/dag_visu.py for tasks to queue
[2023-11-24T22:33:38.079+0000] {logging_mixin.py:151} INFO - [2023-11-24T22:33:38.079+0000] {dagbag.py:536} INFO - Filling up the DagBag from /opt/airflow/dags/dag_visu.py
[2023-11-24T22:33:38.123+0000] {processor.py:839} INFO - DAG(s) dict_keys(['analyse_des_donnees_covid19']) retrieved from /opt/airflow/dags/dag_visu.py
[2023-11-24T22:33:38.155+0000] {logging_mixin.py:151} INFO - [2023-11-24T22:33:38.155+0000] {dag.py:2941} INFO - Sync 1 DAGs
[2023-11-24T22:33:38.185+0000] {logging_mixin.py:151} INFO - [2023-11-24T22:33:38.184+0000] {dag.py:3722} INFO - Setting next_dagrun for analyse_des_donnees_covid19 to 2021-01-01T00:00:00+00:00, run_after=2021-01-02T00:00:00+00:00
[2023-11-24T22:33:38.214+0000] {processor.py:179} INFO - Processing /opt/airflow/dags/dag_visu.py took 0.141 seconds
[2023-11-24T22:34:08.485+0000] {processor.py:157} INFO - Started process (PID=5488) to work on /opt/airflow/dags/dag_visu.py
[2023-11-24T22:34:08.487+0000] {processor.py:829} INFO - Processing file /opt/airflow/dags/dag_visu.py for tasks to queue
[2023-11-24T22:34:08.488+0000] {logging_mixin.py:151} INFO - [2023-11-24T22:34:08.488+0000] {dagbag.py:536} INFO - Filling up the DagBag from /opt/airflow/dags/dag_visu.py
[2023-11-24T22:34:08.534+0000] {processor.py:839} INFO - DAG(s) dict_keys(['analyse_des_donnees_covid19']) retrieved from /opt/airflow/dags/dag_visu.py
[2023-11-24T22:34:08.564+0000] {logging_mixin.py:151} INFO - [2023-11-24T22:34:08.564+0000] {dag.py:2941} INFO - Sync 1 DAGs
[2023-11-24T22:34:08.589+0000] {logging_mixin.py:151} INFO - [2023-11-24T22:34:08.589+0000] {dag.py:3722} INFO - Setting next_dagrun for analyse_des_donnees_covid19 to 2021-01-01T00:00:00+00:00, run_after=2021-01-02T00:00:00+00:00
[2023-11-24T22:34:08.617+0000] {processor.py:179} INFO - Processing /opt/airflow/dags/dag_visu.py took 0.135 seconds
[2023-11-24T22:34:38.904+0000] {processor.py:157} INFO - Started process (PID=5498) to work on /opt/airflow/dags/dag_visu.py
[2023-11-24T22:34:38.907+0000] {processor.py:829} INFO - Processing file /opt/airflow/dags/dag_visu.py for tasks to queue
[2023-11-24T22:34:38.908+0000] {logging_mixin.py:151} INFO - [2023-11-24T22:34:38.908+0000] {dagbag.py:536} INFO - Filling up the DagBag from /opt/airflow/dags/dag_visu.py
[2023-11-24T22:34:39.007+0000] {processor.py:839} INFO - DAG(s) dict_keys(['analyse_des_donnees_covid19']) retrieved from /opt/airflow/dags/dag_visu.py
[2023-11-24T22:34:39.118+0000] {logging_mixin.py:151} INFO - [2023-11-24T22:34:39.117+0000] {dag.py:2941} INFO - Sync 1 DAGs
[2023-11-24T22:34:39.220+0000] {logging_mixin.py:151} INFO - [2023-11-24T22:34:39.220+0000] {dag.py:3722} INFO - Setting next_dagrun for analyse_des_donnees_covid19 to 2021-01-01T00:00:00+00:00, run_after=2021-01-02T00:00:00+00:00
[2023-11-24T22:34:39.281+0000] {processor.py:179} INFO - Processing /opt/airflow/dags/dag_visu.py took 0.384 seconds
[2023-11-24T22:35:09.576+0000] {processor.py:157} INFO - Started process (PID=5508) to work on /opt/airflow/dags/dag_visu.py
[2023-11-24T22:35:09.578+0000] {processor.py:829} INFO - Processing file /opt/airflow/dags/dag_visu.py for tasks to queue
[2023-11-24T22:35:09.579+0000] {logging_mixin.py:151} INFO - [2023-11-24T22:35:09.579+0000] {dagbag.py:536} INFO - Filling up the DagBag from /opt/airflow/dags/dag_visu.py
[2023-11-24T22:35:09.617+0000] {processor.py:839} INFO - DAG(s) dict_keys(['analyse_des_donnees_covid19']) retrieved from /opt/airflow/dags/dag_visu.py
[2023-11-24T22:35:09.646+0000] {logging_mixin.py:151} INFO - [2023-11-24T22:35:09.646+0000] {dag.py:2941} INFO - Sync 1 DAGs
[2023-11-24T22:35:09.671+0000] {logging_mixin.py:151} INFO - [2023-11-24T22:35:09.670+0000] {dag.py:3722} INFO - Setting next_dagrun for analyse_des_donnees_covid19 to 2021-01-01T00:00:00+00:00, run_after=2021-01-02T00:00:00+00:00
[2023-11-24T22:35:09.700+0000] {processor.py:179} INFO - Processing /opt/airflow/dags/dag_visu.py took 0.126 seconds
[2023-11-24T22:35:40.077+0000] {processor.py:157} INFO - Started process (PID=5518) to work on /opt/airflow/dags/dag_visu.py
[2023-11-24T22:35:40.078+0000] {processor.py:829} INFO - Processing file /opt/airflow/dags/dag_visu.py for tasks to queue
[2023-11-24T22:35:40.080+0000] {logging_mixin.py:151} INFO - [2023-11-24T22:35:40.079+0000] {dagbag.py:536} INFO - Filling up the DagBag from /opt/airflow/dags/dag_visu.py
[2023-11-24T22:35:40.127+0000] {processor.py:839} INFO - DAG(s) dict_keys(['analyse_des_donnees_covid19']) retrieved from /opt/airflow/dags/dag_visu.py
[2023-11-24T22:35:40.158+0000] {logging_mixin.py:151} INFO - [2023-11-24T22:35:40.158+0000] {dag.py:2941} INFO - Sync 1 DAGs
[2023-11-24T22:35:40.185+0000] {logging_mixin.py:151} INFO - [2023-11-24T22:35:40.184+0000] {dag.py:3722} INFO - Setting next_dagrun for analyse_des_donnees_covid19 to 2021-01-01T00:00:00+00:00, run_after=2021-01-02T00:00:00+00:00
[2023-11-24T22:35:40.213+0000] {processor.py:179} INFO - Processing /opt/airflow/dags/dag_visu.py took 0.139 seconds
[2023-11-24T22:36:10.504+0000] {processor.py:157} INFO - Started process (PID=5529) to work on /opt/airflow/dags/dag_visu.py
[2023-11-24T22:36:10.505+0000] {processor.py:829} INFO - Processing file /opt/airflow/dags/dag_visu.py for tasks to queue
[2023-11-24T22:36:10.507+0000] {logging_mixin.py:151} INFO - [2023-11-24T22:36:10.506+0000] {dagbag.py:536} INFO - Filling up the DagBag from /opt/airflow/dags/dag_visu.py
[2023-11-24T22:36:10.549+0000] {processor.py:839} INFO - DAG(s) dict_keys(['analyse_des_donnees_covid19']) retrieved from /opt/airflow/dags/dag_visu.py
[2023-11-24T22:36:10.577+0000] {logging_mixin.py:151} INFO - [2023-11-24T22:36:10.577+0000] {dag.py:2941} INFO - Sync 1 DAGs
[2023-11-24T22:36:10.604+0000] {logging_mixin.py:151} INFO - [2023-11-24T22:36:10.603+0000] {dag.py:3722} INFO - Setting next_dagrun for analyse_des_donnees_covid19 to 2021-01-01T00:00:00+00:00, run_after=2021-01-02T00:00:00+00:00
[2023-11-24T22:36:10.632+0000] {processor.py:179} INFO - Processing /opt/airflow/dags/dag_visu.py took 0.132 seconds
[2023-11-24T22:36:40.943+0000] {processor.py:157} INFO - Started process (PID=5539) to work on /opt/airflow/dags/dag_visu.py
[2023-11-24T22:36:40.945+0000] {processor.py:829} INFO - Processing file /opt/airflow/dags/dag_visu.py for tasks to queue
[2023-11-24T22:36:40.947+0000] {logging_mixin.py:151} INFO - [2023-11-24T22:36:40.946+0000] {dagbag.py:536} INFO - Filling up the DagBag from /opt/airflow/dags/dag_visu.py
[2023-11-24T22:36:41.002+0000] {processor.py:839} INFO - DAG(s) dict_keys(['analyse_des_donnees_covid19']) retrieved from /opt/airflow/dags/dag_visu.py
[2023-11-24T22:36:41.039+0000] {logging_mixin.py:151} INFO - [2023-11-24T22:36:41.039+0000] {dag.py:2941} INFO - Sync 1 DAGs
[2023-11-24T22:36:41.070+0000] {logging_mixin.py:151} INFO - [2023-11-24T22:36:41.070+0000] {dag.py:3722} INFO - Setting next_dagrun for analyse_des_donnees_covid19 to 2021-01-01T00:00:00+00:00, run_after=2021-01-02T00:00:00+00:00
[2023-11-24T22:36:41.101+0000] {processor.py:179} INFO - Processing /opt/airflow/dags/dag_visu.py took 0.163 seconds
[2023-11-24T22:37:11.427+0000] {processor.py:157} INFO - Started process (PID=5549) to work on /opt/airflow/dags/dag_visu.py
[2023-11-24T22:37:11.429+0000] {processor.py:829} INFO - Processing file /opt/airflow/dags/dag_visu.py for tasks to queue
[2023-11-24T22:37:11.430+0000] {logging_mixin.py:151} INFO - [2023-11-24T22:37:11.430+0000] {dagbag.py:536} INFO - Filling up the DagBag from /opt/airflow/dags/dag_visu.py
[2023-11-24T22:37:11.486+0000] {processor.py:839} INFO - DAG(s) dict_keys(['analyse_des_donnees_covid19']) retrieved from /opt/airflow/dags/dag_visu.py
[2023-11-24T22:37:11.520+0000] {logging_mixin.py:151} INFO - [2023-11-24T22:37:11.520+0000] {dag.py:2941} INFO - Sync 1 DAGs
[2023-11-24T22:37:11.557+0000] {logging_mixin.py:151} INFO - [2023-11-24T22:37:11.556+0000] {dag.py:3722} INFO - Setting next_dagrun for analyse_des_donnees_covid19 to 2021-01-01T00:00:00+00:00, run_after=2021-01-02T00:00:00+00:00
[2023-11-24T22:37:11.591+0000] {processor.py:179} INFO - Processing /opt/airflow/dags/dag_visu.py took 0.167 seconds
[2023-11-24T22:37:41.930+0000] {processor.py:157} INFO - Started process (PID=5560) to work on /opt/airflow/dags/dag_visu.py
[2023-11-24T22:37:41.932+0000] {processor.py:829} INFO - Processing file /opt/airflow/dags/dag_visu.py for tasks to queue
[2023-11-24T22:37:41.933+0000] {logging_mixin.py:151} INFO - [2023-11-24T22:37:41.933+0000] {dagbag.py:536} INFO - Filling up the DagBag from /opt/airflow/dags/dag_visu.py
[2023-11-24T22:37:41.975+0000] {processor.py:839} INFO - DAG(s) dict_keys(['analyse_des_donnees_covid19']) retrieved from /opt/airflow/dags/dag_visu.py
[2023-11-24T22:37:42.006+0000] {logging_mixin.py:151} INFO - [2023-11-24T22:37:42.006+0000] {dag.py:2941} INFO - Sync 1 DAGs
[2023-11-24T22:37:42.031+0000] {logging_mixin.py:151} INFO - [2023-11-24T22:37:42.031+0000] {dag.py:3722} INFO - Setting next_dagrun for analyse_des_donnees_covid19 to 2021-01-01T00:00:00+00:00, run_after=2021-01-02T00:00:00+00:00
[2023-11-24T22:37:42.063+0000] {processor.py:179} INFO - Processing /opt/airflow/dags/dag_visu.py took 0.136 seconds
[2023-11-24T22:38:12.372+0000] {processor.py:157} INFO - Started process (PID=5570) to work on /opt/airflow/dags/dag_visu.py
[2023-11-24T22:38:12.373+0000] {processor.py:829} INFO - Processing file /opt/airflow/dags/dag_visu.py for tasks to queue
[2023-11-24T22:38:12.375+0000] {logging_mixin.py:151} INFO - [2023-11-24T22:38:12.375+0000] {dagbag.py:536} INFO - Filling up the DagBag from /opt/airflow/dags/dag_visu.py
[2023-11-24T22:38:12.423+0000] {processor.py:839} INFO - DAG(s) dict_keys(['analyse_des_donnees_covid19']) retrieved from /opt/airflow/dags/dag_visu.py
[2023-11-24T22:38:12.458+0000] {logging_mixin.py:151} INFO - [2023-11-24T22:38:12.458+0000] {dag.py:2941} INFO - Sync 1 DAGs
[2023-11-24T22:38:12.488+0000] {logging_mixin.py:151} INFO - [2023-11-24T22:38:12.488+0000] {dag.py:3722} INFO - Setting next_dagrun for analyse_des_donnees_covid19 to 2021-01-01T00:00:00+00:00, run_after=2021-01-02T00:00:00+00:00
[2023-11-24T22:38:12.520+0000] {processor.py:179} INFO - Processing /opt/airflow/dags/dag_visu.py took 0.151 seconds
[2023-11-24T22:38:42.839+0000] {processor.py:157} INFO - Started process (PID=5580) to work on /opt/airflow/dags/dag_visu.py
[2023-11-24T22:38:42.841+0000] {processor.py:829} INFO - Processing file /opt/airflow/dags/dag_visu.py for tasks to queue
[2023-11-24T22:38:42.844+0000] {logging_mixin.py:151} INFO - [2023-11-24T22:38:42.843+0000] {dagbag.py:536} INFO - Filling up the DagBag from /opt/airflow/dags/dag_visu.py
[2023-11-24T22:38:42.891+0000] {processor.py:839} INFO - DAG(s) dict_keys(['analyse_des_donnees_covid19']) retrieved from /opt/airflow/dags/dag_visu.py
[2023-11-24T22:38:42.923+0000] {logging_mixin.py:151} INFO - [2023-11-24T22:38:42.923+0000] {dag.py:2941} INFO - Sync 1 DAGs
[2023-11-24T22:38:42.953+0000] {logging_mixin.py:151} INFO - [2023-11-24T22:38:42.953+0000] {dag.py:3722} INFO - Setting next_dagrun for analyse_des_donnees_covid19 to 2021-01-01T00:00:00+00:00, run_after=2021-01-02T00:00:00+00:00
[2023-11-24T22:38:42.990+0000] {processor.py:179} INFO - Processing /opt/airflow/dags/dag_visu.py took 0.155 seconds
[2023-11-24T22:39:13.342+0000] {processor.py:157} INFO - Started process (PID=5590) to work on /opt/airflow/dags/dag_visu.py
[2023-11-24T22:39:13.343+0000] {processor.py:829} INFO - Processing file /opt/airflow/dags/dag_visu.py for tasks to queue
[2023-11-24T22:39:13.345+0000] {logging_mixin.py:151} INFO - [2023-11-24T22:39:13.345+0000] {dagbag.py:536} INFO - Filling up the DagBag from /opt/airflow/dags/dag_visu.py
[2023-11-24T22:39:13.407+0000] {processor.py:839} INFO - DAG(s) dict_keys(['analyse_des_donnees_covid19']) retrieved from /opt/airflow/dags/dag_visu.py
[2023-11-24T22:39:13.452+0000] {logging_mixin.py:151} INFO - [2023-11-24T22:39:13.452+0000] {dag.py:2941} INFO - Sync 1 DAGs
[2023-11-24T22:39:13.492+0000] {logging_mixin.py:151} INFO - [2023-11-24T22:39:13.491+0000] {dag.py:3722} INFO - Setting next_dagrun for analyse_des_donnees_covid19 to 2021-01-01T00:00:00+00:00, run_after=2021-01-02T00:00:00+00:00
[2023-11-24T22:39:13.529+0000] {processor.py:179} INFO - Processing /opt/airflow/dags/dag_visu.py took 0.191 seconds
[2023-11-24T22:39:43.847+0000] {processor.py:157} INFO - Started process (PID=5600) to work on /opt/airflow/dags/dag_visu.py
[2023-11-24T22:39:43.848+0000] {processor.py:829} INFO - Processing file /opt/airflow/dags/dag_visu.py for tasks to queue
[2023-11-24T22:39:43.850+0000] {logging_mixin.py:151} INFO - [2023-11-24T22:39:43.850+0000] {dagbag.py:536} INFO - Filling up the DagBag from /opt/airflow/dags/dag_visu.py
[2023-11-24T22:39:43.906+0000] {processor.py:839} INFO - DAG(s) dict_keys(['analyse_des_donnees_covid19']) retrieved from /opt/airflow/dags/dag_visu.py
[2023-11-24T22:39:43.940+0000] {logging_mixin.py:151} INFO - [2023-11-24T22:39:43.940+0000] {dag.py:2941} INFO - Sync 1 DAGs
[2023-11-24T22:39:43.967+0000] {logging_mixin.py:151} INFO - [2023-11-24T22:39:43.967+0000] {dag.py:3722} INFO - Setting next_dagrun for analyse_des_donnees_covid19 to 2021-01-01T00:00:00+00:00, run_after=2021-01-02T00:00:00+00:00
[2023-11-24T22:39:44.000+0000] {processor.py:179} INFO - Processing /opt/airflow/dags/dag_visu.py took 0.157 seconds
[2023-11-24T22:40:14.348+0000] {processor.py:157} INFO - Started process (PID=5610) to work on /opt/airflow/dags/dag_visu.py
[2023-11-24T22:40:14.349+0000] {processor.py:829} INFO - Processing file /opt/airflow/dags/dag_visu.py for tasks to queue
[2023-11-24T22:40:14.351+0000] {logging_mixin.py:151} INFO - [2023-11-24T22:40:14.351+0000] {dagbag.py:536} INFO - Filling up the DagBag from /opt/airflow/dags/dag_visu.py
[2023-11-24T22:40:14.397+0000] {processor.py:839} INFO - DAG(s) dict_keys(['analyse_des_donnees_covid19']) retrieved from /opt/airflow/dags/dag_visu.py
[2023-11-24T22:40:14.430+0000] {logging_mixin.py:151} INFO - [2023-11-24T22:40:14.430+0000] {dag.py:2941} INFO - Sync 1 DAGs
[2023-11-24T22:40:14.459+0000] {logging_mixin.py:151} INFO - [2023-11-24T22:40:14.458+0000] {dag.py:3722} INFO - Setting next_dagrun for analyse_des_donnees_covid19 to 2021-01-01T00:00:00+00:00, run_after=2021-01-02T00:00:00+00:00
[2023-11-24T22:40:14.489+0000] {processor.py:179} INFO - Processing /opt/airflow/dags/dag_visu.py took 0.145 seconds
[2023-11-24T22:40:44.820+0000] {processor.py:157} INFO - Started process (PID=5620) to work on /opt/airflow/dags/dag_visu.py
[2023-11-24T22:40:44.822+0000] {processor.py:829} INFO - Processing file /opt/airflow/dags/dag_visu.py for tasks to queue
[2023-11-24T22:40:44.824+0000] {logging_mixin.py:151} INFO - [2023-11-24T22:40:44.823+0000] {dagbag.py:536} INFO - Filling up the DagBag from /opt/airflow/dags/dag_visu.py
[2023-11-24T22:40:44.892+0000] {processor.py:839} INFO - DAG(s) dict_keys(['analyse_des_donnees_covid19']) retrieved from /opt/airflow/dags/dag_visu.py
[2023-11-24T22:40:44.936+0000] {logging_mixin.py:151} INFO - [2023-11-24T22:40:44.935+0000] {dag.py:2941} INFO - Sync 1 DAGs
[2023-11-24T22:40:44.976+0000] {logging_mixin.py:151} INFO - [2023-11-24T22:40:44.976+0000] {dag.py:3722} INFO - Setting next_dagrun for analyse_des_donnees_covid19 to 2021-01-01T00:00:00+00:00, run_after=2021-01-02T00:00:00+00:00
[2023-11-24T22:40:45.012+0000] {processor.py:179} INFO - Processing /opt/airflow/dags/dag_visu.py took 0.195 seconds
[2023-11-24T22:41:15.358+0000] {processor.py:157} INFO - Started process (PID=5630) to work on /opt/airflow/dags/dag_visu.py
[2023-11-24T22:41:15.360+0000] {processor.py:829} INFO - Processing file /opt/airflow/dags/dag_visu.py for tasks to queue
[2023-11-24T22:41:15.361+0000] {logging_mixin.py:151} INFO - [2023-11-24T22:41:15.361+0000] {dagbag.py:536} INFO - Filling up the DagBag from /opt/airflow/dags/dag_visu.py
[2023-11-24T22:41:15.413+0000] {processor.py:839} INFO - DAG(s) dict_keys(['analyse_des_donnees_covid19']) retrieved from /opt/airflow/dags/dag_visu.py
[2023-11-24T22:41:15.450+0000] {logging_mixin.py:151} INFO - [2023-11-24T22:41:15.450+0000] {dag.py:2941} INFO - Sync 1 DAGs
[2023-11-24T22:41:15.482+0000] {logging_mixin.py:151} INFO - [2023-11-24T22:41:15.482+0000] {dag.py:3722} INFO - Setting next_dagrun for analyse_des_donnees_covid19 to 2021-01-01T00:00:00+00:00, run_after=2021-01-02T00:00:00+00:00
[2023-11-24T22:41:15.512+0000] {processor.py:179} INFO - Processing /opt/airflow/dags/dag_visu.py took 0.158 seconds
[2023-11-24T22:41:45.860+0000] {processor.py:157} INFO - Started process (PID=5640) to work on /opt/airflow/dags/dag_visu.py
[2023-11-24T22:41:45.862+0000] {processor.py:829} INFO - Processing file /opt/airflow/dags/dag_visu.py for tasks to queue
[2023-11-24T22:41:45.864+0000] {logging_mixin.py:151} INFO - [2023-11-24T22:41:45.863+0000] {dagbag.py:536} INFO - Filling up the DagBag from /opt/airflow/dags/dag_visu.py
[2023-11-24T22:41:45.922+0000] {processor.py:839} INFO - DAG(s) dict_keys(['analyse_des_donnees_covid19']) retrieved from /opt/airflow/dags/dag_visu.py
[2023-11-24T22:41:45.960+0000] {logging_mixin.py:151} INFO - [2023-11-24T22:41:45.959+0000] {dag.py:2941} INFO - Sync 1 DAGs
[2023-11-24T22:41:45.997+0000] {logging_mixin.py:151} INFO - [2023-11-24T22:41:45.996+0000] {dag.py:3722} INFO - Setting next_dagrun for analyse_des_donnees_covid19 to 2021-01-01T00:00:00+00:00, run_after=2021-01-02T00:00:00+00:00
[2023-11-24T22:41:46.042+0000] {processor.py:179} INFO - Processing /opt/airflow/dags/dag_visu.py took 0.186 seconds
[2023-11-24T22:42:16.374+0000] {processor.py:157} INFO - Started process (PID=5650) to work on /opt/airflow/dags/dag_visu.py
[2023-11-24T22:42:16.375+0000] {processor.py:829} INFO - Processing file /opt/airflow/dags/dag_visu.py for tasks to queue
[2023-11-24T22:42:16.376+0000] {logging_mixin.py:151} INFO - [2023-11-24T22:42:16.376+0000] {dagbag.py:536} INFO - Filling up the DagBag from /opt/airflow/dags/dag_visu.py
[2023-11-24T22:42:16.424+0000] {processor.py:839} INFO - DAG(s) dict_keys(['analyse_des_donnees_covid19']) retrieved from /opt/airflow/dags/dag_visu.py
[2023-11-24T22:42:16.458+0000] {logging_mixin.py:151} INFO - [2023-11-24T22:42:16.458+0000] {dag.py:2941} INFO - Sync 1 DAGs
[2023-11-24T22:42:16.486+0000] {logging_mixin.py:151} INFO - [2023-11-24T22:42:16.486+0000] {dag.py:3722} INFO - Setting next_dagrun for analyse_des_donnees_covid19 to 2021-01-01T00:00:00+00:00, run_after=2021-01-02T00:00:00+00:00
[2023-11-24T22:42:16.516+0000] {processor.py:179} INFO - Processing /opt/airflow/dags/dag_visu.py took 0.145 seconds
[2023-11-24T22:42:46.677+0000] {processor.py:157} INFO - Started process (PID=5660) to work on /opt/airflow/dags/dag_visu.py
[2023-11-24T22:42:46.679+0000] {processor.py:829} INFO - Processing file /opt/airflow/dags/dag_visu.py for tasks to queue
[2023-11-24T22:42:46.680+0000] {logging_mixin.py:151} INFO - [2023-11-24T22:42:46.680+0000] {dagbag.py:536} INFO - Filling up the DagBag from /opt/airflow/dags/dag_visu.py
[2023-11-24T22:42:46.735+0000] {processor.py:839} INFO - DAG(s) dict_keys(['analyse_des_donnees_covid19']) retrieved from /opt/airflow/dags/dag_visu.py
[2023-11-24T22:42:46.773+0000] {logging_mixin.py:151} INFO - [2023-11-24T22:42:46.773+0000] {dag.py:2941} INFO - Sync 1 DAGs
[2023-11-24T22:42:46.806+0000] {logging_mixin.py:151} INFO - [2023-11-24T22:42:46.805+0000] {dag.py:3722} INFO - Setting next_dagrun for analyse_des_donnees_covid19 to 2021-01-01T00:00:00+00:00, run_after=2021-01-02T00:00:00+00:00
[2023-11-24T22:42:46.841+0000] {processor.py:179} INFO - Processing /opt/airflow/dags/dag_visu.py took 0.168 seconds
[2023-11-24T22:43:17.149+0000] {processor.py:157} INFO - Started process (PID=5670) to work on /opt/airflow/dags/dag_visu.py
[2023-11-24T22:43:17.151+0000] {processor.py:829} INFO - Processing file /opt/airflow/dags/dag_visu.py for tasks to queue
[2023-11-24T22:43:17.153+0000] {logging_mixin.py:151} INFO - [2023-11-24T22:43:17.152+0000] {dagbag.py:536} INFO - Filling up the DagBag from /opt/airflow/dags/dag_visu.py
[2023-11-24T22:43:17.207+0000] {processor.py:839} INFO - DAG(s) dict_keys(['analyse_des_donnees_covid19']) retrieved from /opt/airflow/dags/dag_visu.py
[2023-11-24T22:43:17.245+0000] {logging_mixin.py:151} INFO - [2023-11-24T22:43:17.245+0000] {dag.py:2941} INFO - Sync 1 DAGs
[2023-11-24T22:43:17.275+0000] {logging_mixin.py:151} INFO - [2023-11-24T22:43:17.275+0000] {dag.py:3722} INFO - Setting next_dagrun for analyse_des_donnees_covid19 to 2021-01-01T00:00:00+00:00, run_after=2021-01-02T00:00:00+00:00
[2023-11-24T22:43:17.307+0000] {processor.py:179} INFO - Processing /opt/airflow/dags/dag_visu.py took 0.161 seconds
[2023-11-24T22:43:47.631+0000] {processor.py:157} INFO - Started process (PID=5680) to work on /opt/airflow/dags/dag_visu.py
[2023-11-24T22:43:47.633+0000] {processor.py:829} INFO - Processing file /opt/airflow/dags/dag_visu.py for tasks to queue
[2023-11-24T22:43:47.635+0000] {logging_mixin.py:151} INFO - [2023-11-24T22:43:47.634+0000] {dagbag.py:536} INFO - Filling up the DagBag from /opt/airflow/dags/dag_visu.py
[2023-11-24T22:43:47.698+0000] {processor.py:839} INFO - DAG(s) dict_keys(['analyse_des_donnees_covid19']) retrieved from /opt/airflow/dags/dag_visu.py
[2023-11-24T22:43:47.737+0000] {logging_mixin.py:151} INFO - [2023-11-24T22:43:47.736+0000] {dag.py:2941} INFO - Sync 1 DAGs
[2023-11-24T22:43:47.764+0000] {logging_mixin.py:151} INFO - [2023-11-24T22:43:47.764+0000] {dag.py:3722} INFO - Setting next_dagrun for analyse_des_donnees_covid19 to 2021-01-01T00:00:00+00:00, run_after=2021-01-02T00:00:00+00:00
[2023-11-24T22:43:47.798+0000] {processor.py:179} INFO - Processing /opt/airflow/dags/dag_visu.py took 0.170 seconds
[2023-11-24T22:44:18.124+0000] {processor.py:157} INFO - Started process (PID=5690) to work on /opt/airflow/dags/dag_visu.py
[2023-11-24T22:44:18.125+0000] {processor.py:829} INFO - Processing file /opt/airflow/dags/dag_visu.py for tasks to queue
[2023-11-24T22:44:18.127+0000] {logging_mixin.py:151} INFO - [2023-11-24T22:44:18.127+0000] {dagbag.py:536} INFO - Filling up the DagBag from /opt/airflow/dags/dag_visu.py
[2023-11-24T22:44:18.181+0000] {processor.py:839} INFO - DAG(s) dict_keys(['analyse_des_donnees_covid19']) retrieved from /opt/airflow/dags/dag_visu.py
[2023-11-24T22:44:18.217+0000] {logging_mixin.py:151} INFO - [2023-11-24T22:44:18.217+0000] {dag.py:2941} INFO - Sync 1 DAGs
[2023-11-24T22:44:18.247+0000] {logging_mixin.py:151} INFO - [2023-11-24T22:44:18.246+0000] {dag.py:3722} INFO - Setting next_dagrun for analyse_des_donnees_covid19 to 2021-01-01T00:00:00+00:00, run_after=2021-01-02T00:00:00+00:00
[2023-11-24T22:44:18.279+0000] {processor.py:179} INFO - Processing /opt/airflow/dags/dag_visu.py took 0.160 seconds
[2023-11-24T22:44:48.624+0000] {processor.py:157} INFO - Started process (PID=5700) to work on /opt/airflow/dags/dag_visu.py
[2023-11-24T22:44:48.626+0000] {processor.py:829} INFO - Processing file /opt/airflow/dags/dag_visu.py for tasks to queue
[2023-11-24T22:44:48.628+0000] {logging_mixin.py:151} INFO - [2023-11-24T22:44:48.628+0000] {dagbag.py:536} INFO - Filling up the DagBag from /opt/airflow/dags/dag_visu.py
[2023-11-24T22:44:48.689+0000] {processor.py:839} INFO - DAG(s) dict_keys(['analyse_des_donnees_covid19']) retrieved from /opt/airflow/dags/dag_visu.py
[2023-11-24T22:44:48.729+0000] {logging_mixin.py:151} INFO - [2023-11-24T22:44:48.728+0000] {dag.py:2941} INFO - Sync 1 DAGs
[2023-11-24T22:44:48.762+0000] {logging_mixin.py:151} INFO - [2023-11-24T22:44:48.761+0000] {dag.py:3722} INFO - Setting next_dagrun for analyse_des_donnees_covid19 to 2021-01-01T00:00:00+00:00, run_after=2021-01-02T00:00:00+00:00
[2023-11-24T22:44:48.800+0000] {processor.py:179} INFO - Processing /opt/airflow/dags/dag_visu.py took 0.179 seconds
[2023-11-24T22:45:19.190+0000] {processor.py:157} INFO - Started process (PID=5710) to work on /opt/airflow/dags/dag_visu.py
[2023-11-24T22:45:19.193+0000] {processor.py:829} INFO - Processing file /opt/airflow/dags/dag_visu.py for tasks to queue
[2023-11-24T22:45:19.196+0000] {logging_mixin.py:151} INFO - [2023-11-24T22:45:19.195+0000] {dagbag.py:536} INFO - Filling up the DagBag from /opt/airflow/dags/dag_visu.py
[2023-11-24T22:45:19.252+0000] {processor.py:839} INFO - DAG(s) dict_keys(['analyse_des_donnees_covid19']) retrieved from /opt/airflow/dags/dag_visu.py
[2023-11-24T22:45:19.291+0000] {logging_mixin.py:151} INFO - [2023-11-24T22:45:19.290+0000] {dag.py:2941} INFO - Sync 1 DAGs
[2023-11-24T22:45:19.323+0000] {logging_mixin.py:151} INFO - [2023-11-24T22:45:19.323+0000] {dag.py:3722} INFO - Setting next_dagrun for analyse_des_donnees_covid19 to 2021-01-01T00:00:00+00:00, run_after=2021-01-02T00:00:00+00:00
[2023-11-24T22:45:19.356+0000] {processor.py:179} INFO - Processing /opt/airflow/dags/dag_visu.py took 0.170 seconds
[2023-11-24T22:45:49.790+0000] {processor.py:157} INFO - Started process (PID=5720) to work on /opt/airflow/dags/dag_visu.py
[2023-11-24T22:45:49.792+0000] {processor.py:829} INFO - Processing file /opt/airflow/dags/dag_visu.py for tasks to queue
[2023-11-24T22:45:49.794+0000] {logging_mixin.py:151} INFO - [2023-11-24T22:45:49.793+0000] {dagbag.py:536} INFO - Filling up the DagBag from /opt/airflow/dags/dag_visu.py
[2023-11-24T22:45:49.854+0000] {processor.py:839} INFO - DAG(s) dict_keys(['analyse_des_donnees_covid19']) retrieved from /opt/airflow/dags/dag_visu.py
[2023-11-24T22:45:49.896+0000] {logging_mixin.py:151} INFO - [2023-11-24T22:45:49.895+0000] {dag.py:2941} INFO - Sync 1 DAGs
[2023-11-24T22:45:49.928+0000] {logging_mixin.py:151} INFO - [2023-11-24T22:45:49.927+0000] {dag.py:3722} INFO - Setting next_dagrun for analyse_des_donnees_covid19 to 2021-01-01T00:00:00+00:00, run_after=2021-01-02T00:00:00+00:00
[2023-11-24T22:45:49.967+0000] {processor.py:179} INFO - Processing /opt/airflow/dags/dag_visu.py took 0.181 seconds
[2023-11-24T22:46:20.302+0000] {processor.py:157} INFO - Started process (PID=5730) to work on /opt/airflow/dags/dag_visu.py
[2023-11-24T22:46:20.304+0000] {processor.py:829} INFO - Processing file /opt/airflow/dags/dag_visu.py for tasks to queue
[2023-11-24T22:46:20.306+0000] {logging_mixin.py:151} INFO - [2023-11-24T22:46:20.305+0000] {dagbag.py:536} INFO - Filling up the DagBag from /opt/airflow/dags/dag_visu.py
[2023-11-24T22:46:20.353+0000] {processor.py:839} INFO - DAG(s) dict_keys(['analyse_des_donnees_covid19']) retrieved from /opt/airflow/dags/dag_visu.py
[2023-11-24T22:46:20.392+0000] {logging_mixin.py:151} INFO - [2023-11-24T22:46:20.391+0000] {dag.py:2941} INFO - Sync 1 DAGs
[2023-11-24T22:46:20.422+0000] {logging_mixin.py:151} INFO - [2023-11-24T22:46:20.422+0000] {dag.py:3722} INFO - Setting next_dagrun for analyse_des_donnees_covid19 to 2021-01-01T00:00:00+00:00, run_after=2021-01-02T00:00:00+00:00
[2023-11-24T22:46:20.453+0000] {processor.py:179} INFO - Processing /opt/airflow/dags/dag_visu.py took 0.154 seconds
[2023-11-24T22:46:50.751+0000] {processor.py:157} INFO - Started process (PID=5740) to work on /opt/airflow/dags/dag_visu.py
[2023-11-24T22:46:50.752+0000] {processor.py:829} INFO - Processing file /opt/airflow/dags/dag_visu.py for tasks to queue
[2023-11-24T22:46:50.754+0000] {logging_mixin.py:151} INFO - [2023-11-24T22:46:50.754+0000] {dagbag.py:536} INFO - Filling up the DagBag from /opt/airflow/dags/dag_visu.py
[2023-11-24T22:46:50.801+0000] {processor.py:839} INFO - DAG(s) dict_keys(['analyse_des_donnees_covid19']) retrieved from /opt/airflow/dags/dag_visu.py
[2023-11-24T22:46:50.842+0000] {logging_mixin.py:151} INFO - [2023-11-24T22:46:50.841+0000] {dag.py:2941} INFO - Sync 1 DAGs
[2023-11-24T22:46:50.871+0000] {logging_mixin.py:151} INFO - [2023-11-24T22:46:50.871+0000] {dag.py:3722} INFO - Setting next_dagrun for analyse_des_donnees_covid19 to 2021-01-01T00:00:00+00:00, run_after=2021-01-02T00:00:00+00:00
[2023-11-24T22:46:50.907+0000] {processor.py:179} INFO - Processing /opt/airflow/dags/dag_visu.py took 0.160 seconds
[2023-11-24T22:47:21.215+0000] {processor.py:157} INFO - Started process (PID=5750) to work on /opt/airflow/dags/dag_visu.py
[2023-11-24T22:47:21.217+0000] {processor.py:829} INFO - Processing file /opt/airflow/dags/dag_visu.py for tasks to queue
[2023-11-24T22:47:21.218+0000] {logging_mixin.py:151} INFO - [2023-11-24T22:47:21.218+0000] {dagbag.py:536} INFO - Filling up the DagBag from /opt/airflow/dags/dag_visu.py
[2023-11-24T22:47:21.267+0000] {processor.py:839} INFO - DAG(s) dict_keys(['analyse_des_donnees_covid19']) retrieved from /opt/airflow/dags/dag_visu.py
[2023-11-24T22:47:21.305+0000] {logging_mixin.py:151} INFO - [2023-11-24T22:47:21.305+0000] {dag.py:2941} INFO - Sync 1 DAGs
[2023-11-24T22:47:21.334+0000] {logging_mixin.py:151} INFO - [2023-11-24T22:47:21.333+0000] {dag.py:3722} INFO - Setting next_dagrun for analyse_des_donnees_covid19 to 2021-01-01T00:00:00+00:00, run_after=2021-01-02T00:00:00+00:00
[2023-11-24T22:47:21.364+0000] {processor.py:179} INFO - Processing /opt/airflow/dags/dag_visu.py took 0.153 seconds
[2023-11-24T22:47:51.692+0000] {processor.py:157} INFO - Started process (PID=5760) to work on /opt/airflow/dags/dag_visu.py
[2023-11-24T22:47:51.693+0000] {processor.py:829} INFO - Processing file /opt/airflow/dags/dag_visu.py for tasks to queue
[2023-11-24T22:47:51.695+0000] {logging_mixin.py:151} INFO - [2023-11-24T22:47:51.695+0000] {dagbag.py:536} INFO - Filling up the DagBag from /opt/airflow/dags/dag_visu.py
[2023-11-24T22:47:51.747+0000] {processor.py:839} INFO - DAG(s) dict_keys(['analyse_des_donnees_covid19']) retrieved from /opt/airflow/dags/dag_visu.py
[2023-11-24T22:47:51.782+0000] {logging_mixin.py:151} INFO - [2023-11-24T22:47:51.781+0000] {dag.py:2941} INFO - Sync 1 DAGs
[2023-11-24T22:47:51.813+0000] {logging_mixin.py:151} INFO - [2023-11-24T22:47:51.812+0000] {dag.py:3722} INFO - Setting next_dagrun for analyse_des_donnees_covid19 to 2021-01-01T00:00:00+00:00, run_after=2021-01-02T00:00:00+00:00
[2023-11-24T22:47:51.846+0000] {processor.py:179} INFO - Processing /opt/airflow/dags/dag_visu.py took 0.157 seconds
[2023-11-24T22:48:22.171+0000] {processor.py:157} INFO - Started process (PID=5770) to work on /opt/airflow/dags/dag_visu.py
[2023-11-24T22:48:22.173+0000] {processor.py:829} INFO - Processing file /opt/airflow/dags/dag_visu.py for tasks to queue
[2023-11-24T22:48:22.175+0000] {logging_mixin.py:151} INFO - [2023-11-24T22:48:22.174+0000] {dagbag.py:536} INFO - Filling up the DagBag from /opt/airflow/dags/dag_visu.py
[2023-11-24T22:48:22.222+0000] {processor.py:839} INFO - DAG(s) dict_keys(['analyse_des_donnees_covid19']) retrieved from /opt/airflow/dags/dag_visu.py
[2023-11-24T22:48:22.257+0000] {logging_mixin.py:151} INFO - [2023-11-24T22:48:22.256+0000] {dag.py:2941} INFO - Sync 1 DAGs
[2023-11-24T22:48:22.286+0000] {logging_mixin.py:151} INFO - [2023-11-24T22:48:22.285+0000] {dag.py:3722} INFO - Setting next_dagrun for analyse_des_donnees_covid19 to 2021-01-01T00:00:00+00:00, run_after=2021-01-02T00:00:00+00:00
[2023-11-24T22:48:22.321+0000] {processor.py:179} INFO - Processing /opt/airflow/dags/dag_visu.py took 0.155 seconds
[2023-11-24T22:48:52.680+0000] {processor.py:157} INFO - Started process (PID=5780) to work on /opt/airflow/dags/dag_visu.py
[2023-11-24T22:48:52.682+0000] {processor.py:829} INFO - Processing file /opt/airflow/dags/dag_visu.py for tasks to queue
[2023-11-24T22:48:52.684+0000] {logging_mixin.py:151} INFO - [2023-11-24T22:48:52.684+0000] {dagbag.py:536} INFO - Filling up the DagBag from /opt/airflow/dags/dag_visu.py
[2023-11-24T22:48:52.751+0000] {processor.py:839} INFO - DAG(s) dict_keys(['analyse_des_donnees_covid19']) retrieved from /opt/airflow/dags/dag_visu.py
[2023-11-24T22:48:52.790+0000] {logging_mixin.py:151} INFO - [2023-11-24T22:48:52.789+0000] {dag.py:2941} INFO - Sync 1 DAGs
[2023-11-24T22:48:52.822+0000] {logging_mixin.py:151} INFO - [2023-11-24T22:48:52.822+0000] {dag.py:3722} INFO - Setting next_dagrun for analyse_des_donnees_covid19 to 2021-01-01T00:00:00+00:00, run_after=2021-01-02T00:00:00+00:00
[2023-11-24T22:48:52.857+0000] {processor.py:179} INFO - Processing /opt/airflow/dags/dag_visu.py took 0.181 seconds
[2023-11-24T22:49:23.194+0000] {processor.py:157} INFO - Started process (PID=5790) to work on /opt/airflow/dags/dag_visu.py
[2023-11-24T22:49:23.196+0000] {processor.py:829} INFO - Processing file /opt/airflow/dags/dag_visu.py for tasks to queue
[2023-11-24T22:49:23.198+0000] {logging_mixin.py:151} INFO - [2023-11-24T22:49:23.197+0000] {dagbag.py:536} INFO - Filling up the DagBag from /opt/airflow/dags/dag_visu.py
[2023-11-24T22:49:23.281+0000] {processor.py:839} INFO - DAG(s) dict_keys(['analyse_des_donnees_covid19']) retrieved from /opt/airflow/dags/dag_visu.py
[2023-11-24T22:49:23.339+0000] {logging_mixin.py:151} INFO - [2023-11-24T22:49:23.338+0000] {dag.py:2941} INFO - Sync 1 DAGs
[2023-11-24T22:49:23.396+0000] {logging_mixin.py:151} INFO - [2023-11-24T22:49:23.396+0000] {dag.py:3722} INFO - Setting next_dagrun for analyse_des_donnees_covid19 to 2021-01-01T00:00:00+00:00, run_after=2021-01-02T00:00:00+00:00
[2023-11-24T22:49:23.454+0000] {processor.py:179} INFO - Processing /opt/airflow/dags/dag_visu.py took 0.263 seconds
[2023-11-24T22:49:53.831+0000] {processor.py:157} INFO - Started process (PID=5800) to work on /opt/airflow/dags/dag_visu.py
[2023-11-24T22:49:53.832+0000] {processor.py:829} INFO - Processing file /opt/airflow/dags/dag_visu.py for tasks to queue
[2023-11-24T22:49:53.834+0000] {logging_mixin.py:151} INFO - [2023-11-24T22:49:53.834+0000] {dagbag.py:536} INFO - Filling up the DagBag from /opt/airflow/dags/dag_visu.py
[2023-11-24T22:49:53.895+0000] {processor.py:839} INFO - DAG(s) dict_keys(['analyse_des_donnees_covid19']) retrieved from /opt/airflow/dags/dag_visu.py
[2023-11-24T22:49:53.942+0000] {logging_mixin.py:151} INFO - [2023-11-24T22:49:53.941+0000] {dag.py:2941} INFO - Sync 1 DAGs
[2023-11-24T22:49:53.980+0000] {logging_mixin.py:151} INFO - [2023-11-24T22:49:53.979+0000] {dag.py:3722} INFO - Setting next_dagrun for analyse_des_donnees_covid19 to 2021-01-01T00:00:00+00:00, run_after=2021-01-02T00:00:00+00:00
[2023-11-24T22:49:54.032+0000] {processor.py:179} INFO - Processing /opt/airflow/dags/dag_visu.py took 0.205 seconds
[2023-11-24T22:50:24.350+0000] {processor.py:157} INFO - Started process (PID=5810) to work on /opt/airflow/dags/dag_visu.py
[2023-11-24T22:50:24.351+0000] {processor.py:829} INFO - Processing file /opt/airflow/dags/dag_visu.py for tasks to queue
[2023-11-24T22:50:24.353+0000] {logging_mixin.py:151} INFO - [2023-11-24T22:50:24.352+0000] {dagbag.py:536} INFO - Filling up the DagBag from /opt/airflow/dags/dag_visu.py
[2023-11-24T22:50:24.403+0000] {processor.py:839} INFO - DAG(s) dict_keys(['analyse_des_donnees_covid19']) retrieved from /opt/airflow/dags/dag_visu.py
[2023-11-24T22:50:24.441+0000] {logging_mixin.py:151} INFO - [2023-11-24T22:50:24.441+0000] {dag.py:2941} INFO - Sync 1 DAGs
[2023-11-24T22:50:24.467+0000] {logging_mixin.py:151} INFO - [2023-11-24T22:50:24.466+0000] {dag.py:3722} INFO - Setting next_dagrun for analyse_des_donnees_covid19 to 2021-01-01T00:00:00+00:00, run_after=2021-01-02T00:00:00+00:00
[2023-11-24T22:50:24.502+0000] {processor.py:179} INFO - Processing /opt/airflow/dags/dag_visu.py took 0.156 seconds
[2023-11-24T22:50:54.822+0000] {processor.py:157} INFO - Started process (PID=5820) to work on /opt/airflow/dags/dag_visu.py
[2023-11-24T22:50:54.823+0000] {processor.py:829} INFO - Processing file /opt/airflow/dags/dag_visu.py for tasks to queue
[2023-11-24T22:50:54.825+0000] {logging_mixin.py:151} INFO - [2023-11-24T22:50:54.824+0000] {dagbag.py:536} INFO - Filling up the DagBag from /opt/airflow/dags/dag_visu.py
[2023-11-24T22:50:54.875+0000] {processor.py:839} INFO - DAG(s) dict_keys(['analyse_des_donnees_covid19']) retrieved from /opt/airflow/dags/dag_visu.py
[2023-11-24T22:50:54.909+0000] {logging_mixin.py:151} INFO - [2023-11-24T22:50:54.909+0000] {dag.py:2941} INFO - Sync 1 DAGs
[2023-11-24T22:50:54.939+0000] {logging_mixin.py:151} INFO - [2023-11-24T22:50:54.939+0000] {dag.py:3722} INFO - Setting next_dagrun for analyse_des_donnees_covid19 to 2021-01-01T00:00:00+00:00, run_after=2021-01-02T00:00:00+00:00
[2023-11-24T22:50:54.983+0000] {processor.py:179} INFO - Processing /opt/airflow/dags/dag_visu.py took 0.164 seconds
[2023-11-24T22:51:25.064+0000] {processor.py:157} INFO - Started process (PID=5830) to work on /opt/airflow/dags/dag_visu.py
[2023-11-24T22:51:25.066+0000] {processor.py:829} INFO - Processing file /opt/airflow/dags/dag_visu.py for tasks to queue
[2023-11-24T22:51:25.067+0000] {logging_mixin.py:151} INFO - [2023-11-24T22:51:25.067+0000] {dagbag.py:536} INFO - Filling up the DagBag from /opt/airflow/dags/dag_visu.py
[2023-11-24T22:51:25.117+0000] {processor.py:839} INFO - DAG(s) dict_keys(['analyse_des_donnees_covid19']) retrieved from /opt/airflow/dags/dag_visu.py
[2023-11-24T22:51:25.162+0000] {logging_mixin.py:151} INFO - [2023-11-24T22:51:25.162+0000] {dag.py:2941} INFO - Sync 1 DAGs
[2023-11-24T22:51:25.204+0000] {logging_mixin.py:151} INFO - [2023-11-24T22:51:25.204+0000] {dag.py:3722} INFO - Setting next_dagrun for analyse_des_donnees_covid19 to 2021-01-01T00:00:00+00:00, run_after=2021-01-02T00:00:00+00:00
[2023-11-24T22:51:25.248+0000] {processor.py:179} INFO - Processing /opt/airflow/dags/dag_visu.py took 0.188 seconds
[2023-11-24T22:51:55.566+0000] {processor.py:157} INFO - Started process (PID=5840) to work on /opt/airflow/dags/dag_visu.py
[2023-11-24T22:51:55.568+0000] {processor.py:829} INFO - Processing file /opt/airflow/dags/dag_visu.py for tasks to queue
[2023-11-24T22:51:55.571+0000] {logging_mixin.py:151} INFO - [2023-11-24T22:51:55.570+0000] {dagbag.py:536} INFO - Filling up the DagBag from /opt/airflow/dags/dag_visu.py
[2023-11-24T22:51:55.614+0000] {processor.py:839} INFO - DAG(s) dict_keys(['analyse_des_donnees_covid19']) retrieved from /opt/airflow/dags/dag_visu.py
[2023-11-24T22:51:55.648+0000] {logging_mixin.py:151} INFO - [2023-11-24T22:51:55.648+0000] {dag.py:2941} INFO - Sync 1 DAGs
[2023-11-24T22:51:55.676+0000] {logging_mixin.py:151} INFO - [2023-11-24T22:51:55.675+0000] {dag.py:3722} INFO - Setting next_dagrun for analyse_des_donnees_covid19 to 2021-01-01T00:00:00+00:00, run_after=2021-01-02T00:00:00+00:00
[2023-11-24T22:51:55.705+0000] {processor.py:179} INFO - Processing /opt/airflow/dags/dag_visu.py took 0.142 seconds
[2023-11-24T22:52:26.028+0000] {processor.py:157} INFO - Started process (PID=5850) to work on /opt/airflow/dags/dag_visu.py
[2023-11-24T22:52:26.030+0000] {processor.py:829} INFO - Processing file /opt/airflow/dags/dag_visu.py for tasks to queue
[2023-11-24T22:52:26.032+0000] {logging_mixin.py:151} INFO - [2023-11-24T22:52:26.032+0000] {dagbag.py:536} INFO - Filling up the DagBag from /opt/airflow/dags/dag_visu.py
[2023-11-24T22:52:26.104+0000] {processor.py:839} INFO - DAG(s) dict_keys(['analyse_des_donnees_covid19']) retrieved from /opt/airflow/dags/dag_visu.py
[2023-11-24T22:52:26.143+0000] {logging_mixin.py:151} INFO - [2023-11-24T22:52:26.143+0000] {dag.py:2941} INFO - Sync 1 DAGs
[2023-11-24T22:52:26.176+0000] {logging_mixin.py:151} INFO - [2023-11-24T22:52:26.176+0000] {dag.py:3722} INFO - Setting next_dagrun for analyse_des_donnees_covid19 to 2021-01-01T00:00:00+00:00, run_after=2021-01-02T00:00:00+00:00
[2023-11-24T22:52:26.207+0000] {processor.py:179} INFO - Processing /opt/airflow/dags/dag_visu.py took 0.182 seconds
[2023-11-24T22:52:56.533+0000] {processor.py:157} INFO - Started process (PID=5860) to work on /opt/airflow/dags/dag_visu.py
[2023-11-24T22:52:56.536+0000] {processor.py:829} INFO - Processing file /opt/airflow/dags/dag_visu.py for tasks to queue
[2023-11-24T22:52:56.539+0000] {logging_mixin.py:151} INFO - [2023-11-24T22:52:56.538+0000] {dagbag.py:536} INFO - Filling up the DagBag from /opt/airflow/dags/dag_visu.py
[2023-11-24T22:52:56.618+0000] {processor.py:839} INFO - DAG(s) dict_keys(['analyse_des_donnees_covid19']) retrieved from /opt/airflow/dags/dag_visu.py
[2023-11-24T22:52:56.659+0000] {logging_mixin.py:151} INFO - [2023-11-24T22:52:56.658+0000] {dag.py:2941} INFO - Sync 1 DAGs
[2023-11-24T22:52:56.697+0000] {logging_mixin.py:151} INFO - [2023-11-24T22:52:56.697+0000] {dag.py:3722} INFO - Setting next_dagrun for analyse_des_donnees_covid19 to 2021-01-01T00:00:00+00:00, run_after=2021-01-02T00:00:00+00:00
[2023-11-24T22:52:56.736+0000] {processor.py:179} INFO - Processing /opt/airflow/dags/dag_visu.py took 0.207 seconds
[2023-11-24T22:53:27.070+0000] {processor.py:157} INFO - Started process (PID=5870) to work on /opt/airflow/dags/dag_visu.py
[2023-11-24T22:53:27.072+0000] {processor.py:829} INFO - Processing file /opt/airflow/dags/dag_visu.py for tasks to queue
[2023-11-24T22:53:27.074+0000] {logging_mixin.py:151} INFO - [2023-11-24T22:53:27.074+0000] {dagbag.py:536} INFO - Filling up the DagBag from /opt/airflow/dags/dag_visu.py
[2023-11-24T22:53:27.149+0000] {processor.py:839} INFO - DAG(s) dict_keys(['analyse_des_donnees_covid19']) retrieved from /opt/airflow/dags/dag_visu.py
[2023-11-24T22:53:27.214+0000] {logging_mixin.py:151} INFO - [2023-11-24T22:53:27.213+0000] {dag.py:2941} INFO - Sync 1 DAGs
[2023-11-24T22:53:27.258+0000] {logging_mixin.py:151} INFO - [2023-11-24T22:53:27.258+0000] {dag.py:3722} INFO - Setting next_dagrun for analyse_des_donnees_covid19 to 2021-01-01T00:00:00+00:00, run_after=2021-01-02T00:00:00+00:00
[2023-11-24T22:53:27.298+0000] {processor.py:179} INFO - Processing /opt/airflow/dags/dag_visu.py took 0.233 seconds
[2023-11-24T22:53:57.625+0000] {processor.py:157} INFO - Started process (PID=5880) to work on /opt/airflow/dags/dag_visu.py
[2023-11-24T22:53:57.627+0000] {processor.py:829} INFO - Processing file /opt/airflow/dags/dag_visu.py for tasks to queue
[2023-11-24T22:53:57.628+0000] {logging_mixin.py:151} INFO - [2023-11-24T22:53:57.628+0000] {dagbag.py:536} INFO - Filling up the DagBag from /opt/airflow/dags/dag_visu.py
[2023-11-24T22:53:57.717+0000] {processor.py:839} INFO - DAG(s) dict_keys(['analyse_des_donnees_covid19']) retrieved from /opt/airflow/dags/dag_visu.py
[2023-11-24T22:53:57.767+0000] {logging_mixin.py:151} INFO - [2023-11-24T22:53:57.766+0000] {dag.py:2941} INFO - Sync 1 DAGs
[2023-11-24T22:53:57.796+0000] {logging_mixin.py:151} INFO - [2023-11-24T22:53:57.796+0000] {dag.py:3722} INFO - Setting next_dagrun for analyse_des_donnees_covid19 to 2021-01-01T00:00:00+00:00, run_after=2021-01-02T00:00:00+00:00
[2023-11-24T22:53:57.826+0000] {processor.py:179} INFO - Processing /opt/airflow/dags/dag_visu.py took 0.206 seconds
[2023-11-24T22:54:27.414+0000] {processor.py:157} INFO - Started process (PID=5890) to work on /opt/airflow/dags/dag_visu.py
[2023-11-24T22:54:27.415+0000] {processor.py:829} INFO - Processing file /opt/airflow/dags/dag_visu.py for tasks to queue
[2023-11-24T22:54:27.418+0000] {logging_mixin.py:151} INFO - [2023-11-24T22:54:27.417+0000] {dagbag.py:536} INFO - Filling up the DagBag from /opt/airflow/dags/dag_visu.py
[2023-11-24T22:54:27.474+0000] {processor.py:839} INFO - DAG(s) dict_keys(['analyse_covid19']) retrieved from /opt/airflow/dags/dag_visu.py
[2023-11-24T22:54:27.595+0000] {logging_mixin.py:151} INFO - [2023-11-24T22:54:27.595+0000] {manager.py:499} INFO - Created Permission View: %s
[2023-11-24T22:54:27.614+0000] {logging_mixin.py:151} INFO - [2023-11-24T22:54:27.614+0000] {manager.py:499} INFO - Created Permission View: %s
[2023-11-24T22:54:27.627+0000] {logging_mixin.py:151} INFO - [2023-11-24T22:54:27.626+0000] {manager.py:499} INFO - Created Permission View: %s
[2023-11-24T22:54:27.628+0000] {logging_mixin.py:151} INFO - [2023-11-24T22:54:27.627+0000] {dag.py:2941} INFO - Sync 1 DAGs
[2023-11-24T22:54:27.644+0000] {logging_mixin.py:151} INFO - [2023-11-24T22:54:27.644+0000] {dag.py:2963} INFO - Creating ORM DAG for analyse_covid19
[2023-11-24T22:54:27.646+0000] {logging_mixin.py:151} INFO - [2023-11-24T22:54:27.645+0000] {dag.py:3722} INFO - Setting next_dagrun for analyse_covid19 to None, run_after=None
[2023-11-24T22:54:27.687+0000] {processor.py:179} INFO - Processing /opt/airflow/dags/dag_visu.py took 0.276 seconds
[2023-11-24T22:54:31.460+0000] {processor.py:157} INFO - Started process (PID=5898) to work on /opt/airflow/dags/dag_visu.py
[2023-11-24T22:54:31.462+0000] {processor.py:829} INFO - Processing file /opt/airflow/dags/dag_visu.py for tasks to queue
[2023-11-24T22:54:31.463+0000] {logging_mixin.py:151} INFO - [2023-11-24T22:54:31.463+0000] {dagbag.py:536} INFO - Filling up the DagBag from /opt/airflow/dags/dag_visu.py
[2023-11-24T22:54:31.517+0000] {processor.py:839} INFO - DAG(s) dict_keys(['analyse_covid19']) retrieved from /opt/airflow/dags/dag_visu.py
[2023-11-24T22:54:31.532+0000] {logging_mixin.py:151} INFO - [2023-11-24T22:54:31.531+0000] {dag.py:2941} INFO - Sync 1 DAGs
[2023-11-24T22:54:31.545+0000] {logging_mixin.py:151} INFO - [2023-11-24T22:54:31.545+0000] {dag.py:3722} INFO - Setting next_dagrun for analyse_covid19 to None, run_after=None
[2023-11-24T22:54:31.583+0000] {processor.py:179} INFO - Processing /opt/airflow/dags/dag_visu.py took 0.125 seconds
[2023-11-24T22:54:49.658+0000] {processor.py:157} INFO - Started process (PID=5899) to work on /opt/airflow/dags/dag_visu.py
[2023-11-24T22:54:49.660+0000] {processor.py:829} INFO - Processing file /opt/airflow/dags/dag_visu.py for tasks to queue
[2023-11-24T22:54:49.661+0000] {logging_mixin.py:151} INFO - [2023-11-24T22:54:49.661+0000] {dagbag.py:536} INFO - Filling up the DagBag from /opt/airflow/dags/dag_visu.py
[2023-11-24T22:54:49.721+0000] {processor.py:839} INFO - DAG(s) dict_keys(['analyse_covid19']) retrieved from /opt/airflow/dags/dag_visu.py
[2023-11-24T22:54:49.738+0000] {logging_mixin.py:151} INFO - [2023-11-24T22:54:49.737+0000] {dag.py:2941} INFO - Sync 1 DAGs
[2023-11-24T22:54:49.752+0000] {logging_mixin.py:151} INFO - [2023-11-24T22:54:49.752+0000] {dag.py:3722} INFO - Setting next_dagrun for analyse_covid19 to None, run_after=None
[2023-11-24T22:54:49.791+0000] {processor.py:179} INFO - Processing /opt/airflow/dags/dag_visu.py took 0.136 seconds
[2023-11-24T22:55:20.096+0000] {processor.py:157} INFO - Started process (PID=5909) to work on /opt/airflow/dags/dag_visu.py
[2023-11-24T22:55:20.100+0000] {processor.py:829} INFO - Processing file /opt/airflow/dags/dag_visu.py for tasks to queue
[2023-11-24T22:55:20.102+0000] {logging_mixin.py:151} INFO - [2023-11-24T22:55:20.101+0000] {dagbag.py:536} INFO - Filling up the DagBag from /opt/airflow/dags/dag_visu.py
[2023-11-24T22:55:20.153+0000] {processor.py:839} INFO - DAG(s) dict_keys(['analyse_covid19']) retrieved from /opt/airflow/dags/dag_visu.py
[2023-11-24T22:55:20.184+0000] {logging_mixin.py:151} INFO - [2023-11-24T22:55:20.184+0000] {dag.py:2941} INFO - Sync 1 DAGs
[2023-11-24T22:55:20.199+0000] {logging_mixin.py:151} INFO - [2023-11-24T22:55:20.199+0000] {dag.py:3722} INFO - Setting next_dagrun for analyse_covid19 to None, run_after=None
[2023-11-24T22:55:20.243+0000] {processor.py:179} INFO - Processing /opt/airflow/dags/dag_visu.py took 0.150 seconds
[2023-11-24T22:55:50.855+0000] {processor.py:157} INFO - Started process (PID=5919) to work on /opt/airflow/dags/dag_visu.py
[2023-11-24T22:55:50.857+0000] {processor.py:829} INFO - Processing file /opt/airflow/dags/dag_visu.py for tasks to queue
[2023-11-24T22:55:50.858+0000] {logging_mixin.py:151} INFO - [2023-11-24T22:55:50.858+0000] {dagbag.py:536} INFO - Filling up the DagBag from /opt/airflow/dags/dag_visu.py
[2023-11-24T22:55:50.900+0000] {processor.py:839} INFO - DAG(s) dict_keys(['analyse_covid19']) retrieved from /opt/airflow/dags/dag_visu.py
[2023-11-24T22:55:50.929+0000] {logging_mixin.py:151} INFO - [2023-11-24T22:55:50.929+0000] {dag.py:2941} INFO - Sync 1 DAGs
[2023-11-24T22:55:50.944+0000] {logging_mixin.py:151} INFO - [2023-11-24T22:55:50.944+0000] {dag.py:3722} INFO - Setting next_dagrun for analyse_covid19 to None, run_after=None
[2023-11-24T22:55:50.981+0000] {processor.py:179} INFO - Processing /opt/airflow/dags/dag_visu.py took 0.128 seconds
[2023-11-24T22:56:21.294+0000] {processor.py:157} INFO - Started process (PID=5929) to work on /opt/airflow/dags/dag_visu.py
[2023-11-24T22:56:21.296+0000] {processor.py:829} INFO - Processing file /opt/airflow/dags/dag_visu.py for tasks to queue
[2023-11-24T22:56:21.297+0000] {logging_mixin.py:151} INFO - [2023-11-24T22:56:21.297+0000] {dagbag.py:536} INFO - Filling up the DagBag from /opt/airflow/dags/dag_visu.py
[2023-11-24T22:56:21.347+0000] {processor.py:839} INFO - DAG(s) dict_keys(['analyse_covid19']) retrieved from /opt/airflow/dags/dag_visu.py
[2023-11-24T22:56:21.381+0000] {logging_mixin.py:151} INFO - [2023-11-24T22:56:21.381+0000] {dag.py:2941} INFO - Sync 1 DAGs
[2023-11-24T22:56:21.400+0000] {logging_mixin.py:151} INFO - [2023-11-24T22:56:21.399+0000] {dag.py:3722} INFO - Setting next_dagrun for analyse_covid19 to None, run_after=None
[2023-11-24T22:56:21.440+0000] {processor.py:179} INFO - Processing /opt/airflow/dags/dag_visu.py took 0.149 seconds
[2023-11-24T22:56:34.152+0000] {processor.py:157} INFO - Started process (PID=5939) to work on /opt/airflow/dags/dag_visu.py
[2023-11-24T22:56:34.154+0000] {processor.py:829} INFO - Processing file /opt/airflow/dags/dag_visu.py for tasks to queue
[2023-11-24T22:56:34.155+0000] {logging_mixin.py:151} INFO - [2023-11-24T22:56:34.155+0000] {dagbag.py:536} INFO - Filling up the DagBag from /opt/airflow/dags/dag_visu.py
[2023-11-24T22:56:34.218+0000] {logging_mixin.py:151} INFO - [2023-11-24T22:56:34.211+0000] {dagbag.py:346} ERROR - Failed to import: /opt/airflow/dags/dag_visu.py
Traceback (most recent call last):
  File "/home/airflow/.local/lib/python3.8/site-packages/airflow/models/dagbag.py", line 342, in parse
    loader.exec_module(new_module)
  File "<frozen importlib._bootstrap_external>", line 843, in exec_module
  File "<frozen importlib._bootstrap>", line 219, in _call_with_frames_removed
  File "/opt/airflow/dags/dag_visu.py", line 138, in <module>
    dag_analyse_covid_mois >> dag_analyse_covid_age >> dag_analyse_covid_vieux >> dag_analyse_covid_femmes >> dag_analyse_covid_hommes >> dag_analyse_covid_homme_femme
NameError: name 'dag_analyse_covid_femmes' is not defined
[2023-11-24T22:56:34.220+0000] {processor.py:841} WARNING - No viable dags retrieved from /opt/airflow/dags/dag_visu.py
[2023-11-24T22:56:34.254+0000] {processor.py:179} INFO - Processing /opt/airflow/dags/dag_visu.py took 0.104 seconds
[2023-11-24T22:56:44.257+0000] {processor.py:157} INFO - Started process (PID=5940) to work on /opt/airflow/dags/dag_visu.py
[2023-11-24T22:56:44.259+0000] {processor.py:829} INFO - Processing file /opt/airflow/dags/dag_visu.py for tasks to queue
[2023-11-24T22:56:44.260+0000] {logging_mixin.py:151} INFO - [2023-11-24T22:56:44.260+0000] {dagbag.py:536} INFO - Filling up the DagBag from /opt/airflow/dags/dag_visu.py
[2023-11-24T22:56:44.327+0000] {processor.py:839} INFO - DAG(s) dict_keys(['analyse_covid19']) retrieved from /opt/airflow/dags/dag_visu.py
[2023-11-24T22:56:44.356+0000] {logging_mixin.py:151} INFO - [2023-11-24T22:56:44.356+0000] {dag.py:2941} INFO - Sync 1 DAGs
[2023-11-24T22:56:44.371+0000] {logging_mixin.py:151} INFO - [2023-11-24T22:56:44.370+0000] {dag.py:3722} INFO - Setting next_dagrun for analyse_covid19 to None, run_after=None
[2023-11-24T22:56:44.413+0000] {processor.py:179} INFO - Processing /opt/airflow/dags/dag_visu.py took 0.158 seconds
[2023-11-24T22:57:14.720+0000] {processor.py:157} INFO - Started process (PID=5950) to work on /opt/airflow/dags/dag_visu.py
[2023-11-24T22:57:14.721+0000] {processor.py:829} INFO - Processing file /opt/airflow/dags/dag_visu.py for tasks to queue
[2023-11-24T22:57:14.722+0000] {logging_mixin.py:151} INFO - [2023-11-24T22:57:14.722+0000] {dagbag.py:536} INFO - Filling up the DagBag from /opt/airflow/dags/dag_visu.py
[2023-11-24T22:57:14.762+0000] {processor.py:839} INFO - DAG(s) dict_keys(['analyse_covid19']) retrieved from /opt/airflow/dags/dag_visu.py
[2023-11-24T22:57:14.793+0000] {logging_mixin.py:151} INFO - [2023-11-24T22:57:14.793+0000] {dag.py:2941} INFO - Sync 1 DAGs
[2023-11-24T22:57:14.807+0000] {logging_mixin.py:151} INFO - [2023-11-24T22:57:14.807+0000] {dag.py:3722} INFO - Setting next_dagrun for analyse_covid19 to None, run_after=None
[2023-11-24T22:57:14.836+0000] {processor.py:179} INFO - Processing /opt/airflow/dags/dag_visu.py took 0.119 seconds
