[2023-11-23T22:55:16.917+0000] {taskinstance.py:1159} INFO - Dependencies all met for dep_context=non-requeueable deps ti=<TaskInstance: COVID-19.Create_table manual__2023-11-23T22:53:17.833739+00:00 [queued]>
[2023-11-23T22:55:16.926+0000] {taskinstance.py:1159} INFO - Dependencies all met for dep_context=requeueable deps ti=<TaskInstance: COVID-19.Create_table manual__2023-11-23T22:53:17.833739+00:00 [queued]>
[2023-11-23T22:55:16.926+0000] {taskinstance.py:1361} INFO - Starting attempt 2 of 2
[2023-11-23T22:55:16.936+0000] {taskinstance.py:1382} INFO - Executing <Task(PostgresOperator): Create_table> on 2023-11-23 22:53:17.833739+00:00
[2023-11-23T22:55:16.940+0000] {standard_task_runner.py:57} INFO - Started process 2924 to run task
[2023-11-23T22:55:16.942+0000] {standard_task_runner.py:84} INFO - Running: ['***', 'tasks', 'run', 'COVID-19', 'Create_table', 'manual__2023-11-23T22:53:17.833739+00:00', '--job-id', '113', '--raw', '--subdir', 'DAGS_FOLDER/dag_etl.py', '--cfg-path', '/tmp/tmpj_cszoqd']
[2023-11-23T22:55:16.944+0000] {standard_task_runner.py:85} INFO - Job 113: Subtask Create_table
[2023-11-23T22:55:16.979+0000] {task_command.py:416} INFO - Running <TaskInstance: COVID-19.Create_table manual__2023-11-23T22:53:17.833739+00:00 [running]> on host 89d301135b3a
[2023-11-23T22:55:17.201+0000] {taskinstance.py:1662} INFO - Exporting env vars: AIRFLOW_CTX_DAG_OWNER='***' AIRFLOW_CTX_DAG_ID='COVID-19' AIRFLOW_CTX_TASK_ID='Create_table' AIRFLOW_CTX_EXECUTION_DATE='2023-11-23T22:53:17.833739+00:00' AIRFLOW_CTX_TRY_NUMBER='2' AIRFLOW_CTX_DAG_RUN_ID='manual__2023-11-23T22:53:17.833739+00:00'
[2023-11-23T22:55:17.202+0000] {sql.py:274} INFO - Executing: -- Table des dimensions
CREATE TABLE IF NOT EXISTS Departement (
    num_departement VARCHAR(255) NOT NULL,
    nom_departement VARCHAR(255) NOT NULL,
    nom_region VARCHAR(255) NOT NULL,
    PRIMARY KEY (num_departement)
);

CREATE TABLE IF NOT EXISTS Passage (
    id_passage SERIAL INT NOT NULL,
    nombre_passage_corona INT,
    nombre_passage_total INT,
    nombre_passage_corona_h INT,
    nombre_passage_corona_f INT,
    nombre_passage_total_h INT,
    nombre_passage_total_f INT,
    PRIMARY KEY (id_passage)
);

CREATE TABLE IF NOT EXISTS Hospitalisation (
    id_hospitalisation SERIAL INT NOT NULL,
    nombre_hospitalisation_corona INT,
    nombre_hospitalisation_corona_h INT,
    nombre_hospitalisation_corona_f INT,
    PRIMARY KEY (id_hospitalisation)
);

CREATE TABLE IF NOT EXISTS Age (
    id_age SERIAL INT NOT NULL,
    tranche_age VARCHAR(255) NOT NULL,
    PRIMARY KEY (id_age)
);

-- Table des faits
CREATE TABLE IF NOT EXISTS Urgence_covid (
    id_urgence_covid SERIAL INT NOT NULL,
    date_de_passage DATE,
    id_hospitalisation INT,
    id_passage INT,
    id_age INT,
    num_departement VARCHAR(255),
    PRIMARY KEY (id_urgence_covid),
    FOREIGN KEY (id_hospitalisation) REFERENCES Hospitalisation(id_hospitalisation),
    FOREIGN KEY (id_passage) REFERENCES Passage(id_passage),
    FOREIGN KEY (id_age) REFERENCES Age(id_age),
    FOREIGN KEY (num_departement) REFERENCES Departement(num_departement)
);

-- INSERT INTO Age VALUES (0, "tous 창ges");
-- INSERT INTO Age VALUES (1, "0-4 ans");
-- INSERT INTO Age VALUES (2, "5-14 ans");
-- INSERT INTO Age VALUES (3, "15-44 ans");
-- INSERT INTO Age VALUES (4, "45-64 ans");
-- INSERT INTO Age VALUES (5, "65-74 ans");
-- INSERT INTO Age VALUES (6, "75 ans et plus");

INSERT INTO Age (id_age, tranche_age) VALUES (0, 'tous 창ges') ON CONFLICT (id_age) DO NOTHING;
INSERT INTO Age (id_age, tranche_age) VALUES (1, '0-4 ans') ON CONFLICT (id_age) DO NOTHING;
INSERT INTO Age (id_age, tranche_age) VALUES (2, '5-14 ans') ON CONFLICT (id_age) DO NOTHING;
INSERT INTO Age (id_age, tranche_age) VALUES (3, '15-44 ans') ON CONFLICT (id_age) DO NOTHING;
INSERT INTO Age (id_age, tranche_age) VALUES (4, '45-64 ans') ON CONFLICT (id_age) DO NOTHING;
INSERT INTO Age (id_age, tranche_age) VALUES (5, '65-74 ans') ON CONFLICT (id_age) DO NOTHING;
INSERT INTO Age (id_age, tranche_age) VALUES (6, '75 ans et plus') ON CONFLICT (id_age) DO NOTHING;
[2023-11-23T22:55:17.208+0000] {base.py:73} INFO - Using connection ID 'postgres_connexion' for task execution.
[2023-11-23T22:55:17.214+0000] {base.py:73} INFO - Using connection ID 'postgres_connexion' for task execution.
[2023-11-23T22:55:17.221+0000] {sql.py:418} INFO - Running statement: -- Table des dimensions
CREATE TABLE IF NOT EXISTS Departement (
    num_departement VARCHAR(255) NOT NULL,
    nom_departement VARCHAR(255) NOT NULL,
    nom_region VARCHAR(255) NOT NULL,
    PRIMARY KEY (num_departement)
);

CREATE TABLE IF NOT EXISTS Passage (
    id_passage SERIAL INT NOT NULL,
    nombre_passage_corona INT,
    nombre_passage_total INT,
    nombre_passage_corona_h INT,
    nombre_passage_corona_f INT,
    nombre_passage_total_h INT,
    nombre_passage_total_f INT,
    PRIMARY KEY (id_passage)
);

CREATE TABLE IF NOT EXISTS Hospitalisation (
    id_hospitalisation SERIAL INT NOT NULL,
    nombre_hospitalisation_corona INT,
    nombre_hospitalisation_corona_h INT,
    nombre_hospitalisation_corona_f INT,
    PRIMARY KEY (id_hospitalisation)
);

CREATE TABLE IF NOT EXISTS Age (
    id_age SERIAL INT NOT NULL,
    tranche_age VARCHAR(255) NOT NULL,
    PRIMARY KEY (id_age)
);

-- Table des faits
CREATE TABLE IF NOT EXISTS Urgence_covid (
    id_urgence_covid SERIAL INT NOT NULL,
    date_de_passage DATE,
    id_hospitalisation INT,
    id_passage INT,
    id_age INT,
    num_departement VARCHAR(255),
    PRIMARY KEY (id_urgence_covid),
    FOREIGN KEY (id_hospitalisation) REFERENCES Hospitalisation(id_hospitalisation),
    FOREIGN KEY (id_passage) REFERENCES Passage(id_passage),
    FOREIGN KEY (id_age) REFERENCES Age(id_age),
    FOREIGN KEY (num_departement) REFERENCES Departement(num_departement)
);

-- INSERT INTO Age VALUES (0, "tous 창ges");
-- INSERT INTO Age VALUES (1, "0-4 ans");
-- INSERT INTO Age VALUES (2, "5-14 ans");
-- INSERT INTO Age VALUES (3, "15-44 ans");
-- INSERT INTO Age VALUES (4, "45-64 ans");
-- INSERT INTO Age VALUES (5, "65-74 ans");
-- INSERT INTO Age VALUES (6, "75 ans et plus");

INSERT INTO Age (id_age, tranche_age) VALUES (0, 'tous 창ges') ON CONFLICT (id_age) DO NOTHING;
INSERT INTO Age (id_age, tranche_age) VALUES (1, '0-4 ans') ON CONFLICT (id_age) DO NOTHING;
INSERT INTO Age (id_age, tranche_age) VALUES (2, '5-14 ans') ON CONFLICT (id_age) DO NOTHING;
INSERT INTO Age (id_age, tranche_age) VALUES (3, '15-44 ans') ON CONFLICT (id_age) DO NOTHING;
INSERT INTO Age (id_age, tranche_age) VALUES (4, '45-64 ans') ON CONFLICT (id_age) DO NOTHING;
INSERT INTO Age (id_age, tranche_age) VALUES (5, '65-74 ans') ON CONFLICT (id_age) DO NOTHING;
INSERT INTO Age (id_age, tranche_age) VALUES (6, '75 ans et plus') ON CONFLICT (id_age) DO NOTHING;, parameters: None
[2023-11-23T22:55:17.224+0000] {taskinstance.py:1937} ERROR - Task failed with exception
Traceback (most recent call last):
  File "/home/airflow/.local/lib/python3.8/site-packages/airflow/providers/common/sql/operators/sql.py", line 280, in execute
    output = hook.run(
  File "/home/airflow/.local/lib/python3.8/site-packages/airflow/providers/common/sql/hooks/sql.py", line 392, in run
    self._run_command(cur, sql_statement, parameters)
  File "/home/airflow/.local/lib/python3.8/site-packages/airflow/providers/common/sql/hooks/sql.py", line 423, in _run_command
    cur.execute(sql_statement)
psycopg2.errors.SyntaxError: syntax error at or near "INT"
LINE 10:     id_passage SERIAL INT NOT NULL,
                               ^

[2023-11-23T22:55:17.233+0000] {taskinstance.py:1400} INFO - Marking task as FAILED. dag_id=COVID-19, task_id=Create_table, execution_date=20231123T225317, start_date=20231123T225516, end_date=20231123T225517
[2023-11-23T22:55:17.244+0000] {standard_task_runner.py:104} ERROR - Failed to execute job 113 for task Create_table (syntax error at or near "INT"
LINE 10:     id_passage SERIAL INT NOT NULL,
                               ^
; 2924)
[2023-11-23T22:55:17.275+0000] {local_task_job_runner.py:228} INFO - Task exited with return code 1
[2023-11-23T22:55:17.289+0000] {taskinstance.py:2778} INFO - 0 downstream tasks scheduled from follow-on schedule check
