[2023-11-24T20:48:37.523+0000] {taskinstance.py:1159} INFO - Dependencies all met for dep_context=non-requeueable deps ti=<TaskInstance: COVID-19.Create_table manual__2023-11-22T19:29:07.263785+00:00 [queued]>
[2023-11-24T20:48:37.537+0000] {taskinstance.py:1159} INFO - Dependencies all met for dep_context=requeueable deps ti=<TaskInstance: COVID-19.Create_table manual__2023-11-22T19:29:07.263785+00:00 [queued]>
[2023-11-24T20:48:37.538+0000] {taskinstance.py:1361} INFO - Starting attempt 13 of 13
[2023-11-24T20:48:37.555+0000] {taskinstance.py:1382} INFO - Executing <Task(PostgresOperator): Create_table> on 2023-11-22 19:29:07.263785+00:00
[2023-11-24T20:48:37.562+0000] {standard_task_runner.py:57} INFO - Started process 3050 to run task
[2023-11-24T20:48:37.565+0000] {standard_task_runner.py:84} INFO - Running: ['***', 'tasks', 'run', 'COVID-19', 'Create_table', 'manual__2023-11-22T19:29:07.263785+00:00', '--job-id', '99', '--raw', '--subdir', 'DAGS_FOLDER/dag_etl.py', '--cfg-path', '/tmp/tmp_wcdwwiw']
[2023-11-24T20:48:37.568+0000] {standard_task_runner.py:85} INFO - Job 99: Subtask Create_table
[2023-11-24T20:48:37.621+0000] {task_command.py:416} INFO - Running <TaskInstance: COVID-19.Create_table manual__2023-11-22T19:29:07.263785+00:00 [running]> on host 3742b108fdc7
[2023-11-24T20:48:37.863+0000] {taskinstance.py:1662} INFO - Exporting env vars: AIRFLOW_CTX_DAG_OWNER='***' AIRFLOW_CTX_DAG_ID='COVID-19' AIRFLOW_CTX_TASK_ID='Create_table' AIRFLOW_CTX_EXECUTION_DATE='2023-11-22T19:29:07.263785+00:00' AIRFLOW_CTX_TRY_NUMBER='13' AIRFLOW_CTX_DAG_RUN_ID='manual__2023-11-22T19:29:07.263785+00:00'
[2023-11-24T20:48:37.865+0000] {sql.py:274} INFO - Executing: DROP TABLE IF EXISTS Urgence_covid;

DROP TABLE IF EXISTS Age;

DROP TABLE IF EXISTS Hospitalisation;

DROP TABLE IF EXISTS Passage;

DROP TABLE IF EXISTS Departement;
[2023-11-24T20:48:37.876+0000] {base.py:73} INFO - Using connection ID 'postgres_connexion' for task execution.
[2023-11-24T20:48:37.885+0000] {base.py:73} INFO - Using connection ID 'postgres_connexion' for task execution.
[2023-11-24T20:48:37.899+0000] {sql.py:418} INFO - Running statement: DROP TABLE IF EXISTS Urgence_covid;

DROP TABLE IF EXISTS Age;

DROP TABLE IF EXISTS Hospitalisation;

DROP TABLE IF EXISTS Passage;

DROP TABLE IF EXISTS Departement;, parameters: None
[2023-11-24T20:48:37.937+0000] {taskinstance.py:1400} INFO - Marking task as SUCCESS. dag_id=COVID-19, task_id=Create_table, execution_date=20231122T192907, start_date=20231124T204837, end_date=20231124T204837
[2023-11-24T20:48:37.981+0000] {local_task_job_runner.py:228} INFO - Task exited with return code 0
[2023-11-24T20:48:38.000+0000] {taskinstance.py:2778} INFO - 0 downstream tasks scheduled from follow-on schedule check
