[2023-11-24T15:31:15.002+0000] {taskinstance.py:1159} INFO - Dependencies all met for dep_context=non-requeueable deps ti=<TaskInstance: COVID-19.Create_table manual__2023-11-22T19:29:07.263785+00:00 [queued]>
[2023-11-24T15:31:15.017+0000] {taskinstance.py:1159} INFO - Dependencies all met for dep_context=requeueable deps ti=<TaskInstance: COVID-19.Create_table manual__2023-11-22T19:29:07.263785+00:00 [queued]>
[2023-11-24T15:31:15.019+0000] {taskinstance.py:1361} INFO - Starting attempt 9 of 9
[2023-11-24T15:31:15.039+0000] {taskinstance.py:1382} INFO - Executing <Task(PostgresOperator): Create_table> on 2023-11-22 19:29:07.263785+00:00
[2023-11-24T15:31:15.046+0000] {standard_task_runner.py:57} INFO - Started process 78 to run task
[2023-11-24T15:31:15.051+0000] {standard_task_runner.py:84} INFO - Running: ['***', 'tasks', 'run', 'COVID-19', 'Create_table', 'manual__2023-11-22T19:29:07.263785+00:00', '--job-id', '80', '--raw', '--subdir', 'DAGS_FOLDER/dag_etl.py', '--cfg-path', '/tmp/tmp7ge08m5g']
[2023-11-24T15:31:15.055+0000] {standard_task_runner.py:85} INFO - Job 80: Subtask Create_table
[2023-11-24T15:31:15.123+0000] {task_command.py:416} INFO - Running <TaskInstance: COVID-19.Create_table manual__2023-11-22T19:29:07.263785+00:00 [running]> on host 3742b108fdc7
[2023-11-24T15:31:15.242+0000] {taskinstance.py:1662} INFO - Exporting env vars: AIRFLOW_CTX_DAG_OWNER='***' AIRFLOW_CTX_DAG_ID='COVID-19' AIRFLOW_CTX_TASK_ID='Create_table' AIRFLOW_CTX_EXECUTION_DATE='2023-11-22T19:29:07.263785+00:00' AIRFLOW_CTX_TRY_NUMBER='9' AIRFLOW_CTX_DAG_RUN_ID='manual__2023-11-22T19:29:07.263785+00:00'
[2023-11-24T15:31:15.247+0000] {sql.py:274} INFO - Executing: DROP TABLE IF EXISTS Urgence_covid;

DROP TABLE IF EXISTS Age;

DROP TABLE IF EXISTS Hospitalisation;

DROP TABLE IF EXISTS Passage;

DROP TABLE IF EXISTS Departement;
[2023-11-24T15:31:15.261+0000] {base.py:73} INFO - Using connection ID 'postgres_connexion' for task execution.
[2023-11-24T15:31:15.272+0000] {base.py:73} INFO - Using connection ID 'postgres_connexion' for task execution.
[2023-11-24T15:31:15.292+0000] {sql.py:418} INFO - Running statement: DROP TABLE IF EXISTS Urgence_covid;

DROP TABLE IF EXISTS Age;

DROP TABLE IF EXISTS Hospitalisation;

DROP TABLE IF EXISTS Passage;

DROP TABLE IF EXISTS Departement;, parameters: None
[2023-11-24T15:31:15.327+0000] {taskinstance.py:1400} INFO - Marking task as SUCCESS. dag_id=COVID-19, task_id=Create_table, execution_date=20231122T192907, start_date=20231124T153115, end_date=20231124T153115
[2023-11-24T15:31:15.384+0000] {local_task_job_runner.py:228} INFO - Task exited with return code 0
[2023-11-24T15:31:15.412+0000] {taskinstance.py:2778} INFO - 0 downstream tasks scheduled from follow-on schedule check
