[2023-11-20T22:37:40.916+0000] {taskinstance.py:1159} INFO - Dependencies all met for dep_context=non-requeueable deps ti=<TaskInstance: COVID-19.Extract_departements_region manual__2023-11-16T14:53:31.468414+00:00 [queued]>
[2023-11-20T22:37:41.123+0000] {taskinstance.py:1159} INFO - Dependencies all met for dep_context=requeueable deps ti=<TaskInstance: COVID-19.Extract_departements_region manual__2023-11-16T14:53:31.468414+00:00 [queued]>
[2023-11-20T22:37:41.123+0000] {taskinstance.py:1361} INFO - Starting attempt 2 of 2
[2023-11-20T22:37:41.132+0000] {taskinstance.py:1382} INFO - Executing <Task(PythonOperator): Extract_departements_region> on 2023-11-16 14:53:31.468414+00:00
[2023-11-20T22:37:41.136+0000] {standard_task_runner.py:57} INFO - Started process 99 to run task
[2023-11-20T22:37:41.138+0000] {standard_task_runner.py:84} INFO - Running: ['***', 'tasks', 'run', 'COVID-19', 'Extract_departements_region', 'manual__2023-11-16T14:53:31.468414+00:00', '--job-id', '16', '--raw', '--subdir', 'DAGS_FOLDER/dag_etl.py', '--cfg-path', '/tmp/tmpvtptwqmd']
[2023-11-20T22:37:41.142+0000] {standard_task_runner.py:85} INFO - Job 16: Subtask Extract_departements_region
[2023-11-20T22:37:41.175+0000] {task_command.py:416} INFO - Running <TaskInstance: COVID-19.Extract_departements_region manual__2023-11-16T14:53:31.468414+00:00 [running]> on host 1855d53776a5
[2023-11-20T22:37:41.231+0000] {taskinstance.py:1662} INFO - Exporting env vars: AIRFLOW_CTX_DAG_OWNER='***' AIRFLOW_CTX_DAG_ID='COVID-19' AIRFLOW_CTX_TASK_ID='Extract_departements_region' AIRFLOW_CTX_EXECUTION_DATE='2023-11-16T14:53:31.468414+00:00' AIRFLOW_CTX_TRY_NUMBER='2' AIRFLOW_CTX_DAG_RUN_ID='manual__2023-11-16T14:53:31.468414+00:00'
[2023-11-20T22:37:41.257+0000] {python.py:194} INFO - Done. Returned value was:     num_dep                 dep_name                 region_name
0        01                      Ain        Auvergne-Rhône-Alpes
1        02                    Aisne             Hauts-de-France
2        03                   Allier        Auvergne-Rhône-Alpes
3        04  Alpes-de-Haute-Provence  Provence-Alpes-Côte d'Azur
4        05             Hautes-Alpes  Provence-Alpes-Côte d'Azur
..      ...                      ...                         ...
96      971               Guadeloupe                  Guadeloupe
97      972               Martinique                  Martinique
98      973                   Guyane                      Guyane
99      974               La Réunion                  La Réunion
100     976                  Mayotte                     Mayotte

[101 rows x 3 columns]
[2023-11-20T22:37:41.327+0000] {taskinstance.py:1400} INFO - Marking task as SUCCESS. dag_id=COVID-19, task_id=Extract_departements_region, execution_date=20231116T145331, start_date=20231120T223740, end_date=20231120T223741
[2023-11-20T22:37:41.352+0000] {local_task_job_runner.py:228} INFO - Task exited with return code 0
[2023-11-20T22:37:41.367+0000] {taskinstance.py:2778} INFO - 1 downstream tasks scheduled from follow-on schedule check
