[2023-11-23T21:18:26.278+0000] {taskinstance.py:1159} INFO - Dependencies all met for dep_context=non-requeueable deps ti=<TaskInstance: COVID-19.Data_transform_and_load manual__2023-11-23T21:07:10.646516+00:00 [queued]>
[2023-11-23T21:18:26.285+0000] {taskinstance.py:1159} INFO - Dependencies all met for dep_context=requeueable deps ti=<TaskInstance: COVID-19.Data_transform_and_load manual__2023-11-23T21:07:10.646516+00:00 [queued]>
[2023-11-23T21:18:26.285+0000] {taskinstance.py:1361} INFO - Starting attempt 4 of 4
[2023-11-23T21:18:26.294+0000] {taskinstance.py:1382} INFO - Executing <Task(PythonOperator): Data_transform_and_load> on 2023-11-23 21:07:10.646516+00:00
[2023-11-23T21:18:26.298+0000] {standard_task_runner.py:57} INFO - Started process 1384 to run task
[2023-11-23T21:18:26.300+0000] {standard_task_runner.py:84} INFO - Running: ['***', 'tasks', 'run', 'COVID-19', 'Data_transform_and_load', 'manual__2023-11-23T21:07:10.646516+00:00', '--job-id', '96', '--raw', '--subdir', 'DAGS_FOLDER/dag_etl.py', '--cfg-path', '/tmp/tmp9rrlexl0']
[2023-11-23T21:18:26.302+0000] {standard_task_runner.py:85} INFO - Job 96: Subtask Data_transform_and_load
[2023-11-23T21:18:26.335+0000] {task_command.py:416} INFO - Running <TaskInstance: COVID-19.Data_transform_and_load manual__2023-11-23T21:07:10.646516+00:00 [running]> on host 89d301135b3a
[2023-11-23T21:18:26.530+0000] {taskinstance.py:1662} INFO - Exporting env vars: AIRFLOW_CTX_DAG_OWNER='***' AIRFLOW_CTX_DAG_ID='COVID-19' AIRFLOW_CTX_TASK_ID='Data_transform_and_load' AIRFLOW_CTX_EXECUTION_DATE='2023-11-23T21:07:10.646516+00:00' AIRFLOW_CTX_TRY_NUMBER='4' AIRFLOW_CTX_DAG_RUN_ID='manual__2023-11-23T21:07:10.646516+00:00'
[2023-11-23T21:18:27.045+0000] {python.py:194} INFO - Done. Returned value was:     num_departement nom_departement nom_region
0                01              01         01
1                02              02         02
2                03              03         03
3                04              04         04
4                05              05         05
..              ...             ...        ...
96              971             971        971
97              972             972        972
98              973             973        973
99              974             974        974
100             976             976        976

[101 rows x 3 columns]
[2023-11-23T21:18:27.079+0000] {taskinstance.py:1400} INFO - Marking task as SUCCESS. dag_id=COVID-19, task_id=Data_transform_and_load, execution_date=20231123T210710, start_date=20231123T211826, end_date=20231123T211827
[2023-11-23T21:18:27.115+0000] {local_task_job_runner.py:228} INFO - Task exited with return code 0
[2023-11-23T21:18:27.131+0000] {taskinstance.py:2778} INFO - 0 downstream tasks scheduled from follow-on schedule check
