[2023-11-16T08:28:50.101+0000] {processor.py:157} INFO - Started process (PID=61) to work on /home/airflow/.local/lib/python3.8/site-packages/airflow/example_dags/example_subdag_operator.py
[2023-11-16T08:28:50.103+0000] {processor.py:829} INFO - Processing file /home/airflow/.local/lib/python3.8/site-packages/airflow/example_dags/example_subdag_operator.py for tasks to queue
[2023-11-16T08:28:50.107+0000] {logging_mixin.py:151} INFO - [2023-11-16T08:28:50.107+0000] {dagbag.py:536} INFO - Filling up the DagBag from /home/airflow/.local/lib/python3.8/site-packages/airflow/example_dags/example_subdag_operator.py
[2023-11-16T08:28:50.177+0000] {processor.py:839} INFO - DAG(s) dict_keys(['example_subdag_operator.section-1', 'example_subdag_operator.section-2', 'example_subdag_operator']) retrieved from /home/airflow/.local/lib/python3.8/site-packages/airflow/example_dags/example_subdag_operator.py
[2023-11-16T08:28:50.216+0000] {logging_mixin.py:151} INFO - [2023-11-16T08:28:50.216+0000] {dag.py:2941} INFO - Sync 3 DAGs
[2023-11-16T08:28:50.271+0000] {logging_mixin.py:151} INFO - [2023-11-16T08:28:50.271+0000] {dag.py:3722} INFO - Setting next_dagrun for example_subdag_operator to 2022-01-01T00:00:00+00:00, run_after=2022-01-01T00:00:00+00:00
[2023-11-16T08:28:50.279+0000] {logging_mixin.py:151} INFO - [2023-11-16T08:28:50.279+0000] {dag.py:3722} INFO - Setting next_dagrun for example_subdag_operator.section-1 to None, run_after=None
[2023-11-16T08:28:50.283+0000] {logging_mixin.py:151} INFO - [2023-11-16T08:28:50.283+0000] {dag.py:3722} INFO - Setting next_dagrun for example_subdag_operator.section-2 to None, run_after=None
[2023-11-16T08:28:50.300+0000] {logging_mixin.py:151} INFO - [2023-11-16T08:28:50.299+0000] {dag.py:2941} INFO - Sync 2 DAGs
[2023-11-16T08:28:50.312+0000] {logging_mixin.py:151} INFO - [2023-11-16T08:28:50.312+0000] {dag.py:3722} INFO - Setting next_dagrun for example_subdag_operator.section-1 to None, run_after=None
[2023-11-16T08:28:50.313+0000] {logging_mixin.py:151} INFO - [2023-11-16T08:28:50.313+0000] {dag.py:3722} INFO - Setting next_dagrun for example_subdag_operator.section-2 to None, run_after=None
[2023-11-16T08:28:50.391+0000] {processor.py:179} INFO - Processing /home/airflow/.local/lib/python3.8/site-packages/airflow/example_dags/example_subdag_operator.py took 0.295 seconds
[2023-11-16T08:29:21.003+0000] {processor.py:157} INFO - Started process (PID=115) to work on /home/airflow/.local/lib/python3.8/site-packages/airflow/example_dags/example_subdag_operator.py
[2023-11-16T08:29:21.004+0000] {processor.py:829} INFO - Processing file /home/airflow/.local/lib/python3.8/site-packages/airflow/example_dags/example_subdag_operator.py for tasks to queue
[2023-11-16T08:29:21.006+0000] {logging_mixin.py:151} INFO - [2023-11-16T08:29:21.006+0000] {dagbag.py:536} INFO - Filling up the DagBag from /home/airflow/.local/lib/python3.8/site-packages/airflow/example_dags/example_subdag_operator.py
[2023-11-16T08:29:21.025+0000] {processor.py:839} INFO - DAG(s) dict_keys(['example_subdag_operator.section-1', 'example_subdag_operator.section-2', 'example_subdag_operator']) retrieved from /home/airflow/.local/lib/python3.8/site-packages/airflow/example_dags/example_subdag_operator.py
[2023-11-16T08:29:21.037+0000] {logging_mixin.py:151} INFO - [2023-11-16T08:29:21.037+0000] {dag.py:2941} INFO - Sync 3 DAGs
[2023-11-16T08:29:21.053+0000] {logging_mixin.py:151} INFO - [2023-11-16T08:29:21.053+0000] {dag.py:3722} INFO - Setting next_dagrun for example_subdag_operator to 2022-01-01T00:00:00+00:00, run_after=2022-01-01T00:00:00+00:00
[2023-11-16T08:29:21.056+0000] {logging_mixin.py:151} INFO - [2023-11-16T08:29:21.056+0000] {dag.py:3722} INFO - Setting next_dagrun for example_subdag_operator.section-1 to None, run_after=None
[2023-11-16T08:29:21.058+0000] {logging_mixin.py:151} INFO - [2023-11-16T08:29:21.058+0000] {dag.py:3722} INFO - Setting next_dagrun for example_subdag_operator.section-2 to None, run_after=None
[2023-11-16T08:29:21.063+0000] {logging_mixin.py:151} INFO - [2023-11-16T08:29:21.063+0000] {dag.py:2941} INFO - Sync 2 DAGs
[2023-11-16T08:29:21.067+0000] {logging_mixin.py:151} INFO - [2023-11-16T08:29:21.067+0000] {dag.py:3722} INFO - Setting next_dagrun for example_subdag_operator.section-1 to None, run_after=None
[2023-11-16T08:29:21.068+0000] {logging_mixin.py:151} INFO - [2023-11-16T08:29:21.068+0000] {dag.py:3722} INFO - Setting next_dagrun for example_subdag_operator.section-2 to None, run_after=None
[2023-11-16T08:29:21.076+0000] {processor.py:179} INFO - Processing /home/airflow/.local/lib/python3.8/site-packages/airflow/example_dags/example_subdag_operator.py took 0.075 seconds
[2023-11-16T08:29:51.886+0000] {processor.py:157} INFO - Started process (PID=169) to work on /home/airflow/.local/lib/python3.8/site-packages/airflow/example_dags/example_subdag_operator.py
[2023-11-16T08:29:51.887+0000] {processor.py:829} INFO - Processing file /home/airflow/.local/lib/python3.8/site-packages/airflow/example_dags/example_subdag_operator.py for tasks to queue
[2023-11-16T08:29:51.889+0000] {logging_mixin.py:151} INFO - [2023-11-16T08:29:51.888+0000] {dagbag.py:536} INFO - Filling up the DagBag from /home/airflow/.local/lib/python3.8/site-packages/airflow/example_dags/example_subdag_operator.py
[2023-11-16T08:29:51.905+0000] {processor.py:839} INFO - DAG(s) dict_keys(['example_subdag_operator.section-1', 'example_subdag_operator.section-2', 'example_subdag_operator']) retrieved from /home/airflow/.local/lib/python3.8/site-packages/airflow/example_dags/example_subdag_operator.py
[2023-11-16T08:29:51.916+0000] {logging_mixin.py:151} INFO - [2023-11-16T08:29:51.916+0000] {dag.py:2941} INFO - Sync 3 DAGs
[2023-11-16T08:29:51.931+0000] {logging_mixin.py:151} INFO - [2023-11-16T08:29:51.931+0000] {dag.py:3722} INFO - Setting next_dagrun for example_subdag_operator to 2022-01-01T00:00:00+00:00, run_after=2022-01-01T00:00:00+00:00
[2023-11-16T08:29:51.933+0000] {logging_mixin.py:151} INFO - [2023-11-16T08:29:51.933+0000] {dag.py:3722} INFO - Setting next_dagrun for example_subdag_operator.section-1 to None, run_after=None
[2023-11-16T08:29:51.934+0000] {logging_mixin.py:151} INFO - [2023-11-16T08:29:51.934+0000] {dag.py:3722} INFO - Setting next_dagrun for example_subdag_operator.section-2 to None, run_after=None
[2023-11-16T08:29:51.939+0000] {logging_mixin.py:151} INFO - [2023-11-16T08:29:51.939+0000] {dag.py:2941} INFO - Sync 2 DAGs
[2023-11-16T08:29:51.943+0000] {logging_mixin.py:151} INFO - [2023-11-16T08:29:51.943+0000] {dag.py:3722} INFO - Setting next_dagrun for example_subdag_operator.section-1 to None, run_after=None
[2023-11-16T08:29:51.943+0000] {logging_mixin.py:151} INFO - [2023-11-16T08:29:51.943+0000] {dag.py:3722} INFO - Setting next_dagrun for example_subdag_operator.section-2 to None, run_after=None
[2023-11-16T08:29:51.951+0000] {processor.py:179} INFO - Processing /home/airflow/.local/lib/python3.8/site-packages/airflow/example_dags/example_subdag_operator.py took 0.067 seconds
[2023-11-16T08:30:21.973+0000] {processor.py:157} INFO - Started process (PID=223) to work on /home/airflow/.local/lib/python3.8/site-packages/airflow/example_dags/example_subdag_operator.py
[2023-11-16T08:30:21.974+0000] {processor.py:829} INFO - Processing file /home/airflow/.local/lib/python3.8/site-packages/airflow/example_dags/example_subdag_operator.py for tasks to queue
[2023-11-16T08:30:21.975+0000] {logging_mixin.py:151} INFO - [2023-11-16T08:30:21.975+0000] {dagbag.py:536} INFO - Filling up the DagBag from /home/airflow/.local/lib/python3.8/site-packages/airflow/example_dags/example_subdag_operator.py
[2023-11-16T08:30:21.991+0000] {processor.py:839} INFO - DAG(s) dict_keys(['example_subdag_operator.section-1', 'example_subdag_operator.section-2', 'example_subdag_operator']) retrieved from /home/airflow/.local/lib/python3.8/site-packages/airflow/example_dags/example_subdag_operator.py
[2023-11-16T08:30:22.001+0000] {logging_mixin.py:151} INFO - [2023-11-16T08:30:22.001+0000] {dag.py:2941} INFO - Sync 3 DAGs
[2023-11-16T08:30:22.015+0000] {logging_mixin.py:151} INFO - [2023-11-16T08:30:22.015+0000] {dag.py:3722} INFO - Setting next_dagrun for example_subdag_operator to 2022-01-01T00:00:00+00:00, run_after=2022-01-01T00:00:00+00:00
[2023-11-16T08:30:22.018+0000] {logging_mixin.py:151} INFO - [2023-11-16T08:30:22.018+0000] {dag.py:3722} INFO - Setting next_dagrun for example_subdag_operator.section-1 to None, run_after=None
[2023-11-16T08:30:22.019+0000] {logging_mixin.py:151} INFO - [2023-11-16T08:30:22.019+0000] {dag.py:3722} INFO - Setting next_dagrun for example_subdag_operator.section-2 to None, run_after=None
[2023-11-16T08:30:22.023+0000] {logging_mixin.py:151} INFO - [2023-11-16T08:30:22.023+0000] {dag.py:2941} INFO - Sync 2 DAGs
[2023-11-16T08:30:22.027+0000] {logging_mixin.py:151} INFO - [2023-11-16T08:30:22.026+0000] {dag.py:3722} INFO - Setting next_dagrun for example_subdag_operator.section-1 to None, run_after=None
[2023-11-16T08:30:22.027+0000] {logging_mixin.py:151} INFO - [2023-11-16T08:30:22.027+0000] {dag.py:3722} INFO - Setting next_dagrun for example_subdag_operator.section-2 to None, run_after=None
[2023-11-16T08:30:22.034+0000] {processor.py:179} INFO - Processing /home/airflow/.local/lib/python3.8/site-packages/airflow/example_dags/example_subdag_operator.py took 0.064 seconds
[2023-11-16T08:30:53.020+0000] {processor.py:157} INFO - Started process (PID=277) to work on /home/airflow/.local/lib/python3.8/site-packages/airflow/example_dags/example_subdag_operator.py
[2023-11-16T08:30:53.021+0000] {processor.py:829} INFO - Processing file /home/airflow/.local/lib/python3.8/site-packages/airflow/example_dags/example_subdag_operator.py for tasks to queue
[2023-11-16T08:30:53.022+0000] {logging_mixin.py:151} INFO - [2023-11-16T08:30:53.022+0000] {dagbag.py:536} INFO - Filling up the DagBag from /home/airflow/.local/lib/python3.8/site-packages/airflow/example_dags/example_subdag_operator.py
[2023-11-16T08:30:53.038+0000] {processor.py:839} INFO - DAG(s) dict_keys(['example_subdag_operator.section-1', 'example_subdag_operator.section-2', 'example_subdag_operator']) retrieved from /home/airflow/.local/lib/python3.8/site-packages/airflow/example_dags/example_subdag_operator.py
[2023-11-16T08:30:53.048+0000] {logging_mixin.py:151} INFO - [2023-11-16T08:30:53.048+0000] {dag.py:2941} INFO - Sync 3 DAGs
[2023-11-16T08:30:53.061+0000] {logging_mixin.py:151} INFO - [2023-11-16T08:30:53.061+0000] {dag.py:3722} INFO - Setting next_dagrun for example_subdag_operator to 2022-01-01T00:00:00+00:00, run_after=2022-01-01T00:00:00+00:00
[2023-11-16T08:30:53.064+0000] {logging_mixin.py:151} INFO - [2023-11-16T08:30:53.064+0000] {dag.py:3722} INFO - Setting next_dagrun for example_subdag_operator.section-1 to None, run_after=None
[2023-11-16T08:30:53.065+0000] {logging_mixin.py:151} INFO - [2023-11-16T08:30:53.065+0000] {dag.py:3722} INFO - Setting next_dagrun for example_subdag_operator.section-2 to None, run_after=None
[2023-11-16T08:30:53.070+0000] {logging_mixin.py:151} INFO - [2023-11-16T08:30:53.070+0000] {dag.py:2941} INFO - Sync 2 DAGs
[2023-11-16T08:30:53.074+0000] {logging_mixin.py:151} INFO - [2023-11-16T08:30:53.074+0000] {dag.py:3722} INFO - Setting next_dagrun for example_subdag_operator.section-1 to None, run_after=None
[2023-11-16T08:30:53.074+0000] {logging_mixin.py:151} INFO - [2023-11-16T08:30:53.074+0000] {dag.py:3722} INFO - Setting next_dagrun for example_subdag_operator.section-2 to None, run_after=None
[2023-11-16T08:30:53.082+0000] {processor.py:179} INFO - Processing /home/airflow/.local/lib/python3.8/site-packages/airflow/example_dags/example_subdag_operator.py took 0.064 seconds
[2023-11-16T08:31:23.351+0000] {processor.py:157} INFO - Started process (PID=331) to work on /home/airflow/.local/lib/python3.8/site-packages/airflow/example_dags/example_subdag_operator.py
[2023-11-16T08:31:23.352+0000] {processor.py:829} INFO - Processing file /home/airflow/.local/lib/python3.8/site-packages/airflow/example_dags/example_subdag_operator.py for tasks to queue
[2023-11-16T08:31:23.354+0000] {logging_mixin.py:151} INFO - [2023-11-16T08:31:23.354+0000] {dagbag.py:536} INFO - Filling up the DagBag from /home/airflow/.local/lib/python3.8/site-packages/airflow/example_dags/example_subdag_operator.py
[2023-11-16T08:31:23.370+0000] {processor.py:839} INFO - DAG(s) dict_keys(['example_subdag_operator.section-1', 'example_subdag_operator.section-2', 'example_subdag_operator']) retrieved from /home/airflow/.local/lib/python3.8/site-packages/airflow/example_dags/example_subdag_operator.py
[2023-11-16T08:31:23.381+0000] {logging_mixin.py:151} INFO - [2023-11-16T08:31:23.381+0000] {dag.py:2941} INFO - Sync 3 DAGs
[2023-11-16T08:31:23.397+0000] {logging_mixin.py:151} INFO - [2023-11-16T08:31:23.397+0000] {dag.py:3722} INFO - Setting next_dagrun for example_subdag_operator to 2022-01-01T00:00:00+00:00, run_after=2022-01-01T00:00:00+00:00
[2023-11-16T08:31:23.399+0000] {logging_mixin.py:151} INFO - [2023-11-16T08:31:23.399+0000] {dag.py:3722} INFO - Setting next_dagrun for example_subdag_operator.section-1 to None, run_after=None
[2023-11-16T08:31:23.400+0000] {logging_mixin.py:151} INFO - [2023-11-16T08:31:23.400+0000] {dag.py:3722} INFO - Setting next_dagrun for example_subdag_operator.section-2 to None, run_after=None
[2023-11-16T08:31:23.406+0000] {logging_mixin.py:151} INFO - [2023-11-16T08:31:23.405+0000] {dag.py:2941} INFO - Sync 2 DAGs
[2023-11-16T08:31:23.410+0000] {logging_mixin.py:151} INFO - [2023-11-16T08:31:23.410+0000] {dag.py:3722} INFO - Setting next_dagrun for example_subdag_operator.section-1 to None, run_after=None
[2023-11-16T08:31:23.410+0000] {logging_mixin.py:151} INFO - [2023-11-16T08:31:23.410+0000] {dag.py:3722} INFO - Setting next_dagrun for example_subdag_operator.section-2 to None, run_after=None
[2023-11-16T08:31:23.419+0000] {processor.py:179} INFO - Processing /home/airflow/.local/lib/python3.8/site-packages/airflow/example_dags/example_subdag_operator.py took 0.070 seconds
[2023-11-16T08:31:53.608+0000] {processor.py:157} INFO - Started process (PID=385) to work on /home/airflow/.local/lib/python3.8/site-packages/airflow/example_dags/example_subdag_operator.py
[2023-11-16T08:31:53.609+0000] {processor.py:829} INFO - Processing file /home/airflow/.local/lib/python3.8/site-packages/airflow/example_dags/example_subdag_operator.py for tasks to queue
[2023-11-16T08:31:53.611+0000] {logging_mixin.py:151} INFO - [2023-11-16T08:31:53.610+0000] {dagbag.py:536} INFO - Filling up the DagBag from /home/airflow/.local/lib/python3.8/site-packages/airflow/example_dags/example_subdag_operator.py
[2023-11-16T08:31:53.626+0000] {processor.py:839} INFO - DAG(s) dict_keys(['example_subdag_operator.section-1', 'example_subdag_operator.section-2', 'example_subdag_operator']) retrieved from /home/airflow/.local/lib/python3.8/site-packages/airflow/example_dags/example_subdag_operator.py
[2023-11-16T08:31:53.637+0000] {logging_mixin.py:151} INFO - [2023-11-16T08:31:53.637+0000] {dag.py:2941} INFO - Sync 3 DAGs
[2023-11-16T08:31:53.652+0000] {logging_mixin.py:151} INFO - [2023-11-16T08:31:53.652+0000] {dag.py:3722} INFO - Setting next_dagrun for example_subdag_operator to 2022-01-01T00:00:00+00:00, run_after=2022-01-01T00:00:00+00:00
[2023-11-16T08:31:53.654+0000] {logging_mixin.py:151} INFO - [2023-11-16T08:31:53.654+0000] {dag.py:3722} INFO - Setting next_dagrun for example_subdag_operator.section-1 to None, run_after=None
[2023-11-16T08:31:53.655+0000] {logging_mixin.py:151} INFO - [2023-11-16T08:31:53.655+0000] {dag.py:3722} INFO - Setting next_dagrun for example_subdag_operator.section-2 to None, run_after=None
[2023-11-16T08:31:53.659+0000] {logging_mixin.py:151} INFO - [2023-11-16T08:31:53.659+0000] {dag.py:2941} INFO - Sync 2 DAGs
[2023-11-16T08:31:53.663+0000] {logging_mixin.py:151} INFO - [2023-11-16T08:31:53.662+0000] {dag.py:3722} INFO - Setting next_dagrun for example_subdag_operator.section-1 to None, run_after=None
[2023-11-16T08:31:53.663+0000] {logging_mixin.py:151} INFO - [2023-11-16T08:31:53.663+0000] {dag.py:3722} INFO - Setting next_dagrun for example_subdag_operator.section-2 to None, run_after=None
[2023-11-16T08:31:53.670+0000] {processor.py:179} INFO - Processing /home/airflow/.local/lib/python3.8/site-packages/airflow/example_dags/example_subdag_operator.py took 0.064 seconds
[2023-11-16T08:32:23.734+0000] {processor.py:157} INFO - Started process (PID=439) to work on /home/airflow/.local/lib/python3.8/site-packages/airflow/example_dags/example_subdag_operator.py
[2023-11-16T08:32:23.735+0000] {processor.py:829} INFO - Processing file /home/airflow/.local/lib/python3.8/site-packages/airflow/example_dags/example_subdag_operator.py for tasks to queue
[2023-11-16T08:32:23.736+0000] {logging_mixin.py:151} INFO - [2023-11-16T08:32:23.736+0000] {dagbag.py:536} INFO - Filling up the DagBag from /home/airflow/.local/lib/python3.8/site-packages/airflow/example_dags/example_subdag_operator.py
[2023-11-16T08:32:23.752+0000] {processor.py:839} INFO - DAG(s) dict_keys(['example_subdag_operator.section-1', 'example_subdag_operator.section-2', 'example_subdag_operator']) retrieved from /home/airflow/.local/lib/python3.8/site-packages/airflow/example_dags/example_subdag_operator.py
[2023-11-16T08:32:23.762+0000] {logging_mixin.py:151} INFO - [2023-11-16T08:32:23.762+0000] {dag.py:2941} INFO - Sync 3 DAGs
[2023-11-16T08:32:23.777+0000] {logging_mixin.py:151} INFO - [2023-11-16T08:32:23.777+0000] {dag.py:3722} INFO - Setting next_dagrun for example_subdag_operator to 2022-01-01T00:00:00+00:00, run_after=2022-01-01T00:00:00+00:00
[2023-11-16T08:32:23.780+0000] {logging_mixin.py:151} INFO - [2023-11-16T08:32:23.780+0000] {dag.py:3722} INFO - Setting next_dagrun for example_subdag_operator.section-1 to None, run_after=None
[2023-11-16T08:32:23.781+0000] {logging_mixin.py:151} INFO - [2023-11-16T08:32:23.781+0000] {dag.py:3722} INFO - Setting next_dagrun for example_subdag_operator.section-2 to None, run_after=None
[2023-11-16T08:32:23.786+0000] {logging_mixin.py:151} INFO - [2023-11-16T08:32:23.786+0000] {dag.py:2941} INFO - Sync 2 DAGs
[2023-11-16T08:32:23.789+0000] {logging_mixin.py:151} INFO - [2023-11-16T08:32:23.789+0000] {dag.py:3722} INFO - Setting next_dagrun for example_subdag_operator.section-1 to None, run_after=None
[2023-11-16T08:32:23.790+0000] {logging_mixin.py:151} INFO - [2023-11-16T08:32:23.790+0000] {dag.py:3722} INFO - Setting next_dagrun for example_subdag_operator.section-2 to None, run_after=None
[2023-11-16T08:32:23.798+0000] {processor.py:179} INFO - Processing /home/airflow/.local/lib/python3.8/site-packages/airflow/example_dags/example_subdag_operator.py took 0.066 seconds
[2023-11-16T08:32:54.038+0000] {processor.py:157} INFO - Started process (PID=493) to work on /home/airflow/.local/lib/python3.8/site-packages/airflow/example_dags/example_subdag_operator.py
[2023-11-16T08:32:54.039+0000] {processor.py:829} INFO - Processing file /home/airflow/.local/lib/python3.8/site-packages/airflow/example_dags/example_subdag_operator.py for tasks to queue
[2023-11-16T08:32:54.041+0000] {logging_mixin.py:151} INFO - [2023-11-16T08:32:54.040+0000] {dagbag.py:536} INFO - Filling up the DagBag from /home/airflow/.local/lib/python3.8/site-packages/airflow/example_dags/example_subdag_operator.py
[2023-11-16T08:32:54.056+0000] {processor.py:839} INFO - DAG(s) dict_keys(['example_subdag_operator.section-1', 'example_subdag_operator.section-2', 'example_subdag_operator']) retrieved from /home/airflow/.local/lib/python3.8/site-packages/airflow/example_dags/example_subdag_operator.py
[2023-11-16T08:32:54.066+0000] {logging_mixin.py:151} INFO - [2023-11-16T08:32:54.066+0000] {dag.py:2941} INFO - Sync 3 DAGs
[2023-11-16T08:32:54.080+0000] {logging_mixin.py:151} INFO - [2023-11-16T08:32:54.079+0000] {dag.py:3722} INFO - Setting next_dagrun for example_subdag_operator to 2022-01-01T00:00:00+00:00, run_after=2022-01-01T00:00:00+00:00
[2023-11-16T08:32:54.082+0000] {logging_mixin.py:151} INFO - [2023-11-16T08:32:54.082+0000] {dag.py:3722} INFO - Setting next_dagrun for example_subdag_operator.section-1 to None, run_after=None
[2023-11-16T08:32:54.083+0000] {logging_mixin.py:151} INFO - [2023-11-16T08:32:54.083+0000] {dag.py:3722} INFO - Setting next_dagrun for example_subdag_operator.section-2 to None, run_after=None
[2023-11-16T08:32:54.087+0000] {logging_mixin.py:151} INFO - [2023-11-16T08:32:54.087+0000] {dag.py:2941} INFO - Sync 2 DAGs
[2023-11-16T08:32:54.091+0000] {logging_mixin.py:151} INFO - [2023-11-16T08:32:54.090+0000] {dag.py:3722} INFO - Setting next_dagrun for example_subdag_operator.section-1 to None, run_after=None
[2023-11-16T08:32:54.091+0000] {logging_mixin.py:151} INFO - [2023-11-16T08:32:54.091+0000] {dag.py:3722} INFO - Setting next_dagrun for example_subdag_operator.section-2 to None, run_after=None
[2023-11-16T08:32:54.098+0000] {processor.py:179} INFO - Processing /home/airflow/.local/lib/python3.8/site-packages/airflow/example_dags/example_subdag_operator.py took 0.062 seconds
[2023-11-16T08:33:24.424+0000] {processor.py:157} INFO - Started process (PID=547) to work on /home/airflow/.local/lib/python3.8/site-packages/airflow/example_dags/example_subdag_operator.py
[2023-11-16T08:33:24.425+0000] {processor.py:829} INFO - Processing file /home/airflow/.local/lib/python3.8/site-packages/airflow/example_dags/example_subdag_operator.py for tasks to queue
[2023-11-16T08:33:24.426+0000] {logging_mixin.py:151} INFO - [2023-11-16T08:33:24.426+0000] {dagbag.py:536} INFO - Filling up the DagBag from /home/airflow/.local/lib/python3.8/site-packages/airflow/example_dags/example_subdag_operator.py
[2023-11-16T08:33:24.441+0000] {processor.py:839} INFO - DAG(s) dict_keys(['example_subdag_operator.section-1', 'example_subdag_operator.section-2', 'example_subdag_operator']) retrieved from /home/airflow/.local/lib/python3.8/site-packages/airflow/example_dags/example_subdag_operator.py
[2023-11-16T08:33:24.451+0000] {logging_mixin.py:151} INFO - [2023-11-16T08:33:24.451+0000] {dag.py:2941} INFO - Sync 3 DAGs
[2023-11-16T08:33:24.465+0000] {logging_mixin.py:151} INFO - [2023-11-16T08:33:24.465+0000] {dag.py:3722} INFO - Setting next_dagrun for example_subdag_operator to 2022-01-01T00:00:00+00:00, run_after=2022-01-01T00:00:00+00:00
[2023-11-16T08:33:24.468+0000] {logging_mixin.py:151} INFO - [2023-11-16T08:33:24.468+0000] {dag.py:3722} INFO - Setting next_dagrun for example_subdag_operator.section-1 to None, run_after=None
[2023-11-16T08:33:24.469+0000] {logging_mixin.py:151} INFO - [2023-11-16T08:33:24.469+0000] {dag.py:3722} INFO - Setting next_dagrun for example_subdag_operator.section-2 to None, run_after=None
[2023-11-16T08:33:24.473+0000] {logging_mixin.py:151} INFO - [2023-11-16T08:33:24.473+0000] {dag.py:2941} INFO - Sync 2 DAGs
[2023-11-16T08:33:24.476+0000] {logging_mixin.py:151} INFO - [2023-11-16T08:33:24.476+0000] {dag.py:3722} INFO - Setting next_dagrun for example_subdag_operator.section-1 to None, run_after=None
[2023-11-16T08:33:24.477+0000] {logging_mixin.py:151} INFO - [2023-11-16T08:33:24.477+0000] {dag.py:3722} INFO - Setting next_dagrun for example_subdag_operator.section-2 to None, run_after=None
[2023-11-16T08:33:24.484+0000] {processor.py:179} INFO - Processing /home/airflow/.local/lib/python3.8/site-packages/airflow/example_dags/example_subdag_operator.py took 0.062 seconds
[2023-11-16T08:33:54.588+0000] {processor.py:157} INFO - Started process (PID=601) to work on /home/airflow/.local/lib/python3.8/site-packages/airflow/example_dags/example_subdag_operator.py
[2023-11-16T08:33:54.589+0000] {processor.py:829} INFO - Processing file /home/airflow/.local/lib/python3.8/site-packages/airflow/example_dags/example_subdag_operator.py for tasks to queue
[2023-11-16T08:33:54.591+0000] {logging_mixin.py:151} INFO - [2023-11-16T08:33:54.591+0000] {dagbag.py:536} INFO - Filling up the DagBag from /home/airflow/.local/lib/python3.8/site-packages/airflow/example_dags/example_subdag_operator.py
[2023-11-16T08:33:54.607+0000] {processor.py:839} INFO - DAG(s) dict_keys(['example_subdag_operator.section-1', 'example_subdag_operator.section-2', 'example_subdag_operator']) retrieved from /home/airflow/.local/lib/python3.8/site-packages/airflow/example_dags/example_subdag_operator.py
[2023-11-16T08:33:54.617+0000] {logging_mixin.py:151} INFO - [2023-11-16T08:33:54.617+0000] {dag.py:2941} INFO - Sync 3 DAGs
[2023-11-16T08:33:54.633+0000] {logging_mixin.py:151} INFO - [2023-11-16T08:33:54.632+0000] {dag.py:3722} INFO - Setting next_dagrun for example_subdag_operator to 2022-01-01T00:00:00+00:00, run_after=2022-01-01T00:00:00+00:00
[2023-11-16T08:33:54.635+0000] {logging_mixin.py:151} INFO - [2023-11-16T08:33:54.635+0000] {dag.py:3722} INFO - Setting next_dagrun for example_subdag_operator.section-1 to None, run_after=None
[2023-11-16T08:33:54.637+0000] {logging_mixin.py:151} INFO - [2023-11-16T08:33:54.637+0000] {dag.py:3722} INFO - Setting next_dagrun for example_subdag_operator.section-2 to None, run_after=None
[2023-11-16T08:33:54.642+0000] {logging_mixin.py:151} INFO - [2023-11-16T08:33:54.641+0000] {dag.py:2941} INFO - Sync 2 DAGs
[2023-11-16T08:33:54.645+0000] {logging_mixin.py:151} INFO - [2023-11-16T08:33:54.645+0000] {dag.py:3722} INFO - Setting next_dagrun for example_subdag_operator.section-1 to None, run_after=None
[2023-11-16T08:33:54.646+0000] {logging_mixin.py:151} INFO - [2023-11-16T08:33:54.646+0000] {dag.py:3722} INFO - Setting next_dagrun for example_subdag_operator.section-2 to None, run_after=None
[2023-11-16T08:33:54.654+0000] {processor.py:179} INFO - Processing /home/airflow/.local/lib/python3.8/site-packages/airflow/example_dags/example_subdag_operator.py took 0.068 seconds
[2023-11-16T08:34:24.999+0000] {processor.py:157} INFO - Started process (PID=655) to work on /home/airflow/.local/lib/python3.8/site-packages/airflow/example_dags/example_subdag_operator.py
[2023-11-16T08:34:25.000+0000] {processor.py:829} INFO - Processing file /home/airflow/.local/lib/python3.8/site-packages/airflow/example_dags/example_subdag_operator.py for tasks to queue
[2023-11-16T08:34:25.002+0000] {logging_mixin.py:151} INFO - [2023-11-16T08:34:25.002+0000] {dagbag.py:536} INFO - Filling up the DagBag from /home/airflow/.local/lib/python3.8/site-packages/airflow/example_dags/example_subdag_operator.py
[2023-11-16T08:34:25.018+0000] {processor.py:839} INFO - DAG(s) dict_keys(['example_subdag_operator.section-1', 'example_subdag_operator.section-2', 'example_subdag_operator']) retrieved from /home/airflow/.local/lib/python3.8/site-packages/airflow/example_dags/example_subdag_operator.py
[2023-11-16T08:34:25.030+0000] {logging_mixin.py:151} INFO - [2023-11-16T08:34:25.029+0000] {dag.py:2941} INFO - Sync 3 DAGs
[2023-11-16T08:34:25.046+0000] {logging_mixin.py:151} INFO - [2023-11-16T08:34:25.046+0000] {dag.py:3722} INFO - Setting next_dagrun for example_subdag_operator to 2022-01-01T00:00:00+00:00, run_after=2022-01-01T00:00:00+00:00
[2023-11-16T08:34:25.049+0000] {logging_mixin.py:151} INFO - [2023-11-16T08:34:25.048+0000] {dag.py:3722} INFO - Setting next_dagrun for example_subdag_operator.section-1 to None, run_after=None
[2023-11-16T08:34:25.050+0000] {logging_mixin.py:151} INFO - [2023-11-16T08:34:25.050+0000] {dag.py:3722} INFO - Setting next_dagrun for example_subdag_operator.section-2 to None, run_after=None
[2023-11-16T08:34:25.055+0000] {logging_mixin.py:151} INFO - [2023-11-16T08:34:25.055+0000] {dag.py:2941} INFO - Sync 2 DAGs
[2023-11-16T08:34:25.060+0000] {logging_mixin.py:151} INFO - [2023-11-16T08:34:25.059+0000] {dag.py:3722} INFO - Setting next_dagrun for example_subdag_operator.section-1 to None, run_after=None
[2023-11-16T08:34:25.060+0000] {logging_mixin.py:151} INFO - [2023-11-16T08:34:25.060+0000] {dag.py:3722} INFO - Setting next_dagrun for example_subdag_operator.section-2 to None, run_after=None
[2023-11-16T08:34:25.073+0000] {processor.py:179} INFO - Processing /home/airflow/.local/lib/python3.8/site-packages/airflow/example_dags/example_subdag_operator.py took 0.076 seconds
[2023-11-16T08:34:55.189+0000] {processor.py:157} INFO - Started process (PID=709) to work on /home/airflow/.local/lib/python3.8/site-packages/airflow/example_dags/example_subdag_operator.py
[2023-11-16T08:34:55.190+0000] {processor.py:829} INFO - Processing file /home/airflow/.local/lib/python3.8/site-packages/airflow/example_dags/example_subdag_operator.py for tasks to queue
[2023-11-16T08:34:55.192+0000] {logging_mixin.py:151} INFO - [2023-11-16T08:34:55.192+0000] {dagbag.py:536} INFO - Filling up the DagBag from /home/airflow/.local/lib/python3.8/site-packages/airflow/example_dags/example_subdag_operator.py
[2023-11-16T08:34:55.208+0000] {processor.py:839} INFO - DAG(s) dict_keys(['example_subdag_operator.section-1', 'example_subdag_operator.section-2', 'example_subdag_operator']) retrieved from /home/airflow/.local/lib/python3.8/site-packages/airflow/example_dags/example_subdag_operator.py
[2023-11-16T08:34:55.218+0000] {logging_mixin.py:151} INFO - [2023-11-16T08:34:55.218+0000] {dag.py:2941} INFO - Sync 3 DAGs
[2023-11-16T08:34:55.233+0000] {logging_mixin.py:151} INFO - [2023-11-16T08:34:55.232+0000] {dag.py:3722} INFO - Setting next_dagrun for example_subdag_operator to 2022-01-01T00:00:00+00:00, run_after=2022-01-01T00:00:00+00:00
[2023-11-16T08:34:55.235+0000] {logging_mixin.py:151} INFO - [2023-11-16T08:34:55.235+0000] {dag.py:3722} INFO - Setting next_dagrun for example_subdag_operator.section-1 to None, run_after=None
[2023-11-16T08:34:55.236+0000] {logging_mixin.py:151} INFO - [2023-11-16T08:34:55.236+0000] {dag.py:3722} INFO - Setting next_dagrun for example_subdag_operator.section-2 to None, run_after=None
[2023-11-16T08:34:55.240+0000] {logging_mixin.py:151} INFO - [2023-11-16T08:34:55.240+0000] {dag.py:2941} INFO - Sync 2 DAGs
[2023-11-16T08:34:55.244+0000] {logging_mixin.py:151} INFO - [2023-11-16T08:34:55.244+0000] {dag.py:3722} INFO - Setting next_dagrun for example_subdag_operator.section-1 to None, run_after=None
[2023-11-16T08:34:55.244+0000] {logging_mixin.py:151} INFO - [2023-11-16T08:34:55.244+0000] {dag.py:3722} INFO - Setting next_dagrun for example_subdag_operator.section-2 to None, run_after=None
[2023-11-16T08:34:55.251+0000] {processor.py:179} INFO - Processing /home/airflow/.local/lib/python3.8/site-packages/airflow/example_dags/example_subdag_operator.py took 0.064 seconds
[2023-11-16T08:35:26.170+0000] {processor.py:157} INFO - Started process (PID=763) to work on /home/airflow/.local/lib/python3.8/site-packages/airflow/example_dags/example_subdag_operator.py
[2023-11-16T08:35:26.171+0000] {processor.py:829} INFO - Processing file /home/airflow/.local/lib/python3.8/site-packages/airflow/example_dags/example_subdag_operator.py for tasks to queue
[2023-11-16T08:35:26.173+0000] {logging_mixin.py:151} INFO - [2023-11-16T08:35:26.173+0000] {dagbag.py:536} INFO - Filling up the DagBag from /home/airflow/.local/lib/python3.8/site-packages/airflow/example_dags/example_subdag_operator.py
[2023-11-16T08:35:26.189+0000] {processor.py:839} INFO - DAG(s) dict_keys(['example_subdag_operator.section-1', 'example_subdag_operator.section-2', 'example_subdag_operator']) retrieved from /home/airflow/.local/lib/python3.8/site-packages/airflow/example_dags/example_subdag_operator.py
[2023-11-16T08:35:26.199+0000] {logging_mixin.py:151} INFO - [2023-11-16T08:35:26.199+0000] {dag.py:2941} INFO - Sync 3 DAGs
[2023-11-16T08:35:26.214+0000] {logging_mixin.py:151} INFO - [2023-11-16T08:35:26.214+0000] {dag.py:3722} INFO - Setting next_dagrun for example_subdag_operator to 2022-01-01T00:00:00+00:00, run_after=2022-01-01T00:00:00+00:00
[2023-11-16T08:35:26.217+0000] {logging_mixin.py:151} INFO - [2023-11-16T08:35:26.217+0000] {dag.py:3722} INFO - Setting next_dagrun for example_subdag_operator.section-1 to None, run_after=None
[2023-11-16T08:35:26.218+0000] {logging_mixin.py:151} INFO - [2023-11-16T08:35:26.218+0000] {dag.py:3722} INFO - Setting next_dagrun for example_subdag_operator.section-2 to None, run_after=None
[2023-11-16T08:35:26.223+0000] {logging_mixin.py:151} INFO - [2023-11-16T08:35:26.222+0000] {dag.py:2941} INFO - Sync 2 DAGs
[2023-11-16T08:35:26.227+0000] {logging_mixin.py:151} INFO - [2023-11-16T08:35:26.227+0000] {dag.py:3722} INFO - Setting next_dagrun for example_subdag_operator.section-1 to None, run_after=None
[2023-11-16T08:35:26.227+0000] {logging_mixin.py:151} INFO - [2023-11-16T08:35:26.227+0000] {dag.py:3722} INFO - Setting next_dagrun for example_subdag_operator.section-2 to None, run_after=None
[2023-11-16T08:35:26.236+0000] {processor.py:179} INFO - Processing /home/airflow/.local/lib/python3.8/site-packages/airflow/example_dags/example_subdag_operator.py took 0.068 seconds
[2023-11-16T08:35:56.299+0000] {processor.py:157} INFO - Started process (PID=817) to work on /home/airflow/.local/lib/python3.8/site-packages/airflow/example_dags/example_subdag_operator.py
[2023-11-16T08:35:56.300+0000] {processor.py:829} INFO - Processing file /home/airflow/.local/lib/python3.8/site-packages/airflow/example_dags/example_subdag_operator.py for tasks to queue
[2023-11-16T08:35:56.302+0000] {logging_mixin.py:151} INFO - [2023-11-16T08:35:56.302+0000] {dagbag.py:536} INFO - Filling up the DagBag from /home/airflow/.local/lib/python3.8/site-packages/airflow/example_dags/example_subdag_operator.py
[2023-11-16T08:35:56.318+0000] {processor.py:839} INFO - DAG(s) dict_keys(['example_subdag_operator.section-1', 'example_subdag_operator.section-2', 'example_subdag_operator']) retrieved from /home/airflow/.local/lib/python3.8/site-packages/airflow/example_dags/example_subdag_operator.py
[2023-11-16T08:35:56.328+0000] {logging_mixin.py:151} INFO - [2023-11-16T08:35:56.328+0000] {dag.py:2941} INFO - Sync 3 DAGs
[2023-11-16T08:35:56.343+0000] {logging_mixin.py:151} INFO - [2023-11-16T08:35:56.343+0000] {dag.py:3722} INFO - Setting next_dagrun for example_subdag_operator to 2022-01-01T00:00:00+00:00, run_after=2022-01-01T00:00:00+00:00
[2023-11-16T08:35:56.345+0000] {logging_mixin.py:151} INFO - [2023-11-16T08:35:56.345+0000] {dag.py:3722} INFO - Setting next_dagrun for example_subdag_operator.section-1 to None, run_after=None
[2023-11-16T08:35:56.346+0000] {logging_mixin.py:151} INFO - [2023-11-16T08:35:56.346+0000] {dag.py:3722} INFO - Setting next_dagrun for example_subdag_operator.section-2 to None, run_after=None
[2023-11-16T08:35:56.351+0000] {logging_mixin.py:151} INFO - [2023-11-16T08:35:56.351+0000] {dag.py:2941} INFO - Sync 2 DAGs
[2023-11-16T08:35:56.355+0000] {logging_mixin.py:151} INFO - [2023-11-16T08:35:56.355+0000] {dag.py:3722} INFO - Setting next_dagrun for example_subdag_operator.section-1 to None, run_after=None
[2023-11-16T08:35:56.355+0000] {logging_mixin.py:151} INFO - [2023-11-16T08:35:56.355+0000] {dag.py:3722} INFO - Setting next_dagrun for example_subdag_operator.section-2 to None, run_after=None
[2023-11-16T08:35:56.363+0000] {processor.py:179} INFO - Processing /home/airflow/.local/lib/python3.8/site-packages/airflow/example_dags/example_subdag_operator.py took 0.065 seconds
[2023-11-16T08:36:26.471+0000] {processor.py:157} INFO - Started process (PID=871) to work on /home/airflow/.local/lib/python3.8/site-packages/airflow/example_dags/example_subdag_operator.py
[2023-11-16T08:36:26.472+0000] {processor.py:829} INFO - Processing file /home/airflow/.local/lib/python3.8/site-packages/airflow/example_dags/example_subdag_operator.py for tasks to queue
[2023-11-16T08:36:26.474+0000] {logging_mixin.py:151} INFO - [2023-11-16T08:36:26.473+0000] {dagbag.py:536} INFO - Filling up the DagBag from /home/airflow/.local/lib/python3.8/site-packages/airflow/example_dags/example_subdag_operator.py
[2023-11-16T08:36:26.489+0000] {processor.py:839} INFO - DAG(s) dict_keys(['example_subdag_operator.section-1', 'example_subdag_operator.section-2', 'example_subdag_operator']) retrieved from /home/airflow/.local/lib/python3.8/site-packages/airflow/example_dags/example_subdag_operator.py
[2023-11-16T08:36:26.499+0000] {logging_mixin.py:151} INFO - [2023-11-16T08:36:26.498+0000] {dag.py:2941} INFO - Sync 3 DAGs
[2023-11-16T08:36:26.513+0000] {logging_mixin.py:151} INFO - [2023-11-16T08:36:26.513+0000] {dag.py:3722} INFO - Setting next_dagrun for example_subdag_operator to 2022-01-01T00:00:00+00:00, run_after=2022-01-01T00:00:00+00:00
[2023-11-16T08:36:26.515+0000] {logging_mixin.py:151} INFO - [2023-11-16T08:36:26.515+0000] {dag.py:3722} INFO - Setting next_dagrun for example_subdag_operator.section-1 to None, run_after=None
[2023-11-16T08:36:26.516+0000] {logging_mixin.py:151} INFO - [2023-11-16T08:36:26.516+0000] {dag.py:3722} INFO - Setting next_dagrun for example_subdag_operator.section-2 to None, run_after=None
[2023-11-16T08:36:26.521+0000] {logging_mixin.py:151} INFO - [2023-11-16T08:36:26.520+0000] {dag.py:2941} INFO - Sync 2 DAGs
[2023-11-16T08:36:26.524+0000] {logging_mixin.py:151} INFO - [2023-11-16T08:36:26.524+0000] {dag.py:3722} INFO - Setting next_dagrun for example_subdag_operator.section-1 to None, run_after=None
[2023-11-16T08:36:26.524+0000] {logging_mixin.py:151} INFO - [2023-11-16T08:36:26.524+0000] {dag.py:3722} INFO - Setting next_dagrun for example_subdag_operator.section-2 to None, run_after=None
[2023-11-16T08:36:26.532+0000] {processor.py:179} INFO - Processing /home/airflow/.local/lib/python3.8/site-packages/airflow/example_dags/example_subdag_operator.py took 0.063 seconds
[2023-11-16T08:36:56.672+0000] {processor.py:157} INFO - Started process (PID=925) to work on /home/airflow/.local/lib/python3.8/site-packages/airflow/example_dags/example_subdag_operator.py
[2023-11-16T08:36:56.673+0000] {processor.py:829} INFO - Processing file /home/airflow/.local/lib/python3.8/site-packages/airflow/example_dags/example_subdag_operator.py for tasks to queue
[2023-11-16T08:36:56.675+0000] {logging_mixin.py:151} INFO - [2023-11-16T08:36:56.675+0000] {dagbag.py:536} INFO - Filling up the DagBag from /home/airflow/.local/lib/python3.8/site-packages/airflow/example_dags/example_subdag_operator.py
[2023-11-16T08:36:56.691+0000] {processor.py:839} INFO - DAG(s) dict_keys(['example_subdag_operator.section-1', 'example_subdag_operator.section-2', 'example_subdag_operator']) retrieved from /home/airflow/.local/lib/python3.8/site-packages/airflow/example_dags/example_subdag_operator.py
[2023-11-16T08:36:56.703+0000] {logging_mixin.py:151} INFO - [2023-11-16T08:36:56.703+0000] {dag.py:2941} INFO - Sync 3 DAGs
[2023-11-16T08:36:56.718+0000] {logging_mixin.py:151} INFO - [2023-11-16T08:36:56.718+0000] {dag.py:3722} INFO - Setting next_dagrun for example_subdag_operator to 2022-01-01T00:00:00+00:00, run_after=2022-01-01T00:00:00+00:00
[2023-11-16T08:36:56.721+0000] {logging_mixin.py:151} INFO - [2023-11-16T08:36:56.721+0000] {dag.py:3722} INFO - Setting next_dagrun for example_subdag_operator.section-1 to None, run_after=None
[2023-11-16T08:36:56.722+0000] {logging_mixin.py:151} INFO - [2023-11-16T08:36:56.722+0000] {dag.py:3722} INFO - Setting next_dagrun for example_subdag_operator.section-2 to None, run_after=None
[2023-11-16T08:36:56.727+0000] {logging_mixin.py:151} INFO - [2023-11-16T08:36:56.727+0000] {dag.py:2941} INFO - Sync 2 DAGs
[2023-11-16T08:36:56.730+0000] {logging_mixin.py:151} INFO - [2023-11-16T08:36:56.730+0000] {dag.py:3722} INFO - Setting next_dagrun for example_subdag_operator.section-1 to None, run_after=None
[2023-11-16T08:36:56.731+0000] {logging_mixin.py:151} INFO - [2023-11-16T08:36:56.731+0000] {dag.py:3722} INFO - Setting next_dagrun for example_subdag_operator.section-2 to None, run_after=None
[2023-11-16T08:36:56.739+0000] {processor.py:179} INFO - Processing /home/airflow/.local/lib/python3.8/site-packages/airflow/example_dags/example_subdag_operator.py took 0.069 seconds
[2023-11-16T08:37:26.919+0000] {processor.py:157} INFO - Started process (PID=979) to work on /home/airflow/.local/lib/python3.8/site-packages/airflow/example_dags/example_subdag_operator.py
[2023-11-16T08:37:26.920+0000] {processor.py:829} INFO - Processing file /home/airflow/.local/lib/python3.8/site-packages/airflow/example_dags/example_subdag_operator.py for tasks to queue
[2023-11-16T08:37:26.922+0000] {logging_mixin.py:151} INFO - [2023-11-16T08:37:26.922+0000] {dagbag.py:536} INFO - Filling up the DagBag from /home/airflow/.local/lib/python3.8/site-packages/airflow/example_dags/example_subdag_operator.py
[2023-11-16T08:37:26.939+0000] {processor.py:839} INFO - DAG(s) dict_keys(['example_subdag_operator.section-1', 'example_subdag_operator.section-2', 'example_subdag_operator']) retrieved from /home/airflow/.local/lib/python3.8/site-packages/airflow/example_dags/example_subdag_operator.py
[2023-11-16T08:37:26.951+0000] {logging_mixin.py:151} INFO - [2023-11-16T08:37:26.951+0000] {dag.py:2941} INFO - Sync 3 DAGs
[2023-11-16T08:37:26.967+0000] {logging_mixin.py:151} INFO - [2023-11-16T08:37:26.966+0000] {dag.py:3722} INFO - Setting next_dagrun for example_subdag_operator to 2022-01-01T00:00:00+00:00, run_after=2022-01-01T00:00:00+00:00
[2023-11-16T08:37:26.970+0000] {logging_mixin.py:151} INFO - [2023-11-16T08:37:26.969+0000] {dag.py:3722} INFO - Setting next_dagrun for example_subdag_operator.section-1 to None, run_after=None
[2023-11-16T08:37:26.971+0000] {logging_mixin.py:151} INFO - [2023-11-16T08:37:26.971+0000] {dag.py:3722} INFO - Setting next_dagrun for example_subdag_operator.section-2 to None, run_after=None
[2023-11-16T08:37:26.977+0000] {logging_mixin.py:151} INFO - [2023-11-16T08:37:26.977+0000] {dag.py:2941} INFO - Sync 2 DAGs
[2023-11-16T08:37:26.983+0000] {logging_mixin.py:151} INFO - [2023-11-16T08:37:26.982+0000] {dag.py:3722} INFO - Setting next_dagrun for example_subdag_operator.section-1 to None, run_after=None
[2023-11-16T08:37:26.983+0000] {logging_mixin.py:151} INFO - [2023-11-16T08:37:26.983+0000] {dag.py:3722} INFO - Setting next_dagrun for example_subdag_operator.section-2 to None, run_after=None
[2023-11-16T08:37:26.992+0000] {processor.py:179} INFO - Processing /home/airflow/.local/lib/python3.8/site-packages/airflow/example_dags/example_subdag_operator.py took 0.075 seconds
[2023-11-16T08:37:57.044+0000] {processor.py:157} INFO - Started process (PID=1033) to work on /home/airflow/.local/lib/python3.8/site-packages/airflow/example_dags/example_subdag_operator.py
[2023-11-16T08:37:57.044+0000] {processor.py:829} INFO - Processing file /home/airflow/.local/lib/python3.8/site-packages/airflow/example_dags/example_subdag_operator.py for tasks to queue
[2023-11-16T08:37:57.046+0000] {logging_mixin.py:151} INFO - [2023-11-16T08:37:57.046+0000] {dagbag.py:536} INFO - Filling up the DagBag from /home/airflow/.local/lib/python3.8/site-packages/airflow/example_dags/example_subdag_operator.py
[2023-11-16T08:37:57.063+0000] {processor.py:839} INFO - DAG(s) dict_keys(['example_subdag_operator.section-1', 'example_subdag_operator.section-2', 'example_subdag_operator']) retrieved from /home/airflow/.local/lib/python3.8/site-packages/airflow/example_dags/example_subdag_operator.py
[2023-11-16T08:37:57.074+0000] {logging_mixin.py:151} INFO - [2023-11-16T08:37:57.074+0000] {dag.py:2941} INFO - Sync 3 DAGs
[2023-11-16T08:37:57.091+0000] {logging_mixin.py:151} INFO - [2023-11-16T08:37:57.091+0000] {dag.py:3722} INFO - Setting next_dagrun for example_subdag_operator to 2022-01-01T00:00:00+00:00, run_after=2022-01-01T00:00:00+00:00
[2023-11-16T08:37:57.094+0000] {logging_mixin.py:151} INFO - [2023-11-16T08:37:57.094+0000] {dag.py:3722} INFO - Setting next_dagrun for example_subdag_operator.section-1 to None, run_after=None
[2023-11-16T08:37:57.095+0000] {logging_mixin.py:151} INFO - [2023-11-16T08:37:57.095+0000] {dag.py:3722} INFO - Setting next_dagrun for example_subdag_operator.section-2 to None, run_after=None
[2023-11-16T08:37:57.100+0000] {logging_mixin.py:151} INFO - [2023-11-16T08:37:57.100+0000] {dag.py:2941} INFO - Sync 2 DAGs
[2023-11-16T08:37:57.104+0000] {logging_mixin.py:151} INFO - [2023-11-16T08:37:57.104+0000] {dag.py:3722} INFO - Setting next_dagrun for example_subdag_operator.section-1 to None, run_after=None
[2023-11-16T08:37:57.105+0000] {logging_mixin.py:151} INFO - [2023-11-16T08:37:57.105+0000] {dag.py:3722} INFO - Setting next_dagrun for example_subdag_operator.section-2 to None, run_after=None
[2023-11-16T08:37:57.114+0000] {processor.py:179} INFO - Processing /home/airflow/.local/lib/python3.8/site-packages/airflow/example_dags/example_subdag_operator.py took 0.073 seconds
[2023-11-16T08:38:27.331+0000] {processor.py:157} INFO - Started process (PID=1087) to work on /home/airflow/.local/lib/python3.8/site-packages/airflow/example_dags/example_subdag_operator.py
[2023-11-16T08:38:27.332+0000] {processor.py:829} INFO - Processing file /home/airflow/.local/lib/python3.8/site-packages/airflow/example_dags/example_subdag_operator.py for tasks to queue
[2023-11-16T08:38:27.334+0000] {logging_mixin.py:151} INFO - [2023-11-16T08:38:27.334+0000] {dagbag.py:536} INFO - Filling up the DagBag from /home/airflow/.local/lib/python3.8/site-packages/airflow/example_dags/example_subdag_operator.py
[2023-11-16T08:38:27.354+0000] {processor.py:839} INFO - DAG(s) dict_keys(['example_subdag_operator.section-1', 'example_subdag_operator.section-2', 'example_subdag_operator']) retrieved from /home/airflow/.local/lib/python3.8/site-packages/airflow/example_dags/example_subdag_operator.py
[2023-11-16T08:38:27.367+0000] {logging_mixin.py:151} INFO - [2023-11-16T08:38:27.366+0000] {dag.py:2941} INFO - Sync 3 DAGs
[2023-11-16T08:38:27.400+0000] {logging_mixin.py:151} INFO - [2023-11-16T08:38:27.399+0000] {dag.py:3722} INFO - Setting next_dagrun for example_subdag_operator to 2022-01-01T00:00:00+00:00, run_after=2022-01-01T00:00:00+00:00
[2023-11-16T08:38:27.407+0000] {logging_mixin.py:151} INFO - [2023-11-16T08:38:27.407+0000] {dag.py:3722} INFO - Setting next_dagrun for example_subdag_operator.section-1 to None, run_after=None
[2023-11-16T08:38:27.409+0000] {logging_mixin.py:151} INFO - [2023-11-16T08:38:27.409+0000] {dag.py:3722} INFO - Setting next_dagrun for example_subdag_operator.section-2 to None, run_after=None
[2023-11-16T08:38:27.417+0000] {logging_mixin.py:151} INFO - [2023-11-16T08:38:27.416+0000] {dag.py:2941} INFO - Sync 2 DAGs
[2023-11-16T08:38:27.422+0000] {logging_mixin.py:151} INFO - [2023-11-16T08:38:27.421+0000] {dag.py:3722} INFO - Setting next_dagrun for example_subdag_operator.section-1 to None, run_after=None
[2023-11-16T08:38:27.422+0000] {logging_mixin.py:151} INFO - [2023-11-16T08:38:27.422+0000] {dag.py:3722} INFO - Setting next_dagrun for example_subdag_operator.section-2 to None, run_after=None
[2023-11-16T08:38:27.432+0000] {processor.py:179} INFO - Processing /home/airflow/.local/lib/python3.8/site-packages/airflow/example_dags/example_subdag_operator.py took 0.103 seconds
[2023-11-16T08:38:57.610+0000] {processor.py:157} INFO - Started process (PID=1141) to work on /home/airflow/.local/lib/python3.8/site-packages/airflow/example_dags/example_subdag_operator.py
[2023-11-16T08:38:57.611+0000] {processor.py:829} INFO - Processing file /home/airflow/.local/lib/python3.8/site-packages/airflow/example_dags/example_subdag_operator.py for tasks to queue
[2023-11-16T08:38:57.613+0000] {logging_mixin.py:151} INFO - [2023-11-16T08:38:57.613+0000] {dagbag.py:536} INFO - Filling up the DagBag from /home/airflow/.local/lib/python3.8/site-packages/airflow/example_dags/example_subdag_operator.py
[2023-11-16T08:38:57.629+0000] {processor.py:839} INFO - DAG(s) dict_keys(['example_subdag_operator.section-1', 'example_subdag_operator.section-2', 'example_subdag_operator']) retrieved from /home/airflow/.local/lib/python3.8/site-packages/airflow/example_dags/example_subdag_operator.py
[2023-11-16T08:38:57.639+0000] {logging_mixin.py:151} INFO - [2023-11-16T08:38:57.639+0000] {dag.py:2941} INFO - Sync 3 DAGs
[2023-11-16T08:38:57.654+0000] {logging_mixin.py:151} INFO - [2023-11-16T08:38:57.654+0000] {dag.py:3722} INFO - Setting next_dagrun for example_subdag_operator to 2022-01-01T00:00:00+00:00, run_after=2022-01-01T00:00:00+00:00
[2023-11-16T08:38:57.656+0000] {logging_mixin.py:151} INFO - [2023-11-16T08:38:57.656+0000] {dag.py:3722} INFO - Setting next_dagrun for example_subdag_operator.section-1 to None, run_after=None
[2023-11-16T08:38:57.657+0000] {logging_mixin.py:151} INFO - [2023-11-16T08:38:57.657+0000] {dag.py:3722} INFO - Setting next_dagrun for example_subdag_operator.section-2 to None, run_after=None
[2023-11-16T08:38:57.662+0000] {logging_mixin.py:151} INFO - [2023-11-16T08:38:57.662+0000] {dag.py:2941} INFO - Sync 2 DAGs
[2023-11-16T08:38:57.665+0000] {logging_mixin.py:151} INFO - [2023-11-16T08:38:57.665+0000] {dag.py:3722} INFO - Setting next_dagrun for example_subdag_operator.section-1 to None, run_after=None
[2023-11-16T08:38:57.665+0000] {logging_mixin.py:151} INFO - [2023-11-16T08:38:57.665+0000] {dag.py:3722} INFO - Setting next_dagrun for example_subdag_operator.section-2 to None, run_after=None
[2023-11-16T08:38:57.672+0000] {processor.py:179} INFO - Processing /home/airflow/.local/lib/python3.8/site-packages/airflow/example_dags/example_subdag_operator.py took 0.064 seconds
[2023-11-16T08:39:27.772+0000] {processor.py:157} INFO - Started process (PID=1195) to work on /home/airflow/.local/lib/python3.8/site-packages/airflow/example_dags/example_subdag_operator.py
[2023-11-16T08:39:27.773+0000] {processor.py:829} INFO - Processing file /home/airflow/.local/lib/python3.8/site-packages/airflow/example_dags/example_subdag_operator.py for tasks to queue
[2023-11-16T08:39:27.774+0000] {logging_mixin.py:151} INFO - [2023-11-16T08:39:27.774+0000] {dagbag.py:536} INFO - Filling up the DagBag from /home/airflow/.local/lib/python3.8/site-packages/airflow/example_dags/example_subdag_operator.py
[2023-11-16T08:39:27.789+0000] {processor.py:839} INFO - DAG(s) dict_keys(['example_subdag_operator.section-1', 'example_subdag_operator.section-2', 'example_subdag_operator']) retrieved from /home/airflow/.local/lib/python3.8/site-packages/airflow/example_dags/example_subdag_operator.py
[2023-11-16T08:39:27.800+0000] {logging_mixin.py:151} INFO - [2023-11-16T08:39:27.799+0000] {dag.py:2941} INFO - Sync 3 DAGs
[2023-11-16T08:39:27.813+0000] {logging_mixin.py:151} INFO - [2023-11-16T08:39:27.813+0000] {dag.py:3722} INFO - Setting next_dagrun for example_subdag_operator to 2022-01-01T00:00:00+00:00, run_after=2022-01-01T00:00:00+00:00
[2023-11-16T08:39:27.816+0000] {logging_mixin.py:151} INFO - [2023-11-16T08:39:27.816+0000] {dag.py:3722} INFO - Setting next_dagrun for example_subdag_operator.section-1 to None, run_after=None
[2023-11-16T08:39:27.817+0000] {logging_mixin.py:151} INFO - [2023-11-16T08:39:27.817+0000] {dag.py:3722} INFO - Setting next_dagrun for example_subdag_operator.section-2 to None, run_after=None
[2023-11-16T08:39:27.821+0000] {logging_mixin.py:151} INFO - [2023-11-16T08:39:27.821+0000] {dag.py:2941} INFO - Sync 2 DAGs
[2023-11-16T08:39:27.825+0000] {logging_mixin.py:151} INFO - [2023-11-16T08:39:27.825+0000] {dag.py:3722} INFO - Setting next_dagrun for example_subdag_operator.section-1 to None, run_after=None
[2023-11-16T08:39:27.825+0000] {logging_mixin.py:151} INFO - [2023-11-16T08:39:27.825+0000] {dag.py:3722} INFO - Setting next_dagrun for example_subdag_operator.section-2 to None, run_after=None
[2023-11-16T08:39:27.832+0000] {processor.py:179} INFO - Processing /home/airflow/.local/lib/python3.8/site-packages/airflow/example_dags/example_subdag_operator.py took 0.062 seconds
[2023-11-16T08:39:57.945+0000] {processor.py:157} INFO - Started process (PID=1249) to work on /home/airflow/.local/lib/python3.8/site-packages/airflow/example_dags/example_subdag_operator.py
[2023-11-16T08:39:57.945+0000] {processor.py:829} INFO - Processing file /home/airflow/.local/lib/python3.8/site-packages/airflow/example_dags/example_subdag_operator.py for tasks to queue
[2023-11-16T08:39:57.947+0000] {logging_mixin.py:151} INFO - [2023-11-16T08:39:57.947+0000] {dagbag.py:536} INFO - Filling up the DagBag from /home/airflow/.local/lib/python3.8/site-packages/airflow/example_dags/example_subdag_operator.py
[2023-11-16T08:39:57.975+0000] {processor.py:839} INFO - DAG(s) dict_keys(['example_subdag_operator.section-1', 'example_subdag_operator.section-2', 'example_subdag_operator']) retrieved from /home/airflow/.local/lib/python3.8/site-packages/airflow/example_dags/example_subdag_operator.py
[2023-11-16T08:39:57.989+0000] {logging_mixin.py:151} INFO - [2023-11-16T08:39:57.989+0000] {dag.py:2941} INFO - Sync 3 DAGs
[2023-11-16T08:39:58.006+0000] {logging_mixin.py:151} INFO - [2023-11-16T08:39:58.006+0000] {dag.py:3722} INFO - Setting next_dagrun for example_subdag_operator to 2022-01-01T00:00:00+00:00, run_after=2022-01-01T00:00:00+00:00
[2023-11-16T08:39:58.009+0000] {logging_mixin.py:151} INFO - [2023-11-16T08:39:58.009+0000] {dag.py:3722} INFO - Setting next_dagrun for example_subdag_operator.section-1 to None, run_after=None
[2023-11-16T08:39:58.010+0000] {logging_mixin.py:151} INFO - [2023-11-16T08:39:58.010+0000] {dag.py:3722} INFO - Setting next_dagrun for example_subdag_operator.section-2 to None, run_after=None
[2023-11-16T08:39:58.016+0000] {logging_mixin.py:151} INFO - [2023-11-16T08:39:58.016+0000] {dag.py:2941} INFO - Sync 2 DAGs
[2023-11-16T08:39:58.020+0000] {logging_mixin.py:151} INFO - [2023-11-16T08:39:58.020+0000] {dag.py:3722} INFO - Setting next_dagrun for example_subdag_operator.section-1 to None, run_after=None
[2023-11-16T08:39:58.021+0000] {logging_mixin.py:151} INFO - [2023-11-16T08:39:58.021+0000] {dag.py:3722} INFO - Setting next_dagrun for example_subdag_operator.section-2 to None, run_after=None
[2023-11-16T08:39:58.029+0000] {processor.py:179} INFO - Processing /home/airflow/.local/lib/python3.8/site-packages/airflow/example_dags/example_subdag_operator.py took 0.086 seconds
[2023-11-16T08:40:29.026+0000] {processor.py:157} INFO - Started process (PID=1303) to work on /home/airflow/.local/lib/python3.8/site-packages/airflow/example_dags/example_subdag_operator.py
[2023-11-16T08:40:29.027+0000] {processor.py:829} INFO - Processing file /home/airflow/.local/lib/python3.8/site-packages/airflow/example_dags/example_subdag_operator.py for tasks to queue
[2023-11-16T08:40:29.029+0000] {logging_mixin.py:151} INFO - [2023-11-16T08:40:29.028+0000] {dagbag.py:536} INFO - Filling up the DagBag from /home/airflow/.local/lib/python3.8/site-packages/airflow/example_dags/example_subdag_operator.py
[2023-11-16T08:40:29.044+0000] {processor.py:839} INFO - DAG(s) dict_keys(['example_subdag_operator.section-1', 'example_subdag_operator.section-2', 'example_subdag_operator']) retrieved from /home/airflow/.local/lib/python3.8/site-packages/airflow/example_dags/example_subdag_operator.py
[2023-11-16T08:40:29.054+0000] {logging_mixin.py:151} INFO - [2023-11-16T08:40:29.054+0000] {dag.py:2941} INFO - Sync 3 DAGs
[2023-11-16T08:40:29.069+0000] {logging_mixin.py:151} INFO - [2023-11-16T08:40:29.068+0000] {dag.py:3722} INFO - Setting next_dagrun for example_subdag_operator to 2022-01-01T00:00:00+00:00, run_after=2022-01-01T00:00:00+00:00
[2023-11-16T08:40:29.071+0000] {logging_mixin.py:151} INFO - [2023-11-16T08:40:29.071+0000] {dag.py:3722} INFO - Setting next_dagrun for example_subdag_operator.section-1 to None, run_after=None
[2023-11-16T08:40:29.072+0000] {logging_mixin.py:151} INFO - [2023-11-16T08:40:29.072+0000] {dag.py:3722} INFO - Setting next_dagrun for example_subdag_operator.section-2 to None, run_after=None
[2023-11-16T08:40:29.077+0000] {logging_mixin.py:151} INFO - [2023-11-16T08:40:29.077+0000] {dag.py:2941} INFO - Sync 2 DAGs
[2023-11-16T08:40:29.081+0000] {logging_mixin.py:151} INFO - [2023-11-16T08:40:29.081+0000] {dag.py:3722} INFO - Setting next_dagrun for example_subdag_operator.section-1 to None, run_after=None
[2023-11-16T08:40:29.082+0000] {logging_mixin.py:151} INFO - [2023-11-16T08:40:29.082+0000] {dag.py:3722} INFO - Setting next_dagrun for example_subdag_operator.section-2 to None, run_after=None
[2023-11-16T08:40:29.090+0000] {processor.py:179} INFO - Processing /home/airflow/.local/lib/python3.8/site-packages/airflow/example_dags/example_subdag_operator.py took 0.066 seconds
[2023-11-16T08:40:59.905+0000] {processor.py:157} INFO - Started process (PID=1357) to work on /home/airflow/.local/lib/python3.8/site-packages/airflow/example_dags/example_subdag_operator.py
[2023-11-16T08:40:59.906+0000] {processor.py:829} INFO - Processing file /home/airflow/.local/lib/python3.8/site-packages/airflow/example_dags/example_subdag_operator.py for tasks to queue
[2023-11-16T08:40:59.908+0000] {logging_mixin.py:151} INFO - [2023-11-16T08:40:59.907+0000] {dagbag.py:536} INFO - Filling up the DagBag from /home/airflow/.local/lib/python3.8/site-packages/airflow/example_dags/example_subdag_operator.py
[2023-11-16T08:40:59.923+0000] {processor.py:839} INFO - DAG(s) dict_keys(['example_subdag_operator.section-1', 'example_subdag_operator.section-2', 'example_subdag_operator']) retrieved from /home/airflow/.local/lib/python3.8/site-packages/airflow/example_dags/example_subdag_operator.py
[2023-11-16T08:40:59.933+0000] {logging_mixin.py:151} INFO - [2023-11-16T08:40:59.933+0000] {dag.py:2941} INFO - Sync 3 DAGs
[2023-11-16T08:40:59.947+0000] {logging_mixin.py:151} INFO - [2023-11-16T08:40:59.947+0000] {dag.py:3722} INFO - Setting next_dagrun for example_subdag_operator to 2022-01-01T00:00:00+00:00, run_after=2022-01-01T00:00:00+00:00
[2023-11-16T08:40:59.950+0000] {logging_mixin.py:151} INFO - [2023-11-16T08:40:59.950+0000] {dag.py:3722} INFO - Setting next_dagrun for example_subdag_operator.section-1 to None, run_after=None
[2023-11-16T08:40:59.951+0000] {logging_mixin.py:151} INFO - [2023-11-16T08:40:59.951+0000] {dag.py:3722} INFO - Setting next_dagrun for example_subdag_operator.section-2 to None, run_after=None
[2023-11-16T08:40:59.956+0000] {logging_mixin.py:151} INFO - [2023-11-16T08:40:59.956+0000] {dag.py:2941} INFO - Sync 2 DAGs
[2023-11-16T08:40:59.960+0000] {logging_mixin.py:151} INFO - [2023-11-16T08:40:59.960+0000] {dag.py:3722} INFO - Setting next_dagrun for example_subdag_operator.section-1 to None, run_after=None
[2023-11-16T08:40:59.961+0000] {logging_mixin.py:151} INFO - [2023-11-16T08:40:59.961+0000] {dag.py:3722} INFO - Setting next_dagrun for example_subdag_operator.section-2 to None, run_after=None
[2023-11-16T08:40:59.969+0000] {processor.py:179} INFO - Processing /home/airflow/.local/lib/python3.8/site-packages/airflow/example_dags/example_subdag_operator.py took 0.066 seconds
[2023-11-16T08:41:30.913+0000] {processor.py:157} INFO - Started process (PID=1411) to work on /home/airflow/.local/lib/python3.8/site-packages/airflow/example_dags/example_subdag_operator.py
[2023-11-16T08:41:30.914+0000] {processor.py:829} INFO - Processing file /home/airflow/.local/lib/python3.8/site-packages/airflow/example_dags/example_subdag_operator.py for tasks to queue
[2023-11-16T08:41:30.916+0000] {logging_mixin.py:151} INFO - [2023-11-16T08:41:30.916+0000] {dagbag.py:536} INFO - Filling up the DagBag from /home/airflow/.local/lib/python3.8/site-packages/airflow/example_dags/example_subdag_operator.py
[2023-11-16T08:41:30.935+0000] {processor.py:839} INFO - DAG(s) dict_keys(['example_subdag_operator.section-1', 'example_subdag_operator.section-2', 'example_subdag_operator']) retrieved from /home/airflow/.local/lib/python3.8/site-packages/airflow/example_dags/example_subdag_operator.py
[2023-11-16T08:41:30.946+0000] {logging_mixin.py:151} INFO - [2023-11-16T08:41:30.946+0000] {dag.py:2941} INFO - Sync 3 DAGs
[2023-11-16T08:41:30.964+0000] {logging_mixin.py:151} INFO - [2023-11-16T08:41:30.963+0000] {dag.py:3722} INFO - Setting next_dagrun for example_subdag_operator to 2022-01-01T00:00:00+00:00, run_after=2022-01-01T00:00:00+00:00
[2023-11-16T08:41:30.967+0000] {logging_mixin.py:151} INFO - [2023-11-16T08:41:30.967+0000] {dag.py:3722} INFO - Setting next_dagrun for example_subdag_operator.section-1 to None, run_after=None
[2023-11-16T08:41:30.968+0000] {logging_mixin.py:151} INFO - [2023-11-16T08:41:30.968+0000] {dag.py:3722} INFO - Setting next_dagrun for example_subdag_operator.section-2 to None, run_after=None
[2023-11-16T08:41:30.974+0000] {logging_mixin.py:151} INFO - [2023-11-16T08:41:30.974+0000] {dag.py:2941} INFO - Sync 2 DAGs
[2023-11-16T08:41:30.979+0000] {logging_mixin.py:151} INFO - [2023-11-16T08:41:30.979+0000] {dag.py:3722} INFO - Setting next_dagrun for example_subdag_operator.section-1 to None, run_after=None
[2023-11-16T08:41:30.980+0000] {logging_mixin.py:151} INFO - [2023-11-16T08:41:30.980+0000] {dag.py:3722} INFO - Setting next_dagrun for example_subdag_operator.section-2 to None, run_after=None
[2023-11-16T08:41:30.990+0000] {processor.py:179} INFO - Processing /home/airflow/.local/lib/python3.8/site-packages/airflow/example_dags/example_subdag_operator.py took 0.079 seconds
[2023-11-16T08:42:01.084+0000] {processor.py:157} INFO - Started process (PID=1465) to work on /home/airflow/.local/lib/python3.8/site-packages/airflow/example_dags/example_subdag_operator.py
[2023-11-16T08:42:01.085+0000] {processor.py:829} INFO - Processing file /home/airflow/.local/lib/python3.8/site-packages/airflow/example_dags/example_subdag_operator.py for tasks to queue
[2023-11-16T08:42:01.086+0000] {logging_mixin.py:151} INFO - [2023-11-16T08:42:01.086+0000] {dagbag.py:536} INFO - Filling up the DagBag from /home/airflow/.local/lib/python3.8/site-packages/airflow/example_dags/example_subdag_operator.py
[2023-11-16T08:42:01.101+0000] {processor.py:839} INFO - DAG(s) dict_keys(['example_subdag_operator.section-1', 'example_subdag_operator.section-2', 'example_subdag_operator']) retrieved from /home/airflow/.local/lib/python3.8/site-packages/airflow/example_dags/example_subdag_operator.py
[2023-11-16T08:42:01.112+0000] {logging_mixin.py:151} INFO - [2023-11-16T08:42:01.111+0000] {dag.py:2941} INFO - Sync 3 DAGs
[2023-11-16T08:42:01.126+0000] {logging_mixin.py:151} INFO - [2023-11-16T08:42:01.126+0000] {dag.py:3722} INFO - Setting next_dagrun for example_subdag_operator to 2022-01-01T00:00:00+00:00, run_after=2022-01-01T00:00:00+00:00
[2023-11-16T08:42:01.128+0000] {logging_mixin.py:151} INFO - [2023-11-16T08:42:01.128+0000] {dag.py:3722} INFO - Setting next_dagrun for example_subdag_operator.section-1 to None, run_after=None
[2023-11-16T08:42:01.129+0000] {logging_mixin.py:151} INFO - [2023-11-16T08:42:01.129+0000] {dag.py:3722} INFO - Setting next_dagrun for example_subdag_operator.section-2 to None, run_after=None
[2023-11-16T08:42:01.134+0000] {logging_mixin.py:151} INFO - [2023-11-16T08:42:01.134+0000] {dag.py:2941} INFO - Sync 2 DAGs
[2023-11-16T08:42:01.139+0000] {logging_mixin.py:151} INFO - [2023-11-16T08:42:01.138+0000] {dag.py:3722} INFO - Setting next_dagrun for example_subdag_operator.section-1 to None, run_after=None
[2023-11-16T08:42:01.139+0000] {logging_mixin.py:151} INFO - [2023-11-16T08:42:01.139+0000] {dag.py:3722} INFO - Setting next_dagrun for example_subdag_operator.section-2 to None, run_after=None
[2023-11-16T08:42:01.147+0000] {processor.py:179} INFO - Processing /home/airflow/.local/lib/python3.8/site-packages/airflow/example_dags/example_subdag_operator.py took 0.065 seconds
[2023-11-16T08:42:31.964+0000] {processor.py:157} INFO - Started process (PID=1519) to work on /home/airflow/.local/lib/python3.8/site-packages/airflow/example_dags/example_subdag_operator.py
[2023-11-16T08:42:31.964+0000] {processor.py:829} INFO - Processing file /home/airflow/.local/lib/python3.8/site-packages/airflow/example_dags/example_subdag_operator.py for tasks to queue
[2023-11-16T08:42:31.966+0000] {logging_mixin.py:151} INFO - [2023-11-16T08:42:31.966+0000] {dagbag.py:536} INFO - Filling up the DagBag from /home/airflow/.local/lib/python3.8/site-packages/airflow/example_dags/example_subdag_operator.py
[2023-11-16T08:42:31.983+0000] {processor.py:839} INFO - DAG(s) dict_keys(['example_subdag_operator.section-1', 'example_subdag_operator.section-2', 'example_subdag_operator']) retrieved from /home/airflow/.local/lib/python3.8/site-packages/airflow/example_dags/example_subdag_operator.py
[2023-11-16T08:42:31.996+0000] {logging_mixin.py:151} INFO - [2023-11-16T08:42:31.996+0000] {dag.py:2941} INFO - Sync 3 DAGs
[2023-11-16T08:42:32.019+0000] {logging_mixin.py:151} INFO - [2023-11-16T08:42:32.019+0000] {dag.py:3722} INFO - Setting next_dagrun for example_subdag_operator to 2022-01-01T00:00:00+00:00, run_after=2022-01-01T00:00:00+00:00
[2023-11-16T08:42:32.022+0000] {logging_mixin.py:151} INFO - [2023-11-16T08:42:32.022+0000] {dag.py:3722} INFO - Setting next_dagrun for example_subdag_operator.section-1 to None, run_after=None
[2023-11-16T08:42:32.024+0000] {logging_mixin.py:151} INFO - [2023-11-16T08:42:32.024+0000] {dag.py:3722} INFO - Setting next_dagrun for example_subdag_operator.section-2 to None, run_after=None
[2023-11-16T08:42:32.033+0000] {logging_mixin.py:151} INFO - [2023-11-16T08:42:32.033+0000] {dag.py:2941} INFO - Sync 2 DAGs
[2023-11-16T08:42:32.039+0000] {logging_mixin.py:151} INFO - [2023-11-16T08:42:32.039+0000] {dag.py:3722} INFO - Setting next_dagrun for example_subdag_operator.section-1 to None, run_after=None
[2023-11-16T08:42:32.040+0000] {logging_mixin.py:151} INFO - [2023-11-16T08:42:32.040+0000] {dag.py:3722} INFO - Setting next_dagrun for example_subdag_operator.section-2 to None, run_after=None
[2023-11-16T08:42:32.051+0000] {processor.py:179} INFO - Processing /home/airflow/.local/lib/python3.8/site-packages/airflow/example_dags/example_subdag_operator.py took 0.090 seconds
[2023-11-16T08:43:02.822+0000] {processor.py:157} INFO - Started process (PID=1580) to work on /home/airflow/.local/lib/python3.8/site-packages/airflow/example_dags/example_subdag_operator.py
[2023-11-16T08:43:02.823+0000] {processor.py:829} INFO - Processing file /home/airflow/.local/lib/python3.8/site-packages/airflow/example_dags/example_subdag_operator.py for tasks to queue
[2023-11-16T08:43:02.825+0000] {logging_mixin.py:151} INFO - [2023-11-16T08:43:02.824+0000] {dagbag.py:536} INFO - Filling up the DagBag from /home/airflow/.local/lib/python3.8/site-packages/airflow/example_dags/example_subdag_operator.py
[2023-11-16T08:43:02.840+0000] {processor.py:839} INFO - DAG(s) dict_keys(['example_subdag_operator.section-1', 'example_subdag_operator.section-2', 'example_subdag_operator']) retrieved from /home/airflow/.local/lib/python3.8/site-packages/airflow/example_dags/example_subdag_operator.py
[2023-11-16T08:43:02.850+0000] {logging_mixin.py:151} INFO - [2023-11-16T08:43:02.850+0000] {dag.py:2941} INFO - Sync 3 DAGs
[2023-11-16T08:43:02.864+0000] {logging_mixin.py:151} INFO - [2023-11-16T08:43:02.864+0000] {dag.py:3722} INFO - Setting next_dagrun for example_subdag_operator to 2022-01-01T00:00:00+00:00, run_after=2022-01-01T00:00:00+00:00
[2023-11-16T08:43:02.866+0000] {logging_mixin.py:151} INFO - [2023-11-16T08:43:02.866+0000] {dag.py:3722} INFO - Setting next_dagrun for example_subdag_operator.section-1 to None, run_after=None
[2023-11-16T08:43:02.867+0000] {logging_mixin.py:151} INFO - [2023-11-16T08:43:02.867+0000] {dag.py:3722} INFO - Setting next_dagrun for example_subdag_operator.section-2 to None, run_after=None
[2023-11-16T08:43:02.873+0000] {logging_mixin.py:151} INFO - [2023-11-16T08:43:02.873+0000] {dag.py:2941} INFO - Sync 2 DAGs
[2023-11-16T08:43:02.878+0000] {logging_mixin.py:151} INFO - [2023-11-16T08:43:02.877+0000] {dag.py:3722} INFO - Setting next_dagrun for example_subdag_operator.section-1 to None, run_after=None
[2023-11-16T08:43:02.878+0000] {logging_mixin.py:151} INFO - [2023-11-16T08:43:02.878+0000] {dag.py:3722} INFO - Setting next_dagrun for example_subdag_operator.section-2 to None, run_after=None
[2023-11-16T08:43:03.002+0000] {processor.py:179} INFO - Processing /home/airflow/.local/lib/python3.8/site-packages/airflow/example_dags/example_subdag_operator.py took 0.182 seconds
[2023-11-16T08:43:33.360+0000] {processor.py:157} INFO - Started process (PID=1634) to work on /home/airflow/.local/lib/python3.8/site-packages/airflow/example_dags/example_subdag_operator.py
[2023-11-16T08:43:33.361+0000] {processor.py:829} INFO - Processing file /home/airflow/.local/lib/python3.8/site-packages/airflow/example_dags/example_subdag_operator.py for tasks to queue
[2023-11-16T08:43:33.363+0000] {logging_mixin.py:151} INFO - [2023-11-16T08:43:33.362+0000] {dagbag.py:536} INFO - Filling up the DagBag from /home/airflow/.local/lib/python3.8/site-packages/airflow/example_dags/example_subdag_operator.py
[2023-11-16T08:43:33.378+0000] {processor.py:839} INFO - DAG(s) dict_keys(['example_subdag_operator.section-1', 'example_subdag_operator.section-2', 'example_subdag_operator']) retrieved from /home/airflow/.local/lib/python3.8/site-packages/airflow/example_dags/example_subdag_operator.py
[2023-11-16T08:43:33.388+0000] {logging_mixin.py:151} INFO - [2023-11-16T08:43:33.388+0000] {dag.py:2941} INFO - Sync 3 DAGs
[2023-11-16T08:43:33.402+0000] {logging_mixin.py:151} INFO - [2023-11-16T08:43:33.402+0000] {dag.py:3722} INFO - Setting next_dagrun for example_subdag_operator to 2022-01-01T00:00:00+00:00, run_after=2022-01-01T00:00:00+00:00
[2023-11-16T08:43:33.405+0000] {logging_mixin.py:151} INFO - [2023-11-16T08:43:33.405+0000] {dag.py:3722} INFO - Setting next_dagrun for example_subdag_operator.section-1 to None, run_after=None
[2023-11-16T08:43:33.406+0000] {logging_mixin.py:151} INFO - [2023-11-16T08:43:33.406+0000] {dag.py:3722} INFO - Setting next_dagrun for example_subdag_operator.section-2 to None, run_after=None
[2023-11-16T08:43:33.411+0000] {logging_mixin.py:151} INFO - [2023-11-16T08:43:33.411+0000] {dag.py:2941} INFO - Sync 2 DAGs
[2023-11-16T08:43:33.416+0000] {logging_mixin.py:151} INFO - [2023-11-16T08:43:33.416+0000] {dag.py:3722} INFO - Setting next_dagrun for example_subdag_operator.section-1 to None, run_after=None
[2023-11-16T08:43:33.416+0000] {logging_mixin.py:151} INFO - [2023-11-16T08:43:33.416+0000] {dag.py:3722} INFO - Setting next_dagrun for example_subdag_operator.section-2 to None, run_after=None
[2023-11-16T08:43:33.424+0000] {processor.py:179} INFO - Processing /home/airflow/.local/lib/python3.8/site-packages/airflow/example_dags/example_subdag_operator.py took 0.066 seconds
[2023-11-16T08:44:03.807+0000] {processor.py:157} INFO - Started process (PID=1688) to work on /home/airflow/.local/lib/python3.8/site-packages/airflow/example_dags/example_subdag_operator.py
[2023-11-16T08:44:03.808+0000] {processor.py:829} INFO - Processing file /home/airflow/.local/lib/python3.8/site-packages/airflow/example_dags/example_subdag_operator.py for tasks to queue
[2023-11-16T08:44:03.809+0000] {logging_mixin.py:151} INFO - [2023-11-16T08:44:03.809+0000] {dagbag.py:536} INFO - Filling up the DagBag from /home/airflow/.local/lib/python3.8/site-packages/airflow/example_dags/example_subdag_operator.py
[2023-11-16T08:44:03.825+0000] {processor.py:839} INFO - DAG(s) dict_keys(['example_subdag_operator.section-1', 'example_subdag_operator.section-2', 'example_subdag_operator']) retrieved from /home/airflow/.local/lib/python3.8/site-packages/airflow/example_dags/example_subdag_operator.py
[2023-11-16T08:44:03.835+0000] {logging_mixin.py:151} INFO - [2023-11-16T08:44:03.835+0000] {dag.py:2941} INFO - Sync 3 DAGs
[2023-11-16T08:44:03.851+0000] {logging_mixin.py:151} INFO - [2023-11-16T08:44:03.850+0000] {dag.py:3722} INFO - Setting next_dagrun for example_subdag_operator to 2022-01-01T00:00:00+00:00, run_after=2022-01-01T00:00:00+00:00
[2023-11-16T08:44:03.853+0000] {logging_mixin.py:151} INFO - [2023-11-16T08:44:03.853+0000] {dag.py:3722} INFO - Setting next_dagrun for example_subdag_operator.section-1 to None, run_after=None
[2023-11-16T08:44:03.855+0000] {logging_mixin.py:151} INFO - [2023-11-16T08:44:03.855+0000] {dag.py:3722} INFO - Setting next_dagrun for example_subdag_operator.section-2 to None, run_after=None
[2023-11-16T08:44:03.860+0000] {logging_mixin.py:151} INFO - [2023-11-16T08:44:03.860+0000] {dag.py:2941} INFO - Sync 2 DAGs
[2023-11-16T08:44:03.865+0000] {logging_mixin.py:151} INFO - [2023-11-16T08:44:03.865+0000] {dag.py:3722} INFO - Setting next_dagrun for example_subdag_operator.section-1 to None, run_after=None
[2023-11-16T08:44:03.866+0000] {logging_mixin.py:151} INFO - [2023-11-16T08:44:03.866+0000] {dag.py:3722} INFO - Setting next_dagrun for example_subdag_operator.section-2 to None, run_after=None
[2023-11-16T08:44:03.874+0000] {processor.py:179} INFO - Processing /home/airflow/.local/lib/python3.8/site-packages/airflow/example_dags/example_subdag_operator.py took 0.070 seconds
[2023-11-16T08:44:34.727+0000] {processor.py:157} INFO - Started process (PID=1742) to work on /home/airflow/.local/lib/python3.8/site-packages/airflow/example_dags/example_subdag_operator.py
[2023-11-16T08:44:34.727+0000] {processor.py:829} INFO - Processing file /home/airflow/.local/lib/python3.8/site-packages/airflow/example_dags/example_subdag_operator.py for tasks to queue
[2023-11-16T08:44:34.729+0000] {logging_mixin.py:151} INFO - [2023-11-16T08:44:34.728+0000] {dagbag.py:536} INFO - Filling up the DagBag from /home/airflow/.local/lib/python3.8/site-packages/airflow/example_dags/example_subdag_operator.py
[2023-11-16T08:44:34.746+0000] {processor.py:839} INFO - DAG(s) dict_keys(['example_subdag_operator.section-1', 'example_subdag_operator.section-2', 'example_subdag_operator']) retrieved from /home/airflow/.local/lib/python3.8/site-packages/airflow/example_dags/example_subdag_operator.py
[2023-11-16T08:44:34.757+0000] {logging_mixin.py:151} INFO - [2023-11-16T08:44:34.757+0000] {dag.py:2941} INFO - Sync 3 DAGs
[2023-11-16T08:44:34.896+0000] {logging_mixin.py:151} INFO - [2023-11-16T08:44:34.895+0000] {dag.py:3722} INFO - Setting next_dagrun for example_subdag_operator to 2022-01-01T00:00:00+00:00, run_after=2022-01-01T00:00:00+00:00
[2023-11-16T08:44:34.899+0000] {logging_mixin.py:151} INFO - [2023-11-16T08:44:34.899+0000] {dag.py:3722} INFO - Setting next_dagrun for example_subdag_operator.section-1 to None, run_after=None
[2023-11-16T08:44:34.900+0000] {logging_mixin.py:151} INFO - [2023-11-16T08:44:34.900+0000] {dag.py:3722} INFO - Setting next_dagrun for example_subdag_operator.section-2 to None, run_after=None
[2023-11-16T08:44:34.906+0000] {logging_mixin.py:151} INFO - [2023-11-16T08:44:34.905+0000] {dag.py:2941} INFO - Sync 2 DAGs
[2023-11-16T08:44:34.910+0000] {logging_mixin.py:151} INFO - [2023-11-16T08:44:34.910+0000] {dag.py:3722} INFO - Setting next_dagrun for example_subdag_operator.section-1 to None, run_after=None
[2023-11-16T08:44:34.911+0000] {logging_mixin.py:151} INFO - [2023-11-16T08:44:34.911+0000] {dag.py:3722} INFO - Setting next_dagrun for example_subdag_operator.section-2 to None, run_after=None
[2023-11-16T08:44:34.919+0000] {processor.py:179} INFO - Processing /home/airflow/.local/lib/python3.8/site-packages/airflow/example_dags/example_subdag_operator.py took 0.195 seconds
[2023-11-16T08:45:05.154+0000] {processor.py:157} INFO - Started process (PID=1796) to work on /home/airflow/.local/lib/python3.8/site-packages/airflow/example_dags/example_subdag_operator.py
[2023-11-16T08:45:05.155+0000] {processor.py:829} INFO - Processing file /home/airflow/.local/lib/python3.8/site-packages/airflow/example_dags/example_subdag_operator.py for tasks to queue
[2023-11-16T08:45:05.157+0000] {logging_mixin.py:151} INFO - [2023-11-16T08:45:05.157+0000] {dagbag.py:536} INFO - Filling up the DagBag from /home/airflow/.local/lib/python3.8/site-packages/airflow/example_dags/example_subdag_operator.py
[2023-11-16T08:45:05.177+0000] {processor.py:839} INFO - DAG(s) dict_keys(['example_subdag_operator.section-1', 'example_subdag_operator.section-2', 'example_subdag_operator']) retrieved from /home/airflow/.local/lib/python3.8/site-packages/airflow/example_dags/example_subdag_operator.py
[2023-11-16T08:45:05.191+0000] {logging_mixin.py:151} INFO - [2023-11-16T08:45:05.191+0000] {dag.py:2941} INFO - Sync 3 DAGs
[2023-11-16T08:45:05.214+0000] {logging_mixin.py:151} INFO - [2023-11-16T08:45:05.214+0000] {dag.py:3722} INFO - Setting next_dagrun for example_subdag_operator to 2022-01-01T00:00:00+00:00, run_after=2022-01-01T00:00:00+00:00
[2023-11-16T08:45:05.217+0000] {logging_mixin.py:151} INFO - [2023-11-16T08:45:05.217+0000] {dag.py:3722} INFO - Setting next_dagrun for example_subdag_operator.section-1 to None, run_after=None
[2023-11-16T08:45:05.219+0000] {logging_mixin.py:151} INFO - [2023-11-16T08:45:05.219+0000] {dag.py:3722} INFO - Setting next_dagrun for example_subdag_operator.section-2 to None, run_after=None
[2023-11-16T08:45:05.230+0000] {logging_mixin.py:151} INFO - [2023-11-16T08:45:05.230+0000] {dag.py:2941} INFO - Sync 2 DAGs
[2023-11-16T08:45:05.239+0000] {logging_mixin.py:151} INFO - [2023-11-16T08:45:05.238+0000] {dag.py:3722} INFO - Setting next_dagrun for example_subdag_operator.section-1 to None, run_after=None
[2023-11-16T08:45:05.240+0000] {logging_mixin.py:151} INFO - [2023-11-16T08:45:05.239+0000] {dag.py:3722} INFO - Setting next_dagrun for example_subdag_operator.section-2 to None, run_after=None
[2023-11-16T08:45:05.251+0000] {processor.py:179} INFO - Processing /home/airflow/.local/lib/python3.8/site-packages/airflow/example_dags/example_subdag_operator.py took 0.100 seconds
[2023-11-16T08:45:35.964+0000] {processor.py:157} INFO - Started process (PID=1850) to work on /home/airflow/.local/lib/python3.8/site-packages/airflow/example_dags/example_subdag_operator.py
[2023-11-16T08:45:35.965+0000] {processor.py:829} INFO - Processing file /home/airflow/.local/lib/python3.8/site-packages/airflow/example_dags/example_subdag_operator.py for tasks to queue
[2023-11-16T08:45:35.967+0000] {logging_mixin.py:151} INFO - [2023-11-16T08:45:35.966+0000] {dagbag.py:536} INFO - Filling up the DagBag from /home/airflow/.local/lib/python3.8/site-packages/airflow/example_dags/example_subdag_operator.py
[2023-11-16T08:45:35.982+0000] {processor.py:839} INFO - DAG(s) dict_keys(['example_subdag_operator.section-1', 'example_subdag_operator.section-2', 'example_subdag_operator']) retrieved from /home/airflow/.local/lib/python3.8/site-packages/airflow/example_dags/example_subdag_operator.py
[2023-11-16T08:45:35.992+0000] {logging_mixin.py:151} INFO - [2023-11-16T08:45:35.992+0000] {dag.py:2941} INFO - Sync 3 DAGs
[2023-11-16T08:45:36.006+0000] {logging_mixin.py:151} INFO - [2023-11-16T08:45:36.005+0000] {dag.py:3722} INFO - Setting next_dagrun for example_subdag_operator to 2022-01-01T00:00:00+00:00, run_after=2022-01-01T00:00:00+00:00
[2023-11-16T08:45:36.008+0000] {logging_mixin.py:151} INFO - [2023-11-16T08:45:36.008+0000] {dag.py:3722} INFO - Setting next_dagrun for example_subdag_operator.section-1 to None, run_after=None
[2023-11-16T08:45:36.009+0000] {logging_mixin.py:151} INFO - [2023-11-16T08:45:36.009+0000] {dag.py:3722} INFO - Setting next_dagrun for example_subdag_operator.section-2 to None, run_after=None
[2023-11-16T08:45:36.015+0000] {logging_mixin.py:151} INFO - [2023-11-16T08:45:36.015+0000] {dag.py:2941} INFO - Sync 2 DAGs
[2023-11-16T08:45:36.019+0000] {logging_mixin.py:151} INFO - [2023-11-16T08:45:36.019+0000] {dag.py:3722} INFO - Setting next_dagrun for example_subdag_operator.section-1 to None, run_after=None
[2023-11-16T08:45:36.020+0000] {logging_mixin.py:151} INFO - [2023-11-16T08:45:36.019+0000] {dag.py:3722} INFO - Setting next_dagrun for example_subdag_operator.section-2 to None, run_after=None
[2023-11-16T08:45:36.028+0000] {processor.py:179} INFO - Processing /home/airflow/.local/lib/python3.8/site-packages/airflow/example_dags/example_subdag_operator.py took 0.065 seconds
[2023-11-16T08:46:06.151+0000] {processor.py:157} INFO - Started process (PID=1904) to work on /home/airflow/.local/lib/python3.8/site-packages/airflow/example_dags/example_subdag_operator.py
[2023-11-16T08:46:06.152+0000] {processor.py:829} INFO - Processing file /home/airflow/.local/lib/python3.8/site-packages/airflow/example_dags/example_subdag_operator.py for tasks to queue
[2023-11-16T08:46:06.153+0000] {logging_mixin.py:151} INFO - [2023-11-16T08:46:06.153+0000] {dagbag.py:536} INFO - Filling up the DagBag from /home/airflow/.local/lib/python3.8/site-packages/airflow/example_dags/example_subdag_operator.py
[2023-11-16T08:46:06.169+0000] {processor.py:839} INFO - DAG(s) dict_keys(['example_subdag_operator.section-1', 'example_subdag_operator.section-2', 'example_subdag_operator']) retrieved from /home/airflow/.local/lib/python3.8/site-packages/airflow/example_dags/example_subdag_operator.py
[2023-11-16T08:46:06.179+0000] {logging_mixin.py:151} INFO - [2023-11-16T08:46:06.179+0000] {dag.py:2941} INFO - Sync 3 DAGs
[2023-11-16T08:46:06.321+0000] {logging_mixin.py:151} INFO - [2023-11-16T08:46:06.321+0000] {dag.py:3722} INFO - Setting next_dagrun for example_subdag_operator to 2022-01-01T00:00:00+00:00, run_after=2022-01-01T00:00:00+00:00
[2023-11-16T08:46:06.324+0000] {logging_mixin.py:151} INFO - [2023-11-16T08:46:06.324+0000] {dag.py:3722} INFO - Setting next_dagrun for example_subdag_operator.section-1 to None, run_after=None
[2023-11-16T08:46:06.325+0000] {logging_mixin.py:151} INFO - [2023-11-16T08:46:06.325+0000] {dag.py:3722} INFO - Setting next_dagrun for example_subdag_operator.section-2 to None, run_after=None
[2023-11-16T08:46:06.330+0000] {logging_mixin.py:151} INFO - [2023-11-16T08:46:06.330+0000] {dag.py:2941} INFO - Sync 2 DAGs
[2023-11-16T08:46:06.334+0000] {logging_mixin.py:151} INFO - [2023-11-16T08:46:06.334+0000] {dag.py:3722} INFO - Setting next_dagrun for example_subdag_operator.section-1 to None, run_after=None
[2023-11-16T08:46:06.334+0000] {logging_mixin.py:151} INFO - [2023-11-16T08:46:06.334+0000] {dag.py:3722} INFO - Setting next_dagrun for example_subdag_operator.section-2 to None, run_after=None
[2023-11-16T08:46:06.341+0000] {processor.py:179} INFO - Processing /home/airflow/.local/lib/python3.8/site-packages/airflow/example_dags/example_subdag_operator.py took 0.193 seconds
