[2023-11-16T08:28:49.146+0000] {processor.py:157} INFO - Started process (PID=50) to work on /home/airflow/.local/lib/python3.8/site-packages/airflow/example_dags/example_datasets.py
[2023-11-16T08:28:49.147+0000] {processor.py:829} INFO - Processing file /home/airflow/.local/lib/python3.8/site-packages/airflow/example_dags/example_datasets.py for tasks to queue
[2023-11-16T08:28:49.151+0000] {logging_mixin.py:151} INFO - [2023-11-16T08:28:49.150+0000] {dagbag.py:536} INFO - Filling up the DagBag from /home/airflow/.local/lib/python3.8/site-packages/airflow/example_dags/example_datasets.py
[2023-11-16T08:28:49.170+0000] {processor.py:839} INFO - DAG(s) dict_keys(['dataset_produces_1', 'dataset_consumes_1', 'dataset_consumes_unknown_never_scheduled', 'dataset_produces_2', 'dataset_consumes_1_never_scheduled', 'dataset_consumes_1_and_2']) retrieved from /home/airflow/.local/lib/python3.8/site-packages/airflow/example_dags/example_datasets.py
[2023-11-16T08:28:49.225+0000] {logging_mixin.py:151} INFO - [2023-11-16T08:28:49.225+0000] {dag.py:2941} INFO - Sync 6 DAGs
[2023-11-16T08:28:49.255+0000] {logging_mixin.py:151} INFO - [2023-11-16T08:28:49.254+0000] {dag.py:3722} INFO - Setting next_dagrun for dataset_consumes_1 to None, run_after=None
[2023-11-16T08:28:49.259+0000] {logging_mixin.py:151} INFO - [2023-11-16T08:28:49.259+0000] {dag.py:3722} INFO - Setting next_dagrun for dataset_consumes_1_and_2 to None, run_after=None
[2023-11-16T08:28:49.261+0000] {logging_mixin.py:151} INFO - [2023-11-16T08:28:49.261+0000] {dag.py:3722} INFO - Setting next_dagrun for dataset_consumes_1_never_scheduled to None, run_after=None
[2023-11-16T08:28:49.263+0000] {logging_mixin.py:151} INFO - [2023-11-16T08:28:49.263+0000] {dag.py:3722} INFO - Setting next_dagrun for dataset_consumes_unknown_never_scheduled to None, run_after=None
[2023-11-16T08:28:49.267+0000] {logging_mixin.py:151} INFO - [2023-11-16T08:28:49.267+0000] {dag.py:3722} INFO - Setting next_dagrun for dataset_produces_1 to 2023-11-15T00:00:00+00:00, run_after=2023-11-16T00:00:00+00:00
[2023-11-16T08:28:49.270+0000] {logging_mixin.py:151} INFO - [2023-11-16T08:28:49.270+0000] {dag.py:3722} INFO - Setting next_dagrun for dataset_produces_2 to None, run_after=None
[2023-11-16T08:28:49.316+0000] {processor.py:179} INFO - Processing /home/airflow/.local/lib/python3.8/site-packages/airflow/example_dags/example_datasets.py took 0.173 seconds
[2023-11-16T08:29:19.545+0000] {processor.py:157} INFO - Started process (PID=104) to work on /home/airflow/.local/lib/python3.8/site-packages/airflow/example_dags/example_datasets.py
[2023-11-16T08:29:19.545+0000] {processor.py:829} INFO - Processing file /home/airflow/.local/lib/python3.8/site-packages/airflow/example_dags/example_datasets.py for tasks to queue
[2023-11-16T08:29:19.547+0000] {logging_mixin.py:151} INFO - [2023-11-16T08:29:19.547+0000] {dagbag.py:536} INFO - Filling up the DagBag from /home/airflow/.local/lib/python3.8/site-packages/airflow/example_dags/example_datasets.py
[2023-11-16T08:29:19.553+0000] {processor.py:839} INFO - DAG(s) dict_keys(['dataset_produces_2', 'dataset_produces_1', 'dataset_consumes_1_never_scheduled', 'dataset_consumes_1_and_2', 'dataset_consumes_unknown_never_scheduled', 'dataset_consumes_1']) retrieved from /home/airflow/.local/lib/python3.8/site-packages/airflow/example_dags/example_datasets.py
[2023-11-16T08:29:19.577+0000] {logging_mixin.py:151} INFO - [2023-11-16T08:29:19.577+0000] {dag.py:2941} INFO - Sync 6 DAGs
[2023-11-16T08:29:19.593+0000] {logging_mixin.py:151} INFO - [2023-11-16T08:29:19.592+0000] {dag.py:3722} INFO - Setting next_dagrun for dataset_consumes_1 to None, run_after=None
[2023-11-16T08:29:19.595+0000] {logging_mixin.py:151} INFO - [2023-11-16T08:29:19.595+0000] {dag.py:3722} INFO - Setting next_dagrun for dataset_consumes_1_and_2 to None, run_after=None
[2023-11-16T08:29:19.596+0000] {logging_mixin.py:151} INFO - [2023-11-16T08:29:19.596+0000] {dag.py:3722} INFO - Setting next_dagrun for dataset_consumes_1_never_scheduled to None, run_after=None
[2023-11-16T08:29:19.597+0000] {logging_mixin.py:151} INFO - [2023-11-16T08:29:19.597+0000] {dag.py:3722} INFO - Setting next_dagrun for dataset_consumes_unknown_never_scheduled to None, run_after=None
[2023-11-16T08:29:19.599+0000] {logging_mixin.py:151} INFO - [2023-11-16T08:29:19.599+0000] {dag.py:3722} INFO - Setting next_dagrun for dataset_produces_1 to 2023-11-15T00:00:00+00:00, run_after=2023-11-16T00:00:00+00:00
[2023-11-16T08:29:19.600+0000] {logging_mixin.py:151} INFO - [2023-11-16T08:29:19.600+0000] {dag.py:3722} INFO - Setting next_dagrun for dataset_produces_2 to None, run_after=None
[2023-11-16T08:29:19.622+0000] {processor.py:179} INFO - Processing /home/airflow/.local/lib/python3.8/site-packages/airflow/example_dags/example_datasets.py took 0.079 seconds
[2023-11-16T08:29:50.265+0000] {processor.py:157} INFO - Started process (PID=158) to work on /home/airflow/.local/lib/python3.8/site-packages/airflow/example_dags/example_datasets.py
[2023-11-16T08:29:50.266+0000] {processor.py:829} INFO - Processing file /home/airflow/.local/lib/python3.8/site-packages/airflow/example_dags/example_datasets.py for tasks to queue
[2023-11-16T08:29:50.267+0000] {logging_mixin.py:151} INFO - [2023-11-16T08:29:50.267+0000] {dagbag.py:536} INFO - Filling up the DagBag from /home/airflow/.local/lib/python3.8/site-packages/airflow/example_dags/example_datasets.py
[2023-11-16T08:29:50.274+0000] {processor.py:839} INFO - DAG(s) dict_keys(['dataset_consumes_1', 'dataset_consumes_1_never_scheduled', 'dataset_consumes_unknown_never_scheduled', 'dataset_produces_1', 'dataset_produces_2', 'dataset_consumes_1_and_2']) retrieved from /home/airflow/.local/lib/python3.8/site-packages/airflow/example_dags/example_datasets.py
[2023-11-16T08:29:50.312+0000] {logging_mixin.py:151} INFO - [2023-11-16T08:29:50.312+0000] {dag.py:2941} INFO - Sync 6 DAGs
[2023-11-16T08:29:50.333+0000] {logging_mixin.py:151} INFO - [2023-11-16T08:29:50.333+0000] {dag.py:3722} INFO - Setting next_dagrun for dataset_consumes_1 to None, run_after=None
[2023-11-16T08:29:50.336+0000] {logging_mixin.py:151} INFO - [2023-11-16T08:29:50.336+0000] {dag.py:3722} INFO - Setting next_dagrun for dataset_consumes_1_and_2 to None, run_after=None
[2023-11-16T08:29:50.337+0000] {logging_mixin.py:151} INFO - [2023-11-16T08:29:50.337+0000] {dag.py:3722} INFO - Setting next_dagrun for dataset_consumes_1_never_scheduled to None, run_after=None
[2023-11-16T08:29:50.339+0000] {logging_mixin.py:151} INFO - [2023-11-16T08:29:50.338+0000] {dag.py:3722} INFO - Setting next_dagrun for dataset_consumes_unknown_never_scheduled to None, run_after=None
[2023-11-16T08:29:50.341+0000] {logging_mixin.py:151} INFO - [2023-11-16T08:29:50.341+0000] {dag.py:3722} INFO - Setting next_dagrun for dataset_produces_1 to 2023-11-15T00:00:00+00:00, run_after=2023-11-16T00:00:00+00:00
[2023-11-16T08:29:50.342+0000] {logging_mixin.py:151} INFO - [2023-11-16T08:29:50.342+0000] {dag.py:3722} INFO - Setting next_dagrun for dataset_produces_2 to None, run_after=None
[2023-11-16T08:29:50.369+0000] {processor.py:179} INFO - Processing /home/airflow/.local/lib/python3.8/site-packages/airflow/example_dags/example_datasets.py took 0.106 seconds
[2023-11-16T08:30:20.411+0000] {processor.py:157} INFO - Started process (PID=212) to work on /home/airflow/.local/lib/python3.8/site-packages/airflow/example_dags/example_datasets.py
[2023-11-16T08:30:20.412+0000] {processor.py:829} INFO - Processing file /home/airflow/.local/lib/python3.8/site-packages/airflow/example_dags/example_datasets.py for tasks to queue
[2023-11-16T08:30:20.414+0000] {logging_mixin.py:151} INFO - [2023-11-16T08:30:20.413+0000] {dagbag.py:536} INFO - Filling up the DagBag from /home/airflow/.local/lib/python3.8/site-packages/airflow/example_dags/example_datasets.py
[2023-11-16T08:30:20.421+0000] {processor.py:839} INFO - DAG(s) dict_keys(['dataset_produces_2', 'dataset_produces_1', 'dataset_consumes_1_never_scheduled', 'dataset_consumes_1', 'dataset_consumes_1_and_2', 'dataset_consumes_unknown_never_scheduled']) retrieved from /home/airflow/.local/lib/python3.8/site-packages/airflow/example_dags/example_datasets.py
[2023-11-16T08:30:20.449+0000] {logging_mixin.py:151} INFO - [2023-11-16T08:30:20.449+0000] {dag.py:2941} INFO - Sync 6 DAGs
[2023-11-16T08:30:20.472+0000] {logging_mixin.py:151} INFO - [2023-11-16T08:30:20.471+0000] {dag.py:3722} INFO - Setting next_dagrun for dataset_consumes_1 to None, run_after=None
[2023-11-16T08:30:20.475+0000] {logging_mixin.py:151} INFO - [2023-11-16T08:30:20.475+0000] {dag.py:3722} INFO - Setting next_dagrun for dataset_consumes_1_and_2 to None, run_after=None
[2023-11-16T08:30:20.476+0000] {logging_mixin.py:151} INFO - [2023-11-16T08:30:20.476+0000] {dag.py:3722} INFO - Setting next_dagrun for dataset_consumes_1_never_scheduled to None, run_after=None
[2023-11-16T08:30:20.477+0000] {logging_mixin.py:151} INFO - [2023-11-16T08:30:20.477+0000] {dag.py:3722} INFO - Setting next_dagrun for dataset_consumes_unknown_never_scheduled to None, run_after=None
[2023-11-16T08:30:20.480+0000] {logging_mixin.py:151} INFO - [2023-11-16T08:30:20.480+0000] {dag.py:3722} INFO - Setting next_dagrun for dataset_produces_1 to 2023-11-15T00:00:00+00:00, run_after=2023-11-16T00:00:00+00:00
[2023-11-16T08:30:20.481+0000] {logging_mixin.py:151} INFO - [2023-11-16T08:30:20.481+0000] {dag.py:3722} INFO - Setting next_dagrun for dataset_produces_2 to None, run_after=None
[2023-11-16T08:30:20.505+0000] {processor.py:179} INFO - Processing /home/airflow/.local/lib/python3.8/site-packages/airflow/example_dags/example_datasets.py took 0.097 seconds
[2023-11-16T08:30:50.566+0000] {processor.py:157} INFO - Started process (PID=266) to work on /home/airflow/.local/lib/python3.8/site-packages/airflow/example_dags/example_datasets.py
[2023-11-16T08:30:50.567+0000] {processor.py:829} INFO - Processing file /home/airflow/.local/lib/python3.8/site-packages/airflow/example_dags/example_datasets.py for tasks to queue
[2023-11-16T08:30:50.568+0000] {logging_mixin.py:151} INFO - [2023-11-16T08:30:50.568+0000] {dagbag.py:536} INFO - Filling up the DagBag from /home/airflow/.local/lib/python3.8/site-packages/airflow/example_dags/example_datasets.py
[2023-11-16T08:30:50.574+0000] {processor.py:839} INFO - DAG(s) dict_keys(['dataset_consumes_1_and_2', 'dataset_consumes_1', 'dataset_consumes_unknown_never_scheduled', 'dataset_produces_2', 'dataset_produces_1', 'dataset_consumes_1_never_scheduled']) retrieved from /home/airflow/.local/lib/python3.8/site-packages/airflow/example_dags/example_datasets.py
[2023-11-16T08:30:50.599+0000] {logging_mixin.py:151} INFO - [2023-11-16T08:30:50.599+0000] {dag.py:2941} INFO - Sync 6 DAGs
[2023-11-16T08:30:50.615+0000] {logging_mixin.py:151} INFO - [2023-11-16T08:30:50.615+0000] {dag.py:3722} INFO - Setting next_dagrun for dataset_consumes_1 to None, run_after=None
[2023-11-16T08:30:50.618+0000] {logging_mixin.py:151} INFO - [2023-11-16T08:30:50.618+0000] {dag.py:3722} INFO - Setting next_dagrun for dataset_consumes_1_and_2 to None, run_after=None
[2023-11-16T08:30:50.619+0000] {logging_mixin.py:151} INFO - [2023-11-16T08:30:50.619+0000] {dag.py:3722} INFO - Setting next_dagrun for dataset_consumes_1_never_scheduled to None, run_after=None
[2023-11-16T08:30:50.620+0000] {logging_mixin.py:151} INFO - [2023-11-16T08:30:50.620+0000] {dag.py:3722} INFO - Setting next_dagrun for dataset_consumes_unknown_never_scheduled to None, run_after=None
[2023-11-16T08:30:50.622+0000] {logging_mixin.py:151} INFO - [2023-11-16T08:30:50.622+0000] {dag.py:3722} INFO - Setting next_dagrun for dataset_produces_1 to 2023-11-15T00:00:00+00:00, run_after=2023-11-16T00:00:00+00:00
[2023-11-16T08:30:50.623+0000] {logging_mixin.py:151} INFO - [2023-11-16T08:30:50.623+0000] {dag.py:3722} INFO - Setting next_dagrun for dataset_produces_2 to None, run_after=None
[2023-11-16T08:30:50.645+0000] {processor.py:179} INFO - Processing /home/airflow/.local/lib/python3.8/site-packages/airflow/example_dags/example_datasets.py took 0.081 seconds
[2023-11-16T08:31:20.923+0000] {processor.py:157} INFO - Started process (PID=320) to work on /home/airflow/.local/lib/python3.8/site-packages/airflow/example_dags/example_datasets.py
[2023-11-16T08:31:20.925+0000] {processor.py:829} INFO - Processing file /home/airflow/.local/lib/python3.8/site-packages/airflow/example_dags/example_datasets.py for tasks to queue
[2023-11-16T08:31:20.927+0000] {logging_mixin.py:151} INFO - [2023-11-16T08:31:20.926+0000] {dagbag.py:536} INFO - Filling up the DagBag from /home/airflow/.local/lib/python3.8/site-packages/airflow/example_dags/example_datasets.py
[2023-11-16T08:31:20.936+0000] {processor.py:839} INFO - DAG(s) dict_keys(['dataset_produces_2', 'dataset_produces_1', 'dataset_consumes_1_never_scheduled', 'dataset_consumes_unknown_never_scheduled', 'dataset_consumes_1', 'dataset_consumes_1_and_2']) retrieved from /home/airflow/.local/lib/python3.8/site-packages/airflow/example_dags/example_datasets.py
[2023-11-16T08:31:20.967+0000] {logging_mixin.py:151} INFO - [2023-11-16T08:31:20.967+0000] {dag.py:2941} INFO - Sync 6 DAGs
[2023-11-16T08:31:20.987+0000] {logging_mixin.py:151} INFO - [2023-11-16T08:31:20.986+0000] {dag.py:3722} INFO - Setting next_dagrun for dataset_consumes_1 to None, run_after=None
[2023-11-16T08:31:20.990+0000] {logging_mixin.py:151} INFO - [2023-11-16T08:31:20.989+0000] {dag.py:3722} INFO - Setting next_dagrun for dataset_consumes_1_and_2 to None, run_after=None
[2023-11-16T08:31:20.991+0000] {logging_mixin.py:151} INFO - [2023-11-16T08:31:20.991+0000] {dag.py:3722} INFO - Setting next_dagrun for dataset_consumes_1_never_scheduled to None, run_after=None
[2023-11-16T08:31:20.992+0000] {logging_mixin.py:151} INFO - [2023-11-16T08:31:20.992+0000] {dag.py:3722} INFO - Setting next_dagrun for dataset_consumes_unknown_never_scheduled to None, run_after=None
[2023-11-16T08:31:20.995+0000] {logging_mixin.py:151} INFO - [2023-11-16T08:31:20.994+0000] {dag.py:3722} INFO - Setting next_dagrun for dataset_produces_1 to 2023-11-15T00:00:00+00:00, run_after=2023-11-16T00:00:00+00:00
[2023-11-16T08:31:20.996+0000] {logging_mixin.py:151} INFO - [2023-11-16T08:31:20.996+0000] {dag.py:3722} INFO - Setting next_dagrun for dataset_produces_2 to None, run_after=None
[2023-11-16T08:31:21.021+0000] {processor.py:179} INFO - Processing /home/airflow/.local/lib/python3.8/site-packages/airflow/example_dags/example_datasets.py took 0.100 seconds
[2023-11-16T08:31:51.151+0000] {processor.py:157} INFO - Started process (PID=374) to work on /home/airflow/.local/lib/python3.8/site-packages/airflow/example_dags/example_datasets.py
[2023-11-16T08:31:51.151+0000] {processor.py:829} INFO - Processing file /home/airflow/.local/lib/python3.8/site-packages/airflow/example_dags/example_datasets.py for tasks to queue
[2023-11-16T08:31:51.153+0000] {logging_mixin.py:151} INFO - [2023-11-16T08:31:51.153+0000] {dagbag.py:536} INFO - Filling up the DagBag from /home/airflow/.local/lib/python3.8/site-packages/airflow/example_dags/example_datasets.py
[2023-11-16T08:31:51.161+0000] {processor.py:839} INFO - DAG(s) dict_keys(['dataset_consumes_unknown_never_scheduled', 'dataset_consumes_1', 'dataset_produces_1', 'dataset_consumes_1_and_2', 'dataset_produces_2', 'dataset_consumes_1_never_scheduled']) retrieved from /home/airflow/.local/lib/python3.8/site-packages/airflow/example_dags/example_datasets.py
[2023-11-16T08:31:51.191+0000] {logging_mixin.py:151} INFO - [2023-11-16T08:31:51.191+0000] {dag.py:2941} INFO - Sync 6 DAGs
[2023-11-16T08:31:51.210+0000] {logging_mixin.py:151} INFO - [2023-11-16T08:31:51.210+0000] {dag.py:3722} INFO - Setting next_dagrun for dataset_consumes_1 to None, run_after=None
[2023-11-16T08:31:51.213+0000] {logging_mixin.py:151} INFO - [2023-11-16T08:31:51.213+0000] {dag.py:3722} INFO - Setting next_dagrun for dataset_consumes_1_and_2 to None, run_after=None
[2023-11-16T08:31:51.214+0000] {logging_mixin.py:151} INFO - [2023-11-16T08:31:51.214+0000] {dag.py:3722} INFO - Setting next_dagrun for dataset_consumes_1_never_scheduled to None, run_after=None
[2023-11-16T08:31:51.216+0000] {logging_mixin.py:151} INFO - [2023-11-16T08:31:51.215+0000] {dag.py:3722} INFO - Setting next_dagrun for dataset_consumes_unknown_never_scheduled to None, run_after=None
[2023-11-16T08:31:51.218+0000] {logging_mixin.py:151} INFO - [2023-11-16T08:31:51.218+0000] {dag.py:3722} INFO - Setting next_dagrun for dataset_produces_1 to 2023-11-15T00:00:00+00:00, run_after=2023-11-16T00:00:00+00:00
[2023-11-16T08:31:51.219+0000] {logging_mixin.py:151} INFO - [2023-11-16T08:31:51.219+0000] {dag.py:3722} INFO - Setting next_dagrun for dataset_produces_2 to None, run_after=None
[2023-11-16T08:31:51.245+0000] {processor.py:179} INFO - Processing /home/airflow/.local/lib/python3.8/site-packages/airflow/example_dags/example_datasets.py took 0.097 seconds
[2023-11-16T08:32:21.303+0000] {processor.py:157} INFO - Started process (PID=428) to work on /home/airflow/.local/lib/python3.8/site-packages/airflow/example_dags/example_datasets.py
[2023-11-16T08:32:21.304+0000] {processor.py:829} INFO - Processing file /home/airflow/.local/lib/python3.8/site-packages/airflow/example_dags/example_datasets.py for tasks to queue
[2023-11-16T08:32:21.306+0000] {logging_mixin.py:151} INFO - [2023-11-16T08:32:21.306+0000] {dagbag.py:536} INFO - Filling up the DagBag from /home/airflow/.local/lib/python3.8/site-packages/airflow/example_dags/example_datasets.py
[2023-11-16T08:32:21.313+0000] {processor.py:839} INFO - DAG(s) dict_keys(['dataset_produces_2', 'dataset_consumes_unknown_never_scheduled', 'dataset_produces_1', 'dataset_consumes_1', 'dataset_consumes_1_never_scheduled', 'dataset_consumes_1_and_2']) retrieved from /home/airflow/.local/lib/python3.8/site-packages/airflow/example_dags/example_datasets.py
[2023-11-16T08:32:21.339+0000] {logging_mixin.py:151} INFO - [2023-11-16T08:32:21.338+0000] {dag.py:2941} INFO - Sync 6 DAGs
[2023-11-16T08:32:21.355+0000] {logging_mixin.py:151} INFO - [2023-11-16T08:32:21.355+0000] {dag.py:3722} INFO - Setting next_dagrun for dataset_consumes_1 to None, run_after=None
[2023-11-16T08:32:21.358+0000] {logging_mixin.py:151} INFO - [2023-11-16T08:32:21.358+0000] {dag.py:3722} INFO - Setting next_dagrun for dataset_consumes_1_and_2 to None, run_after=None
[2023-11-16T08:32:21.359+0000] {logging_mixin.py:151} INFO - [2023-11-16T08:32:21.359+0000] {dag.py:3722} INFO - Setting next_dagrun for dataset_consumes_1_never_scheduled to None, run_after=None
[2023-11-16T08:32:21.360+0000] {logging_mixin.py:151} INFO - [2023-11-16T08:32:21.360+0000] {dag.py:3722} INFO - Setting next_dagrun for dataset_consumes_unknown_never_scheduled to None, run_after=None
[2023-11-16T08:32:21.363+0000] {logging_mixin.py:151} INFO - [2023-11-16T08:32:21.363+0000] {dag.py:3722} INFO - Setting next_dagrun for dataset_produces_1 to 2023-11-15T00:00:00+00:00, run_after=2023-11-16T00:00:00+00:00
[2023-11-16T08:32:21.364+0000] {logging_mixin.py:151} INFO - [2023-11-16T08:32:21.364+0000] {dag.py:3722} INFO - Setting next_dagrun for dataset_produces_2 to None, run_after=None
[2023-11-16T08:32:21.392+0000] {processor.py:179} INFO - Processing /home/airflow/.local/lib/python3.8/site-packages/airflow/example_dags/example_datasets.py took 0.091 seconds
[2023-11-16T08:32:51.591+0000] {processor.py:157} INFO - Started process (PID=482) to work on /home/airflow/.local/lib/python3.8/site-packages/airflow/example_dags/example_datasets.py
[2023-11-16T08:32:51.592+0000] {processor.py:829} INFO - Processing file /home/airflow/.local/lib/python3.8/site-packages/airflow/example_dags/example_datasets.py for tasks to queue
[2023-11-16T08:32:51.593+0000] {logging_mixin.py:151} INFO - [2023-11-16T08:32:51.593+0000] {dagbag.py:536} INFO - Filling up the DagBag from /home/airflow/.local/lib/python3.8/site-packages/airflow/example_dags/example_datasets.py
[2023-11-16T08:32:51.600+0000] {processor.py:839} INFO - DAG(s) dict_keys(['dataset_consumes_1_and_2', 'dataset_produces_2', 'dataset_produces_1', 'dataset_consumes_1', 'dataset_consumes_1_never_scheduled', 'dataset_consumes_unknown_never_scheduled']) retrieved from /home/airflow/.local/lib/python3.8/site-packages/airflow/example_dags/example_datasets.py
[2023-11-16T08:32:51.630+0000] {logging_mixin.py:151} INFO - [2023-11-16T08:32:51.630+0000] {dag.py:2941} INFO - Sync 6 DAGs
[2023-11-16T08:32:51.646+0000] {logging_mixin.py:151} INFO - [2023-11-16T08:32:51.646+0000] {dag.py:3722} INFO - Setting next_dagrun for dataset_consumes_1 to None, run_after=None
[2023-11-16T08:32:51.649+0000] {logging_mixin.py:151} INFO - [2023-11-16T08:32:51.649+0000] {dag.py:3722} INFO - Setting next_dagrun for dataset_consumes_1_and_2 to None, run_after=None
[2023-11-16T08:32:51.650+0000] {logging_mixin.py:151} INFO - [2023-11-16T08:32:51.650+0000] {dag.py:3722} INFO - Setting next_dagrun for dataset_consumes_1_never_scheduled to None, run_after=None
[2023-11-16T08:32:51.651+0000] {logging_mixin.py:151} INFO - [2023-11-16T08:32:51.650+0000] {dag.py:3722} INFO - Setting next_dagrun for dataset_consumes_unknown_never_scheduled to None, run_after=None
[2023-11-16T08:32:51.652+0000] {logging_mixin.py:151} INFO - [2023-11-16T08:32:51.652+0000] {dag.py:3722} INFO - Setting next_dagrun for dataset_produces_1 to 2023-11-15T00:00:00+00:00, run_after=2023-11-16T00:00:00+00:00
[2023-11-16T08:32:51.653+0000] {logging_mixin.py:151} INFO - [2023-11-16T08:32:51.653+0000] {dag.py:3722} INFO - Setting next_dagrun for dataset_produces_2 to None, run_after=None
[2023-11-16T08:32:51.675+0000] {processor.py:179} INFO - Processing /home/airflow/.local/lib/python3.8/site-packages/airflow/example_dags/example_datasets.py took 0.087 seconds
[2023-11-16T08:33:21.849+0000] {processor.py:157} INFO - Started process (PID=536) to work on /home/airflow/.local/lib/python3.8/site-packages/airflow/example_dags/example_datasets.py
[2023-11-16T08:33:21.849+0000] {processor.py:829} INFO - Processing file /home/airflow/.local/lib/python3.8/site-packages/airflow/example_dags/example_datasets.py for tasks to queue
[2023-11-16T08:33:21.851+0000] {logging_mixin.py:151} INFO - [2023-11-16T08:33:21.851+0000] {dagbag.py:536} INFO - Filling up the DagBag from /home/airflow/.local/lib/python3.8/site-packages/airflow/example_dags/example_datasets.py
[2023-11-16T08:33:21.858+0000] {processor.py:839} INFO - DAG(s) dict_keys(['dataset_consumes_1', 'dataset_consumes_unknown_never_scheduled', 'dataset_produces_2', 'dataset_consumes_1_and_2', 'dataset_produces_1', 'dataset_consumes_1_never_scheduled']) retrieved from /home/airflow/.local/lib/python3.8/site-packages/airflow/example_dags/example_datasets.py
[2023-11-16T08:33:21.885+0000] {logging_mixin.py:151} INFO - [2023-11-16T08:33:21.884+0000] {dag.py:2941} INFO - Sync 6 DAGs
[2023-11-16T08:33:21.912+0000] {logging_mixin.py:151} INFO - [2023-11-16T08:33:21.912+0000] {dag.py:3722} INFO - Setting next_dagrun for dataset_consumes_1 to None, run_after=None
[2023-11-16T08:33:21.916+0000] {logging_mixin.py:151} INFO - [2023-11-16T08:33:21.916+0000] {dag.py:3722} INFO - Setting next_dagrun for dataset_consumes_1_and_2 to None, run_after=None
[2023-11-16T08:33:21.917+0000] {logging_mixin.py:151} INFO - [2023-11-16T08:33:21.917+0000] {dag.py:3722} INFO - Setting next_dagrun for dataset_consumes_1_never_scheduled to None, run_after=None
[2023-11-16T08:33:21.919+0000] {logging_mixin.py:151} INFO - [2023-11-16T08:33:21.918+0000] {dag.py:3722} INFO - Setting next_dagrun for dataset_consumes_unknown_never_scheduled to None, run_after=None
[2023-11-16T08:33:21.923+0000] {logging_mixin.py:151} INFO - [2023-11-16T08:33:21.923+0000] {dag.py:3722} INFO - Setting next_dagrun for dataset_produces_1 to 2023-11-15T00:00:00+00:00, run_after=2023-11-16T00:00:00+00:00
[2023-11-16T08:33:21.925+0000] {logging_mixin.py:151} INFO - [2023-11-16T08:33:21.925+0000] {dag.py:3722} INFO - Setting next_dagrun for dataset_produces_2 to None, run_after=None
[2023-11-16T08:33:21.953+0000] {processor.py:179} INFO - Processing /home/airflow/.local/lib/python3.8/site-packages/airflow/example_dags/example_datasets.py took 0.106 seconds
[2023-11-16T08:33:52.054+0000] {processor.py:157} INFO - Started process (PID=590) to work on /home/airflow/.local/lib/python3.8/site-packages/airflow/example_dags/example_datasets.py
[2023-11-16T08:33:52.055+0000] {processor.py:829} INFO - Processing file /home/airflow/.local/lib/python3.8/site-packages/airflow/example_dags/example_datasets.py for tasks to queue
[2023-11-16T08:33:52.056+0000] {logging_mixin.py:151} INFO - [2023-11-16T08:33:52.056+0000] {dagbag.py:536} INFO - Filling up the DagBag from /home/airflow/.local/lib/python3.8/site-packages/airflow/example_dags/example_datasets.py
[2023-11-16T08:33:52.063+0000] {processor.py:839} INFO - DAG(s) dict_keys(['dataset_consumes_1_never_scheduled', 'dataset_consumes_unknown_never_scheduled', 'dataset_consumes_1_and_2', 'dataset_consumes_1', 'dataset_produces_2', 'dataset_produces_1']) retrieved from /home/airflow/.local/lib/python3.8/site-packages/airflow/example_dags/example_datasets.py
[2023-11-16T08:33:52.093+0000] {logging_mixin.py:151} INFO - [2023-11-16T08:33:52.092+0000] {dag.py:2941} INFO - Sync 6 DAGs
[2023-11-16T08:33:52.116+0000] {logging_mixin.py:151} INFO - [2023-11-16T08:33:52.116+0000] {dag.py:3722} INFO - Setting next_dagrun for dataset_consumes_1 to None, run_after=None
[2023-11-16T08:33:52.120+0000] {logging_mixin.py:151} INFO - [2023-11-16T08:33:52.120+0000] {dag.py:3722} INFO - Setting next_dagrun for dataset_consumes_1_and_2 to None, run_after=None
[2023-11-16T08:33:52.122+0000] {logging_mixin.py:151} INFO - [2023-11-16T08:33:52.122+0000] {dag.py:3722} INFO - Setting next_dagrun for dataset_consumes_1_never_scheduled to None, run_after=None
[2023-11-16T08:33:52.123+0000] {logging_mixin.py:151} INFO - [2023-11-16T08:33:52.123+0000] {dag.py:3722} INFO - Setting next_dagrun for dataset_consumes_unknown_never_scheduled to None, run_after=None
[2023-11-16T08:33:52.125+0000] {logging_mixin.py:151} INFO - [2023-11-16T08:33:52.125+0000] {dag.py:3722} INFO - Setting next_dagrun for dataset_produces_1 to 2023-11-15T00:00:00+00:00, run_after=2023-11-16T00:00:00+00:00
[2023-11-16T08:33:52.127+0000] {logging_mixin.py:151} INFO - [2023-11-16T08:33:52.127+0000] {dag.py:3722} INFO - Setting next_dagrun for dataset_produces_2 to None, run_after=None
[2023-11-16T08:33:52.152+0000] {processor.py:179} INFO - Processing /home/airflow/.local/lib/python3.8/site-packages/airflow/example_dags/example_datasets.py took 0.101 seconds
[2023-11-16T08:34:22.579+0000] {processor.py:157} INFO - Started process (PID=644) to work on /home/airflow/.local/lib/python3.8/site-packages/airflow/example_dags/example_datasets.py
[2023-11-16T08:34:22.580+0000] {processor.py:829} INFO - Processing file /home/airflow/.local/lib/python3.8/site-packages/airflow/example_dags/example_datasets.py for tasks to queue
[2023-11-16T08:34:22.582+0000] {logging_mixin.py:151} INFO - [2023-11-16T08:34:22.582+0000] {dagbag.py:536} INFO - Filling up the DagBag from /home/airflow/.local/lib/python3.8/site-packages/airflow/example_dags/example_datasets.py
[2023-11-16T08:34:22.592+0000] {processor.py:839} INFO - DAG(s) dict_keys(['dataset_produces_2', 'dataset_consumes_1_never_scheduled', 'dataset_produces_1', 'dataset_consumes_1_and_2', 'dataset_consumes_unknown_never_scheduled', 'dataset_consumes_1']) retrieved from /home/airflow/.local/lib/python3.8/site-packages/airflow/example_dags/example_datasets.py
[2023-11-16T08:34:22.624+0000] {logging_mixin.py:151} INFO - [2023-11-16T08:34:22.624+0000] {dag.py:2941} INFO - Sync 6 DAGs
[2023-11-16T08:34:22.643+0000] {logging_mixin.py:151} INFO - [2023-11-16T08:34:22.642+0000] {dag.py:3722} INFO - Setting next_dagrun for dataset_consumes_1 to None, run_after=None
[2023-11-16T08:34:22.646+0000] {logging_mixin.py:151} INFO - [2023-11-16T08:34:22.646+0000] {dag.py:3722} INFO - Setting next_dagrun for dataset_consumes_1_and_2 to None, run_after=None
[2023-11-16T08:34:22.647+0000] {logging_mixin.py:151} INFO - [2023-11-16T08:34:22.647+0000] {dag.py:3722} INFO - Setting next_dagrun for dataset_consumes_1_never_scheduled to None, run_after=None
[2023-11-16T08:34:22.648+0000] {logging_mixin.py:151} INFO - [2023-11-16T08:34:22.648+0000] {dag.py:3722} INFO - Setting next_dagrun for dataset_consumes_unknown_never_scheduled to None, run_after=None
[2023-11-16T08:34:22.652+0000] {logging_mixin.py:151} INFO - [2023-11-16T08:34:22.652+0000] {dag.py:3722} INFO - Setting next_dagrun for dataset_produces_1 to 2023-11-15T00:00:00+00:00, run_after=2023-11-16T00:00:00+00:00
[2023-11-16T08:34:22.654+0000] {logging_mixin.py:151} INFO - [2023-11-16T08:34:22.654+0000] {dag.py:3722} INFO - Setting next_dagrun for dataset_produces_2 to None, run_after=None
[2023-11-16T08:34:22.684+0000] {processor.py:179} INFO - Processing /home/airflow/.local/lib/python3.8/site-packages/airflow/example_dags/example_datasets.py took 0.107 seconds
[2023-11-16T08:34:52.717+0000] {processor.py:157} INFO - Started process (PID=698) to work on /home/airflow/.local/lib/python3.8/site-packages/airflow/example_dags/example_datasets.py
[2023-11-16T08:34:52.718+0000] {processor.py:829} INFO - Processing file /home/airflow/.local/lib/python3.8/site-packages/airflow/example_dags/example_datasets.py for tasks to queue
[2023-11-16T08:34:52.720+0000] {logging_mixin.py:151} INFO - [2023-11-16T08:34:52.720+0000] {dagbag.py:536} INFO - Filling up the DagBag from /home/airflow/.local/lib/python3.8/site-packages/airflow/example_dags/example_datasets.py
[2023-11-16T08:34:52.728+0000] {processor.py:839} INFO - DAG(s) dict_keys(['dataset_consumes_unknown_never_scheduled', 'dataset_produces_1', 'dataset_consumes_1', 'dataset_produces_2', 'dataset_consumes_1_and_2', 'dataset_consumes_1_never_scheduled']) retrieved from /home/airflow/.local/lib/python3.8/site-packages/airflow/example_dags/example_datasets.py
[2023-11-16T08:34:52.758+0000] {logging_mixin.py:151} INFO - [2023-11-16T08:34:52.758+0000] {dag.py:2941} INFO - Sync 6 DAGs
[2023-11-16T08:34:52.775+0000] {logging_mixin.py:151} INFO - [2023-11-16T08:34:52.775+0000] {dag.py:3722} INFO - Setting next_dagrun for dataset_consumes_1 to None, run_after=None
[2023-11-16T08:34:52.777+0000] {logging_mixin.py:151} INFO - [2023-11-16T08:34:52.777+0000] {dag.py:3722} INFO - Setting next_dagrun for dataset_consumes_1_and_2 to None, run_after=None
[2023-11-16T08:34:52.778+0000] {logging_mixin.py:151} INFO - [2023-11-16T08:34:52.778+0000] {dag.py:3722} INFO - Setting next_dagrun for dataset_consumes_1_never_scheduled to None, run_after=None
[2023-11-16T08:34:52.779+0000] {logging_mixin.py:151} INFO - [2023-11-16T08:34:52.779+0000] {dag.py:3722} INFO - Setting next_dagrun for dataset_consumes_unknown_never_scheduled to None, run_after=None
[2023-11-16T08:34:52.781+0000] {logging_mixin.py:151} INFO - [2023-11-16T08:34:52.781+0000] {dag.py:3722} INFO - Setting next_dagrun for dataset_produces_1 to 2023-11-15T00:00:00+00:00, run_after=2023-11-16T00:00:00+00:00
[2023-11-16T08:34:52.782+0000] {logging_mixin.py:151} INFO - [2023-11-16T08:34:52.782+0000] {dag.py:3722} INFO - Setting next_dagrun for dataset_produces_2 to None, run_after=None
[2023-11-16T08:34:52.804+0000] {processor.py:179} INFO - Processing /home/airflow/.local/lib/python3.8/site-packages/airflow/example_dags/example_datasets.py took 0.090 seconds
[2023-11-16T08:35:22.849+0000] {processor.py:157} INFO - Started process (PID=752) to work on /home/airflow/.local/lib/python3.8/site-packages/airflow/example_dags/example_datasets.py
[2023-11-16T08:35:22.850+0000] {processor.py:829} INFO - Processing file /home/airflow/.local/lib/python3.8/site-packages/airflow/example_dags/example_datasets.py for tasks to queue
[2023-11-16T08:35:22.852+0000] {logging_mixin.py:151} INFO - [2023-11-16T08:35:22.852+0000] {dagbag.py:536} INFO - Filling up the DagBag from /home/airflow/.local/lib/python3.8/site-packages/airflow/example_dags/example_datasets.py
[2023-11-16T08:35:22.858+0000] {processor.py:839} INFO - DAG(s) dict_keys(['dataset_produces_2', 'dataset_produces_1', 'dataset_consumes_1_never_scheduled', 'dataset_consumes_1', 'dataset_consumes_1_and_2', 'dataset_consumes_unknown_never_scheduled']) retrieved from /home/airflow/.local/lib/python3.8/site-packages/airflow/example_dags/example_datasets.py
[2023-11-16T08:35:22.883+0000] {logging_mixin.py:151} INFO - [2023-11-16T08:35:22.883+0000] {dag.py:2941} INFO - Sync 6 DAGs
[2023-11-16T08:35:22.900+0000] {logging_mixin.py:151} INFO - [2023-11-16T08:35:22.899+0000] {dag.py:3722} INFO - Setting next_dagrun for dataset_consumes_1 to None, run_after=None
[2023-11-16T08:35:22.902+0000] {logging_mixin.py:151} INFO - [2023-11-16T08:35:22.902+0000] {dag.py:3722} INFO - Setting next_dagrun for dataset_consumes_1_and_2 to None, run_after=None
[2023-11-16T08:35:22.904+0000] {logging_mixin.py:151} INFO - [2023-11-16T08:35:22.903+0000] {dag.py:3722} INFO - Setting next_dagrun for dataset_consumes_1_never_scheduled to None, run_after=None
[2023-11-16T08:35:22.905+0000] {logging_mixin.py:151} INFO - [2023-11-16T08:35:22.904+0000] {dag.py:3722} INFO - Setting next_dagrun for dataset_consumes_unknown_never_scheduled to None, run_after=None
[2023-11-16T08:35:22.907+0000] {logging_mixin.py:151} INFO - [2023-11-16T08:35:22.907+0000] {dag.py:3722} INFO - Setting next_dagrun for dataset_produces_1 to 2023-11-15T00:00:00+00:00, run_after=2023-11-16T00:00:00+00:00
[2023-11-16T08:35:22.908+0000] {logging_mixin.py:151} INFO - [2023-11-16T08:35:22.908+0000] {dag.py:3722} INFO - Setting next_dagrun for dataset_produces_2 to None, run_after=None
[2023-11-16T08:35:22.930+0000] {processor.py:179} INFO - Processing /home/airflow/.local/lib/python3.8/site-packages/airflow/example_dags/example_datasets.py took 0.083 seconds
[2023-11-16T08:35:52.962+0000] {processor.py:157} INFO - Started process (PID=806) to work on /home/airflow/.local/lib/python3.8/site-packages/airflow/example_dags/example_datasets.py
[2023-11-16T08:35:52.963+0000] {processor.py:829} INFO - Processing file /home/airflow/.local/lib/python3.8/site-packages/airflow/example_dags/example_datasets.py for tasks to queue
[2023-11-16T08:35:52.964+0000] {logging_mixin.py:151} INFO - [2023-11-16T08:35:52.964+0000] {dagbag.py:536} INFO - Filling up the DagBag from /home/airflow/.local/lib/python3.8/site-packages/airflow/example_dags/example_datasets.py
[2023-11-16T08:35:52.970+0000] {processor.py:839} INFO - DAG(s) dict_keys(['dataset_consumes_1', 'dataset_consumes_1_never_scheduled', 'dataset_consumes_unknown_never_scheduled', 'dataset_consumes_1_and_2', 'dataset_produces_2', 'dataset_produces_1']) retrieved from /home/airflow/.local/lib/python3.8/site-packages/airflow/example_dags/example_datasets.py
[2023-11-16T08:35:52.999+0000] {logging_mixin.py:151} INFO - [2023-11-16T08:35:52.999+0000] {dag.py:2941} INFO - Sync 6 DAGs
[2023-11-16T08:35:53.016+0000] {logging_mixin.py:151} INFO - [2023-11-16T08:35:53.016+0000] {dag.py:3722} INFO - Setting next_dagrun for dataset_consumes_1 to None, run_after=None
[2023-11-16T08:35:53.019+0000] {logging_mixin.py:151} INFO - [2023-11-16T08:35:53.018+0000] {dag.py:3722} INFO - Setting next_dagrun for dataset_consumes_1_and_2 to None, run_after=None
[2023-11-16T08:35:53.019+0000] {logging_mixin.py:151} INFO - [2023-11-16T08:35:53.019+0000] {dag.py:3722} INFO - Setting next_dagrun for dataset_consumes_1_never_scheduled to None, run_after=None
[2023-11-16T08:35:53.020+0000] {logging_mixin.py:151} INFO - [2023-11-16T08:35:53.020+0000] {dag.py:3722} INFO - Setting next_dagrun for dataset_consumes_unknown_never_scheduled to None, run_after=None
[2023-11-16T08:35:53.023+0000] {logging_mixin.py:151} INFO - [2023-11-16T08:35:53.022+0000] {dag.py:3722} INFO - Setting next_dagrun for dataset_produces_1 to 2023-11-15T00:00:00+00:00, run_after=2023-11-16T00:00:00+00:00
[2023-11-16T08:35:53.024+0000] {logging_mixin.py:151} INFO - [2023-11-16T08:35:53.023+0000] {dag.py:3722} INFO - Setting next_dagrun for dataset_produces_2 to None, run_after=None
[2023-11-16T08:35:53.044+0000] {processor.py:179} INFO - Processing /home/airflow/.local/lib/python3.8/site-packages/airflow/example_dags/example_datasets.py took 0.085 seconds
[2023-11-16T08:36:23.113+0000] {processor.py:157} INFO - Started process (PID=861) to work on /home/airflow/.local/lib/python3.8/site-packages/airflow/example_dags/example_datasets.py
[2023-11-16T08:36:23.114+0000] {processor.py:829} INFO - Processing file /home/airflow/.local/lib/python3.8/site-packages/airflow/example_dags/example_datasets.py for tasks to queue
[2023-11-16T08:36:23.115+0000] {logging_mixin.py:151} INFO - [2023-11-16T08:36:23.115+0000] {dagbag.py:536} INFO - Filling up the DagBag from /home/airflow/.local/lib/python3.8/site-packages/airflow/example_dags/example_datasets.py
[2023-11-16T08:36:23.121+0000] {processor.py:839} INFO - DAG(s) dict_keys(['dataset_consumes_1', 'dataset_produces_2', 'dataset_consumes_unknown_never_scheduled', 'dataset_consumes_1_and_2', 'dataset_produces_1', 'dataset_consumes_1_never_scheduled']) retrieved from /home/airflow/.local/lib/python3.8/site-packages/airflow/example_dags/example_datasets.py
[2023-11-16T08:36:23.146+0000] {logging_mixin.py:151} INFO - [2023-11-16T08:36:23.146+0000] {dag.py:2941} INFO - Sync 6 DAGs
[2023-11-16T08:36:23.163+0000] {logging_mixin.py:151} INFO - [2023-11-16T08:36:23.163+0000] {dag.py:3722} INFO - Setting next_dagrun for dataset_consumes_1 to None, run_after=None
[2023-11-16T08:36:23.166+0000] {logging_mixin.py:151} INFO - [2023-11-16T08:36:23.166+0000] {dag.py:3722} INFO - Setting next_dagrun for dataset_consumes_1_and_2 to None, run_after=None
[2023-11-16T08:36:23.167+0000] {logging_mixin.py:151} INFO - [2023-11-16T08:36:23.167+0000] {dag.py:3722} INFO - Setting next_dagrun for dataset_consumes_1_never_scheduled to None, run_after=None
[2023-11-16T08:36:23.168+0000] {logging_mixin.py:151} INFO - [2023-11-16T08:36:23.168+0000] {dag.py:3722} INFO - Setting next_dagrun for dataset_consumes_unknown_never_scheduled to None, run_after=None
[2023-11-16T08:36:23.170+0000] {logging_mixin.py:151} INFO - [2023-11-16T08:36:23.170+0000] {dag.py:3722} INFO - Setting next_dagrun for dataset_produces_1 to 2023-11-15T00:00:00+00:00, run_after=2023-11-16T00:00:00+00:00
[2023-11-16T08:36:23.171+0000] {logging_mixin.py:151} INFO - [2023-11-16T08:36:23.171+0000] {dag.py:3722} INFO - Setting next_dagrun for dataset_produces_2 to None, run_after=None
[2023-11-16T08:36:23.191+0000] {processor.py:179} INFO - Processing /home/airflow/.local/lib/python3.8/site-packages/airflow/example_dags/example_datasets.py took 0.080 seconds
[2023-11-16T08:36:53.299+0000] {processor.py:157} INFO - Started process (PID=914) to work on /home/airflow/.local/lib/python3.8/site-packages/airflow/example_dags/example_datasets.py
[2023-11-16T08:36:53.300+0000] {processor.py:829} INFO - Processing file /home/airflow/.local/lib/python3.8/site-packages/airflow/example_dags/example_datasets.py for tasks to queue
[2023-11-16T08:36:53.301+0000] {logging_mixin.py:151} INFO - [2023-11-16T08:36:53.301+0000] {dagbag.py:536} INFO - Filling up the DagBag from /home/airflow/.local/lib/python3.8/site-packages/airflow/example_dags/example_datasets.py
[2023-11-16T08:36:53.307+0000] {processor.py:839} INFO - DAG(s) dict_keys(['dataset_consumes_1_never_scheduled', 'dataset_consumes_unknown_never_scheduled', 'dataset_produces_1', 'dataset_consumes_1_and_2', 'dataset_consumes_1', 'dataset_produces_2']) retrieved from /home/airflow/.local/lib/python3.8/site-packages/airflow/example_dags/example_datasets.py
[2023-11-16T08:36:53.329+0000] {logging_mixin.py:151} INFO - [2023-11-16T08:36:53.329+0000] {dag.py:2941} INFO - Sync 6 DAGs
[2023-11-16T08:36:53.345+0000] {logging_mixin.py:151} INFO - [2023-11-16T08:36:53.344+0000] {dag.py:3722} INFO - Setting next_dagrun for dataset_consumes_1 to None, run_after=None
[2023-11-16T08:36:53.347+0000] {logging_mixin.py:151} INFO - [2023-11-16T08:36:53.347+0000] {dag.py:3722} INFO - Setting next_dagrun for dataset_consumes_1_and_2 to None, run_after=None
[2023-11-16T08:36:53.348+0000] {logging_mixin.py:151} INFO - [2023-11-16T08:36:53.348+0000] {dag.py:3722} INFO - Setting next_dagrun for dataset_consumes_1_never_scheduled to None, run_after=None
[2023-11-16T08:36:53.349+0000] {logging_mixin.py:151} INFO - [2023-11-16T08:36:53.349+0000] {dag.py:3722} INFO - Setting next_dagrun for dataset_consumes_unknown_never_scheduled to None, run_after=None
[2023-11-16T08:36:53.351+0000] {logging_mixin.py:151} INFO - [2023-11-16T08:36:53.351+0000] {dag.py:3722} INFO - Setting next_dagrun for dataset_produces_1 to 2023-11-15T00:00:00+00:00, run_after=2023-11-16T00:00:00+00:00
[2023-11-16T08:36:53.352+0000] {logging_mixin.py:151} INFO - [2023-11-16T08:36:53.352+0000] {dag.py:3722} INFO - Setting next_dagrun for dataset_produces_2 to None, run_after=None
[2023-11-16T08:36:53.375+0000] {processor.py:179} INFO - Processing /home/airflow/.local/lib/python3.8/site-packages/airflow/example_dags/example_datasets.py took 0.078 seconds
[2023-11-16T08:37:23.476+0000] {processor.py:157} INFO - Started process (PID=968) to work on /home/airflow/.local/lib/python3.8/site-packages/airflow/example_dags/example_datasets.py
[2023-11-16T08:37:23.478+0000] {processor.py:829} INFO - Processing file /home/airflow/.local/lib/python3.8/site-packages/airflow/example_dags/example_datasets.py for tasks to queue
[2023-11-16T08:37:23.479+0000] {logging_mixin.py:151} INFO - [2023-11-16T08:37:23.479+0000] {dagbag.py:536} INFO - Filling up the DagBag from /home/airflow/.local/lib/python3.8/site-packages/airflow/example_dags/example_datasets.py
[2023-11-16T08:37:23.487+0000] {processor.py:839} INFO - DAG(s) dict_keys(['dataset_consumes_1_never_scheduled', 'dataset_produces_1', 'dataset_consumes_1_and_2', 'dataset_consumes_1', 'dataset_produces_2', 'dataset_consumes_unknown_never_scheduled']) retrieved from /home/airflow/.local/lib/python3.8/site-packages/airflow/example_dags/example_datasets.py
[2023-11-16T08:37:23.524+0000] {logging_mixin.py:151} INFO - [2023-11-16T08:37:23.523+0000] {dag.py:2941} INFO - Sync 6 DAGs
[2023-11-16T08:37:23.548+0000] {logging_mixin.py:151} INFO - [2023-11-16T08:37:23.547+0000] {dag.py:3722} INFO - Setting next_dagrun for dataset_consumes_1 to None, run_after=None
[2023-11-16T08:37:23.553+0000] {logging_mixin.py:151} INFO - [2023-11-16T08:37:23.553+0000] {dag.py:3722} INFO - Setting next_dagrun for dataset_consumes_1_and_2 to None, run_after=None
[2023-11-16T08:37:23.555+0000] {logging_mixin.py:151} INFO - [2023-11-16T08:37:23.555+0000] {dag.py:3722} INFO - Setting next_dagrun for dataset_consumes_1_never_scheduled to None, run_after=None
[2023-11-16T08:37:23.557+0000] {logging_mixin.py:151} INFO - [2023-11-16T08:37:23.557+0000] {dag.py:3722} INFO - Setting next_dagrun for dataset_consumes_unknown_never_scheduled to None, run_after=None
[2023-11-16T08:37:23.560+0000] {logging_mixin.py:151} INFO - [2023-11-16T08:37:23.560+0000] {dag.py:3722} INFO - Setting next_dagrun for dataset_produces_1 to 2023-11-15T00:00:00+00:00, run_after=2023-11-16T00:00:00+00:00
[2023-11-16T08:37:23.562+0000] {logging_mixin.py:151} INFO - [2023-11-16T08:37:23.562+0000] {dag.py:3722} INFO - Setting next_dagrun for dataset_produces_2 to None, run_after=None
[2023-11-16T08:37:23.595+0000] {processor.py:179} INFO - Processing /home/airflow/.local/lib/python3.8/site-packages/airflow/example_dags/example_datasets.py took 0.121 seconds
[2023-11-16T08:37:53.623+0000] {processor.py:157} INFO - Started process (PID=1023) to work on /home/airflow/.local/lib/python3.8/site-packages/airflow/example_dags/example_datasets.py
[2023-11-16T08:37:53.623+0000] {processor.py:829} INFO - Processing file /home/airflow/.local/lib/python3.8/site-packages/airflow/example_dags/example_datasets.py for tasks to queue
[2023-11-16T08:37:53.625+0000] {logging_mixin.py:151} INFO - [2023-11-16T08:37:53.625+0000] {dagbag.py:536} INFO - Filling up the DagBag from /home/airflow/.local/lib/python3.8/site-packages/airflow/example_dags/example_datasets.py
[2023-11-16T08:37:53.631+0000] {processor.py:839} INFO - DAG(s) dict_keys(['dataset_consumes_1', 'dataset_consumes_unknown_never_scheduled', 'dataset_produces_1', 'dataset_produces_2', 'dataset_consumes_1_never_scheduled', 'dataset_consumes_1_and_2']) retrieved from /home/airflow/.local/lib/python3.8/site-packages/airflow/example_dags/example_datasets.py
[2023-11-16T08:37:53.655+0000] {logging_mixin.py:151} INFO - [2023-11-16T08:37:53.655+0000] {dag.py:2941} INFO - Sync 6 DAGs
[2023-11-16T08:37:53.672+0000] {logging_mixin.py:151} INFO - [2023-11-16T08:37:53.672+0000] {dag.py:3722} INFO - Setting next_dagrun for dataset_consumes_1 to None, run_after=None
[2023-11-16T08:37:53.675+0000] {logging_mixin.py:151} INFO - [2023-11-16T08:37:53.675+0000] {dag.py:3722} INFO - Setting next_dagrun for dataset_consumes_1_and_2 to None, run_after=None
[2023-11-16T08:37:53.676+0000] {logging_mixin.py:151} INFO - [2023-11-16T08:37:53.676+0000] {dag.py:3722} INFO - Setting next_dagrun for dataset_consumes_1_never_scheduled to None, run_after=None
[2023-11-16T08:37:53.677+0000] {logging_mixin.py:151} INFO - [2023-11-16T08:37:53.677+0000] {dag.py:3722} INFO - Setting next_dagrun for dataset_consumes_unknown_never_scheduled to None, run_after=None
[2023-11-16T08:37:53.679+0000] {logging_mixin.py:151} INFO - [2023-11-16T08:37:53.679+0000] {dag.py:3722} INFO - Setting next_dagrun for dataset_produces_1 to 2023-11-15T00:00:00+00:00, run_after=2023-11-16T00:00:00+00:00
[2023-11-16T08:37:53.680+0000] {logging_mixin.py:151} INFO - [2023-11-16T08:37:53.680+0000] {dag.py:3722} INFO - Setting next_dagrun for dataset_produces_2 to None, run_after=None
[2023-11-16T08:37:53.700+0000] {processor.py:179} INFO - Processing /home/airflow/.local/lib/python3.8/site-packages/airflow/example_dags/example_datasets.py took 0.079 seconds
[2023-11-16T08:38:23.922+0000] {processor.py:157} INFO - Started process (PID=1077) to work on /home/airflow/.local/lib/python3.8/site-packages/airflow/example_dags/example_datasets.py
[2023-11-16T08:38:23.923+0000] {processor.py:829} INFO - Processing file /home/airflow/.local/lib/python3.8/site-packages/airflow/example_dags/example_datasets.py for tasks to queue
[2023-11-16T08:38:23.925+0000] {logging_mixin.py:151} INFO - [2023-11-16T08:38:23.925+0000] {dagbag.py:536} INFO - Filling up the DagBag from /home/airflow/.local/lib/python3.8/site-packages/airflow/example_dags/example_datasets.py
[2023-11-16T08:38:23.931+0000] {processor.py:839} INFO - DAG(s) dict_keys(['dataset_produces_1', 'dataset_consumes_1', 'dataset_produces_2', 'dataset_consumes_1_and_2', 'dataset_consumes_unknown_never_scheduled', 'dataset_consumes_1_never_scheduled']) retrieved from /home/airflow/.local/lib/python3.8/site-packages/airflow/example_dags/example_datasets.py
[2023-11-16T08:38:23.958+0000] {logging_mixin.py:151} INFO - [2023-11-16T08:38:23.957+0000] {dag.py:2941} INFO - Sync 6 DAGs
[2023-11-16T08:38:23.977+0000] {logging_mixin.py:151} INFO - [2023-11-16T08:38:23.976+0000] {dag.py:3722} INFO - Setting next_dagrun for dataset_consumes_1 to None, run_after=None
[2023-11-16T08:38:23.980+0000] {logging_mixin.py:151} INFO - [2023-11-16T08:38:23.980+0000] {dag.py:3722} INFO - Setting next_dagrun for dataset_consumes_1_and_2 to None, run_after=None
[2023-11-16T08:38:23.981+0000] {logging_mixin.py:151} INFO - [2023-11-16T08:38:23.981+0000] {dag.py:3722} INFO - Setting next_dagrun for dataset_consumes_1_never_scheduled to None, run_after=None
[2023-11-16T08:38:23.982+0000] {logging_mixin.py:151} INFO - [2023-11-16T08:38:23.982+0000] {dag.py:3722} INFO - Setting next_dagrun for dataset_consumes_unknown_never_scheduled to None, run_after=None
[2023-11-16T08:38:23.984+0000] {logging_mixin.py:151} INFO - [2023-11-16T08:38:23.984+0000] {dag.py:3722} INFO - Setting next_dagrun for dataset_produces_1 to 2023-11-15T00:00:00+00:00, run_after=2023-11-16T00:00:00+00:00
[2023-11-16T08:38:23.986+0000] {logging_mixin.py:151} INFO - [2023-11-16T08:38:23.985+0000] {dag.py:3722} INFO - Setting next_dagrun for dataset_produces_2 to None, run_after=None
[2023-11-16T08:38:24.008+0000] {processor.py:179} INFO - Processing /home/airflow/.local/lib/python3.8/site-packages/airflow/example_dags/example_datasets.py took 0.087 seconds
[2023-11-16T08:38:54.283+0000] {processor.py:157} INFO - Started process (PID=1130) to work on /home/airflow/.local/lib/python3.8/site-packages/airflow/example_dags/example_datasets.py
[2023-11-16T08:38:54.284+0000] {processor.py:829} INFO - Processing file /home/airflow/.local/lib/python3.8/site-packages/airflow/example_dags/example_datasets.py for tasks to queue
[2023-11-16T08:38:54.285+0000] {logging_mixin.py:151} INFO - [2023-11-16T08:38:54.285+0000] {dagbag.py:536} INFO - Filling up the DagBag from /home/airflow/.local/lib/python3.8/site-packages/airflow/example_dags/example_datasets.py
[2023-11-16T08:38:54.293+0000] {processor.py:839} INFO - DAG(s) dict_keys(['dataset_consumes_1_never_scheduled', 'dataset_consumes_1', 'dataset_produces_2', 'dataset_consumes_unknown_never_scheduled', 'dataset_produces_1', 'dataset_consumes_1_and_2']) retrieved from /home/airflow/.local/lib/python3.8/site-packages/airflow/example_dags/example_datasets.py
[2023-11-16T08:38:54.317+0000] {logging_mixin.py:151} INFO - [2023-11-16T08:38:54.317+0000] {dag.py:2941} INFO - Sync 6 DAGs
[2023-11-16T08:38:54.333+0000] {logging_mixin.py:151} INFO - [2023-11-16T08:38:54.333+0000] {dag.py:3722} INFO - Setting next_dagrun for dataset_consumes_1 to None, run_after=None
[2023-11-16T08:38:54.335+0000] {logging_mixin.py:151} INFO - [2023-11-16T08:38:54.335+0000] {dag.py:3722} INFO - Setting next_dagrun for dataset_consumes_1_and_2 to None, run_after=None
[2023-11-16T08:38:54.336+0000] {logging_mixin.py:151} INFO - [2023-11-16T08:38:54.336+0000] {dag.py:3722} INFO - Setting next_dagrun for dataset_consumes_1_never_scheduled to None, run_after=None
[2023-11-16T08:38:54.337+0000] {logging_mixin.py:151} INFO - [2023-11-16T08:38:54.337+0000] {dag.py:3722} INFO - Setting next_dagrun for dataset_consumes_unknown_never_scheduled to None, run_after=None
[2023-11-16T08:38:54.339+0000] {logging_mixin.py:151} INFO - [2023-11-16T08:38:54.339+0000] {dag.py:3722} INFO - Setting next_dagrun for dataset_produces_1 to 2023-11-15T00:00:00+00:00, run_after=2023-11-16T00:00:00+00:00
[2023-11-16T08:38:54.340+0000] {logging_mixin.py:151} INFO - [2023-11-16T08:38:54.340+0000] {dag.py:3722} INFO - Setting next_dagrun for dataset_produces_2 to None, run_after=None
[2023-11-16T08:38:54.363+0000] {processor.py:179} INFO - Processing /home/airflow/.local/lib/python3.8/site-packages/airflow/example_dags/example_datasets.py took 0.082 seconds
[2023-11-16T08:39:24.446+0000] {processor.py:157} INFO - Started process (PID=1185) to work on /home/airflow/.local/lib/python3.8/site-packages/airflow/example_dags/example_datasets.py
[2023-11-16T08:39:24.447+0000] {processor.py:829} INFO - Processing file /home/airflow/.local/lib/python3.8/site-packages/airflow/example_dags/example_datasets.py for tasks to queue
[2023-11-16T08:39:24.449+0000] {logging_mixin.py:151} INFO - [2023-11-16T08:39:24.448+0000] {dagbag.py:536} INFO - Filling up the DagBag from /home/airflow/.local/lib/python3.8/site-packages/airflow/example_dags/example_datasets.py
[2023-11-16T08:39:24.455+0000] {processor.py:839} INFO - DAG(s) dict_keys(['dataset_consumes_unknown_never_scheduled', 'dataset_consumes_1_never_scheduled', 'dataset_produces_2', 'dataset_consumes_1', 'dataset_consumes_1_and_2', 'dataset_produces_1']) retrieved from /home/airflow/.local/lib/python3.8/site-packages/airflow/example_dags/example_datasets.py
[2023-11-16T08:39:24.477+0000] {logging_mixin.py:151} INFO - [2023-11-16T08:39:24.477+0000] {dag.py:2941} INFO - Sync 6 DAGs
[2023-11-16T08:39:24.495+0000] {logging_mixin.py:151} INFO - [2023-11-16T08:39:24.494+0000] {dag.py:3722} INFO - Setting next_dagrun for dataset_consumes_1 to None, run_after=None
[2023-11-16T08:39:24.498+0000] {logging_mixin.py:151} INFO - [2023-11-16T08:39:24.498+0000] {dag.py:3722} INFO - Setting next_dagrun for dataset_consumes_1_and_2 to None, run_after=None
[2023-11-16T08:39:24.500+0000] {logging_mixin.py:151} INFO - [2023-11-16T08:39:24.499+0000] {dag.py:3722} INFO - Setting next_dagrun for dataset_consumes_1_never_scheduled to None, run_after=None
[2023-11-16T08:39:24.501+0000] {logging_mixin.py:151} INFO - [2023-11-16T08:39:24.501+0000] {dag.py:3722} INFO - Setting next_dagrun for dataset_consumes_unknown_never_scheduled to None, run_after=None
[2023-11-16T08:39:24.503+0000] {logging_mixin.py:151} INFO - [2023-11-16T08:39:24.503+0000] {dag.py:3722} INFO - Setting next_dagrun for dataset_produces_1 to 2023-11-15T00:00:00+00:00, run_after=2023-11-16T00:00:00+00:00
[2023-11-16T08:39:24.504+0000] {logging_mixin.py:151} INFO - [2023-11-16T08:39:24.504+0000] {dag.py:3722} INFO - Setting next_dagrun for dataset_produces_2 to None, run_after=None
[2023-11-16T08:39:24.524+0000] {processor.py:179} INFO - Processing /home/airflow/.local/lib/python3.8/site-packages/airflow/example_dags/example_datasets.py took 0.080 seconds
[2023-11-16T08:39:54.555+0000] {processor.py:157} INFO - Started process (PID=1238) to work on /home/airflow/.local/lib/python3.8/site-packages/airflow/example_dags/example_datasets.py
[2023-11-16T08:39:54.556+0000] {processor.py:829} INFO - Processing file /home/airflow/.local/lib/python3.8/site-packages/airflow/example_dags/example_datasets.py for tasks to queue
[2023-11-16T08:39:54.558+0000] {logging_mixin.py:151} INFO - [2023-11-16T08:39:54.557+0000] {dagbag.py:536} INFO - Filling up the DagBag from /home/airflow/.local/lib/python3.8/site-packages/airflow/example_dags/example_datasets.py
[2023-11-16T08:39:54.565+0000] {processor.py:839} INFO - DAG(s) dict_keys(['dataset_consumes_unknown_never_scheduled', 'dataset_produces_2', 'dataset_consumes_1_never_scheduled', 'dataset_consumes_1', 'dataset_produces_1', 'dataset_consumes_1_and_2']) retrieved from /home/airflow/.local/lib/python3.8/site-packages/airflow/example_dags/example_datasets.py
[2023-11-16T08:39:54.589+0000] {logging_mixin.py:151} INFO - [2023-11-16T08:39:54.589+0000] {dag.py:2941} INFO - Sync 6 DAGs
[2023-11-16T08:39:54.606+0000] {logging_mixin.py:151} INFO - [2023-11-16T08:39:54.606+0000] {dag.py:3722} INFO - Setting next_dagrun for dataset_consumes_1 to None, run_after=None
[2023-11-16T08:39:54.609+0000] {logging_mixin.py:151} INFO - [2023-11-16T08:39:54.609+0000] {dag.py:3722} INFO - Setting next_dagrun for dataset_consumes_1_and_2 to None, run_after=None
[2023-11-16T08:39:54.610+0000] {logging_mixin.py:151} INFO - [2023-11-16T08:39:54.610+0000] {dag.py:3722} INFO - Setting next_dagrun for dataset_consumes_1_never_scheduled to None, run_after=None
[2023-11-16T08:39:54.611+0000] {logging_mixin.py:151} INFO - [2023-11-16T08:39:54.611+0000] {dag.py:3722} INFO - Setting next_dagrun for dataset_consumes_unknown_never_scheduled to None, run_after=None
[2023-11-16T08:39:54.613+0000] {logging_mixin.py:151} INFO - [2023-11-16T08:39:54.613+0000] {dag.py:3722} INFO - Setting next_dagrun for dataset_produces_1 to 2023-11-15T00:00:00+00:00, run_after=2023-11-16T00:00:00+00:00
[2023-11-16T08:39:54.614+0000] {logging_mixin.py:151} INFO - [2023-11-16T08:39:54.614+0000] {dag.py:3722} INFO - Setting next_dagrun for dataset_produces_2 to None, run_after=None
[2023-11-16T08:39:54.634+0000] {processor.py:179} INFO - Processing /home/airflow/.local/lib/python3.8/site-packages/airflow/example_dags/example_datasets.py took 0.081 seconds
[2023-11-16T08:40:24.697+0000] {processor.py:157} INFO - Started process (PID=1292) to work on /home/airflow/.local/lib/python3.8/site-packages/airflow/example_dags/example_datasets.py
[2023-11-16T08:40:24.697+0000] {processor.py:829} INFO - Processing file /home/airflow/.local/lib/python3.8/site-packages/airflow/example_dags/example_datasets.py for tasks to queue
[2023-11-16T08:40:24.699+0000] {logging_mixin.py:151} INFO - [2023-11-16T08:40:24.699+0000] {dagbag.py:536} INFO - Filling up the DagBag from /home/airflow/.local/lib/python3.8/site-packages/airflow/example_dags/example_datasets.py
[2023-11-16T08:40:24.705+0000] {processor.py:839} INFO - DAG(s) dict_keys(['dataset_consumes_1', 'dataset_consumes_1_and_2', 'dataset_consumes_1_never_scheduled', 'dataset_consumes_unknown_never_scheduled', 'dataset_produces_1', 'dataset_produces_2']) retrieved from /home/airflow/.local/lib/python3.8/site-packages/airflow/example_dags/example_datasets.py
[2023-11-16T08:40:24.728+0000] {logging_mixin.py:151} INFO - [2023-11-16T08:40:24.728+0000] {dag.py:2941} INFO - Sync 6 DAGs
[2023-11-16T08:40:24.746+0000] {logging_mixin.py:151} INFO - [2023-11-16T08:40:24.746+0000] {dag.py:3722} INFO - Setting next_dagrun for dataset_consumes_1 to None, run_after=None
[2023-11-16T08:40:24.748+0000] {logging_mixin.py:151} INFO - [2023-11-16T08:40:24.748+0000] {dag.py:3722} INFO - Setting next_dagrun for dataset_consumes_1_and_2 to None, run_after=None
[2023-11-16T08:40:24.749+0000] {logging_mixin.py:151} INFO - [2023-11-16T08:40:24.749+0000] {dag.py:3722} INFO - Setting next_dagrun for dataset_consumes_1_never_scheduled to None, run_after=None
[2023-11-16T08:40:24.750+0000] {logging_mixin.py:151} INFO - [2023-11-16T08:40:24.750+0000] {dag.py:3722} INFO - Setting next_dagrun for dataset_consumes_unknown_never_scheduled to None, run_after=None
[2023-11-16T08:40:24.753+0000] {logging_mixin.py:151} INFO - [2023-11-16T08:40:24.752+0000] {dag.py:3722} INFO - Setting next_dagrun for dataset_produces_1 to 2023-11-15T00:00:00+00:00, run_after=2023-11-16T00:00:00+00:00
[2023-11-16T08:40:24.754+0000] {logging_mixin.py:151} INFO - [2023-11-16T08:40:24.754+0000] {dag.py:3722} INFO - Setting next_dagrun for dataset_produces_2 to None, run_after=None
[2023-11-16T08:40:24.774+0000] {processor.py:179} INFO - Processing /home/airflow/.local/lib/python3.8/site-packages/airflow/example_dags/example_datasets.py took 0.080 seconds
[2023-11-16T08:40:55.460+0000] {processor.py:157} INFO - Started process (PID=1346) to work on /home/airflow/.local/lib/python3.8/site-packages/airflow/example_dags/example_datasets.py
[2023-11-16T08:40:55.461+0000] {processor.py:829} INFO - Processing file /home/airflow/.local/lib/python3.8/site-packages/airflow/example_dags/example_datasets.py for tasks to queue
[2023-11-16T08:40:55.463+0000] {logging_mixin.py:151} INFO - [2023-11-16T08:40:55.463+0000] {dagbag.py:536} INFO - Filling up the DagBag from /home/airflow/.local/lib/python3.8/site-packages/airflow/example_dags/example_datasets.py
[2023-11-16T08:40:55.470+0000] {processor.py:839} INFO - DAG(s) dict_keys(['dataset_consumes_1', 'dataset_produces_2', 'dataset_consumes_unknown_never_scheduled', 'dataset_produces_1', 'dataset_consumes_1_and_2', 'dataset_consumes_1_never_scheduled']) retrieved from /home/airflow/.local/lib/python3.8/site-packages/airflow/example_dags/example_datasets.py
[2023-11-16T08:40:55.508+0000] {logging_mixin.py:151} INFO - [2023-11-16T08:40:55.508+0000] {dag.py:2941} INFO - Sync 6 DAGs
[2023-11-16T08:40:55.533+0000] {logging_mixin.py:151} INFO - [2023-11-16T08:40:55.533+0000] {dag.py:3722} INFO - Setting next_dagrun for dataset_consumes_1 to None, run_after=None
[2023-11-16T08:40:55.537+0000] {logging_mixin.py:151} INFO - [2023-11-16T08:40:55.537+0000] {dag.py:3722} INFO - Setting next_dagrun for dataset_consumes_1_and_2 to None, run_after=None
[2023-11-16T08:40:55.538+0000] {logging_mixin.py:151} INFO - [2023-11-16T08:40:55.538+0000] {dag.py:3722} INFO - Setting next_dagrun for dataset_consumes_1_never_scheduled to None, run_after=None
[2023-11-16T08:40:55.539+0000] {logging_mixin.py:151} INFO - [2023-11-16T08:40:55.539+0000] {dag.py:3722} INFO - Setting next_dagrun for dataset_consumes_unknown_never_scheduled to None, run_after=None
[2023-11-16T08:40:55.542+0000] {logging_mixin.py:151} INFO - [2023-11-16T08:40:55.542+0000] {dag.py:3722} INFO - Setting next_dagrun for dataset_produces_1 to 2023-11-15T00:00:00+00:00, run_after=2023-11-16T00:00:00+00:00
[2023-11-16T08:40:55.543+0000] {logging_mixin.py:151} INFO - [2023-11-16T08:40:55.543+0000] {dag.py:3722} INFO - Setting next_dagrun for dataset_produces_2 to None, run_after=None
[2023-11-16T08:40:55.574+0000] {processor.py:179} INFO - Processing /home/airflow/.local/lib/python3.8/site-packages/airflow/example_dags/example_datasets.py took 0.116 seconds
[2023-11-16T08:41:25.591+0000] {processor.py:157} INFO - Started process (PID=1400) to work on /home/airflow/.local/lib/python3.8/site-packages/airflow/example_dags/example_datasets.py
[2023-11-16T08:41:25.592+0000] {processor.py:829} INFO - Processing file /home/airflow/.local/lib/python3.8/site-packages/airflow/example_dags/example_datasets.py for tasks to queue
[2023-11-16T08:41:25.594+0000] {logging_mixin.py:151} INFO - [2023-11-16T08:41:25.594+0000] {dagbag.py:536} INFO - Filling up the DagBag from /home/airflow/.local/lib/python3.8/site-packages/airflow/example_dags/example_datasets.py
[2023-11-16T08:41:25.600+0000] {processor.py:839} INFO - DAG(s) dict_keys(['dataset_produces_1', 'dataset_consumes_1_and_2', 'dataset_produces_2', 'dataset_consumes_1_never_scheduled', 'dataset_consumes_unknown_never_scheduled', 'dataset_consumes_1']) retrieved from /home/airflow/.local/lib/python3.8/site-packages/airflow/example_dags/example_datasets.py
[2023-11-16T08:41:25.623+0000] {logging_mixin.py:151} INFO - [2023-11-16T08:41:25.623+0000] {dag.py:2941} INFO - Sync 6 DAGs
[2023-11-16T08:41:25.639+0000] {logging_mixin.py:151} INFO - [2023-11-16T08:41:25.638+0000] {dag.py:3722} INFO - Setting next_dagrun for dataset_consumes_1 to None, run_after=None
[2023-11-16T08:41:25.641+0000] {logging_mixin.py:151} INFO - [2023-11-16T08:41:25.641+0000] {dag.py:3722} INFO - Setting next_dagrun for dataset_consumes_1_and_2 to None, run_after=None
[2023-11-16T08:41:25.642+0000] {logging_mixin.py:151} INFO - [2023-11-16T08:41:25.642+0000] {dag.py:3722} INFO - Setting next_dagrun for dataset_consumes_1_never_scheduled to None, run_after=None
[2023-11-16T08:41:25.643+0000] {logging_mixin.py:151} INFO - [2023-11-16T08:41:25.643+0000] {dag.py:3722} INFO - Setting next_dagrun for dataset_consumes_unknown_never_scheduled to None, run_after=None
[2023-11-16T08:41:25.645+0000] {logging_mixin.py:151} INFO - [2023-11-16T08:41:25.645+0000] {dag.py:3722} INFO - Setting next_dagrun for dataset_produces_1 to 2023-11-15T00:00:00+00:00, run_after=2023-11-16T00:00:00+00:00
[2023-11-16T08:41:25.646+0000] {logging_mixin.py:151} INFO - [2023-11-16T08:41:25.646+0000] {dag.py:3722} INFO - Setting next_dagrun for dataset_produces_2 to None, run_after=None
[2023-11-16T08:41:25.667+0000] {processor.py:179} INFO - Processing /home/airflow/.local/lib/python3.8/site-packages/airflow/example_dags/example_datasets.py took 0.077 seconds
[2023-11-16T08:41:55.770+0000] {processor.py:157} INFO - Started process (PID=1455) to work on /home/airflow/.local/lib/python3.8/site-packages/airflow/example_dags/example_datasets.py
[2023-11-16T08:41:55.771+0000] {processor.py:829} INFO - Processing file /home/airflow/.local/lib/python3.8/site-packages/airflow/example_dags/example_datasets.py for tasks to queue
[2023-11-16T08:41:55.772+0000] {logging_mixin.py:151} INFO - [2023-11-16T08:41:55.772+0000] {dagbag.py:536} INFO - Filling up the DagBag from /home/airflow/.local/lib/python3.8/site-packages/airflow/example_dags/example_datasets.py
[2023-11-16T08:41:55.778+0000] {processor.py:839} INFO - DAG(s) dict_keys(['dataset_consumes_1', 'dataset_consumes_1_never_scheduled', 'dataset_produces_1', 'dataset_consumes_1_and_2', 'dataset_consumes_unknown_never_scheduled', 'dataset_produces_2']) retrieved from /home/airflow/.local/lib/python3.8/site-packages/airflow/example_dags/example_datasets.py
[2023-11-16T08:41:55.801+0000] {logging_mixin.py:151} INFO - [2023-11-16T08:41:55.801+0000] {dag.py:2941} INFO - Sync 6 DAGs
[2023-11-16T08:41:55.819+0000] {logging_mixin.py:151} INFO - [2023-11-16T08:41:55.818+0000] {dag.py:3722} INFO - Setting next_dagrun for dataset_consumes_1 to None, run_after=None
[2023-11-16T08:41:55.821+0000] {logging_mixin.py:151} INFO - [2023-11-16T08:41:55.821+0000] {dag.py:3722} INFO - Setting next_dagrun for dataset_consumes_1_and_2 to None, run_after=None
[2023-11-16T08:41:55.822+0000] {logging_mixin.py:151} INFO - [2023-11-16T08:41:55.822+0000] {dag.py:3722} INFO - Setting next_dagrun for dataset_consumes_1_never_scheduled to None, run_after=None
[2023-11-16T08:41:55.823+0000] {logging_mixin.py:151} INFO - [2023-11-16T08:41:55.823+0000] {dag.py:3722} INFO - Setting next_dagrun for dataset_consumes_unknown_never_scheduled to None, run_after=None
[2023-11-16T08:41:55.825+0000] {logging_mixin.py:151} INFO - [2023-11-16T08:41:55.825+0000] {dag.py:3722} INFO - Setting next_dagrun for dataset_produces_1 to 2023-11-15T00:00:00+00:00, run_after=2023-11-16T00:00:00+00:00
[2023-11-16T08:41:55.826+0000] {logging_mixin.py:151} INFO - [2023-11-16T08:41:55.826+0000] {dag.py:3722} INFO - Setting next_dagrun for dataset_produces_2 to None, run_after=None
[2023-11-16T08:41:55.846+0000] {processor.py:179} INFO - Processing /home/airflow/.local/lib/python3.8/site-packages/airflow/example_dags/example_datasets.py took 0.078 seconds
[2023-11-16T08:42:26.656+0000] {processor.py:157} INFO - Started process (PID=1508) to work on /home/airflow/.local/lib/python3.8/site-packages/airflow/example_dags/example_datasets.py
[2023-11-16T08:42:26.657+0000] {processor.py:829} INFO - Processing file /home/airflow/.local/lib/python3.8/site-packages/airflow/example_dags/example_datasets.py for tasks to queue
[2023-11-16T08:42:26.659+0000] {logging_mixin.py:151} INFO - [2023-11-16T08:42:26.658+0000] {dagbag.py:536} INFO - Filling up the DagBag from /home/airflow/.local/lib/python3.8/site-packages/airflow/example_dags/example_datasets.py
[2023-11-16T08:42:26.665+0000] {processor.py:839} INFO - DAG(s) dict_keys(['dataset_consumes_unknown_never_scheduled', 'dataset_produces_2', 'dataset_consumes_1_never_scheduled', 'dataset_consumes_1', 'dataset_produces_1', 'dataset_consumes_1_and_2']) retrieved from /home/airflow/.local/lib/python3.8/site-packages/airflow/example_dags/example_datasets.py
[2023-11-16T08:42:26.689+0000] {logging_mixin.py:151} INFO - [2023-11-16T08:42:26.689+0000] {dag.py:2941} INFO - Sync 6 DAGs
[2023-11-16T08:42:26.705+0000] {logging_mixin.py:151} INFO - [2023-11-16T08:42:26.705+0000] {dag.py:3722} INFO - Setting next_dagrun for dataset_consumes_1 to None, run_after=None
[2023-11-16T08:42:26.708+0000] {logging_mixin.py:151} INFO - [2023-11-16T08:42:26.708+0000] {dag.py:3722} INFO - Setting next_dagrun for dataset_consumes_1_and_2 to None, run_after=None
[2023-11-16T08:42:26.709+0000] {logging_mixin.py:151} INFO - [2023-11-16T08:42:26.709+0000] {dag.py:3722} INFO - Setting next_dagrun for dataset_consumes_1_never_scheduled to None, run_after=None
[2023-11-16T08:42:26.710+0000] {logging_mixin.py:151} INFO - [2023-11-16T08:42:26.710+0000] {dag.py:3722} INFO - Setting next_dagrun for dataset_consumes_unknown_never_scheduled to None, run_after=None
[2023-11-16T08:42:26.712+0000] {logging_mixin.py:151} INFO - [2023-11-16T08:42:26.712+0000] {dag.py:3722} INFO - Setting next_dagrun for dataset_produces_1 to 2023-11-15T00:00:00+00:00, run_after=2023-11-16T00:00:00+00:00
[2023-11-16T08:42:26.713+0000] {logging_mixin.py:151} INFO - [2023-11-16T08:42:26.713+0000] {dag.py:3722} INFO - Setting next_dagrun for dataset_produces_2 to None, run_after=None
[2023-11-16T08:42:26.733+0000] {processor.py:179} INFO - Processing /home/airflow/.local/lib/python3.8/site-packages/airflow/example_dags/example_datasets.py took 0.079 seconds
[2023-11-16T08:42:57.449+0000] {processor.py:157} INFO - Started process (PID=1562) to work on /home/airflow/.local/lib/python3.8/site-packages/airflow/example_dags/example_datasets.py
[2023-11-16T08:42:57.450+0000] {processor.py:829} INFO - Processing file /home/airflow/.local/lib/python3.8/site-packages/airflow/example_dags/example_datasets.py for tasks to queue
[2023-11-16T08:42:57.451+0000] {logging_mixin.py:151} INFO - [2023-11-16T08:42:57.451+0000] {dagbag.py:536} INFO - Filling up the DagBag from /home/airflow/.local/lib/python3.8/site-packages/airflow/example_dags/example_datasets.py
[2023-11-16T08:42:57.458+0000] {processor.py:839} INFO - DAG(s) dict_keys(['dataset_produces_2', 'dataset_consumes_1_never_scheduled', 'dataset_consumes_unknown_never_scheduled', 'dataset_consumes_1_and_2', 'dataset_produces_1', 'dataset_consumes_1']) retrieved from /home/airflow/.local/lib/python3.8/site-packages/airflow/example_dags/example_datasets.py
[2023-11-16T08:42:57.482+0000] {logging_mixin.py:151} INFO - [2023-11-16T08:42:57.482+0000] {dag.py:2941} INFO - Sync 6 DAGs
[2023-11-16T08:42:57.497+0000] {logging_mixin.py:151} INFO - [2023-11-16T08:42:57.497+0000] {dag.py:3722} INFO - Setting next_dagrun for dataset_consumes_1 to None, run_after=None
[2023-11-16T08:42:57.499+0000] {logging_mixin.py:151} INFO - [2023-11-16T08:42:57.499+0000] {dag.py:3722} INFO - Setting next_dagrun for dataset_consumes_1_and_2 to None, run_after=None
[2023-11-16T08:42:57.500+0000] {logging_mixin.py:151} INFO - [2023-11-16T08:42:57.500+0000] {dag.py:3722} INFO - Setting next_dagrun for dataset_consumes_1_never_scheduled to None, run_after=None
[2023-11-16T08:42:57.501+0000] {logging_mixin.py:151} INFO - [2023-11-16T08:42:57.501+0000] {dag.py:3722} INFO - Setting next_dagrun for dataset_consumes_unknown_never_scheduled to None, run_after=None
[2023-11-16T08:42:57.503+0000] {logging_mixin.py:151} INFO - [2023-11-16T08:42:57.503+0000] {dag.py:3722} INFO - Setting next_dagrun for dataset_produces_1 to 2023-11-15T00:00:00+00:00, run_after=2023-11-16T00:00:00+00:00
[2023-11-16T08:42:57.504+0000] {logging_mixin.py:151} INFO - [2023-11-16T08:42:57.504+0000] {dag.py:3722} INFO - Setting next_dagrun for dataset_produces_2 to None, run_after=None
[2023-11-16T08:42:57.651+0000] {processor.py:179} INFO - Processing /home/airflow/.local/lib/python3.8/site-packages/airflow/example_dags/example_datasets.py took 0.204 seconds
[2023-11-16T08:43:28.031+0000] {processor.py:157} INFO - Started process (PID=1616) to work on /home/airflow/.local/lib/python3.8/site-packages/airflow/example_dags/example_datasets.py
[2023-11-16T08:43:28.032+0000] {processor.py:829} INFO - Processing file /home/airflow/.local/lib/python3.8/site-packages/airflow/example_dags/example_datasets.py for tasks to queue
[2023-11-16T08:43:28.034+0000] {logging_mixin.py:151} INFO - [2023-11-16T08:43:28.034+0000] {dagbag.py:536} INFO - Filling up the DagBag from /home/airflow/.local/lib/python3.8/site-packages/airflow/example_dags/example_datasets.py
[2023-11-16T08:43:28.040+0000] {processor.py:839} INFO - DAG(s) dict_keys(['dataset_produces_1', 'dataset_consumes_1_and_2', 'dataset_produces_2', 'dataset_consumes_unknown_never_scheduled', 'dataset_consumes_1', 'dataset_consumes_1_never_scheduled']) retrieved from /home/airflow/.local/lib/python3.8/site-packages/airflow/example_dags/example_datasets.py
[2023-11-16T08:43:28.065+0000] {logging_mixin.py:151} INFO - [2023-11-16T08:43:28.065+0000] {dag.py:2941} INFO - Sync 6 DAGs
[2023-11-16T08:43:28.081+0000] {logging_mixin.py:151} INFO - [2023-11-16T08:43:28.081+0000] {dag.py:3722} INFO - Setting next_dagrun for dataset_consumes_1 to None, run_after=None
[2023-11-16T08:43:28.084+0000] {logging_mixin.py:151} INFO - [2023-11-16T08:43:28.084+0000] {dag.py:3722} INFO - Setting next_dagrun for dataset_consumes_1_and_2 to None, run_after=None
[2023-11-16T08:43:28.085+0000] {logging_mixin.py:151} INFO - [2023-11-16T08:43:28.084+0000] {dag.py:3722} INFO - Setting next_dagrun for dataset_consumes_1_never_scheduled to None, run_after=None
[2023-11-16T08:43:28.085+0000] {logging_mixin.py:151} INFO - [2023-11-16T08:43:28.085+0000] {dag.py:3722} INFO - Setting next_dagrun for dataset_consumes_unknown_never_scheduled to None, run_after=None
[2023-11-16T08:43:28.088+0000] {logging_mixin.py:151} INFO - [2023-11-16T08:43:28.087+0000] {dag.py:3722} INFO - Setting next_dagrun for dataset_produces_1 to 2023-11-15T00:00:00+00:00, run_after=2023-11-16T00:00:00+00:00
[2023-11-16T08:43:28.089+0000] {logging_mixin.py:151} INFO - [2023-11-16T08:43:28.088+0000] {dag.py:3722} INFO - Setting next_dagrun for dataset_produces_2 to None, run_after=None
[2023-11-16T08:43:28.111+0000] {processor.py:179} INFO - Processing /home/airflow/.local/lib/python3.8/site-packages/airflow/example_dags/example_datasets.py took 0.082 seconds
[2023-11-16T08:43:58.467+0000] {processor.py:157} INFO - Started process (PID=1670) to work on /home/airflow/.local/lib/python3.8/site-packages/airflow/example_dags/example_datasets.py
[2023-11-16T08:43:58.468+0000] {processor.py:829} INFO - Processing file /home/airflow/.local/lib/python3.8/site-packages/airflow/example_dags/example_datasets.py for tasks to queue
[2023-11-16T08:43:58.470+0000] {logging_mixin.py:151} INFO - [2023-11-16T08:43:58.469+0000] {dagbag.py:536} INFO - Filling up the DagBag from /home/airflow/.local/lib/python3.8/site-packages/airflow/example_dags/example_datasets.py
[2023-11-16T08:43:58.476+0000] {processor.py:839} INFO - DAG(s) dict_keys(['dataset_produces_2', 'dataset_consumes_1_never_scheduled', 'dataset_consumes_1_and_2', 'dataset_consumes_1', 'dataset_produces_1', 'dataset_consumes_unknown_never_scheduled']) retrieved from /home/airflow/.local/lib/python3.8/site-packages/airflow/example_dags/example_datasets.py
[2023-11-16T08:43:58.503+0000] {logging_mixin.py:151} INFO - [2023-11-16T08:43:58.503+0000] {dag.py:2941} INFO - Sync 6 DAGs
[2023-11-16T08:43:58.520+0000] {logging_mixin.py:151} INFO - [2023-11-16T08:43:58.520+0000] {dag.py:3722} INFO - Setting next_dagrun for dataset_consumes_1 to None, run_after=None
[2023-11-16T08:43:58.523+0000] {logging_mixin.py:151} INFO - [2023-11-16T08:43:58.523+0000] {dag.py:3722} INFO - Setting next_dagrun for dataset_consumes_1_and_2 to None, run_after=None
[2023-11-16T08:43:58.524+0000] {logging_mixin.py:151} INFO - [2023-11-16T08:43:58.524+0000] {dag.py:3722} INFO - Setting next_dagrun for dataset_consumes_1_never_scheduled to None, run_after=None
[2023-11-16T08:43:58.525+0000] {logging_mixin.py:151} INFO - [2023-11-16T08:43:58.525+0000] {dag.py:3722} INFO - Setting next_dagrun for dataset_consumes_unknown_never_scheduled to None, run_after=None
[2023-11-16T08:43:58.527+0000] {logging_mixin.py:151} INFO - [2023-11-16T08:43:58.527+0000] {dag.py:3722} INFO - Setting next_dagrun for dataset_produces_1 to 2023-11-15T00:00:00+00:00, run_after=2023-11-16T00:00:00+00:00
[2023-11-16T08:43:58.528+0000] {logging_mixin.py:151} INFO - [2023-11-16T08:43:58.528+0000] {dag.py:3722} INFO - Setting next_dagrun for dataset_produces_2 to None, run_after=None
[2023-11-16T08:43:58.554+0000] {processor.py:179} INFO - Processing /home/airflow/.local/lib/python3.8/site-packages/airflow/example_dags/example_datasets.py took 0.089 seconds
[2023-11-16T08:44:28.827+0000] {processor.py:157} INFO - Started process (PID=1724) to work on /home/airflow/.local/lib/python3.8/site-packages/airflow/example_dags/example_datasets.py
[2023-11-16T08:44:28.828+0000] {processor.py:829} INFO - Processing file /home/airflow/.local/lib/python3.8/site-packages/airflow/example_dags/example_datasets.py for tasks to queue
[2023-11-16T08:44:28.829+0000] {logging_mixin.py:151} INFO - [2023-11-16T08:44:28.829+0000] {dagbag.py:536} INFO - Filling up the DagBag from /home/airflow/.local/lib/python3.8/site-packages/airflow/example_dags/example_datasets.py
[2023-11-16T08:44:28.837+0000] {processor.py:839} INFO - DAG(s) dict_keys(['dataset_produces_1', 'dataset_consumes_unknown_never_scheduled', 'dataset_consumes_1_and_2', 'dataset_produces_2', 'dataset_consumes_1', 'dataset_consumes_1_never_scheduled']) retrieved from /home/airflow/.local/lib/python3.8/site-packages/airflow/example_dags/example_datasets.py
[2023-11-16T08:44:28.867+0000] {logging_mixin.py:151} INFO - [2023-11-16T08:44:28.867+0000] {dag.py:2941} INFO - Sync 6 DAGs
[2023-11-16T08:44:29.033+0000] {logging_mixin.py:151} INFO - [2023-11-16T08:44:29.033+0000] {dag.py:3722} INFO - Setting next_dagrun for dataset_consumes_1 to None, run_after=None
[2023-11-16T08:44:29.036+0000] {logging_mixin.py:151} INFO - [2023-11-16T08:44:29.035+0000] {dag.py:3722} INFO - Setting next_dagrun for dataset_consumes_1_and_2 to None, run_after=None
[2023-11-16T08:44:29.037+0000] {logging_mixin.py:151} INFO - [2023-11-16T08:44:29.037+0000] {dag.py:3722} INFO - Setting next_dagrun for dataset_consumes_1_never_scheduled to None, run_after=None
[2023-11-16T08:44:29.038+0000] {logging_mixin.py:151} INFO - [2023-11-16T08:44:29.038+0000] {dag.py:3722} INFO - Setting next_dagrun for dataset_consumes_unknown_never_scheduled to None, run_after=None
[2023-11-16T08:44:29.040+0000] {logging_mixin.py:151} INFO - [2023-11-16T08:44:29.040+0000] {dag.py:3722} INFO - Setting next_dagrun for dataset_produces_1 to 2023-11-15T00:00:00+00:00, run_after=2023-11-16T00:00:00+00:00
[2023-11-16T08:44:29.041+0000] {logging_mixin.py:151} INFO - [2023-11-16T08:44:29.041+0000] {dag.py:3722} INFO - Setting next_dagrun for dataset_produces_2 to None, run_after=None
[2023-11-16T08:44:29.064+0000] {processor.py:179} INFO - Processing /home/airflow/.local/lib/python3.8/site-packages/airflow/example_dags/example_datasets.py took 0.240 seconds
[2023-11-16T08:44:59.775+0000] {processor.py:157} INFO - Started process (PID=1778) to work on /home/airflow/.local/lib/python3.8/site-packages/airflow/example_dags/example_datasets.py
[2023-11-16T08:44:59.775+0000] {processor.py:829} INFO - Processing file /home/airflow/.local/lib/python3.8/site-packages/airflow/example_dags/example_datasets.py for tasks to queue
[2023-11-16T08:44:59.777+0000] {logging_mixin.py:151} INFO - [2023-11-16T08:44:59.777+0000] {dagbag.py:536} INFO - Filling up the DagBag from /home/airflow/.local/lib/python3.8/site-packages/airflow/example_dags/example_datasets.py
[2023-11-16T08:44:59.785+0000] {processor.py:839} INFO - DAG(s) dict_keys(['dataset_produces_2', 'dataset_produces_1', 'dataset_consumes_unknown_never_scheduled', 'dataset_consumes_1', 'dataset_consumes_1_and_2', 'dataset_consumes_1_never_scheduled']) retrieved from /home/airflow/.local/lib/python3.8/site-packages/airflow/example_dags/example_datasets.py
[2023-11-16T08:44:59.813+0000] {logging_mixin.py:151} INFO - [2023-11-16T08:44:59.813+0000] {dag.py:2941} INFO - Sync 6 DAGs
[2023-11-16T08:44:59.831+0000] {logging_mixin.py:151} INFO - [2023-11-16T08:44:59.831+0000] {dag.py:3722} INFO - Setting next_dagrun for dataset_consumes_1 to None, run_after=None
[2023-11-16T08:44:59.834+0000] {logging_mixin.py:151} INFO - [2023-11-16T08:44:59.834+0000] {dag.py:3722} INFO - Setting next_dagrun for dataset_consumes_1_and_2 to None, run_after=None
[2023-11-16T08:44:59.836+0000] {logging_mixin.py:151} INFO - [2023-11-16T08:44:59.836+0000] {dag.py:3722} INFO - Setting next_dagrun for dataset_consumes_1_never_scheduled to None, run_after=None
[2023-11-16T08:44:59.837+0000] {logging_mixin.py:151} INFO - [2023-11-16T08:44:59.837+0000] {dag.py:3722} INFO - Setting next_dagrun for dataset_consumes_unknown_never_scheduled to None, run_after=None
[2023-11-16T08:44:59.840+0000] {logging_mixin.py:151} INFO - [2023-11-16T08:44:59.840+0000] {dag.py:3722} INFO - Setting next_dagrun for dataset_produces_1 to 2023-11-15T00:00:00+00:00, run_after=2023-11-16T00:00:00+00:00
[2023-11-16T08:44:59.841+0000] {logging_mixin.py:151} INFO - [2023-11-16T08:44:59.841+0000] {dag.py:3722} INFO - Setting next_dagrun for dataset_produces_2 to None, run_after=None
[2023-11-16T08:44:59.989+0000] {processor.py:179} INFO - Processing /home/airflow/.local/lib/python3.8/site-packages/airflow/example_dags/example_datasets.py took 0.217 seconds
[2023-11-16T08:45:30.617+0000] {processor.py:157} INFO - Started process (PID=1832) to work on /home/airflow/.local/lib/python3.8/site-packages/airflow/example_dags/example_datasets.py
[2023-11-16T08:45:30.618+0000] {processor.py:829} INFO - Processing file /home/airflow/.local/lib/python3.8/site-packages/airflow/example_dags/example_datasets.py for tasks to queue
[2023-11-16T08:45:30.619+0000] {logging_mixin.py:151} INFO - [2023-11-16T08:45:30.619+0000] {dagbag.py:536} INFO - Filling up the DagBag from /home/airflow/.local/lib/python3.8/site-packages/airflow/example_dags/example_datasets.py
[2023-11-16T08:45:30.625+0000] {processor.py:839} INFO - DAG(s) dict_keys(['dataset_produces_2', 'dataset_produces_1', 'dataset_consumes_unknown_never_scheduled', 'dataset_consumes_1_and_2', 'dataset_consumes_1_never_scheduled', 'dataset_consumes_1']) retrieved from /home/airflow/.local/lib/python3.8/site-packages/airflow/example_dags/example_datasets.py
[2023-11-16T08:45:30.653+0000] {logging_mixin.py:151} INFO - [2023-11-16T08:45:30.653+0000] {dag.py:2941} INFO - Sync 6 DAGs
[2023-11-16T08:45:30.670+0000] {logging_mixin.py:151} INFO - [2023-11-16T08:45:30.670+0000] {dag.py:3722} INFO - Setting next_dagrun for dataset_consumes_1 to None, run_after=None
[2023-11-16T08:45:30.673+0000] {logging_mixin.py:151} INFO - [2023-11-16T08:45:30.673+0000] {dag.py:3722} INFO - Setting next_dagrun for dataset_consumes_1_and_2 to None, run_after=None
[2023-11-16T08:45:30.674+0000] {logging_mixin.py:151} INFO - [2023-11-16T08:45:30.674+0000] {dag.py:3722} INFO - Setting next_dagrun for dataset_consumes_1_never_scheduled to None, run_after=None
[2023-11-16T08:45:30.675+0000] {logging_mixin.py:151} INFO - [2023-11-16T08:45:30.675+0000] {dag.py:3722} INFO - Setting next_dagrun for dataset_consumes_unknown_never_scheduled to None, run_after=None
[2023-11-16T08:45:30.678+0000] {logging_mixin.py:151} INFO - [2023-11-16T08:45:30.678+0000] {dag.py:3722} INFO - Setting next_dagrun for dataset_produces_1 to 2023-11-15T00:00:00+00:00, run_after=2023-11-16T00:00:00+00:00
[2023-11-16T08:45:30.679+0000] {logging_mixin.py:151} INFO - [2023-11-16T08:45:30.679+0000] {dag.py:3722} INFO - Setting next_dagrun for dataset_produces_2 to None, run_after=None
[2023-11-16T08:45:30.702+0000] {processor.py:179} INFO - Processing /home/airflow/.local/lib/python3.8/site-packages/airflow/example_dags/example_datasets.py took 0.087 seconds
[2023-11-16T08:46:01.227+0000] {processor.py:157} INFO - Started process (PID=1886) to work on /home/airflow/.local/lib/python3.8/site-packages/airflow/example_dags/example_datasets.py
[2023-11-16T08:46:01.228+0000] {processor.py:829} INFO - Processing file /home/airflow/.local/lib/python3.8/site-packages/airflow/example_dags/example_datasets.py for tasks to queue
[2023-11-16T08:46:01.230+0000] {logging_mixin.py:151} INFO - [2023-11-16T08:46:01.230+0000] {dagbag.py:536} INFO - Filling up the DagBag from /home/airflow/.local/lib/python3.8/site-packages/airflow/example_dags/example_datasets.py
[2023-11-16T08:46:01.236+0000] {processor.py:839} INFO - DAG(s) dict_keys(['dataset_consumes_1_and_2', 'dataset_consumes_1_never_scheduled', 'dataset_produces_1', 'dataset_produces_2', 'dataset_consumes_1', 'dataset_consumes_unknown_never_scheduled']) retrieved from /home/airflow/.local/lib/python3.8/site-packages/airflow/example_dags/example_datasets.py
[2023-11-16T08:46:01.267+0000] {logging_mixin.py:151} INFO - [2023-11-16T08:46:01.266+0000] {dag.py:2941} INFO - Sync 6 DAGs
[2023-11-16T08:46:01.413+0000] {logging_mixin.py:151} INFO - [2023-11-16T08:46:01.412+0000] {dag.py:3722} INFO - Setting next_dagrun for dataset_consumes_1 to None, run_after=None
[2023-11-16T08:46:01.415+0000] {logging_mixin.py:151} INFO - [2023-11-16T08:46:01.415+0000] {dag.py:3722} INFO - Setting next_dagrun for dataset_consumes_1_and_2 to None, run_after=None
[2023-11-16T08:46:01.416+0000] {logging_mixin.py:151} INFO - [2023-11-16T08:46:01.416+0000] {dag.py:3722} INFO - Setting next_dagrun for dataset_consumes_1_never_scheduled to None, run_after=None
[2023-11-16T08:46:01.417+0000] {logging_mixin.py:151} INFO - [2023-11-16T08:46:01.417+0000] {dag.py:3722} INFO - Setting next_dagrun for dataset_consumes_unknown_never_scheduled to None, run_after=None
[2023-11-16T08:46:01.419+0000] {logging_mixin.py:151} INFO - [2023-11-16T08:46:01.419+0000] {dag.py:3722} INFO - Setting next_dagrun for dataset_produces_1 to 2023-11-15T00:00:00+00:00, run_after=2023-11-16T00:00:00+00:00
[2023-11-16T08:46:01.420+0000] {logging_mixin.py:151} INFO - [2023-11-16T08:46:01.420+0000] {dag.py:3722} INFO - Setting next_dagrun for dataset_produces_2 to None, run_after=None
[2023-11-16T08:46:01.444+0000] {processor.py:179} INFO - Processing /home/airflow/.local/lib/python3.8/site-packages/airflow/example_dags/example_datasets.py took 0.219 seconds
