[2023-11-16T08:28:49.684+0000] {processor.py:157} INFO - Started process (PID=58) to work on /home/airflow/.local/lib/python3.8/site-packages/airflow/example_dags/example_setup_teardown.py
[2023-11-16T08:28:49.686+0000] {processor.py:829} INFO - Processing file /home/airflow/.local/lib/python3.8/site-packages/airflow/example_dags/example_setup_teardown.py for tasks to queue
[2023-11-16T08:28:49.689+0000] {logging_mixin.py:151} INFO - [2023-11-16T08:28:49.688+0000] {dagbag.py:536} INFO - Filling up the DagBag from /home/airflow/.local/lib/python3.8/site-packages/airflow/example_dags/example_setup_teardown.py
[2023-11-16T08:28:49.704+0000] {processor.py:839} INFO - DAG(s) dict_keys(['example_setup_teardown']) retrieved from /home/airflow/.local/lib/python3.8/site-packages/airflow/example_dags/example_setup_teardown.py
[2023-11-16T08:28:49.740+0000] {logging_mixin.py:151} INFO - [2023-11-16T08:28:49.739+0000] {dag.py:2941} INFO - Sync 1 DAGs
[2023-11-16T08:28:49.779+0000] {logging_mixin.py:151} INFO - [2023-11-16T08:28:49.778+0000] {dag.py:3722} INFO - Setting next_dagrun for example_setup_teardown to 2023-11-15T08:28:49.778146+00:00, run_after=2023-11-16T08:28:49.778146+00:00
[2023-11-16T08:28:49.814+0000] {processor.py:179} INFO - Processing /home/airflow/.local/lib/python3.8/site-packages/airflow/example_dags/example_setup_teardown.py took 0.137 seconds
[2023-11-16T08:29:19.902+0000] {processor.py:157} INFO - Started process (PID=112) to work on /home/airflow/.local/lib/python3.8/site-packages/airflow/example_dags/example_setup_teardown.py
[2023-11-16T08:29:19.903+0000] {processor.py:829} INFO - Processing file /home/airflow/.local/lib/python3.8/site-packages/airflow/example_dags/example_setup_teardown.py for tasks to queue
[2023-11-16T08:29:19.905+0000] {logging_mixin.py:151} INFO - [2023-11-16T08:29:19.905+0000] {dagbag.py:536} INFO - Filling up the DagBag from /home/airflow/.local/lib/python3.8/site-packages/airflow/example_dags/example_setup_teardown.py
[2023-11-16T08:29:19.909+0000] {processor.py:839} INFO - DAG(s) dict_keys(['example_setup_teardown']) retrieved from /home/airflow/.local/lib/python3.8/site-packages/airflow/example_dags/example_setup_teardown.py
[2023-11-16T08:29:19.924+0000] {logging_mixin.py:151} INFO - [2023-11-16T08:29:19.924+0000] {dag.py:2941} INFO - Sync 1 DAGs
[2023-11-16T08:29:19.939+0000] {logging_mixin.py:151} INFO - [2023-11-16T08:29:19.939+0000] {dag.py:3722} INFO - Setting next_dagrun for example_setup_teardown to 2023-11-15T08:29:19.939339+00:00, run_after=2023-11-16T08:29:19.939339+00:00
[2023-11-16T08:29:19.952+0000] {processor.py:179} INFO - Processing /home/airflow/.local/lib/python3.8/site-packages/airflow/example_dags/example_setup_teardown.py took 0.052 seconds
[2023-11-16T08:29:50.700+0000] {processor.py:157} INFO - Started process (PID=166) to work on /home/airflow/.local/lib/python3.8/site-packages/airflow/example_dags/example_setup_teardown.py
[2023-11-16T08:29:50.701+0000] {processor.py:829} INFO - Processing file /home/airflow/.local/lib/python3.8/site-packages/airflow/example_dags/example_setup_teardown.py for tasks to queue
[2023-11-16T08:29:50.705+0000] {logging_mixin.py:151} INFO - [2023-11-16T08:29:50.704+0000] {dagbag.py:536} INFO - Filling up the DagBag from /home/airflow/.local/lib/python3.8/site-packages/airflow/example_dags/example_setup_teardown.py
[2023-11-16T08:29:50.718+0000] {processor.py:839} INFO - DAG(s) dict_keys(['example_setup_teardown']) retrieved from /home/airflow/.local/lib/python3.8/site-packages/airflow/example_dags/example_setup_teardown.py
[2023-11-16T08:29:50.751+0000] {logging_mixin.py:151} INFO - [2023-11-16T08:29:50.751+0000] {dag.py:2941} INFO - Sync 1 DAGs
[2023-11-16T08:29:50.786+0000] {logging_mixin.py:151} INFO - [2023-11-16T08:29:50.786+0000] {dag.py:3722} INFO - Setting next_dagrun for example_setup_teardown to 2023-11-15T08:29:50.786013+00:00, run_after=2023-11-16T08:29:50.786013+00:00
[2023-11-16T08:29:50.808+0000] {processor.py:179} INFO - Processing /home/airflow/.local/lib/python3.8/site-packages/airflow/example_dags/example_setup_teardown.py took 0.111 seconds
[2023-11-16T08:30:20.893+0000] {processor.py:157} INFO - Started process (PID=220) to work on /home/airflow/.local/lib/python3.8/site-packages/airflow/example_dags/example_setup_teardown.py
[2023-11-16T08:30:20.894+0000] {processor.py:829} INFO - Processing file /home/airflow/.local/lib/python3.8/site-packages/airflow/example_dags/example_setup_teardown.py for tasks to queue
[2023-11-16T08:30:20.895+0000] {logging_mixin.py:151} INFO - [2023-11-16T08:30:20.895+0000] {dagbag.py:536} INFO - Filling up the DagBag from /home/airflow/.local/lib/python3.8/site-packages/airflow/example_dags/example_setup_teardown.py
[2023-11-16T08:30:20.900+0000] {processor.py:839} INFO - DAG(s) dict_keys(['example_setup_teardown']) retrieved from /home/airflow/.local/lib/python3.8/site-packages/airflow/example_dags/example_setup_teardown.py
[2023-11-16T08:30:20.913+0000] {logging_mixin.py:151} INFO - [2023-11-16T08:30:20.913+0000] {dag.py:2941} INFO - Sync 1 DAGs
[2023-11-16T08:30:20.948+0000] {logging_mixin.py:151} INFO - [2023-11-16T08:30:20.948+0000] {dag.py:3722} INFO - Setting next_dagrun for example_setup_teardown to 2023-11-15T08:30:20.948431+00:00, run_after=2023-11-16T08:30:20.948431+00:00
[2023-11-16T08:30:20.962+0000] {processor.py:179} INFO - Processing /home/airflow/.local/lib/python3.8/site-packages/airflow/example_dags/example_setup_teardown.py took 0.071 seconds
[2023-11-16T08:30:51.854+0000] {processor.py:157} INFO - Started process (PID=274) to work on /home/airflow/.local/lib/python3.8/site-packages/airflow/example_dags/example_setup_teardown.py
[2023-11-16T08:30:51.855+0000] {processor.py:829} INFO - Processing file /home/airflow/.local/lib/python3.8/site-packages/airflow/example_dags/example_setup_teardown.py for tasks to queue
[2023-11-16T08:30:51.856+0000] {logging_mixin.py:151} INFO - [2023-11-16T08:30:51.856+0000] {dagbag.py:536} INFO - Filling up the DagBag from /home/airflow/.local/lib/python3.8/site-packages/airflow/example_dags/example_setup_teardown.py
[2023-11-16T08:30:51.860+0000] {processor.py:839} INFO - DAG(s) dict_keys(['example_setup_teardown']) retrieved from /home/airflow/.local/lib/python3.8/site-packages/airflow/example_dags/example_setup_teardown.py
[2023-11-16T08:30:51.874+0000] {logging_mixin.py:151} INFO - [2023-11-16T08:30:51.874+0000] {dag.py:2941} INFO - Sync 1 DAGs
[2023-11-16T08:30:51.889+0000] {logging_mixin.py:151} INFO - [2023-11-16T08:30:51.889+0000] {dag.py:3722} INFO - Setting next_dagrun for example_setup_teardown to 2023-11-15T08:30:51.889457+00:00, run_after=2023-11-16T08:30:51.889457+00:00
[2023-11-16T08:30:51.902+0000] {processor.py:179} INFO - Processing /home/airflow/.local/lib/python3.8/site-packages/airflow/example_dags/example_setup_teardown.py took 0.050 seconds
[2023-11-16T08:31:22.249+0000] {processor.py:157} INFO - Started process (PID=328) to work on /home/airflow/.local/lib/python3.8/site-packages/airflow/example_dags/example_setup_teardown.py
[2023-11-16T08:31:22.250+0000] {processor.py:829} INFO - Processing file /home/airflow/.local/lib/python3.8/site-packages/airflow/example_dags/example_setup_teardown.py for tasks to queue
[2023-11-16T08:31:22.252+0000] {logging_mixin.py:151} INFO - [2023-11-16T08:31:22.251+0000] {dagbag.py:536} INFO - Filling up the DagBag from /home/airflow/.local/lib/python3.8/site-packages/airflow/example_dags/example_setup_teardown.py
[2023-11-16T08:31:22.257+0000] {processor.py:839} INFO - DAG(s) dict_keys(['example_setup_teardown']) retrieved from /home/airflow/.local/lib/python3.8/site-packages/airflow/example_dags/example_setup_teardown.py
[2023-11-16T08:31:22.271+0000] {logging_mixin.py:151} INFO - [2023-11-16T08:31:22.271+0000] {dag.py:2941} INFO - Sync 1 DAGs
[2023-11-16T08:31:22.288+0000] {logging_mixin.py:151} INFO - [2023-11-16T08:31:22.288+0000] {dag.py:3722} INFO - Setting next_dagrun for example_setup_teardown to 2023-11-15T08:31:22.287959+00:00, run_after=2023-11-16T08:31:22.287959+00:00
[2023-11-16T08:31:22.302+0000] {processor.py:179} INFO - Processing /home/airflow/.local/lib/python3.8/site-packages/airflow/example_dags/example_setup_teardown.py took 0.055 seconds
[2023-11-16T08:31:52.523+0000] {processor.py:157} INFO - Started process (PID=382) to work on /home/airflow/.local/lib/python3.8/site-packages/airflow/example_dags/example_setup_teardown.py
[2023-11-16T08:31:52.524+0000] {processor.py:829} INFO - Processing file /home/airflow/.local/lib/python3.8/site-packages/airflow/example_dags/example_setup_teardown.py for tasks to queue
[2023-11-16T08:31:52.525+0000] {logging_mixin.py:151} INFO - [2023-11-16T08:31:52.525+0000] {dagbag.py:536} INFO - Filling up the DagBag from /home/airflow/.local/lib/python3.8/site-packages/airflow/example_dags/example_setup_teardown.py
[2023-11-16T08:31:52.529+0000] {processor.py:839} INFO - DAG(s) dict_keys(['example_setup_teardown']) retrieved from /home/airflow/.local/lib/python3.8/site-packages/airflow/example_dags/example_setup_teardown.py
[2023-11-16T08:31:52.542+0000] {logging_mixin.py:151} INFO - [2023-11-16T08:31:52.542+0000] {dag.py:2941} INFO - Sync 1 DAGs
[2023-11-16T08:31:52.557+0000] {logging_mixin.py:151} INFO - [2023-11-16T08:31:52.557+0000] {dag.py:3722} INFO - Setting next_dagrun for example_setup_teardown to 2023-11-15T08:31:52.556943+00:00, run_after=2023-11-16T08:31:52.556943+00:00
[2023-11-16T08:31:52.569+0000] {processor.py:179} INFO - Processing /home/airflow/.local/lib/python3.8/site-packages/airflow/example_dags/example_setup_teardown.py took 0.049 seconds
[2023-11-16T08:32:22.593+0000] {processor.py:157} INFO - Started process (PID=436) to work on /home/airflow/.local/lib/python3.8/site-packages/airflow/example_dags/example_setup_teardown.py
[2023-11-16T08:32:22.594+0000] {processor.py:829} INFO - Processing file /home/airflow/.local/lib/python3.8/site-packages/airflow/example_dags/example_setup_teardown.py for tasks to queue
[2023-11-16T08:32:22.596+0000] {logging_mixin.py:151} INFO - [2023-11-16T08:32:22.595+0000] {dagbag.py:536} INFO - Filling up the DagBag from /home/airflow/.local/lib/python3.8/site-packages/airflow/example_dags/example_setup_teardown.py
[2023-11-16T08:32:22.600+0000] {processor.py:839} INFO - DAG(s) dict_keys(['example_setup_teardown']) retrieved from /home/airflow/.local/lib/python3.8/site-packages/airflow/example_dags/example_setup_teardown.py
[2023-11-16T08:32:22.613+0000] {logging_mixin.py:151} INFO - [2023-11-16T08:32:22.613+0000] {dag.py:2941} INFO - Sync 1 DAGs
[2023-11-16T08:32:22.628+0000] {logging_mixin.py:151} INFO - [2023-11-16T08:32:22.628+0000] {dag.py:3722} INFO - Setting next_dagrun for example_setup_teardown to 2023-11-15T08:32:22.627970+00:00, run_after=2023-11-16T08:32:22.627970+00:00
[2023-11-16T08:32:22.640+0000] {processor.py:179} INFO - Processing /home/airflow/.local/lib/python3.8/site-packages/airflow/example_dags/example_setup_teardown.py took 0.049 seconds
[2023-11-16T08:32:52.912+0000] {processor.py:157} INFO - Started process (PID=490) to work on /home/airflow/.local/lib/python3.8/site-packages/airflow/example_dags/example_setup_teardown.py
[2023-11-16T08:32:52.913+0000] {processor.py:829} INFO - Processing file /home/airflow/.local/lib/python3.8/site-packages/airflow/example_dags/example_setup_teardown.py for tasks to queue
[2023-11-16T08:32:52.915+0000] {logging_mixin.py:151} INFO - [2023-11-16T08:32:52.915+0000] {dagbag.py:536} INFO - Filling up the DagBag from /home/airflow/.local/lib/python3.8/site-packages/airflow/example_dags/example_setup_teardown.py
[2023-11-16T08:32:52.919+0000] {processor.py:839} INFO - DAG(s) dict_keys(['example_setup_teardown']) retrieved from /home/airflow/.local/lib/python3.8/site-packages/airflow/example_dags/example_setup_teardown.py
[2023-11-16T08:32:52.933+0000] {logging_mixin.py:151} INFO - [2023-11-16T08:32:52.933+0000] {dag.py:2941} INFO - Sync 1 DAGs
[2023-11-16T08:32:52.948+0000] {logging_mixin.py:151} INFO - [2023-11-16T08:32:52.948+0000] {dag.py:3722} INFO - Setting next_dagrun for example_setup_teardown to 2023-11-15T08:32:52.948189+00:00, run_after=2023-11-16T08:32:52.948189+00:00
[2023-11-16T08:32:52.959+0000] {processor.py:179} INFO - Processing /home/airflow/.local/lib/python3.8/site-packages/airflow/example_dags/example_setup_teardown.py took 0.049 seconds
[2023-11-16T08:33:23.187+0000] {processor.py:157} INFO - Started process (PID=544) to work on /home/airflow/.local/lib/python3.8/site-packages/airflow/example_dags/example_setup_teardown.py
[2023-11-16T08:33:23.189+0000] {processor.py:829} INFO - Processing file /home/airflow/.local/lib/python3.8/site-packages/airflow/example_dags/example_setup_teardown.py for tasks to queue
[2023-11-16T08:33:23.191+0000] {logging_mixin.py:151} INFO - [2023-11-16T08:33:23.191+0000] {dagbag.py:536} INFO - Filling up the DagBag from /home/airflow/.local/lib/python3.8/site-packages/airflow/example_dags/example_setup_teardown.py
[2023-11-16T08:33:23.196+0000] {processor.py:839} INFO - DAG(s) dict_keys(['example_setup_teardown']) retrieved from /home/airflow/.local/lib/python3.8/site-packages/airflow/example_dags/example_setup_teardown.py
[2023-11-16T08:33:23.211+0000] {logging_mixin.py:151} INFO - [2023-11-16T08:33:23.211+0000] {dag.py:2941} INFO - Sync 1 DAGs
[2023-11-16T08:33:23.229+0000] {logging_mixin.py:151} INFO - [2023-11-16T08:33:23.229+0000] {dag.py:3722} INFO - Setting next_dagrun for example_setup_teardown to 2023-11-15T08:33:23.229431+00:00, run_after=2023-11-16T08:33:23.229431+00:00
[2023-11-16T08:33:23.243+0000] {processor.py:179} INFO - Processing /home/airflow/.local/lib/python3.8/site-packages/airflow/example_dags/example_setup_teardown.py took 0.057 seconds
[2023-11-16T08:33:53.437+0000] {processor.py:157} INFO - Started process (PID=598) to work on /home/airflow/.local/lib/python3.8/site-packages/airflow/example_dags/example_setup_teardown.py
[2023-11-16T08:33:53.438+0000] {processor.py:829} INFO - Processing file /home/airflow/.local/lib/python3.8/site-packages/airflow/example_dags/example_setup_teardown.py for tasks to queue
[2023-11-16T08:33:53.440+0000] {logging_mixin.py:151} INFO - [2023-11-16T08:33:53.440+0000] {dagbag.py:536} INFO - Filling up the DagBag from /home/airflow/.local/lib/python3.8/site-packages/airflow/example_dags/example_setup_teardown.py
[2023-11-16T08:33:53.445+0000] {processor.py:839} INFO - DAG(s) dict_keys(['example_setup_teardown']) retrieved from /home/airflow/.local/lib/python3.8/site-packages/airflow/example_dags/example_setup_teardown.py
[2023-11-16T08:33:53.459+0000] {logging_mixin.py:151} INFO - [2023-11-16T08:33:53.459+0000] {dag.py:2941} INFO - Sync 1 DAGs
[2023-11-16T08:33:53.475+0000] {logging_mixin.py:151} INFO - [2023-11-16T08:33:53.474+0000] {dag.py:3722} INFO - Setting next_dagrun for example_setup_teardown to 2023-11-15T08:33:53.474826+00:00, run_after=2023-11-16T08:33:53.474826+00:00
[2023-11-16T08:33:53.487+0000] {processor.py:179} INFO - Processing /home/airflow/.local/lib/python3.8/site-packages/airflow/example_dags/example_setup_teardown.py took 0.052 seconds
[2023-11-16T08:34:23.911+0000] {processor.py:157} INFO - Started process (PID=652) to work on /home/airflow/.local/lib/python3.8/site-packages/airflow/example_dags/example_setup_teardown.py
[2023-11-16T08:34:23.912+0000] {processor.py:829} INFO - Processing file /home/airflow/.local/lib/python3.8/site-packages/airflow/example_dags/example_setup_teardown.py for tasks to queue
[2023-11-16T08:34:23.914+0000] {logging_mixin.py:151} INFO - [2023-11-16T08:34:23.914+0000] {dagbag.py:536} INFO - Filling up the DagBag from /home/airflow/.local/lib/python3.8/site-packages/airflow/example_dags/example_setup_teardown.py
[2023-11-16T08:34:23.919+0000] {processor.py:839} INFO - DAG(s) dict_keys(['example_setup_teardown']) retrieved from /home/airflow/.local/lib/python3.8/site-packages/airflow/example_dags/example_setup_teardown.py
[2023-11-16T08:34:23.935+0000] {logging_mixin.py:151} INFO - [2023-11-16T08:34:23.935+0000] {dag.py:2941} INFO - Sync 1 DAGs
[2023-11-16T08:34:23.954+0000] {logging_mixin.py:151} INFO - [2023-11-16T08:34:23.954+0000] {dag.py:3722} INFO - Setting next_dagrun for example_setup_teardown to 2023-11-15T08:34:23.953814+00:00, run_after=2023-11-16T08:34:23.953814+00:00
[2023-11-16T08:34:23.970+0000] {processor.py:179} INFO - Processing /home/airflow/.local/lib/python3.8/site-packages/airflow/example_dags/example_setup_teardown.py took 0.061 seconds
[2023-11-16T08:34:54.037+0000] {processor.py:157} INFO - Started process (PID=706) to work on /home/airflow/.local/lib/python3.8/site-packages/airflow/example_dags/example_setup_teardown.py
[2023-11-16T08:34:54.038+0000] {processor.py:829} INFO - Processing file /home/airflow/.local/lib/python3.8/site-packages/airflow/example_dags/example_setup_teardown.py for tasks to queue
[2023-11-16T08:34:54.040+0000] {logging_mixin.py:151} INFO - [2023-11-16T08:34:54.040+0000] {dagbag.py:536} INFO - Filling up the DagBag from /home/airflow/.local/lib/python3.8/site-packages/airflow/example_dags/example_setup_teardown.py
[2023-11-16T08:34:54.045+0000] {processor.py:839} INFO - DAG(s) dict_keys(['example_setup_teardown']) retrieved from /home/airflow/.local/lib/python3.8/site-packages/airflow/example_dags/example_setup_teardown.py
[2023-11-16T08:34:54.063+0000] {logging_mixin.py:151} INFO - [2023-11-16T08:34:54.063+0000] {dag.py:2941} INFO - Sync 1 DAGs
[2023-11-16T08:34:54.079+0000] {logging_mixin.py:151} INFO - [2023-11-16T08:34:54.079+0000] {dag.py:3722} INFO - Setting next_dagrun for example_setup_teardown to 2023-11-15T08:34:54.079597+00:00, run_after=2023-11-16T08:34:54.079597+00:00
[2023-11-16T08:34:54.093+0000] {processor.py:179} INFO - Processing /home/airflow/.local/lib/python3.8/site-packages/airflow/example_dags/example_setup_teardown.py took 0.057 seconds
[2023-11-16T08:35:25.077+0000] {processor.py:157} INFO - Started process (PID=760) to work on /home/airflow/.local/lib/python3.8/site-packages/airflow/example_dags/example_setup_teardown.py
[2023-11-16T08:35:25.078+0000] {processor.py:829} INFO - Processing file /home/airflow/.local/lib/python3.8/site-packages/airflow/example_dags/example_setup_teardown.py for tasks to queue
[2023-11-16T08:35:25.079+0000] {logging_mixin.py:151} INFO - [2023-11-16T08:35:25.079+0000] {dagbag.py:536} INFO - Filling up the DagBag from /home/airflow/.local/lib/python3.8/site-packages/airflow/example_dags/example_setup_teardown.py
[2023-11-16T08:35:25.084+0000] {processor.py:839} INFO - DAG(s) dict_keys(['example_setup_teardown']) retrieved from /home/airflow/.local/lib/python3.8/site-packages/airflow/example_dags/example_setup_teardown.py
[2023-11-16T08:35:25.098+0000] {logging_mixin.py:151} INFO - [2023-11-16T08:35:25.098+0000] {dag.py:2941} INFO - Sync 1 DAGs
[2023-11-16T08:35:25.114+0000] {logging_mixin.py:151} INFO - [2023-11-16T08:35:25.114+0000] {dag.py:3722} INFO - Setting next_dagrun for example_setup_teardown to 2023-11-15T08:35:25.114537+00:00, run_after=2023-11-16T08:35:25.114537+00:00
[2023-11-16T08:35:25.126+0000] {processor.py:179} INFO - Processing /home/airflow/.local/lib/python3.8/site-packages/airflow/example_dags/example_setup_teardown.py took 0.052 seconds
[2023-11-16T08:35:55.147+0000] {processor.py:157} INFO - Started process (PID=813) to work on /home/airflow/.local/lib/python3.8/site-packages/airflow/example_dags/example_setup_teardown.py
[2023-11-16T08:35:55.148+0000] {processor.py:829} INFO - Processing file /home/airflow/.local/lib/python3.8/site-packages/airflow/example_dags/example_setup_teardown.py for tasks to queue
[2023-11-16T08:35:55.150+0000] {logging_mixin.py:151} INFO - [2023-11-16T08:35:55.150+0000] {dagbag.py:536} INFO - Filling up the DagBag from /home/airflow/.local/lib/python3.8/site-packages/airflow/example_dags/example_setup_teardown.py
[2023-11-16T08:35:55.154+0000] {processor.py:839} INFO - DAG(s) dict_keys(['example_setup_teardown']) retrieved from /home/airflow/.local/lib/python3.8/site-packages/airflow/example_dags/example_setup_teardown.py
[2023-11-16T08:35:55.166+0000] {logging_mixin.py:151} INFO - [2023-11-16T08:35:55.166+0000] {dag.py:2941} INFO - Sync 1 DAGs
[2023-11-16T08:35:55.181+0000] {logging_mixin.py:151} INFO - [2023-11-16T08:35:55.181+0000] {dag.py:3722} INFO - Setting next_dagrun for example_setup_teardown to 2023-11-15T08:35:55.180855+00:00, run_after=2023-11-16T08:35:55.180855+00:00
[2023-11-16T08:35:55.193+0000] {processor.py:179} INFO - Processing /home/airflow/.local/lib/python3.8/site-packages/airflow/example_dags/example_setup_teardown.py took 0.048 seconds
[2023-11-16T08:36:25.373+0000] {processor.py:157} INFO - Started process (PID=868) to work on /home/airflow/.local/lib/python3.8/site-packages/airflow/example_dags/example_setup_teardown.py
[2023-11-16T08:36:25.374+0000] {processor.py:829} INFO - Processing file /home/airflow/.local/lib/python3.8/site-packages/airflow/example_dags/example_setup_teardown.py for tasks to queue
[2023-11-16T08:36:25.378+0000] {logging_mixin.py:151} INFO - [2023-11-16T08:36:25.377+0000] {dagbag.py:536} INFO - Filling up the DagBag from /home/airflow/.local/lib/python3.8/site-packages/airflow/example_dags/example_setup_teardown.py
[2023-11-16T08:36:25.384+0000] {processor.py:839} INFO - DAG(s) dict_keys(['example_setup_teardown']) retrieved from /home/airflow/.local/lib/python3.8/site-packages/airflow/example_dags/example_setup_teardown.py
[2023-11-16T08:36:25.399+0000] {logging_mixin.py:151} INFO - [2023-11-16T08:36:25.399+0000] {dag.py:2941} INFO - Sync 1 DAGs
[2023-11-16T08:36:25.416+0000] {logging_mixin.py:151} INFO - [2023-11-16T08:36:25.416+0000] {dag.py:3722} INFO - Setting next_dagrun for example_setup_teardown to 2023-11-15T08:36:25.416284+00:00, run_after=2023-11-16T08:36:25.416284+00:00
[2023-11-16T08:36:25.429+0000] {processor.py:179} INFO - Processing /home/airflow/.local/lib/python3.8/site-packages/airflow/example_dags/example_setup_teardown.py took 0.059 seconds
[2023-11-16T08:36:55.565+0000] {processor.py:157} INFO - Started process (PID=922) to work on /home/airflow/.local/lib/python3.8/site-packages/airflow/example_dags/example_setup_teardown.py
[2023-11-16T08:36:55.566+0000] {processor.py:829} INFO - Processing file /home/airflow/.local/lib/python3.8/site-packages/airflow/example_dags/example_setup_teardown.py for tasks to queue
[2023-11-16T08:36:55.568+0000] {logging_mixin.py:151} INFO - [2023-11-16T08:36:55.568+0000] {dagbag.py:536} INFO - Filling up the DagBag from /home/airflow/.local/lib/python3.8/site-packages/airflow/example_dags/example_setup_teardown.py
[2023-11-16T08:36:55.573+0000] {processor.py:839} INFO - DAG(s) dict_keys(['example_setup_teardown']) retrieved from /home/airflow/.local/lib/python3.8/site-packages/airflow/example_dags/example_setup_teardown.py
[2023-11-16T08:36:55.586+0000] {logging_mixin.py:151} INFO - [2023-11-16T08:36:55.586+0000] {dag.py:2941} INFO - Sync 1 DAGs
[2023-11-16T08:36:55.601+0000] {logging_mixin.py:151} INFO - [2023-11-16T08:36:55.601+0000] {dag.py:3722} INFO - Setting next_dagrun for example_setup_teardown to 2023-11-15T08:36:55.601527+00:00, run_after=2023-11-16T08:36:55.601527+00:00
[2023-11-16T08:36:55.614+0000] {processor.py:179} INFO - Processing /home/airflow/.local/lib/python3.8/site-packages/airflow/example_dags/example_setup_teardown.py took 0.051 seconds
[2023-11-16T08:37:25.810+0000] {processor.py:157} INFO - Started process (PID=976) to work on /home/airflow/.local/lib/python3.8/site-packages/airflow/example_dags/example_setup_teardown.py
[2023-11-16T08:37:25.811+0000] {processor.py:829} INFO - Processing file /home/airflow/.local/lib/python3.8/site-packages/airflow/example_dags/example_setup_teardown.py for tasks to queue
[2023-11-16T08:37:25.813+0000] {logging_mixin.py:151} INFO - [2023-11-16T08:37:25.813+0000] {dagbag.py:536} INFO - Filling up the DagBag from /home/airflow/.local/lib/python3.8/site-packages/airflow/example_dags/example_setup_teardown.py
[2023-11-16T08:37:25.818+0000] {processor.py:839} INFO - DAG(s) dict_keys(['example_setup_teardown']) retrieved from /home/airflow/.local/lib/python3.8/site-packages/airflow/example_dags/example_setup_teardown.py
[2023-11-16T08:37:25.831+0000] {logging_mixin.py:151} INFO - [2023-11-16T08:37:25.831+0000] {dag.py:2941} INFO - Sync 1 DAGs
[2023-11-16T08:37:25.845+0000] {logging_mixin.py:151} INFO - [2023-11-16T08:37:25.845+0000] {dag.py:3722} INFO - Setting next_dagrun for example_setup_teardown to 2023-11-15T08:37:25.845612+00:00, run_after=2023-11-16T08:37:25.845612+00:00
[2023-11-16T08:37:25.857+0000] {processor.py:179} INFO - Processing /home/airflow/.local/lib/python3.8/site-packages/airflow/example_dags/example_setup_teardown.py took 0.049 seconds
[2023-11-16T08:37:55.938+0000] {processor.py:157} INFO - Started process (PID=1030) to work on /home/airflow/.local/lib/python3.8/site-packages/airflow/example_dags/example_setup_teardown.py
[2023-11-16T08:37:55.938+0000] {processor.py:829} INFO - Processing file /home/airflow/.local/lib/python3.8/site-packages/airflow/example_dags/example_setup_teardown.py for tasks to queue
[2023-11-16T08:37:55.942+0000] {logging_mixin.py:151} INFO - [2023-11-16T08:37:55.941+0000] {dagbag.py:536} INFO - Filling up the DagBag from /home/airflow/.local/lib/python3.8/site-packages/airflow/example_dags/example_setup_teardown.py
[2023-11-16T08:37:55.947+0000] {processor.py:839} INFO - DAG(s) dict_keys(['example_setup_teardown']) retrieved from /home/airflow/.local/lib/python3.8/site-packages/airflow/example_dags/example_setup_teardown.py
[2023-11-16T08:37:55.962+0000] {logging_mixin.py:151} INFO - [2023-11-16T08:37:55.962+0000] {dag.py:2941} INFO - Sync 1 DAGs
[2023-11-16T08:37:55.979+0000] {logging_mixin.py:151} INFO - [2023-11-16T08:37:55.978+0000] {dag.py:3722} INFO - Setting next_dagrun for example_setup_teardown to 2023-11-15T08:37:55.978786+00:00, run_after=2023-11-16T08:37:55.978786+00:00
[2023-11-16T08:37:55.993+0000] {processor.py:179} INFO - Processing /home/airflow/.local/lib/python3.8/site-packages/airflow/example_dags/example_setup_teardown.py took 0.058 seconds
[2023-11-16T08:38:26.211+0000] {processor.py:157} INFO - Started process (PID=1084) to work on /home/airflow/.local/lib/python3.8/site-packages/airflow/example_dags/example_setup_teardown.py
[2023-11-16T08:38:26.212+0000] {processor.py:829} INFO - Processing file /home/airflow/.local/lib/python3.8/site-packages/airflow/example_dags/example_setup_teardown.py for tasks to queue
[2023-11-16T08:38:26.214+0000] {logging_mixin.py:151} INFO - [2023-11-16T08:38:26.214+0000] {dagbag.py:536} INFO - Filling up the DagBag from /home/airflow/.local/lib/python3.8/site-packages/airflow/example_dags/example_setup_teardown.py
[2023-11-16T08:38:26.218+0000] {processor.py:839} INFO - DAG(s) dict_keys(['example_setup_teardown']) retrieved from /home/airflow/.local/lib/python3.8/site-packages/airflow/example_dags/example_setup_teardown.py
[2023-11-16T08:38:26.231+0000] {logging_mixin.py:151} INFO - [2023-11-16T08:38:26.231+0000] {dag.py:2941} INFO - Sync 1 DAGs
[2023-11-16T08:38:26.245+0000] {logging_mixin.py:151} INFO - [2023-11-16T08:38:26.245+0000] {dag.py:3722} INFO - Setting next_dagrun for example_setup_teardown to 2023-11-15T08:38:26.245534+00:00, run_after=2023-11-16T08:38:26.245534+00:00
[2023-11-16T08:38:26.256+0000] {processor.py:179} INFO - Processing /home/airflow/.local/lib/python3.8/site-packages/airflow/example_dags/example_setup_teardown.py took 0.047 seconds
[2023-11-16T08:38:56.515+0000] {processor.py:157} INFO - Started process (PID=1138) to work on /home/airflow/.local/lib/python3.8/site-packages/airflow/example_dags/example_setup_teardown.py
[2023-11-16T08:38:56.516+0000] {processor.py:829} INFO - Processing file /home/airflow/.local/lib/python3.8/site-packages/airflow/example_dags/example_setup_teardown.py for tasks to queue
[2023-11-16T08:38:56.518+0000] {logging_mixin.py:151} INFO - [2023-11-16T08:38:56.518+0000] {dagbag.py:536} INFO - Filling up the DagBag from /home/airflow/.local/lib/python3.8/site-packages/airflow/example_dags/example_setup_teardown.py
[2023-11-16T08:38:56.522+0000] {processor.py:839} INFO - DAG(s) dict_keys(['example_setup_teardown']) retrieved from /home/airflow/.local/lib/python3.8/site-packages/airflow/example_dags/example_setup_teardown.py
[2023-11-16T08:38:56.535+0000] {logging_mixin.py:151} INFO - [2023-11-16T08:38:56.535+0000] {dag.py:2941} INFO - Sync 1 DAGs
[2023-11-16T08:38:56.549+0000] {logging_mixin.py:151} INFO - [2023-11-16T08:38:56.549+0000] {dag.py:3722} INFO - Setting next_dagrun for example_setup_teardown to 2023-11-15T08:38:56.549619+00:00, run_after=2023-11-16T08:38:56.549619+00:00
[2023-11-16T08:38:56.562+0000] {processor.py:179} INFO - Processing /home/airflow/.local/lib/python3.8/site-packages/airflow/example_dags/example_setup_teardown.py took 0.048 seconds
[2023-11-16T08:39:26.697+0000] {processor.py:157} INFO - Started process (PID=1192) to work on /home/airflow/.local/lib/python3.8/site-packages/airflow/example_dags/example_setup_teardown.py
[2023-11-16T08:39:26.698+0000] {processor.py:829} INFO - Processing file /home/airflow/.local/lib/python3.8/site-packages/airflow/example_dags/example_setup_teardown.py for tasks to queue
[2023-11-16T08:39:26.700+0000] {logging_mixin.py:151} INFO - [2023-11-16T08:39:26.700+0000] {dagbag.py:536} INFO - Filling up the DagBag from /home/airflow/.local/lib/python3.8/site-packages/airflow/example_dags/example_setup_teardown.py
[2023-11-16T08:39:26.704+0000] {processor.py:839} INFO - DAG(s) dict_keys(['example_setup_teardown']) retrieved from /home/airflow/.local/lib/python3.8/site-packages/airflow/example_dags/example_setup_teardown.py
[2023-11-16T08:39:26.717+0000] {logging_mixin.py:151} INFO - [2023-11-16T08:39:26.717+0000] {dag.py:2941} INFO - Sync 1 DAGs
[2023-11-16T08:39:26.731+0000] {logging_mixin.py:151} INFO - [2023-11-16T08:39:26.731+0000] {dag.py:3722} INFO - Setting next_dagrun for example_setup_teardown to 2023-11-15T08:39:26.731367+00:00, run_after=2023-11-16T08:39:26.731367+00:00
[2023-11-16T08:39:26.743+0000] {processor.py:179} INFO - Processing /home/airflow/.local/lib/python3.8/site-packages/airflow/example_dags/example_setup_teardown.py took 0.048 seconds
[2023-11-16T08:39:56.847+0000] {processor.py:157} INFO - Started process (PID=1246) to work on /home/airflow/.local/lib/python3.8/site-packages/airflow/example_dags/example_setup_teardown.py
[2023-11-16T08:39:56.848+0000] {processor.py:829} INFO - Processing file /home/airflow/.local/lib/python3.8/site-packages/airflow/example_dags/example_setup_teardown.py for tasks to queue
[2023-11-16T08:39:56.850+0000] {logging_mixin.py:151} INFO - [2023-11-16T08:39:56.850+0000] {dagbag.py:536} INFO - Filling up the DagBag from /home/airflow/.local/lib/python3.8/site-packages/airflow/example_dags/example_setup_teardown.py
[2023-11-16T08:39:56.854+0000] {processor.py:839} INFO - DAG(s) dict_keys(['example_setup_teardown']) retrieved from /home/airflow/.local/lib/python3.8/site-packages/airflow/example_dags/example_setup_teardown.py
[2023-11-16T08:39:56.868+0000] {logging_mixin.py:151} INFO - [2023-11-16T08:39:56.868+0000] {dag.py:2941} INFO - Sync 1 DAGs
[2023-11-16T08:39:56.883+0000] {logging_mixin.py:151} INFO - [2023-11-16T08:39:56.882+0000] {dag.py:3722} INFO - Setting next_dagrun for example_setup_teardown to 2023-11-15T08:39:56.882665+00:00, run_after=2023-11-16T08:39:56.882665+00:00
[2023-11-16T08:39:56.895+0000] {processor.py:179} INFO - Processing /home/airflow/.local/lib/python3.8/site-packages/airflow/example_dags/example_setup_teardown.py took 0.050 seconds
[2023-11-16T08:40:26.950+0000] {processor.py:157} INFO - Started process (PID=1300) to work on /home/airflow/.local/lib/python3.8/site-packages/airflow/example_dags/example_setup_teardown.py
[2023-11-16T08:40:26.951+0000] {processor.py:829} INFO - Processing file /home/airflow/.local/lib/python3.8/site-packages/airflow/example_dags/example_setup_teardown.py for tasks to queue
[2023-11-16T08:40:26.953+0000] {logging_mixin.py:151} INFO - [2023-11-16T08:40:26.953+0000] {dagbag.py:536} INFO - Filling up the DagBag from /home/airflow/.local/lib/python3.8/site-packages/airflow/example_dags/example_setup_teardown.py
[2023-11-16T08:40:26.957+0000] {processor.py:839} INFO - DAG(s) dict_keys(['example_setup_teardown']) retrieved from /home/airflow/.local/lib/python3.8/site-packages/airflow/example_dags/example_setup_teardown.py
[2023-11-16T08:40:26.970+0000] {logging_mixin.py:151} INFO - [2023-11-16T08:40:26.970+0000] {dag.py:2941} INFO - Sync 1 DAGs
[2023-11-16T08:40:26.985+0000] {logging_mixin.py:151} INFO - [2023-11-16T08:40:26.984+0000] {dag.py:3722} INFO - Setting next_dagrun for example_setup_teardown to 2023-11-15T08:40:26.984700+00:00, run_after=2023-11-16T08:40:26.984700+00:00
[2023-11-16T08:40:26.996+0000] {processor.py:179} INFO - Processing /home/airflow/.local/lib/python3.8/site-packages/airflow/example_dags/example_setup_teardown.py took 0.048 seconds
[2023-11-16T08:40:57.810+0000] {processor.py:157} INFO - Started process (PID=1354) to work on /home/airflow/.local/lib/python3.8/site-packages/airflow/example_dags/example_setup_teardown.py
[2023-11-16T08:40:57.811+0000] {processor.py:829} INFO - Processing file /home/airflow/.local/lib/python3.8/site-packages/airflow/example_dags/example_setup_teardown.py for tasks to queue
[2023-11-16T08:40:57.814+0000] {logging_mixin.py:151} INFO - [2023-11-16T08:40:57.814+0000] {dagbag.py:536} INFO - Filling up the DagBag from /home/airflow/.local/lib/python3.8/site-packages/airflow/example_dags/example_setup_teardown.py
[2023-11-16T08:40:57.820+0000] {processor.py:839} INFO - DAG(s) dict_keys(['example_setup_teardown']) retrieved from /home/airflow/.local/lib/python3.8/site-packages/airflow/example_dags/example_setup_teardown.py
[2023-11-16T08:40:57.835+0000] {logging_mixin.py:151} INFO - [2023-11-16T08:40:57.835+0000] {dag.py:2941} INFO - Sync 1 DAGs
[2023-11-16T08:40:57.855+0000] {logging_mixin.py:151} INFO - [2023-11-16T08:40:57.855+0000] {dag.py:3722} INFO - Setting next_dagrun for example_setup_teardown to 2023-11-15T08:40:57.855544+00:00, run_after=2023-11-16T08:40:57.855544+00:00
[2023-11-16T08:40:57.873+0000] {processor.py:179} INFO - Processing /home/airflow/.local/lib/python3.8/site-packages/airflow/example_dags/example_setup_teardown.py took 0.066 seconds
[2023-11-16T08:41:28.833+0000] {processor.py:157} INFO - Started process (PID=1408) to work on /home/airflow/.local/lib/python3.8/site-packages/airflow/example_dags/example_setup_teardown.py
[2023-11-16T08:41:28.833+0000] {processor.py:829} INFO - Processing file /home/airflow/.local/lib/python3.8/site-packages/airflow/example_dags/example_setup_teardown.py for tasks to queue
[2023-11-16T08:41:28.835+0000] {logging_mixin.py:151} INFO - [2023-11-16T08:41:28.835+0000] {dagbag.py:536} INFO - Filling up the DagBag from /home/airflow/.local/lib/python3.8/site-packages/airflow/example_dags/example_setup_teardown.py
[2023-11-16T08:41:28.840+0000] {processor.py:839} INFO - DAG(s) dict_keys(['example_setup_teardown']) retrieved from /home/airflow/.local/lib/python3.8/site-packages/airflow/example_dags/example_setup_teardown.py
[2023-11-16T08:41:28.854+0000] {logging_mixin.py:151} INFO - [2023-11-16T08:41:28.854+0000] {dag.py:2941} INFO - Sync 1 DAGs
[2023-11-16T08:41:28.870+0000] {logging_mixin.py:151} INFO - [2023-11-16T08:41:28.870+0000] {dag.py:3722} INFO - Setting next_dagrun for example_setup_teardown to 2023-11-15T08:41:28.869924+00:00, run_after=2023-11-16T08:41:28.869924+00:00
[2023-11-16T08:41:28.883+0000] {processor.py:179} INFO - Processing /home/airflow/.local/lib/python3.8/site-packages/airflow/example_dags/example_setup_teardown.py took 0.053 seconds
[2023-11-16T08:41:59.000+0000] {processor.py:157} INFO - Started process (PID=1462) to work on /home/airflow/.local/lib/python3.8/site-packages/airflow/example_dags/example_setup_teardown.py
[2023-11-16T08:41:59.001+0000] {processor.py:829} INFO - Processing file /home/airflow/.local/lib/python3.8/site-packages/airflow/example_dags/example_setup_teardown.py for tasks to queue
[2023-11-16T08:41:59.003+0000] {logging_mixin.py:151} INFO - [2023-11-16T08:41:59.003+0000] {dagbag.py:536} INFO - Filling up the DagBag from /home/airflow/.local/lib/python3.8/site-packages/airflow/example_dags/example_setup_teardown.py
[2023-11-16T08:41:59.007+0000] {processor.py:839} INFO - DAG(s) dict_keys(['example_setup_teardown']) retrieved from /home/airflow/.local/lib/python3.8/site-packages/airflow/example_dags/example_setup_teardown.py
[2023-11-16T08:41:59.022+0000] {logging_mixin.py:151} INFO - [2023-11-16T08:41:59.022+0000] {dag.py:2941} INFO - Sync 1 DAGs
[2023-11-16T08:41:59.038+0000] {logging_mixin.py:151} INFO - [2023-11-16T08:41:59.038+0000] {dag.py:3722} INFO - Setting next_dagrun for example_setup_teardown to 2023-11-15T08:41:59.038573+00:00, run_after=2023-11-16T08:41:59.038573+00:00
[2023-11-16T08:41:59.053+0000] {processor.py:179} INFO - Processing /home/airflow/.local/lib/python3.8/site-packages/airflow/example_dags/example_setup_teardown.py took 0.055 seconds
[2023-11-16T08:42:29.888+0000] {processor.py:157} INFO - Started process (PID=1516) to work on /home/airflow/.local/lib/python3.8/site-packages/airflow/example_dags/example_setup_teardown.py
[2023-11-16T08:42:29.889+0000] {processor.py:829} INFO - Processing file /home/airflow/.local/lib/python3.8/site-packages/airflow/example_dags/example_setup_teardown.py for tasks to queue
[2023-11-16T08:42:29.890+0000] {logging_mixin.py:151} INFO - [2023-11-16T08:42:29.890+0000] {dagbag.py:536} INFO - Filling up the DagBag from /home/airflow/.local/lib/python3.8/site-packages/airflow/example_dags/example_setup_teardown.py
[2023-11-16T08:42:29.894+0000] {processor.py:839} INFO - DAG(s) dict_keys(['example_setup_teardown']) retrieved from /home/airflow/.local/lib/python3.8/site-packages/airflow/example_dags/example_setup_teardown.py
[2023-11-16T08:42:29.907+0000] {logging_mixin.py:151} INFO - [2023-11-16T08:42:29.907+0000] {dag.py:2941} INFO - Sync 1 DAGs
[2023-11-16T08:42:29.921+0000] {logging_mixin.py:151} INFO - [2023-11-16T08:42:29.921+0000] {dag.py:3722} INFO - Setting next_dagrun for example_setup_teardown to 2023-11-15T08:42:29.921309+00:00, run_after=2023-11-16T08:42:29.921309+00:00
[2023-11-16T08:42:29.933+0000] {processor.py:179} INFO - Processing /home/airflow/.local/lib/python3.8/site-packages/airflow/example_dags/example_setup_teardown.py took 0.047 seconds
[2023-11-16T08:43:00.745+0000] {processor.py:157} INFO - Started process (PID=1570) to work on /home/airflow/.local/lib/python3.8/site-packages/airflow/example_dags/example_setup_teardown.py
[2023-11-16T08:43:00.745+0000] {processor.py:829} INFO - Processing file /home/airflow/.local/lib/python3.8/site-packages/airflow/example_dags/example_setup_teardown.py for tasks to queue
[2023-11-16T08:43:00.747+0000] {logging_mixin.py:151} INFO - [2023-11-16T08:43:00.747+0000] {dagbag.py:536} INFO - Filling up the DagBag from /home/airflow/.local/lib/python3.8/site-packages/airflow/example_dags/example_setup_teardown.py
[2023-11-16T08:43:00.752+0000] {processor.py:839} INFO - DAG(s) dict_keys(['example_setup_teardown']) retrieved from /home/airflow/.local/lib/python3.8/site-packages/airflow/example_dags/example_setup_teardown.py
[2023-11-16T08:43:00.765+0000] {logging_mixin.py:151} INFO - [2023-11-16T08:43:00.765+0000] {dag.py:2941} INFO - Sync 1 DAGs
[2023-11-16T08:43:00.779+0000] {logging_mixin.py:151} INFO - [2023-11-16T08:43:00.779+0000] {dag.py:3722} INFO - Setting next_dagrun for example_setup_teardown to 2023-11-15T08:43:00.779197+00:00, run_after=2023-11-16T08:43:00.779197+00:00
[2023-11-16T08:43:00.791+0000] {processor.py:179} INFO - Processing /home/airflow/.local/lib/python3.8/site-packages/airflow/example_dags/example_setup_teardown.py took 0.049 seconds
[2023-11-16T08:43:31.281+0000] {processor.py:157} INFO - Started process (PID=1624) to work on /home/airflow/.local/lib/python3.8/site-packages/airflow/example_dags/example_setup_teardown.py
[2023-11-16T08:43:31.282+0000] {processor.py:829} INFO - Processing file /home/airflow/.local/lib/python3.8/site-packages/airflow/example_dags/example_setup_teardown.py for tasks to queue
[2023-11-16T08:43:31.284+0000] {logging_mixin.py:151} INFO - [2023-11-16T08:43:31.284+0000] {dagbag.py:536} INFO - Filling up the DagBag from /home/airflow/.local/lib/python3.8/site-packages/airflow/example_dags/example_setup_teardown.py
[2023-11-16T08:43:31.289+0000] {processor.py:839} INFO - DAG(s) dict_keys(['example_setup_teardown']) retrieved from /home/airflow/.local/lib/python3.8/site-packages/airflow/example_dags/example_setup_teardown.py
[2023-11-16T08:43:31.302+0000] {logging_mixin.py:151} INFO - [2023-11-16T08:43:31.302+0000] {dag.py:2941} INFO - Sync 1 DAGs
[2023-11-16T08:43:31.317+0000] {logging_mixin.py:151} INFO - [2023-11-16T08:43:31.317+0000] {dag.py:3722} INFO - Setting next_dagrun for example_setup_teardown to 2023-11-15T08:43:31.317202+00:00, run_after=2023-11-16T08:43:31.317202+00:00
[2023-11-16T08:43:31.329+0000] {processor.py:179} INFO - Processing /home/airflow/.local/lib/python3.8/site-packages/airflow/example_dags/example_setup_teardown.py took 0.050 seconds
[2023-11-16T08:44:01.725+0000] {processor.py:157} INFO - Started process (PID=1678) to work on /home/airflow/.local/lib/python3.8/site-packages/airflow/example_dags/example_setup_teardown.py
[2023-11-16T08:44:01.726+0000] {processor.py:829} INFO - Processing file /home/airflow/.local/lib/python3.8/site-packages/airflow/example_dags/example_setup_teardown.py for tasks to queue
[2023-11-16T08:44:01.728+0000] {logging_mixin.py:151} INFO - [2023-11-16T08:44:01.728+0000] {dagbag.py:536} INFO - Filling up the DagBag from /home/airflow/.local/lib/python3.8/site-packages/airflow/example_dags/example_setup_teardown.py
[2023-11-16T08:44:01.732+0000] {processor.py:839} INFO - DAG(s) dict_keys(['example_setup_teardown']) retrieved from /home/airflow/.local/lib/python3.8/site-packages/airflow/example_dags/example_setup_teardown.py
[2023-11-16T08:44:01.746+0000] {logging_mixin.py:151} INFO - [2023-11-16T08:44:01.745+0000] {dag.py:2941} INFO - Sync 1 DAGs
[2023-11-16T08:44:01.761+0000] {logging_mixin.py:151} INFO - [2023-11-16T08:44:01.761+0000] {dag.py:3722} INFO - Setting next_dagrun for example_setup_teardown to 2023-11-15T08:44:01.761106+00:00, run_after=2023-11-16T08:44:01.761106+00:00
[2023-11-16T08:44:01.775+0000] {processor.py:179} INFO - Processing /home/airflow/.local/lib/python3.8/site-packages/airflow/example_dags/example_setup_teardown.py took 0.052 seconds
[2023-11-16T08:44:32.541+0000] {processor.py:157} INFO - Started process (PID=1739) to work on /home/airflow/.local/lib/python3.8/site-packages/airflow/example_dags/example_setup_teardown.py
[2023-11-16T08:44:32.542+0000] {processor.py:829} INFO - Processing file /home/airflow/.local/lib/python3.8/site-packages/airflow/example_dags/example_setup_teardown.py for tasks to queue
[2023-11-16T08:44:32.544+0000] {logging_mixin.py:151} INFO - [2023-11-16T08:44:32.544+0000] {dagbag.py:536} INFO - Filling up the DagBag from /home/airflow/.local/lib/python3.8/site-packages/airflow/example_dags/example_setup_teardown.py
[2023-11-16T08:44:32.548+0000] {processor.py:839} INFO - DAG(s) dict_keys(['example_setup_teardown']) retrieved from /home/airflow/.local/lib/python3.8/site-packages/airflow/example_dags/example_setup_teardown.py
[2023-11-16T08:44:32.562+0000] {logging_mixin.py:151} INFO - [2023-11-16T08:44:32.561+0000] {dag.py:2941} INFO - Sync 1 DAGs
[2023-11-16T08:44:32.682+0000] {logging_mixin.py:151} INFO - [2023-11-16T08:44:32.682+0000] {dag.py:3722} INFO - Setting next_dagrun for example_setup_teardown to 2023-11-15T08:44:32.682080+00:00, run_after=2023-11-16T08:44:32.682080+00:00
[2023-11-16T08:44:32.694+0000] {processor.py:179} INFO - Processing /home/airflow/.local/lib/python3.8/site-packages/airflow/example_dags/example_setup_teardown.py took 0.155 seconds
[2023-11-16T08:45:03.033+0000] {processor.py:157} INFO - Started process (PID=1793) to work on /home/airflow/.local/lib/python3.8/site-packages/airflow/example_dags/example_setup_teardown.py
[2023-11-16T08:45:03.034+0000] {processor.py:829} INFO - Processing file /home/airflow/.local/lib/python3.8/site-packages/airflow/example_dags/example_setup_teardown.py for tasks to queue
[2023-11-16T08:45:03.036+0000] {logging_mixin.py:151} INFO - [2023-11-16T08:45:03.036+0000] {dagbag.py:536} INFO - Filling up the DagBag from /home/airflow/.local/lib/python3.8/site-packages/airflow/example_dags/example_setup_teardown.py
[2023-11-16T08:45:03.042+0000] {processor.py:839} INFO - DAG(s) dict_keys(['example_setup_teardown']) retrieved from /home/airflow/.local/lib/python3.8/site-packages/airflow/example_dags/example_setup_teardown.py
[2023-11-16T08:45:03.057+0000] {logging_mixin.py:151} INFO - [2023-11-16T08:45:03.056+0000] {dag.py:2941} INFO - Sync 1 DAGs
[2023-11-16T08:45:03.073+0000] {logging_mixin.py:151} INFO - [2023-11-16T08:45:03.073+0000] {dag.py:3722} INFO - Setting next_dagrun for example_setup_teardown to 2023-11-15T08:45:03.073547+00:00, run_after=2023-11-16T08:45:03.073547+00:00
[2023-11-16T08:45:03.087+0000] {processor.py:179} INFO - Processing /home/airflow/.local/lib/python3.8/site-packages/airflow/example_dags/example_setup_teardown.py took 0.056 seconds
[2023-11-16T08:45:33.866+0000] {processor.py:157} INFO - Started process (PID=1847) to work on /home/airflow/.local/lib/python3.8/site-packages/airflow/example_dags/example_setup_teardown.py
[2023-11-16T08:45:33.867+0000] {processor.py:829} INFO - Processing file /home/airflow/.local/lib/python3.8/site-packages/airflow/example_dags/example_setup_teardown.py for tasks to queue
[2023-11-16T08:45:33.869+0000] {logging_mixin.py:151} INFO - [2023-11-16T08:45:33.869+0000] {dagbag.py:536} INFO - Filling up the DagBag from /home/airflow/.local/lib/python3.8/site-packages/airflow/example_dags/example_setup_teardown.py
[2023-11-16T08:45:33.873+0000] {processor.py:839} INFO - DAG(s) dict_keys(['example_setup_teardown']) retrieved from /home/airflow/.local/lib/python3.8/site-packages/airflow/example_dags/example_setup_teardown.py
[2023-11-16T08:45:33.886+0000] {logging_mixin.py:151} INFO - [2023-11-16T08:45:33.886+0000] {dag.py:2941} INFO - Sync 1 DAGs
[2023-11-16T08:45:33.900+0000] {logging_mixin.py:151} INFO - [2023-11-16T08:45:33.900+0000] {dag.py:3722} INFO - Setting next_dagrun for example_setup_teardown to 2023-11-15T08:45:33.900183+00:00, run_after=2023-11-16T08:45:33.900183+00:00
[2023-11-16T08:45:33.912+0000] {processor.py:179} INFO - Processing /home/airflow/.local/lib/python3.8/site-packages/airflow/example_dags/example_setup_teardown.py took 0.048 seconds
[2023-11-16T08:46:04.132+0000] {processor.py:157} INFO - Started process (PID=1901) to work on /home/airflow/.local/lib/python3.8/site-packages/airflow/example_dags/example_setup_teardown.py
[2023-11-16T08:46:04.133+0000] {processor.py:829} INFO - Processing file /home/airflow/.local/lib/python3.8/site-packages/airflow/example_dags/example_setup_teardown.py for tasks to queue
[2023-11-16T08:46:04.135+0000] {logging_mixin.py:151} INFO - [2023-11-16T08:46:04.135+0000] {dagbag.py:536} INFO - Filling up the DagBag from /home/airflow/.local/lib/python3.8/site-packages/airflow/example_dags/example_setup_teardown.py
[2023-11-16T08:46:04.140+0000] {processor.py:839} INFO - DAG(s) dict_keys(['example_setup_teardown']) retrieved from /home/airflow/.local/lib/python3.8/site-packages/airflow/example_dags/example_setup_teardown.py
[2023-11-16T08:46:04.155+0000] {logging_mixin.py:151} INFO - [2023-11-16T08:46:04.155+0000] {dag.py:2941} INFO - Sync 1 DAGs
[2023-11-16T08:46:04.280+0000] {logging_mixin.py:151} INFO - [2023-11-16T08:46:04.279+0000] {dag.py:3722} INFO - Setting next_dagrun for example_setup_teardown to 2023-11-15T08:46:04.279810+00:00, run_after=2023-11-16T08:46:04.279810+00:00
[2023-11-16T08:46:04.293+0000] {processor.py:179} INFO - Processing /home/airflow/.local/lib/python3.8/site-packages/airflow/example_dags/example_setup_teardown.py took 0.163 seconds
