[2023-11-16T08:28:51.931+0000] {processor.py:157} INFO - Started process (PID=68) to work on /home/airflow/.local/lib/python3.8/site-packages/airflow/example_dags/example_short_circuit_operator.py
[2023-11-16T08:28:51.934+0000] {processor.py:829} INFO - Processing file /home/airflow/.local/lib/python3.8/site-packages/airflow/example_dags/example_short_circuit_operator.py for tasks to queue
[2023-11-16T08:28:51.950+0000] {logging_mixin.py:151} INFO - [2023-11-16T08:28:51.949+0000] {dagbag.py:536} INFO - Filling up the DagBag from /home/airflow/.local/lib/python3.8/site-packages/airflow/example_dags/example_short_circuit_operator.py
[2023-11-16T08:28:51.976+0000] {processor.py:839} INFO - DAG(s) dict_keys(['example_short_circuit_operator']) retrieved from /home/airflow/.local/lib/python3.8/site-packages/airflow/example_dags/example_short_circuit_operator.py
[2023-11-16T08:28:52.068+0000] {logging_mixin.py:151} INFO - [2023-11-16T08:28:52.068+0000] {dag.py:2941} INFO - Sync 1 DAGs
[2023-11-16T08:28:52.132+0000] {logging_mixin.py:151} INFO - [2023-11-16T08:28:52.132+0000] {dag.py:3722} INFO - Setting next_dagrun for example_short_circuit_operator to 2023-11-15T08:28:52.131929+00:00, run_after=2023-11-16T08:28:52.131929+00:00
[2023-11-16T08:28:52.157+0000] {processor.py:179} INFO - Processing /home/airflow/.local/lib/python3.8/site-packages/airflow/example_dags/example_short_circuit_operator.py took 0.254 seconds
[2023-11-16T08:29:22.364+0000] {processor.py:157} INFO - Started process (PID=122) to work on /home/airflow/.local/lib/python3.8/site-packages/airflow/example_dags/example_short_circuit_operator.py
[2023-11-16T08:29:22.382+0000] {processor.py:829} INFO - Processing file /home/airflow/.local/lib/python3.8/site-packages/airflow/example_dags/example_short_circuit_operator.py for tasks to queue
[2023-11-16T08:29:22.384+0000] {logging_mixin.py:151} INFO - [2023-11-16T08:29:22.384+0000] {dagbag.py:536} INFO - Filling up the DagBag from /home/airflow/.local/lib/python3.8/site-packages/airflow/example_dags/example_short_circuit_operator.py
[2023-11-16T08:29:22.390+0000] {processor.py:839} INFO - DAG(s) dict_keys(['example_short_circuit_operator']) retrieved from /home/airflow/.local/lib/python3.8/site-packages/airflow/example_dags/example_short_circuit_operator.py
[2023-11-16T08:29:22.405+0000] {logging_mixin.py:151} INFO - [2023-11-16T08:29:22.404+0000] {dag.py:2941} INFO - Sync 1 DAGs
[2023-11-16T08:29:22.419+0000] {logging_mixin.py:151} INFO - [2023-11-16T08:29:22.419+0000] {dag.py:3722} INFO - Setting next_dagrun for example_short_circuit_operator to 2023-11-15T08:29:22.419264+00:00, run_after=2023-11-16T08:29:22.419264+00:00
[2023-11-16T08:29:22.432+0000] {processor.py:179} INFO - Processing /home/airflow/.local/lib/python3.8/site-packages/airflow/example_dags/example_short_circuit_operator.py took 0.070 seconds
[2023-11-16T08:29:53.211+0000] {processor.py:157} INFO - Started process (PID=176) to work on /home/airflow/.local/lib/python3.8/site-packages/airflow/example_dags/example_short_circuit_operator.py
[2023-11-16T08:29:53.212+0000] {processor.py:829} INFO - Processing file /home/airflow/.local/lib/python3.8/site-packages/airflow/example_dags/example_short_circuit_operator.py for tasks to queue
[2023-11-16T08:29:53.214+0000] {logging_mixin.py:151} INFO - [2023-11-16T08:29:53.214+0000] {dagbag.py:536} INFO - Filling up the DagBag from /home/airflow/.local/lib/python3.8/site-packages/airflow/example_dags/example_short_circuit_operator.py
[2023-11-16T08:29:53.220+0000] {processor.py:839} INFO - DAG(s) dict_keys(['example_short_circuit_operator']) retrieved from /home/airflow/.local/lib/python3.8/site-packages/airflow/example_dags/example_short_circuit_operator.py
[2023-11-16T08:29:53.239+0000] {logging_mixin.py:151} INFO - [2023-11-16T08:29:53.239+0000] {dag.py:2941} INFO - Sync 1 DAGs
[2023-11-16T08:29:53.258+0000] {logging_mixin.py:151} INFO - [2023-11-16T08:29:53.258+0000] {dag.py:3722} INFO - Setting next_dagrun for example_short_circuit_operator to 2023-11-15T08:29:53.258497+00:00, run_after=2023-11-16T08:29:53.258497+00:00
[2023-11-16T08:29:53.273+0000] {processor.py:179} INFO - Processing /home/airflow/.local/lib/python3.8/site-packages/airflow/example_dags/example_short_circuit_operator.py took 0.065 seconds
[2023-11-16T08:30:23.296+0000] {processor.py:157} INFO - Started process (PID=230) to work on /home/airflow/.local/lib/python3.8/site-packages/airflow/example_dags/example_short_circuit_operator.py
[2023-11-16T08:30:23.297+0000] {processor.py:829} INFO - Processing file /home/airflow/.local/lib/python3.8/site-packages/airflow/example_dags/example_short_circuit_operator.py for tasks to queue
[2023-11-16T08:30:23.298+0000] {logging_mixin.py:151} INFO - [2023-11-16T08:30:23.298+0000] {dagbag.py:536} INFO - Filling up the DagBag from /home/airflow/.local/lib/python3.8/site-packages/airflow/example_dags/example_short_circuit_operator.py
[2023-11-16T08:30:23.304+0000] {processor.py:839} INFO - DAG(s) dict_keys(['example_short_circuit_operator']) retrieved from /home/airflow/.local/lib/python3.8/site-packages/airflow/example_dags/example_short_circuit_operator.py
[2023-11-16T08:30:23.318+0000] {logging_mixin.py:151} INFO - [2023-11-16T08:30:23.318+0000] {dag.py:2941} INFO - Sync 1 DAGs
[2023-11-16T08:30:23.333+0000] {logging_mixin.py:151} INFO - [2023-11-16T08:30:23.333+0000] {dag.py:3722} INFO - Setting next_dagrun for example_short_circuit_operator to 2023-11-15T08:30:23.333264+00:00, run_after=2023-11-16T08:30:23.333264+00:00
[2023-11-16T08:30:23.346+0000] {processor.py:179} INFO - Processing /home/airflow/.local/lib/python3.8/site-packages/airflow/example_dags/example_short_circuit_operator.py took 0.052 seconds
[2023-11-16T08:30:54.324+0000] {processor.py:157} INFO - Started process (PID=284) to work on /home/airflow/.local/lib/python3.8/site-packages/airflow/example_dags/example_short_circuit_operator.py
[2023-11-16T08:30:54.325+0000] {processor.py:829} INFO - Processing file /home/airflow/.local/lib/python3.8/site-packages/airflow/example_dags/example_short_circuit_operator.py for tasks to queue
[2023-11-16T08:30:54.327+0000] {logging_mixin.py:151} INFO - [2023-11-16T08:30:54.327+0000] {dagbag.py:536} INFO - Filling up the DagBag from /home/airflow/.local/lib/python3.8/site-packages/airflow/example_dags/example_short_circuit_operator.py
[2023-11-16T08:30:54.332+0000] {processor.py:839} INFO - DAG(s) dict_keys(['example_short_circuit_operator']) retrieved from /home/airflow/.local/lib/python3.8/site-packages/airflow/example_dags/example_short_circuit_operator.py
[2023-11-16T08:30:54.349+0000] {logging_mixin.py:151} INFO - [2023-11-16T08:30:54.348+0000] {dag.py:2941} INFO - Sync 1 DAGs
[2023-11-16T08:30:54.365+0000] {logging_mixin.py:151} INFO - [2023-11-16T08:30:54.365+0000] {dag.py:3722} INFO - Setting next_dagrun for example_short_circuit_operator to 2023-11-15T08:30:54.364855+00:00, run_after=2023-11-16T08:30:54.364855+00:00
[2023-11-16T08:30:54.380+0000] {processor.py:179} INFO - Processing /home/airflow/.local/lib/python3.8/site-packages/airflow/example_dags/example_short_circuit_operator.py took 0.058 seconds
[2023-11-16T08:31:24.674+0000] {processor.py:157} INFO - Started process (PID=338) to work on /home/airflow/.local/lib/python3.8/site-packages/airflow/example_dags/example_short_circuit_operator.py
[2023-11-16T08:31:24.675+0000] {processor.py:829} INFO - Processing file /home/airflow/.local/lib/python3.8/site-packages/airflow/example_dags/example_short_circuit_operator.py for tasks to queue
[2023-11-16T08:31:24.677+0000] {logging_mixin.py:151} INFO - [2023-11-16T08:31:24.677+0000] {dagbag.py:536} INFO - Filling up the DagBag from /home/airflow/.local/lib/python3.8/site-packages/airflow/example_dags/example_short_circuit_operator.py
[2023-11-16T08:31:24.682+0000] {processor.py:839} INFO - DAG(s) dict_keys(['example_short_circuit_operator']) retrieved from /home/airflow/.local/lib/python3.8/site-packages/airflow/example_dags/example_short_circuit_operator.py
[2023-11-16T08:31:24.697+0000] {logging_mixin.py:151} INFO - [2023-11-16T08:31:24.697+0000] {dag.py:2941} INFO - Sync 1 DAGs
[2023-11-16T08:31:24.712+0000] {logging_mixin.py:151} INFO - [2023-11-16T08:31:24.712+0000] {dag.py:3722} INFO - Setting next_dagrun for example_short_circuit_operator to 2023-11-15T08:31:24.712459+00:00, run_after=2023-11-16T08:31:24.712459+00:00
[2023-11-16T08:31:24.727+0000] {processor.py:179} INFO - Processing /home/airflow/.local/lib/python3.8/site-packages/airflow/example_dags/example_short_circuit_operator.py took 0.056 seconds
[2023-11-16T08:31:54.936+0000] {processor.py:157} INFO - Started process (PID=392) to work on /home/airflow/.local/lib/python3.8/site-packages/airflow/example_dags/example_short_circuit_operator.py
[2023-11-16T08:31:54.937+0000] {processor.py:829} INFO - Processing file /home/airflow/.local/lib/python3.8/site-packages/airflow/example_dags/example_short_circuit_operator.py for tasks to queue
[2023-11-16T08:31:54.942+0000] {logging_mixin.py:151} INFO - [2023-11-16T08:31:54.942+0000] {dagbag.py:536} INFO - Filling up the DagBag from /home/airflow/.local/lib/python3.8/site-packages/airflow/example_dags/example_short_circuit_operator.py
[2023-11-16T08:31:54.951+0000] {processor.py:839} INFO - DAG(s) dict_keys(['example_short_circuit_operator']) retrieved from /home/airflow/.local/lib/python3.8/site-packages/airflow/example_dags/example_short_circuit_operator.py
[2023-11-16T08:31:54.976+0000] {logging_mixin.py:151} INFO - [2023-11-16T08:31:54.976+0000] {dag.py:2941} INFO - Sync 1 DAGs
[2023-11-16T08:31:54.998+0000] {logging_mixin.py:151} INFO - [2023-11-16T08:31:54.998+0000] {dag.py:3722} INFO - Setting next_dagrun for example_short_circuit_operator to 2023-11-15T08:31:54.998113+00:00, run_after=2023-11-16T08:31:54.998113+00:00
[2023-11-16T08:31:55.017+0000] {processor.py:179} INFO - Processing /home/airflow/.local/lib/python3.8/site-packages/airflow/example_dags/example_short_circuit_operator.py took 0.085 seconds
[2023-11-16T08:32:25.046+0000] {processor.py:157} INFO - Started process (PID=446) to work on /home/airflow/.local/lib/python3.8/site-packages/airflow/example_dags/example_short_circuit_operator.py
[2023-11-16T08:32:25.046+0000] {processor.py:829} INFO - Processing file /home/airflow/.local/lib/python3.8/site-packages/airflow/example_dags/example_short_circuit_operator.py for tasks to queue
[2023-11-16T08:32:25.048+0000] {logging_mixin.py:151} INFO - [2023-11-16T08:32:25.047+0000] {dagbag.py:536} INFO - Filling up the DagBag from /home/airflow/.local/lib/python3.8/site-packages/airflow/example_dags/example_short_circuit_operator.py
[2023-11-16T08:32:25.052+0000] {processor.py:839} INFO - DAG(s) dict_keys(['example_short_circuit_operator']) retrieved from /home/airflow/.local/lib/python3.8/site-packages/airflow/example_dags/example_short_circuit_operator.py
[2023-11-16T08:32:25.066+0000] {logging_mixin.py:151} INFO - [2023-11-16T08:32:25.066+0000] {dag.py:2941} INFO - Sync 1 DAGs
[2023-11-16T08:32:25.080+0000] {logging_mixin.py:151} INFO - [2023-11-16T08:32:25.080+0000] {dag.py:3722} INFO - Setting next_dagrun for example_short_circuit_operator to 2023-11-15T08:32:25.080226+00:00, run_after=2023-11-16T08:32:25.080226+00:00
[2023-11-16T08:32:25.093+0000] {processor.py:179} INFO - Processing /home/airflow/.local/lib/python3.8/site-packages/airflow/example_dags/example_short_circuit_operator.py took 0.049 seconds
[2023-11-16T08:32:55.348+0000] {processor.py:157} INFO - Started process (PID=500) to work on /home/airflow/.local/lib/python3.8/site-packages/airflow/example_dags/example_short_circuit_operator.py
[2023-11-16T08:32:55.413+0000] {processor.py:829} INFO - Processing file /home/airflow/.local/lib/python3.8/site-packages/airflow/example_dags/example_short_circuit_operator.py for tasks to queue
[2023-11-16T08:32:55.415+0000] {logging_mixin.py:151} INFO - [2023-11-16T08:32:55.415+0000] {dagbag.py:536} INFO - Filling up the DagBag from /home/airflow/.local/lib/python3.8/site-packages/airflow/example_dags/example_short_circuit_operator.py
[2023-11-16T08:32:55.421+0000] {processor.py:839} INFO - DAG(s) dict_keys(['example_short_circuit_operator']) retrieved from /home/airflow/.local/lib/python3.8/site-packages/airflow/example_dags/example_short_circuit_operator.py
[2023-11-16T08:32:55.436+0000] {logging_mixin.py:151} INFO - [2023-11-16T08:32:55.436+0000] {dag.py:2941} INFO - Sync 1 DAGs
[2023-11-16T08:32:55.451+0000] {logging_mixin.py:151} INFO - [2023-11-16T08:32:55.450+0000] {dag.py:3722} INFO - Setting next_dagrun for example_short_circuit_operator to 2023-11-15T08:32:55.450699+00:00, run_after=2023-11-16T08:32:55.450699+00:00
[2023-11-16T08:32:55.463+0000] {processor.py:179} INFO - Processing /home/airflow/.local/lib/python3.8/site-packages/airflow/example_dags/example_short_circuit_operator.py took 0.117 seconds
[2023-11-16T08:33:25.734+0000] {processor.py:157} INFO - Started process (PID=554) to work on /home/airflow/.local/lib/python3.8/site-packages/airflow/example_dags/example_short_circuit_operator.py
[2023-11-16T08:33:25.735+0000] {processor.py:829} INFO - Processing file /home/airflow/.local/lib/python3.8/site-packages/airflow/example_dags/example_short_circuit_operator.py for tasks to queue
[2023-11-16T08:33:25.737+0000] {logging_mixin.py:151} INFO - [2023-11-16T08:33:25.737+0000] {dagbag.py:536} INFO - Filling up the DagBag from /home/airflow/.local/lib/python3.8/site-packages/airflow/example_dags/example_short_circuit_operator.py
[2023-11-16T08:33:25.742+0000] {processor.py:839} INFO - DAG(s) dict_keys(['example_short_circuit_operator']) retrieved from /home/airflow/.local/lib/python3.8/site-packages/airflow/example_dags/example_short_circuit_operator.py
[2023-11-16T08:33:25.756+0000] {logging_mixin.py:151} INFO - [2023-11-16T08:33:25.756+0000] {dag.py:2941} INFO - Sync 1 DAGs
[2023-11-16T08:33:25.771+0000] {logging_mixin.py:151} INFO - [2023-11-16T08:33:25.771+0000] {dag.py:3722} INFO - Setting next_dagrun for example_short_circuit_operator to 2023-11-15T08:33:25.771050+00:00, run_after=2023-11-16T08:33:25.771050+00:00
[2023-11-16T08:33:25.784+0000] {processor.py:179} INFO - Processing /home/airflow/.local/lib/python3.8/site-packages/airflow/example_dags/example_short_circuit_operator.py took 0.052 seconds
[2023-11-16T08:33:55.930+0000] {processor.py:157} INFO - Started process (PID=608) to work on /home/airflow/.local/lib/python3.8/site-packages/airflow/example_dags/example_short_circuit_operator.py
[2023-11-16T08:33:55.931+0000] {processor.py:829} INFO - Processing file /home/airflow/.local/lib/python3.8/site-packages/airflow/example_dags/example_short_circuit_operator.py for tasks to queue
[2023-11-16T08:33:55.933+0000] {logging_mixin.py:151} INFO - [2023-11-16T08:33:55.933+0000] {dagbag.py:536} INFO - Filling up the DagBag from /home/airflow/.local/lib/python3.8/site-packages/airflow/example_dags/example_short_circuit_operator.py
[2023-11-16T08:33:55.938+0000] {processor.py:839} INFO - DAG(s) dict_keys(['example_short_circuit_operator']) retrieved from /home/airflow/.local/lib/python3.8/site-packages/airflow/example_dags/example_short_circuit_operator.py
[2023-11-16T08:33:55.954+0000] {logging_mixin.py:151} INFO - [2023-11-16T08:33:55.954+0000] {dag.py:2941} INFO - Sync 1 DAGs
[2023-11-16T08:33:55.972+0000] {logging_mixin.py:151} INFO - [2023-11-16T08:33:55.972+0000] {dag.py:3722} INFO - Setting next_dagrun for example_short_circuit_operator to 2023-11-15T08:33:55.971805+00:00, run_after=2023-11-16T08:33:55.971805+00:00
[2023-11-16T08:33:55.987+0000] {processor.py:179} INFO - Processing /home/airflow/.local/lib/python3.8/site-packages/airflow/example_dags/example_short_circuit_operator.py took 0.059 seconds
[2023-11-16T08:34:26.353+0000] {processor.py:157} INFO - Started process (PID=662) to work on /home/airflow/.local/lib/python3.8/site-packages/airflow/example_dags/example_short_circuit_operator.py
[2023-11-16T08:34:26.354+0000] {processor.py:829} INFO - Processing file /home/airflow/.local/lib/python3.8/site-packages/airflow/example_dags/example_short_circuit_operator.py for tasks to queue
[2023-11-16T08:34:26.356+0000] {logging_mixin.py:151} INFO - [2023-11-16T08:34:26.356+0000] {dagbag.py:536} INFO - Filling up the DagBag from /home/airflow/.local/lib/python3.8/site-packages/airflow/example_dags/example_short_circuit_operator.py
[2023-11-16T08:34:26.361+0000] {processor.py:839} INFO - DAG(s) dict_keys(['example_short_circuit_operator']) retrieved from /home/airflow/.local/lib/python3.8/site-packages/airflow/example_dags/example_short_circuit_operator.py
[2023-11-16T08:34:26.375+0000] {logging_mixin.py:151} INFO - [2023-11-16T08:34:26.375+0000] {dag.py:2941} INFO - Sync 1 DAGs
[2023-11-16T08:34:26.389+0000] {logging_mixin.py:151} INFO - [2023-11-16T08:34:26.389+0000] {dag.py:3722} INFO - Setting next_dagrun for example_short_circuit_operator to 2023-11-15T08:34:26.389323+00:00, run_after=2023-11-16T08:34:26.389323+00:00
[2023-11-16T08:34:26.403+0000] {processor.py:179} INFO - Processing /home/airflow/.local/lib/python3.8/site-packages/airflow/example_dags/example_short_circuit_operator.py took 0.052 seconds
[2023-11-16T08:34:56.519+0000] {processor.py:157} INFO - Started process (PID=716) to work on /home/airflow/.local/lib/python3.8/site-packages/airflow/example_dags/example_short_circuit_operator.py
[2023-11-16T08:34:56.520+0000] {processor.py:829} INFO - Processing file /home/airflow/.local/lib/python3.8/site-packages/airflow/example_dags/example_short_circuit_operator.py for tasks to queue
[2023-11-16T08:34:56.521+0000] {logging_mixin.py:151} INFO - [2023-11-16T08:34:56.521+0000] {dagbag.py:536} INFO - Filling up the DagBag from /home/airflow/.local/lib/python3.8/site-packages/airflow/example_dags/example_short_circuit_operator.py
[2023-11-16T08:34:56.527+0000] {processor.py:839} INFO - DAG(s) dict_keys(['example_short_circuit_operator']) retrieved from /home/airflow/.local/lib/python3.8/site-packages/airflow/example_dags/example_short_circuit_operator.py
[2023-11-16T08:34:56.542+0000] {logging_mixin.py:151} INFO - [2023-11-16T08:34:56.542+0000] {dag.py:2941} INFO - Sync 1 DAGs
[2023-11-16T08:34:56.557+0000] {logging_mixin.py:151} INFO - [2023-11-16T08:34:56.557+0000] {dag.py:3722} INFO - Setting next_dagrun for example_short_circuit_operator to 2023-11-15T08:34:56.557302+00:00, run_after=2023-11-16T08:34:56.557302+00:00
[2023-11-16T08:34:56.571+0000] {processor.py:179} INFO - Processing /home/airflow/.local/lib/python3.8/site-packages/airflow/example_dags/example_short_circuit_operator.py took 0.054 seconds
[2023-11-16T08:35:27.406+0000] {processor.py:157} INFO - Started process (PID=770) to work on /home/airflow/.local/lib/python3.8/site-packages/airflow/example_dags/example_short_circuit_operator.py
[2023-11-16T08:35:27.407+0000] {processor.py:829} INFO - Processing file /home/airflow/.local/lib/python3.8/site-packages/airflow/example_dags/example_short_circuit_operator.py for tasks to queue
[2023-11-16T08:35:27.408+0000] {logging_mixin.py:151} INFO - [2023-11-16T08:35:27.408+0000] {dagbag.py:536} INFO - Filling up the DagBag from /home/airflow/.local/lib/python3.8/site-packages/airflow/example_dags/example_short_circuit_operator.py
[2023-11-16T08:35:27.413+0000] {processor.py:839} INFO - DAG(s) dict_keys(['example_short_circuit_operator']) retrieved from /home/airflow/.local/lib/python3.8/site-packages/airflow/example_dags/example_short_circuit_operator.py
[2023-11-16T08:35:27.427+0000] {logging_mixin.py:151} INFO - [2023-11-16T08:35:27.427+0000] {dag.py:2941} INFO - Sync 1 DAGs
[2023-11-16T08:35:27.441+0000] {logging_mixin.py:151} INFO - [2023-11-16T08:35:27.441+0000] {dag.py:3722} INFO - Setting next_dagrun for example_short_circuit_operator to 2023-11-15T08:35:27.441117+00:00, run_after=2023-11-16T08:35:27.441117+00:00
[2023-11-16T08:35:27.453+0000] {processor.py:179} INFO - Processing /home/airflow/.local/lib/python3.8/site-packages/airflow/example_dags/example_short_circuit_operator.py took 0.049 seconds
[2023-11-16T08:35:57.613+0000] {processor.py:157} INFO - Started process (PID=824) to work on /home/airflow/.local/lib/python3.8/site-packages/airflow/example_dags/example_short_circuit_operator.py
[2023-11-16T08:35:57.627+0000] {processor.py:829} INFO - Processing file /home/airflow/.local/lib/python3.8/site-packages/airflow/example_dags/example_short_circuit_operator.py for tasks to queue
[2023-11-16T08:35:57.629+0000] {logging_mixin.py:151} INFO - [2023-11-16T08:35:57.629+0000] {dagbag.py:536} INFO - Filling up the DagBag from /home/airflow/.local/lib/python3.8/site-packages/airflow/example_dags/example_short_circuit_operator.py
[2023-11-16T08:35:57.634+0000] {processor.py:839} INFO - DAG(s) dict_keys(['example_short_circuit_operator']) retrieved from /home/airflow/.local/lib/python3.8/site-packages/airflow/example_dags/example_short_circuit_operator.py
[2023-11-16T08:35:57.650+0000] {logging_mixin.py:151} INFO - [2023-11-16T08:35:57.650+0000] {dag.py:2941} INFO - Sync 1 DAGs
[2023-11-16T08:35:57.665+0000] {logging_mixin.py:151} INFO - [2023-11-16T08:35:57.665+0000] {dag.py:3722} INFO - Setting next_dagrun for example_short_circuit_operator to 2023-11-15T08:35:57.665397+00:00, run_after=2023-11-16T08:35:57.665397+00:00
[2023-11-16T08:35:57.680+0000] {processor.py:179} INFO - Processing /home/airflow/.local/lib/python3.8/site-packages/airflow/example_dags/example_short_circuit_operator.py took 0.069 seconds
[2023-11-16T08:36:27.777+0000] {processor.py:157} INFO - Started process (PID=878) to work on /home/airflow/.local/lib/python3.8/site-packages/airflow/example_dags/example_short_circuit_operator.py
[2023-11-16T08:36:27.778+0000] {processor.py:829} INFO - Processing file /home/airflow/.local/lib/python3.8/site-packages/airflow/example_dags/example_short_circuit_operator.py for tasks to queue
[2023-11-16T08:36:27.780+0000] {logging_mixin.py:151} INFO - [2023-11-16T08:36:27.780+0000] {dagbag.py:536} INFO - Filling up the DagBag from /home/airflow/.local/lib/python3.8/site-packages/airflow/example_dags/example_short_circuit_operator.py
[2023-11-16T08:36:27.785+0000] {processor.py:839} INFO - DAG(s) dict_keys(['example_short_circuit_operator']) retrieved from /home/airflow/.local/lib/python3.8/site-packages/airflow/example_dags/example_short_circuit_operator.py
[2023-11-16T08:36:27.799+0000] {logging_mixin.py:151} INFO - [2023-11-16T08:36:27.799+0000] {dag.py:2941} INFO - Sync 1 DAGs
[2023-11-16T08:36:27.815+0000] {logging_mixin.py:151} INFO - [2023-11-16T08:36:27.814+0000] {dag.py:3722} INFO - Setting next_dagrun for example_short_circuit_operator to 2023-11-15T08:36:27.814685+00:00, run_after=2023-11-16T08:36:27.814685+00:00
[2023-11-16T08:36:27.827+0000] {processor.py:179} INFO - Processing /home/airflow/.local/lib/python3.8/site-packages/airflow/example_dags/example_short_circuit_operator.py took 0.052 seconds
[2023-11-16T08:36:58.010+0000] {processor.py:157} INFO - Started process (PID=932) to work on /home/airflow/.local/lib/python3.8/site-packages/airflow/example_dags/example_short_circuit_operator.py
[2023-11-16T08:36:58.012+0000] {processor.py:829} INFO - Processing file /home/airflow/.local/lib/python3.8/site-packages/airflow/example_dags/example_short_circuit_operator.py for tasks to queue
[2023-11-16T08:36:58.013+0000] {logging_mixin.py:151} INFO - [2023-11-16T08:36:58.013+0000] {dagbag.py:536} INFO - Filling up the DagBag from /home/airflow/.local/lib/python3.8/site-packages/airflow/example_dags/example_short_circuit_operator.py
[2023-11-16T08:36:58.018+0000] {processor.py:839} INFO - DAG(s) dict_keys(['example_short_circuit_operator']) retrieved from /home/airflow/.local/lib/python3.8/site-packages/airflow/example_dags/example_short_circuit_operator.py
[2023-11-16T08:36:58.032+0000] {logging_mixin.py:151} INFO - [2023-11-16T08:36:58.032+0000] {dag.py:2941} INFO - Sync 1 DAGs
[2023-11-16T08:36:58.048+0000] {logging_mixin.py:151} INFO - [2023-11-16T08:36:58.048+0000] {dag.py:3722} INFO - Setting next_dagrun for example_short_circuit_operator to 2023-11-15T08:36:58.048135+00:00, run_after=2023-11-16T08:36:58.048135+00:00
[2023-11-16T08:36:58.062+0000] {processor.py:179} INFO - Processing /home/airflow/.local/lib/python3.8/site-packages/airflow/example_dags/example_short_circuit_operator.py took 0.054 seconds
[2023-11-16T08:37:28.160+0000] {processor.py:157} INFO - Started process (PID=986) to work on /home/airflow/.local/lib/python3.8/site-packages/airflow/example_dags/example_short_circuit_operator.py
[2023-11-16T08:37:28.168+0000] {processor.py:829} INFO - Processing file /home/airflow/.local/lib/python3.8/site-packages/airflow/example_dags/example_short_circuit_operator.py for tasks to queue
[2023-11-16T08:37:28.170+0000] {logging_mixin.py:151} INFO - [2023-11-16T08:37:28.170+0000] {dagbag.py:536} INFO - Filling up the DagBag from /home/airflow/.local/lib/python3.8/site-packages/airflow/example_dags/example_short_circuit_operator.py
[2023-11-16T08:37:28.175+0000] {processor.py:839} INFO - DAG(s) dict_keys(['example_short_circuit_operator']) retrieved from /home/airflow/.local/lib/python3.8/site-packages/airflow/example_dags/example_short_circuit_operator.py
[2023-11-16T08:37:28.191+0000] {logging_mixin.py:151} INFO - [2023-11-16T08:37:28.191+0000] {dag.py:2941} INFO - Sync 1 DAGs
[2023-11-16T08:37:28.207+0000] {logging_mixin.py:151} INFO - [2023-11-16T08:37:28.207+0000] {dag.py:3722} INFO - Setting next_dagrun for example_short_circuit_operator to 2023-11-15T08:37:28.207633+00:00, run_after=2023-11-16T08:37:28.207633+00:00
[2023-11-16T08:37:28.222+0000] {processor.py:179} INFO - Processing /home/airflow/.local/lib/python3.8/site-packages/airflow/example_dags/example_short_circuit_operator.py took 0.064 seconds
[2023-11-16T08:37:58.419+0000] {processor.py:157} INFO - Started process (PID=1040) to work on /home/airflow/.local/lib/python3.8/site-packages/airflow/example_dags/example_short_circuit_operator.py
[2023-11-16T08:37:58.421+0000] {processor.py:829} INFO - Processing file /home/airflow/.local/lib/python3.8/site-packages/airflow/example_dags/example_short_circuit_operator.py for tasks to queue
[2023-11-16T08:37:58.424+0000] {logging_mixin.py:151} INFO - [2023-11-16T08:37:58.424+0000] {dagbag.py:536} INFO - Filling up the DagBag from /home/airflow/.local/lib/python3.8/site-packages/airflow/example_dags/example_short_circuit_operator.py
[2023-11-16T08:37:58.434+0000] {processor.py:839} INFO - DAG(s) dict_keys(['example_short_circuit_operator']) retrieved from /home/airflow/.local/lib/python3.8/site-packages/airflow/example_dags/example_short_circuit_operator.py
[2023-11-16T08:37:58.463+0000] {logging_mixin.py:151} INFO - [2023-11-16T08:37:58.463+0000] {dag.py:2941} INFO - Sync 1 DAGs
[2023-11-16T08:37:58.485+0000] {logging_mixin.py:151} INFO - [2023-11-16T08:37:58.485+0000] {dag.py:3722} INFO - Setting next_dagrun for example_short_circuit_operator to 2023-11-15T08:37:58.485251+00:00, run_after=2023-11-16T08:37:58.485251+00:00
[2023-11-16T08:37:58.509+0000] {processor.py:179} INFO - Processing /home/airflow/.local/lib/python3.8/site-packages/airflow/example_dags/example_short_circuit_operator.py took 0.094 seconds
[2023-11-16T08:38:28.716+0000] {processor.py:157} INFO - Started process (PID=1094) to work on /home/airflow/.local/lib/python3.8/site-packages/airflow/example_dags/example_short_circuit_operator.py
[2023-11-16T08:38:28.717+0000] {processor.py:829} INFO - Processing file /home/airflow/.local/lib/python3.8/site-packages/airflow/example_dags/example_short_circuit_operator.py for tasks to queue
[2023-11-16T08:38:28.718+0000] {logging_mixin.py:151} INFO - [2023-11-16T08:38:28.718+0000] {dagbag.py:536} INFO - Filling up the DagBag from /home/airflow/.local/lib/python3.8/site-packages/airflow/example_dags/example_short_circuit_operator.py
[2023-11-16T08:38:28.723+0000] {processor.py:839} INFO - DAG(s) dict_keys(['example_short_circuit_operator']) retrieved from /home/airflow/.local/lib/python3.8/site-packages/airflow/example_dags/example_short_circuit_operator.py
[2023-11-16T08:38:28.738+0000] {logging_mixin.py:151} INFO - [2023-11-16T08:38:28.737+0000] {dag.py:2941} INFO - Sync 1 DAGs
[2023-11-16T08:38:28.754+0000] {logging_mixin.py:151} INFO - [2023-11-16T08:38:28.754+0000] {dag.py:3722} INFO - Setting next_dagrun for example_short_circuit_operator to 2023-11-15T08:38:28.754524+00:00, run_after=2023-11-16T08:38:28.754524+00:00
[2023-11-16T08:38:28.769+0000] {processor.py:179} INFO - Processing /home/airflow/.local/lib/python3.8/site-packages/airflow/example_dags/example_short_circuit_operator.py took 0.056 seconds
[2023-11-16T08:38:58.937+0000] {processor.py:157} INFO - Started process (PID=1148) to work on /home/airflow/.local/lib/python3.8/site-packages/airflow/example_dags/example_short_circuit_operator.py
[2023-11-16T08:38:58.939+0000] {processor.py:829} INFO - Processing file /home/airflow/.local/lib/python3.8/site-packages/airflow/example_dags/example_short_circuit_operator.py for tasks to queue
[2023-11-16T08:38:58.940+0000] {logging_mixin.py:151} INFO - [2023-11-16T08:38:58.940+0000] {dagbag.py:536} INFO - Filling up the DagBag from /home/airflow/.local/lib/python3.8/site-packages/airflow/example_dags/example_short_circuit_operator.py
[2023-11-16T08:38:58.945+0000] {processor.py:839} INFO - DAG(s) dict_keys(['example_short_circuit_operator']) retrieved from /home/airflow/.local/lib/python3.8/site-packages/airflow/example_dags/example_short_circuit_operator.py
[2023-11-16T08:38:58.959+0000] {logging_mixin.py:151} INFO - [2023-11-16T08:38:58.959+0000] {dag.py:2941} INFO - Sync 1 DAGs
[2023-11-16T08:38:58.973+0000] {logging_mixin.py:151} INFO - [2023-11-16T08:38:58.973+0000] {dag.py:3722} INFO - Setting next_dagrun for example_short_circuit_operator to 2023-11-15T08:38:58.973235+00:00, run_after=2023-11-16T08:38:58.973235+00:00
[2023-11-16T08:38:58.986+0000] {processor.py:179} INFO - Processing /home/airflow/.local/lib/python3.8/site-packages/airflow/example_dags/example_short_circuit_operator.py took 0.051 seconds
[2023-11-16T08:39:29.079+0000] {processor.py:157} INFO - Started process (PID=1202) to work on /home/airflow/.local/lib/python3.8/site-packages/airflow/example_dags/example_short_circuit_operator.py
[2023-11-16T08:39:29.080+0000] {processor.py:829} INFO - Processing file /home/airflow/.local/lib/python3.8/site-packages/airflow/example_dags/example_short_circuit_operator.py for tasks to queue
[2023-11-16T08:39:29.082+0000] {logging_mixin.py:151} INFO - [2023-11-16T08:39:29.082+0000] {dagbag.py:536} INFO - Filling up the DagBag from /home/airflow/.local/lib/python3.8/site-packages/airflow/example_dags/example_short_circuit_operator.py
[2023-11-16T08:39:29.087+0000] {processor.py:839} INFO - DAG(s) dict_keys(['example_short_circuit_operator']) retrieved from /home/airflow/.local/lib/python3.8/site-packages/airflow/example_dags/example_short_circuit_operator.py
[2023-11-16T08:39:29.101+0000] {logging_mixin.py:151} INFO - [2023-11-16T08:39:29.101+0000] {dag.py:2941} INFO - Sync 1 DAGs
[2023-11-16T08:39:29.115+0000] {logging_mixin.py:151} INFO - [2023-11-16T08:39:29.115+0000] {dag.py:3722} INFO - Setting next_dagrun for example_short_circuit_operator to 2023-11-15T08:39:29.115039+00:00, run_after=2023-11-16T08:39:29.115039+00:00
[2023-11-16T08:39:29.128+0000] {processor.py:179} INFO - Processing /home/airflow/.local/lib/python3.8/site-packages/airflow/example_dags/example_short_circuit_operator.py took 0.051 seconds
[2023-11-16T08:39:59.299+0000] {processor.py:157} INFO - Started process (PID=1256) to work on /home/airflow/.local/lib/python3.8/site-packages/airflow/example_dags/example_short_circuit_operator.py
[2023-11-16T08:39:59.299+0000] {processor.py:829} INFO - Processing file /home/airflow/.local/lib/python3.8/site-packages/airflow/example_dags/example_short_circuit_operator.py for tasks to queue
[2023-11-16T08:39:59.301+0000] {logging_mixin.py:151} INFO - [2023-11-16T08:39:59.301+0000] {dagbag.py:536} INFO - Filling up the DagBag from /home/airflow/.local/lib/python3.8/site-packages/airflow/example_dags/example_short_circuit_operator.py
[2023-11-16T08:39:59.306+0000] {processor.py:839} INFO - DAG(s) dict_keys(['example_short_circuit_operator']) retrieved from /home/airflow/.local/lib/python3.8/site-packages/airflow/example_dags/example_short_circuit_operator.py
[2023-11-16T08:39:59.320+0000] {logging_mixin.py:151} INFO - [2023-11-16T08:39:59.320+0000] {dag.py:2941} INFO - Sync 1 DAGs
[2023-11-16T08:39:59.334+0000] {logging_mixin.py:151} INFO - [2023-11-16T08:39:59.334+0000] {dag.py:3722} INFO - Setting next_dagrun for example_short_circuit_operator to 2023-11-15T08:39:59.334567+00:00, run_after=2023-11-16T08:39:59.334567+00:00
[2023-11-16T08:39:59.347+0000] {processor.py:179} INFO - Processing /home/airflow/.local/lib/python3.8/site-packages/airflow/example_dags/example_short_circuit_operator.py took 0.050 seconds
[2023-11-16T08:40:30.252+0000] {processor.py:157} INFO - Started process (PID=1310) to work on /home/airflow/.local/lib/python3.8/site-packages/airflow/example_dags/example_short_circuit_operator.py
[2023-11-16T08:40:30.253+0000] {processor.py:829} INFO - Processing file /home/airflow/.local/lib/python3.8/site-packages/airflow/example_dags/example_short_circuit_operator.py for tasks to queue
[2023-11-16T08:40:30.254+0000] {logging_mixin.py:151} INFO - [2023-11-16T08:40:30.254+0000] {dagbag.py:536} INFO - Filling up the DagBag from /home/airflow/.local/lib/python3.8/site-packages/airflow/example_dags/example_short_circuit_operator.py
[2023-11-16T08:40:30.259+0000] {processor.py:839} INFO - DAG(s) dict_keys(['example_short_circuit_operator']) retrieved from /home/airflow/.local/lib/python3.8/site-packages/airflow/example_dags/example_short_circuit_operator.py
[2023-11-16T08:40:30.273+0000] {logging_mixin.py:151} INFO - [2023-11-16T08:40:30.273+0000] {dag.py:2941} INFO - Sync 1 DAGs
[2023-11-16T08:40:30.287+0000] {logging_mixin.py:151} INFO - [2023-11-16T08:40:30.287+0000] {dag.py:3722} INFO - Setting next_dagrun for example_short_circuit_operator to 2023-11-15T08:40:30.287283+00:00, run_after=2023-11-16T08:40:30.287283+00:00
[2023-11-16T08:40:30.300+0000] {processor.py:179} INFO - Processing /home/airflow/.local/lib/python3.8/site-packages/airflow/example_dags/example_short_circuit_operator.py took 0.050 seconds
[2023-11-16T08:41:01.135+0000] {processor.py:157} INFO - Started process (PID=1364) to work on /home/airflow/.local/lib/python3.8/site-packages/airflow/example_dags/example_short_circuit_operator.py
[2023-11-16T08:41:01.136+0000] {processor.py:829} INFO - Processing file /home/airflow/.local/lib/python3.8/site-packages/airflow/example_dags/example_short_circuit_operator.py for tasks to queue
[2023-11-16T08:41:01.137+0000] {logging_mixin.py:151} INFO - [2023-11-16T08:41:01.137+0000] {dagbag.py:536} INFO - Filling up the DagBag from /home/airflow/.local/lib/python3.8/site-packages/airflow/example_dags/example_short_circuit_operator.py
[2023-11-16T08:41:01.142+0000] {processor.py:839} INFO - DAG(s) dict_keys(['example_short_circuit_operator']) retrieved from /home/airflow/.local/lib/python3.8/site-packages/airflow/example_dags/example_short_circuit_operator.py
[2023-11-16T08:41:01.160+0000] {logging_mixin.py:151} INFO - [2023-11-16T08:41:01.160+0000] {dag.py:2941} INFO - Sync 1 DAGs
[2023-11-16T08:41:01.175+0000] {logging_mixin.py:151} INFO - [2023-11-16T08:41:01.175+0000] {dag.py:3722} INFO - Setting next_dagrun for example_short_circuit_operator to 2023-11-15T08:41:01.175258+00:00, run_after=2023-11-16T08:41:01.175258+00:00
[2023-11-16T08:41:01.189+0000] {processor.py:179} INFO - Processing /home/airflow/.local/lib/python3.8/site-packages/airflow/example_dags/example_short_circuit_operator.py took 0.056 seconds
[2023-11-16T08:41:32.177+0000] {processor.py:157} INFO - Started process (PID=1425) to work on /home/airflow/.local/lib/python3.8/site-packages/airflow/example_dags/example_short_circuit_operator.py
[2023-11-16T08:41:32.178+0000] {processor.py:829} INFO - Processing file /home/airflow/.local/lib/python3.8/site-packages/airflow/example_dags/example_short_circuit_operator.py for tasks to queue
[2023-11-16T08:41:32.180+0000] {logging_mixin.py:151} INFO - [2023-11-16T08:41:32.180+0000] {dagbag.py:536} INFO - Filling up the DagBag from /home/airflow/.local/lib/python3.8/site-packages/airflow/example_dags/example_short_circuit_operator.py
[2023-11-16T08:41:32.187+0000] {processor.py:839} INFO - DAG(s) dict_keys(['example_short_circuit_operator']) retrieved from /home/airflow/.local/lib/python3.8/site-packages/airflow/example_dags/example_short_circuit_operator.py
[2023-11-16T08:41:32.204+0000] {logging_mixin.py:151} INFO - [2023-11-16T08:41:32.204+0000] {dag.py:2941} INFO - Sync 1 DAGs
[2023-11-16T08:41:32.221+0000] {logging_mixin.py:151} INFO - [2023-11-16T08:41:32.221+0000] {dag.py:3722} INFO - Setting next_dagrun for example_short_circuit_operator to 2023-11-15T08:41:32.221431+00:00, run_after=2023-11-16T08:41:32.221431+00:00
[2023-11-16T08:41:32.247+0000] {processor.py:179} INFO - Processing /home/airflow/.local/lib/python3.8/site-packages/airflow/example_dags/example_short_circuit_operator.py took 0.072 seconds
[2023-11-16T08:42:02.306+0000] {processor.py:157} INFO - Started process (PID=1479) to work on /home/airflow/.local/lib/python3.8/site-packages/airflow/example_dags/example_short_circuit_operator.py
[2023-11-16T08:42:02.307+0000] {processor.py:829} INFO - Processing file /home/airflow/.local/lib/python3.8/site-packages/airflow/example_dags/example_short_circuit_operator.py for tasks to queue
[2023-11-16T08:42:02.308+0000] {logging_mixin.py:151} INFO - [2023-11-16T08:42:02.308+0000] {dagbag.py:536} INFO - Filling up the DagBag from /home/airflow/.local/lib/python3.8/site-packages/airflow/example_dags/example_short_circuit_operator.py
[2023-11-16T08:42:02.313+0000] {processor.py:839} INFO - DAG(s) dict_keys(['example_short_circuit_operator']) retrieved from /home/airflow/.local/lib/python3.8/site-packages/airflow/example_dags/example_short_circuit_operator.py
[2023-11-16T08:42:02.336+0000] {logging_mixin.py:151} INFO - [2023-11-16T08:42:02.336+0000] {dag.py:2941} INFO - Sync 1 DAGs
[2023-11-16T08:42:02.350+0000] {logging_mixin.py:151} INFO - [2023-11-16T08:42:02.350+0000] {dag.py:3722} INFO - Setting next_dagrun for example_short_circuit_operator to 2023-11-15T08:42:02.350276+00:00, run_after=2023-11-16T08:42:02.350276+00:00
[2023-11-16T08:42:02.363+0000] {processor.py:179} INFO - Processing /home/airflow/.local/lib/python3.8/site-packages/airflow/example_dags/example_short_circuit_operator.py took 0.059 seconds
[2023-11-16T08:42:33.252+0000] {processor.py:157} INFO - Started process (PID=1533) to work on /home/airflow/.local/lib/python3.8/site-packages/airflow/example_dags/example_short_circuit_operator.py
[2023-11-16T08:42:33.253+0000] {processor.py:829} INFO - Processing file /home/airflow/.local/lib/python3.8/site-packages/airflow/example_dags/example_short_circuit_operator.py for tasks to queue
[2023-11-16T08:42:33.254+0000] {logging_mixin.py:151} INFO - [2023-11-16T08:42:33.254+0000] {dagbag.py:536} INFO - Filling up the DagBag from /home/airflow/.local/lib/python3.8/site-packages/airflow/example_dags/example_short_circuit_operator.py
[2023-11-16T08:42:33.259+0000] {processor.py:839} INFO - DAG(s) dict_keys(['example_short_circuit_operator']) retrieved from /home/airflow/.local/lib/python3.8/site-packages/airflow/example_dags/example_short_circuit_operator.py
[2023-11-16T08:42:33.273+0000] {logging_mixin.py:151} INFO - [2023-11-16T08:42:33.272+0000] {dag.py:2941} INFO - Sync 1 DAGs
[2023-11-16T08:42:33.287+0000] {logging_mixin.py:151} INFO - [2023-11-16T08:42:33.287+0000] {dag.py:3722} INFO - Setting next_dagrun for example_short_circuit_operator to 2023-11-15T08:42:33.287044+00:00, run_after=2023-11-16T08:42:33.287044+00:00
[2023-11-16T08:42:33.300+0000] {processor.py:179} INFO - Processing /home/airflow/.local/lib/python3.8/site-packages/airflow/example_dags/example_short_circuit_operator.py took 0.050 seconds
[2023-11-16T08:43:04.052+0000] {processor.py:157} INFO - Started process (PID=1587) to work on /home/airflow/.local/lib/python3.8/site-packages/airflow/example_dags/example_short_circuit_operator.py
[2023-11-16T08:43:04.053+0000] {processor.py:829} INFO - Processing file /home/airflow/.local/lib/python3.8/site-packages/airflow/example_dags/example_short_circuit_operator.py for tasks to queue
[2023-11-16T08:43:04.055+0000] {logging_mixin.py:151} INFO - [2023-11-16T08:43:04.055+0000] {dagbag.py:536} INFO - Filling up the DagBag from /home/airflow/.local/lib/python3.8/site-packages/airflow/example_dags/example_short_circuit_operator.py
[2023-11-16T08:43:04.060+0000] {processor.py:839} INFO - DAG(s) dict_keys(['example_short_circuit_operator']) retrieved from /home/airflow/.local/lib/python3.8/site-packages/airflow/example_dags/example_short_circuit_operator.py
[2023-11-16T08:43:04.075+0000] {logging_mixin.py:151} INFO - [2023-11-16T08:43:04.075+0000] {dag.py:2941} INFO - Sync 1 DAGs
[2023-11-16T08:43:04.091+0000] {logging_mixin.py:151} INFO - [2023-11-16T08:43:04.091+0000] {dag.py:3722} INFO - Setting next_dagrun for example_short_circuit_operator to 2023-11-15T08:43:04.091382+00:00, run_after=2023-11-16T08:43:04.091382+00:00
[2023-11-16T08:43:04.223+0000] {processor.py:179} INFO - Processing /home/airflow/.local/lib/python3.8/site-packages/airflow/example_dags/example_short_circuit_operator.py took 0.173 seconds
[2023-11-16T08:43:34.582+0000] {processor.py:157} INFO - Started process (PID=1641) to work on /home/airflow/.local/lib/python3.8/site-packages/airflow/example_dags/example_short_circuit_operator.py
[2023-11-16T08:43:34.584+0000] {processor.py:829} INFO - Processing file /home/airflow/.local/lib/python3.8/site-packages/airflow/example_dags/example_short_circuit_operator.py for tasks to queue
[2023-11-16T08:43:34.586+0000] {logging_mixin.py:151} INFO - [2023-11-16T08:43:34.586+0000] {dagbag.py:536} INFO - Filling up the DagBag from /home/airflow/.local/lib/python3.8/site-packages/airflow/example_dags/example_short_circuit_operator.py
[2023-11-16T08:43:34.591+0000] {processor.py:839} INFO - DAG(s) dict_keys(['example_short_circuit_operator']) retrieved from /home/airflow/.local/lib/python3.8/site-packages/airflow/example_dags/example_short_circuit_operator.py
[2023-11-16T08:43:34.605+0000] {logging_mixin.py:151} INFO - [2023-11-16T08:43:34.605+0000] {dag.py:2941} INFO - Sync 1 DAGs
[2023-11-16T08:43:34.619+0000] {logging_mixin.py:151} INFO - [2023-11-16T08:43:34.619+0000] {dag.py:3722} INFO - Setting next_dagrun for example_short_circuit_operator to 2023-11-15T08:43:34.618941+00:00, run_after=2023-11-16T08:43:34.618941+00:00
[2023-11-16T08:43:34.630+0000] {processor.py:179} INFO - Processing /home/airflow/.local/lib/python3.8/site-packages/airflow/example_dags/example_short_circuit_operator.py took 0.050 seconds
[2023-11-16T08:44:05.031+0000] {processor.py:157} INFO - Started process (PID=1695) to work on /home/airflow/.local/lib/python3.8/site-packages/airflow/example_dags/example_short_circuit_operator.py
[2023-11-16T08:44:05.032+0000] {processor.py:829} INFO - Processing file /home/airflow/.local/lib/python3.8/site-packages/airflow/example_dags/example_short_circuit_operator.py for tasks to queue
[2023-11-16T08:44:05.034+0000] {logging_mixin.py:151} INFO - [2023-11-16T08:44:05.033+0000] {dagbag.py:536} INFO - Filling up the DagBag from /home/airflow/.local/lib/python3.8/site-packages/airflow/example_dags/example_short_circuit_operator.py
[2023-11-16T08:44:05.039+0000] {processor.py:839} INFO - DAG(s) dict_keys(['example_short_circuit_operator']) retrieved from /home/airflow/.local/lib/python3.8/site-packages/airflow/example_dags/example_short_circuit_operator.py
[2023-11-16T08:44:05.053+0000] {logging_mixin.py:151} INFO - [2023-11-16T08:44:05.053+0000] {dag.py:2941} INFO - Sync 1 DAGs
[2023-11-16T08:44:05.067+0000] {logging_mixin.py:151} INFO - [2023-11-16T08:44:05.067+0000] {dag.py:3722} INFO - Setting next_dagrun for example_short_circuit_operator to 2023-11-15T08:44:05.067492+00:00, run_after=2023-11-16T08:44:05.067492+00:00
[2023-11-16T08:44:05.081+0000] {processor.py:179} INFO - Processing /home/airflow/.local/lib/python3.8/site-packages/airflow/example_dags/example_short_circuit_operator.py took 0.053 seconds
[2023-11-16T08:44:35.367+0000] {processor.py:157} INFO - Started process (PID=1749) to work on /home/airflow/.local/lib/python3.8/site-packages/airflow/example_dags/example_short_circuit_operator.py
[2023-11-16T08:44:35.368+0000] {processor.py:829} INFO - Processing file /home/airflow/.local/lib/python3.8/site-packages/airflow/example_dags/example_short_circuit_operator.py for tasks to queue
[2023-11-16T08:44:35.370+0000] {logging_mixin.py:151} INFO - [2023-11-16T08:44:35.370+0000] {dagbag.py:536} INFO - Filling up the DagBag from /home/airflow/.local/lib/python3.8/site-packages/airflow/example_dags/example_short_circuit_operator.py
[2023-11-16T08:44:35.375+0000] {processor.py:839} INFO - DAG(s) dict_keys(['example_short_circuit_operator']) retrieved from /home/airflow/.local/lib/python3.8/site-packages/airflow/example_dags/example_short_circuit_operator.py
[2023-11-16T08:44:35.393+0000] {logging_mixin.py:151} INFO - [2023-11-16T08:44:35.393+0000] {dag.py:2941} INFO - Sync 1 DAGs
[2023-11-16T08:44:35.537+0000] {logging_mixin.py:151} INFO - [2023-11-16T08:44:35.536+0000] {dag.py:3722} INFO - Setting next_dagrun for example_short_circuit_operator to 2023-11-15T08:44:35.536605+00:00, run_after=2023-11-16T08:44:35.536605+00:00
[2023-11-16T08:44:35.550+0000] {processor.py:179} INFO - Processing /home/airflow/.local/lib/python3.8/site-packages/airflow/example_dags/example_short_circuit_operator.py took 0.185 seconds
[2023-11-16T08:45:05.667+0000] {processor.py:157} INFO - Started process (PID=1803) to work on /home/airflow/.local/lib/python3.8/site-packages/airflow/example_dags/example_short_circuit_operator.py
[2023-11-16T08:45:05.668+0000] {processor.py:829} INFO - Processing file /home/airflow/.local/lib/python3.8/site-packages/airflow/example_dags/example_short_circuit_operator.py for tasks to queue
[2023-11-16T08:45:05.671+0000] {logging_mixin.py:151} INFO - [2023-11-16T08:45:05.671+0000] {dagbag.py:536} INFO - Filling up the DagBag from /home/airflow/.local/lib/python3.8/site-packages/airflow/example_dags/example_short_circuit_operator.py
[2023-11-16T08:45:05.681+0000] {processor.py:839} INFO - DAG(s) dict_keys(['example_short_circuit_operator']) retrieved from /home/airflow/.local/lib/python3.8/site-packages/airflow/example_dags/example_short_circuit_operator.py
[2023-11-16T08:45:05.706+0000] {logging_mixin.py:151} INFO - [2023-11-16T08:45:05.706+0000] {dag.py:2941} INFO - Sync 1 DAGs
[2023-11-16T08:45:05.732+0000] {logging_mixin.py:151} INFO - [2023-11-16T08:45:05.732+0000] {dag.py:3722} INFO - Setting next_dagrun for example_short_circuit_operator to 2023-11-15T08:45:05.732068+00:00, run_after=2023-11-16T08:45:05.732068+00:00
[2023-11-16T08:45:05.876+0000] {processor.py:179} INFO - Processing /home/airflow/.local/lib/python3.8/site-packages/airflow/example_dags/example_short_circuit_operator.py took 0.211 seconds
[2023-11-16T08:45:36.192+0000] {processor.py:157} INFO - Started process (PID=1857) to work on /home/airflow/.local/lib/python3.8/site-packages/airflow/example_dags/example_short_circuit_operator.py
[2023-11-16T08:45:36.193+0000] {processor.py:829} INFO - Processing file /home/airflow/.local/lib/python3.8/site-packages/airflow/example_dags/example_short_circuit_operator.py for tasks to queue
[2023-11-16T08:45:36.194+0000] {logging_mixin.py:151} INFO - [2023-11-16T08:45:36.194+0000] {dagbag.py:536} INFO - Filling up the DagBag from /home/airflow/.local/lib/python3.8/site-packages/airflow/example_dags/example_short_circuit_operator.py
[2023-11-16T08:45:36.199+0000] {processor.py:839} INFO - DAG(s) dict_keys(['example_short_circuit_operator']) retrieved from /home/airflow/.local/lib/python3.8/site-packages/airflow/example_dags/example_short_circuit_operator.py
[2023-11-16T08:45:36.214+0000] {logging_mixin.py:151} INFO - [2023-11-16T08:45:36.214+0000] {dag.py:2941} INFO - Sync 1 DAGs
[2023-11-16T08:45:36.229+0000] {logging_mixin.py:151} INFO - [2023-11-16T08:45:36.229+0000] {dag.py:3722} INFO - Setting next_dagrun for example_short_circuit_operator to 2023-11-15T08:45:36.229118+00:00, run_after=2023-11-16T08:45:36.229118+00:00
[2023-11-16T08:45:36.241+0000] {processor.py:179} INFO - Processing /home/airflow/.local/lib/python3.8/site-packages/airflow/example_dags/example_short_circuit_operator.py took 0.051 seconds
[2023-11-16T08:46:06.570+0000] {processor.py:157} INFO - Started process (PID=1911) to work on /home/airflow/.local/lib/python3.8/site-packages/airflow/example_dags/example_short_circuit_operator.py
[2023-11-16T08:46:06.571+0000] {processor.py:829} INFO - Processing file /home/airflow/.local/lib/python3.8/site-packages/airflow/example_dags/example_short_circuit_operator.py for tasks to queue
[2023-11-16T08:46:06.572+0000] {logging_mixin.py:151} INFO - [2023-11-16T08:46:06.572+0000] {dagbag.py:536} INFO - Filling up the DagBag from /home/airflow/.local/lib/python3.8/site-packages/airflow/example_dags/example_short_circuit_operator.py
[2023-11-16T08:46:06.579+0000] {processor.py:839} INFO - DAG(s) dict_keys(['example_short_circuit_operator']) retrieved from /home/airflow/.local/lib/python3.8/site-packages/airflow/example_dags/example_short_circuit_operator.py
[2023-11-16T08:46:06.595+0000] {logging_mixin.py:151} INFO - [2023-11-16T08:46:06.595+0000] {dag.py:2941} INFO - Sync 1 DAGs
[2023-11-16T08:46:06.610+0000] {logging_mixin.py:151} INFO - [2023-11-16T08:46:06.610+0000] {dag.py:3722} INFO - Setting next_dagrun for example_short_circuit_operator to 2023-11-15T08:46:06.610529+00:00, run_after=2023-11-16T08:46:06.610529+00:00
[2023-11-16T08:46:06.622+0000] {processor.py:179} INFO - Processing /home/airflow/.local/lib/python3.8/site-packages/airflow/example_dags/example_short_circuit_operator.py took 0.054 seconds
