[2023-11-16T08:28:52.707+0000] {processor.py:157} INFO - Started process (PID=75) to work on /home/airflow/.local/lib/python3.8/site-packages/airflow/example_dags/example_bash_operator.py
[2023-11-16T08:28:52.709+0000] {processor.py:829} INFO - Processing file /home/airflow/.local/lib/python3.8/site-packages/airflow/example_dags/example_bash_operator.py for tasks to queue
[2023-11-16T08:28:52.714+0000] {logging_mixin.py:151} INFO - [2023-11-16T08:28:52.713+0000] {dagbag.py:536} INFO - Filling up the DagBag from /home/airflow/.local/lib/python3.8/site-packages/airflow/example_dags/example_bash_operator.py
[2023-11-16T08:28:52.742+0000] {processor.py:839} INFO - DAG(s) dict_keys(['example_bash_operator']) retrieved from /home/airflow/.local/lib/python3.8/site-packages/airflow/example_dags/example_bash_operator.py
[2023-11-16T08:28:52.795+0000] {logging_mixin.py:151} INFO - [2023-11-16T08:28:52.794+0000] {dag.py:2941} INFO - Sync 1 DAGs
[2023-11-16T08:28:52.843+0000] {logging_mixin.py:151} INFO - [2023-11-16T08:28:52.842+0000] {dag.py:3722} INFO - Setting next_dagrun for example_bash_operator to 2023-11-15T00:00:00+00:00, run_after=2023-11-16T00:00:00+00:00
[2023-11-16T08:28:52.873+0000] {processor.py:179} INFO - Processing /home/airflow/.local/lib/python3.8/site-packages/airflow/example_dags/example_bash_operator.py took 0.179 seconds
[2023-11-16T08:29:23.599+0000] {processor.py:157} INFO - Started process (PID=129) to work on /home/airflow/.local/lib/python3.8/site-packages/airflow/example_dags/example_bash_operator.py
[2023-11-16T08:29:23.599+0000] {processor.py:829} INFO - Processing file /home/airflow/.local/lib/python3.8/site-packages/airflow/example_dags/example_bash_operator.py for tasks to queue
[2023-11-16T08:29:23.601+0000] {logging_mixin.py:151} INFO - [2023-11-16T08:29:23.601+0000] {dagbag.py:536} INFO - Filling up the DagBag from /home/airflow/.local/lib/python3.8/site-packages/airflow/example_dags/example_bash_operator.py
[2023-11-16T08:29:23.608+0000] {processor.py:839} INFO - DAG(s) dict_keys(['example_bash_operator']) retrieved from /home/airflow/.local/lib/python3.8/site-packages/airflow/example_dags/example_bash_operator.py
[2023-11-16T08:29:23.627+0000] {logging_mixin.py:151} INFO - [2023-11-16T08:29:23.627+0000] {dag.py:2941} INFO - Sync 1 DAGs
[2023-11-16T08:29:23.644+0000] {logging_mixin.py:151} INFO - [2023-11-16T08:29:23.644+0000] {dag.py:3722} INFO - Setting next_dagrun for example_bash_operator to 2023-11-15T00:00:00+00:00, run_after=2023-11-16T00:00:00+00:00
[2023-11-16T08:29:23.657+0000] {processor.py:179} INFO - Processing /home/airflow/.local/lib/python3.8/site-packages/airflow/example_dags/example_bash_operator.py took 0.060 seconds
[2023-11-16T08:29:54.538+0000] {processor.py:157} INFO - Started process (PID=183) to work on /home/airflow/.local/lib/python3.8/site-packages/airflow/example_dags/example_bash_operator.py
[2023-11-16T08:29:54.539+0000] {processor.py:829} INFO - Processing file /home/airflow/.local/lib/python3.8/site-packages/airflow/example_dags/example_bash_operator.py for tasks to queue
[2023-11-16T08:29:54.541+0000] {logging_mixin.py:151} INFO - [2023-11-16T08:29:54.541+0000] {dagbag.py:536} INFO - Filling up the DagBag from /home/airflow/.local/lib/python3.8/site-packages/airflow/example_dags/example_bash_operator.py
[2023-11-16T08:29:54.549+0000] {processor.py:839} INFO - DAG(s) dict_keys(['example_bash_operator']) retrieved from /home/airflow/.local/lib/python3.8/site-packages/airflow/example_dags/example_bash_operator.py
[2023-11-16T08:29:54.569+0000] {logging_mixin.py:151} INFO - [2023-11-16T08:29:54.568+0000] {dag.py:2941} INFO - Sync 1 DAGs
[2023-11-16T08:29:54.585+0000] {logging_mixin.py:151} INFO - [2023-11-16T08:29:54.585+0000] {dag.py:3722} INFO - Setting next_dagrun for example_bash_operator to 2023-11-15T00:00:00+00:00, run_after=2023-11-16T00:00:00+00:00
[2023-11-16T08:29:54.599+0000] {processor.py:179} INFO - Processing /home/airflow/.local/lib/python3.8/site-packages/airflow/example_dags/example_bash_operator.py took 0.063 seconds
[2023-11-16T08:30:24.679+0000] {processor.py:157} INFO - Started process (PID=237) to work on /home/airflow/.local/lib/python3.8/site-packages/airflow/example_dags/example_bash_operator.py
[2023-11-16T08:30:24.680+0000] {processor.py:829} INFO - Processing file /home/airflow/.local/lib/python3.8/site-packages/airflow/example_dags/example_bash_operator.py for tasks to queue
[2023-11-16T08:30:24.682+0000] {logging_mixin.py:151} INFO - [2023-11-16T08:30:24.682+0000] {dagbag.py:536} INFO - Filling up the DagBag from /home/airflow/.local/lib/python3.8/site-packages/airflow/example_dags/example_bash_operator.py
[2023-11-16T08:30:24.690+0000] {processor.py:839} INFO - DAG(s) dict_keys(['example_bash_operator']) retrieved from /home/airflow/.local/lib/python3.8/site-packages/airflow/example_dags/example_bash_operator.py
[2023-11-16T08:30:24.709+0000] {logging_mixin.py:151} INFO - [2023-11-16T08:30:24.709+0000] {dag.py:2941} INFO - Sync 1 DAGs
[2023-11-16T08:30:24.727+0000] {logging_mixin.py:151} INFO - [2023-11-16T08:30:24.727+0000] {dag.py:3722} INFO - Setting next_dagrun for example_bash_operator to 2023-11-15T00:00:00+00:00, run_after=2023-11-16T00:00:00+00:00
[2023-11-16T08:30:24.740+0000] {processor.py:179} INFO - Processing /home/airflow/.local/lib/python3.8/site-packages/airflow/example_dags/example_bash_operator.py took 0.063 seconds
[2023-11-16T08:30:55.680+0000] {processor.py:157} INFO - Started process (PID=291) to work on /home/airflow/.local/lib/python3.8/site-packages/airflow/example_dags/example_bash_operator.py
[2023-11-16T08:30:55.681+0000] {processor.py:829} INFO - Processing file /home/airflow/.local/lib/python3.8/site-packages/airflow/example_dags/example_bash_operator.py for tasks to queue
[2023-11-16T08:30:55.683+0000] {logging_mixin.py:151} INFO - [2023-11-16T08:30:55.683+0000] {dagbag.py:536} INFO - Filling up the DagBag from /home/airflow/.local/lib/python3.8/site-packages/airflow/example_dags/example_bash_operator.py
[2023-11-16T08:30:55.690+0000] {processor.py:839} INFO - DAG(s) dict_keys(['example_bash_operator']) retrieved from /home/airflow/.local/lib/python3.8/site-packages/airflow/example_dags/example_bash_operator.py
[2023-11-16T08:30:55.708+0000] {logging_mixin.py:151} INFO - [2023-11-16T08:30:55.708+0000] {dag.py:2941} INFO - Sync 1 DAGs
[2023-11-16T08:30:55.724+0000] {logging_mixin.py:151} INFO - [2023-11-16T08:30:55.723+0000] {dag.py:3722} INFO - Setting next_dagrun for example_bash_operator to 2023-11-15T00:00:00+00:00, run_after=2023-11-16T00:00:00+00:00
[2023-11-16T08:30:55.736+0000] {processor.py:179} INFO - Processing /home/airflow/.local/lib/python3.8/site-packages/airflow/example_dags/example_bash_operator.py took 0.058 seconds
[2023-11-16T08:31:26.000+0000] {processor.py:157} INFO - Started process (PID=345) to work on /home/airflow/.local/lib/python3.8/site-packages/airflow/example_dags/example_bash_operator.py
[2023-11-16T08:31:26.009+0000] {processor.py:829} INFO - Processing file /home/airflow/.local/lib/python3.8/site-packages/airflow/example_dags/example_bash_operator.py for tasks to queue
[2023-11-16T08:31:26.015+0000] {logging_mixin.py:151} INFO - [2023-11-16T08:31:26.014+0000] {dagbag.py:536} INFO - Filling up the DagBag from /home/airflow/.local/lib/python3.8/site-packages/airflow/example_dags/example_bash_operator.py
[2023-11-16T08:31:26.046+0000] {processor.py:839} INFO - DAG(s) dict_keys(['example_bash_operator']) retrieved from /home/airflow/.local/lib/python3.8/site-packages/airflow/example_dags/example_bash_operator.py
[2023-11-16T08:31:26.093+0000] {logging_mixin.py:151} INFO - [2023-11-16T08:31:26.092+0000] {dag.py:2941} INFO - Sync 1 DAGs
[2023-11-16T08:31:26.130+0000] {logging_mixin.py:151} INFO - [2023-11-16T08:31:26.130+0000] {dag.py:3722} INFO - Setting next_dagrun for example_bash_operator to 2023-11-15T00:00:00+00:00, run_after=2023-11-16T00:00:00+00:00
[2023-11-16T08:31:26.148+0000] {processor.py:179} INFO - Processing /home/airflow/.local/lib/python3.8/site-packages/airflow/example_dags/example_bash_operator.py took 0.150 seconds
[2023-11-16T08:31:56.359+0000] {processor.py:157} INFO - Started process (PID=399) to work on /home/airflow/.local/lib/python3.8/site-packages/airflow/example_dags/example_bash_operator.py
[2023-11-16T08:31:56.360+0000] {processor.py:829} INFO - Processing file /home/airflow/.local/lib/python3.8/site-packages/airflow/example_dags/example_bash_operator.py for tasks to queue
[2023-11-16T08:31:56.362+0000] {logging_mixin.py:151} INFO - [2023-11-16T08:31:56.362+0000] {dagbag.py:536} INFO - Filling up the DagBag from /home/airflow/.local/lib/python3.8/site-packages/airflow/example_dags/example_bash_operator.py
[2023-11-16T08:31:56.370+0000] {processor.py:839} INFO - DAG(s) dict_keys(['example_bash_operator']) retrieved from /home/airflow/.local/lib/python3.8/site-packages/airflow/example_dags/example_bash_operator.py
[2023-11-16T08:31:56.395+0000] {logging_mixin.py:151} INFO - [2023-11-16T08:31:56.395+0000] {dag.py:2941} INFO - Sync 1 DAGs
[2023-11-16T08:31:56.418+0000] {logging_mixin.py:151} INFO - [2023-11-16T08:31:56.418+0000] {dag.py:3722} INFO - Setting next_dagrun for example_bash_operator to 2023-11-15T00:00:00+00:00, run_after=2023-11-16T00:00:00+00:00
[2023-11-16T08:31:56.439+0000] {processor.py:179} INFO - Processing /home/airflow/.local/lib/python3.8/site-packages/airflow/example_dags/example_bash_operator.py took 0.082 seconds
[2023-11-16T08:32:27.325+0000] {processor.py:157} INFO - Started process (PID=453) to work on /home/airflow/.local/lib/python3.8/site-packages/airflow/example_dags/example_bash_operator.py
[2023-11-16T08:32:27.326+0000] {processor.py:829} INFO - Processing file /home/airflow/.local/lib/python3.8/site-packages/airflow/example_dags/example_bash_operator.py for tasks to queue
[2023-11-16T08:32:27.328+0000] {logging_mixin.py:151} INFO - [2023-11-16T08:32:27.328+0000] {dagbag.py:536} INFO - Filling up the DagBag from /home/airflow/.local/lib/python3.8/site-packages/airflow/example_dags/example_bash_operator.py
[2023-11-16T08:32:27.336+0000] {processor.py:839} INFO - DAG(s) dict_keys(['example_bash_operator']) retrieved from /home/airflow/.local/lib/python3.8/site-packages/airflow/example_dags/example_bash_operator.py
[2023-11-16T08:32:27.358+0000] {logging_mixin.py:151} INFO - [2023-11-16T08:32:27.358+0000] {dag.py:2941} INFO - Sync 1 DAGs
[2023-11-16T08:32:27.377+0000] {logging_mixin.py:151} INFO - [2023-11-16T08:32:27.377+0000] {dag.py:3722} INFO - Setting next_dagrun for example_bash_operator to 2023-11-15T00:00:00+00:00, run_after=2023-11-16T00:00:00+00:00
[2023-11-16T08:32:27.394+0000] {processor.py:179} INFO - Processing /home/airflow/.local/lib/python3.8/site-packages/airflow/example_dags/example_bash_operator.py took 0.070 seconds
[2023-11-16T08:32:57.707+0000] {processor.py:157} INFO - Started process (PID=507) to work on /home/airflow/.local/lib/python3.8/site-packages/airflow/example_dags/example_bash_operator.py
[2023-11-16T08:32:57.708+0000] {processor.py:829} INFO - Processing file /home/airflow/.local/lib/python3.8/site-packages/airflow/example_dags/example_bash_operator.py for tasks to queue
[2023-11-16T08:32:57.710+0000] {logging_mixin.py:151} INFO - [2023-11-16T08:32:57.709+0000] {dagbag.py:536} INFO - Filling up the DagBag from /home/airflow/.local/lib/python3.8/site-packages/airflow/example_dags/example_bash_operator.py
[2023-11-16T08:32:57.718+0000] {processor.py:839} INFO - DAG(s) dict_keys(['example_bash_operator']) retrieved from /home/airflow/.local/lib/python3.8/site-packages/airflow/example_dags/example_bash_operator.py
[2023-11-16T08:32:57.738+0000] {logging_mixin.py:151} INFO - [2023-11-16T08:32:57.738+0000] {dag.py:2941} INFO - Sync 1 DAGs
[2023-11-16T08:32:57.756+0000] {logging_mixin.py:151} INFO - [2023-11-16T08:32:57.756+0000] {dag.py:3722} INFO - Setting next_dagrun for example_bash_operator to 2023-11-15T00:00:00+00:00, run_after=2023-11-16T00:00:00+00:00
[2023-11-16T08:32:57.771+0000] {processor.py:179} INFO - Processing /home/airflow/.local/lib/python3.8/site-packages/airflow/example_dags/example_bash_operator.py took 0.066 seconds
[2023-11-16T08:33:28.015+0000] {processor.py:157} INFO - Started process (PID=561) to work on /home/airflow/.local/lib/python3.8/site-packages/airflow/example_dags/example_bash_operator.py
[2023-11-16T08:33:28.016+0000] {processor.py:829} INFO - Processing file /home/airflow/.local/lib/python3.8/site-packages/airflow/example_dags/example_bash_operator.py for tasks to queue
[2023-11-16T08:33:28.018+0000] {logging_mixin.py:151} INFO - [2023-11-16T08:33:28.018+0000] {dagbag.py:536} INFO - Filling up the DagBag from /home/airflow/.local/lib/python3.8/site-packages/airflow/example_dags/example_bash_operator.py
[2023-11-16T08:33:28.025+0000] {processor.py:839} INFO - DAG(s) dict_keys(['example_bash_operator']) retrieved from /home/airflow/.local/lib/python3.8/site-packages/airflow/example_dags/example_bash_operator.py
[2023-11-16T08:33:28.044+0000] {logging_mixin.py:151} INFO - [2023-11-16T08:33:28.044+0000] {dag.py:2941} INFO - Sync 1 DAGs
[2023-11-16T08:33:28.060+0000] {logging_mixin.py:151} INFO - [2023-11-16T08:33:28.060+0000] {dag.py:3722} INFO - Setting next_dagrun for example_bash_operator to 2023-11-15T00:00:00+00:00, run_after=2023-11-16T00:00:00+00:00
[2023-11-16T08:33:28.073+0000] {processor.py:179} INFO - Processing /home/airflow/.local/lib/python3.8/site-packages/airflow/example_dags/example_bash_operator.py took 0.060 seconds
[2023-11-16T08:33:58.316+0000] {processor.py:157} INFO - Started process (PID=615) to work on /home/airflow/.local/lib/python3.8/site-packages/airflow/example_dags/example_bash_operator.py
[2023-11-16T08:33:58.317+0000] {processor.py:829} INFO - Processing file /home/airflow/.local/lib/python3.8/site-packages/airflow/example_dags/example_bash_operator.py for tasks to queue
[2023-11-16T08:33:58.319+0000] {logging_mixin.py:151} INFO - [2023-11-16T08:33:58.319+0000] {dagbag.py:536} INFO - Filling up the DagBag from /home/airflow/.local/lib/python3.8/site-packages/airflow/example_dags/example_bash_operator.py
[2023-11-16T08:33:58.326+0000] {processor.py:839} INFO - DAG(s) dict_keys(['example_bash_operator']) retrieved from /home/airflow/.local/lib/python3.8/site-packages/airflow/example_dags/example_bash_operator.py
[2023-11-16T08:33:58.346+0000] {logging_mixin.py:151} INFO - [2023-11-16T08:33:58.346+0000] {dag.py:2941} INFO - Sync 1 DAGs
[2023-11-16T08:33:58.362+0000] {logging_mixin.py:151} INFO - [2023-11-16T08:33:58.362+0000] {dag.py:3722} INFO - Setting next_dagrun for example_bash_operator to 2023-11-15T00:00:00+00:00, run_after=2023-11-16T00:00:00+00:00
[2023-11-16T08:33:58.375+0000] {processor.py:179} INFO - Processing /home/airflow/.local/lib/python3.8/site-packages/airflow/example_dags/example_bash_operator.py took 0.061 seconds
[2023-11-16T08:34:28.651+0000] {processor.py:157} INFO - Started process (PID=669) to work on /home/airflow/.local/lib/python3.8/site-packages/airflow/example_dags/example_bash_operator.py
[2023-11-16T08:34:28.652+0000] {processor.py:829} INFO - Processing file /home/airflow/.local/lib/python3.8/site-packages/airflow/example_dags/example_bash_operator.py for tasks to queue
[2023-11-16T08:34:28.653+0000] {logging_mixin.py:151} INFO - [2023-11-16T08:34:28.653+0000] {dagbag.py:536} INFO - Filling up the DagBag from /home/airflow/.local/lib/python3.8/site-packages/airflow/example_dags/example_bash_operator.py
[2023-11-16T08:34:28.661+0000] {processor.py:839} INFO - DAG(s) dict_keys(['example_bash_operator']) retrieved from /home/airflow/.local/lib/python3.8/site-packages/airflow/example_dags/example_bash_operator.py
[2023-11-16T08:34:28.679+0000] {logging_mixin.py:151} INFO - [2023-11-16T08:34:28.679+0000] {dag.py:2941} INFO - Sync 1 DAGs
[2023-11-16T08:34:28.695+0000] {logging_mixin.py:151} INFO - [2023-11-16T08:34:28.695+0000] {dag.py:3722} INFO - Setting next_dagrun for example_bash_operator to 2023-11-15T00:00:00+00:00, run_after=2023-11-16T00:00:00+00:00
[2023-11-16T08:34:28.708+0000] {processor.py:179} INFO - Processing /home/airflow/.local/lib/python3.8/site-packages/airflow/example_dags/example_bash_operator.py took 0.059 seconds
[2023-11-16T08:34:58.835+0000] {processor.py:157} INFO - Started process (PID=723) to work on /home/airflow/.local/lib/python3.8/site-packages/airflow/example_dags/example_bash_operator.py
[2023-11-16T08:34:58.835+0000] {processor.py:829} INFO - Processing file /home/airflow/.local/lib/python3.8/site-packages/airflow/example_dags/example_bash_operator.py for tasks to queue
[2023-11-16T08:34:58.837+0000] {logging_mixin.py:151} INFO - [2023-11-16T08:34:58.837+0000] {dagbag.py:536} INFO - Filling up the DagBag from /home/airflow/.local/lib/python3.8/site-packages/airflow/example_dags/example_bash_operator.py
[2023-11-16T08:34:58.845+0000] {processor.py:839} INFO - DAG(s) dict_keys(['example_bash_operator']) retrieved from /home/airflow/.local/lib/python3.8/site-packages/airflow/example_dags/example_bash_operator.py
[2023-11-16T08:34:58.867+0000] {logging_mixin.py:151} INFO - [2023-11-16T08:34:58.866+0000] {dag.py:2941} INFO - Sync 1 DAGs
[2023-11-16T08:34:58.884+0000] {logging_mixin.py:151} INFO - [2023-11-16T08:34:58.884+0000] {dag.py:3722} INFO - Setting next_dagrun for example_bash_operator to 2023-11-15T00:00:00+00:00, run_after=2023-11-16T00:00:00+00:00
[2023-11-16T08:34:58.897+0000] {processor.py:179} INFO - Processing /home/airflow/.local/lib/python3.8/site-packages/airflow/example_dags/example_bash_operator.py took 0.065 seconds
[2023-11-16T08:35:29.685+0000] {processor.py:157} INFO - Started process (PID=777) to work on /home/airflow/.local/lib/python3.8/site-packages/airflow/example_dags/example_bash_operator.py
[2023-11-16T08:35:29.686+0000] {processor.py:829} INFO - Processing file /home/airflow/.local/lib/python3.8/site-packages/airflow/example_dags/example_bash_operator.py for tasks to queue
[2023-11-16T08:35:29.688+0000] {logging_mixin.py:151} INFO - [2023-11-16T08:35:29.688+0000] {dagbag.py:536} INFO - Filling up the DagBag from /home/airflow/.local/lib/python3.8/site-packages/airflow/example_dags/example_bash_operator.py
[2023-11-16T08:35:29.695+0000] {processor.py:839} INFO - DAG(s) dict_keys(['example_bash_operator']) retrieved from /home/airflow/.local/lib/python3.8/site-packages/airflow/example_dags/example_bash_operator.py
[2023-11-16T08:35:29.714+0000] {logging_mixin.py:151} INFO - [2023-11-16T08:35:29.714+0000] {dag.py:2941} INFO - Sync 1 DAGs
[2023-11-16T08:35:29.729+0000] {logging_mixin.py:151} INFO - [2023-11-16T08:35:29.729+0000] {dag.py:3722} INFO - Setting next_dagrun for example_bash_operator to 2023-11-15T00:00:00+00:00, run_after=2023-11-16T00:00:00+00:00
[2023-11-16T08:35:29.741+0000] {processor.py:179} INFO - Processing /home/airflow/.local/lib/python3.8/site-packages/airflow/example_dags/example_bash_operator.py took 0.058 seconds
[2023-11-16T08:35:59.983+0000] {processor.py:157} INFO - Started process (PID=831) to work on /home/airflow/.local/lib/python3.8/site-packages/airflow/example_dags/example_bash_operator.py
[2023-11-16T08:35:59.984+0000] {processor.py:829} INFO - Processing file /home/airflow/.local/lib/python3.8/site-packages/airflow/example_dags/example_bash_operator.py for tasks to queue
[2023-11-16T08:35:59.986+0000] {logging_mixin.py:151} INFO - [2023-11-16T08:35:59.986+0000] {dagbag.py:536} INFO - Filling up the DagBag from /home/airflow/.local/lib/python3.8/site-packages/airflow/example_dags/example_bash_operator.py
[2023-11-16T08:35:59.993+0000] {processor.py:839} INFO - DAG(s) dict_keys(['example_bash_operator']) retrieved from /home/airflow/.local/lib/python3.8/site-packages/airflow/example_dags/example_bash_operator.py
[2023-11-16T08:36:00.013+0000] {logging_mixin.py:151} INFO - [2023-11-16T08:36:00.013+0000] {dag.py:2941} INFO - Sync 1 DAGs
[2023-11-16T08:36:00.030+0000] {logging_mixin.py:151} INFO - [2023-11-16T08:36:00.030+0000] {dag.py:3722} INFO - Setting next_dagrun for example_bash_operator to 2023-11-15T00:00:00+00:00, run_after=2023-11-16T00:00:00+00:00
[2023-11-16T08:36:00.041+0000] {processor.py:179} INFO - Processing /home/airflow/.local/lib/python3.8/site-packages/airflow/example_dags/example_bash_operator.py took 0.061 seconds
[2023-11-16T08:36:30.143+0000] {processor.py:157} INFO - Started process (PID=885) to work on /home/airflow/.local/lib/python3.8/site-packages/airflow/example_dags/example_bash_operator.py
[2023-11-16T08:36:30.144+0000] {processor.py:829} INFO - Processing file /home/airflow/.local/lib/python3.8/site-packages/airflow/example_dags/example_bash_operator.py for tasks to queue
[2023-11-16T08:36:30.146+0000] {logging_mixin.py:151} INFO - [2023-11-16T08:36:30.146+0000] {dagbag.py:536} INFO - Filling up the DagBag from /home/airflow/.local/lib/python3.8/site-packages/airflow/example_dags/example_bash_operator.py
[2023-11-16T08:36:30.153+0000] {processor.py:839} INFO - DAG(s) dict_keys(['example_bash_operator']) retrieved from /home/airflow/.local/lib/python3.8/site-packages/airflow/example_dags/example_bash_operator.py
[2023-11-16T08:36:30.171+0000] {logging_mixin.py:151} INFO - [2023-11-16T08:36:30.171+0000] {dag.py:2941} INFO - Sync 1 DAGs
[2023-11-16T08:36:30.187+0000] {logging_mixin.py:151} INFO - [2023-11-16T08:36:30.187+0000] {dag.py:3722} INFO - Setting next_dagrun for example_bash_operator to 2023-11-15T00:00:00+00:00, run_after=2023-11-16T00:00:00+00:00
[2023-11-16T08:36:30.200+0000] {processor.py:179} INFO - Processing /home/airflow/.local/lib/python3.8/site-packages/airflow/example_dags/example_bash_operator.py took 0.059 seconds
[2023-11-16T08:37:00.394+0000] {processor.py:157} INFO - Started process (PID=939) to work on /home/airflow/.local/lib/python3.8/site-packages/airflow/example_dags/example_bash_operator.py
[2023-11-16T08:37:00.395+0000] {processor.py:829} INFO - Processing file /home/airflow/.local/lib/python3.8/site-packages/airflow/example_dags/example_bash_operator.py for tasks to queue
[2023-11-16T08:37:00.397+0000] {logging_mixin.py:151} INFO - [2023-11-16T08:37:00.397+0000] {dagbag.py:536} INFO - Filling up the DagBag from /home/airflow/.local/lib/python3.8/site-packages/airflow/example_dags/example_bash_operator.py
[2023-11-16T08:37:00.405+0000] {processor.py:839} INFO - DAG(s) dict_keys(['example_bash_operator']) retrieved from /home/airflow/.local/lib/python3.8/site-packages/airflow/example_dags/example_bash_operator.py
[2023-11-16T08:37:00.430+0000] {logging_mixin.py:151} INFO - [2023-11-16T08:37:00.430+0000] {dag.py:2941} INFO - Sync 1 DAGs
[2023-11-16T08:37:00.449+0000] {logging_mixin.py:151} INFO - [2023-11-16T08:37:00.448+0000] {dag.py:3722} INFO - Setting next_dagrun for example_bash_operator to 2023-11-15T00:00:00+00:00, run_after=2023-11-16T00:00:00+00:00
[2023-11-16T08:37:00.462+0000] {processor.py:179} INFO - Processing /home/airflow/.local/lib/python3.8/site-packages/airflow/example_dags/example_bash_operator.py took 0.070 seconds
[2023-11-16T08:37:30.532+0000] {processor.py:157} INFO - Started process (PID=993) to work on /home/airflow/.local/lib/python3.8/site-packages/airflow/example_dags/example_bash_operator.py
[2023-11-16T08:37:30.533+0000] {processor.py:829} INFO - Processing file /home/airflow/.local/lib/python3.8/site-packages/airflow/example_dags/example_bash_operator.py for tasks to queue
[2023-11-16T08:37:30.536+0000] {logging_mixin.py:151} INFO - [2023-11-16T08:37:30.535+0000] {dagbag.py:536} INFO - Filling up the DagBag from /home/airflow/.local/lib/python3.8/site-packages/airflow/example_dags/example_bash_operator.py
[2023-11-16T08:37:30.543+0000] {processor.py:839} INFO - DAG(s) dict_keys(['example_bash_operator']) retrieved from /home/airflow/.local/lib/python3.8/site-packages/airflow/example_dags/example_bash_operator.py
[2023-11-16T08:37:30.562+0000] {logging_mixin.py:151} INFO - [2023-11-16T08:37:30.562+0000] {dag.py:2941} INFO - Sync 1 DAGs
[2023-11-16T08:37:30.577+0000] {logging_mixin.py:151} INFO - [2023-11-16T08:37:30.577+0000] {dag.py:3722} INFO - Setting next_dagrun for example_bash_operator to 2023-11-15T00:00:00+00:00, run_after=2023-11-16T00:00:00+00:00
[2023-11-16T08:37:30.590+0000] {processor.py:179} INFO - Processing /home/airflow/.local/lib/python3.8/site-packages/airflow/example_dags/example_bash_operator.py took 0.060 seconds
[2023-11-16T08:38:00.754+0000] {processor.py:157} INFO - Started process (PID=1047) to work on /home/airflow/.local/lib/python3.8/site-packages/airflow/example_dags/example_bash_operator.py
[2023-11-16T08:38:00.756+0000] {processor.py:829} INFO - Processing file /home/airflow/.local/lib/python3.8/site-packages/airflow/example_dags/example_bash_operator.py for tasks to queue
[2023-11-16T08:38:00.758+0000] {logging_mixin.py:151} INFO - [2023-11-16T08:38:00.758+0000] {dagbag.py:536} INFO - Filling up the DagBag from /home/airflow/.local/lib/python3.8/site-packages/airflow/example_dags/example_bash_operator.py
[2023-11-16T08:38:00.771+0000] {processor.py:839} INFO - DAG(s) dict_keys(['example_bash_operator']) retrieved from /home/airflow/.local/lib/python3.8/site-packages/airflow/example_dags/example_bash_operator.py
[2023-11-16T08:38:00.798+0000] {logging_mixin.py:151} INFO - [2023-11-16T08:38:00.797+0000] {dag.py:2941} INFO - Sync 1 DAGs
[2023-11-16T08:38:00.814+0000] {logging_mixin.py:151} INFO - [2023-11-16T08:38:00.814+0000] {dag.py:3722} INFO - Setting next_dagrun for example_bash_operator to 2023-11-15T00:00:00+00:00, run_after=2023-11-16T00:00:00+00:00
[2023-11-16T08:38:00.827+0000] {processor.py:179} INFO - Processing /home/airflow/.local/lib/python3.8/site-packages/airflow/example_dags/example_bash_operator.py took 0.075 seconds
[2023-11-16T08:38:31.149+0000] {processor.py:157} INFO - Started process (PID=1101) to work on /home/airflow/.local/lib/python3.8/site-packages/airflow/example_dags/example_bash_operator.py
[2023-11-16T08:38:31.151+0000] {processor.py:829} INFO - Processing file /home/airflow/.local/lib/python3.8/site-packages/airflow/example_dags/example_bash_operator.py for tasks to queue
[2023-11-16T08:38:31.154+0000] {logging_mixin.py:151} INFO - [2023-11-16T08:38:31.154+0000] {dagbag.py:536} INFO - Filling up the DagBag from /home/airflow/.local/lib/python3.8/site-packages/airflow/example_dags/example_bash_operator.py
[2023-11-16T08:38:31.165+0000] {processor.py:839} INFO - DAG(s) dict_keys(['example_bash_operator']) retrieved from /home/airflow/.local/lib/python3.8/site-packages/airflow/example_dags/example_bash_operator.py
[2023-11-16T08:38:31.188+0000] {logging_mixin.py:151} INFO - [2023-11-16T08:38:31.188+0000] {dag.py:2941} INFO - Sync 1 DAGs
[2023-11-16T08:38:31.209+0000] {logging_mixin.py:151} INFO - [2023-11-16T08:38:31.209+0000] {dag.py:3722} INFO - Setting next_dagrun for example_bash_operator to 2023-11-15T00:00:00+00:00, run_after=2023-11-16T00:00:00+00:00
[2023-11-16T08:38:31.226+0000] {processor.py:179} INFO - Processing /home/airflow/.local/lib/python3.8/site-packages/airflow/example_dags/example_bash_operator.py took 0.079 seconds
[2023-11-16T08:39:01.290+0000] {processor.py:157} INFO - Started process (PID=1155) to work on /home/airflow/.local/lib/python3.8/site-packages/airflow/example_dags/example_bash_operator.py
[2023-11-16T08:39:01.291+0000] {processor.py:829} INFO - Processing file /home/airflow/.local/lib/python3.8/site-packages/airflow/example_dags/example_bash_operator.py for tasks to queue
[2023-11-16T08:39:01.293+0000] {logging_mixin.py:151} INFO - [2023-11-16T08:39:01.293+0000] {dagbag.py:536} INFO - Filling up the DagBag from /home/airflow/.local/lib/python3.8/site-packages/airflow/example_dags/example_bash_operator.py
[2023-11-16T08:39:01.300+0000] {processor.py:839} INFO - DAG(s) dict_keys(['example_bash_operator']) retrieved from /home/airflow/.local/lib/python3.8/site-packages/airflow/example_dags/example_bash_operator.py
[2023-11-16T08:39:01.319+0000] {logging_mixin.py:151} INFO - [2023-11-16T08:39:01.318+0000] {dag.py:2941} INFO - Sync 1 DAGs
[2023-11-16T08:39:01.336+0000] {logging_mixin.py:151} INFO - [2023-11-16T08:39:01.335+0000] {dag.py:3722} INFO - Setting next_dagrun for example_bash_operator to 2023-11-15T00:00:00+00:00, run_after=2023-11-16T00:00:00+00:00
[2023-11-16T08:39:01.349+0000] {processor.py:179} INFO - Processing /home/airflow/.local/lib/python3.8/site-packages/airflow/example_dags/example_bash_operator.py took 0.061 seconds
[2023-11-16T08:39:31.429+0000] {processor.py:157} INFO - Started process (PID=1209) to work on /home/airflow/.local/lib/python3.8/site-packages/airflow/example_dags/example_bash_operator.py
[2023-11-16T08:39:31.430+0000] {processor.py:829} INFO - Processing file /home/airflow/.local/lib/python3.8/site-packages/airflow/example_dags/example_bash_operator.py for tasks to queue
[2023-11-16T08:39:31.432+0000] {logging_mixin.py:151} INFO - [2023-11-16T08:39:31.432+0000] {dagbag.py:536} INFO - Filling up the DagBag from /home/airflow/.local/lib/python3.8/site-packages/airflow/example_dags/example_bash_operator.py
[2023-11-16T08:39:31.440+0000] {processor.py:839} INFO - DAG(s) dict_keys(['example_bash_operator']) retrieved from /home/airflow/.local/lib/python3.8/site-packages/airflow/example_dags/example_bash_operator.py
[2023-11-16T08:39:31.459+0000] {logging_mixin.py:151} INFO - [2023-11-16T08:39:31.458+0000] {dag.py:2941} INFO - Sync 1 DAGs
[2023-11-16T08:39:31.474+0000] {logging_mixin.py:151} INFO - [2023-11-16T08:39:31.474+0000] {dag.py:3722} INFO - Setting next_dagrun for example_bash_operator to 2023-11-15T00:00:00+00:00, run_after=2023-11-16T00:00:00+00:00
[2023-11-16T08:39:31.487+0000] {processor.py:179} INFO - Processing /home/airflow/.local/lib/python3.8/site-packages/airflow/example_dags/example_bash_operator.py took 0.060 seconds
[2023-11-16T08:40:01.651+0000] {processor.py:157} INFO - Started process (PID=1263) to work on /home/airflow/.local/lib/python3.8/site-packages/airflow/example_dags/example_bash_operator.py
[2023-11-16T08:40:01.651+0000] {processor.py:829} INFO - Processing file /home/airflow/.local/lib/python3.8/site-packages/airflow/example_dags/example_bash_operator.py for tasks to queue
[2023-11-16T08:40:01.653+0000] {logging_mixin.py:151} INFO - [2023-11-16T08:40:01.653+0000] {dagbag.py:536} INFO - Filling up the DagBag from /home/airflow/.local/lib/python3.8/site-packages/airflow/example_dags/example_bash_operator.py
[2023-11-16T08:40:01.660+0000] {processor.py:839} INFO - DAG(s) dict_keys(['example_bash_operator']) retrieved from /home/airflow/.local/lib/python3.8/site-packages/airflow/example_dags/example_bash_operator.py
[2023-11-16T08:40:01.679+0000] {logging_mixin.py:151} INFO - [2023-11-16T08:40:01.679+0000] {dag.py:2941} INFO - Sync 1 DAGs
[2023-11-16T08:40:01.694+0000] {logging_mixin.py:151} INFO - [2023-11-16T08:40:01.694+0000] {dag.py:3722} INFO - Setting next_dagrun for example_bash_operator to 2023-11-15T00:00:00+00:00, run_after=2023-11-16T00:00:00+00:00
[2023-11-16T08:40:01.707+0000] {processor.py:179} INFO - Processing /home/airflow/.local/lib/python3.8/site-packages/airflow/example_dags/example_bash_operator.py took 0.058 seconds
[2023-11-16T08:40:32.535+0000] {processor.py:157} INFO - Started process (PID=1324) to work on /home/airflow/.local/lib/python3.8/site-packages/airflow/example_dags/example_bash_operator.py
[2023-11-16T08:40:32.536+0000] {processor.py:829} INFO - Processing file /home/airflow/.local/lib/python3.8/site-packages/airflow/example_dags/example_bash_operator.py for tasks to queue
[2023-11-16T08:40:32.538+0000] {logging_mixin.py:151} INFO - [2023-11-16T08:40:32.537+0000] {dagbag.py:536} INFO - Filling up the DagBag from /home/airflow/.local/lib/python3.8/site-packages/airflow/example_dags/example_bash_operator.py
[2023-11-16T08:40:32.545+0000] {processor.py:839} INFO - DAG(s) dict_keys(['example_bash_operator']) retrieved from /home/airflow/.local/lib/python3.8/site-packages/airflow/example_dags/example_bash_operator.py
[2023-11-16T08:40:32.564+0000] {logging_mixin.py:151} INFO - [2023-11-16T08:40:32.564+0000] {dag.py:2941} INFO - Sync 1 DAGs
[2023-11-16T08:40:32.580+0000] {logging_mixin.py:151} INFO - [2023-11-16T08:40:32.580+0000] {dag.py:3722} INFO - Setting next_dagrun for example_bash_operator to 2023-11-15T00:00:00+00:00, run_after=2023-11-16T00:00:00+00:00
[2023-11-16T08:40:32.594+0000] {processor.py:179} INFO - Processing /home/airflow/.local/lib/python3.8/site-packages/airflow/example_dags/example_bash_operator.py took 0.061 seconds
[2023-11-16T08:41:03.417+0000] {processor.py:157} INFO - Started process (PID=1378) to work on /home/airflow/.local/lib/python3.8/site-packages/airflow/example_dags/example_bash_operator.py
[2023-11-16T08:41:03.418+0000] {processor.py:829} INFO - Processing file /home/airflow/.local/lib/python3.8/site-packages/airflow/example_dags/example_bash_operator.py for tasks to queue
[2023-11-16T08:41:03.420+0000] {logging_mixin.py:151} INFO - [2023-11-16T08:41:03.420+0000] {dagbag.py:536} INFO - Filling up the DagBag from /home/airflow/.local/lib/python3.8/site-packages/airflow/example_dags/example_bash_operator.py
[2023-11-16T08:41:03.427+0000] {processor.py:839} INFO - DAG(s) dict_keys(['example_bash_operator']) retrieved from /home/airflow/.local/lib/python3.8/site-packages/airflow/example_dags/example_bash_operator.py
[2023-11-16T08:41:03.445+0000] {logging_mixin.py:151} INFO - [2023-11-16T08:41:03.445+0000] {dag.py:2941} INFO - Sync 1 DAGs
[2023-11-16T08:41:03.461+0000] {logging_mixin.py:151} INFO - [2023-11-16T08:41:03.461+0000] {dag.py:3722} INFO - Setting next_dagrun for example_bash_operator to 2023-11-15T00:00:00+00:00, run_after=2023-11-16T00:00:00+00:00
[2023-11-16T08:41:03.473+0000] {processor.py:179} INFO - Processing /home/airflow/.local/lib/python3.8/site-packages/airflow/example_dags/example_bash_operator.py took 0.058 seconds
[2023-11-16T08:41:34.683+0000] {processor.py:157} INFO - Started process (PID=1432) to work on /home/airflow/.local/lib/python3.8/site-packages/airflow/example_dags/example_bash_operator.py
[2023-11-16T08:41:34.684+0000] {processor.py:829} INFO - Processing file /home/airflow/.local/lib/python3.8/site-packages/airflow/example_dags/example_bash_operator.py for tasks to queue
[2023-11-16T08:41:34.686+0000] {logging_mixin.py:151} INFO - [2023-11-16T08:41:34.686+0000] {dagbag.py:536} INFO - Filling up the DagBag from /home/airflow/.local/lib/python3.8/site-packages/airflow/example_dags/example_bash_operator.py
[2023-11-16T08:41:34.697+0000] {processor.py:839} INFO - DAG(s) dict_keys(['example_bash_operator']) retrieved from /home/airflow/.local/lib/python3.8/site-packages/airflow/example_dags/example_bash_operator.py
[2023-11-16T08:41:34.727+0000] {logging_mixin.py:151} INFO - [2023-11-16T08:41:34.727+0000] {dag.py:2941} INFO - Sync 1 DAGs
[2023-11-16T08:41:34.751+0000] {logging_mixin.py:151} INFO - [2023-11-16T08:41:34.751+0000] {dag.py:3722} INFO - Setting next_dagrun for example_bash_operator to 2023-11-15T00:00:00+00:00, run_after=2023-11-16T00:00:00+00:00
[2023-11-16T08:41:34.778+0000] {processor.py:179} INFO - Processing /home/airflow/.local/lib/python3.8/site-packages/airflow/example_dags/example_bash_operator.py took 0.099 seconds
[2023-11-16T08:42:05.605+0000] {processor.py:157} INFO - Started process (PID=1486) to work on /home/airflow/.local/lib/python3.8/site-packages/airflow/example_dags/example_bash_operator.py
[2023-11-16T08:42:05.606+0000] {processor.py:829} INFO - Processing file /home/airflow/.local/lib/python3.8/site-packages/airflow/example_dags/example_bash_operator.py for tasks to queue
[2023-11-16T08:42:05.608+0000] {logging_mixin.py:151} INFO - [2023-11-16T08:42:05.608+0000] {dagbag.py:536} INFO - Filling up the DagBag from /home/airflow/.local/lib/python3.8/site-packages/airflow/example_dags/example_bash_operator.py
[2023-11-16T08:42:05.616+0000] {processor.py:839} INFO - DAG(s) dict_keys(['example_bash_operator']) retrieved from /home/airflow/.local/lib/python3.8/site-packages/airflow/example_dags/example_bash_operator.py
[2023-11-16T08:42:05.635+0000] {logging_mixin.py:151} INFO - [2023-11-16T08:42:05.635+0000] {dag.py:2941} INFO - Sync 1 DAGs
[2023-11-16T08:42:05.653+0000] {logging_mixin.py:151} INFO - [2023-11-16T08:42:05.653+0000] {dag.py:3722} INFO - Setting next_dagrun for example_bash_operator to 2023-11-15T00:00:00+00:00, run_after=2023-11-16T00:00:00+00:00
[2023-11-16T08:42:05.667+0000] {processor.py:179} INFO - Processing /home/airflow/.local/lib/python3.8/site-packages/airflow/example_dags/example_bash_operator.py took 0.064 seconds
[2023-11-16T08:42:36.537+0000] {processor.py:157} INFO - Started process (PID=1540) to work on /home/airflow/.local/lib/python3.8/site-packages/airflow/example_dags/example_bash_operator.py
[2023-11-16T08:42:36.538+0000] {processor.py:829} INFO - Processing file /home/airflow/.local/lib/python3.8/site-packages/airflow/example_dags/example_bash_operator.py for tasks to queue
[2023-11-16T08:42:36.540+0000] {logging_mixin.py:151} INFO - [2023-11-16T08:42:36.539+0000] {dagbag.py:536} INFO - Filling up the DagBag from /home/airflow/.local/lib/python3.8/site-packages/airflow/example_dags/example_bash_operator.py
[2023-11-16T08:42:36.547+0000] {processor.py:839} INFO - DAG(s) dict_keys(['example_bash_operator']) retrieved from /home/airflow/.local/lib/python3.8/site-packages/airflow/example_dags/example_bash_operator.py
[2023-11-16T08:42:36.565+0000] {logging_mixin.py:151} INFO - [2023-11-16T08:42:36.565+0000] {dag.py:2941} INFO - Sync 1 DAGs
[2023-11-16T08:42:36.582+0000] {logging_mixin.py:151} INFO - [2023-11-16T08:42:36.582+0000] {dag.py:3722} INFO - Setting next_dagrun for example_bash_operator to 2023-11-15T00:00:00+00:00, run_after=2023-11-16T00:00:00+00:00
[2023-11-16T08:42:36.594+0000] {processor.py:179} INFO - Processing /home/airflow/.local/lib/python3.8/site-packages/airflow/example_dags/example_bash_operator.py took 0.059 seconds
[2023-11-16T08:43:07.904+0000] {processor.py:157} INFO - Started process (PID=1594) to work on /home/airflow/.local/lib/python3.8/site-packages/airflow/example_dags/example_bash_operator.py
[2023-11-16T08:43:07.905+0000] {processor.py:829} INFO - Processing file /home/airflow/.local/lib/python3.8/site-packages/airflow/example_dags/example_bash_operator.py for tasks to queue
[2023-11-16T08:43:07.907+0000] {logging_mixin.py:151} INFO - [2023-11-16T08:43:07.907+0000] {dagbag.py:536} INFO - Filling up the DagBag from /home/airflow/.local/lib/python3.8/site-packages/airflow/example_dags/example_bash_operator.py
[2023-11-16T08:43:07.914+0000] {processor.py:839} INFO - DAG(s) dict_keys(['example_bash_operator']) retrieved from /home/airflow/.local/lib/python3.8/site-packages/airflow/example_dags/example_bash_operator.py
[2023-11-16T08:43:07.934+0000] {logging_mixin.py:151} INFO - [2023-11-16T08:43:07.933+0000] {dag.py:2941} INFO - Sync 1 DAGs
[2023-11-16T08:43:07.952+0000] {logging_mixin.py:151} INFO - [2023-11-16T08:43:07.952+0000] {dag.py:3722} INFO - Setting next_dagrun for example_bash_operator to 2023-11-15T00:00:00+00:00, run_after=2023-11-16T00:00:00+00:00
[2023-11-16T08:43:08.080+0000] {processor.py:179} INFO - Processing /home/airflow/.local/lib/python3.8/site-packages/airflow/example_dags/example_bash_operator.py took 0.178 seconds
[2023-11-16T08:43:38.818+0000] {processor.py:157} INFO - Started process (PID=1648) to work on /home/airflow/.local/lib/python3.8/site-packages/airflow/example_dags/example_bash_operator.py
[2023-11-16T08:43:38.819+0000] {processor.py:829} INFO - Processing file /home/airflow/.local/lib/python3.8/site-packages/airflow/example_dags/example_bash_operator.py for tasks to queue
[2023-11-16T08:43:38.821+0000] {logging_mixin.py:151} INFO - [2023-11-16T08:43:38.821+0000] {dagbag.py:536} INFO - Filling up the DagBag from /home/airflow/.local/lib/python3.8/site-packages/airflow/example_dags/example_bash_operator.py
[2023-11-16T08:43:38.828+0000] {processor.py:839} INFO - DAG(s) dict_keys(['example_bash_operator']) retrieved from /home/airflow/.local/lib/python3.8/site-packages/airflow/example_dags/example_bash_operator.py
[2023-11-16T08:43:38.846+0000] {logging_mixin.py:151} INFO - [2023-11-16T08:43:38.846+0000] {dag.py:2941} INFO - Sync 1 DAGs
[2023-11-16T08:43:38.861+0000] {logging_mixin.py:151} INFO - [2023-11-16T08:43:38.861+0000] {dag.py:3722} INFO - Setting next_dagrun for example_bash_operator to 2023-11-15T00:00:00+00:00, run_after=2023-11-16T00:00:00+00:00
[2023-11-16T08:43:38.873+0000] {processor.py:179} INFO - Processing /home/airflow/.local/lib/python3.8/site-packages/airflow/example_dags/example_bash_operator.py took 0.057 seconds
[2023-11-16T08:44:09.260+0000] {processor.py:157} INFO - Started process (PID=1702) to work on /home/airflow/.local/lib/python3.8/site-packages/airflow/example_dags/example_bash_operator.py
[2023-11-16T08:44:09.261+0000] {processor.py:829} INFO - Processing file /home/airflow/.local/lib/python3.8/site-packages/airflow/example_dags/example_bash_operator.py for tasks to queue
[2023-11-16T08:44:09.263+0000] {logging_mixin.py:151} INFO - [2023-11-16T08:44:09.263+0000] {dagbag.py:536} INFO - Filling up the DagBag from /home/airflow/.local/lib/python3.8/site-packages/airflow/example_dags/example_bash_operator.py
[2023-11-16T08:44:09.271+0000] {processor.py:839} INFO - DAG(s) dict_keys(['example_bash_operator']) retrieved from /home/airflow/.local/lib/python3.8/site-packages/airflow/example_dags/example_bash_operator.py
[2023-11-16T08:44:09.289+0000] {logging_mixin.py:151} INFO - [2023-11-16T08:44:09.289+0000] {dag.py:2941} INFO - Sync 1 DAGs
[2023-11-16T08:44:09.304+0000] {logging_mixin.py:151} INFO - [2023-11-16T08:44:09.304+0000] {dag.py:3722} INFO - Setting next_dagrun for example_bash_operator to 2023-11-15T00:00:00+00:00, run_after=2023-11-16T00:00:00+00:00
[2023-11-16T08:44:09.316+0000] {processor.py:179} INFO - Processing /home/airflow/.local/lib/python3.8/site-packages/airflow/example_dags/example_bash_operator.py took 0.058 seconds
[2023-11-16T08:44:39.811+0000] {processor.py:157} INFO - Started process (PID=1756) to work on /home/airflow/.local/lib/python3.8/site-packages/airflow/example_dags/example_bash_operator.py
[2023-11-16T08:44:39.812+0000] {processor.py:829} INFO - Processing file /home/airflow/.local/lib/python3.8/site-packages/airflow/example_dags/example_bash_operator.py for tasks to queue
[2023-11-16T08:44:39.814+0000] {logging_mixin.py:151} INFO - [2023-11-16T08:44:39.814+0000] {dagbag.py:536} INFO - Filling up the DagBag from /home/airflow/.local/lib/python3.8/site-packages/airflow/example_dags/example_bash_operator.py
[2023-11-16T08:44:39.821+0000] {processor.py:839} INFO - DAG(s) dict_keys(['example_bash_operator']) retrieved from /home/airflow/.local/lib/python3.8/site-packages/airflow/example_dags/example_bash_operator.py
[2023-11-16T08:44:39.841+0000] {logging_mixin.py:151} INFO - [2023-11-16T08:44:39.840+0000] {dag.py:2941} INFO - Sync 1 DAGs
[2023-11-16T08:44:39.856+0000] {logging_mixin.py:151} INFO - [2023-11-16T08:44:39.856+0000] {dag.py:3722} INFO - Setting next_dagrun for example_bash_operator to 2023-11-15T00:00:00+00:00, run_after=2023-11-16T00:00:00+00:00
[2023-11-16T08:44:39.868+0000] {processor.py:179} INFO - Processing /home/airflow/.local/lib/python3.8/site-packages/airflow/example_dags/example_bash_operator.py took 0.059 seconds
[2023-11-16T08:45:10.143+0000] {processor.py:157} INFO - Started process (PID=1810) to work on /home/airflow/.local/lib/python3.8/site-packages/airflow/example_dags/example_bash_operator.py
[2023-11-16T08:45:10.144+0000] {processor.py:829} INFO - Processing file /home/airflow/.local/lib/python3.8/site-packages/airflow/example_dags/example_bash_operator.py for tasks to queue
[2023-11-16T08:45:10.146+0000] {logging_mixin.py:151} INFO - [2023-11-16T08:45:10.146+0000] {dagbag.py:536} INFO - Filling up the DagBag from /home/airflow/.local/lib/python3.8/site-packages/airflow/example_dags/example_bash_operator.py
[2023-11-16T08:45:10.153+0000] {processor.py:839} INFO - DAG(s) dict_keys(['example_bash_operator']) retrieved from /home/airflow/.local/lib/python3.8/site-packages/airflow/example_dags/example_bash_operator.py
[2023-11-16T08:45:10.172+0000] {logging_mixin.py:151} INFO - [2023-11-16T08:45:10.172+0000] {dag.py:2941} INFO - Sync 1 DAGs
[2023-11-16T08:45:10.189+0000] {logging_mixin.py:151} INFO - [2023-11-16T08:45:10.189+0000] {dag.py:3722} INFO - Setting next_dagrun for example_bash_operator to 2023-11-15T00:00:00+00:00, run_after=2023-11-16T00:00:00+00:00
[2023-11-16T08:45:10.328+0000] {processor.py:179} INFO - Processing /home/airflow/.local/lib/python3.8/site-packages/airflow/example_dags/example_bash_operator.py took 0.187 seconds
[2023-11-16T08:45:40.427+0000] {processor.py:157} INFO - Started process (PID=1864) to work on /home/airflow/.local/lib/python3.8/site-packages/airflow/example_dags/example_bash_operator.py
[2023-11-16T08:45:40.428+0000] {processor.py:829} INFO - Processing file /home/airflow/.local/lib/python3.8/site-packages/airflow/example_dags/example_bash_operator.py for tasks to queue
[2023-11-16T08:45:40.430+0000] {logging_mixin.py:151} INFO - [2023-11-16T08:45:40.430+0000] {dagbag.py:536} INFO - Filling up the DagBag from /home/airflow/.local/lib/python3.8/site-packages/airflow/example_dags/example_bash_operator.py
[2023-11-16T08:45:40.438+0000] {processor.py:839} INFO - DAG(s) dict_keys(['example_bash_operator']) retrieved from /home/airflow/.local/lib/python3.8/site-packages/airflow/example_dags/example_bash_operator.py
[2023-11-16T08:45:40.459+0000] {logging_mixin.py:151} INFO - [2023-11-16T08:45:40.458+0000] {dag.py:2941} INFO - Sync 1 DAGs
[2023-11-16T08:45:40.479+0000] {logging_mixin.py:151} INFO - [2023-11-16T08:45:40.478+0000] {dag.py:3722} INFO - Setting next_dagrun for example_bash_operator to 2023-11-15T00:00:00+00:00, run_after=2023-11-16T00:00:00+00:00
[2023-11-16T08:45:40.495+0000] {processor.py:179} INFO - Processing /home/airflow/.local/lib/python3.8/site-packages/airflow/example_dags/example_bash_operator.py took 0.071 seconds
[2023-11-16T08:46:10.783+0000] {processor.py:157} INFO - Started process (PID=1918) to work on /home/airflow/.local/lib/python3.8/site-packages/airflow/example_dags/example_bash_operator.py
[2023-11-16T08:46:10.784+0000] {processor.py:829} INFO - Processing file /home/airflow/.local/lib/python3.8/site-packages/airflow/example_dags/example_bash_operator.py for tasks to queue
[2023-11-16T08:46:10.786+0000] {logging_mixin.py:151} INFO - [2023-11-16T08:46:10.786+0000] {dagbag.py:536} INFO - Filling up the DagBag from /home/airflow/.local/lib/python3.8/site-packages/airflow/example_dags/example_bash_operator.py
[2023-11-16T08:46:10.793+0000] {processor.py:839} INFO - DAG(s) dict_keys(['example_bash_operator']) retrieved from /home/airflow/.local/lib/python3.8/site-packages/airflow/example_dags/example_bash_operator.py
[2023-11-16T08:46:10.812+0000] {logging_mixin.py:151} INFO - [2023-11-16T08:46:10.812+0000] {dag.py:2941} INFO - Sync 1 DAGs
[2023-11-16T08:46:10.830+0000] {logging_mixin.py:151} INFO - [2023-11-16T08:46:10.830+0000] {dag.py:3722} INFO - Setting next_dagrun for example_bash_operator to 2023-11-15T00:00:00+00:00, run_after=2023-11-16T00:00:00+00:00
[2023-11-16T08:46:10.843+0000] {processor.py:179} INFO - Processing /home/airflow/.local/lib/python3.8/site-packages/airflow/example_dags/example_bash_operator.py took 0.062 seconds
