[2023-11-16T08:28:49.842+0000] {processor.py:157} INFO - Started process (PID=59) to work on /home/airflow/.local/lib/python3.8/site-packages/airflow/example_dags/example_local_kubernetes_executor.py
[2023-11-16T08:28:49.845+0000] {processor.py:829} INFO - Processing file /home/airflow/.local/lib/python3.8/site-packages/airflow/example_dags/example_local_kubernetes_executor.py for tasks to queue
[2023-11-16T08:28:49.850+0000] {logging_mixin.py:151} INFO - [2023-11-16T08:28:49.849+0000] {dagbag.py:536} INFO - Filling up the DagBag from /home/airflow/.local/lib/python3.8/site-packages/airflow/example_dags/example_local_kubernetes_executor.py
[2023-11-16T08:28:49.948+0000] {processor.py:839} INFO - DAG(s) dict_keys(['example_local_kubernetes_executor']) retrieved from /home/airflow/.local/lib/python3.8/site-packages/airflow/example_dags/example_local_kubernetes_executor.py
[2023-11-16T08:28:50.110+0000] {logging_mixin.py:151} INFO - [2023-11-16T08:28:50.109+0000] {dag.py:2941} INFO - Sync 1 DAGs
[2023-11-16T08:28:50.142+0000] {logging_mixin.py:151} INFO - [2023-11-16T08:28:50.141+0000] {dag.py:3722} INFO - Setting next_dagrun for example_local_kubernetes_executor to None, run_after=None
[2023-11-16T08:28:50.393+0000] {processor.py:179} INFO - Processing /home/airflow/.local/lib/python3.8/site-packages/airflow/example_dags/example_local_kubernetes_executor.py took 0.557 seconds
[2023-11-16T08:29:20.928+0000] {processor.py:157} INFO - Started process (PID=113) to work on /home/airflow/.local/lib/python3.8/site-packages/airflow/example_dags/example_local_kubernetes_executor.py
[2023-11-16T08:29:20.930+0000] {processor.py:829} INFO - Processing file /home/airflow/.local/lib/python3.8/site-packages/airflow/example_dags/example_local_kubernetes_executor.py for tasks to queue
[2023-11-16T08:29:20.931+0000] {logging_mixin.py:151} INFO - [2023-11-16T08:29:20.931+0000] {dagbag.py:536} INFO - Filling up the DagBag from /home/airflow/.local/lib/python3.8/site-packages/airflow/example_dags/example_local_kubernetes_executor.py
[2023-11-16T08:29:20.936+0000] {processor.py:839} INFO - DAG(s) dict_keys(['example_local_kubernetes_executor']) retrieved from /home/airflow/.local/lib/python3.8/site-packages/airflow/example_dags/example_local_kubernetes_executor.py
[2023-11-16T08:29:20.959+0000] {logging_mixin.py:151} INFO - [2023-11-16T08:29:20.958+0000] {dag.py:2941} INFO - Sync 1 DAGs
[2023-11-16T08:29:20.971+0000] {logging_mixin.py:151} INFO - [2023-11-16T08:29:20.971+0000] {dag.py:3722} INFO - Setting next_dagrun for example_local_kubernetes_executor to None, run_after=None
[2023-11-16T08:29:20.984+0000] {processor.py:179} INFO - Processing /home/airflow/.local/lib/python3.8/site-packages/airflow/example_dags/example_local_kubernetes_executor.py took 0.058 seconds
[2023-11-16T08:29:51.793+0000] {processor.py:157} INFO - Started process (PID=167) to work on /home/airflow/.local/lib/python3.8/site-packages/airflow/example_dags/example_local_kubernetes_executor.py
[2023-11-16T08:29:51.795+0000] {processor.py:829} INFO - Processing file /home/airflow/.local/lib/python3.8/site-packages/airflow/example_dags/example_local_kubernetes_executor.py for tasks to queue
[2023-11-16T08:29:51.798+0000] {logging_mixin.py:151} INFO - [2023-11-16T08:29:51.797+0000] {dagbag.py:536} INFO - Filling up the DagBag from /home/airflow/.local/lib/python3.8/site-packages/airflow/example_dags/example_local_kubernetes_executor.py
[2023-11-16T08:29:51.805+0000] {processor.py:839} INFO - DAG(s) dict_keys(['example_local_kubernetes_executor']) retrieved from /home/airflow/.local/lib/python3.8/site-packages/airflow/example_dags/example_local_kubernetes_executor.py
[2023-11-16T08:29:51.839+0000] {logging_mixin.py:151} INFO - [2023-11-16T08:29:51.839+0000] {dag.py:2941} INFO - Sync 1 DAGs
[2023-11-16T08:29:51.851+0000] {logging_mixin.py:151} INFO - [2023-11-16T08:29:51.851+0000] {dag.py:3722} INFO - Setting next_dagrun for example_local_kubernetes_executor to None, run_after=None
[2023-11-16T08:29:51.866+0000] {processor.py:179} INFO - Processing /home/airflow/.local/lib/python3.8/site-packages/airflow/example_dags/example_local_kubernetes_executor.py took 0.077 seconds
[2023-11-16T08:30:21.899+0000] {processor.py:157} INFO - Started process (PID=221) to work on /home/airflow/.local/lib/python3.8/site-packages/airflow/example_dags/example_local_kubernetes_executor.py
[2023-11-16T08:30:21.900+0000] {processor.py:829} INFO - Processing file /home/airflow/.local/lib/python3.8/site-packages/airflow/example_dags/example_local_kubernetes_executor.py for tasks to queue
[2023-11-16T08:30:21.901+0000] {logging_mixin.py:151} INFO - [2023-11-16T08:30:21.901+0000] {dagbag.py:536} INFO - Filling up the DagBag from /home/airflow/.local/lib/python3.8/site-packages/airflow/example_dags/example_local_kubernetes_executor.py
[2023-11-16T08:30:21.906+0000] {processor.py:839} INFO - DAG(s) dict_keys(['example_local_kubernetes_executor']) retrieved from /home/airflow/.local/lib/python3.8/site-packages/airflow/example_dags/example_local_kubernetes_executor.py
[2023-11-16T08:30:21.930+0000] {logging_mixin.py:151} INFO - [2023-11-16T08:30:21.930+0000] {dag.py:2941} INFO - Sync 1 DAGs
[2023-11-16T08:30:21.939+0000] {logging_mixin.py:151} INFO - [2023-11-16T08:30:21.939+0000] {dag.py:3722} INFO - Setting next_dagrun for example_local_kubernetes_executor to None, run_after=None
[2023-11-16T08:30:21.950+0000] {processor.py:179} INFO - Processing /home/airflow/.local/lib/python3.8/site-packages/airflow/example_dags/example_local_kubernetes_executor.py took 0.054 seconds
[2023-11-16T08:30:52.936+0000] {processor.py:157} INFO - Started process (PID=275) to work on /home/airflow/.local/lib/python3.8/site-packages/airflow/example_dags/example_local_kubernetes_executor.py
[2023-11-16T08:30:52.937+0000] {processor.py:829} INFO - Processing file /home/airflow/.local/lib/python3.8/site-packages/airflow/example_dags/example_local_kubernetes_executor.py for tasks to queue
[2023-11-16T08:30:52.939+0000] {logging_mixin.py:151} INFO - [2023-11-16T08:30:52.938+0000] {dagbag.py:536} INFO - Filling up the DagBag from /home/airflow/.local/lib/python3.8/site-packages/airflow/example_dags/example_local_kubernetes_executor.py
[2023-11-16T08:30:52.943+0000] {processor.py:839} INFO - DAG(s) dict_keys(['example_local_kubernetes_executor']) retrieved from /home/airflow/.local/lib/python3.8/site-packages/airflow/example_dags/example_local_kubernetes_executor.py
[2023-11-16T08:30:52.965+0000] {logging_mixin.py:151} INFO - [2023-11-16T08:30:52.965+0000] {dag.py:2941} INFO - Sync 1 DAGs
[2023-11-16T08:30:52.974+0000] {logging_mixin.py:151} INFO - [2023-11-16T08:30:52.973+0000] {dag.py:3722} INFO - Setting next_dagrun for example_local_kubernetes_executor to None, run_after=None
[2023-11-16T08:30:52.999+0000] {processor.py:179} INFO - Processing /home/airflow/.local/lib/python3.8/site-packages/airflow/example_dags/example_local_kubernetes_executor.py took 0.065 seconds
[2023-11-16T08:31:23.276+0000] {processor.py:157} INFO - Started process (PID=329) to work on /home/airflow/.local/lib/python3.8/site-packages/airflow/example_dags/example_local_kubernetes_executor.py
[2023-11-16T08:31:23.277+0000] {processor.py:829} INFO - Processing file /home/airflow/.local/lib/python3.8/site-packages/airflow/example_dags/example_local_kubernetes_executor.py for tasks to queue
[2023-11-16T08:31:23.279+0000] {logging_mixin.py:151} INFO - [2023-11-16T08:31:23.279+0000] {dagbag.py:536} INFO - Filling up the DagBag from /home/airflow/.local/lib/python3.8/site-packages/airflow/example_dags/example_local_kubernetes_executor.py
[2023-11-16T08:31:23.283+0000] {processor.py:839} INFO - DAG(s) dict_keys(['example_local_kubernetes_executor']) retrieved from /home/airflow/.local/lib/python3.8/site-packages/airflow/example_dags/example_local_kubernetes_executor.py
[2023-11-16T08:31:23.305+0000] {logging_mixin.py:151} INFO - [2023-11-16T08:31:23.305+0000] {dag.py:2941} INFO - Sync 1 DAGs
[2023-11-16T08:31:23.314+0000] {logging_mixin.py:151} INFO - [2023-11-16T08:31:23.314+0000] {dag.py:3722} INFO - Setting next_dagrun for example_local_kubernetes_executor to None, run_after=None
[2023-11-16T08:31:23.327+0000] {processor.py:179} INFO - Processing /home/airflow/.local/lib/python3.8/site-packages/airflow/example_dags/example_local_kubernetes_executor.py took 0.053 seconds
[2023-11-16T08:31:53.530+0000] {processor.py:157} INFO - Started process (PID=383) to work on /home/airflow/.local/lib/python3.8/site-packages/airflow/example_dags/example_local_kubernetes_executor.py
[2023-11-16T08:31:53.531+0000] {processor.py:829} INFO - Processing file /home/airflow/.local/lib/python3.8/site-packages/airflow/example_dags/example_local_kubernetes_executor.py for tasks to queue
[2023-11-16T08:31:53.533+0000] {logging_mixin.py:151} INFO - [2023-11-16T08:31:53.533+0000] {dagbag.py:536} INFO - Filling up the DagBag from /home/airflow/.local/lib/python3.8/site-packages/airflow/example_dags/example_local_kubernetes_executor.py
[2023-11-16T08:31:53.537+0000] {processor.py:839} INFO - DAG(s) dict_keys(['example_local_kubernetes_executor']) retrieved from /home/airflow/.local/lib/python3.8/site-packages/airflow/example_dags/example_local_kubernetes_executor.py
[2023-11-16T08:31:53.562+0000] {logging_mixin.py:151} INFO - [2023-11-16T08:31:53.562+0000] {dag.py:2941} INFO - Sync 1 DAGs
[2023-11-16T08:31:53.572+0000] {logging_mixin.py:151} INFO - [2023-11-16T08:31:53.572+0000] {dag.py:3722} INFO - Setting next_dagrun for example_local_kubernetes_executor to None, run_after=None
[2023-11-16T08:31:53.584+0000] {processor.py:179} INFO - Processing /home/airflow/.local/lib/python3.8/site-packages/airflow/example_dags/example_local_kubernetes_executor.py took 0.056 seconds
[2023-11-16T08:32:23.667+0000] {processor.py:157} INFO - Started process (PID=437) to work on /home/airflow/.local/lib/python3.8/site-packages/airflow/example_dags/example_local_kubernetes_executor.py
[2023-11-16T08:32:23.668+0000] {processor.py:829} INFO - Processing file /home/airflow/.local/lib/python3.8/site-packages/airflow/example_dags/example_local_kubernetes_executor.py for tasks to queue
[2023-11-16T08:32:23.670+0000] {logging_mixin.py:151} INFO - [2023-11-16T08:32:23.670+0000] {dagbag.py:536} INFO - Filling up the DagBag from /home/airflow/.local/lib/python3.8/site-packages/airflow/example_dags/example_local_kubernetes_executor.py
[2023-11-16T08:32:23.674+0000] {processor.py:839} INFO - DAG(s) dict_keys(['example_local_kubernetes_executor']) retrieved from /home/airflow/.local/lib/python3.8/site-packages/airflow/example_dags/example_local_kubernetes_executor.py
[2023-11-16T08:32:23.695+0000] {logging_mixin.py:151} INFO - [2023-11-16T08:32:23.695+0000] {dag.py:2941} INFO - Sync 1 DAGs
[2023-11-16T08:32:23.704+0000] {logging_mixin.py:151} INFO - [2023-11-16T08:32:23.704+0000] {dag.py:3722} INFO - Setting next_dagrun for example_local_kubernetes_executor to None, run_after=None
[2023-11-16T08:32:23.715+0000] {processor.py:179} INFO - Processing /home/airflow/.local/lib/python3.8/site-packages/airflow/example_dags/example_local_kubernetes_executor.py took 0.050 seconds
[2023-11-16T08:32:53.926+0000] {processor.py:157} INFO - Started process (PID=491) to work on /home/airflow/.local/lib/python3.8/site-packages/airflow/example_dags/example_local_kubernetes_executor.py
[2023-11-16T08:32:53.969+0000] {processor.py:829} INFO - Processing file /home/airflow/.local/lib/python3.8/site-packages/airflow/example_dags/example_local_kubernetes_executor.py for tasks to queue
[2023-11-16T08:32:53.972+0000] {logging_mixin.py:151} INFO - [2023-11-16T08:32:53.972+0000] {dagbag.py:536} INFO - Filling up the DagBag from /home/airflow/.local/lib/python3.8/site-packages/airflow/example_dags/example_local_kubernetes_executor.py
[2023-11-16T08:32:53.977+0000] {processor.py:839} INFO - DAG(s) dict_keys(['example_local_kubernetes_executor']) retrieved from /home/airflow/.local/lib/python3.8/site-packages/airflow/example_dags/example_local_kubernetes_executor.py
[2023-11-16T08:32:54.000+0000] {logging_mixin.py:151} INFO - [2023-11-16T08:32:54.000+0000] {dag.py:2941} INFO - Sync 1 DAGs
[2023-11-16T08:32:54.008+0000] {logging_mixin.py:151} INFO - [2023-11-16T08:32:54.008+0000] {dag.py:3722} INFO - Setting next_dagrun for example_local_kubernetes_executor to None, run_after=None
[2023-11-16T08:32:54.020+0000] {processor.py:179} INFO - Processing /home/airflow/.local/lib/python3.8/site-packages/airflow/example_dags/example_local_kubernetes_executor.py took 0.096 seconds
[2023-11-16T08:33:24.271+0000] {processor.py:157} INFO - Started process (PID=545) to work on /home/airflow/.local/lib/python3.8/site-packages/airflow/example_dags/example_local_kubernetes_executor.py
[2023-11-16T08:33:24.354+0000] {processor.py:829} INFO - Processing file /home/airflow/.local/lib/python3.8/site-packages/airflow/example_dags/example_local_kubernetes_executor.py for tasks to queue
[2023-11-16T08:33:24.357+0000] {logging_mixin.py:151} INFO - [2023-11-16T08:33:24.356+0000] {dagbag.py:536} INFO - Filling up the DagBag from /home/airflow/.local/lib/python3.8/site-packages/airflow/example_dags/example_local_kubernetes_executor.py
[2023-11-16T08:33:24.362+0000] {processor.py:839} INFO - DAG(s) dict_keys(['example_local_kubernetes_executor']) retrieved from /home/airflow/.local/lib/python3.8/site-packages/airflow/example_dags/example_local_kubernetes_executor.py
[2023-11-16T08:33:24.384+0000] {logging_mixin.py:151} INFO - [2023-11-16T08:33:24.384+0000] {dag.py:2941} INFO - Sync 1 DAGs
[2023-11-16T08:33:24.393+0000] {logging_mixin.py:151} INFO - [2023-11-16T08:33:24.393+0000] {dag.py:3722} INFO - Setting next_dagrun for example_local_kubernetes_executor to None, run_after=None
[2023-11-16T08:33:24.404+0000] {processor.py:179} INFO - Processing /home/airflow/.local/lib/python3.8/site-packages/airflow/example_dags/example_local_kubernetes_executor.py took 0.135 seconds
[2023-11-16T08:33:54.515+0000] {processor.py:157} INFO - Started process (PID=599) to work on /home/airflow/.local/lib/python3.8/site-packages/airflow/example_dags/example_local_kubernetes_executor.py
[2023-11-16T08:33:54.516+0000] {processor.py:829} INFO - Processing file /home/airflow/.local/lib/python3.8/site-packages/airflow/example_dags/example_local_kubernetes_executor.py for tasks to queue
[2023-11-16T08:33:54.519+0000] {logging_mixin.py:151} INFO - [2023-11-16T08:33:54.519+0000] {dagbag.py:536} INFO - Filling up the DagBag from /home/airflow/.local/lib/python3.8/site-packages/airflow/example_dags/example_local_kubernetes_executor.py
[2023-11-16T08:33:54.523+0000] {processor.py:839} INFO - DAG(s) dict_keys(['example_local_kubernetes_executor']) retrieved from /home/airflow/.local/lib/python3.8/site-packages/airflow/example_dags/example_local_kubernetes_executor.py
[2023-11-16T08:33:54.546+0000] {logging_mixin.py:151} INFO - [2023-11-16T08:33:54.546+0000] {dag.py:2941} INFO - Sync 1 DAGs
[2023-11-16T08:33:54.556+0000] {logging_mixin.py:151} INFO - [2023-11-16T08:33:54.556+0000] {dag.py:3722} INFO - Setting next_dagrun for example_local_kubernetes_executor to None, run_after=None
[2023-11-16T08:33:54.567+0000] {processor.py:179} INFO - Processing /home/airflow/.local/lib/python3.8/site-packages/airflow/example_dags/example_local_kubernetes_executor.py took 0.054 seconds
[2023-11-16T08:34:24.923+0000] {processor.py:157} INFO - Started process (PID=653) to work on /home/airflow/.local/lib/python3.8/site-packages/airflow/example_dags/example_local_kubernetes_executor.py
[2023-11-16T08:34:24.924+0000] {processor.py:829} INFO - Processing file /home/airflow/.local/lib/python3.8/site-packages/airflow/example_dags/example_local_kubernetes_executor.py for tasks to queue
[2023-11-16T08:34:24.926+0000] {logging_mixin.py:151} INFO - [2023-11-16T08:34:24.926+0000] {dagbag.py:536} INFO - Filling up the DagBag from /home/airflow/.local/lib/python3.8/site-packages/airflow/example_dags/example_local_kubernetes_executor.py
[2023-11-16T08:34:24.931+0000] {processor.py:839} INFO - DAG(s) dict_keys(['example_local_kubernetes_executor']) retrieved from /home/airflow/.local/lib/python3.8/site-packages/airflow/example_dags/example_local_kubernetes_executor.py
[2023-11-16T08:34:24.955+0000] {logging_mixin.py:151} INFO - [2023-11-16T08:34:24.955+0000] {dag.py:2941} INFO - Sync 1 DAGs
[2023-11-16T08:34:24.965+0000] {logging_mixin.py:151} INFO - [2023-11-16T08:34:24.965+0000] {dag.py:3722} INFO - Setting next_dagrun for example_local_kubernetes_executor to None, run_after=None
[2023-11-16T08:34:24.978+0000] {processor.py:179} INFO - Processing /home/airflow/.local/lib/python3.8/site-packages/airflow/example_dags/example_local_kubernetes_executor.py took 0.058 seconds
[2023-11-16T08:34:55.121+0000] {processor.py:157} INFO - Started process (PID=707) to work on /home/airflow/.local/lib/python3.8/site-packages/airflow/example_dags/example_local_kubernetes_executor.py
[2023-11-16T08:34:55.122+0000] {processor.py:829} INFO - Processing file /home/airflow/.local/lib/python3.8/site-packages/airflow/example_dags/example_local_kubernetes_executor.py for tasks to queue
[2023-11-16T08:34:55.124+0000] {logging_mixin.py:151} INFO - [2023-11-16T08:34:55.124+0000] {dagbag.py:536} INFO - Filling up the DagBag from /home/airflow/.local/lib/python3.8/site-packages/airflow/example_dags/example_local_kubernetes_executor.py
[2023-11-16T08:34:55.128+0000] {processor.py:839} INFO - DAG(s) dict_keys(['example_local_kubernetes_executor']) retrieved from /home/airflow/.local/lib/python3.8/site-packages/airflow/example_dags/example_local_kubernetes_executor.py
[2023-11-16T08:34:55.150+0000] {logging_mixin.py:151} INFO - [2023-11-16T08:34:55.150+0000] {dag.py:2941} INFO - Sync 1 DAGs
[2023-11-16T08:34:55.159+0000] {logging_mixin.py:151} INFO - [2023-11-16T08:34:55.159+0000] {dag.py:3722} INFO - Setting next_dagrun for example_local_kubernetes_executor to None, run_after=None
[2023-11-16T08:34:55.171+0000] {processor.py:179} INFO - Processing /home/airflow/.local/lib/python3.8/site-packages/airflow/example_dags/example_local_kubernetes_executor.py took 0.051 seconds
[2023-11-16T08:35:26.090+0000] {processor.py:157} INFO - Started process (PID=761) to work on /home/airflow/.local/lib/python3.8/site-packages/airflow/example_dags/example_local_kubernetes_executor.py
[2023-11-16T08:35:26.091+0000] {processor.py:829} INFO - Processing file /home/airflow/.local/lib/python3.8/site-packages/airflow/example_dags/example_local_kubernetes_executor.py for tasks to queue
[2023-11-16T08:35:26.093+0000] {logging_mixin.py:151} INFO - [2023-11-16T08:35:26.093+0000] {dagbag.py:536} INFO - Filling up the DagBag from /home/airflow/.local/lib/python3.8/site-packages/airflow/example_dags/example_local_kubernetes_executor.py
[2023-11-16T08:35:26.098+0000] {processor.py:839} INFO - DAG(s) dict_keys(['example_local_kubernetes_executor']) retrieved from /home/airflow/.local/lib/python3.8/site-packages/airflow/example_dags/example_local_kubernetes_executor.py
[2023-11-16T08:35:26.128+0000] {logging_mixin.py:151} INFO - [2023-11-16T08:35:26.127+0000] {dag.py:2941} INFO - Sync 1 DAGs
[2023-11-16T08:35:26.137+0000] {logging_mixin.py:151} INFO - [2023-11-16T08:35:26.137+0000] {dag.py:3722} INFO - Setting next_dagrun for example_local_kubernetes_executor to None, run_after=None
[2023-11-16T08:35:26.152+0000] {processor.py:179} INFO - Processing /home/airflow/.local/lib/python3.8/site-packages/airflow/example_dags/example_local_kubernetes_executor.py took 0.064 seconds
[2023-11-16T08:35:56.220+0000] {processor.py:157} INFO - Started process (PID=815) to work on /home/airflow/.local/lib/python3.8/site-packages/airflow/example_dags/example_local_kubernetes_executor.py
[2023-11-16T08:35:56.230+0000] {processor.py:829} INFO - Processing file /home/airflow/.local/lib/python3.8/site-packages/airflow/example_dags/example_local_kubernetes_executor.py for tasks to queue
[2023-11-16T08:35:56.232+0000] {logging_mixin.py:151} INFO - [2023-11-16T08:35:56.232+0000] {dagbag.py:536} INFO - Filling up the DagBag from /home/airflow/.local/lib/python3.8/site-packages/airflow/example_dags/example_local_kubernetes_executor.py
[2023-11-16T08:35:56.237+0000] {processor.py:839} INFO - DAG(s) dict_keys(['example_local_kubernetes_executor']) retrieved from /home/airflow/.local/lib/python3.8/site-packages/airflow/example_dags/example_local_kubernetes_executor.py
[2023-11-16T08:35:56.259+0000] {logging_mixin.py:151} INFO - [2023-11-16T08:35:56.259+0000] {dag.py:2941} INFO - Sync 1 DAGs
[2023-11-16T08:35:56.268+0000] {logging_mixin.py:151} INFO - [2023-11-16T08:35:56.268+0000] {dag.py:3722} INFO - Setting next_dagrun for example_local_kubernetes_executor to None, run_after=None
[2023-11-16T08:35:56.280+0000] {processor.py:179} INFO - Processing /home/airflow/.local/lib/python3.8/site-packages/airflow/example_dags/example_local_kubernetes_executor.py took 0.062 seconds
[2023-11-16T08:36:26.401+0000] {processor.py:157} INFO - Started process (PID=869) to work on /home/airflow/.local/lib/python3.8/site-packages/airflow/example_dags/example_local_kubernetes_executor.py
[2023-11-16T08:36:26.402+0000] {processor.py:829} INFO - Processing file /home/airflow/.local/lib/python3.8/site-packages/airflow/example_dags/example_local_kubernetes_executor.py for tasks to queue
[2023-11-16T08:36:26.404+0000] {logging_mixin.py:151} INFO - [2023-11-16T08:36:26.404+0000] {dagbag.py:536} INFO - Filling up the DagBag from /home/airflow/.local/lib/python3.8/site-packages/airflow/example_dags/example_local_kubernetes_executor.py
[2023-11-16T08:36:26.408+0000] {processor.py:839} INFO - DAG(s) dict_keys(['example_local_kubernetes_executor']) retrieved from /home/airflow/.local/lib/python3.8/site-packages/airflow/example_dags/example_local_kubernetes_executor.py
[2023-11-16T08:36:26.430+0000] {logging_mixin.py:151} INFO - [2023-11-16T08:36:26.430+0000] {dag.py:2941} INFO - Sync 1 DAGs
[2023-11-16T08:36:26.439+0000] {logging_mixin.py:151} INFO - [2023-11-16T08:36:26.439+0000] {dag.py:3722} INFO - Setting next_dagrun for example_local_kubernetes_executor to None, run_after=None
[2023-11-16T08:36:26.450+0000] {processor.py:179} INFO - Processing /home/airflow/.local/lib/python3.8/site-packages/airflow/example_dags/example_local_kubernetes_executor.py took 0.051 seconds
[2023-11-16T08:36:56.588+0000] {processor.py:157} INFO - Started process (PID=923) to work on /home/airflow/.local/lib/python3.8/site-packages/airflow/example_dags/example_local_kubernetes_executor.py
[2023-11-16T08:36:56.600+0000] {processor.py:829} INFO - Processing file /home/airflow/.local/lib/python3.8/site-packages/airflow/example_dags/example_local_kubernetes_executor.py for tasks to queue
[2023-11-16T08:36:56.602+0000] {logging_mixin.py:151} INFO - [2023-11-16T08:36:56.602+0000] {dagbag.py:536} INFO - Filling up the DagBag from /home/airflow/.local/lib/python3.8/site-packages/airflow/example_dags/example_local_kubernetes_executor.py
[2023-11-16T08:36:56.606+0000] {processor.py:839} INFO - DAG(s) dict_keys(['example_local_kubernetes_executor']) retrieved from /home/airflow/.local/lib/python3.8/site-packages/airflow/example_dags/example_local_kubernetes_executor.py
[2023-11-16T08:36:56.629+0000] {logging_mixin.py:151} INFO - [2023-11-16T08:36:56.629+0000] {dag.py:2941} INFO - Sync 1 DAGs
[2023-11-16T08:36:56.639+0000] {logging_mixin.py:151} INFO - [2023-11-16T08:36:56.638+0000] {dag.py:3722} INFO - Setting next_dagrun for example_local_kubernetes_executor to None, run_after=None
[2023-11-16T08:36:56.652+0000] {processor.py:179} INFO - Processing /home/airflow/.local/lib/python3.8/site-packages/airflow/example_dags/example_local_kubernetes_executor.py took 0.067 seconds
[2023-11-16T08:37:26.836+0000] {processor.py:157} INFO - Started process (PID=977) to work on /home/airflow/.local/lib/python3.8/site-packages/airflow/example_dags/example_local_kubernetes_executor.py
[2023-11-16T08:37:26.837+0000] {processor.py:829} INFO - Processing file /home/airflow/.local/lib/python3.8/site-packages/airflow/example_dags/example_local_kubernetes_executor.py for tasks to queue
[2023-11-16T08:37:26.839+0000] {logging_mixin.py:151} INFO - [2023-11-16T08:37:26.839+0000] {dagbag.py:536} INFO - Filling up the DagBag from /home/airflow/.local/lib/python3.8/site-packages/airflow/example_dags/example_local_kubernetes_executor.py
[2023-11-16T08:37:26.844+0000] {processor.py:839} INFO - DAG(s) dict_keys(['example_local_kubernetes_executor']) retrieved from /home/airflow/.local/lib/python3.8/site-packages/airflow/example_dags/example_local_kubernetes_executor.py
[2023-11-16T08:37:26.868+0000] {logging_mixin.py:151} INFO - [2023-11-16T08:37:26.867+0000] {dag.py:2941} INFO - Sync 1 DAGs
[2023-11-16T08:37:26.880+0000] {logging_mixin.py:151} INFO - [2023-11-16T08:37:26.879+0000] {dag.py:3722} INFO - Setting next_dagrun for example_local_kubernetes_executor to None, run_after=None
[2023-11-16T08:37:26.895+0000] {processor.py:179} INFO - Processing /home/airflow/.local/lib/python3.8/site-packages/airflow/example_dags/example_local_kubernetes_executor.py took 0.062 seconds
[2023-11-16T08:37:56.966+0000] {processor.py:157} INFO - Started process (PID=1031) to work on /home/airflow/.local/lib/python3.8/site-packages/airflow/example_dags/example_local_kubernetes_executor.py
[2023-11-16T08:37:56.967+0000] {processor.py:829} INFO - Processing file /home/airflow/.local/lib/python3.8/site-packages/airflow/example_dags/example_local_kubernetes_executor.py for tasks to queue
[2023-11-16T08:37:56.969+0000] {logging_mixin.py:151} INFO - [2023-11-16T08:37:56.969+0000] {dagbag.py:536} INFO - Filling up the DagBag from /home/airflow/.local/lib/python3.8/site-packages/airflow/example_dags/example_local_kubernetes_executor.py
[2023-11-16T08:37:56.974+0000] {processor.py:839} INFO - DAG(s) dict_keys(['example_local_kubernetes_executor']) retrieved from /home/airflow/.local/lib/python3.8/site-packages/airflow/example_dags/example_local_kubernetes_executor.py
[2023-11-16T08:37:56.997+0000] {logging_mixin.py:151} INFO - [2023-11-16T08:37:56.997+0000] {dag.py:2941} INFO - Sync 1 DAGs
[2023-11-16T08:37:57.007+0000] {logging_mixin.py:151} INFO - [2023-11-16T08:37:57.007+0000] {dag.py:3722} INFO - Setting next_dagrun for example_local_kubernetes_executor to None, run_after=None
[2023-11-16T08:37:57.020+0000] {processor.py:179} INFO - Processing /home/airflow/.local/lib/python3.8/site-packages/airflow/example_dags/example_local_kubernetes_executor.py took 0.056 seconds
[2023-11-16T08:38:27.237+0000] {processor.py:157} INFO - Started process (PID=1085) to work on /home/airflow/.local/lib/python3.8/site-packages/airflow/example_dags/example_local_kubernetes_executor.py
[2023-11-16T08:38:27.238+0000] {processor.py:829} INFO - Processing file /home/airflow/.local/lib/python3.8/site-packages/airflow/example_dags/example_local_kubernetes_executor.py for tasks to queue
[2023-11-16T08:38:27.240+0000] {logging_mixin.py:151} INFO - [2023-11-16T08:38:27.239+0000] {dagbag.py:536} INFO - Filling up the DagBag from /home/airflow/.local/lib/python3.8/site-packages/airflow/example_dags/example_local_kubernetes_executor.py
[2023-11-16T08:38:27.246+0000] {processor.py:839} INFO - DAG(s) dict_keys(['example_local_kubernetes_executor']) retrieved from /home/airflow/.local/lib/python3.8/site-packages/airflow/example_dags/example_local_kubernetes_executor.py
[2023-11-16T08:38:27.271+0000] {logging_mixin.py:151} INFO - [2023-11-16T08:38:27.271+0000] {dag.py:2941} INFO - Sync 1 DAGs
[2023-11-16T08:38:27.282+0000] {logging_mixin.py:151} INFO - [2023-11-16T08:38:27.282+0000] {dag.py:3722} INFO - Setting next_dagrun for example_local_kubernetes_executor to None, run_after=None
[2023-11-16T08:38:27.302+0000] {processor.py:179} INFO - Processing /home/airflow/.local/lib/python3.8/site-packages/airflow/example_dags/example_local_kubernetes_executor.py took 0.068 seconds
[2023-11-16T08:38:57.538+0000] {processor.py:157} INFO - Started process (PID=1139) to work on /home/airflow/.local/lib/python3.8/site-packages/airflow/example_dags/example_local_kubernetes_executor.py
[2023-11-16T08:38:57.539+0000] {processor.py:829} INFO - Processing file /home/airflow/.local/lib/python3.8/site-packages/airflow/example_dags/example_local_kubernetes_executor.py for tasks to queue
[2023-11-16T08:38:57.541+0000] {logging_mixin.py:151} INFO - [2023-11-16T08:38:57.541+0000] {dagbag.py:536} INFO - Filling up the DagBag from /home/airflow/.local/lib/python3.8/site-packages/airflow/example_dags/example_local_kubernetes_executor.py
[2023-11-16T08:38:57.545+0000] {processor.py:839} INFO - DAG(s) dict_keys(['example_local_kubernetes_executor']) retrieved from /home/airflow/.local/lib/python3.8/site-packages/airflow/example_dags/example_local_kubernetes_executor.py
[2023-11-16T08:38:57.567+0000] {logging_mixin.py:151} INFO - [2023-11-16T08:38:57.567+0000] {dag.py:2941} INFO - Sync 1 DAGs
[2023-11-16T08:38:57.576+0000] {logging_mixin.py:151} INFO - [2023-11-16T08:38:57.576+0000] {dag.py:3722} INFO - Setting next_dagrun for example_local_kubernetes_executor to None, run_after=None
[2023-11-16T08:38:57.590+0000] {processor.py:179} INFO - Processing /home/airflow/.local/lib/python3.8/site-packages/airflow/example_dags/example_local_kubernetes_executor.py took 0.054 seconds
[2023-11-16T08:39:27.704+0000] {processor.py:157} INFO - Started process (PID=1193) to work on /home/airflow/.local/lib/python3.8/site-packages/airflow/example_dags/example_local_kubernetes_executor.py
[2023-11-16T08:39:27.705+0000] {processor.py:829} INFO - Processing file /home/airflow/.local/lib/python3.8/site-packages/airflow/example_dags/example_local_kubernetes_executor.py for tasks to queue
[2023-11-16T08:39:27.706+0000] {logging_mixin.py:151} INFO - [2023-11-16T08:39:27.706+0000] {dagbag.py:536} INFO - Filling up the DagBag from /home/airflow/.local/lib/python3.8/site-packages/airflow/example_dags/example_local_kubernetes_executor.py
[2023-11-16T08:39:27.711+0000] {processor.py:839} INFO - DAG(s) dict_keys(['example_local_kubernetes_executor']) retrieved from /home/airflow/.local/lib/python3.8/site-packages/airflow/example_dags/example_local_kubernetes_executor.py
[2023-11-16T08:39:27.732+0000] {logging_mixin.py:151} INFO - [2023-11-16T08:39:27.732+0000] {dag.py:2941} INFO - Sync 1 DAGs
[2023-11-16T08:39:27.741+0000] {logging_mixin.py:151} INFO - [2023-11-16T08:39:27.741+0000] {dag.py:3722} INFO - Setting next_dagrun for example_local_kubernetes_executor to None, run_after=None
[2023-11-16T08:39:27.754+0000] {processor.py:179} INFO - Processing /home/airflow/.local/lib/python3.8/site-packages/airflow/example_dags/example_local_kubernetes_executor.py took 0.052 seconds
[2023-11-16T08:39:57.871+0000] {processor.py:157} INFO - Started process (PID=1247) to work on /home/airflow/.local/lib/python3.8/site-packages/airflow/example_dags/example_local_kubernetes_executor.py
[2023-11-16T08:39:57.872+0000] {processor.py:829} INFO - Processing file /home/airflow/.local/lib/python3.8/site-packages/airflow/example_dags/example_local_kubernetes_executor.py for tasks to queue
[2023-11-16T08:39:57.874+0000] {logging_mixin.py:151} INFO - [2023-11-16T08:39:57.874+0000] {dagbag.py:536} INFO - Filling up the DagBag from /home/airflow/.local/lib/python3.8/site-packages/airflow/example_dags/example_local_kubernetes_executor.py
[2023-11-16T08:39:57.879+0000] {processor.py:839} INFO - DAG(s) dict_keys(['example_local_kubernetes_executor']) retrieved from /home/airflow/.local/lib/python3.8/site-packages/airflow/example_dags/example_local_kubernetes_executor.py
[2023-11-16T08:39:57.902+0000] {logging_mixin.py:151} INFO - [2023-11-16T08:39:57.902+0000] {dag.py:2941} INFO - Sync 1 DAGs
[2023-11-16T08:39:57.911+0000] {logging_mixin.py:151} INFO - [2023-11-16T08:39:57.911+0000] {dag.py:3722} INFO - Setting next_dagrun for example_local_kubernetes_executor to None, run_after=None
[2023-11-16T08:39:57.924+0000] {processor.py:179} INFO - Processing /home/airflow/.local/lib/python3.8/site-packages/airflow/example_dags/example_local_kubernetes_executor.py took 0.055 seconds
[2023-11-16T08:40:27.972+0000] {processor.py:157} INFO - Started process (PID=1301) to work on /home/airflow/.local/lib/python3.8/site-packages/airflow/example_dags/example_local_kubernetes_executor.py
[2023-11-16T08:40:27.973+0000] {processor.py:829} INFO - Processing file /home/airflow/.local/lib/python3.8/site-packages/airflow/example_dags/example_local_kubernetes_executor.py for tasks to queue
[2023-11-16T08:40:27.975+0000] {logging_mixin.py:151} INFO - [2023-11-16T08:40:27.975+0000] {dagbag.py:536} INFO - Filling up the DagBag from /home/airflow/.local/lib/python3.8/site-packages/airflow/example_dags/example_local_kubernetes_executor.py
[2023-11-16T08:40:27.979+0000] {processor.py:839} INFO - DAG(s) dict_keys(['example_local_kubernetes_executor']) retrieved from /home/airflow/.local/lib/python3.8/site-packages/airflow/example_dags/example_local_kubernetes_executor.py
[2023-11-16T08:40:28.001+0000] {logging_mixin.py:151} INFO - [2023-11-16T08:40:28.001+0000] {dag.py:2941} INFO - Sync 1 DAGs
[2023-11-16T08:40:28.010+0000] {logging_mixin.py:151} INFO - [2023-11-16T08:40:28.010+0000] {dag.py:3722} INFO - Setting next_dagrun for example_local_kubernetes_executor to None, run_after=None
[2023-11-16T08:40:28.021+0000] {processor.py:179} INFO - Processing /home/airflow/.local/lib/python3.8/site-packages/airflow/example_dags/example_local_kubernetes_executor.py took 0.051 seconds
[2023-11-16T08:40:58.835+0000] {processor.py:157} INFO - Started process (PID=1355) to work on /home/airflow/.local/lib/python3.8/site-packages/airflow/example_dags/example_local_kubernetes_executor.py
[2023-11-16T08:40:58.836+0000] {processor.py:829} INFO - Processing file /home/airflow/.local/lib/python3.8/site-packages/airflow/example_dags/example_local_kubernetes_executor.py for tasks to queue
[2023-11-16T08:40:58.838+0000] {logging_mixin.py:151} INFO - [2023-11-16T08:40:58.838+0000] {dagbag.py:536} INFO - Filling up the DagBag from /home/airflow/.local/lib/python3.8/site-packages/airflow/example_dags/example_local_kubernetes_executor.py
[2023-11-16T08:40:58.843+0000] {processor.py:839} INFO - DAG(s) dict_keys(['example_local_kubernetes_executor']) retrieved from /home/airflow/.local/lib/python3.8/site-packages/airflow/example_dags/example_local_kubernetes_executor.py
[2023-11-16T08:40:58.867+0000] {logging_mixin.py:151} INFO - [2023-11-16T08:40:58.867+0000] {dag.py:2941} INFO - Sync 1 DAGs
[2023-11-16T08:40:58.878+0000] {logging_mixin.py:151} INFO - [2023-11-16T08:40:58.878+0000] {dag.py:3722} INFO - Setting next_dagrun for example_local_kubernetes_executor to None, run_after=None
[2023-11-16T08:40:58.895+0000] {processor.py:179} INFO - Processing /home/airflow/.local/lib/python3.8/site-packages/airflow/example_dags/example_local_kubernetes_executor.py took 0.062 seconds
[2023-11-16T08:41:29.857+0000] {processor.py:157} INFO - Started process (PID=1409) to work on /home/airflow/.local/lib/python3.8/site-packages/airflow/example_dags/example_local_kubernetes_executor.py
[2023-11-16T08:41:29.858+0000] {processor.py:829} INFO - Processing file /home/airflow/.local/lib/python3.8/site-packages/airflow/example_dags/example_local_kubernetes_executor.py for tasks to queue
[2023-11-16T08:41:29.860+0000] {logging_mixin.py:151} INFO - [2023-11-16T08:41:29.860+0000] {dagbag.py:536} INFO - Filling up the DagBag from /home/airflow/.local/lib/python3.8/site-packages/airflow/example_dags/example_local_kubernetes_executor.py
[2023-11-16T08:41:29.865+0000] {processor.py:839} INFO - DAG(s) dict_keys(['example_local_kubernetes_executor']) retrieved from /home/airflow/.local/lib/python3.8/site-packages/airflow/example_dags/example_local_kubernetes_executor.py
[2023-11-16T08:41:29.888+0000] {logging_mixin.py:151} INFO - [2023-11-16T08:41:29.888+0000] {dag.py:2941} INFO - Sync 1 DAGs
[2023-11-16T08:41:29.898+0000] {logging_mixin.py:151} INFO - [2023-11-16T08:41:29.898+0000] {dag.py:3722} INFO - Setting next_dagrun for example_local_kubernetes_executor to None, run_after=None
[2023-11-16T08:41:29.910+0000] {processor.py:179} INFO - Processing /home/airflow/.local/lib/python3.8/site-packages/airflow/example_dags/example_local_kubernetes_executor.py took 0.055 seconds
[2023-11-16T08:42:00.030+0000] {processor.py:157} INFO - Started process (PID=1463) to work on /home/airflow/.local/lib/python3.8/site-packages/airflow/example_dags/example_local_kubernetes_executor.py
[2023-11-16T08:42:00.030+0000] {processor.py:829} INFO - Processing file /home/airflow/.local/lib/python3.8/site-packages/airflow/example_dags/example_local_kubernetes_executor.py for tasks to queue
[2023-11-16T08:42:00.032+0000] {logging_mixin.py:151} INFO - [2023-11-16T08:42:00.032+0000] {dagbag.py:536} INFO - Filling up the DagBag from /home/airflow/.local/lib/python3.8/site-packages/airflow/example_dags/example_local_kubernetes_executor.py
[2023-11-16T08:42:00.036+0000] {processor.py:839} INFO - DAG(s) dict_keys(['example_local_kubernetes_executor']) retrieved from /home/airflow/.local/lib/python3.8/site-packages/airflow/example_dags/example_local_kubernetes_executor.py
[2023-11-16T08:42:00.057+0000] {logging_mixin.py:151} INFO - [2023-11-16T08:42:00.057+0000] {dag.py:2941} INFO - Sync 1 DAGs
[2023-11-16T08:42:00.066+0000] {logging_mixin.py:151} INFO - [2023-11-16T08:42:00.066+0000] {dag.py:3722} INFO - Setting next_dagrun for example_local_kubernetes_executor to None, run_after=None
[2023-11-16T08:42:00.077+0000] {processor.py:179} INFO - Processing /home/airflow/.local/lib/python3.8/site-packages/airflow/example_dags/example_local_kubernetes_executor.py took 0.049 seconds
[2023-11-16T08:42:30.912+0000] {processor.py:157} INFO - Started process (PID=1517) to work on /home/airflow/.local/lib/python3.8/site-packages/airflow/example_dags/example_local_kubernetes_executor.py
[2023-11-16T08:42:30.913+0000] {processor.py:829} INFO - Processing file /home/airflow/.local/lib/python3.8/site-packages/airflow/example_dags/example_local_kubernetes_executor.py for tasks to queue
[2023-11-16T08:42:30.914+0000] {logging_mixin.py:151} INFO - [2023-11-16T08:42:30.914+0000] {dagbag.py:536} INFO - Filling up the DagBag from /home/airflow/.local/lib/python3.8/site-packages/airflow/example_dags/example_local_kubernetes_executor.py
[2023-11-16T08:42:30.918+0000] {processor.py:839} INFO - DAG(s) dict_keys(['example_local_kubernetes_executor']) retrieved from /home/airflow/.local/lib/python3.8/site-packages/airflow/example_dags/example_local_kubernetes_executor.py
[2023-11-16T08:42:30.940+0000] {logging_mixin.py:151} INFO - [2023-11-16T08:42:30.940+0000] {dag.py:2941} INFO - Sync 1 DAGs
[2023-11-16T08:42:30.949+0000] {logging_mixin.py:151} INFO - [2023-11-16T08:42:30.948+0000] {dag.py:3722} INFO - Setting next_dagrun for example_local_kubernetes_executor to None, run_after=None
[2023-11-16T08:42:30.960+0000] {processor.py:179} INFO - Processing /home/airflow/.local/lib/python3.8/site-packages/airflow/example_dags/example_local_kubernetes_executor.py took 0.051 seconds
[2023-11-16T08:43:01.769+0000] {processor.py:157} INFO - Started process (PID=1571) to work on /home/airflow/.local/lib/python3.8/site-packages/airflow/example_dags/example_local_kubernetes_executor.py
[2023-11-16T08:43:01.769+0000] {processor.py:829} INFO - Processing file /home/airflow/.local/lib/python3.8/site-packages/airflow/example_dags/example_local_kubernetes_executor.py for tasks to queue
[2023-11-16T08:43:01.771+0000] {logging_mixin.py:151} INFO - [2023-11-16T08:43:01.771+0000] {dagbag.py:536} INFO - Filling up the DagBag from /home/airflow/.local/lib/python3.8/site-packages/airflow/example_dags/example_local_kubernetes_executor.py
[2023-11-16T08:43:01.776+0000] {processor.py:839} INFO - DAG(s) dict_keys(['example_local_kubernetes_executor']) retrieved from /home/airflow/.local/lib/python3.8/site-packages/airflow/example_dags/example_local_kubernetes_executor.py
[2023-11-16T08:43:01.798+0000] {logging_mixin.py:151} INFO - [2023-11-16T08:43:01.797+0000] {dag.py:2941} INFO - Sync 1 DAGs
[2023-11-16T08:43:01.807+0000] {logging_mixin.py:151} INFO - [2023-11-16T08:43:01.807+0000] {dag.py:3722} INFO - Setting next_dagrun for example_local_kubernetes_executor to None, run_after=None
[2023-11-16T08:43:01.819+0000] {processor.py:179} INFO - Processing /home/airflow/.local/lib/python3.8/site-packages/airflow/example_dags/example_local_kubernetes_executor.py took 0.053 seconds
[2023-11-16T08:43:32.308+0000] {processor.py:157} INFO - Started process (PID=1632) to work on /home/airflow/.local/lib/python3.8/site-packages/airflow/example_dags/example_local_kubernetes_executor.py
[2023-11-16T08:43:32.309+0000] {processor.py:829} INFO - Processing file /home/airflow/.local/lib/python3.8/site-packages/airflow/example_dags/example_local_kubernetes_executor.py for tasks to queue
[2023-11-16T08:43:32.310+0000] {logging_mixin.py:151} INFO - [2023-11-16T08:43:32.310+0000] {dagbag.py:536} INFO - Filling up the DagBag from /home/airflow/.local/lib/python3.8/site-packages/airflow/example_dags/example_local_kubernetes_executor.py
[2023-11-16T08:43:32.315+0000] {processor.py:839} INFO - DAG(s) dict_keys(['example_local_kubernetes_executor']) retrieved from /home/airflow/.local/lib/python3.8/site-packages/airflow/example_dags/example_local_kubernetes_executor.py
[2023-11-16T08:43:32.337+0000] {logging_mixin.py:151} INFO - [2023-11-16T08:43:32.337+0000] {dag.py:2941} INFO - Sync 1 DAGs
[2023-11-16T08:43:32.345+0000] {logging_mixin.py:151} INFO - [2023-11-16T08:43:32.345+0000] {dag.py:3722} INFO - Setting next_dagrun for example_local_kubernetes_executor to None, run_after=None
[2023-11-16T08:43:32.357+0000] {processor.py:179} INFO - Processing /home/airflow/.local/lib/python3.8/site-packages/airflow/example_dags/example_local_kubernetes_executor.py took 0.052 seconds
[2023-11-16T08:44:02.751+0000] {processor.py:157} INFO - Started process (PID=1686) to work on /home/airflow/.local/lib/python3.8/site-packages/airflow/example_dags/example_local_kubernetes_executor.py
[2023-11-16T08:44:02.752+0000] {processor.py:829} INFO - Processing file /home/airflow/.local/lib/python3.8/site-packages/airflow/example_dags/example_local_kubernetes_executor.py for tasks to queue
[2023-11-16T08:44:02.754+0000] {logging_mixin.py:151} INFO - [2023-11-16T08:44:02.754+0000] {dagbag.py:536} INFO - Filling up the DagBag from /home/airflow/.local/lib/python3.8/site-packages/airflow/example_dags/example_local_kubernetes_executor.py
[2023-11-16T08:44:02.758+0000] {processor.py:839} INFO - DAG(s) dict_keys(['example_local_kubernetes_executor']) retrieved from /home/airflow/.local/lib/python3.8/site-packages/airflow/example_dags/example_local_kubernetes_executor.py
[2023-11-16T08:44:02.780+0000] {logging_mixin.py:151} INFO - [2023-11-16T08:44:02.780+0000] {dag.py:2941} INFO - Sync 1 DAGs
[2023-11-16T08:44:02.789+0000] {logging_mixin.py:151} INFO - [2023-11-16T08:44:02.789+0000] {dag.py:3722} INFO - Setting next_dagrun for example_local_kubernetes_executor to None, run_after=None
[2023-11-16T08:44:02.801+0000] {processor.py:179} INFO - Processing /home/airflow/.local/lib/python3.8/site-packages/airflow/example_dags/example_local_kubernetes_executor.py took 0.052 seconds
[2023-11-16T08:44:33.564+0000] {processor.py:157} INFO - Started process (PID=1740) to work on /home/airflow/.local/lib/python3.8/site-packages/airflow/example_dags/example_local_kubernetes_executor.py
[2023-11-16T08:44:33.565+0000] {processor.py:829} INFO - Processing file /home/airflow/.local/lib/python3.8/site-packages/airflow/example_dags/example_local_kubernetes_executor.py for tasks to queue
[2023-11-16T08:44:33.567+0000] {logging_mixin.py:151} INFO - [2023-11-16T08:44:33.566+0000] {dagbag.py:536} INFO - Filling up the DagBag from /home/airflow/.local/lib/python3.8/site-packages/airflow/example_dags/example_local_kubernetes_executor.py
[2023-11-16T08:44:33.571+0000] {processor.py:839} INFO - DAG(s) dict_keys(['example_local_kubernetes_executor']) retrieved from /home/airflow/.local/lib/python3.8/site-packages/airflow/example_dags/example_local_kubernetes_executor.py
[2023-11-16T08:44:33.594+0000] {logging_mixin.py:151} INFO - [2023-11-16T08:44:33.593+0000] {dag.py:2941} INFO - Sync 1 DAGs
[2023-11-16T08:44:33.712+0000] {logging_mixin.py:151} INFO - [2023-11-16T08:44:33.712+0000] {dag.py:3722} INFO - Setting next_dagrun for example_local_kubernetes_executor to None, run_after=None
[2023-11-16T08:44:33.723+0000] {processor.py:179} INFO - Processing /home/airflow/.local/lib/python3.8/site-packages/airflow/example_dags/example_local_kubernetes_executor.py took 0.161 seconds
[2023-11-16T08:45:04.064+0000] {processor.py:157} INFO - Started process (PID=1794) to work on /home/airflow/.local/lib/python3.8/site-packages/airflow/example_dags/example_local_kubernetes_executor.py
[2023-11-16T08:45:04.065+0000] {processor.py:829} INFO - Processing file /home/airflow/.local/lib/python3.8/site-packages/airflow/example_dags/example_local_kubernetes_executor.py for tasks to queue
[2023-11-16T08:45:04.067+0000] {logging_mixin.py:151} INFO - [2023-11-16T08:45:04.066+0000] {dagbag.py:536} INFO - Filling up the DagBag from /home/airflow/.local/lib/python3.8/site-packages/airflow/example_dags/example_local_kubernetes_executor.py
[2023-11-16T08:45:04.072+0000] {processor.py:839} INFO - DAG(s) dict_keys(['example_local_kubernetes_executor']) retrieved from /home/airflow/.local/lib/python3.8/site-packages/airflow/example_dags/example_local_kubernetes_executor.py
[2023-11-16T08:45:04.099+0000] {logging_mixin.py:151} INFO - [2023-11-16T08:45:04.099+0000] {dag.py:2941} INFO - Sync 1 DAGs
[2023-11-16T08:45:04.112+0000] {logging_mixin.py:151} INFO - [2023-11-16T08:45:04.111+0000] {dag.py:3722} INFO - Setting next_dagrun for example_local_kubernetes_executor to None, run_after=None
[2023-11-16T08:45:04.129+0000] {processor.py:179} INFO - Processing /home/airflow/.local/lib/python3.8/site-packages/airflow/example_dags/example_local_kubernetes_executor.py took 0.068 seconds
[2023-11-16T08:45:34.889+0000] {processor.py:157} INFO - Started process (PID=1848) to work on /home/airflow/.local/lib/python3.8/site-packages/airflow/example_dags/example_local_kubernetes_executor.py
[2023-11-16T08:45:34.890+0000] {processor.py:829} INFO - Processing file /home/airflow/.local/lib/python3.8/site-packages/airflow/example_dags/example_local_kubernetes_executor.py for tasks to queue
[2023-11-16T08:45:34.891+0000] {logging_mixin.py:151} INFO - [2023-11-16T08:45:34.891+0000] {dagbag.py:536} INFO - Filling up the DagBag from /home/airflow/.local/lib/python3.8/site-packages/airflow/example_dags/example_local_kubernetes_executor.py
[2023-11-16T08:45:34.896+0000] {processor.py:839} INFO - DAG(s) dict_keys(['example_local_kubernetes_executor']) retrieved from /home/airflow/.local/lib/python3.8/site-packages/airflow/example_dags/example_local_kubernetes_executor.py
[2023-11-16T08:45:34.917+0000] {logging_mixin.py:151} INFO - [2023-11-16T08:45:34.917+0000] {dag.py:2941} INFO - Sync 1 DAGs
[2023-11-16T08:45:34.926+0000] {logging_mixin.py:151} INFO - [2023-11-16T08:45:34.926+0000] {dag.py:3722} INFO - Setting next_dagrun for example_local_kubernetes_executor to None, run_after=None
[2023-11-16T08:45:34.941+0000] {processor.py:179} INFO - Processing /home/airflow/.local/lib/python3.8/site-packages/airflow/example_dags/example_local_kubernetes_executor.py took 0.054 seconds
[2023-11-16T08:46:05.140+0000] {processor.py:157} INFO - Started process (PID=1902) to work on /home/airflow/.local/lib/python3.8/site-packages/airflow/example_dags/example_local_kubernetes_executor.py
[2023-11-16T08:46:05.141+0000] {processor.py:829} INFO - Processing file /home/airflow/.local/lib/python3.8/site-packages/airflow/example_dags/example_local_kubernetes_executor.py for tasks to queue
[2023-11-16T08:46:05.142+0000] {logging_mixin.py:151} INFO - [2023-11-16T08:46:05.142+0000] {dagbag.py:536} INFO - Filling up the DagBag from /home/airflow/.local/lib/python3.8/site-packages/airflow/example_dags/example_local_kubernetes_executor.py
[2023-11-16T08:46:05.147+0000] {processor.py:839} INFO - DAG(s) dict_keys(['example_local_kubernetes_executor']) retrieved from /home/airflow/.local/lib/python3.8/site-packages/airflow/example_dags/example_local_kubernetes_executor.py
[2023-11-16T08:46:05.278+0000] {logging_mixin.py:151} INFO - [2023-11-16T08:46:05.277+0000] {dag.py:2941} INFO - Sync 1 DAGs
[2023-11-16T08:46:05.286+0000] {logging_mixin.py:151} INFO - [2023-11-16T08:46:05.286+0000] {dag.py:3722} INFO - Setting next_dagrun for example_local_kubernetes_executor to None, run_after=None
[2023-11-16T08:46:05.297+0000] {processor.py:179} INFO - Processing /home/airflow/.local/lib/python3.8/site-packages/airflow/example_dags/example_local_kubernetes_executor.py took 0.160 seconds
