[2023-11-16T08:28:50.841+0000] {processor.py:157} INFO - Started process (PID=65) to work on /home/airflow/.local/lib/python3.8/site-packages/airflow/example_dags/example_params_trigger_ui.py
[2023-11-16T08:28:50.845+0000] {processor.py:829} INFO - Processing file /home/airflow/.local/lib/python3.8/site-packages/airflow/example_dags/example_params_trigger_ui.py for tasks to queue
[2023-11-16T08:28:50.863+0000] {logging_mixin.py:151} INFO - [2023-11-16T08:28:50.862+0000] {dagbag.py:536} INFO - Filling up the DagBag from /home/airflow/.local/lib/python3.8/site-packages/airflow/example_dags/example_params_trigger_ui.py
[2023-11-16T08:28:50.964+0000] {processor.py:839} INFO - DAG(s) dict_keys(['example_params_trigger_ui']) retrieved from /home/airflow/.local/lib/python3.8/site-packages/airflow/example_dags/example_params_trigger_ui.py
[2023-11-16T08:28:51.087+0000] {logging_mixin.py:151} INFO - [2023-11-16T08:28:51.087+0000] {dag.py:2941} INFO - Sync 1 DAGs
[2023-11-16T08:28:51.108+0000] {logging_mixin.py:151} INFO - [2023-11-16T08:28:51.108+0000] {dag.py:3722} INFO - Setting next_dagrun for example_params_trigger_ui to None, run_after=None
[2023-11-16T08:28:51.135+0000] {processor.py:179} INFO - Processing /home/airflow/.local/lib/python3.8/site-packages/airflow/example_dags/example_params_trigger_ui.py took 0.309 seconds
[2023-11-16T08:29:21.277+0000] {processor.py:157} INFO - Started process (PID=119) to work on /home/airflow/.local/lib/python3.8/site-packages/airflow/example_dags/example_params_trigger_ui.py
[2023-11-16T08:29:21.279+0000] {processor.py:829} INFO - Processing file /home/airflow/.local/lib/python3.8/site-packages/airflow/example_dags/example_params_trigger_ui.py for tasks to queue
[2023-11-16T08:29:21.281+0000] {logging_mixin.py:151} INFO - [2023-11-16T08:29:21.280+0000] {dagbag.py:536} INFO - Filling up the DagBag from /home/airflow/.local/lib/python3.8/site-packages/airflow/example_dags/example_params_trigger_ui.py
[2023-11-16T08:29:21.292+0000] {processor.py:839} INFO - DAG(s) dict_keys(['example_params_trigger_ui']) retrieved from /home/airflow/.local/lib/python3.8/site-packages/airflow/example_dags/example_params_trigger_ui.py
[2023-11-16T08:29:21.332+0000] {logging_mixin.py:151} INFO - [2023-11-16T08:29:21.331+0000] {dag.py:2941} INFO - Sync 1 DAGs
[2023-11-16T08:29:21.343+0000] {logging_mixin.py:151} INFO - [2023-11-16T08:29:21.343+0000] {dag.py:3722} INFO - Setting next_dagrun for example_params_trigger_ui to None, run_after=None
[2023-11-16T08:29:21.359+0000] {processor.py:179} INFO - Processing /home/airflow/.local/lib/python3.8/site-packages/airflow/example_dags/example_params_trigger_ui.py took 0.084 seconds
[2023-11-16T08:29:52.132+0000] {processor.py:157} INFO - Started process (PID=173) to work on /home/airflow/.local/lib/python3.8/site-packages/airflow/example_dags/example_params_trigger_ui.py
[2023-11-16T08:29:52.133+0000] {processor.py:829} INFO - Processing file /home/airflow/.local/lib/python3.8/site-packages/airflow/example_dags/example_params_trigger_ui.py for tasks to queue
[2023-11-16T08:29:52.134+0000] {logging_mixin.py:151} INFO - [2023-11-16T08:29:52.134+0000] {dagbag.py:536} INFO - Filling up the DagBag from /home/airflow/.local/lib/python3.8/site-packages/airflow/example_dags/example_params_trigger_ui.py
[2023-11-16T08:29:52.145+0000] {processor.py:839} INFO - DAG(s) dict_keys(['example_params_trigger_ui']) retrieved from /home/airflow/.local/lib/python3.8/site-packages/airflow/example_dags/example_params_trigger_ui.py
[2023-11-16T08:29:52.178+0000] {logging_mixin.py:151} INFO - [2023-11-16T08:29:52.178+0000] {dag.py:2941} INFO - Sync 1 DAGs
[2023-11-16T08:29:52.187+0000] {logging_mixin.py:151} INFO - [2023-11-16T08:29:52.187+0000] {dag.py:3722} INFO - Setting next_dagrun for example_params_trigger_ui to None, run_after=None
[2023-11-16T08:29:52.202+0000] {processor.py:179} INFO - Processing /home/airflow/.local/lib/python3.8/site-packages/airflow/example_dags/example_params_trigger_ui.py took 0.072 seconds
[2023-11-16T08:30:22.291+0000] {processor.py:157} INFO - Started process (PID=228) to work on /home/airflow/.local/lib/python3.8/site-packages/airflow/example_dags/example_params_trigger_ui.py
[2023-11-16T08:30:22.292+0000] {processor.py:829} INFO - Processing file /home/airflow/.local/lib/python3.8/site-packages/airflow/example_dags/example_params_trigger_ui.py for tasks to queue
[2023-11-16T08:30:22.294+0000] {logging_mixin.py:151} INFO - [2023-11-16T08:30:22.294+0000] {dagbag.py:536} INFO - Filling up the DagBag from /home/airflow/.local/lib/python3.8/site-packages/airflow/example_dags/example_params_trigger_ui.py
[2023-11-16T08:30:22.308+0000] {processor.py:839} INFO - DAG(s) dict_keys(['example_params_trigger_ui']) retrieved from /home/airflow/.local/lib/python3.8/site-packages/airflow/example_dags/example_params_trigger_ui.py
[2023-11-16T08:30:22.344+0000] {logging_mixin.py:151} INFO - [2023-11-16T08:30:22.344+0000] {dag.py:2941} INFO - Sync 1 DAGs
[2023-11-16T08:30:22.355+0000] {logging_mixin.py:151} INFO - [2023-11-16T08:30:22.354+0000] {dag.py:3722} INFO - Setting next_dagrun for example_params_trigger_ui to None, run_after=None
[2023-11-16T08:30:22.371+0000] {processor.py:179} INFO - Processing /home/airflow/.local/lib/python3.8/site-packages/airflow/example_dags/example_params_trigger_ui.py took 0.083 seconds
[2023-11-16T08:30:53.248+0000] {processor.py:157} INFO - Started process (PID=281) to work on /home/airflow/.local/lib/python3.8/site-packages/airflow/example_dags/example_params_trigger_ui.py
[2023-11-16T08:30:53.249+0000] {processor.py:829} INFO - Processing file /home/airflow/.local/lib/python3.8/site-packages/airflow/example_dags/example_params_trigger_ui.py for tasks to queue
[2023-11-16T08:30:53.251+0000] {logging_mixin.py:151} INFO - [2023-11-16T08:30:53.250+0000] {dagbag.py:536} INFO - Filling up the DagBag from /home/airflow/.local/lib/python3.8/site-packages/airflow/example_dags/example_params_trigger_ui.py
[2023-11-16T08:30:53.262+0000] {processor.py:839} INFO - DAG(s) dict_keys(['example_params_trigger_ui']) retrieved from /home/airflow/.local/lib/python3.8/site-packages/airflow/example_dags/example_params_trigger_ui.py
[2023-11-16T08:30:53.296+0000] {logging_mixin.py:151} INFO - [2023-11-16T08:30:53.295+0000] {dag.py:2941} INFO - Sync 1 DAGs
[2023-11-16T08:30:53.305+0000] {logging_mixin.py:151} INFO - [2023-11-16T08:30:53.305+0000] {dag.py:3722} INFO - Setting next_dagrun for example_params_trigger_ui to None, run_after=None
[2023-11-16T08:30:53.318+0000] {processor.py:179} INFO - Processing /home/airflow/.local/lib/python3.8/site-packages/airflow/example_dags/example_params_trigger_ui.py took 0.072 seconds
[2023-11-16T08:31:23.594+0000] {processor.py:157} INFO - Started process (PID=335) to work on /home/airflow/.local/lib/python3.8/site-packages/airflow/example_dags/example_params_trigger_ui.py
[2023-11-16T08:31:23.595+0000] {processor.py:829} INFO - Processing file /home/airflow/.local/lib/python3.8/site-packages/airflow/example_dags/example_params_trigger_ui.py for tasks to queue
[2023-11-16T08:31:23.597+0000] {logging_mixin.py:151} INFO - [2023-11-16T08:31:23.597+0000] {dagbag.py:536} INFO - Filling up the DagBag from /home/airflow/.local/lib/python3.8/site-packages/airflow/example_dags/example_params_trigger_ui.py
[2023-11-16T08:31:23.607+0000] {processor.py:839} INFO - DAG(s) dict_keys(['example_params_trigger_ui']) retrieved from /home/airflow/.local/lib/python3.8/site-packages/airflow/example_dags/example_params_trigger_ui.py
[2023-11-16T08:31:23.641+0000] {logging_mixin.py:151} INFO - [2023-11-16T08:31:23.641+0000] {dag.py:2941} INFO - Sync 1 DAGs
[2023-11-16T08:31:23.650+0000] {logging_mixin.py:151} INFO - [2023-11-16T08:31:23.649+0000] {dag.py:3722} INFO - Setting next_dagrun for example_params_trigger_ui to None, run_after=None
[2023-11-16T08:31:23.662+0000] {processor.py:179} INFO - Processing /home/airflow/.local/lib/python3.8/site-packages/airflow/example_dags/example_params_trigger_ui.py took 0.070 seconds
[2023-11-16T08:31:53.848+0000] {processor.py:157} INFO - Started process (PID=389) to work on /home/airflow/.local/lib/python3.8/site-packages/airflow/example_dags/example_params_trigger_ui.py
[2023-11-16T08:31:53.849+0000] {processor.py:829} INFO - Processing file /home/airflow/.local/lib/python3.8/site-packages/airflow/example_dags/example_params_trigger_ui.py for tasks to queue
[2023-11-16T08:31:53.851+0000] {logging_mixin.py:151} INFO - [2023-11-16T08:31:53.851+0000] {dagbag.py:536} INFO - Filling up the DagBag from /home/airflow/.local/lib/python3.8/site-packages/airflow/example_dags/example_params_trigger_ui.py
[2023-11-16T08:31:53.862+0000] {processor.py:839} INFO - DAG(s) dict_keys(['example_params_trigger_ui']) retrieved from /home/airflow/.local/lib/python3.8/site-packages/airflow/example_dags/example_params_trigger_ui.py
[2023-11-16T08:31:53.896+0000] {logging_mixin.py:151} INFO - [2023-11-16T08:31:53.896+0000] {dag.py:2941} INFO - Sync 1 DAGs
[2023-11-16T08:31:53.906+0000] {logging_mixin.py:151} INFO - [2023-11-16T08:31:53.905+0000] {dag.py:3722} INFO - Setting next_dagrun for example_params_trigger_ui to None, run_after=None
[2023-11-16T08:31:53.920+0000] {processor.py:179} INFO - Processing /home/airflow/.local/lib/python3.8/site-packages/airflow/example_dags/example_params_trigger_ui.py took 0.073 seconds
[2023-11-16T08:32:23.964+0000] {processor.py:157} INFO - Started process (PID=443) to work on /home/airflow/.local/lib/python3.8/site-packages/airflow/example_dags/example_params_trigger_ui.py
[2023-11-16T08:32:23.965+0000] {processor.py:829} INFO - Processing file /home/airflow/.local/lib/python3.8/site-packages/airflow/example_dags/example_params_trigger_ui.py for tasks to queue
[2023-11-16T08:32:23.966+0000] {logging_mixin.py:151} INFO - [2023-11-16T08:32:23.966+0000] {dagbag.py:536} INFO - Filling up the DagBag from /home/airflow/.local/lib/python3.8/site-packages/airflow/example_dags/example_params_trigger_ui.py
[2023-11-16T08:32:23.977+0000] {processor.py:839} INFO - DAG(s) dict_keys(['example_params_trigger_ui']) retrieved from /home/airflow/.local/lib/python3.8/site-packages/airflow/example_dags/example_params_trigger_ui.py
[2023-11-16T08:32:24.009+0000] {logging_mixin.py:151} INFO - [2023-11-16T08:32:24.009+0000] {dag.py:2941} INFO - Sync 1 DAGs
[2023-11-16T08:32:24.018+0000] {logging_mixin.py:151} INFO - [2023-11-16T08:32:24.017+0000] {dag.py:3722} INFO - Setting next_dagrun for example_params_trigger_ui to None, run_after=None
[2023-11-16T08:32:24.030+0000] {processor.py:179} INFO - Processing /home/airflow/.local/lib/python3.8/site-packages/airflow/example_dags/example_params_trigger_ui.py took 0.068 seconds
[2023-11-16T08:32:54.270+0000] {processor.py:157} INFO - Started process (PID=497) to work on /home/airflow/.local/lib/python3.8/site-packages/airflow/example_dags/example_params_trigger_ui.py
[2023-11-16T08:32:54.271+0000] {processor.py:829} INFO - Processing file /home/airflow/.local/lib/python3.8/site-packages/airflow/example_dags/example_params_trigger_ui.py for tasks to queue
[2023-11-16T08:32:54.272+0000] {logging_mixin.py:151} INFO - [2023-11-16T08:32:54.272+0000] {dagbag.py:536} INFO - Filling up the DagBag from /home/airflow/.local/lib/python3.8/site-packages/airflow/example_dags/example_params_trigger_ui.py
[2023-11-16T08:32:54.283+0000] {processor.py:839} INFO - DAG(s) dict_keys(['example_params_trigger_ui']) retrieved from /home/airflow/.local/lib/python3.8/site-packages/airflow/example_dags/example_params_trigger_ui.py
[2023-11-16T08:32:54.316+0000] {logging_mixin.py:151} INFO - [2023-11-16T08:32:54.316+0000] {dag.py:2941} INFO - Sync 1 DAGs
[2023-11-16T08:32:54.325+0000] {logging_mixin.py:151} INFO - [2023-11-16T08:32:54.325+0000] {dag.py:3722} INFO - Setting next_dagrun for example_params_trigger_ui to None, run_after=None
[2023-11-16T08:32:54.337+0000] {processor.py:179} INFO - Processing /home/airflow/.local/lib/python3.8/site-packages/airflow/example_dags/example_params_trigger_ui.py took 0.070 seconds
[2023-11-16T08:33:24.654+0000] {processor.py:157} INFO - Started process (PID=551) to work on /home/airflow/.local/lib/python3.8/site-packages/airflow/example_dags/example_params_trigger_ui.py
[2023-11-16T08:33:24.655+0000] {processor.py:829} INFO - Processing file /home/airflow/.local/lib/python3.8/site-packages/airflow/example_dags/example_params_trigger_ui.py for tasks to queue
[2023-11-16T08:33:24.657+0000] {logging_mixin.py:151} INFO - [2023-11-16T08:33:24.657+0000] {dagbag.py:536} INFO - Filling up the DagBag from /home/airflow/.local/lib/python3.8/site-packages/airflow/example_dags/example_params_trigger_ui.py
[2023-11-16T08:33:24.667+0000] {processor.py:839} INFO - DAG(s) dict_keys(['example_params_trigger_ui']) retrieved from /home/airflow/.local/lib/python3.8/site-packages/airflow/example_dags/example_params_trigger_ui.py
[2023-11-16T08:33:24.701+0000] {logging_mixin.py:151} INFO - [2023-11-16T08:33:24.701+0000] {dag.py:2941} INFO - Sync 1 DAGs
[2023-11-16T08:33:24.711+0000] {logging_mixin.py:151} INFO - [2023-11-16T08:33:24.711+0000] {dag.py:3722} INFO - Setting next_dagrun for example_params_trigger_ui to None, run_after=None
[2023-11-16T08:33:24.724+0000] {processor.py:179} INFO - Processing /home/airflow/.local/lib/python3.8/site-packages/airflow/example_dags/example_params_trigger_ui.py took 0.072 seconds
[2023-11-16T08:33:54.843+0000] {processor.py:157} INFO - Started process (PID=605) to work on /home/airflow/.local/lib/python3.8/site-packages/airflow/example_dags/example_params_trigger_ui.py
[2023-11-16T08:33:54.844+0000] {processor.py:829} INFO - Processing file /home/airflow/.local/lib/python3.8/site-packages/airflow/example_dags/example_params_trigger_ui.py for tasks to queue
[2023-11-16T08:33:54.846+0000] {logging_mixin.py:151} INFO - [2023-11-16T08:33:54.845+0000] {dagbag.py:536} INFO - Filling up the DagBag from /home/airflow/.local/lib/python3.8/site-packages/airflow/example_dags/example_params_trigger_ui.py
[2023-11-16T08:33:54.857+0000] {processor.py:839} INFO - DAG(s) dict_keys(['example_params_trigger_ui']) retrieved from /home/airflow/.local/lib/python3.8/site-packages/airflow/example_dags/example_params_trigger_ui.py
[2023-11-16T08:33:54.896+0000] {logging_mixin.py:151} INFO - [2023-11-16T08:33:54.896+0000] {dag.py:2941} INFO - Sync 1 DAGs
[2023-11-16T08:33:54.906+0000] {logging_mixin.py:151} INFO - [2023-11-16T08:33:54.906+0000] {dag.py:3722} INFO - Setting next_dagrun for example_params_trigger_ui to None, run_after=None
[2023-11-16T08:33:54.919+0000] {processor.py:179} INFO - Processing /home/airflow/.local/lib/python3.8/site-packages/airflow/example_dags/example_params_trigger_ui.py took 0.079 seconds
[2023-11-16T08:34:25.347+0000] {processor.py:157} INFO - Started process (PID=660) to work on /home/airflow/.local/lib/python3.8/site-packages/airflow/example_dags/example_params_trigger_ui.py
[2023-11-16T08:34:25.348+0000] {processor.py:829} INFO - Processing file /home/airflow/.local/lib/python3.8/site-packages/airflow/example_dags/example_params_trigger_ui.py for tasks to queue
[2023-11-16T08:34:25.349+0000] {logging_mixin.py:151} INFO - [2023-11-16T08:34:25.349+0000] {dagbag.py:536} INFO - Filling up the DagBag from /home/airflow/.local/lib/python3.8/site-packages/airflow/example_dags/example_params_trigger_ui.py
[2023-11-16T08:34:25.362+0000] {processor.py:839} INFO - DAG(s) dict_keys(['example_params_trigger_ui']) retrieved from /home/airflow/.local/lib/python3.8/site-packages/airflow/example_dags/example_params_trigger_ui.py
[2023-11-16T08:34:25.397+0000] {logging_mixin.py:151} INFO - [2023-11-16T08:34:25.397+0000] {dag.py:2941} INFO - Sync 1 DAGs
[2023-11-16T08:34:25.407+0000] {logging_mixin.py:151} INFO - [2023-11-16T08:34:25.407+0000] {dag.py:3722} INFO - Setting next_dagrun for example_params_trigger_ui to None, run_after=None
[2023-11-16T08:34:25.423+0000] {processor.py:179} INFO - Processing /home/airflow/.local/lib/python3.8/site-packages/airflow/example_dags/example_params_trigger_ui.py took 0.078 seconds
[2023-11-16T08:34:55.512+0000] {processor.py:157} INFO - Started process (PID=714) to work on /home/airflow/.local/lib/python3.8/site-packages/airflow/example_dags/example_params_trigger_ui.py
[2023-11-16T08:34:55.512+0000] {processor.py:829} INFO - Processing file /home/airflow/.local/lib/python3.8/site-packages/airflow/example_dags/example_params_trigger_ui.py for tasks to queue
[2023-11-16T08:34:55.514+0000] {logging_mixin.py:151} INFO - [2023-11-16T08:34:55.514+0000] {dagbag.py:536} INFO - Filling up the DagBag from /home/airflow/.local/lib/python3.8/site-packages/airflow/example_dags/example_params_trigger_ui.py
[2023-11-16T08:34:55.526+0000] {processor.py:839} INFO - DAG(s) dict_keys(['example_params_trigger_ui']) retrieved from /home/airflow/.local/lib/python3.8/site-packages/airflow/example_dags/example_params_trigger_ui.py
[2023-11-16T08:34:55.560+0000] {logging_mixin.py:151} INFO - [2023-11-16T08:34:55.560+0000] {dag.py:2941} INFO - Sync 1 DAGs
[2023-11-16T08:34:55.570+0000] {logging_mixin.py:151} INFO - [2023-11-16T08:34:55.570+0000] {dag.py:3722} INFO - Setting next_dagrun for example_params_trigger_ui to None, run_after=None
[2023-11-16T08:34:55.583+0000] {processor.py:179} INFO - Processing /home/airflow/.local/lib/python3.8/site-packages/airflow/example_dags/example_params_trigger_ui.py took 0.074 seconds
[2023-11-16T08:35:26.308+0000] {processor.py:157} INFO - Started process (PID=767) to work on /home/airflow/.local/lib/python3.8/site-packages/airflow/example_dags/example_params_trigger_ui.py
[2023-11-16T08:35:26.309+0000] {processor.py:829} INFO - Processing file /home/airflow/.local/lib/python3.8/site-packages/airflow/example_dags/example_params_trigger_ui.py for tasks to queue
[2023-11-16T08:35:26.310+0000] {logging_mixin.py:151} INFO - [2023-11-16T08:35:26.310+0000] {dagbag.py:536} INFO - Filling up the DagBag from /home/airflow/.local/lib/python3.8/site-packages/airflow/example_dags/example_params_trigger_ui.py
[2023-11-16T08:35:26.321+0000] {processor.py:839} INFO - DAG(s) dict_keys(['example_params_trigger_ui']) retrieved from /home/airflow/.local/lib/python3.8/site-packages/airflow/example_dags/example_params_trigger_ui.py
[2023-11-16T08:35:26.356+0000] {logging_mixin.py:151} INFO - [2023-11-16T08:35:26.356+0000] {dag.py:2941} INFO - Sync 1 DAGs
[2023-11-16T08:35:26.365+0000] {logging_mixin.py:151} INFO - [2023-11-16T08:35:26.365+0000] {dag.py:3722} INFO - Setting next_dagrun for example_params_trigger_ui to None, run_after=None
[2023-11-16T08:35:26.377+0000] {processor.py:179} INFO - Processing /home/airflow/.local/lib/python3.8/site-packages/airflow/example_dags/example_params_trigger_ui.py took 0.071 seconds
[2023-11-16T08:35:56.523+0000] {processor.py:157} INFO - Started process (PID=821) to work on /home/airflow/.local/lib/python3.8/site-packages/airflow/example_dags/example_params_trigger_ui.py
[2023-11-16T08:35:56.524+0000] {processor.py:829} INFO - Processing file /home/airflow/.local/lib/python3.8/site-packages/airflow/example_dags/example_params_trigger_ui.py for tasks to queue
[2023-11-16T08:35:56.525+0000] {logging_mixin.py:151} INFO - [2023-11-16T08:35:56.525+0000] {dagbag.py:536} INFO - Filling up the DagBag from /home/airflow/.local/lib/python3.8/site-packages/airflow/example_dags/example_params_trigger_ui.py
[2023-11-16T08:35:56.537+0000] {processor.py:839} INFO - DAG(s) dict_keys(['example_params_trigger_ui']) retrieved from /home/airflow/.local/lib/python3.8/site-packages/airflow/example_dags/example_params_trigger_ui.py
[2023-11-16T08:35:56.571+0000] {logging_mixin.py:151} INFO - [2023-11-16T08:35:56.571+0000] {dag.py:2941} INFO - Sync 1 DAGs
[2023-11-16T08:35:56.580+0000] {logging_mixin.py:151} INFO - [2023-11-16T08:35:56.580+0000] {dag.py:3722} INFO - Setting next_dagrun for example_params_trigger_ui to None, run_after=None
[2023-11-16T08:35:56.596+0000] {processor.py:179} INFO - Processing /home/airflow/.local/lib/python3.8/site-packages/airflow/example_dags/example_params_trigger_ui.py took 0.075 seconds
[2023-11-16T08:36:26.700+0000] {processor.py:157} INFO - Started process (PID=875) to work on /home/airflow/.local/lib/python3.8/site-packages/airflow/example_dags/example_params_trigger_ui.py
[2023-11-16T08:36:26.701+0000] {processor.py:829} INFO - Processing file /home/airflow/.local/lib/python3.8/site-packages/airflow/example_dags/example_params_trigger_ui.py for tasks to queue
[2023-11-16T08:36:26.703+0000] {logging_mixin.py:151} INFO - [2023-11-16T08:36:26.703+0000] {dagbag.py:536} INFO - Filling up the DagBag from /home/airflow/.local/lib/python3.8/site-packages/airflow/example_dags/example_params_trigger_ui.py
[2023-11-16T08:36:26.713+0000] {processor.py:839} INFO - DAG(s) dict_keys(['example_params_trigger_ui']) retrieved from /home/airflow/.local/lib/python3.8/site-packages/airflow/example_dags/example_params_trigger_ui.py
[2023-11-16T08:36:26.747+0000] {logging_mixin.py:151} INFO - [2023-11-16T08:36:26.746+0000] {dag.py:2941} INFO - Sync 1 DAGs
[2023-11-16T08:36:26.756+0000] {logging_mixin.py:151} INFO - [2023-11-16T08:36:26.756+0000] {dag.py:3722} INFO - Setting next_dagrun for example_params_trigger_ui to None, run_after=None
[2023-11-16T08:36:26.769+0000] {processor.py:179} INFO - Processing /home/airflow/.local/lib/python3.8/site-packages/airflow/example_dags/example_params_trigger_ui.py took 0.070 seconds
[2023-11-16T08:36:56.922+0000] {processor.py:157} INFO - Started process (PID=929) to work on /home/airflow/.local/lib/python3.8/site-packages/airflow/example_dags/example_params_trigger_ui.py
[2023-11-16T08:36:56.923+0000] {processor.py:829} INFO - Processing file /home/airflow/.local/lib/python3.8/site-packages/airflow/example_dags/example_params_trigger_ui.py for tasks to queue
[2023-11-16T08:36:56.925+0000] {logging_mixin.py:151} INFO - [2023-11-16T08:36:56.925+0000] {dagbag.py:536} INFO - Filling up the DagBag from /home/airflow/.local/lib/python3.8/site-packages/airflow/example_dags/example_params_trigger_ui.py
[2023-11-16T08:36:56.936+0000] {processor.py:839} INFO - DAG(s) dict_keys(['example_params_trigger_ui']) retrieved from /home/airflow/.local/lib/python3.8/site-packages/airflow/example_dags/example_params_trigger_ui.py
[2023-11-16T08:36:56.971+0000] {logging_mixin.py:151} INFO - [2023-11-16T08:36:56.971+0000] {dag.py:2941} INFO - Sync 1 DAGs
[2023-11-16T08:36:56.981+0000] {logging_mixin.py:151} INFO - [2023-11-16T08:36:56.980+0000] {dag.py:3722} INFO - Setting next_dagrun for example_params_trigger_ui to None, run_after=None
[2023-11-16T08:36:56.997+0000] {processor.py:179} INFO - Processing /home/airflow/.local/lib/python3.8/site-packages/airflow/example_dags/example_params_trigger_ui.py took 0.077 seconds
[2023-11-16T08:37:27.063+0000] {processor.py:157} INFO - Started process (PID=983) to work on /home/airflow/.local/lib/python3.8/site-packages/airflow/example_dags/example_params_trigger_ui.py
[2023-11-16T08:37:27.064+0000] {processor.py:829} INFO - Processing file /home/airflow/.local/lib/python3.8/site-packages/airflow/example_dags/example_params_trigger_ui.py for tasks to queue
[2023-11-16T08:37:27.066+0000] {logging_mixin.py:151} INFO - [2023-11-16T08:37:27.066+0000] {dagbag.py:536} INFO - Filling up the DagBag from /home/airflow/.local/lib/python3.8/site-packages/airflow/example_dags/example_params_trigger_ui.py
[2023-11-16T08:37:27.077+0000] {processor.py:839} INFO - DAG(s) dict_keys(['example_params_trigger_ui']) retrieved from /home/airflow/.local/lib/python3.8/site-packages/airflow/example_dags/example_params_trigger_ui.py
[2023-11-16T08:37:27.112+0000] {logging_mixin.py:151} INFO - [2023-11-16T08:37:27.112+0000] {dag.py:2941} INFO - Sync 1 DAGs
[2023-11-16T08:37:27.121+0000] {logging_mixin.py:151} INFO - [2023-11-16T08:37:27.121+0000] {dag.py:3722} INFO - Setting next_dagrun for example_params_trigger_ui to None, run_after=None
[2023-11-16T08:37:27.133+0000] {processor.py:179} INFO - Processing /home/airflow/.local/lib/python3.8/site-packages/airflow/example_dags/example_params_trigger_ui.py took 0.072 seconds
[2023-11-16T08:37:57.298+0000] {processor.py:157} INFO - Started process (PID=1037) to work on /home/airflow/.local/lib/python3.8/site-packages/airflow/example_dags/example_params_trigger_ui.py
[2023-11-16T08:37:57.299+0000] {processor.py:829} INFO - Processing file /home/airflow/.local/lib/python3.8/site-packages/airflow/example_dags/example_params_trigger_ui.py for tasks to queue
[2023-11-16T08:37:57.301+0000] {logging_mixin.py:151} INFO - [2023-11-16T08:37:57.300+0000] {dagbag.py:536} INFO - Filling up the DagBag from /home/airflow/.local/lib/python3.8/site-packages/airflow/example_dags/example_params_trigger_ui.py
[2023-11-16T08:37:57.313+0000] {processor.py:839} INFO - DAG(s) dict_keys(['example_params_trigger_ui']) retrieved from /home/airflow/.local/lib/python3.8/site-packages/airflow/example_dags/example_params_trigger_ui.py
[2023-11-16T08:37:57.353+0000] {logging_mixin.py:151} INFO - [2023-11-16T08:37:57.352+0000] {dag.py:2941} INFO - Sync 1 DAGs
[2023-11-16T08:37:57.362+0000] {logging_mixin.py:151} INFO - [2023-11-16T08:37:57.362+0000] {dag.py:3722} INFO - Setting next_dagrun for example_params_trigger_ui to None, run_after=None
[2023-11-16T08:37:57.377+0000] {processor.py:179} INFO - Processing /home/airflow/.local/lib/python3.8/site-packages/airflow/example_dags/example_params_trigger_ui.py took 0.082 seconds
[2023-11-16T08:38:27.625+0000] {processor.py:157} INFO - Started process (PID=1091) to work on /home/airflow/.local/lib/python3.8/site-packages/airflow/example_dags/example_params_trigger_ui.py
[2023-11-16T08:38:27.626+0000] {processor.py:829} INFO - Processing file /home/airflow/.local/lib/python3.8/site-packages/airflow/example_dags/example_params_trigger_ui.py for tasks to queue
[2023-11-16T08:38:27.628+0000] {logging_mixin.py:151} INFO - [2023-11-16T08:38:27.628+0000] {dagbag.py:536} INFO - Filling up the DagBag from /home/airflow/.local/lib/python3.8/site-packages/airflow/example_dags/example_params_trigger_ui.py
[2023-11-16T08:38:27.639+0000] {processor.py:839} INFO - DAG(s) dict_keys(['example_params_trigger_ui']) retrieved from /home/airflow/.local/lib/python3.8/site-packages/airflow/example_dags/example_params_trigger_ui.py
[2023-11-16T08:38:27.674+0000] {logging_mixin.py:151} INFO - [2023-11-16T08:38:27.674+0000] {dag.py:2941} INFO - Sync 1 DAGs
[2023-11-16T08:38:27.683+0000] {logging_mixin.py:151} INFO - [2023-11-16T08:38:27.683+0000] {dag.py:3722} INFO - Setting next_dagrun for example_params_trigger_ui to None, run_after=None
[2023-11-16T08:38:27.696+0000] {processor.py:179} INFO - Processing /home/airflow/.local/lib/python3.8/site-packages/airflow/example_dags/example_params_trigger_ui.py took 0.073 seconds
[2023-11-16T08:38:57.843+0000] {processor.py:157} INFO - Started process (PID=1145) to work on /home/airflow/.local/lib/python3.8/site-packages/airflow/example_dags/example_params_trigger_ui.py
[2023-11-16T08:38:57.844+0000] {processor.py:829} INFO - Processing file /home/airflow/.local/lib/python3.8/site-packages/airflow/example_dags/example_params_trigger_ui.py for tasks to queue
[2023-11-16T08:38:57.846+0000] {logging_mixin.py:151} INFO - [2023-11-16T08:38:57.845+0000] {dagbag.py:536} INFO - Filling up the DagBag from /home/airflow/.local/lib/python3.8/site-packages/airflow/example_dags/example_params_trigger_ui.py
[2023-11-16T08:38:57.858+0000] {processor.py:839} INFO - DAG(s) dict_keys(['example_params_trigger_ui']) retrieved from /home/airflow/.local/lib/python3.8/site-packages/airflow/example_dags/example_params_trigger_ui.py
[2023-11-16T08:38:57.892+0000] {logging_mixin.py:151} INFO - [2023-11-16T08:38:57.892+0000] {dag.py:2941} INFO - Sync 1 DAGs
[2023-11-16T08:38:57.900+0000] {logging_mixin.py:151} INFO - [2023-11-16T08:38:57.900+0000] {dag.py:3722} INFO - Setting next_dagrun for example_params_trigger_ui to None, run_after=None
[2023-11-16T08:38:57.916+0000] {processor.py:179} INFO - Processing /home/airflow/.local/lib/python3.8/site-packages/airflow/example_dags/example_params_trigger_ui.py took 0.075 seconds
[2023-11-16T08:39:28.002+0000] {processor.py:157} INFO - Started process (PID=1199) to work on /home/airflow/.local/lib/python3.8/site-packages/airflow/example_dags/example_params_trigger_ui.py
[2023-11-16T08:39:28.003+0000] {processor.py:829} INFO - Processing file /home/airflow/.local/lib/python3.8/site-packages/airflow/example_dags/example_params_trigger_ui.py for tasks to queue
[2023-11-16T08:39:28.004+0000] {logging_mixin.py:151} INFO - [2023-11-16T08:39:28.004+0000] {dagbag.py:536} INFO - Filling up the DagBag from /home/airflow/.local/lib/python3.8/site-packages/airflow/example_dags/example_params_trigger_ui.py
[2023-11-16T08:39:28.015+0000] {processor.py:839} INFO - DAG(s) dict_keys(['example_params_trigger_ui']) retrieved from /home/airflow/.local/lib/python3.8/site-packages/airflow/example_dags/example_params_trigger_ui.py
[2023-11-16T08:39:28.048+0000] {logging_mixin.py:151} INFO - [2023-11-16T08:39:28.048+0000] {dag.py:2941} INFO - Sync 1 DAGs
[2023-11-16T08:39:28.057+0000] {logging_mixin.py:151} INFO - [2023-11-16T08:39:28.057+0000] {dag.py:3722} INFO - Setting next_dagrun for example_params_trigger_ui to None, run_after=None
[2023-11-16T08:39:28.069+0000] {processor.py:179} INFO - Processing /home/airflow/.local/lib/python3.8/site-packages/airflow/example_dags/example_params_trigger_ui.py took 0.069 seconds
[2023-11-16T08:39:58.214+0000] {processor.py:157} INFO - Started process (PID=1253) to work on /home/airflow/.local/lib/python3.8/site-packages/airflow/example_dags/example_params_trigger_ui.py
[2023-11-16T08:39:58.214+0000] {processor.py:829} INFO - Processing file /home/airflow/.local/lib/python3.8/site-packages/airflow/example_dags/example_params_trigger_ui.py for tasks to queue
[2023-11-16T08:39:58.216+0000] {logging_mixin.py:151} INFO - [2023-11-16T08:39:58.216+0000] {dagbag.py:536} INFO - Filling up the DagBag from /home/airflow/.local/lib/python3.8/site-packages/airflow/example_dags/example_params_trigger_ui.py
[2023-11-16T08:39:58.228+0000] {processor.py:839} INFO - DAG(s) dict_keys(['example_params_trigger_ui']) retrieved from /home/airflow/.local/lib/python3.8/site-packages/airflow/example_dags/example_params_trigger_ui.py
[2023-11-16T08:39:58.270+0000] {logging_mixin.py:151} INFO - [2023-11-16T08:39:58.270+0000] {dag.py:2941} INFO - Sync 1 DAGs
[2023-11-16T08:39:58.280+0000] {logging_mixin.py:151} INFO - [2023-11-16T08:39:58.280+0000] {dag.py:3722} INFO - Setting next_dagrun for example_params_trigger_ui to None, run_after=None
[2023-11-16T08:39:58.293+0000] {processor.py:179} INFO - Processing /home/airflow/.local/lib/python3.8/site-packages/airflow/example_dags/example_params_trigger_ui.py took 0.082 seconds
[2023-11-16T08:40:29.156+0000] {processor.py:157} INFO - Started process (PID=1307) to work on /home/airflow/.local/lib/python3.8/site-packages/airflow/example_dags/example_params_trigger_ui.py
[2023-11-16T08:40:29.157+0000] {processor.py:829} INFO - Processing file /home/airflow/.local/lib/python3.8/site-packages/airflow/example_dags/example_params_trigger_ui.py for tasks to queue
[2023-11-16T08:40:29.158+0000] {logging_mixin.py:151} INFO - [2023-11-16T08:40:29.158+0000] {dagbag.py:536} INFO - Filling up the DagBag from /home/airflow/.local/lib/python3.8/site-packages/airflow/example_dags/example_params_trigger_ui.py
[2023-11-16T08:40:29.169+0000] {processor.py:839} INFO - DAG(s) dict_keys(['example_params_trigger_ui']) retrieved from /home/airflow/.local/lib/python3.8/site-packages/airflow/example_dags/example_params_trigger_ui.py
[2023-11-16T08:40:29.205+0000] {logging_mixin.py:151} INFO - [2023-11-16T08:40:29.204+0000] {dag.py:2941} INFO - Sync 1 DAGs
[2023-11-16T08:40:29.213+0000] {logging_mixin.py:151} INFO - [2023-11-16T08:40:29.213+0000] {dag.py:3722} INFO - Setting next_dagrun for example_params_trigger_ui to None, run_after=None
[2023-11-16T08:40:29.225+0000] {processor.py:179} INFO - Processing /home/airflow/.local/lib/python3.8/site-packages/airflow/example_dags/example_params_trigger_ui.py took 0.071 seconds
[2023-11-16T08:41:00.037+0000] {processor.py:157} INFO - Started process (PID=1361) to work on /home/airflow/.local/lib/python3.8/site-packages/airflow/example_dags/example_params_trigger_ui.py
[2023-11-16T08:41:00.038+0000] {processor.py:829} INFO - Processing file /home/airflow/.local/lib/python3.8/site-packages/airflow/example_dags/example_params_trigger_ui.py for tasks to queue
[2023-11-16T08:41:00.039+0000] {logging_mixin.py:151} INFO - [2023-11-16T08:41:00.039+0000] {dagbag.py:536} INFO - Filling up the DagBag from /home/airflow/.local/lib/python3.8/site-packages/airflow/example_dags/example_params_trigger_ui.py
[2023-11-16T08:41:00.050+0000] {processor.py:839} INFO - DAG(s) dict_keys(['example_params_trigger_ui']) retrieved from /home/airflow/.local/lib/python3.8/site-packages/airflow/example_dags/example_params_trigger_ui.py
[2023-11-16T08:41:00.085+0000] {logging_mixin.py:151} INFO - [2023-11-16T08:41:00.085+0000] {dag.py:2941} INFO - Sync 1 DAGs
[2023-11-16T08:41:00.095+0000] {logging_mixin.py:151} INFO - [2023-11-16T08:41:00.094+0000] {dag.py:3722} INFO - Setting next_dagrun for example_params_trigger_ui to None, run_after=None
[2023-11-16T08:41:00.108+0000] {processor.py:179} INFO - Processing /home/airflow/.local/lib/python3.8/site-packages/airflow/example_dags/example_params_trigger_ui.py took 0.073 seconds
[2023-11-16T08:41:31.066+0000] {processor.py:157} INFO - Started process (PID=1415) to work on /home/airflow/.local/lib/python3.8/site-packages/airflow/example_dags/example_params_trigger_ui.py
[2023-11-16T08:41:31.067+0000] {processor.py:829} INFO - Processing file /home/airflow/.local/lib/python3.8/site-packages/airflow/example_dags/example_params_trigger_ui.py for tasks to queue
[2023-11-16T08:41:31.068+0000] {logging_mixin.py:151} INFO - [2023-11-16T08:41:31.068+0000] {dagbag.py:536} INFO - Filling up the DagBag from /home/airflow/.local/lib/python3.8/site-packages/airflow/example_dags/example_params_trigger_ui.py
[2023-11-16T08:41:31.080+0000] {processor.py:839} INFO - DAG(s) dict_keys(['example_params_trigger_ui']) retrieved from /home/airflow/.local/lib/python3.8/site-packages/airflow/example_dags/example_params_trigger_ui.py
[2023-11-16T08:41:31.120+0000] {logging_mixin.py:151} INFO - [2023-11-16T08:41:31.120+0000] {dag.py:2941} INFO - Sync 1 DAGs
[2023-11-16T08:41:31.131+0000] {logging_mixin.py:151} INFO - [2023-11-16T08:41:31.131+0000] {dag.py:3722} INFO - Setting next_dagrun for example_params_trigger_ui to None, run_after=None
[2023-11-16T08:41:31.146+0000] {processor.py:179} INFO - Processing /home/airflow/.local/lib/python3.8/site-packages/airflow/example_dags/example_params_trigger_ui.py took 0.083 seconds
[2023-11-16T08:42:01.209+0000] {processor.py:157} INFO - Started process (PID=1469) to work on /home/airflow/.local/lib/python3.8/site-packages/airflow/example_dags/example_params_trigger_ui.py
[2023-11-16T08:42:01.210+0000] {processor.py:829} INFO - Processing file /home/airflow/.local/lib/python3.8/site-packages/airflow/example_dags/example_params_trigger_ui.py for tasks to queue
[2023-11-16T08:42:01.212+0000] {logging_mixin.py:151} INFO - [2023-11-16T08:42:01.211+0000] {dagbag.py:536} INFO - Filling up the DagBag from /home/airflow/.local/lib/python3.8/site-packages/airflow/example_dags/example_params_trigger_ui.py
[2023-11-16T08:42:01.222+0000] {processor.py:839} INFO - DAG(s) dict_keys(['example_params_trigger_ui']) retrieved from /home/airflow/.local/lib/python3.8/site-packages/airflow/example_dags/example_params_trigger_ui.py
[2023-11-16T08:42:01.258+0000] {logging_mixin.py:151} INFO - [2023-11-16T08:42:01.258+0000] {dag.py:2941} INFO - Sync 1 DAGs
[2023-11-16T08:42:01.267+0000] {logging_mixin.py:151} INFO - [2023-11-16T08:42:01.266+0000] {dag.py:3722} INFO - Setting next_dagrun for example_params_trigger_ui to None, run_after=None
[2023-11-16T08:42:01.278+0000] {processor.py:179} INFO - Processing /home/airflow/.local/lib/python3.8/site-packages/airflow/example_dags/example_params_trigger_ui.py took 0.071 seconds
[2023-11-16T08:42:32.138+0000] {processor.py:157} INFO - Started process (PID=1530) to work on /home/airflow/.local/lib/python3.8/site-packages/airflow/example_dags/example_params_trigger_ui.py
[2023-11-16T08:42:32.139+0000] {processor.py:829} INFO - Processing file /home/airflow/.local/lib/python3.8/site-packages/airflow/example_dags/example_params_trigger_ui.py for tasks to queue
[2023-11-16T08:42:32.142+0000] {logging_mixin.py:151} INFO - [2023-11-16T08:42:32.141+0000] {dagbag.py:536} INFO - Filling up the DagBag from /home/airflow/.local/lib/python3.8/site-packages/airflow/example_dags/example_params_trigger_ui.py
[2023-11-16T08:42:32.157+0000] {processor.py:839} INFO - DAG(s) dict_keys(['example_params_trigger_ui']) retrieved from /home/airflow/.local/lib/python3.8/site-packages/airflow/example_dags/example_params_trigger_ui.py
[2023-11-16T08:42:32.199+0000] {logging_mixin.py:151} INFO - [2023-11-16T08:42:32.199+0000] {dag.py:2941} INFO - Sync 1 DAGs
[2023-11-16T08:42:32.209+0000] {logging_mixin.py:151} INFO - [2023-11-16T08:42:32.208+0000] {dag.py:3722} INFO - Setting next_dagrun for example_params_trigger_ui to None, run_after=None
[2023-11-16T08:42:32.223+0000] {processor.py:179} INFO - Processing /home/airflow/.local/lib/python3.8/site-packages/airflow/example_dags/example_params_trigger_ui.py took 0.087 seconds
[2023-11-16T08:43:03.022+0000] {processor.py:157} INFO - Started process (PID=1584) to work on /home/airflow/.local/lib/python3.8/site-packages/airflow/example_dags/example_params_trigger_ui.py
[2023-11-16T08:43:03.022+0000] {processor.py:829} INFO - Processing file /home/airflow/.local/lib/python3.8/site-packages/airflow/example_dags/example_params_trigger_ui.py for tasks to queue
[2023-11-16T08:43:03.024+0000] {logging_mixin.py:151} INFO - [2023-11-16T08:43:03.024+0000] {dagbag.py:536} INFO - Filling up the DagBag from /home/airflow/.local/lib/python3.8/site-packages/airflow/example_dags/example_params_trigger_ui.py
[2023-11-16T08:43:03.038+0000] {processor.py:839} INFO - DAG(s) dict_keys(['example_params_trigger_ui']) retrieved from /home/airflow/.local/lib/python3.8/site-packages/airflow/example_dags/example_params_trigger_ui.py
[2023-11-16T08:43:03.072+0000] {logging_mixin.py:151} INFO - [2023-11-16T08:43:03.071+0000] {dag.py:2941} INFO - Sync 1 DAGs
[2023-11-16T08:43:03.080+0000] {logging_mixin.py:151} INFO - [2023-11-16T08:43:03.080+0000] {dag.py:3722} INFO - Setting next_dagrun for example_params_trigger_ui to None, run_after=None
[2023-11-16T08:43:03.202+0000] {processor.py:179} INFO - Processing /home/airflow/.local/lib/python3.8/site-packages/airflow/example_dags/example_params_trigger_ui.py took 0.183 seconds
[2023-11-16T08:43:33.486+0000] {processor.py:157} INFO - Started process (PID=1638) to work on /home/airflow/.local/lib/python3.8/site-packages/airflow/example_dags/example_params_trigger_ui.py
[2023-11-16T08:43:33.487+0000] {processor.py:829} INFO - Processing file /home/airflow/.local/lib/python3.8/site-packages/airflow/example_dags/example_params_trigger_ui.py for tasks to queue
[2023-11-16T08:43:33.488+0000] {logging_mixin.py:151} INFO - [2023-11-16T08:43:33.488+0000] {dagbag.py:536} INFO - Filling up the DagBag from /home/airflow/.local/lib/python3.8/site-packages/airflow/example_dags/example_params_trigger_ui.py
[2023-11-16T08:43:33.499+0000] {processor.py:839} INFO - DAG(s) dict_keys(['example_params_trigger_ui']) retrieved from /home/airflow/.local/lib/python3.8/site-packages/airflow/example_dags/example_params_trigger_ui.py
[2023-11-16T08:43:33.534+0000] {logging_mixin.py:151} INFO - [2023-11-16T08:43:33.533+0000] {dag.py:2941} INFO - Sync 1 DAGs
[2023-11-16T08:43:33.542+0000] {logging_mixin.py:151} INFO - [2023-11-16T08:43:33.542+0000] {dag.py:3722} INFO - Setting next_dagrun for example_params_trigger_ui to None, run_after=None
[2023-11-16T08:43:33.554+0000] {processor.py:179} INFO - Processing /home/airflow/.local/lib/python3.8/site-packages/airflow/example_dags/example_params_trigger_ui.py took 0.070 seconds
[2023-11-16T08:44:03.936+0000] {processor.py:157} INFO - Started process (PID=1692) to work on /home/airflow/.local/lib/python3.8/site-packages/airflow/example_dags/example_params_trigger_ui.py
[2023-11-16T08:44:03.937+0000] {processor.py:829} INFO - Processing file /home/airflow/.local/lib/python3.8/site-packages/airflow/example_dags/example_params_trigger_ui.py for tasks to queue
[2023-11-16T08:44:03.938+0000] {logging_mixin.py:151} INFO - [2023-11-16T08:44:03.938+0000] {dagbag.py:536} INFO - Filling up the DagBag from /home/airflow/.local/lib/python3.8/site-packages/airflow/example_dags/example_params_trigger_ui.py
[2023-11-16T08:44:03.949+0000] {processor.py:839} INFO - DAG(s) dict_keys(['example_params_trigger_ui']) retrieved from /home/airflow/.local/lib/python3.8/site-packages/airflow/example_dags/example_params_trigger_ui.py
[2023-11-16T08:44:03.983+0000] {logging_mixin.py:151} INFO - [2023-11-16T08:44:03.983+0000] {dag.py:2941} INFO - Sync 1 DAGs
[2023-11-16T08:44:03.991+0000] {logging_mixin.py:151} INFO - [2023-11-16T08:44:03.991+0000] {dag.py:3722} INFO - Setting next_dagrun for example_params_trigger_ui to None, run_after=None
[2023-11-16T08:44:04.003+0000] {processor.py:179} INFO - Processing /home/airflow/.local/lib/python3.8/site-packages/airflow/example_dags/example_params_trigger_ui.py took 0.070 seconds
[2023-11-16T08:44:35.126+0000] {processor.py:157} INFO - Started process (PID=1746) to work on /home/airflow/.local/lib/python3.8/site-packages/airflow/example_dags/example_params_trigger_ui.py
[2023-11-16T08:44:35.126+0000] {processor.py:829} INFO - Processing file /home/airflow/.local/lib/python3.8/site-packages/airflow/example_dags/example_params_trigger_ui.py for tasks to queue
[2023-11-16T08:44:35.128+0000] {logging_mixin.py:151} INFO - [2023-11-16T08:44:35.128+0000] {dagbag.py:536} INFO - Filling up the DagBag from /home/airflow/.local/lib/python3.8/site-packages/airflow/example_dags/example_params_trigger_ui.py
[2023-11-16T08:44:35.145+0000] {processor.py:839} INFO - DAG(s) dict_keys(['example_params_trigger_ui']) retrieved from /home/airflow/.local/lib/python3.8/site-packages/airflow/example_dags/example_params_trigger_ui.py
[2023-11-16T08:44:35.184+0000] {logging_mixin.py:151} INFO - [2023-11-16T08:44:35.184+0000] {dag.py:2941} INFO - Sync 1 DAGs
[2023-11-16T08:44:35.306+0000] {logging_mixin.py:151} INFO - [2023-11-16T08:44:35.306+0000] {dag.py:3722} INFO - Setting next_dagrun for example_params_trigger_ui to None, run_after=None
[2023-11-16T08:44:35.318+0000] {processor.py:179} INFO - Processing /home/airflow/.local/lib/python3.8/site-packages/airflow/example_dags/example_params_trigger_ui.py took 0.195 seconds
[2023-11-16T08:45:05.338+0000] {processor.py:157} INFO - Started process (PID=1800) to work on /home/airflow/.local/lib/python3.8/site-packages/airflow/example_dags/example_params_trigger_ui.py
[2023-11-16T08:45:05.339+0000] {processor.py:829} INFO - Processing file /home/airflow/.local/lib/python3.8/site-packages/airflow/example_dags/example_params_trigger_ui.py for tasks to queue
[2023-11-16T08:45:05.340+0000] {logging_mixin.py:151} INFO - [2023-11-16T08:45:05.340+0000] {dagbag.py:536} INFO - Filling up the DagBag from /home/airflow/.local/lib/python3.8/site-packages/airflow/example_dags/example_params_trigger_ui.py
[2023-11-16T08:45:05.356+0000] {processor.py:839} INFO - DAG(s) dict_keys(['example_params_trigger_ui']) retrieved from /home/airflow/.local/lib/python3.8/site-packages/airflow/example_dags/example_params_trigger_ui.py
[2023-11-16T08:45:05.398+0000] {logging_mixin.py:151} INFO - [2023-11-16T08:45:05.398+0000] {dag.py:2941} INFO - Sync 1 DAGs
[2023-11-16T08:45:05.408+0000] {logging_mixin.py:151} INFO - [2023-11-16T08:45:05.408+0000] {dag.py:3722} INFO - Setting next_dagrun for example_params_trigger_ui to None, run_after=None
[2023-11-16T08:45:05.596+0000] {processor.py:179} INFO - Processing /home/airflow/.local/lib/python3.8/site-packages/airflow/example_dags/example_params_trigger_ui.py took 0.260 seconds
[2023-11-16T08:45:36.092+0000] {processor.py:157} INFO - Started process (PID=1854) to work on /home/airflow/.local/lib/python3.8/site-packages/airflow/example_dags/example_params_trigger_ui.py
[2023-11-16T08:45:36.093+0000] {processor.py:829} INFO - Processing file /home/airflow/.local/lib/python3.8/site-packages/airflow/example_dags/example_params_trigger_ui.py for tasks to queue
[2023-11-16T08:45:36.094+0000] {logging_mixin.py:151} INFO - [2023-11-16T08:45:36.094+0000] {dagbag.py:536} INFO - Filling up the DagBag from /home/airflow/.local/lib/python3.8/site-packages/airflow/example_dags/example_params_trigger_ui.py
[2023-11-16T08:45:36.105+0000] {processor.py:839} INFO - DAG(s) dict_keys(['example_params_trigger_ui']) retrieved from /home/airflow/.local/lib/python3.8/site-packages/airflow/example_dags/example_params_trigger_ui.py
[2023-11-16T08:45:36.141+0000] {logging_mixin.py:151} INFO - [2023-11-16T08:45:36.141+0000] {dag.py:2941} INFO - Sync 1 DAGs
[2023-11-16T08:45:36.151+0000] {logging_mixin.py:151} INFO - [2023-11-16T08:45:36.151+0000] {dag.py:3722} INFO - Setting next_dagrun for example_params_trigger_ui to None, run_after=None
[2023-11-16T08:45:36.164+0000] {processor.py:179} INFO - Processing /home/airflow/.local/lib/python3.8/site-packages/airflow/example_dags/example_params_trigger_ui.py took 0.074 seconds
[2023-11-16T08:46:06.396+0000] {processor.py:157} INFO - Started process (PID=1908) to work on /home/airflow/.local/lib/python3.8/site-packages/airflow/example_dags/example_params_trigger_ui.py
[2023-11-16T08:46:06.397+0000] {processor.py:829} INFO - Processing file /home/airflow/.local/lib/python3.8/site-packages/airflow/example_dags/example_params_trigger_ui.py for tasks to queue
[2023-11-16T08:46:06.398+0000] {logging_mixin.py:151} INFO - [2023-11-16T08:46:06.398+0000] {dagbag.py:536} INFO - Filling up the DagBag from /home/airflow/.local/lib/python3.8/site-packages/airflow/example_dags/example_params_trigger_ui.py
[2023-11-16T08:46:06.410+0000] {processor.py:839} INFO - DAG(s) dict_keys(['example_params_trigger_ui']) retrieved from /home/airflow/.local/lib/python3.8/site-packages/airflow/example_dags/example_params_trigger_ui.py
[2023-11-16T08:46:06.445+0000] {logging_mixin.py:151} INFO - [2023-11-16T08:46:06.445+0000] {dag.py:2941} INFO - Sync 1 DAGs
[2023-11-16T08:46:06.454+0000] {logging_mixin.py:151} INFO - [2023-11-16T08:46:06.454+0000] {dag.py:3722} INFO - Setting next_dagrun for example_params_trigger_ui to None, run_after=None
[2023-11-16T08:46:06.466+0000] {processor.py:179} INFO - Processing /home/airflow/.local/lib/python3.8/site-packages/airflow/example_dags/example_params_trigger_ui.py took 0.072 seconds
