[2023-11-16T08:28:53.064+0000] {processor.py:157} INFO - Started process (PID=78) to work on /home/airflow/.local/lib/python3.8/site-packages/airflow/example_dags/example_branch_operator.py
[2023-11-16T08:28:53.068+0000] {processor.py:829} INFO - Processing file /home/airflow/.local/lib/python3.8/site-packages/airflow/example_dags/example_branch_operator.py for tasks to queue
[2023-11-16T08:28:53.074+0000] {logging_mixin.py:151} INFO - [2023-11-16T08:28:53.072+0000] {dagbag.py:536} INFO - Filling up the DagBag from /home/airflow/.local/lib/python3.8/site-packages/airflow/example_dags/example_branch_operator.py
[2023-11-16T08:28:53.096+0000] {processor.py:839} INFO - DAG(s) dict_keys(['example_branch_operator']) retrieved from /home/airflow/.local/lib/python3.8/site-packages/airflow/example_dags/example_branch_operator.py
[2023-11-16T08:28:53.210+0000] {logging_mixin.py:151} INFO - [2023-11-16T08:28:53.209+0000] {dag.py:2941} INFO - Sync 1 DAGs
[2023-11-16T08:28:53.242+0000] {logging_mixin.py:151} INFO - [2023-11-16T08:28:53.242+0000] {dag.py:3722} INFO - Setting next_dagrun for example_branch_operator to 2023-11-15T00:00:00+00:00, run_after=2023-11-16T00:00:00+00:00
[2023-11-16T08:28:53.344+0000] {processor.py:179} INFO - Processing /home/airflow/.local/lib/python3.8/site-packages/airflow/example_dags/example_branch_operator.py took 0.285 seconds
[2023-11-16T08:29:23.739+0000] {processor.py:157} INFO - Started process (PID=132) to work on /home/airflow/.local/lib/python3.8/site-packages/airflow/example_dags/example_branch_operator.py
[2023-11-16T08:29:23.740+0000] {processor.py:829} INFO - Processing file /home/airflow/.local/lib/python3.8/site-packages/airflow/example_dags/example_branch_operator.py for tasks to queue
[2023-11-16T08:29:23.741+0000] {logging_mixin.py:151} INFO - [2023-11-16T08:29:23.741+0000] {dagbag.py:536} INFO - Filling up the DagBag from /home/airflow/.local/lib/python3.8/site-packages/airflow/example_dags/example_branch_operator.py
[2023-11-16T08:29:23.747+0000] {processor.py:839} INFO - DAG(s) dict_keys(['example_branch_operator']) retrieved from /home/airflow/.local/lib/python3.8/site-packages/airflow/example_dags/example_branch_operator.py
[2023-11-16T08:29:23.762+0000] {logging_mixin.py:151} INFO - [2023-11-16T08:29:23.762+0000] {dag.py:2941} INFO - Sync 1 DAGs
[2023-11-16T08:29:23.777+0000] {logging_mixin.py:151} INFO - [2023-11-16T08:29:23.777+0000] {dag.py:3722} INFO - Setting next_dagrun for example_branch_operator to 2023-11-15T00:00:00+00:00, run_after=2023-11-16T00:00:00+00:00
[2023-11-16T08:29:23.789+0000] {processor.py:179} INFO - Processing /home/airflow/.local/lib/python3.8/site-packages/airflow/example_dags/example_branch_operator.py took 0.052 seconds
[2023-11-16T08:29:54.619+0000] {processor.py:157} INFO - Started process (PID=186) to work on /home/airflow/.local/lib/python3.8/site-packages/airflow/example_dags/example_branch_operator.py
[2023-11-16T08:29:54.620+0000] {processor.py:829} INFO - Processing file /home/airflow/.local/lib/python3.8/site-packages/airflow/example_dags/example_branch_operator.py for tasks to queue
[2023-11-16T08:29:54.622+0000] {logging_mixin.py:151} INFO - [2023-11-16T08:29:54.622+0000] {dagbag.py:536} INFO - Filling up the DagBag from /home/airflow/.local/lib/python3.8/site-packages/airflow/example_dags/example_branch_operator.py
[2023-11-16T08:29:54.629+0000] {processor.py:839} INFO - DAG(s) dict_keys(['example_branch_operator']) retrieved from /home/airflow/.local/lib/python3.8/site-packages/airflow/example_dags/example_branch_operator.py
[2023-11-16T08:29:54.644+0000] {logging_mixin.py:151} INFO - [2023-11-16T08:29:54.644+0000] {dag.py:2941} INFO - Sync 1 DAGs
[2023-11-16T08:29:54.662+0000] {logging_mixin.py:151} INFO - [2023-11-16T08:29:54.662+0000] {dag.py:3722} INFO - Setting next_dagrun for example_branch_operator to 2023-11-15T00:00:00+00:00, run_after=2023-11-16T00:00:00+00:00
[2023-11-16T08:29:54.676+0000] {processor.py:179} INFO - Processing /home/airflow/.local/lib/python3.8/site-packages/airflow/example_dags/example_branch_operator.py took 0.060 seconds
[2023-11-16T08:30:24.757+0000] {processor.py:157} INFO - Started process (PID=239) to work on /home/airflow/.local/lib/python3.8/site-packages/airflow/example_dags/example_branch_operator.py
[2023-11-16T08:30:24.758+0000] {processor.py:829} INFO - Processing file /home/airflow/.local/lib/python3.8/site-packages/airflow/example_dags/example_branch_operator.py for tasks to queue
[2023-11-16T08:30:24.759+0000] {logging_mixin.py:151} INFO - [2023-11-16T08:30:24.759+0000] {dagbag.py:536} INFO - Filling up the DagBag from /home/airflow/.local/lib/python3.8/site-packages/airflow/example_dags/example_branch_operator.py
[2023-11-16T08:30:24.766+0000] {processor.py:839} INFO - DAG(s) dict_keys(['example_branch_operator']) retrieved from /home/airflow/.local/lib/python3.8/site-packages/airflow/example_dags/example_branch_operator.py
[2023-11-16T08:30:24.781+0000] {logging_mixin.py:151} INFO - [2023-11-16T08:30:24.781+0000] {dag.py:2941} INFO - Sync 1 DAGs
[2023-11-16T08:30:24.798+0000] {logging_mixin.py:151} INFO - [2023-11-16T08:30:24.798+0000] {dag.py:3722} INFO - Setting next_dagrun for example_branch_operator to 2023-11-15T00:00:00+00:00, run_after=2023-11-16T00:00:00+00:00
[2023-11-16T08:30:24.812+0000] {processor.py:179} INFO - Processing /home/airflow/.local/lib/python3.8/site-packages/airflow/example_dags/example_branch_operator.py took 0.057 seconds
[2023-11-16T08:30:55.757+0000] {processor.py:157} INFO - Started process (PID=294) to work on /home/airflow/.local/lib/python3.8/site-packages/airflow/example_dags/example_branch_operator.py
[2023-11-16T08:30:55.757+0000] {processor.py:829} INFO - Processing file /home/airflow/.local/lib/python3.8/site-packages/airflow/example_dags/example_branch_operator.py for tasks to queue
[2023-11-16T08:30:55.759+0000] {logging_mixin.py:151} INFO - [2023-11-16T08:30:55.759+0000] {dagbag.py:536} INFO - Filling up the DagBag from /home/airflow/.local/lib/python3.8/site-packages/airflow/example_dags/example_branch_operator.py
[2023-11-16T08:30:55.765+0000] {processor.py:839} INFO - DAG(s) dict_keys(['example_branch_operator']) retrieved from /home/airflow/.local/lib/python3.8/site-packages/airflow/example_dags/example_branch_operator.py
[2023-11-16T08:30:55.780+0000] {logging_mixin.py:151} INFO - [2023-11-16T08:30:55.780+0000] {dag.py:2941} INFO - Sync 1 DAGs
[2023-11-16T08:30:55.797+0000] {logging_mixin.py:151} INFO - [2023-11-16T08:30:55.797+0000] {dag.py:3722} INFO - Setting next_dagrun for example_branch_operator to 2023-11-15T00:00:00+00:00, run_after=2023-11-16T00:00:00+00:00
[2023-11-16T08:30:55.811+0000] {processor.py:179} INFO - Processing /home/airflow/.local/lib/python3.8/site-packages/airflow/example_dags/example_branch_operator.py took 0.057 seconds
[2023-11-16T08:31:26.263+0000] {processor.py:157} INFO - Started process (PID=348) to work on /home/airflow/.local/lib/python3.8/site-packages/airflow/example_dags/example_branch_operator.py
[2023-11-16T08:31:26.264+0000] {processor.py:829} INFO - Processing file /home/airflow/.local/lib/python3.8/site-packages/airflow/example_dags/example_branch_operator.py for tasks to queue
[2023-11-16T08:31:26.267+0000] {logging_mixin.py:151} INFO - [2023-11-16T08:31:26.267+0000] {dagbag.py:536} INFO - Filling up the DagBag from /home/airflow/.local/lib/python3.8/site-packages/airflow/example_dags/example_branch_operator.py
[2023-11-16T08:31:26.275+0000] {processor.py:839} INFO - DAG(s) dict_keys(['example_branch_operator']) retrieved from /home/airflow/.local/lib/python3.8/site-packages/airflow/example_dags/example_branch_operator.py
[2023-11-16T08:31:26.294+0000] {logging_mixin.py:151} INFO - [2023-11-16T08:31:26.293+0000] {dag.py:2941} INFO - Sync 1 DAGs
[2023-11-16T08:31:26.312+0000] {logging_mixin.py:151} INFO - [2023-11-16T08:31:26.312+0000] {dag.py:3722} INFO - Setting next_dagrun for example_branch_operator to 2023-11-15T00:00:00+00:00, run_after=2023-11-16T00:00:00+00:00
[2023-11-16T08:31:26.328+0000] {processor.py:179} INFO - Processing /home/airflow/.local/lib/python3.8/site-packages/airflow/example_dags/example_branch_operator.py took 0.066 seconds
[2023-11-16T08:31:56.458+0000] {processor.py:157} INFO - Started process (PID=401) to work on /home/airflow/.local/lib/python3.8/site-packages/airflow/example_dags/example_branch_operator.py
[2023-11-16T08:31:56.459+0000] {processor.py:829} INFO - Processing file /home/airflow/.local/lib/python3.8/site-packages/airflow/example_dags/example_branch_operator.py for tasks to queue
[2023-11-16T08:31:56.461+0000] {logging_mixin.py:151} INFO - [2023-11-16T08:31:56.461+0000] {dagbag.py:536} INFO - Filling up the DagBag from /home/airflow/.local/lib/python3.8/site-packages/airflow/example_dags/example_branch_operator.py
[2023-11-16T08:31:56.468+0000] {processor.py:839} INFO - DAG(s) dict_keys(['example_branch_operator']) retrieved from /home/airflow/.local/lib/python3.8/site-packages/airflow/example_dags/example_branch_operator.py
[2023-11-16T08:31:56.487+0000] {logging_mixin.py:151} INFO - [2023-11-16T08:31:56.487+0000] {dag.py:2941} INFO - Sync 1 DAGs
[2023-11-16T08:31:56.509+0000] {logging_mixin.py:151} INFO - [2023-11-16T08:31:56.509+0000] {dag.py:3722} INFO - Setting next_dagrun for example_branch_operator to 2023-11-15T00:00:00+00:00, run_after=2023-11-16T00:00:00+00:00
[2023-11-16T08:31:56.526+0000] {processor.py:179} INFO - Processing /home/airflow/.local/lib/python3.8/site-packages/airflow/example_dags/example_branch_operator.py took 0.070 seconds
[2023-11-16T08:32:27.477+0000] {processor.py:157} INFO - Started process (PID=456) to work on /home/airflow/.local/lib/python3.8/site-packages/airflow/example_dags/example_branch_operator.py
[2023-11-16T08:32:27.478+0000] {processor.py:829} INFO - Processing file /home/airflow/.local/lib/python3.8/site-packages/airflow/example_dags/example_branch_operator.py for tasks to queue
[2023-11-16T08:32:27.480+0000] {logging_mixin.py:151} INFO - [2023-11-16T08:32:27.479+0000] {dagbag.py:536} INFO - Filling up the DagBag from /home/airflow/.local/lib/python3.8/site-packages/airflow/example_dags/example_branch_operator.py
[2023-11-16T08:32:27.485+0000] {processor.py:839} INFO - DAG(s) dict_keys(['example_branch_operator']) retrieved from /home/airflow/.local/lib/python3.8/site-packages/airflow/example_dags/example_branch_operator.py
[2023-11-16T08:32:27.500+0000] {logging_mixin.py:151} INFO - [2023-11-16T08:32:27.500+0000] {dag.py:2941} INFO - Sync 1 DAGs
[2023-11-16T08:32:27.516+0000] {logging_mixin.py:151} INFO - [2023-11-16T08:32:27.516+0000] {dag.py:3722} INFO - Setting next_dagrun for example_branch_operator to 2023-11-15T00:00:00+00:00, run_after=2023-11-16T00:00:00+00:00
[2023-11-16T08:32:27.528+0000] {processor.py:179} INFO - Processing /home/airflow/.local/lib/python3.8/site-packages/airflow/example_dags/example_branch_operator.py took 0.053 seconds
[2023-11-16T08:32:57.874+0000] {processor.py:157} INFO - Started process (PID=510) to work on /home/airflow/.local/lib/python3.8/site-packages/airflow/example_dags/example_branch_operator.py
[2023-11-16T08:32:57.875+0000] {processor.py:829} INFO - Processing file /home/airflow/.local/lib/python3.8/site-packages/airflow/example_dags/example_branch_operator.py for tasks to queue
[2023-11-16T08:32:57.877+0000] {logging_mixin.py:151} INFO - [2023-11-16T08:32:57.877+0000] {dagbag.py:536} INFO - Filling up the DagBag from /home/airflow/.local/lib/python3.8/site-packages/airflow/example_dags/example_branch_operator.py
[2023-11-16T08:32:57.884+0000] {processor.py:839} INFO - DAG(s) dict_keys(['example_branch_operator']) retrieved from /home/airflow/.local/lib/python3.8/site-packages/airflow/example_dags/example_branch_operator.py
[2023-11-16T08:32:57.901+0000] {logging_mixin.py:151} INFO - [2023-11-16T08:32:57.901+0000] {dag.py:2941} INFO - Sync 1 DAGs
[2023-11-16T08:32:57.917+0000] {logging_mixin.py:151} INFO - [2023-11-16T08:32:57.917+0000] {dag.py:3722} INFO - Setting next_dagrun for example_branch_operator to 2023-11-15T00:00:00+00:00, run_after=2023-11-16T00:00:00+00:00
[2023-11-16T08:32:57.930+0000] {processor.py:179} INFO - Processing /home/airflow/.local/lib/python3.8/site-packages/airflow/example_dags/example_branch_operator.py took 0.058 seconds
[2023-11-16T08:33:28.179+0000] {processor.py:157} INFO - Started process (PID=564) to work on /home/airflow/.local/lib/python3.8/site-packages/airflow/example_dags/example_branch_operator.py
[2023-11-16T08:33:28.181+0000] {processor.py:829} INFO - Processing file /home/airflow/.local/lib/python3.8/site-packages/airflow/example_dags/example_branch_operator.py for tasks to queue
[2023-11-16T08:33:28.183+0000] {logging_mixin.py:151} INFO - [2023-11-16T08:33:28.183+0000] {dagbag.py:536} INFO - Filling up the DagBag from /home/airflow/.local/lib/python3.8/site-packages/airflow/example_dags/example_branch_operator.py
[2023-11-16T08:33:28.191+0000] {processor.py:839} INFO - DAG(s) dict_keys(['example_branch_operator']) retrieved from /home/airflow/.local/lib/python3.8/site-packages/airflow/example_dags/example_branch_operator.py
[2023-11-16T08:33:28.210+0000] {logging_mixin.py:151} INFO - [2023-11-16T08:33:28.209+0000] {dag.py:2941} INFO - Sync 1 DAGs
[2023-11-16T08:33:28.230+0000] {logging_mixin.py:151} INFO - [2023-11-16T08:33:28.230+0000] {dag.py:3722} INFO - Setting next_dagrun for example_branch_operator to 2023-11-15T00:00:00+00:00, run_after=2023-11-16T00:00:00+00:00
[2023-11-16T08:33:28.246+0000] {processor.py:179} INFO - Processing /home/airflow/.local/lib/python3.8/site-packages/airflow/example_dags/example_branch_operator.py took 0.069 seconds
[2023-11-16T08:33:58.398+0000] {processor.py:157} INFO - Started process (PID=617) to work on /home/airflow/.local/lib/python3.8/site-packages/airflow/example_dags/example_branch_operator.py
[2023-11-16T08:33:58.399+0000] {processor.py:829} INFO - Processing file /home/airflow/.local/lib/python3.8/site-packages/airflow/example_dags/example_branch_operator.py for tasks to queue
[2023-11-16T08:33:58.401+0000] {logging_mixin.py:151} INFO - [2023-11-16T08:33:58.401+0000] {dagbag.py:536} INFO - Filling up the DagBag from /home/airflow/.local/lib/python3.8/site-packages/airflow/example_dags/example_branch_operator.py
[2023-11-16T08:33:58.407+0000] {processor.py:839} INFO - DAG(s) dict_keys(['example_branch_operator']) retrieved from /home/airflow/.local/lib/python3.8/site-packages/airflow/example_dags/example_branch_operator.py
[2023-11-16T08:33:58.423+0000] {logging_mixin.py:151} INFO - [2023-11-16T08:33:58.423+0000] {dag.py:2941} INFO - Sync 1 DAGs
[2023-11-16T08:33:58.440+0000] {logging_mixin.py:151} INFO - [2023-11-16T08:33:58.440+0000] {dag.py:3722} INFO - Setting next_dagrun for example_branch_operator to 2023-11-15T00:00:00+00:00, run_after=2023-11-16T00:00:00+00:00
[2023-11-16T08:33:58.454+0000] {processor.py:179} INFO - Processing /home/airflow/.local/lib/python3.8/site-packages/airflow/example_dags/example_branch_operator.py took 0.058 seconds
[2023-11-16T08:34:28.804+0000] {processor.py:157} INFO - Started process (PID=671) to work on /home/airflow/.local/lib/python3.8/site-packages/airflow/example_dags/example_branch_operator.py
[2023-11-16T08:34:28.805+0000] {processor.py:829} INFO - Processing file /home/airflow/.local/lib/python3.8/site-packages/airflow/example_dags/example_branch_operator.py for tasks to queue
[2023-11-16T08:34:28.806+0000] {logging_mixin.py:151} INFO - [2023-11-16T08:34:28.806+0000] {dagbag.py:536} INFO - Filling up the DagBag from /home/airflow/.local/lib/python3.8/site-packages/airflow/example_dags/example_branch_operator.py
[2023-11-16T08:34:28.812+0000] {processor.py:839} INFO - DAG(s) dict_keys(['example_branch_operator']) retrieved from /home/airflow/.local/lib/python3.8/site-packages/airflow/example_dags/example_branch_operator.py
[2023-11-16T08:34:28.827+0000] {logging_mixin.py:151} INFO - [2023-11-16T08:34:28.827+0000] {dag.py:2941} INFO - Sync 1 DAGs
[2023-11-16T08:34:28.844+0000] {logging_mixin.py:151} INFO - [2023-11-16T08:34:28.844+0000] {dag.py:3722} INFO - Setting next_dagrun for example_branch_operator to 2023-11-15T00:00:00+00:00, run_after=2023-11-16T00:00:00+00:00
[2023-11-16T08:34:28.858+0000] {processor.py:179} INFO - Processing /home/airflow/.local/lib/python3.8/site-packages/airflow/example_dags/example_branch_operator.py took 0.057 seconds
[2023-11-16T08:34:58.921+0000] {processor.py:157} INFO - Started process (PID=725) to work on /home/airflow/.local/lib/python3.8/site-packages/airflow/example_dags/example_branch_operator.py
[2023-11-16T08:34:58.922+0000] {processor.py:829} INFO - Processing file /home/airflow/.local/lib/python3.8/site-packages/airflow/example_dags/example_branch_operator.py for tasks to queue
[2023-11-16T08:34:58.924+0000] {logging_mixin.py:151} INFO - [2023-11-16T08:34:58.924+0000] {dagbag.py:536} INFO - Filling up the DagBag from /home/airflow/.local/lib/python3.8/site-packages/airflow/example_dags/example_branch_operator.py
[2023-11-16T08:34:58.930+0000] {processor.py:839} INFO - DAG(s) dict_keys(['example_branch_operator']) retrieved from /home/airflow/.local/lib/python3.8/site-packages/airflow/example_dags/example_branch_operator.py
[2023-11-16T08:34:58.947+0000] {logging_mixin.py:151} INFO - [2023-11-16T08:34:58.946+0000] {dag.py:2941} INFO - Sync 1 DAGs
[2023-11-16T08:34:58.966+0000] {logging_mixin.py:151} INFO - [2023-11-16T08:34:58.966+0000] {dag.py:3722} INFO - Setting next_dagrun for example_branch_operator to 2023-11-15T00:00:00+00:00, run_after=2023-11-16T00:00:00+00:00
[2023-11-16T08:34:58.981+0000] {processor.py:179} INFO - Processing /home/airflow/.local/lib/python3.8/site-packages/airflow/example_dags/example_branch_operator.py took 0.062 seconds
[2023-11-16T08:35:29.830+0000] {processor.py:157} INFO - Started process (PID=780) to work on /home/airflow/.local/lib/python3.8/site-packages/airflow/example_dags/example_branch_operator.py
[2023-11-16T08:35:29.831+0000] {processor.py:829} INFO - Processing file /home/airflow/.local/lib/python3.8/site-packages/airflow/example_dags/example_branch_operator.py for tasks to queue
[2023-11-16T08:35:29.833+0000] {logging_mixin.py:151} INFO - [2023-11-16T08:35:29.833+0000] {dagbag.py:536} INFO - Filling up the DagBag from /home/airflow/.local/lib/python3.8/site-packages/airflow/example_dags/example_branch_operator.py
[2023-11-16T08:35:29.838+0000] {processor.py:839} INFO - DAG(s) dict_keys(['example_branch_operator']) retrieved from /home/airflow/.local/lib/python3.8/site-packages/airflow/example_dags/example_branch_operator.py
[2023-11-16T08:35:29.853+0000] {logging_mixin.py:151} INFO - [2023-11-16T08:35:29.853+0000] {dag.py:2941} INFO - Sync 1 DAGs
[2023-11-16T08:35:29.869+0000] {logging_mixin.py:151} INFO - [2023-11-16T08:35:29.869+0000] {dag.py:3722} INFO - Setting next_dagrun for example_branch_operator to 2023-11-15T00:00:00+00:00, run_after=2023-11-16T00:00:00+00:00
[2023-11-16T08:35:29.881+0000] {processor.py:179} INFO - Processing /home/airflow/.local/lib/python3.8/site-packages/airflow/example_dags/example_branch_operator.py took 0.053 seconds
[2023-11-16T08:36:00.060+0000] {processor.py:157} INFO - Started process (PID=833) to work on /home/airflow/.local/lib/python3.8/site-packages/airflow/example_dags/example_branch_operator.py
[2023-11-16T08:36:00.061+0000] {processor.py:829} INFO - Processing file /home/airflow/.local/lib/python3.8/site-packages/airflow/example_dags/example_branch_operator.py for tasks to queue
[2023-11-16T08:36:00.063+0000] {logging_mixin.py:151} INFO - [2023-11-16T08:36:00.063+0000] {dagbag.py:536} INFO - Filling up the DagBag from /home/airflow/.local/lib/python3.8/site-packages/airflow/example_dags/example_branch_operator.py
[2023-11-16T08:36:00.069+0000] {processor.py:839} INFO - DAG(s) dict_keys(['example_branch_operator']) retrieved from /home/airflow/.local/lib/python3.8/site-packages/airflow/example_dags/example_branch_operator.py
[2023-11-16T08:36:00.084+0000] {logging_mixin.py:151} INFO - [2023-11-16T08:36:00.083+0000] {dag.py:2941} INFO - Sync 1 DAGs
[2023-11-16T08:36:00.098+0000] {logging_mixin.py:151} INFO - [2023-11-16T08:36:00.098+0000] {dag.py:3722} INFO - Setting next_dagrun for example_branch_operator to 2023-11-15T00:00:00+00:00, run_after=2023-11-16T00:00:00+00:00
[2023-11-16T08:36:00.109+0000] {processor.py:179} INFO - Processing /home/airflow/.local/lib/python3.8/site-packages/airflow/example_dags/example_branch_operator.py took 0.051 seconds
[2023-11-16T08:36:30.217+0000] {processor.py:157} INFO - Started process (PID=887) to work on /home/airflow/.local/lib/python3.8/site-packages/airflow/example_dags/example_branch_operator.py
[2023-11-16T08:36:30.218+0000] {processor.py:829} INFO - Processing file /home/airflow/.local/lib/python3.8/site-packages/airflow/example_dags/example_branch_operator.py for tasks to queue
[2023-11-16T08:36:30.220+0000] {logging_mixin.py:151} INFO - [2023-11-16T08:36:30.219+0000] {dagbag.py:536} INFO - Filling up the DagBag from /home/airflow/.local/lib/python3.8/site-packages/airflow/example_dags/example_branch_operator.py
[2023-11-16T08:36:30.226+0000] {processor.py:839} INFO - DAG(s) dict_keys(['example_branch_operator']) retrieved from /home/airflow/.local/lib/python3.8/site-packages/airflow/example_dags/example_branch_operator.py
[2023-11-16T08:36:30.241+0000] {logging_mixin.py:151} INFO - [2023-11-16T08:36:30.240+0000] {dag.py:2941} INFO - Sync 1 DAGs
[2023-11-16T08:36:30.258+0000] {logging_mixin.py:151} INFO - [2023-11-16T08:36:30.258+0000] {dag.py:3722} INFO - Setting next_dagrun for example_branch_operator to 2023-11-15T00:00:00+00:00, run_after=2023-11-16T00:00:00+00:00
[2023-11-16T08:36:30.270+0000] {processor.py:179} INFO - Processing /home/airflow/.local/lib/python3.8/site-packages/airflow/example_dags/example_branch_operator.py took 0.055 seconds
[2023-11-16T08:37:00.483+0000] {processor.py:157} INFO - Started process (PID=941) to work on /home/airflow/.local/lib/python3.8/site-packages/airflow/example_dags/example_branch_operator.py
[2023-11-16T08:37:00.484+0000] {processor.py:829} INFO - Processing file /home/airflow/.local/lib/python3.8/site-packages/airflow/example_dags/example_branch_operator.py for tasks to queue
[2023-11-16T08:37:00.485+0000] {logging_mixin.py:151} INFO - [2023-11-16T08:37:00.485+0000] {dagbag.py:536} INFO - Filling up the DagBag from /home/airflow/.local/lib/python3.8/site-packages/airflow/example_dags/example_branch_operator.py
[2023-11-16T08:37:00.491+0000] {processor.py:839} INFO - DAG(s) dict_keys(['example_branch_operator']) retrieved from /home/airflow/.local/lib/python3.8/site-packages/airflow/example_dags/example_branch_operator.py
[2023-11-16T08:37:00.507+0000] {logging_mixin.py:151} INFO - [2023-11-16T08:37:00.506+0000] {dag.py:2941} INFO - Sync 1 DAGs
[2023-11-16T08:37:00.524+0000] {logging_mixin.py:151} INFO - [2023-11-16T08:37:00.524+0000] {dag.py:3722} INFO - Setting next_dagrun for example_branch_operator to 2023-11-15T00:00:00+00:00, run_after=2023-11-16T00:00:00+00:00
[2023-11-16T08:37:00.538+0000] {processor.py:179} INFO - Processing /home/airflow/.local/lib/python3.8/site-packages/airflow/example_dags/example_branch_operator.py took 0.057 seconds
[2023-11-16T08:37:30.607+0000] {processor.py:157} INFO - Started process (PID=995) to work on /home/airflow/.local/lib/python3.8/site-packages/airflow/example_dags/example_branch_operator.py
[2023-11-16T08:37:30.608+0000] {processor.py:829} INFO - Processing file /home/airflow/.local/lib/python3.8/site-packages/airflow/example_dags/example_branch_operator.py for tasks to queue
[2023-11-16T08:37:30.610+0000] {logging_mixin.py:151} INFO - [2023-11-16T08:37:30.610+0000] {dagbag.py:536} INFO - Filling up the DagBag from /home/airflow/.local/lib/python3.8/site-packages/airflow/example_dags/example_branch_operator.py
[2023-11-16T08:37:30.617+0000] {processor.py:839} INFO - DAG(s) dict_keys(['example_branch_operator']) retrieved from /home/airflow/.local/lib/python3.8/site-packages/airflow/example_dags/example_branch_operator.py
[2023-11-16T08:37:30.633+0000] {logging_mixin.py:151} INFO - [2023-11-16T08:37:30.633+0000] {dag.py:2941} INFO - Sync 1 DAGs
[2023-11-16T08:37:30.650+0000] {logging_mixin.py:151} INFO - [2023-11-16T08:37:30.649+0000] {dag.py:3722} INFO - Setting next_dagrun for example_branch_operator to 2023-11-15T00:00:00+00:00, run_after=2023-11-16T00:00:00+00:00
[2023-11-16T08:37:30.661+0000] {processor.py:179} INFO - Processing /home/airflow/.local/lib/python3.8/site-packages/airflow/example_dags/example_branch_operator.py took 0.057 seconds
[2023-11-16T08:38:00.850+0000] {processor.py:157} INFO - Started process (PID=1049) to work on /home/airflow/.local/lib/python3.8/site-packages/airflow/example_dags/example_branch_operator.py
[2023-11-16T08:38:00.851+0000] {processor.py:829} INFO - Processing file /home/airflow/.local/lib/python3.8/site-packages/airflow/example_dags/example_branch_operator.py for tasks to queue
[2023-11-16T08:38:00.852+0000] {logging_mixin.py:151} INFO - [2023-11-16T08:38:00.852+0000] {dagbag.py:536} INFO - Filling up the DagBag from /home/airflow/.local/lib/python3.8/site-packages/airflow/example_dags/example_branch_operator.py
[2023-11-16T08:38:00.858+0000] {processor.py:839} INFO - DAG(s) dict_keys(['example_branch_operator']) retrieved from /home/airflow/.local/lib/python3.8/site-packages/airflow/example_dags/example_branch_operator.py
[2023-11-16T08:38:00.873+0000] {logging_mixin.py:151} INFO - [2023-11-16T08:38:00.872+0000] {dag.py:2941} INFO - Sync 1 DAGs
[2023-11-16T08:38:00.890+0000] {logging_mixin.py:151} INFO - [2023-11-16T08:38:00.890+0000] {dag.py:3722} INFO - Setting next_dagrun for example_branch_operator to 2023-11-15T00:00:00+00:00, run_after=2023-11-16T00:00:00+00:00
[2023-11-16T08:38:00.903+0000] {processor.py:179} INFO - Processing /home/airflow/.local/lib/python3.8/site-packages/airflow/example_dags/example_branch_operator.py took 0.055 seconds
[2023-11-16T08:38:31.244+0000] {processor.py:157} INFO - Started process (PID=1103) to work on /home/airflow/.local/lib/python3.8/site-packages/airflow/example_dags/example_branch_operator.py
[2023-11-16T08:38:31.245+0000] {processor.py:829} INFO - Processing file /home/airflow/.local/lib/python3.8/site-packages/airflow/example_dags/example_branch_operator.py for tasks to queue
[2023-11-16T08:38:31.247+0000] {logging_mixin.py:151} INFO - [2023-11-16T08:38:31.247+0000] {dagbag.py:536} INFO - Filling up the DagBag from /home/airflow/.local/lib/python3.8/site-packages/airflow/example_dags/example_branch_operator.py
[2023-11-16T08:38:31.256+0000] {processor.py:839} INFO - DAG(s) dict_keys(['example_branch_operator']) retrieved from /home/airflow/.local/lib/python3.8/site-packages/airflow/example_dags/example_branch_operator.py
[2023-11-16T08:38:31.274+0000] {logging_mixin.py:151} INFO - [2023-11-16T08:38:31.273+0000] {dag.py:2941} INFO - Sync 1 DAGs
[2023-11-16T08:38:31.298+0000] {logging_mixin.py:151} INFO - [2023-11-16T08:38:31.298+0000] {dag.py:3722} INFO - Setting next_dagrun for example_branch_operator to 2023-11-15T00:00:00+00:00, run_after=2023-11-16T00:00:00+00:00
[2023-11-16T08:38:31.320+0000] {processor.py:179} INFO - Processing /home/airflow/.local/lib/python3.8/site-packages/airflow/example_dags/example_branch_operator.py took 0.078 seconds
[2023-11-16T08:39:01.362+0000] {processor.py:157} INFO - Started process (PID=1157) to work on /home/airflow/.local/lib/python3.8/site-packages/airflow/example_dags/example_branch_operator.py
[2023-11-16T08:39:01.363+0000] {processor.py:829} INFO - Processing file /home/airflow/.local/lib/python3.8/site-packages/airflow/example_dags/example_branch_operator.py for tasks to queue
[2023-11-16T08:39:01.365+0000] {logging_mixin.py:151} INFO - [2023-11-16T08:39:01.364+0000] {dagbag.py:536} INFO - Filling up the DagBag from /home/airflow/.local/lib/python3.8/site-packages/airflow/example_dags/example_branch_operator.py
[2023-11-16T08:39:01.371+0000] {processor.py:839} INFO - DAG(s) dict_keys(['example_branch_operator']) retrieved from /home/airflow/.local/lib/python3.8/site-packages/airflow/example_dags/example_branch_operator.py
[2023-11-16T08:39:01.385+0000] {logging_mixin.py:151} INFO - [2023-11-16T08:39:01.385+0000] {dag.py:2941} INFO - Sync 1 DAGs
[2023-11-16T08:39:01.403+0000] {logging_mixin.py:151} INFO - [2023-11-16T08:39:01.402+0000] {dag.py:3722} INFO - Setting next_dagrun for example_branch_operator to 2023-11-15T00:00:00+00:00, run_after=2023-11-16T00:00:00+00:00
[2023-11-16T08:39:01.415+0000] {processor.py:179} INFO - Processing /home/airflow/.local/lib/python3.8/site-packages/airflow/example_dags/example_branch_operator.py took 0.055 seconds
[2023-11-16T08:39:31.502+0000] {processor.py:157} INFO - Started process (PID=1211) to work on /home/airflow/.local/lib/python3.8/site-packages/airflow/example_dags/example_branch_operator.py
[2023-11-16T08:39:31.503+0000] {processor.py:829} INFO - Processing file /home/airflow/.local/lib/python3.8/site-packages/airflow/example_dags/example_branch_operator.py for tasks to queue
[2023-11-16T08:39:31.504+0000] {logging_mixin.py:151} INFO - [2023-11-16T08:39:31.504+0000] {dagbag.py:536} INFO - Filling up the DagBag from /home/airflow/.local/lib/python3.8/site-packages/airflow/example_dags/example_branch_operator.py
[2023-11-16T08:39:31.510+0000] {processor.py:839} INFO - DAG(s) dict_keys(['example_branch_operator']) retrieved from /home/airflow/.local/lib/python3.8/site-packages/airflow/example_dags/example_branch_operator.py
[2023-11-16T08:39:31.525+0000] {logging_mixin.py:151} INFO - [2023-11-16T08:39:31.524+0000] {dag.py:2941} INFO - Sync 1 DAGs
[2023-11-16T08:39:31.541+0000] {logging_mixin.py:151} INFO - [2023-11-16T08:39:31.541+0000] {dag.py:3722} INFO - Setting next_dagrun for example_branch_operator to 2023-11-15T00:00:00+00:00, run_after=2023-11-16T00:00:00+00:00
[2023-11-16T08:39:31.555+0000] {processor.py:179} INFO - Processing /home/airflow/.local/lib/python3.8/site-packages/airflow/example_dags/example_branch_operator.py took 0.055 seconds
[2023-11-16T08:40:01.722+0000] {processor.py:157} INFO - Started process (PID=1265) to work on /home/airflow/.local/lib/python3.8/site-packages/airflow/example_dags/example_branch_operator.py
[2023-11-16T08:40:01.722+0000] {processor.py:829} INFO - Processing file /home/airflow/.local/lib/python3.8/site-packages/airflow/example_dags/example_branch_operator.py for tasks to queue
[2023-11-16T08:40:01.725+0000] {logging_mixin.py:151} INFO - [2023-11-16T08:40:01.724+0000] {dagbag.py:536} INFO - Filling up the DagBag from /home/airflow/.local/lib/python3.8/site-packages/airflow/example_dags/example_branch_operator.py
[2023-11-16T08:40:01.731+0000] {processor.py:839} INFO - DAG(s) dict_keys(['example_branch_operator']) retrieved from /home/airflow/.local/lib/python3.8/site-packages/airflow/example_dags/example_branch_operator.py
[2023-11-16T08:40:01.745+0000] {logging_mixin.py:151} INFO - [2023-11-16T08:40:01.745+0000] {dag.py:2941} INFO - Sync 1 DAGs
[2023-11-16T08:40:01.761+0000] {logging_mixin.py:151} INFO - [2023-11-16T08:40:01.761+0000] {dag.py:3722} INFO - Setting next_dagrun for example_branch_operator to 2023-11-15T00:00:00+00:00, run_after=2023-11-16T00:00:00+00:00
[2023-11-16T08:40:01.773+0000] {processor.py:179} INFO - Processing /home/airflow/.local/lib/python3.8/site-packages/airflow/example_dags/example_branch_operator.py took 0.054 seconds
[2023-11-16T08:40:32.612+0000] {processor.py:157} INFO - Started process (PID=1326) to work on /home/airflow/.local/lib/python3.8/site-packages/airflow/example_dags/example_branch_operator.py
[2023-11-16T08:40:32.613+0000] {processor.py:829} INFO - Processing file /home/airflow/.local/lib/python3.8/site-packages/airflow/example_dags/example_branch_operator.py for tasks to queue
[2023-11-16T08:40:32.615+0000] {logging_mixin.py:151} INFO - [2023-11-16T08:40:32.615+0000] {dagbag.py:536} INFO - Filling up the DagBag from /home/airflow/.local/lib/python3.8/site-packages/airflow/example_dags/example_branch_operator.py
[2023-11-16T08:40:32.621+0000] {processor.py:839} INFO - DAG(s) dict_keys(['example_branch_operator']) retrieved from /home/airflow/.local/lib/python3.8/site-packages/airflow/example_dags/example_branch_operator.py
[2023-11-16T08:40:32.635+0000] {logging_mixin.py:151} INFO - [2023-11-16T08:40:32.635+0000] {dag.py:2941} INFO - Sync 1 DAGs
[2023-11-16T08:40:32.651+0000] {logging_mixin.py:151} INFO - [2023-11-16T08:40:32.651+0000] {dag.py:3722} INFO - Setting next_dagrun for example_branch_operator to 2023-11-15T00:00:00+00:00, run_after=2023-11-16T00:00:00+00:00
[2023-11-16T08:40:32.663+0000] {processor.py:179} INFO - Processing /home/airflow/.local/lib/python3.8/site-packages/airflow/example_dags/example_branch_operator.py took 0.053 seconds
[2023-11-16T08:41:03.575+0000] {processor.py:157} INFO - Started process (PID=1380) to work on /home/airflow/.local/lib/python3.8/site-packages/airflow/example_dags/example_branch_operator.py
[2023-11-16T08:41:03.576+0000] {processor.py:829} INFO - Processing file /home/airflow/.local/lib/python3.8/site-packages/airflow/example_dags/example_branch_operator.py for tasks to queue
[2023-11-16T08:41:03.578+0000] {logging_mixin.py:151} INFO - [2023-11-16T08:41:03.578+0000] {dagbag.py:536} INFO - Filling up the DagBag from /home/airflow/.local/lib/python3.8/site-packages/airflow/example_dags/example_branch_operator.py
[2023-11-16T08:41:03.584+0000] {processor.py:839} INFO - DAG(s) dict_keys(['example_branch_operator']) retrieved from /home/airflow/.local/lib/python3.8/site-packages/airflow/example_dags/example_branch_operator.py
[2023-11-16T08:41:03.600+0000] {logging_mixin.py:151} INFO - [2023-11-16T08:41:03.600+0000] {dag.py:2941} INFO - Sync 1 DAGs
[2023-11-16T08:41:03.617+0000] {logging_mixin.py:151} INFO - [2023-11-16T08:41:03.617+0000] {dag.py:3722} INFO - Setting next_dagrun for example_branch_operator to 2023-11-15T00:00:00+00:00, run_after=2023-11-16T00:00:00+00:00
[2023-11-16T08:41:03.631+0000] {processor.py:179} INFO - Processing /home/airflow/.local/lib/python3.8/site-packages/airflow/example_dags/example_branch_operator.py took 0.058 seconds
[2023-11-16T08:41:34.817+0000] {processor.py:157} INFO - Started process (PID=1434) to work on /home/airflow/.local/lib/python3.8/site-packages/airflow/example_dags/example_branch_operator.py
[2023-11-16T08:41:34.818+0000] {processor.py:829} INFO - Processing file /home/airflow/.local/lib/python3.8/site-packages/airflow/example_dags/example_branch_operator.py for tasks to queue
[2023-11-16T08:41:34.821+0000] {logging_mixin.py:151} INFO - [2023-11-16T08:41:34.821+0000] {dagbag.py:536} INFO - Filling up the DagBag from /home/airflow/.local/lib/python3.8/site-packages/airflow/example_dags/example_branch_operator.py
[2023-11-16T08:41:34.828+0000] {processor.py:839} INFO - DAG(s) dict_keys(['example_branch_operator']) retrieved from /home/airflow/.local/lib/python3.8/site-packages/airflow/example_dags/example_branch_operator.py
[2023-11-16T08:41:34.848+0000] {logging_mixin.py:151} INFO - [2023-11-16T08:41:34.848+0000] {dag.py:2941} INFO - Sync 1 DAGs
[2023-11-16T08:41:34.869+0000] {logging_mixin.py:151} INFO - [2023-11-16T08:41:34.869+0000] {dag.py:3722} INFO - Setting next_dagrun for example_branch_operator to 2023-11-15T00:00:00+00:00, run_after=2023-11-16T00:00:00+00:00
[2023-11-16T08:41:34.885+0000] {processor.py:179} INFO - Processing /home/airflow/.local/lib/python3.8/site-packages/airflow/example_dags/example_branch_operator.py took 0.071 seconds
[2023-11-16T08:42:05.756+0000] {processor.py:157} INFO - Started process (PID=1488) to work on /home/airflow/.local/lib/python3.8/site-packages/airflow/example_dags/example_branch_operator.py
[2023-11-16T08:42:05.757+0000] {processor.py:829} INFO - Processing file /home/airflow/.local/lib/python3.8/site-packages/airflow/example_dags/example_branch_operator.py for tasks to queue
[2023-11-16T08:42:05.758+0000] {logging_mixin.py:151} INFO - [2023-11-16T08:42:05.758+0000] {dagbag.py:536} INFO - Filling up the DagBag from /home/airflow/.local/lib/python3.8/site-packages/airflow/example_dags/example_branch_operator.py
[2023-11-16T08:42:05.764+0000] {processor.py:839} INFO - DAG(s) dict_keys(['example_branch_operator']) retrieved from /home/airflow/.local/lib/python3.8/site-packages/airflow/example_dags/example_branch_operator.py
[2023-11-16T08:42:05.779+0000] {logging_mixin.py:151} INFO - [2023-11-16T08:42:05.779+0000] {dag.py:2941} INFO - Sync 1 DAGs
[2023-11-16T08:42:05.796+0000] {logging_mixin.py:151} INFO - [2023-11-16T08:42:05.796+0000] {dag.py:3722} INFO - Setting next_dagrun for example_branch_operator to 2023-11-15T00:00:00+00:00, run_after=2023-11-16T00:00:00+00:00
[2023-11-16T08:42:05.808+0000] {processor.py:179} INFO - Processing /home/airflow/.local/lib/python3.8/site-packages/airflow/example_dags/example_branch_operator.py took 0.054 seconds
[2023-11-16T08:42:36.613+0000] {processor.py:157} INFO - Started process (PID=1542) to work on /home/airflow/.local/lib/python3.8/site-packages/airflow/example_dags/example_branch_operator.py
[2023-11-16T08:42:36.613+0000] {processor.py:829} INFO - Processing file /home/airflow/.local/lib/python3.8/site-packages/airflow/example_dags/example_branch_operator.py for tasks to queue
[2023-11-16T08:42:36.615+0000] {logging_mixin.py:151} INFO - [2023-11-16T08:42:36.615+0000] {dagbag.py:536} INFO - Filling up the DagBag from /home/airflow/.local/lib/python3.8/site-packages/airflow/example_dags/example_branch_operator.py
[2023-11-16T08:42:36.621+0000] {processor.py:839} INFO - DAG(s) dict_keys(['example_branch_operator']) retrieved from /home/airflow/.local/lib/python3.8/site-packages/airflow/example_dags/example_branch_operator.py
[2023-11-16T08:42:36.635+0000] {logging_mixin.py:151} INFO - [2023-11-16T08:42:36.635+0000] {dag.py:2941} INFO - Sync 1 DAGs
[2023-11-16T08:42:36.651+0000] {logging_mixin.py:151} INFO - [2023-11-16T08:42:36.651+0000] {dag.py:3722} INFO - Setting next_dagrun for example_branch_operator to 2023-11-15T00:00:00+00:00, run_after=2023-11-16T00:00:00+00:00
[2023-11-16T08:42:36.664+0000] {processor.py:179} INFO - Processing /home/airflow/.local/lib/python3.8/site-packages/airflow/example_dags/example_branch_operator.py took 0.053 seconds
[2023-11-16T08:43:08.090+0000] {processor.py:157} INFO - Started process (PID=1596) to work on /home/airflow/.local/lib/python3.8/site-packages/airflow/example_dags/example_branch_operator.py
[2023-11-16T08:43:08.090+0000] {processor.py:829} INFO - Processing file /home/airflow/.local/lib/python3.8/site-packages/airflow/example_dags/example_branch_operator.py for tasks to queue
[2023-11-16T08:43:08.092+0000] {logging_mixin.py:151} INFO - [2023-11-16T08:43:08.092+0000] {dagbag.py:536} INFO - Filling up the DagBag from /home/airflow/.local/lib/python3.8/site-packages/airflow/example_dags/example_branch_operator.py
[2023-11-16T08:43:08.098+0000] {processor.py:839} INFO - DAG(s) dict_keys(['example_branch_operator']) retrieved from /home/airflow/.local/lib/python3.8/site-packages/airflow/example_dags/example_branch_operator.py
[2023-11-16T08:43:08.113+0000] {logging_mixin.py:151} INFO - [2023-11-16T08:43:08.113+0000] {dag.py:2941} INFO - Sync 1 DAGs
[2023-11-16T08:43:08.129+0000] {logging_mixin.py:151} INFO - [2023-11-16T08:43:08.129+0000] {dag.py:3722} INFO - Setting next_dagrun for example_branch_operator to 2023-11-15T00:00:00+00:00, run_after=2023-11-16T00:00:00+00:00
[2023-11-16T08:43:08.254+0000] {processor.py:179} INFO - Processing /home/airflow/.local/lib/python3.8/site-packages/airflow/example_dags/example_branch_operator.py took 0.167 seconds
[2023-11-16T08:43:38.962+0000] {processor.py:157} INFO - Started process (PID=1650) to work on /home/airflow/.local/lib/python3.8/site-packages/airflow/example_dags/example_branch_operator.py
[2023-11-16T08:43:38.963+0000] {processor.py:829} INFO - Processing file /home/airflow/.local/lib/python3.8/site-packages/airflow/example_dags/example_branch_operator.py for tasks to queue
[2023-11-16T08:43:38.964+0000] {logging_mixin.py:151} INFO - [2023-11-16T08:43:38.964+0000] {dagbag.py:536} INFO - Filling up the DagBag from /home/airflow/.local/lib/python3.8/site-packages/airflow/example_dags/example_branch_operator.py
[2023-11-16T08:43:38.970+0000] {processor.py:839} INFO - DAG(s) dict_keys(['example_branch_operator']) retrieved from /home/airflow/.local/lib/python3.8/site-packages/airflow/example_dags/example_branch_operator.py
[2023-11-16T08:43:38.986+0000] {logging_mixin.py:151} INFO - [2023-11-16T08:43:38.986+0000] {dag.py:2941} INFO - Sync 1 DAGs
[2023-11-16T08:43:39.001+0000] {logging_mixin.py:151} INFO - [2023-11-16T08:43:39.001+0000] {dag.py:3722} INFO - Setting next_dagrun for example_branch_operator to 2023-11-15T00:00:00+00:00, run_after=2023-11-16T00:00:00+00:00
[2023-11-16T08:43:39.015+0000] {processor.py:179} INFO - Processing /home/airflow/.local/lib/python3.8/site-packages/airflow/example_dags/example_branch_operator.py took 0.055 seconds
[2023-11-16T08:44:09.406+0000] {processor.py:157} INFO - Started process (PID=1704) to work on /home/airflow/.local/lib/python3.8/site-packages/airflow/example_dags/example_branch_operator.py
[2023-11-16T08:44:09.407+0000] {processor.py:829} INFO - Processing file /home/airflow/.local/lib/python3.8/site-packages/airflow/example_dags/example_branch_operator.py for tasks to queue
[2023-11-16T08:44:09.408+0000] {logging_mixin.py:151} INFO - [2023-11-16T08:44:09.408+0000] {dagbag.py:536} INFO - Filling up the DagBag from /home/airflow/.local/lib/python3.8/site-packages/airflow/example_dags/example_branch_operator.py
[2023-11-16T08:44:09.415+0000] {processor.py:839} INFO - DAG(s) dict_keys(['example_branch_operator']) retrieved from /home/airflow/.local/lib/python3.8/site-packages/airflow/example_dags/example_branch_operator.py
[2023-11-16T08:44:09.430+0000] {logging_mixin.py:151} INFO - [2023-11-16T08:44:09.430+0000] {dag.py:2941} INFO - Sync 1 DAGs
[2023-11-16T08:44:09.446+0000] {logging_mixin.py:151} INFO - [2023-11-16T08:44:09.446+0000] {dag.py:3722} INFO - Setting next_dagrun for example_branch_operator to 2023-11-15T00:00:00+00:00, run_after=2023-11-16T00:00:00+00:00
[2023-11-16T08:44:09.458+0000] {processor.py:179} INFO - Processing /home/airflow/.local/lib/python3.8/site-packages/airflow/example_dags/example_branch_operator.py took 0.055 seconds
[2023-11-16T08:44:39.888+0000] {processor.py:157} INFO - Started process (PID=1758) to work on /home/airflow/.local/lib/python3.8/site-packages/airflow/example_dags/example_branch_operator.py
[2023-11-16T08:44:39.888+0000] {processor.py:829} INFO - Processing file /home/airflow/.local/lib/python3.8/site-packages/airflow/example_dags/example_branch_operator.py for tasks to queue
[2023-11-16T08:44:39.890+0000] {logging_mixin.py:151} INFO - [2023-11-16T08:44:39.890+0000] {dagbag.py:536} INFO - Filling up the DagBag from /home/airflow/.local/lib/python3.8/site-packages/airflow/example_dags/example_branch_operator.py
[2023-11-16T08:44:39.896+0000] {processor.py:839} INFO - DAG(s) dict_keys(['example_branch_operator']) retrieved from /home/airflow/.local/lib/python3.8/site-packages/airflow/example_dags/example_branch_operator.py
[2023-11-16T08:44:39.909+0000] {logging_mixin.py:151} INFO - [2023-11-16T08:44:39.909+0000] {dag.py:2941} INFO - Sync 1 DAGs
[2023-11-16T08:44:39.924+0000] {logging_mixin.py:151} INFO - [2023-11-16T08:44:39.924+0000] {dag.py:3722} INFO - Setting next_dagrun for example_branch_operator to 2023-11-15T00:00:00+00:00, run_after=2023-11-16T00:00:00+00:00
[2023-11-16T08:44:39.936+0000] {processor.py:179} INFO - Processing /home/airflow/.local/lib/python3.8/site-packages/airflow/example_dags/example_branch_operator.py took 0.050 seconds
[2023-11-16T08:45:10.554+0000] {processor.py:157} INFO - Started process (PID=1812) to work on /home/airflow/.local/lib/python3.8/site-packages/airflow/example_dags/example_branch_operator.py
[2023-11-16T08:45:10.555+0000] {processor.py:829} INFO - Processing file /home/airflow/.local/lib/python3.8/site-packages/airflow/example_dags/example_branch_operator.py for tasks to queue
[2023-11-16T08:45:10.557+0000] {logging_mixin.py:151} INFO - [2023-11-16T08:45:10.557+0000] {dagbag.py:536} INFO - Filling up the DagBag from /home/airflow/.local/lib/python3.8/site-packages/airflow/example_dags/example_branch_operator.py
[2023-11-16T08:45:10.563+0000] {processor.py:839} INFO - DAG(s) dict_keys(['example_branch_operator']) retrieved from /home/airflow/.local/lib/python3.8/site-packages/airflow/example_dags/example_branch_operator.py
[2023-11-16T08:45:10.579+0000] {logging_mixin.py:151} INFO - [2023-11-16T08:45:10.579+0000] {dag.py:2941} INFO - Sync 1 DAGs
[2023-11-16T08:45:10.599+0000] {logging_mixin.py:151} INFO - [2023-11-16T08:45:10.598+0000] {dag.py:3722} INFO - Setting next_dagrun for example_branch_operator to 2023-11-15T00:00:00+00:00, run_after=2023-11-16T00:00:00+00:00
[2023-11-16T08:45:10.726+0000] {processor.py:179} INFO - Processing /home/airflow/.local/lib/python3.8/site-packages/airflow/example_dags/example_branch_operator.py took 0.174 seconds
[2023-11-16T08:45:41.520+0000] {processor.py:157} INFO - Started process (PID=1866) to work on /home/airflow/.local/lib/python3.8/site-packages/airflow/example_dags/example_branch_operator.py
[2023-11-16T08:45:41.520+0000] {processor.py:829} INFO - Processing file /home/airflow/.local/lib/python3.8/site-packages/airflow/example_dags/example_branch_operator.py for tasks to queue
[2023-11-16T08:45:41.522+0000] {logging_mixin.py:151} INFO - [2023-11-16T08:45:41.522+0000] {dagbag.py:536} INFO - Filling up the DagBag from /home/airflow/.local/lib/python3.8/site-packages/airflow/example_dags/example_branch_operator.py
[2023-11-16T08:45:41.531+0000] {processor.py:839} INFO - DAG(s) dict_keys(['example_branch_operator']) retrieved from /home/airflow/.local/lib/python3.8/site-packages/airflow/example_dags/example_branch_operator.py
[2023-11-16T08:45:41.551+0000] {logging_mixin.py:151} INFO - [2023-11-16T08:45:41.550+0000] {dag.py:2941} INFO - Sync 1 DAGs
[2023-11-16T08:45:41.572+0000] {logging_mixin.py:151} INFO - [2023-11-16T08:45:41.571+0000] {dag.py:3722} INFO - Setting next_dagrun for example_branch_operator to 2023-11-15T00:00:00+00:00, run_after=2023-11-16T00:00:00+00:00
[2023-11-16T08:45:41.591+0000] {processor.py:179} INFO - Processing /home/airflow/.local/lib/python3.8/site-packages/airflow/example_dags/example_branch_operator.py took 0.074 seconds
[2023-11-16T08:46:11.866+0000] {processor.py:157} INFO - Started process (PID=1920) to work on /home/airflow/.local/lib/python3.8/site-packages/airflow/example_dags/example_branch_operator.py
[2023-11-16T08:46:11.867+0000] {processor.py:829} INFO - Processing file /home/airflow/.local/lib/python3.8/site-packages/airflow/example_dags/example_branch_operator.py for tasks to queue
[2023-11-16T08:46:11.868+0000] {logging_mixin.py:151} INFO - [2023-11-16T08:46:11.868+0000] {dagbag.py:536} INFO - Filling up the DagBag from /home/airflow/.local/lib/python3.8/site-packages/airflow/example_dags/example_branch_operator.py
[2023-11-16T08:46:11.874+0000] {processor.py:839} INFO - DAG(s) dict_keys(['example_branch_operator']) retrieved from /home/airflow/.local/lib/python3.8/site-packages/airflow/example_dags/example_branch_operator.py
[2023-11-16T08:46:11.888+0000] {logging_mixin.py:151} INFO - [2023-11-16T08:46:11.888+0000] {dag.py:2941} INFO - Sync 1 DAGs
[2023-11-16T08:46:11.903+0000] {logging_mixin.py:151} INFO - [2023-11-16T08:46:11.903+0000] {dag.py:3722} INFO - Setting next_dagrun for example_branch_operator to 2023-11-15T00:00:00+00:00, run_after=2023-11-16T00:00:00+00:00
[2023-11-16T08:46:11.924+0000] {processor.py:179} INFO - Processing /home/airflow/.local/lib/python3.8/site-packages/airflow/example_dags/example_branch_operator.py took 0.060 seconds
