[2023-11-16T08:28:52.933+0000] {processor.py:157} INFO - Started process (PID=77) to work on /home/airflow/.local/lib/python3.8/site-packages/airflow/example_dags/example_dag_decorator.py
[2023-11-16T08:28:52.934+0000] {processor.py:829} INFO - Processing file /home/airflow/.local/lib/python3.8/site-packages/airflow/example_dags/example_dag_decorator.py for tasks to queue
[2023-11-16T08:28:52.939+0000] {logging_mixin.py:151} INFO - [2023-11-16T08:28:52.938+0000] {dagbag.py:536} INFO - Filling up the DagBag from /home/airflow/.local/lib/python3.8/site-packages/airflow/example_dags/example_dag_decorator.py
[2023-11-16T08:28:53.251+0000] {processor.py:839} INFO - DAG(s) dict_keys(['example_dag_decorator']) retrieved from /home/airflow/.local/lib/python3.8/site-packages/airflow/example_dags/example_dag_decorator.py
[2023-11-16T08:28:53.424+0000] {logging_mixin.py:151} INFO - [2023-11-16T08:28:53.423+0000] {dag.py:2941} INFO - Sync 1 DAGs
[2023-11-16T08:28:53.440+0000] {logging_mixin.py:151} INFO - [2023-11-16T08:28:53.439+0000] {dag.py:3722} INFO - Setting next_dagrun for example_dag_decorator to None, run_after=None
[2023-11-16T08:28:53.469+0000] {processor.py:179} INFO - Processing /home/airflow/.local/lib/python3.8/site-packages/airflow/example_dags/example_dag_decorator.py took 0.542 seconds
[2023-11-16T08:29:23.677+0000] {processor.py:157} INFO - Started process (PID=131) to work on /home/airflow/.local/lib/python3.8/site-packages/airflow/example_dags/example_dag_decorator.py
[2023-11-16T08:29:23.678+0000] {processor.py:829} INFO - Processing file /home/airflow/.local/lib/python3.8/site-packages/airflow/example_dags/example_dag_decorator.py for tasks to queue
[2023-11-16T08:29:23.680+0000] {logging_mixin.py:151} INFO - [2023-11-16T08:29:23.679+0000] {dagbag.py:536} INFO - Filling up the DagBag from /home/airflow/.local/lib/python3.8/site-packages/airflow/example_dags/example_dag_decorator.py
[2023-11-16T08:29:23.737+0000] {processor.py:839} INFO - DAG(s) dict_keys(['example_dag_decorator']) retrieved from /home/airflow/.local/lib/python3.8/site-packages/airflow/example_dags/example_dag_decorator.py
[2023-11-16T08:29:23.809+0000] {logging_mixin.py:151} INFO - [2023-11-16T08:29:23.809+0000] {dag.py:2941} INFO - Sync 1 DAGs
[2023-11-16T08:29:23.817+0000] {logging_mixin.py:151} INFO - [2023-11-16T08:29:23.817+0000] {dag.py:3722} INFO - Setting next_dagrun for example_dag_decorator to None, run_after=None
[2023-11-16T08:29:23.830+0000] {processor.py:179} INFO - Processing /home/airflow/.local/lib/python3.8/site-packages/airflow/example_dags/example_dag_decorator.py took 0.155 seconds
[2023-11-16T08:29:54.611+0000] {processor.py:157} INFO - Started process (PID=185) to work on /home/airflow/.local/lib/python3.8/site-packages/airflow/example_dags/example_dag_decorator.py
[2023-11-16T08:29:54.612+0000] {processor.py:829} INFO - Processing file /home/airflow/.local/lib/python3.8/site-packages/airflow/example_dags/example_dag_decorator.py for tasks to queue
[2023-11-16T08:29:54.614+0000] {logging_mixin.py:151} INFO - [2023-11-16T08:29:54.614+0000] {dagbag.py:536} INFO - Filling up the DagBag from /home/airflow/.local/lib/python3.8/site-packages/airflow/example_dags/example_dag_decorator.py
[2023-11-16T08:29:54.665+0000] {processor.py:839} INFO - DAG(s) dict_keys(['example_dag_decorator']) retrieved from /home/airflow/.local/lib/python3.8/site-packages/airflow/example_dags/example_dag_decorator.py
[2023-11-16T08:29:54.741+0000] {logging_mixin.py:151} INFO - [2023-11-16T08:29:54.741+0000] {dag.py:2941} INFO - Sync 1 DAGs
[2023-11-16T08:29:54.749+0000] {logging_mixin.py:151} INFO - [2023-11-16T08:29:54.749+0000] {dag.py:3722} INFO - Setting next_dagrun for example_dag_decorator to None, run_after=None
[2023-11-16T08:29:54.763+0000] {processor.py:179} INFO - Processing /home/airflow/.local/lib/python3.8/site-packages/airflow/example_dags/example_dag_decorator.py took 0.154 seconds
[2023-11-16T08:30:24.834+0000] {processor.py:157} INFO - Started process (PID=240) to work on /home/airflow/.local/lib/python3.8/site-packages/airflow/example_dags/example_dag_decorator.py
[2023-11-16T08:30:24.835+0000] {processor.py:829} INFO - Processing file /home/airflow/.local/lib/python3.8/site-packages/airflow/example_dags/example_dag_decorator.py for tasks to queue
[2023-11-16T08:30:24.837+0000] {logging_mixin.py:151} INFO - [2023-11-16T08:30:24.837+0000] {dagbag.py:536} INFO - Filling up the DagBag from /home/airflow/.local/lib/python3.8/site-packages/airflow/example_dags/example_dag_decorator.py
[2023-11-16T08:30:24.884+0000] {processor.py:839} INFO - DAG(s) dict_keys(['example_dag_decorator']) retrieved from /home/airflow/.local/lib/python3.8/site-packages/airflow/example_dags/example_dag_decorator.py
[2023-11-16T08:30:24.959+0000] {logging_mixin.py:151} INFO - [2023-11-16T08:30:24.959+0000] {dag.py:2941} INFO - Sync 1 DAGs
[2023-11-16T08:30:24.968+0000] {logging_mixin.py:151} INFO - [2023-11-16T08:30:24.968+0000] {dag.py:3722} INFO - Setting next_dagrun for example_dag_decorator to None, run_after=None
[2023-11-16T08:30:24.984+0000] {processor.py:179} INFO - Processing /home/airflow/.local/lib/python3.8/site-packages/airflow/example_dags/example_dag_decorator.py took 0.152 seconds
[2023-11-16T08:30:55.751+0000] {processor.py:157} INFO - Started process (PID=293) to work on /home/airflow/.local/lib/python3.8/site-packages/airflow/example_dags/example_dag_decorator.py
[2023-11-16T08:30:55.752+0000] {processor.py:829} INFO - Processing file /home/airflow/.local/lib/python3.8/site-packages/airflow/example_dags/example_dag_decorator.py for tasks to queue
[2023-11-16T08:30:55.753+0000] {logging_mixin.py:151} INFO - [2023-11-16T08:30:55.753+0000] {dagbag.py:536} INFO - Filling up the DagBag from /home/airflow/.local/lib/python3.8/site-packages/airflow/example_dags/example_dag_decorator.py
[2023-11-16T08:30:55.799+0000] {processor.py:839} INFO - DAG(s) dict_keys(['example_dag_decorator']) retrieved from /home/airflow/.local/lib/python3.8/site-packages/airflow/example_dags/example_dag_decorator.py
[2023-11-16T08:30:55.871+0000] {logging_mixin.py:151} INFO - [2023-11-16T08:30:55.871+0000] {dag.py:2941} INFO - Sync 1 DAGs
[2023-11-16T08:30:55.879+0000] {logging_mixin.py:151} INFO - [2023-11-16T08:30:55.878+0000] {dag.py:3722} INFO - Setting next_dagrun for example_dag_decorator to None, run_after=None
[2023-11-16T08:30:55.893+0000] {processor.py:179} INFO - Processing /home/airflow/.local/lib/python3.8/site-packages/airflow/example_dags/example_dag_decorator.py took 0.144 seconds
[2023-11-16T08:31:26.263+0000] {processor.py:157} INFO - Started process (PID=347) to work on /home/airflow/.local/lib/python3.8/site-packages/airflow/example_dags/example_dag_decorator.py
[2023-11-16T08:31:26.264+0000] {processor.py:829} INFO - Processing file /home/airflow/.local/lib/python3.8/site-packages/airflow/example_dags/example_dag_decorator.py for tasks to queue
[2023-11-16T08:31:26.267+0000] {logging_mixin.py:151} INFO - [2023-11-16T08:31:26.267+0000] {dagbag.py:536} INFO - Filling up the DagBag from /home/airflow/.local/lib/python3.8/site-packages/airflow/example_dags/example_dag_decorator.py
[2023-11-16T08:31:26.320+0000] {processor.py:839} INFO - DAG(s) dict_keys(['example_dag_decorator']) retrieved from /home/airflow/.local/lib/python3.8/site-packages/airflow/example_dags/example_dag_decorator.py
[2023-11-16T08:31:26.427+0000] {logging_mixin.py:151} INFO - [2023-11-16T08:31:26.427+0000] {dag.py:2941} INFO - Sync 1 DAGs
[2023-11-16T08:31:26.438+0000] {logging_mixin.py:151} INFO - [2023-11-16T08:31:26.438+0000] {dag.py:3722} INFO - Setting next_dagrun for example_dag_decorator to None, run_after=None
[2023-11-16T08:31:26.461+0000] {processor.py:179} INFO - Processing /home/airflow/.local/lib/python3.8/site-packages/airflow/example_dags/example_dag_decorator.py took 0.200 seconds
[2023-11-16T08:31:56.547+0000] {processor.py:157} INFO - Started process (PID=403) to work on /home/airflow/.local/lib/python3.8/site-packages/airflow/example_dags/example_dag_decorator.py
[2023-11-16T08:31:56.548+0000] {processor.py:829} INFO - Processing file /home/airflow/.local/lib/python3.8/site-packages/airflow/example_dags/example_dag_decorator.py for tasks to queue
[2023-11-16T08:31:56.550+0000] {logging_mixin.py:151} INFO - [2023-11-16T08:31:56.550+0000] {dagbag.py:536} INFO - Filling up the DagBag from /home/airflow/.local/lib/python3.8/site-packages/airflow/example_dags/example_dag_decorator.py
[2023-11-16T08:31:56.612+0000] {processor.py:839} INFO - DAG(s) dict_keys(['example_dag_decorator']) retrieved from /home/airflow/.local/lib/python3.8/site-packages/airflow/example_dags/example_dag_decorator.py
[2023-11-16T08:31:56.695+0000] {logging_mixin.py:151} INFO - [2023-11-16T08:31:56.695+0000] {dag.py:2941} INFO - Sync 1 DAGs
[2023-11-16T08:31:56.704+0000] {logging_mixin.py:151} INFO - [2023-11-16T08:31:56.704+0000] {dag.py:3722} INFO - Setting next_dagrun for example_dag_decorator to None, run_after=None
[2023-11-16T08:31:56.719+0000] {processor.py:179} INFO - Processing /home/airflow/.local/lib/python3.8/site-packages/airflow/example_dags/example_dag_decorator.py took 0.174 seconds
[2023-11-16T08:32:27.414+0000] {processor.py:157} INFO - Started process (PID=455) to work on /home/airflow/.local/lib/python3.8/site-packages/airflow/example_dags/example_dag_decorator.py
[2023-11-16T08:32:27.415+0000] {processor.py:829} INFO - Processing file /home/airflow/.local/lib/python3.8/site-packages/airflow/example_dags/example_dag_decorator.py for tasks to queue
[2023-11-16T08:32:27.417+0000] {logging_mixin.py:151} INFO - [2023-11-16T08:32:27.416+0000] {dagbag.py:536} INFO - Filling up the DagBag from /home/airflow/.local/lib/python3.8/site-packages/airflow/example_dags/example_dag_decorator.py
[2023-11-16T08:32:27.462+0000] {processor.py:839} INFO - DAG(s) dict_keys(['example_dag_decorator']) retrieved from /home/airflow/.local/lib/python3.8/site-packages/airflow/example_dags/example_dag_decorator.py
[2023-11-16T08:32:27.542+0000] {logging_mixin.py:151} INFO - [2023-11-16T08:32:27.542+0000] {dag.py:2941} INFO - Sync 1 DAGs
[2023-11-16T08:32:27.550+0000] {logging_mixin.py:151} INFO - [2023-11-16T08:32:27.550+0000] {dag.py:3722} INFO - Setting next_dagrun for example_dag_decorator to None, run_after=None
[2023-11-16T08:32:27.564+0000] {processor.py:179} INFO - Processing /home/airflow/.local/lib/python3.8/site-packages/airflow/example_dags/example_dag_decorator.py took 0.152 seconds
[2023-11-16T08:32:57.874+0000] {processor.py:157} INFO - Started process (PID=509) to work on /home/airflow/.local/lib/python3.8/site-packages/airflow/example_dags/example_dag_decorator.py
[2023-11-16T08:32:57.875+0000] {processor.py:829} INFO - Processing file /home/airflow/.local/lib/python3.8/site-packages/airflow/example_dags/example_dag_decorator.py for tasks to queue
[2023-11-16T08:32:57.877+0000] {logging_mixin.py:151} INFO - [2023-11-16T08:32:57.877+0000] {dagbag.py:536} INFO - Filling up the DagBag from /home/airflow/.local/lib/python3.8/site-packages/airflow/example_dags/example_dag_decorator.py
[2023-11-16T08:32:57.923+0000] {processor.py:839} INFO - DAG(s) dict_keys(['example_dag_decorator']) retrieved from /home/airflow/.local/lib/python3.8/site-packages/airflow/example_dags/example_dag_decorator.py
[2023-11-16T08:32:57.998+0000] {logging_mixin.py:151} INFO - [2023-11-16T08:32:57.998+0000] {dag.py:2941} INFO - Sync 1 DAGs
[2023-11-16T08:32:58.005+0000] {logging_mixin.py:151} INFO - [2023-11-16T08:32:58.005+0000] {dag.py:3722} INFO - Setting next_dagrun for example_dag_decorator to None, run_after=None
[2023-11-16T08:32:58.020+0000] {processor.py:179} INFO - Processing /home/airflow/.local/lib/python3.8/site-packages/airflow/example_dags/example_dag_decorator.py took 0.148 seconds
[2023-11-16T08:33:28.179+0000] {processor.py:157} INFO - Started process (PID=563) to work on /home/airflow/.local/lib/python3.8/site-packages/airflow/example_dags/example_dag_decorator.py
[2023-11-16T08:33:28.181+0000] {processor.py:829} INFO - Processing file /home/airflow/.local/lib/python3.8/site-packages/airflow/example_dags/example_dag_decorator.py for tasks to queue
[2023-11-16T08:33:28.183+0000] {logging_mixin.py:151} INFO - [2023-11-16T08:33:28.183+0000] {dagbag.py:536} INFO - Filling up the DagBag from /home/airflow/.local/lib/python3.8/site-packages/airflow/example_dags/example_dag_decorator.py
[2023-11-16T08:33:28.234+0000] {processor.py:839} INFO - DAG(s) dict_keys(['example_dag_decorator']) retrieved from /home/airflow/.local/lib/python3.8/site-packages/airflow/example_dags/example_dag_decorator.py
[2023-11-16T08:33:28.316+0000] {logging_mixin.py:151} INFO - [2023-11-16T08:33:28.315+0000] {dag.py:2941} INFO - Sync 1 DAGs
[2023-11-16T08:33:28.453+0000] {logging_mixin.py:151} INFO - [2023-11-16T08:33:28.453+0000] {dag.py:3722} INFO - Setting next_dagrun for example_dag_decorator to None, run_after=None
[2023-11-16T08:33:28.466+0000] {processor.py:179} INFO - Processing /home/airflow/.local/lib/python3.8/site-packages/airflow/example_dags/example_dag_decorator.py took 0.289 seconds
[2023-11-16T08:33:58.511+0000] {processor.py:157} INFO - Started process (PID=620) to work on /home/airflow/.local/lib/python3.8/site-packages/airflow/example_dags/example_dag_decorator.py
[2023-11-16T08:33:58.512+0000] {processor.py:829} INFO - Processing file /home/airflow/.local/lib/python3.8/site-packages/airflow/example_dags/example_dag_decorator.py for tasks to queue
[2023-11-16T08:33:58.514+0000] {logging_mixin.py:151} INFO - [2023-11-16T08:33:58.514+0000] {dagbag.py:536} INFO - Filling up the DagBag from /home/airflow/.local/lib/python3.8/site-packages/airflow/example_dags/example_dag_decorator.py
[2023-11-16T08:33:58.561+0000] {processor.py:839} INFO - DAG(s) dict_keys(['example_dag_decorator']) retrieved from /home/airflow/.local/lib/python3.8/site-packages/airflow/example_dags/example_dag_decorator.py
[2023-11-16T08:33:58.633+0000] {logging_mixin.py:151} INFO - [2023-11-16T08:33:58.632+0000] {dag.py:2941} INFO - Sync 1 DAGs
[2023-11-16T08:33:58.641+0000] {logging_mixin.py:151} INFO - [2023-11-16T08:33:58.640+0000] {dag.py:3722} INFO - Setting next_dagrun for example_dag_decorator to None, run_after=None
[2023-11-16T08:33:58.758+0000] {processor.py:179} INFO - Processing /home/airflow/.local/lib/python3.8/site-packages/airflow/example_dags/example_dag_decorator.py took 0.249 seconds
[2023-11-16T08:34:28.954+0000] {processor.py:157} INFO - Started process (PID=676) to work on /home/airflow/.local/lib/python3.8/site-packages/airflow/example_dags/example_dag_decorator.py
[2023-11-16T08:34:28.954+0000] {processor.py:829} INFO - Processing file /home/airflow/.local/lib/python3.8/site-packages/airflow/example_dags/example_dag_decorator.py for tasks to queue
[2023-11-16T08:34:28.956+0000] {logging_mixin.py:151} INFO - [2023-11-16T08:34:28.956+0000] {dagbag.py:536} INFO - Filling up the DagBag from /home/airflow/.local/lib/python3.8/site-packages/airflow/example_dags/example_dag_decorator.py
[2023-11-16T08:34:29.002+0000] {processor.py:839} INFO - DAG(s) dict_keys(['example_dag_decorator']) retrieved from /home/airflow/.local/lib/python3.8/site-packages/airflow/example_dags/example_dag_decorator.py
[2023-11-16T08:34:29.073+0000] {logging_mixin.py:151} INFO - [2023-11-16T08:34:29.072+0000] {dag.py:2941} INFO - Sync 1 DAGs
[2023-11-16T08:34:29.081+0000] {logging_mixin.py:151} INFO - [2023-11-16T08:34:29.080+0000] {dag.py:3722} INFO - Setting next_dagrun for example_dag_decorator to None, run_after=None
[2023-11-16T08:34:29.094+0000] {processor.py:179} INFO - Processing /home/airflow/.local/lib/python3.8/site-packages/airflow/example_dags/example_dag_decorator.py took 0.142 seconds
[2023-11-16T08:34:59.135+0000] {processor.py:157} INFO - Started process (PID=728) to work on /home/airflow/.local/lib/python3.8/site-packages/airflow/example_dags/example_dag_decorator.py
[2023-11-16T08:34:59.136+0000] {processor.py:829} INFO - Processing file /home/airflow/.local/lib/python3.8/site-packages/airflow/example_dags/example_dag_decorator.py for tasks to queue
[2023-11-16T08:34:59.138+0000] {logging_mixin.py:151} INFO - [2023-11-16T08:34:59.138+0000] {dagbag.py:536} INFO - Filling up the DagBag from /home/airflow/.local/lib/python3.8/site-packages/airflow/example_dags/example_dag_decorator.py
[2023-11-16T08:34:59.188+0000] {processor.py:839} INFO - DAG(s) dict_keys(['example_dag_decorator']) retrieved from /home/airflow/.local/lib/python3.8/site-packages/airflow/example_dags/example_dag_decorator.py
[2023-11-16T08:34:59.207+0000] {logging_mixin.py:151} INFO - [2023-11-16T08:34:59.206+0000] {dag.py:2941} INFO - Sync 1 DAGs
[2023-11-16T08:34:59.217+0000] {logging_mixin.py:151} INFO - [2023-11-16T08:34:59.217+0000] {dag.py:3722} INFO - Setting next_dagrun for example_dag_decorator to None, run_after=None
[2023-11-16T08:34:59.230+0000] {processor.py:179} INFO - Processing /home/airflow/.local/lib/python3.8/site-packages/airflow/example_dags/example_dag_decorator.py took 0.098 seconds
[2023-11-16T08:35:29.762+0000] {processor.py:157} INFO - Started process (PID=779) to work on /home/airflow/.local/lib/python3.8/site-packages/airflow/example_dags/example_dag_decorator.py
[2023-11-16T08:35:29.763+0000] {processor.py:829} INFO - Processing file /home/airflow/.local/lib/python3.8/site-packages/airflow/example_dags/example_dag_decorator.py for tasks to queue
[2023-11-16T08:35:29.765+0000] {logging_mixin.py:151} INFO - [2023-11-16T08:35:29.765+0000] {dagbag.py:536} INFO - Filling up the DagBag from /home/airflow/.local/lib/python3.8/site-packages/airflow/example_dags/example_dag_decorator.py
[2023-11-16T08:35:29.810+0000] {processor.py:839} INFO - DAG(s) dict_keys(['example_dag_decorator']) retrieved from /home/airflow/.local/lib/python3.8/site-packages/airflow/example_dags/example_dag_decorator.py
[2023-11-16T08:35:30.011+0000] {logging_mixin.py:151} INFO - [2023-11-16T08:35:30.011+0000] {dag.py:2941} INFO - Sync 1 DAGs
[2023-11-16T08:35:30.018+0000] {logging_mixin.py:151} INFO - [2023-11-16T08:35:30.018+0000] {dag.py:3722} INFO - Setting next_dagrun for example_dag_decorator to None, run_after=None
[2023-11-16T08:35:30.031+0000] {processor.py:179} INFO - Processing /home/airflow/.local/lib/python3.8/site-packages/airflow/example_dags/example_dag_decorator.py took 0.271 seconds
[2023-11-16T08:36:00.209+0000] {processor.py:157} INFO - Started process (PID=835) to work on /home/airflow/.local/lib/python3.8/site-packages/airflow/example_dags/example_dag_decorator.py
[2023-11-16T08:36:00.210+0000] {processor.py:829} INFO - Processing file /home/airflow/.local/lib/python3.8/site-packages/airflow/example_dags/example_dag_decorator.py for tasks to queue
[2023-11-16T08:36:00.211+0000] {logging_mixin.py:151} INFO - [2023-11-16T08:36:00.211+0000] {dagbag.py:536} INFO - Filling up the DagBag from /home/airflow/.local/lib/python3.8/site-packages/airflow/example_dags/example_dag_decorator.py
[2023-11-16T08:36:00.258+0000] {processor.py:839} INFO - DAG(s) dict_keys(['example_dag_decorator']) retrieved from /home/airflow/.local/lib/python3.8/site-packages/airflow/example_dags/example_dag_decorator.py
[2023-11-16T08:36:00.328+0000] {logging_mixin.py:151} INFO - [2023-11-16T08:36:00.328+0000] {dag.py:2941} INFO - Sync 1 DAGs
[2023-11-16T08:36:00.440+0000] {logging_mixin.py:151} INFO - [2023-11-16T08:36:00.440+0000] {dag.py:3722} INFO - Setting next_dagrun for example_dag_decorator to None, run_after=None
[2023-11-16T08:36:00.452+0000] {processor.py:179} INFO - Processing /home/airflow/.local/lib/python3.8/site-packages/airflow/example_dags/example_dag_decorator.py took 0.245 seconds
[2023-11-16T08:36:31.345+0000] {processor.py:157} INFO - Started process (PID=892) to work on /home/airflow/.local/lib/python3.8/site-packages/airflow/example_dags/example_dag_decorator.py
[2023-11-16T08:36:31.355+0000] {processor.py:829} INFO - Processing file /home/airflow/.local/lib/python3.8/site-packages/airflow/example_dags/example_dag_decorator.py for tasks to queue
[2023-11-16T08:36:31.357+0000] {logging_mixin.py:151} INFO - [2023-11-16T08:36:31.357+0000] {dagbag.py:536} INFO - Filling up the DagBag from /home/airflow/.local/lib/python3.8/site-packages/airflow/example_dags/example_dag_decorator.py
[2023-11-16T08:36:31.410+0000] {processor.py:839} INFO - DAG(s) dict_keys(['example_dag_decorator']) retrieved from /home/airflow/.local/lib/python3.8/site-packages/airflow/example_dags/example_dag_decorator.py
[2023-11-16T08:36:31.478+0000] {logging_mixin.py:151} INFO - [2023-11-16T08:36:31.478+0000] {dag.py:2941} INFO - Sync 1 DAGs
[2023-11-16T08:36:31.486+0000] {logging_mixin.py:151} INFO - [2023-11-16T08:36:31.486+0000] {dag.py:3722} INFO - Setting next_dagrun for example_dag_decorator to None, run_after=None
[2023-11-16T08:36:31.610+0000] {processor.py:179} INFO - Processing /home/airflow/.local/lib/python3.8/site-packages/airflow/example_dags/example_dag_decorator.py took 0.267 seconds
[2023-11-16T08:37:01.689+0000] {processor.py:157} INFO - Started process (PID=946) to work on /home/airflow/.local/lib/python3.8/site-packages/airflow/example_dags/example_dag_decorator.py
[2023-11-16T08:37:01.691+0000] {processor.py:829} INFO - Processing file /home/airflow/.local/lib/python3.8/site-packages/airflow/example_dags/example_dag_decorator.py for tasks to queue
[2023-11-16T08:37:01.692+0000] {logging_mixin.py:151} INFO - [2023-11-16T08:37:01.692+0000] {dagbag.py:536} INFO - Filling up the DagBag from /home/airflow/.local/lib/python3.8/site-packages/airflow/example_dags/example_dag_decorator.py
[2023-11-16T08:37:01.740+0000] {processor.py:839} INFO - DAG(s) dict_keys(['example_dag_decorator']) retrieved from /home/airflow/.local/lib/python3.8/site-packages/airflow/example_dags/example_dag_decorator.py
[2023-11-16T08:37:01.813+0000] {logging_mixin.py:151} INFO - [2023-11-16T08:37:01.813+0000] {dag.py:2941} INFO - Sync 1 DAGs
[2023-11-16T08:37:01.822+0000] {logging_mixin.py:151} INFO - [2023-11-16T08:37:01.821+0000] {dag.py:3722} INFO - Setting next_dagrun for example_dag_decorator to None, run_after=None
[2023-11-16T08:37:01.835+0000] {processor.py:179} INFO - Processing /home/airflow/.local/lib/python3.8/site-packages/airflow/example_dags/example_dag_decorator.py took 0.148 seconds
[2023-11-16T08:37:32.787+0000] {processor.py:157} INFO - Started process (PID=1007) to work on /home/airflow/.local/lib/python3.8/site-packages/airflow/example_dags/example_dag_decorator.py
[2023-11-16T08:37:32.817+0000] {processor.py:829} INFO - Processing file /home/airflow/.local/lib/python3.8/site-packages/airflow/example_dags/example_dag_decorator.py for tasks to queue
[2023-11-16T08:37:32.819+0000] {logging_mixin.py:151} INFO - [2023-11-16T08:37:32.819+0000] {dagbag.py:536} INFO - Filling up the DagBag from /home/airflow/.local/lib/python3.8/site-packages/airflow/example_dags/example_dag_decorator.py
[2023-11-16T08:37:32.873+0000] {processor.py:839} INFO - DAG(s) dict_keys(['example_dag_decorator']) retrieved from /home/airflow/.local/lib/python3.8/site-packages/airflow/example_dags/example_dag_decorator.py
[2023-11-16T08:37:33.067+0000] {logging_mixin.py:151} INFO - [2023-11-16T08:37:33.067+0000] {dag.py:2941} INFO - Sync 1 DAGs
[2023-11-16T08:37:33.075+0000] {logging_mixin.py:151} INFO - [2023-11-16T08:37:33.075+0000] {dag.py:3722} INFO - Setting next_dagrun for example_dag_decorator to None, run_after=None
[2023-11-16T08:37:33.089+0000] {processor.py:179} INFO - Processing /home/airflow/.local/lib/python3.8/site-packages/airflow/example_dags/example_dag_decorator.py took 0.304 seconds
[2023-11-16T08:38:04.015+0000] {processor.py:157} INFO - Started process (PID=1061) to work on /home/airflow/.local/lib/python3.8/site-packages/airflow/example_dags/example_dag_decorator.py
[2023-11-16T08:38:04.016+0000] {processor.py:829} INFO - Processing file /home/airflow/.local/lib/python3.8/site-packages/airflow/example_dags/example_dag_decorator.py for tasks to queue
[2023-11-16T08:38:04.018+0000] {logging_mixin.py:151} INFO - [2023-11-16T08:38:04.018+0000] {dagbag.py:536} INFO - Filling up the DagBag from /home/airflow/.local/lib/python3.8/site-packages/airflow/example_dags/example_dag_decorator.py
[2023-11-16T08:38:04.085+0000] {processor.py:839} INFO - DAG(s) dict_keys(['example_dag_decorator']) retrieved from /home/airflow/.local/lib/python3.8/site-packages/airflow/example_dags/example_dag_decorator.py
[2023-11-16T08:38:04.163+0000] {logging_mixin.py:151} INFO - [2023-11-16T08:38:04.163+0000] {dag.py:2941} INFO - Sync 1 DAGs
[2023-11-16T08:38:04.314+0000] {logging_mixin.py:151} INFO - [2023-11-16T08:38:04.314+0000] {dag.py:3722} INFO - Setting next_dagrun for example_dag_decorator to None, run_after=None
[2023-11-16T08:38:04.330+0000] {processor.py:179} INFO - Processing /home/airflow/.local/lib/python3.8/site-packages/airflow/example_dags/example_dag_decorator.py took 0.318 seconds
[2023-11-16T08:38:34.421+0000] {processor.py:157} INFO - Started process (PID=1115) to work on /home/airflow/.local/lib/python3.8/site-packages/airflow/example_dags/example_dag_decorator.py
[2023-11-16T08:38:34.422+0000] {processor.py:829} INFO - Processing file /home/airflow/.local/lib/python3.8/site-packages/airflow/example_dags/example_dag_decorator.py for tasks to queue
[2023-11-16T08:38:34.424+0000] {logging_mixin.py:151} INFO - [2023-11-16T08:38:34.424+0000] {dagbag.py:536} INFO - Filling up the DagBag from /home/airflow/.local/lib/python3.8/site-packages/airflow/example_dags/example_dag_decorator.py
[2023-11-16T08:38:34.478+0000] {processor.py:839} INFO - DAG(s) dict_keys(['example_dag_decorator']) retrieved from /home/airflow/.local/lib/python3.8/site-packages/airflow/example_dags/example_dag_decorator.py
[2023-11-16T08:38:34.576+0000] {logging_mixin.py:151} INFO - [2023-11-16T08:38:34.576+0000] {dag.py:2941} INFO - Sync 1 DAGs
[2023-11-16T08:38:34.590+0000] {logging_mixin.py:151} INFO - [2023-11-16T08:38:34.590+0000] {dag.py:3722} INFO - Setting next_dagrun for example_dag_decorator to None, run_after=None
[2023-11-16T08:38:34.743+0000] {processor.py:179} INFO - Processing /home/airflow/.local/lib/python3.8/site-packages/airflow/example_dags/example_dag_decorator.py took 0.325 seconds
[2023-11-16T08:39:05.503+0000] {processor.py:157} INFO - Started process (PID=1169) to work on /home/airflow/.local/lib/python3.8/site-packages/airflow/example_dags/example_dag_decorator.py
[2023-11-16T08:39:05.504+0000] {processor.py:829} INFO - Processing file /home/airflow/.local/lib/python3.8/site-packages/airflow/example_dags/example_dag_decorator.py for tasks to queue
[2023-11-16T08:39:05.505+0000] {logging_mixin.py:151} INFO - [2023-11-16T08:39:05.505+0000] {dagbag.py:536} INFO - Filling up the DagBag from /home/airflow/.local/lib/python3.8/site-packages/airflow/example_dags/example_dag_decorator.py
[2023-11-16T08:39:05.552+0000] {processor.py:839} INFO - DAG(s) dict_keys(['example_dag_decorator']) retrieved from /home/airflow/.local/lib/python3.8/site-packages/airflow/example_dags/example_dag_decorator.py
[2023-11-16T08:39:05.734+0000] {logging_mixin.py:151} INFO - [2023-11-16T08:39:05.734+0000] {dag.py:2941} INFO - Sync 1 DAGs
[2023-11-16T08:39:05.742+0000] {logging_mixin.py:151} INFO - [2023-11-16T08:39:05.742+0000] {dag.py:3722} INFO - Setting next_dagrun for example_dag_decorator to None, run_after=None
[2023-11-16T08:39:05.756+0000] {processor.py:179} INFO - Processing /home/airflow/.local/lib/python3.8/site-packages/airflow/example_dags/example_dag_decorator.py took 0.255 seconds
[2023-11-16T08:39:36.661+0000] {processor.py:157} INFO - Started process (PID=1223) to work on /home/airflow/.local/lib/python3.8/site-packages/airflow/example_dags/example_dag_decorator.py
[2023-11-16T08:39:36.662+0000] {processor.py:829} INFO - Processing file /home/airflow/.local/lib/python3.8/site-packages/airflow/example_dags/example_dag_decorator.py for tasks to queue
[2023-11-16T08:39:36.664+0000] {logging_mixin.py:151} INFO - [2023-11-16T08:39:36.663+0000] {dagbag.py:536} INFO - Filling up the DagBag from /home/airflow/.local/lib/python3.8/site-packages/airflow/example_dags/example_dag_decorator.py
[2023-11-16T08:39:36.709+0000] {processor.py:839} INFO - DAG(s) dict_keys(['example_dag_decorator']) retrieved from /home/airflow/.local/lib/python3.8/site-packages/airflow/example_dags/example_dag_decorator.py
[2023-11-16T08:39:36.894+0000] {logging_mixin.py:151} INFO - [2023-11-16T08:39:36.894+0000] {dag.py:2941} INFO - Sync 1 DAGs
[2023-11-16T08:39:36.901+0000] {logging_mixin.py:151} INFO - [2023-11-16T08:39:36.901+0000] {dag.py:3722} INFO - Setting next_dagrun for example_dag_decorator to None, run_after=None
[2023-11-16T08:39:36.955+0000] {processor.py:179} INFO - Processing /home/airflow/.local/lib/python3.8/site-packages/airflow/example_dags/example_dag_decorator.py took 0.296 seconds
[2023-11-16T08:40:07.863+0000] {processor.py:157} INFO - Started process (PID=1277) to work on /home/airflow/.local/lib/python3.8/site-packages/airflow/example_dags/example_dag_decorator.py
[2023-11-16T08:40:07.864+0000] {processor.py:829} INFO - Processing file /home/airflow/.local/lib/python3.8/site-packages/airflow/example_dags/example_dag_decorator.py for tasks to queue
[2023-11-16T08:40:07.866+0000] {logging_mixin.py:151} INFO - [2023-11-16T08:40:07.865+0000] {dagbag.py:536} INFO - Filling up the DagBag from /home/airflow/.local/lib/python3.8/site-packages/airflow/example_dags/example_dag_decorator.py
[2023-11-16T08:40:07.909+0000] {processor.py:839} INFO - DAG(s) dict_keys(['example_dag_decorator']) retrieved from /home/airflow/.local/lib/python3.8/site-packages/airflow/example_dags/example_dag_decorator.py
[2023-11-16T08:40:08.098+0000] {logging_mixin.py:151} INFO - [2023-11-16T08:40:08.098+0000] {dag.py:2941} INFO - Sync 1 DAGs
[2023-11-16T08:40:08.106+0000] {logging_mixin.py:151} INFO - [2023-11-16T08:40:08.106+0000] {dag.py:3722} INFO - Setting next_dagrun for example_dag_decorator to None, run_after=None
[2023-11-16T08:40:08.118+0000] {processor.py:179} INFO - Processing /home/airflow/.local/lib/python3.8/site-packages/airflow/example_dags/example_dag_decorator.py took 0.257 seconds
[2023-11-16T08:40:38.787+0000] {processor.py:157} INFO - Started process (PID=1331) to work on /home/airflow/.local/lib/python3.8/site-packages/airflow/example_dags/example_dag_decorator.py
[2023-11-16T08:40:38.788+0000] {processor.py:829} INFO - Processing file /home/airflow/.local/lib/python3.8/site-packages/airflow/example_dags/example_dag_decorator.py for tasks to queue
[2023-11-16T08:40:38.790+0000] {logging_mixin.py:151} INFO - [2023-11-16T08:40:38.790+0000] {dagbag.py:536} INFO - Filling up the DagBag from /home/airflow/.local/lib/python3.8/site-packages/airflow/example_dags/example_dag_decorator.py
[2023-11-16T08:40:38.835+0000] {processor.py:839} INFO - DAG(s) dict_keys(['example_dag_decorator']) retrieved from /home/airflow/.local/lib/python3.8/site-packages/airflow/example_dags/example_dag_decorator.py
[2023-11-16T08:40:38.850+0000] {logging_mixin.py:151} INFO - [2023-11-16T08:40:38.850+0000] {dag.py:2941} INFO - Sync 1 DAGs
[2023-11-16T08:40:38.860+0000] {logging_mixin.py:151} INFO - [2023-11-16T08:40:38.860+0000] {dag.py:3722} INFO - Setting next_dagrun for example_dag_decorator to None, run_after=None
[2023-11-16T08:40:38.977+0000] {processor.py:179} INFO - Processing /home/airflow/.local/lib/python3.8/site-packages/airflow/example_dags/example_dag_decorator.py took 0.192 seconds
[2023-11-16T08:41:09.722+0000] {processor.py:157} INFO - Started process (PID=1385) to work on /home/airflow/.local/lib/python3.8/site-packages/airflow/example_dags/example_dag_decorator.py
[2023-11-16T08:41:09.723+0000] {processor.py:829} INFO - Processing file /home/airflow/.local/lib/python3.8/site-packages/airflow/example_dags/example_dag_decorator.py for tasks to queue
[2023-11-16T08:41:09.725+0000] {logging_mixin.py:151} INFO - [2023-11-16T08:41:09.725+0000] {dagbag.py:536} INFO - Filling up the DagBag from /home/airflow/.local/lib/python3.8/site-packages/airflow/example_dags/example_dag_decorator.py
[2023-11-16T08:41:09.770+0000] {processor.py:839} INFO - DAG(s) dict_keys(['example_dag_decorator']) retrieved from /home/airflow/.local/lib/python3.8/site-packages/airflow/example_dags/example_dag_decorator.py
[2023-11-16T08:41:09.785+0000] {logging_mixin.py:151} INFO - [2023-11-16T08:41:09.785+0000] {dag.py:2941} INFO - Sync 1 DAGs
[2023-11-16T08:41:09.794+0000] {logging_mixin.py:151} INFO - [2023-11-16T08:41:09.793+0000] {dag.py:3722} INFO - Setting next_dagrun for example_dag_decorator to None, run_after=None
[2023-11-16T08:41:09.805+0000] {processor.py:179} INFO - Processing /home/airflow/.local/lib/python3.8/site-packages/airflow/example_dags/example_dag_decorator.py took 0.085 seconds
[2023-11-16T08:41:40.088+0000] {processor.py:157} INFO - Started process (PID=1439) to work on /home/airflow/.local/lib/python3.8/site-packages/airflow/example_dags/example_dag_decorator.py
[2023-11-16T08:41:40.088+0000] {processor.py:829} INFO - Processing file /home/airflow/.local/lib/python3.8/site-packages/airflow/example_dags/example_dag_decorator.py for tasks to queue
[2023-11-16T08:41:40.090+0000] {logging_mixin.py:151} INFO - [2023-11-16T08:41:40.090+0000] {dagbag.py:536} INFO - Filling up the DagBag from /home/airflow/.local/lib/python3.8/site-packages/airflow/example_dags/example_dag_decorator.py
[2023-11-16T08:41:40.136+0000] {processor.py:839} INFO - DAG(s) dict_keys(['example_dag_decorator']) retrieved from /home/airflow/.local/lib/python3.8/site-packages/airflow/example_dags/example_dag_decorator.py
[2023-11-16T08:41:40.329+0000] {logging_mixin.py:151} INFO - [2023-11-16T08:41:40.328+0000] {dag.py:2941} INFO - Sync 1 DAGs
[2023-11-16T08:41:40.336+0000] {logging_mixin.py:151} INFO - [2023-11-16T08:41:40.336+0000] {dag.py:3722} INFO - Setting next_dagrun for example_dag_decorator to None, run_after=None
[2023-11-16T08:41:40.350+0000] {processor.py:179} INFO - Processing /home/airflow/.local/lib/python3.8/site-packages/airflow/example_dags/example_dag_decorator.py took 0.265 seconds
[2023-11-16T08:42:10.896+0000] {processor.py:157} INFO - Started process (PID=1493) to work on /home/airflow/.local/lib/python3.8/site-packages/airflow/example_dags/example_dag_decorator.py
[2023-11-16T08:42:10.897+0000] {processor.py:829} INFO - Processing file /home/airflow/.local/lib/python3.8/site-packages/airflow/example_dags/example_dag_decorator.py for tasks to queue
[2023-11-16T08:42:10.898+0000] {logging_mixin.py:151} INFO - [2023-11-16T08:42:10.898+0000] {dagbag.py:536} INFO - Filling up the DagBag from /home/airflow/.local/lib/python3.8/site-packages/airflow/example_dags/example_dag_decorator.py
[2023-11-16T08:42:10.945+0000] {processor.py:839} INFO - DAG(s) dict_keys(['example_dag_decorator']) retrieved from /home/airflow/.local/lib/python3.8/site-packages/airflow/example_dags/example_dag_decorator.py
[2023-11-16T08:42:11.169+0000] {logging_mixin.py:151} INFO - [2023-11-16T08:42:11.169+0000] {dag.py:2941} INFO - Sync 1 DAGs
[2023-11-16T08:42:11.180+0000] {logging_mixin.py:151} INFO - [2023-11-16T08:42:11.180+0000] {dag.py:3722} INFO - Setting next_dagrun for example_dag_decorator to None, run_after=None
[2023-11-16T08:42:11.196+0000] {processor.py:179} INFO - Processing /home/airflow/.local/lib/python3.8/site-packages/airflow/example_dags/example_dag_decorator.py took 0.302 seconds
[2023-11-16T08:42:41.784+0000] {processor.py:157} INFO - Started process (PID=1547) to work on /home/airflow/.local/lib/python3.8/site-packages/airflow/example_dags/example_dag_decorator.py
[2023-11-16T08:42:41.785+0000] {processor.py:829} INFO - Processing file /home/airflow/.local/lib/python3.8/site-packages/airflow/example_dags/example_dag_decorator.py for tasks to queue
[2023-11-16T08:42:41.786+0000] {logging_mixin.py:151} INFO - [2023-11-16T08:42:41.786+0000] {dagbag.py:536} INFO - Filling up the DagBag from /home/airflow/.local/lib/python3.8/site-packages/airflow/example_dags/example_dag_decorator.py
[2023-11-16T08:42:41.831+0000] {processor.py:839} INFO - DAG(s) dict_keys(['example_dag_decorator']) retrieved from /home/airflow/.local/lib/python3.8/site-packages/airflow/example_dags/example_dag_decorator.py
[2023-11-16T08:42:42.011+0000] {logging_mixin.py:151} INFO - [2023-11-16T08:42:42.011+0000] {dag.py:2941} INFO - Sync 1 DAGs
[2023-11-16T08:42:42.020+0000] {logging_mixin.py:151} INFO - [2023-11-16T08:42:42.020+0000] {dag.py:3722} INFO - Setting next_dagrun for example_dag_decorator to None, run_after=None
[2023-11-16T08:42:42.046+0000] {processor.py:179} INFO - Processing /home/airflow/.local/lib/python3.8/site-packages/airflow/example_dags/example_dag_decorator.py took 0.264 seconds
[2023-11-16T08:43:12.270+0000] {processor.py:157} INFO - Started process (PID=1601) to work on /home/airflow/.local/lib/python3.8/site-packages/airflow/example_dags/example_dag_decorator.py
[2023-11-16T08:43:12.270+0000] {processor.py:829} INFO - Processing file /home/airflow/.local/lib/python3.8/site-packages/airflow/example_dags/example_dag_decorator.py for tasks to queue
[2023-11-16T08:43:12.272+0000] {logging_mixin.py:151} INFO - [2023-11-16T08:43:12.272+0000] {dagbag.py:536} INFO - Filling up the DagBag from /home/airflow/.local/lib/python3.8/site-packages/airflow/example_dags/example_dag_decorator.py
[2023-11-16T08:43:12.316+0000] {processor.py:839} INFO - DAG(s) dict_keys(['example_dag_decorator']) retrieved from /home/airflow/.local/lib/python3.8/site-packages/airflow/example_dags/example_dag_decorator.py
[2023-11-16T08:43:12.488+0000] {logging_mixin.py:151} INFO - [2023-11-16T08:43:12.487+0000] {dag.py:2941} INFO - Sync 1 DAGs
[2023-11-16T08:43:12.495+0000] {logging_mixin.py:151} INFO - [2023-11-16T08:43:12.494+0000] {dag.py:3722} INFO - Setting next_dagrun for example_dag_decorator to None, run_after=None
[2023-11-16T08:43:12.511+0000] {processor.py:179} INFO - Processing /home/airflow/.local/lib/python3.8/site-packages/airflow/example_dags/example_dag_decorator.py took 0.244 seconds
[2023-11-16T08:43:43.156+0000] {processor.py:157} INFO - Started process (PID=1655) to work on /home/airflow/.local/lib/python3.8/site-packages/airflow/example_dags/example_dag_decorator.py
[2023-11-16T08:43:43.159+0000] {processor.py:829} INFO - Processing file /home/airflow/.local/lib/python3.8/site-packages/airflow/example_dags/example_dag_decorator.py for tasks to queue
[2023-11-16T08:43:43.161+0000] {logging_mixin.py:151} INFO - [2023-11-16T08:43:43.160+0000] {dagbag.py:536} INFO - Filling up the DagBag from /home/airflow/.local/lib/python3.8/site-packages/airflow/example_dags/example_dag_decorator.py
[2023-11-16T08:43:43.313+0000] {processor.py:839} INFO - DAG(s) dict_keys(['example_dag_decorator']) retrieved from /home/airflow/.local/lib/python3.8/site-packages/airflow/example_dags/example_dag_decorator.py
[2023-11-16T08:43:43.327+0000] {logging_mixin.py:151} INFO - [2023-11-16T08:43:43.327+0000] {dag.py:2941} INFO - Sync 1 DAGs
[2023-11-16T08:43:43.334+0000] {logging_mixin.py:151} INFO - [2023-11-16T08:43:43.334+0000] {dag.py:3722} INFO - Setting next_dagrun for example_dag_decorator to None, run_after=None
[2023-11-16T08:43:43.345+0000] {processor.py:179} INFO - Processing /home/airflow/.local/lib/python3.8/site-packages/airflow/example_dags/example_dag_decorator.py took 0.191 seconds
[2023-11-16T08:44:13.539+0000] {processor.py:157} INFO - Started process (PID=1709) to work on /home/airflow/.local/lib/python3.8/site-packages/airflow/example_dags/example_dag_decorator.py
[2023-11-16T08:44:13.539+0000] {processor.py:829} INFO - Processing file /home/airflow/.local/lib/python3.8/site-packages/airflow/example_dags/example_dag_decorator.py for tasks to queue
[2023-11-16T08:44:13.541+0000] {logging_mixin.py:151} INFO - [2023-11-16T08:44:13.541+0000] {dagbag.py:536} INFO - Filling up the DagBag from /home/airflow/.local/lib/python3.8/site-packages/airflow/example_dags/example_dag_decorator.py
[2023-11-16T08:44:13.585+0000] {processor.py:839} INFO - DAG(s) dict_keys(['example_dag_decorator']) retrieved from /home/airflow/.local/lib/python3.8/site-packages/airflow/example_dags/example_dag_decorator.py
[2023-11-16T08:44:13.756+0000] {logging_mixin.py:151} INFO - [2023-11-16T08:44:13.756+0000] {dag.py:2941} INFO - Sync 1 DAGs
[2023-11-16T08:44:13.763+0000] {logging_mixin.py:151} INFO - [2023-11-16T08:44:13.763+0000] {dag.py:3722} INFO - Setting next_dagrun for example_dag_decorator to None, run_after=None
[2023-11-16T08:44:13.778+0000] {processor.py:179} INFO - Processing /home/airflow/.local/lib/python3.8/site-packages/airflow/example_dags/example_dag_decorator.py took 0.242 seconds
[2023-11-16T08:44:44.095+0000] {processor.py:157} INFO - Started process (PID=1763) to work on /home/airflow/.local/lib/python3.8/site-packages/airflow/example_dags/example_dag_decorator.py
[2023-11-16T08:44:44.096+0000] {processor.py:829} INFO - Processing file /home/airflow/.local/lib/python3.8/site-packages/airflow/example_dags/example_dag_decorator.py for tasks to queue
[2023-11-16T08:44:44.098+0000] {logging_mixin.py:151} INFO - [2023-11-16T08:44:44.097+0000] {dagbag.py:536} INFO - Filling up the DagBag from /home/airflow/.local/lib/python3.8/site-packages/airflow/example_dags/example_dag_decorator.py
[2023-11-16T08:44:44.142+0000] {processor.py:839} INFO - DAG(s) dict_keys(['example_dag_decorator']) retrieved from /home/airflow/.local/lib/python3.8/site-packages/airflow/example_dags/example_dag_decorator.py
[2023-11-16T08:44:44.315+0000] {logging_mixin.py:151} INFO - [2023-11-16T08:44:44.315+0000] {dag.py:2941} INFO - Sync 1 DAGs
[2023-11-16T08:44:44.323+0000] {logging_mixin.py:151} INFO - [2023-11-16T08:44:44.323+0000] {dag.py:3722} INFO - Setting next_dagrun for example_dag_decorator to None, run_after=None
[2023-11-16T08:44:44.335+0000] {processor.py:179} INFO - Processing /home/airflow/.local/lib/python3.8/site-packages/airflow/example_dags/example_dag_decorator.py took 0.242 seconds
[2023-11-16T08:45:14.812+0000] {processor.py:157} INFO - Started process (PID=1817) to work on /home/airflow/.local/lib/python3.8/site-packages/airflow/example_dags/example_dag_decorator.py
[2023-11-16T08:45:14.813+0000] {processor.py:829} INFO - Processing file /home/airflow/.local/lib/python3.8/site-packages/airflow/example_dags/example_dag_decorator.py for tasks to queue
[2023-11-16T08:45:14.814+0000] {logging_mixin.py:151} INFO - [2023-11-16T08:45:14.814+0000] {dagbag.py:536} INFO - Filling up the DagBag from /home/airflow/.local/lib/python3.8/site-packages/airflow/example_dags/example_dag_decorator.py
[2023-11-16T08:45:14.966+0000] {processor.py:839} INFO - DAG(s) dict_keys(['example_dag_decorator']) retrieved from /home/airflow/.local/lib/python3.8/site-packages/airflow/example_dags/example_dag_decorator.py
[2023-11-16T08:45:15.035+0000] {logging_mixin.py:151} INFO - [2023-11-16T08:45:15.034+0000] {dag.py:2941} INFO - Sync 1 DAGs
[2023-11-16T08:45:15.043+0000] {logging_mixin.py:151} INFO - [2023-11-16T08:45:15.043+0000] {dag.py:3722} INFO - Setting next_dagrun for example_dag_decorator to None, run_after=None
[2023-11-16T08:45:15.059+0000] {processor.py:179} INFO - Processing /home/airflow/.local/lib/python3.8/site-packages/airflow/example_dags/example_dag_decorator.py took 0.250 seconds
[2023-11-16T08:45:45.900+0000] {processor.py:157} INFO - Started process (PID=1871) to work on /home/airflow/.local/lib/python3.8/site-packages/airflow/example_dags/example_dag_decorator.py
[2023-11-16T08:45:45.901+0000] {processor.py:829} INFO - Processing file /home/airflow/.local/lib/python3.8/site-packages/airflow/example_dags/example_dag_decorator.py for tasks to queue
[2023-11-16T08:45:45.903+0000] {logging_mixin.py:151} INFO - [2023-11-16T08:45:45.902+0000] {dagbag.py:536} INFO - Filling up the DagBag from /home/airflow/.local/lib/python3.8/site-packages/airflow/example_dags/example_dag_decorator.py
[2023-11-16T08:45:46.050+0000] {processor.py:839} INFO - DAG(s) dict_keys(['example_dag_decorator']) retrieved from /home/airflow/.local/lib/python3.8/site-packages/airflow/example_dags/example_dag_decorator.py
[2023-11-16T08:45:46.116+0000] {logging_mixin.py:151} INFO - [2023-11-16T08:45:46.116+0000] {dag.py:2941} INFO - Sync 1 DAGs
[2023-11-16T08:45:46.123+0000] {logging_mixin.py:151} INFO - [2023-11-16T08:45:46.123+0000] {dag.py:3722} INFO - Setting next_dagrun for example_dag_decorator to None, run_after=None
[2023-11-16T08:45:46.135+0000] {processor.py:179} INFO - Processing /home/airflow/.local/lib/python3.8/site-packages/airflow/example_dags/example_dag_decorator.py took 0.237 seconds
[2023-11-16T08:46:17.140+0000] {processor.py:157} INFO - Started process (PID=1925) to work on /home/airflow/.local/lib/python3.8/site-packages/airflow/example_dags/example_dag_decorator.py
[2023-11-16T08:46:17.146+0000] {processor.py:829} INFO - Processing file /home/airflow/.local/lib/python3.8/site-packages/airflow/example_dags/example_dag_decorator.py for tasks to queue
[2023-11-16T08:46:17.162+0000] {logging_mixin.py:151} INFO - [2023-11-16T08:46:17.162+0000] {dagbag.py:536} INFO - Filling up the DagBag from /home/airflow/.local/lib/python3.8/site-packages/airflow/example_dags/example_dag_decorator.py
[2023-11-16T08:46:17.330+0000] {processor.py:839} INFO - DAG(s) dict_keys(['example_dag_decorator']) retrieved from /home/airflow/.local/lib/python3.8/site-packages/airflow/example_dags/example_dag_decorator.py
[2023-11-16T08:46:17.935+0000] {logging_mixin.py:151} WARNING - Exception ignored in: <function WeakKeyDictionary.__init__.<locals>.remove at 0x7f723cc1b4c0>
[2023-11-16T08:46:17.936+0000] {logging_mixin.py:151} WARNING - Traceback (most recent call last):
[2023-11-16T08:46:17.937+0000] {logging_mixin.py:151} WARNING -   File "/usr/local/lib/python3.8/weakref.py", line 345, in remove
[2023-11-16T08:46:17.938+0000] {logging_mixin.py:151} WARNING -     def remove(k, selfref=ref(self)):
[2023-11-16T08:46:17.939+0000] {logging_mixin.py:151} WARNING -   File "/home/airflow/.local/lib/python3.8/site-packages/airflow/dag_processing/manager.py", line 470, in _exit_gracefully
[2023-11-16T08:46:17.941+0000] {logging_mixin.py:151} WARNING -     self.log.debug("Current Stacktrace is: %s", "\n".join(map(str, inspect.stack())))
[2023-11-16T08:46:17.941+0000] {logging_mixin.py:151} WARNING -   File "/usr/local/lib/python3.8/inspect.py", line 1526, in stack
[2023-11-16T08:46:17.942+0000] {logging_mixin.py:151} WARNING -     return getouterframes(sys._getframe(1), context)
[2023-11-16T08:46:17.944+0000] {logging_mixin.py:151} WARNING -   File "/usr/local/lib/python3.8/inspect.py", line 1503, in getouterframes
[2023-11-16T08:46:17.945+0000] {logging_mixin.py:151} WARNING -     frameinfo = (frame,) + getframeinfo(frame, context)
[2023-11-16T08:46:17.946+0000] {logging_mixin.py:151} WARNING -   File "/usr/local/lib/python3.8/inspect.py", line 1477, in getframeinfo
[2023-11-16T08:46:17.947+0000] {logging_mixin.py:151} WARNING -     lines, lnum = findsource(frame)
[2023-11-16T08:46:17.948+0000] {logging_mixin.py:151} WARNING -   File "/usr/local/lib/python3.8/inspect.py", line 792, in findsource
[2023-11-16T08:46:17.949+0000] {logging_mixin.py:151} WARNING -     module = getmodule(object, file)
[2023-11-16T08:46:17.950+0000] {logging_mixin.py:151} WARNING -   File "/usr/local/lib/python3.8/inspect.py", line 734, in getmodule
[2023-11-16T08:46:17.951+0000] {logging_mixin.py:151} WARNING -     return sys.modules.get(modulesbyfile[_filename])
[2023-11-16T08:46:17.951+0000] {logging_mixin.py:151} WARNING -   File "/home/airflow/.local/lib/python3.8/site-packages/airflow/dag_processing/manager.py", line 474, in _exit_gracefully
[2023-11-16T08:46:17.952+0000] {logging_mixin.py:151} WARNING -     sys.exit(os.EX_OK)
[2023-11-16T08:46:17.953+0000] {logging_mixin.py:151} WARNING - SystemExit: 0
[2023-11-16T08:46:18.218+0000] {logging_mixin.py:151} INFO - [2023-11-16T08:46:18.217+0000] {dag.py:2941} INFO - Sync 1 DAGs
[2023-11-16T08:46:18.272+0000] {logging_mixin.py:151} INFO - [2023-11-16T08:46:18.271+0000] {dag.py:3722} INFO - Setting next_dagrun for example_dag_decorator to None, run_after=None
[2023-11-16T08:46:18.341+0000] {processor.py:179} INFO - Processing /home/airflow/.local/lib/python3.8/site-packages/airflow/example_dags/example_dag_decorator.py took 1.235 seconds
