[2023-11-16T08:28:52.442+0000] {processor.py:157} INFO - Started process (PID=72) to work on /home/airflow/.local/lib/python3.8/site-packages/airflow/example_dags/example_task_group.py
[2023-11-16T08:28:52.443+0000] {processor.py:829} INFO - Processing file /home/airflow/.local/lib/python3.8/site-packages/airflow/example_dags/example_task_group.py for tasks to queue
[2023-11-16T08:28:52.448+0000] {logging_mixin.py:151} INFO - [2023-11-16T08:28:52.447+0000] {dagbag.py:536} INFO - Filling up the DagBag from /home/airflow/.local/lib/python3.8/site-packages/airflow/example_dags/example_task_group.py
[2023-11-16T08:28:52.469+0000] {processor.py:839} INFO - DAG(s) dict_keys(['example_task_group']) retrieved from /home/airflow/.local/lib/python3.8/site-packages/airflow/example_dags/example_task_group.py
[2023-11-16T08:28:52.523+0000] {logging_mixin.py:151} INFO - [2023-11-16T08:28:52.523+0000] {dag.py:2941} INFO - Sync 1 DAGs
[2023-11-16T08:28:52.558+0000] {logging_mixin.py:151} INFO - [2023-11-16T08:28:52.558+0000] {dag.py:3722} INFO - Setting next_dagrun for example_task_group to 2023-11-15T08:28:52.557768+00:00, run_after=2023-11-16T08:28:52.557768+00:00
[2023-11-16T08:28:52.587+0000] {processor.py:179} INFO - Processing /home/airflow/.local/lib/python3.8/site-packages/airflow/example_dags/example_task_group.py took 0.154 seconds
[2023-11-16T08:29:23.530+0000] {processor.py:157} INFO - Started process (PID=126) to work on /home/airflow/.local/lib/python3.8/site-packages/airflow/example_dags/example_task_group.py
[2023-11-16T08:29:23.532+0000] {processor.py:829} INFO - Processing file /home/airflow/.local/lib/python3.8/site-packages/airflow/example_dags/example_task_group.py for tasks to queue
[2023-11-16T08:29:23.533+0000] {logging_mixin.py:151} INFO - [2023-11-16T08:29:23.533+0000] {dagbag.py:536} INFO - Filling up the DagBag from /home/airflow/.local/lib/python3.8/site-packages/airflow/example_dags/example_task_group.py
[2023-11-16T08:29:23.538+0000] {processor.py:839} INFO - DAG(s) dict_keys(['example_task_group']) retrieved from /home/airflow/.local/lib/python3.8/site-packages/airflow/example_dags/example_task_group.py
[2023-11-16T08:29:23.551+0000] {logging_mixin.py:151} INFO - [2023-11-16T08:29:23.551+0000] {dag.py:2941} INFO - Sync 1 DAGs
[2023-11-16T08:29:23.566+0000] {logging_mixin.py:151} INFO - [2023-11-16T08:29:23.565+0000] {dag.py:3722} INFO - Setting next_dagrun for example_task_group to 2023-11-15T08:29:23.565670+00:00, run_after=2023-11-16T08:29:23.565670+00:00
[2023-11-16T08:29:23.578+0000] {processor.py:179} INFO - Processing /home/airflow/.local/lib/python3.8/site-packages/airflow/example_dags/example_task_group.py took 0.050 seconds
[2023-11-16T08:29:54.391+0000] {processor.py:157} INFO - Started process (PID=180) to work on /home/airflow/.local/lib/python3.8/site-packages/airflow/example_dags/example_task_group.py
[2023-11-16T08:29:54.392+0000] {processor.py:829} INFO - Processing file /home/airflow/.local/lib/python3.8/site-packages/airflow/example_dags/example_task_group.py for tasks to queue
[2023-11-16T08:29:54.394+0000] {logging_mixin.py:151} INFO - [2023-11-16T08:29:54.394+0000] {dagbag.py:536} INFO - Filling up the DagBag from /home/airflow/.local/lib/python3.8/site-packages/airflow/example_dags/example_task_group.py
[2023-11-16T08:29:54.400+0000] {processor.py:839} INFO - DAG(s) dict_keys(['example_task_group']) retrieved from /home/airflow/.local/lib/python3.8/site-packages/airflow/example_dags/example_task_group.py
[2023-11-16T08:29:54.416+0000] {logging_mixin.py:151} INFO - [2023-11-16T08:29:54.416+0000] {dag.py:2941} INFO - Sync 1 DAGs
[2023-11-16T08:29:54.432+0000] {logging_mixin.py:151} INFO - [2023-11-16T08:29:54.432+0000] {dag.py:3722} INFO - Setting next_dagrun for example_task_group to 2023-11-15T08:29:54.432473+00:00, run_after=2023-11-16T08:29:54.432473+00:00
[2023-11-16T08:29:54.446+0000] {processor.py:179} INFO - Processing /home/airflow/.local/lib/python3.8/site-packages/airflow/example_dags/example_task_group.py took 0.058 seconds
[2023-11-16T08:30:24.525+0000] {processor.py:157} INFO - Started process (PID=234) to work on /home/airflow/.local/lib/python3.8/site-packages/airflow/example_dags/example_task_group.py
[2023-11-16T08:30:24.526+0000] {processor.py:829} INFO - Processing file /home/airflow/.local/lib/python3.8/site-packages/airflow/example_dags/example_task_group.py for tasks to queue
[2023-11-16T08:30:24.528+0000] {logging_mixin.py:151} INFO - [2023-11-16T08:30:24.528+0000] {dagbag.py:536} INFO - Filling up the DagBag from /home/airflow/.local/lib/python3.8/site-packages/airflow/example_dags/example_task_group.py
[2023-11-16T08:30:24.533+0000] {processor.py:839} INFO - DAG(s) dict_keys(['example_task_group']) retrieved from /home/airflow/.local/lib/python3.8/site-packages/airflow/example_dags/example_task_group.py
[2023-11-16T08:30:24.548+0000] {logging_mixin.py:151} INFO - [2023-11-16T08:30:24.548+0000] {dag.py:2941} INFO - Sync 1 DAGs
[2023-11-16T08:30:24.564+0000] {logging_mixin.py:151} INFO - [2023-11-16T08:30:24.564+0000] {dag.py:3722} INFO - Setting next_dagrun for example_task_group to 2023-11-15T08:30:24.564359+00:00, run_after=2023-11-16T08:30:24.564359+00:00
[2023-11-16T08:30:24.578+0000] {processor.py:179} INFO - Processing /home/airflow/.local/lib/python3.8/site-packages/airflow/example_dags/example_task_group.py took 0.056 seconds
[2023-11-16T08:30:55.536+0000] {processor.py:157} INFO - Started process (PID=288) to work on /home/airflow/.local/lib/python3.8/site-packages/airflow/example_dags/example_task_group.py
[2023-11-16T08:30:55.537+0000] {processor.py:829} INFO - Processing file /home/airflow/.local/lib/python3.8/site-packages/airflow/example_dags/example_task_group.py for tasks to queue
[2023-11-16T08:30:55.539+0000] {logging_mixin.py:151} INFO - [2023-11-16T08:30:55.538+0000] {dagbag.py:536} INFO - Filling up the DagBag from /home/airflow/.local/lib/python3.8/site-packages/airflow/example_dags/example_task_group.py
[2023-11-16T08:30:55.543+0000] {processor.py:839} INFO - DAG(s) dict_keys(['example_task_group']) retrieved from /home/airflow/.local/lib/python3.8/site-packages/airflow/example_dags/example_task_group.py
[2023-11-16T08:30:55.557+0000] {logging_mixin.py:151} INFO - [2023-11-16T08:30:55.557+0000] {dag.py:2941} INFO - Sync 1 DAGs
[2023-11-16T08:30:55.572+0000] {logging_mixin.py:151} INFO - [2023-11-16T08:30:55.572+0000] {dag.py:3722} INFO - Setting next_dagrun for example_task_group to 2023-11-15T08:30:55.571843+00:00, run_after=2023-11-16T08:30:55.571843+00:00
[2023-11-16T08:30:55.584+0000] {processor.py:179} INFO - Processing /home/airflow/.local/lib/python3.8/site-packages/airflow/example_dags/example_task_group.py took 0.050 seconds
[2023-11-16T08:31:25.895+0000] {processor.py:157} INFO - Started process (PID=342) to work on /home/airflow/.local/lib/python3.8/site-packages/airflow/example_dags/example_task_group.py
[2023-11-16T08:31:25.896+0000] {processor.py:829} INFO - Processing file /home/airflow/.local/lib/python3.8/site-packages/airflow/example_dags/example_task_group.py for tasks to queue
[2023-11-16T08:31:25.898+0000] {logging_mixin.py:151} INFO - [2023-11-16T08:31:25.898+0000] {dagbag.py:536} INFO - Filling up the DagBag from /home/airflow/.local/lib/python3.8/site-packages/airflow/example_dags/example_task_group.py
[2023-11-16T08:31:25.903+0000] {processor.py:839} INFO - DAG(s) dict_keys(['example_task_group']) retrieved from /home/airflow/.local/lib/python3.8/site-packages/airflow/example_dags/example_task_group.py
[2023-11-16T08:31:25.918+0000] {logging_mixin.py:151} INFO - [2023-11-16T08:31:25.918+0000] {dag.py:2941} INFO - Sync 1 DAGs
[2023-11-16T08:31:25.944+0000] {logging_mixin.py:151} INFO - [2023-11-16T08:31:25.944+0000] {dag.py:3722} INFO - Setting next_dagrun for example_task_group to 2023-11-15T08:31:25.943812+00:00, run_after=2023-11-16T08:31:25.943812+00:00
[2023-11-16T08:31:25.962+0000] {processor.py:179} INFO - Processing /home/airflow/.local/lib/python3.8/site-packages/airflow/example_dags/example_task_group.py took 0.069 seconds
[2023-11-16T08:31:56.199+0000] {processor.py:157} INFO - Started process (PID=396) to work on /home/airflow/.local/lib/python3.8/site-packages/airflow/example_dags/example_task_group.py
[2023-11-16T08:31:56.200+0000] {processor.py:829} INFO - Processing file /home/airflow/.local/lib/python3.8/site-packages/airflow/example_dags/example_task_group.py for tasks to queue
[2023-11-16T08:31:56.202+0000] {logging_mixin.py:151} INFO - [2023-11-16T08:31:56.201+0000] {dagbag.py:536} INFO - Filling up the DagBag from /home/airflow/.local/lib/python3.8/site-packages/airflow/example_dags/example_task_group.py
[2023-11-16T08:31:56.207+0000] {processor.py:839} INFO - DAG(s) dict_keys(['example_task_group']) retrieved from /home/airflow/.local/lib/python3.8/site-packages/airflow/example_dags/example_task_group.py
[2023-11-16T08:31:56.222+0000] {logging_mixin.py:151} INFO - [2023-11-16T08:31:56.222+0000] {dag.py:2941} INFO - Sync 1 DAGs
[2023-11-16T08:31:56.239+0000] {logging_mixin.py:151} INFO - [2023-11-16T08:31:56.239+0000] {dag.py:3722} INFO - Setting next_dagrun for example_task_group to 2023-11-15T08:31:56.239091+00:00, run_after=2023-11-16T08:31:56.239091+00:00
[2023-11-16T08:31:56.253+0000] {processor.py:179} INFO - Processing /home/airflow/.local/lib/python3.8/site-packages/airflow/example_dags/example_task_group.py took 0.057 seconds
[2023-11-16T08:32:27.253+0000] {processor.py:157} INFO - Started process (PID=450) to work on /home/airflow/.local/lib/python3.8/site-packages/airflow/example_dags/example_task_group.py
[2023-11-16T08:32:27.253+0000] {processor.py:829} INFO - Processing file /home/airflow/.local/lib/python3.8/site-packages/airflow/example_dags/example_task_group.py for tasks to queue
[2023-11-16T08:32:27.255+0000] {logging_mixin.py:151} INFO - [2023-11-16T08:32:27.255+0000] {dagbag.py:536} INFO - Filling up the DagBag from /home/airflow/.local/lib/python3.8/site-packages/airflow/example_dags/example_task_group.py
[2023-11-16T08:32:27.260+0000] {processor.py:839} INFO - DAG(s) dict_keys(['example_task_group']) retrieved from /home/airflow/.local/lib/python3.8/site-packages/airflow/example_dags/example_task_group.py
[2023-11-16T08:32:27.274+0000] {logging_mixin.py:151} INFO - [2023-11-16T08:32:27.274+0000] {dag.py:2941} INFO - Sync 1 DAGs
[2023-11-16T08:32:27.289+0000] {logging_mixin.py:151} INFO - [2023-11-16T08:32:27.289+0000] {dag.py:3722} INFO - Setting next_dagrun for example_task_group to 2023-11-15T08:32:27.289618+00:00, run_after=2023-11-16T08:32:27.289618+00:00
[2023-11-16T08:32:27.303+0000] {processor.py:179} INFO - Processing /home/airflow/.local/lib/python3.8/site-packages/airflow/example_dags/example_task_group.py took 0.053 seconds
[2023-11-16T08:32:57.624+0000] {processor.py:157} INFO - Started process (PID=504) to work on /home/airflow/.local/lib/python3.8/site-packages/airflow/example_dags/example_task_group.py
[2023-11-16T08:32:57.625+0000] {processor.py:829} INFO - Processing file /home/airflow/.local/lib/python3.8/site-packages/airflow/example_dags/example_task_group.py for tasks to queue
[2023-11-16T08:32:57.627+0000] {logging_mixin.py:151} INFO - [2023-11-16T08:32:57.627+0000] {dagbag.py:536} INFO - Filling up the DagBag from /home/airflow/.local/lib/python3.8/site-packages/airflow/example_dags/example_task_group.py
[2023-11-16T08:32:57.632+0000] {processor.py:839} INFO - DAG(s) dict_keys(['example_task_group']) retrieved from /home/airflow/.local/lib/python3.8/site-packages/airflow/example_dags/example_task_group.py
[2023-11-16T08:32:57.647+0000] {logging_mixin.py:151} INFO - [2023-11-16T08:32:57.647+0000] {dag.py:2941} INFO - Sync 1 DAGs
[2023-11-16T08:32:57.666+0000] {logging_mixin.py:151} INFO - [2023-11-16T08:32:57.666+0000] {dag.py:3722} INFO - Setting next_dagrun for example_task_group to 2023-11-15T08:32:57.665831+00:00, run_after=2023-11-16T08:32:57.665831+00:00
[2023-11-16T08:32:57.681+0000] {processor.py:179} INFO - Processing /home/airflow/.local/lib/python3.8/site-packages/airflow/example_dags/example_task_group.py took 0.059 seconds
[2023-11-16T08:33:27.944+0000] {processor.py:157} INFO - Started process (PID=558) to work on /home/airflow/.local/lib/python3.8/site-packages/airflow/example_dags/example_task_group.py
[2023-11-16T08:33:27.945+0000] {processor.py:829} INFO - Processing file /home/airflow/.local/lib/python3.8/site-packages/airflow/example_dags/example_task_group.py for tasks to queue
[2023-11-16T08:33:27.947+0000] {logging_mixin.py:151} INFO - [2023-11-16T08:33:27.947+0000] {dagbag.py:536} INFO - Filling up the DagBag from /home/airflow/.local/lib/python3.8/site-packages/airflow/example_dags/example_task_group.py
[2023-11-16T08:33:27.951+0000] {processor.py:839} INFO - DAG(s) dict_keys(['example_task_group']) retrieved from /home/airflow/.local/lib/python3.8/site-packages/airflow/example_dags/example_task_group.py
[2023-11-16T08:33:27.965+0000] {logging_mixin.py:151} INFO - [2023-11-16T08:33:27.965+0000] {dag.py:2941} INFO - Sync 1 DAGs
[2023-11-16T08:33:27.980+0000] {logging_mixin.py:151} INFO - [2023-11-16T08:33:27.979+0000] {dag.py:3722} INFO - Setting next_dagrun for example_task_group to 2023-11-15T08:33:27.979711+00:00, run_after=2023-11-16T08:33:27.979711+00:00
[2023-11-16T08:33:27.991+0000] {processor.py:179} INFO - Processing /home/airflow/.local/lib/python3.8/site-packages/airflow/example_dags/example_task_group.py took 0.050 seconds
[2023-11-16T08:33:58.162+0000] {processor.py:157} INFO - Started process (PID=612) to work on /home/airflow/.local/lib/python3.8/site-packages/airflow/example_dags/example_task_group.py
[2023-11-16T08:33:58.164+0000] {processor.py:829} INFO - Processing file /home/airflow/.local/lib/python3.8/site-packages/airflow/example_dags/example_task_group.py for tasks to queue
[2023-11-16T08:33:58.165+0000] {logging_mixin.py:151} INFO - [2023-11-16T08:33:58.165+0000] {dagbag.py:536} INFO - Filling up the DagBag from /home/airflow/.local/lib/python3.8/site-packages/airflow/example_dags/example_task_group.py
[2023-11-16T08:33:58.170+0000] {processor.py:839} INFO - DAG(s) dict_keys(['example_task_group']) retrieved from /home/airflow/.local/lib/python3.8/site-packages/airflow/example_dags/example_task_group.py
[2023-11-16T08:33:58.184+0000] {logging_mixin.py:151} INFO - [2023-11-16T08:33:58.184+0000] {dag.py:2941} INFO - Sync 1 DAGs
[2023-11-16T08:33:58.200+0000] {logging_mixin.py:151} INFO - [2023-11-16T08:33:58.200+0000] {dag.py:3722} INFO - Setting next_dagrun for example_task_group to 2023-11-15T08:33:58.200412+00:00, run_after=2023-11-16T08:33:58.200412+00:00
[2023-11-16T08:33:58.216+0000] {processor.py:179} INFO - Processing /home/airflow/.local/lib/python3.8/site-packages/airflow/example_dags/example_task_group.py took 0.056 seconds
[2023-11-16T08:34:28.506+0000] {processor.py:157} INFO - Started process (PID=666) to work on /home/airflow/.local/lib/python3.8/site-packages/airflow/example_dags/example_task_group.py
[2023-11-16T08:34:28.506+0000] {processor.py:829} INFO - Processing file /home/airflow/.local/lib/python3.8/site-packages/airflow/example_dags/example_task_group.py for tasks to queue
[2023-11-16T08:34:28.508+0000] {logging_mixin.py:151} INFO - [2023-11-16T08:34:28.508+0000] {dagbag.py:536} INFO - Filling up the DagBag from /home/airflow/.local/lib/python3.8/site-packages/airflow/example_dags/example_task_group.py
[2023-11-16T08:34:28.513+0000] {processor.py:839} INFO - DAG(s) dict_keys(['example_task_group']) retrieved from /home/airflow/.local/lib/python3.8/site-packages/airflow/example_dags/example_task_group.py
[2023-11-16T08:34:28.526+0000] {logging_mixin.py:151} INFO - [2023-11-16T08:34:28.526+0000] {dag.py:2941} INFO - Sync 1 DAGs
[2023-11-16T08:34:28.540+0000] {logging_mixin.py:151} INFO - [2023-11-16T08:34:28.540+0000] {dag.py:3722} INFO - Setting next_dagrun for example_task_group to 2023-11-15T08:34:28.540628+00:00, run_after=2023-11-16T08:34:28.540628+00:00
[2023-11-16T08:34:28.554+0000] {processor.py:179} INFO - Processing /home/airflow/.local/lib/python3.8/site-packages/airflow/example_dags/example_task_group.py took 0.050 seconds
[2023-11-16T08:34:58.682+0000] {processor.py:157} INFO - Started process (PID=720) to work on /home/airflow/.local/lib/python3.8/site-packages/airflow/example_dags/example_task_group.py
[2023-11-16T08:34:58.683+0000] {processor.py:829} INFO - Processing file /home/airflow/.local/lib/python3.8/site-packages/airflow/example_dags/example_task_group.py for tasks to queue
[2023-11-16T08:34:58.685+0000] {logging_mixin.py:151} INFO - [2023-11-16T08:34:58.684+0000] {dagbag.py:536} INFO - Filling up the DagBag from /home/airflow/.local/lib/python3.8/site-packages/airflow/example_dags/example_task_group.py
[2023-11-16T08:34:58.690+0000] {processor.py:839} INFO - DAG(s) dict_keys(['example_task_group']) retrieved from /home/airflow/.local/lib/python3.8/site-packages/airflow/example_dags/example_task_group.py
[2023-11-16T08:34:58.706+0000] {logging_mixin.py:151} INFO - [2023-11-16T08:34:58.706+0000] {dag.py:2941} INFO - Sync 1 DAGs
[2023-11-16T08:34:58.723+0000] {logging_mixin.py:151} INFO - [2023-11-16T08:34:58.723+0000] {dag.py:3722} INFO - Setting next_dagrun for example_task_group to 2023-11-15T08:34:58.723415+00:00, run_after=2023-11-16T08:34:58.723415+00:00
[2023-11-16T08:34:58.739+0000] {processor.py:179} INFO - Processing /home/airflow/.local/lib/python3.8/site-packages/airflow/example_dags/example_task_group.py took 0.059 seconds
[2023-11-16T08:35:29.548+0000] {processor.py:157} INFO - Started process (PID=774) to work on /home/airflow/.local/lib/python3.8/site-packages/airflow/example_dags/example_task_group.py
[2023-11-16T08:35:29.549+0000] {processor.py:829} INFO - Processing file /home/airflow/.local/lib/python3.8/site-packages/airflow/example_dags/example_task_group.py for tasks to queue
[2023-11-16T08:35:29.551+0000] {logging_mixin.py:151} INFO - [2023-11-16T08:35:29.551+0000] {dagbag.py:536} INFO - Filling up the DagBag from /home/airflow/.local/lib/python3.8/site-packages/airflow/example_dags/example_task_group.py
[2023-11-16T08:35:29.556+0000] {processor.py:839} INFO - DAG(s) dict_keys(['example_task_group']) retrieved from /home/airflow/.local/lib/python3.8/site-packages/airflow/example_dags/example_task_group.py
[2023-11-16T08:35:29.569+0000] {logging_mixin.py:151} INFO - [2023-11-16T08:35:29.568+0000] {dag.py:2941} INFO - Sync 1 DAGs
[2023-11-16T08:35:29.583+0000] {logging_mixin.py:151} INFO - [2023-11-16T08:35:29.582+0000] {dag.py:3722} INFO - Setting next_dagrun for example_task_group to 2023-11-15T08:35:29.582766+00:00, run_after=2023-11-16T08:35:29.582766+00:00
[2023-11-16T08:35:29.595+0000] {processor.py:179} INFO - Processing /home/airflow/.local/lib/python3.8/site-packages/airflow/example_dags/example_task_group.py took 0.048 seconds
[2023-11-16T08:35:59.840+0000] {processor.py:157} INFO - Started process (PID=828) to work on /home/airflow/.local/lib/python3.8/site-packages/airflow/example_dags/example_task_group.py
[2023-11-16T08:35:59.842+0000] {processor.py:829} INFO - Processing file /home/airflow/.local/lib/python3.8/site-packages/airflow/example_dags/example_task_group.py for tasks to queue
[2023-11-16T08:35:59.844+0000] {logging_mixin.py:151} INFO - [2023-11-16T08:35:59.843+0000] {dagbag.py:536} INFO - Filling up the DagBag from /home/airflow/.local/lib/python3.8/site-packages/airflow/example_dags/example_task_group.py
[2023-11-16T08:35:59.848+0000] {processor.py:839} INFO - DAG(s) dict_keys(['example_task_group']) retrieved from /home/airflow/.local/lib/python3.8/site-packages/airflow/example_dags/example_task_group.py
[2023-11-16T08:35:59.861+0000] {logging_mixin.py:151} INFO - [2023-11-16T08:35:59.861+0000] {dag.py:2941} INFO - Sync 1 DAGs
[2023-11-16T08:35:59.876+0000] {logging_mixin.py:151} INFO - [2023-11-16T08:35:59.876+0000] {dag.py:3722} INFO - Setting next_dagrun for example_task_group to 2023-11-15T08:35:59.876181+00:00, run_after=2023-11-16T08:35:59.876181+00:00
[2023-11-16T08:35:59.888+0000] {processor.py:179} INFO - Processing /home/airflow/.local/lib/python3.8/site-packages/airflow/example_dags/example_task_group.py took 0.050 seconds
[2023-11-16T08:36:29.999+0000] {processor.py:157} INFO - Started process (PID=882) to work on /home/airflow/.local/lib/python3.8/site-packages/airflow/example_dags/example_task_group.py
[2023-11-16T08:36:30.000+0000] {processor.py:829} INFO - Processing file /home/airflow/.local/lib/python3.8/site-packages/airflow/example_dags/example_task_group.py for tasks to queue
[2023-11-16T08:36:30.002+0000] {logging_mixin.py:151} INFO - [2023-11-16T08:36:30.002+0000] {dagbag.py:536} INFO - Filling up the DagBag from /home/airflow/.local/lib/python3.8/site-packages/airflow/example_dags/example_task_group.py
[2023-11-16T08:36:30.006+0000] {processor.py:839} INFO - DAG(s) dict_keys(['example_task_group']) retrieved from /home/airflow/.local/lib/python3.8/site-packages/airflow/example_dags/example_task_group.py
[2023-11-16T08:36:30.021+0000] {logging_mixin.py:151} INFO - [2023-11-16T08:36:30.020+0000] {dag.py:2941} INFO - Sync 1 DAGs
[2023-11-16T08:36:30.036+0000] {logging_mixin.py:151} INFO - [2023-11-16T08:36:30.035+0000] {dag.py:3722} INFO - Setting next_dagrun for example_task_group to 2023-11-15T08:36:30.035714+00:00, run_after=2023-11-16T08:36:30.035714+00:00
[2023-11-16T08:36:30.048+0000] {processor.py:179} INFO - Processing /home/airflow/.local/lib/python3.8/site-packages/airflow/example_dags/example_task_group.py took 0.051 seconds
[2023-11-16T08:37:00.240+0000] {processor.py:157} INFO - Started process (PID=936) to work on /home/airflow/.local/lib/python3.8/site-packages/airflow/example_dags/example_task_group.py
[2023-11-16T08:37:00.242+0000] {processor.py:829} INFO - Processing file /home/airflow/.local/lib/python3.8/site-packages/airflow/example_dags/example_task_group.py for tasks to queue
[2023-11-16T08:37:00.244+0000] {logging_mixin.py:151} INFO - [2023-11-16T08:37:00.244+0000] {dagbag.py:536} INFO - Filling up the DagBag from /home/airflow/.local/lib/python3.8/site-packages/airflow/example_dags/example_task_group.py
[2023-11-16T08:37:00.249+0000] {processor.py:839} INFO - DAG(s) dict_keys(['example_task_group']) retrieved from /home/airflow/.local/lib/python3.8/site-packages/airflow/example_dags/example_task_group.py
[2023-11-16T08:37:00.263+0000] {logging_mixin.py:151} INFO - [2023-11-16T08:37:00.263+0000] {dag.py:2941} INFO - Sync 1 DAGs
[2023-11-16T08:37:00.278+0000] {logging_mixin.py:151} INFO - [2023-11-16T08:37:00.278+0000] {dag.py:3722} INFO - Setting next_dagrun for example_task_group to 2023-11-15T08:37:00.278591+00:00, run_after=2023-11-16T08:37:00.278591+00:00
[2023-11-16T08:37:00.292+0000] {processor.py:179} INFO - Processing /home/airflow/.local/lib/python3.8/site-packages/airflow/example_dags/example_task_group.py took 0.054 seconds
[2023-11-16T08:37:30.387+0000] {processor.py:157} INFO - Started process (PID=990) to work on /home/airflow/.local/lib/python3.8/site-packages/airflow/example_dags/example_task_group.py
[2023-11-16T08:37:30.388+0000] {processor.py:829} INFO - Processing file /home/airflow/.local/lib/python3.8/site-packages/airflow/example_dags/example_task_group.py for tasks to queue
[2023-11-16T08:37:30.390+0000] {logging_mixin.py:151} INFO - [2023-11-16T08:37:30.390+0000] {dagbag.py:536} INFO - Filling up the DagBag from /home/airflow/.local/lib/python3.8/site-packages/airflow/example_dags/example_task_group.py
[2023-11-16T08:37:30.395+0000] {processor.py:839} INFO - DAG(s) dict_keys(['example_task_group']) retrieved from /home/airflow/.local/lib/python3.8/site-packages/airflow/example_dags/example_task_group.py
[2023-11-16T08:37:30.409+0000] {logging_mixin.py:151} INFO - [2023-11-16T08:37:30.408+0000] {dag.py:2941} INFO - Sync 1 DAGs
[2023-11-16T08:37:30.424+0000] {logging_mixin.py:151} INFO - [2023-11-16T08:37:30.424+0000] {dag.py:3722} INFO - Setting next_dagrun for example_task_group to 2023-11-15T08:37:30.424329+00:00, run_after=2023-11-16T08:37:30.424329+00:00
[2023-11-16T08:37:30.437+0000] {processor.py:179} INFO - Processing /home/airflow/.local/lib/python3.8/site-packages/airflow/example_dags/example_task_group.py took 0.053 seconds
[2023-11-16T08:38:00.616+0000] {processor.py:157} INFO - Started process (PID=1044) to work on /home/airflow/.local/lib/python3.8/site-packages/airflow/example_dags/example_task_group.py
[2023-11-16T08:38:00.617+0000] {processor.py:829} INFO - Processing file /home/airflow/.local/lib/python3.8/site-packages/airflow/example_dags/example_task_group.py for tasks to queue
[2023-11-16T08:38:00.619+0000] {logging_mixin.py:151} INFO - [2023-11-16T08:38:00.619+0000] {dagbag.py:536} INFO - Filling up the DagBag from /home/airflow/.local/lib/python3.8/site-packages/airflow/example_dags/example_task_group.py
[2023-11-16T08:38:00.624+0000] {processor.py:839} INFO - DAG(s) dict_keys(['example_task_group']) retrieved from /home/airflow/.local/lib/python3.8/site-packages/airflow/example_dags/example_task_group.py
[2023-11-16T08:38:00.640+0000] {logging_mixin.py:151} INFO - [2023-11-16T08:38:00.639+0000] {dag.py:2941} INFO - Sync 1 DAGs
[2023-11-16T08:38:00.655+0000] {logging_mixin.py:151} INFO - [2023-11-16T08:38:00.655+0000] {dag.py:3722} INFO - Setting next_dagrun for example_task_group to 2023-11-15T08:38:00.655307+00:00, run_after=2023-11-16T08:38:00.655307+00:00
[2023-11-16T08:38:00.669+0000] {processor.py:179} INFO - Processing /home/airflow/.local/lib/python3.8/site-packages/airflow/example_dags/example_task_group.py took 0.055 seconds
[2023-11-16T08:38:30.971+0000] {processor.py:157} INFO - Started process (PID=1098) to work on /home/airflow/.local/lib/python3.8/site-packages/airflow/example_dags/example_task_group.py
[2023-11-16T08:38:30.972+0000] {processor.py:829} INFO - Processing file /home/airflow/.local/lib/python3.8/site-packages/airflow/example_dags/example_task_group.py for tasks to queue
[2023-11-16T08:38:30.974+0000] {logging_mixin.py:151} INFO - [2023-11-16T08:38:30.974+0000] {dagbag.py:536} INFO - Filling up the DagBag from /home/airflow/.local/lib/python3.8/site-packages/airflow/example_dags/example_task_group.py
[2023-11-16T08:38:30.982+0000] {processor.py:839} INFO - DAG(s) dict_keys(['example_task_group']) retrieved from /home/airflow/.local/lib/python3.8/site-packages/airflow/example_dags/example_task_group.py
[2023-11-16T08:38:30.999+0000] {logging_mixin.py:151} INFO - [2023-11-16T08:38:30.999+0000] {dag.py:2941} INFO - Sync 1 DAGs
[2023-11-16T08:38:31.018+0000] {logging_mixin.py:151} INFO - [2023-11-16T08:38:31.018+0000] {dag.py:3722} INFO - Setting next_dagrun for example_task_group to 2023-11-15T08:38:31.018327+00:00, run_after=2023-11-16T08:38:31.018327+00:00
[2023-11-16T08:38:31.034+0000] {processor.py:179} INFO - Processing /home/airflow/.local/lib/python3.8/site-packages/airflow/example_dags/example_task_group.py took 0.065 seconds
[2023-11-16T08:39:01.146+0000] {processor.py:157} INFO - Started process (PID=1152) to work on /home/airflow/.local/lib/python3.8/site-packages/airflow/example_dags/example_task_group.py
[2023-11-16T08:39:01.147+0000] {processor.py:829} INFO - Processing file /home/airflow/.local/lib/python3.8/site-packages/airflow/example_dags/example_task_group.py for tasks to queue
[2023-11-16T08:39:01.149+0000] {logging_mixin.py:151} INFO - [2023-11-16T08:39:01.148+0000] {dagbag.py:536} INFO - Filling up the DagBag from /home/airflow/.local/lib/python3.8/site-packages/airflow/example_dags/example_task_group.py
[2023-11-16T08:39:01.153+0000] {processor.py:839} INFO - DAG(s) dict_keys(['example_task_group']) retrieved from /home/airflow/.local/lib/python3.8/site-packages/airflow/example_dags/example_task_group.py
[2023-11-16T08:39:01.167+0000] {logging_mixin.py:151} INFO - [2023-11-16T08:39:01.167+0000] {dag.py:2941} INFO - Sync 1 DAGs
[2023-11-16T08:39:01.182+0000] {logging_mixin.py:151} INFO - [2023-11-16T08:39:01.182+0000] {dag.py:3722} INFO - Setting next_dagrun for example_task_group to 2023-11-15T08:39:01.181941+00:00, run_after=2023-11-16T08:39:01.181941+00:00
[2023-11-16T08:39:01.193+0000] {processor.py:179} INFO - Processing /home/airflow/.local/lib/python3.8/site-packages/airflow/example_dags/example_task_group.py took 0.050 seconds
[2023-11-16T08:39:31.286+0000] {processor.py:157} INFO - Started process (PID=1206) to work on /home/airflow/.local/lib/python3.8/site-packages/airflow/example_dags/example_task_group.py
[2023-11-16T08:39:31.287+0000] {processor.py:829} INFO - Processing file /home/airflow/.local/lib/python3.8/site-packages/airflow/example_dags/example_task_group.py for tasks to queue
[2023-11-16T08:39:31.289+0000] {logging_mixin.py:151} INFO - [2023-11-16T08:39:31.289+0000] {dagbag.py:536} INFO - Filling up the DagBag from /home/airflow/.local/lib/python3.8/site-packages/airflow/example_dags/example_task_group.py
[2023-11-16T08:39:31.294+0000] {processor.py:839} INFO - DAG(s) dict_keys(['example_task_group']) retrieved from /home/airflow/.local/lib/python3.8/site-packages/airflow/example_dags/example_task_group.py
[2023-11-16T08:39:31.307+0000] {logging_mixin.py:151} INFO - [2023-11-16T08:39:31.307+0000] {dag.py:2941} INFO - Sync 1 DAGs
[2023-11-16T08:39:31.322+0000] {logging_mixin.py:151} INFO - [2023-11-16T08:39:31.322+0000] {dag.py:3722} INFO - Setting next_dagrun for example_task_group to 2023-11-15T08:39:31.322098+00:00, run_after=2023-11-16T08:39:31.322098+00:00
[2023-11-16T08:39:31.334+0000] {processor.py:179} INFO - Processing /home/airflow/.local/lib/python3.8/site-packages/airflow/example_dags/example_task_group.py took 0.049 seconds
[2023-11-16T08:40:01.508+0000] {processor.py:157} INFO - Started process (PID=1260) to work on /home/airflow/.local/lib/python3.8/site-packages/airflow/example_dags/example_task_group.py
[2023-11-16T08:40:01.509+0000] {processor.py:829} INFO - Processing file /home/airflow/.local/lib/python3.8/site-packages/airflow/example_dags/example_task_group.py for tasks to queue
[2023-11-16T08:40:01.511+0000] {logging_mixin.py:151} INFO - [2023-11-16T08:40:01.511+0000] {dagbag.py:536} INFO - Filling up the DagBag from /home/airflow/.local/lib/python3.8/site-packages/airflow/example_dags/example_task_group.py
[2023-11-16T08:40:01.515+0000] {processor.py:839} INFO - DAG(s) dict_keys(['example_task_group']) retrieved from /home/airflow/.local/lib/python3.8/site-packages/airflow/example_dags/example_task_group.py
[2023-11-16T08:40:01.529+0000] {logging_mixin.py:151} INFO - [2023-11-16T08:40:01.529+0000] {dag.py:2941} INFO - Sync 1 DAGs
[2023-11-16T08:40:01.544+0000] {logging_mixin.py:151} INFO - [2023-11-16T08:40:01.544+0000] {dag.py:3722} INFO - Setting next_dagrun for example_task_group to 2023-11-15T08:40:01.544302+00:00, run_after=2023-11-16T08:40:01.544302+00:00
[2023-11-16T08:40:01.557+0000] {processor.py:179} INFO - Processing /home/airflow/.local/lib/python3.8/site-packages/airflow/example_dags/example_task_group.py took 0.050 seconds
[2023-11-16T08:40:32.397+0000] {processor.py:157} INFO - Started process (PID=1321) to work on /home/airflow/.local/lib/python3.8/site-packages/airflow/example_dags/example_task_group.py
[2023-11-16T08:40:32.398+0000] {processor.py:829} INFO - Processing file /home/airflow/.local/lib/python3.8/site-packages/airflow/example_dags/example_task_group.py for tasks to queue
[2023-11-16T08:40:32.400+0000] {logging_mixin.py:151} INFO - [2023-11-16T08:40:32.399+0000] {dagbag.py:536} INFO - Filling up the DagBag from /home/airflow/.local/lib/python3.8/site-packages/airflow/example_dags/example_task_group.py
[2023-11-16T08:40:32.404+0000] {processor.py:839} INFO - DAG(s) dict_keys(['example_task_group']) retrieved from /home/airflow/.local/lib/python3.8/site-packages/airflow/example_dags/example_task_group.py
[2023-11-16T08:40:32.418+0000] {logging_mixin.py:151} INFO - [2023-11-16T08:40:32.417+0000] {dag.py:2941} INFO - Sync 1 DAGs
[2023-11-16T08:40:32.432+0000] {logging_mixin.py:151} INFO - [2023-11-16T08:40:32.432+0000] {dag.py:3722} INFO - Setting next_dagrun for example_task_group to 2023-11-15T08:40:32.432072+00:00, run_after=2023-11-16T08:40:32.432072+00:00
[2023-11-16T08:40:32.444+0000] {processor.py:179} INFO - Processing /home/airflow/.local/lib/python3.8/site-packages/airflow/example_dags/example_task_group.py took 0.049 seconds
[2023-11-16T08:41:03.282+0000] {processor.py:157} INFO - Started process (PID=1375) to work on /home/airflow/.local/lib/python3.8/site-packages/airflow/example_dags/example_task_group.py
[2023-11-16T08:41:03.283+0000] {processor.py:829} INFO - Processing file /home/airflow/.local/lib/python3.8/site-packages/airflow/example_dags/example_task_group.py for tasks to queue
[2023-11-16T08:41:03.285+0000] {logging_mixin.py:151} INFO - [2023-11-16T08:41:03.285+0000] {dagbag.py:536} INFO - Filling up the DagBag from /home/airflow/.local/lib/python3.8/site-packages/airflow/example_dags/example_task_group.py
[2023-11-16T08:41:03.289+0000] {processor.py:839} INFO - DAG(s) dict_keys(['example_task_group']) retrieved from /home/airflow/.local/lib/python3.8/site-packages/airflow/example_dags/example_task_group.py
[2023-11-16T08:41:03.302+0000] {logging_mixin.py:151} INFO - [2023-11-16T08:41:03.302+0000] {dag.py:2941} INFO - Sync 1 DAGs
[2023-11-16T08:41:03.316+0000] {logging_mixin.py:151} INFO - [2023-11-16T08:41:03.316+0000] {dag.py:3722} INFO - Setting next_dagrun for example_task_group to 2023-11-15T08:41:03.316604+00:00, run_after=2023-11-16T08:41:03.316604+00:00
[2023-11-16T08:41:03.329+0000] {processor.py:179} INFO - Processing /home/airflow/.local/lib/python3.8/site-packages/airflow/example_dags/example_task_group.py took 0.048 seconds
[2023-11-16T08:41:34.420+0000] {processor.py:157} INFO - Started process (PID=1429) to work on /home/airflow/.local/lib/python3.8/site-packages/airflow/example_dags/example_task_group.py
[2023-11-16T08:41:34.421+0000] {processor.py:829} INFO - Processing file /home/airflow/.local/lib/python3.8/site-packages/airflow/example_dags/example_task_group.py for tasks to queue
[2023-11-16T08:41:34.424+0000] {logging_mixin.py:151} INFO - [2023-11-16T08:41:34.424+0000] {dagbag.py:536} INFO - Filling up the DagBag from /home/airflow/.local/lib/python3.8/site-packages/airflow/example_dags/example_task_group.py
[2023-11-16T08:41:34.431+0000] {processor.py:839} INFO - DAG(s) dict_keys(['example_task_group']) retrieved from /home/airflow/.local/lib/python3.8/site-packages/airflow/example_dags/example_task_group.py
[2023-11-16T08:41:34.455+0000] {logging_mixin.py:151} INFO - [2023-11-16T08:41:34.454+0000] {dag.py:2941} INFO - Sync 1 DAGs
[2023-11-16T08:41:34.486+0000] {logging_mixin.py:151} INFO - [2023-11-16T08:41:34.486+0000] {dag.py:3722} INFO - Setting next_dagrun for example_task_group to 2023-11-15T08:41:34.486175+00:00, run_after=2023-11-16T08:41:34.486175+00:00
[2023-11-16T08:41:34.520+0000] {processor.py:179} INFO - Processing /home/airflow/.local/lib/python3.8/site-packages/airflow/example_dags/example_task_group.py took 0.104 seconds
[2023-11-16T08:42:05.524+0000] {processor.py:157} INFO - Started process (PID=1483) to work on /home/airflow/.local/lib/python3.8/site-packages/airflow/example_dags/example_task_group.py
[2023-11-16T08:42:05.525+0000] {processor.py:829} INFO - Processing file /home/airflow/.local/lib/python3.8/site-packages/airflow/example_dags/example_task_group.py for tasks to queue
[2023-11-16T08:42:05.527+0000] {logging_mixin.py:151} INFO - [2023-11-16T08:42:05.526+0000] {dagbag.py:536} INFO - Filling up the DagBag from /home/airflow/.local/lib/python3.8/site-packages/airflow/example_dags/example_task_group.py
[2023-11-16T08:42:05.533+0000] {processor.py:839} INFO - DAG(s) dict_keys(['example_task_group']) retrieved from /home/airflow/.local/lib/python3.8/site-packages/airflow/example_dags/example_task_group.py
[2023-11-16T08:42:05.551+0000] {logging_mixin.py:151} INFO - [2023-11-16T08:42:05.551+0000] {dag.py:2941} INFO - Sync 1 DAGs
[2023-11-16T08:42:05.568+0000] {logging_mixin.py:151} INFO - [2023-11-16T08:42:05.567+0000] {dag.py:3722} INFO - Setting next_dagrun for example_task_group to 2023-11-15T08:42:05.567693+00:00, run_after=2023-11-16T08:42:05.567693+00:00
[2023-11-16T08:42:05.581+0000] {processor.py:179} INFO - Processing /home/airflow/.local/lib/python3.8/site-packages/airflow/example_dags/example_task_group.py took 0.059 seconds
[2023-11-16T08:42:36.398+0000] {processor.py:157} INFO - Started process (PID=1537) to work on /home/airflow/.local/lib/python3.8/site-packages/airflow/example_dags/example_task_group.py
[2023-11-16T08:42:36.398+0000] {processor.py:829} INFO - Processing file /home/airflow/.local/lib/python3.8/site-packages/airflow/example_dags/example_task_group.py for tasks to queue
[2023-11-16T08:42:36.400+0000] {logging_mixin.py:151} INFO - [2023-11-16T08:42:36.400+0000] {dagbag.py:536} INFO - Filling up the DagBag from /home/airflow/.local/lib/python3.8/site-packages/airflow/example_dags/example_task_group.py
[2023-11-16T08:42:36.405+0000] {processor.py:839} INFO - DAG(s) dict_keys(['example_task_group']) retrieved from /home/airflow/.local/lib/python3.8/site-packages/airflow/example_dags/example_task_group.py
[2023-11-16T08:42:36.417+0000] {logging_mixin.py:151} INFO - [2023-11-16T08:42:36.417+0000] {dag.py:2941} INFO - Sync 1 DAGs
[2023-11-16T08:42:36.432+0000] {logging_mixin.py:151} INFO - [2023-11-16T08:42:36.431+0000] {dag.py:3722} INFO - Setting next_dagrun for example_task_group to 2023-11-15T08:42:36.431737+00:00, run_after=2023-11-16T08:42:36.431737+00:00
[2023-11-16T08:42:36.444+0000] {processor.py:179} INFO - Processing /home/airflow/.local/lib/python3.8/site-packages/airflow/example_dags/example_task_group.py took 0.048 seconds
[2023-11-16T08:43:07.511+0000] {processor.py:157} INFO - Started process (PID=1591) to work on /home/airflow/.local/lib/python3.8/site-packages/airflow/example_dags/example_task_group.py
[2023-11-16T08:43:07.512+0000] {processor.py:829} INFO - Processing file /home/airflow/.local/lib/python3.8/site-packages/airflow/example_dags/example_task_group.py for tasks to queue
[2023-11-16T08:43:07.514+0000] {logging_mixin.py:151} INFO - [2023-11-16T08:43:07.514+0000] {dagbag.py:536} INFO - Filling up the DagBag from /home/airflow/.local/lib/python3.8/site-packages/airflow/example_dags/example_task_group.py
[2023-11-16T08:43:07.519+0000] {processor.py:839} INFO - DAG(s) dict_keys(['example_task_group']) retrieved from /home/airflow/.local/lib/python3.8/site-packages/airflow/example_dags/example_task_group.py
[2023-11-16T08:43:07.534+0000] {logging_mixin.py:151} INFO - [2023-11-16T08:43:07.534+0000] {dag.py:2941} INFO - Sync 1 DAGs
[2023-11-16T08:43:07.551+0000] {logging_mixin.py:151} INFO - [2023-11-16T08:43:07.551+0000] {dag.py:3722} INFO - Setting next_dagrun for example_task_group to 2023-11-15T08:43:07.551292+00:00, run_after=2023-11-16T08:43:07.551292+00:00
[2023-11-16T08:43:07.679+0000] {processor.py:179} INFO - Processing /home/airflow/.local/lib/python3.8/site-packages/airflow/example_dags/example_task_group.py took 0.171 seconds
[2023-11-16T08:43:37.805+0000] {processor.py:157} INFO - Started process (PID=1645) to work on /home/airflow/.local/lib/python3.8/site-packages/airflow/example_dags/example_task_group.py
[2023-11-16T08:43:37.806+0000] {processor.py:829} INFO - Processing file /home/airflow/.local/lib/python3.8/site-packages/airflow/example_dags/example_task_group.py for tasks to queue
[2023-11-16T08:43:37.807+0000] {logging_mixin.py:151} INFO - [2023-11-16T08:43:37.807+0000] {dagbag.py:536} INFO - Filling up the DagBag from /home/airflow/.local/lib/python3.8/site-packages/airflow/example_dags/example_task_group.py
[2023-11-16T08:43:37.812+0000] {processor.py:839} INFO - DAG(s) dict_keys(['example_task_group']) retrieved from /home/airflow/.local/lib/python3.8/site-packages/airflow/example_dags/example_task_group.py
[2023-11-16T08:43:37.825+0000] {logging_mixin.py:151} INFO - [2023-11-16T08:43:37.825+0000] {dag.py:2941} INFO - Sync 1 DAGs
[2023-11-16T08:43:37.840+0000] {logging_mixin.py:151} INFO - [2023-11-16T08:43:37.840+0000] {dag.py:3722} INFO - Setting next_dagrun for example_task_group to 2023-11-15T08:43:37.840046+00:00, run_after=2023-11-16T08:43:37.840046+00:00
[2023-11-16T08:43:37.852+0000] {processor.py:179} INFO - Processing /home/airflow/.local/lib/python3.8/site-packages/airflow/example_dags/example_task_group.py took 0.049 seconds
[2023-11-16T08:44:08.249+0000] {processor.py:157} INFO - Started process (PID=1699) to work on /home/airflow/.local/lib/python3.8/site-packages/airflow/example_dags/example_task_group.py
[2023-11-16T08:44:08.250+0000] {processor.py:829} INFO - Processing file /home/airflow/.local/lib/python3.8/site-packages/airflow/example_dags/example_task_group.py for tasks to queue
[2023-11-16T08:44:08.252+0000] {logging_mixin.py:151} INFO - [2023-11-16T08:44:08.251+0000] {dagbag.py:536} INFO - Filling up the DagBag from /home/airflow/.local/lib/python3.8/site-packages/airflow/example_dags/example_task_group.py
[2023-11-16T08:44:08.256+0000] {processor.py:839} INFO - DAG(s) dict_keys(['example_task_group']) retrieved from /home/airflow/.local/lib/python3.8/site-packages/airflow/example_dags/example_task_group.py
[2023-11-16T08:44:08.270+0000] {logging_mixin.py:151} INFO - [2023-11-16T08:44:08.269+0000] {dag.py:2941} INFO - Sync 1 DAGs
[2023-11-16T08:44:08.284+0000] {logging_mixin.py:151} INFO - [2023-11-16T08:44:08.284+0000] {dag.py:3722} INFO - Setting next_dagrun for example_task_group to 2023-11-15T08:44:08.284566+00:00, run_after=2023-11-16T08:44:08.284566+00:00
[2023-11-16T08:44:08.296+0000] {processor.py:179} INFO - Processing /home/airflow/.local/lib/python3.8/site-packages/airflow/example_dags/example_task_group.py took 0.049 seconds
[2023-11-16T08:44:38.799+0000] {processor.py:157} INFO - Started process (PID=1753) to work on /home/airflow/.local/lib/python3.8/site-packages/airflow/example_dags/example_task_group.py
[2023-11-16T08:44:38.800+0000] {processor.py:829} INFO - Processing file /home/airflow/.local/lib/python3.8/site-packages/airflow/example_dags/example_task_group.py for tasks to queue
[2023-11-16T08:44:38.802+0000] {logging_mixin.py:151} INFO - [2023-11-16T08:44:38.802+0000] {dagbag.py:536} INFO - Filling up the DagBag from /home/airflow/.local/lib/python3.8/site-packages/airflow/example_dags/example_task_group.py
[2023-11-16T08:44:38.806+0000] {processor.py:839} INFO - DAG(s) dict_keys(['example_task_group']) retrieved from /home/airflow/.local/lib/python3.8/site-packages/airflow/example_dags/example_task_group.py
[2023-11-16T08:44:38.820+0000] {logging_mixin.py:151} INFO - [2023-11-16T08:44:38.820+0000] {dag.py:2941} INFO - Sync 1 DAGs
[2023-11-16T08:44:38.837+0000] {logging_mixin.py:151} INFO - [2023-11-16T08:44:38.836+0000] {dag.py:3722} INFO - Setting next_dagrun for example_task_group to 2023-11-15T08:44:38.836706+00:00, run_after=2023-11-16T08:44:38.836706+00:00
[2023-11-16T08:44:38.849+0000] {processor.py:179} INFO - Processing /home/airflow/.local/lib/python3.8/site-packages/airflow/example_dags/example_task_group.py took 0.052 seconds
[2023-11-16T08:45:09.130+0000] {processor.py:157} INFO - Started process (PID=1807) to work on /home/airflow/.local/lib/python3.8/site-packages/airflow/example_dags/example_task_group.py
[2023-11-16T08:45:09.131+0000] {processor.py:829} INFO - Processing file /home/airflow/.local/lib/python3.8/site-packages/airflow/example_dags/example_task_group.py for tasks to queue
[2023-11-16T08:45:09.133+0000] {logging_mixin.py:151} INFO - [2023-11-16T08:45:09.132+0000] {dagbag.py:536} INFO - Filling up the DagBag from /home/airflow/.local/lib/python3.8/site-packages/airflow/example_dags/example_task_group.py
[2023-11-16T08:45:09.137+0000] {processor.py:839} INFO - DAG(s) dict_keys(['example_task_group']) retrieved from /home/airflow/.local/lib/python3.8/site-packages/airflow/example_dags/example_task_group.py
[2023-11-16T08:45:09.151+0000] {logging_mixin.py:151} INFO - [2023-11-16T08:45:09.150+0000] {dag.py:2941} INFO - Sync 1 DAGs
[2023-11-16T08:45:09.166+0000] {logging_mixin.py:151} INFO - [2023-11-16T08:45:09.166+0000] {dag.py:3722} INFO - Setting next_dagrun for example_task_group to 2023-11-15T08:45:09.166223+00:00, run_after=2023-11-16T08:45:09.166223+00:00
[2023-11-16T08:45:09.305+0000] {processor.py:179} INFO - Processing /home/airflow/.local/lib/python3.8/site-packages/airflow/example_dags/example_task_group.py took 0.177 seconds
[2023-11-16T08:45:39.339+0000] {processor.py:157} INFO - Started process (PID=1861) to work on /home/airflow/.local/lib/python3.8/site-packages/airflow/example_dags/example_task_group.py
[2023-11-16T08:45:39.340+0000] {processor.py:829} INFO - Processing file /home/airflow/.local/lib/python3.8/site-packages/airflow/example_dags/example_task_group.py for tasks to queue
[2023-11-16T08:45:39.342+0000] {logging_mixin.py:151} INFO - [2023-11-16T08:45:39.341+0000] {dagbag.py:536} INFO - Filling up the DagBag from /home/airflow/.local/lib/python3.8/site-packages/airflow/example_dags/example_task_group.py
[2023-11-16T08:45:39.347+0000] {processor.py:839} INFO - DAG(s) dict_keys(['example_task_group']) retrieved from /home/airflow/.local/lib/python3.8/site-packages/airflow/example_dags/example_task_group.py
[2023-11-16T08:45:39.363+0000] {logging_mixin.py:151} INFO - [2023-11-16T08:45:39.363+0000] {dag.py:2941} INFO - Sync 1 DAGs
[2023-11-16T08:45:39.380+0000] {logging_mixin.py:151} INFO - [2023-11-16T08:45:39.379+0000] {dag.py:3722} INFO - Setting next_dagrun for example_task_group to 2023-11-15T08:45:39.379596+00:00, run_after=2023-11-16T08:45:39.379596+00:00
[2023-11-16T08:45:39.396+0000] {processor.py:179} INFO - Processing /home/airflow/.local/lib/python3.8/site-packages/airflow/example_dags/example_task_group.py took 0.060 seconds
[2023-11-16T08:46:09.770+0000] {processor.py:157} INFO - Started process (PID=1915) to work on /home/airflow/.local/lib/python3.8/site-packages/airflow/example_dags/example_task_group.py
[2023-11-16T08:46:09.771+0000] {processor.py:829} INFO - Processing file /home/airflow/.local/lib/python3.8/site-packages/airflow/example_dags/example_task_group.py for tasks to queue
[2023-11-16T08:46:09.773+0000] {logging_mixin.py:151} INFO - [2023-11-16T08:46:09.773+0000] {dagbag.py:536} INFO - Filling up the DagBag from /home/airflow/.local/lib/python3.8/site-packages/airflow/example_dags/example_task_group.py
[2023-11-16T08:46:09.777+0000] {processor.py:839} INFO - DAG(s) dict_keys(['example_task_group']) retrieved from /home/airflow/.local/lib/python3.8/site-packages/airflow/example_dags/example_task_group.py
[2023-11-16T08:46:09.791+0000] {logging_mixin.py:151} INFO - [2023-11-16T08:46:09.791+0000] {dag.py:2941} INFO - Sync 1 DAGs
[2023-11-16T08:46:09.806+0000] {logging_mixin.py:151} INFO - [2023-11-16T08:46:09.806+0000] {dag.py:3722} INFO - Setting next_dagrun for example_task_group to 2023-11-15T08:46:09.806132+00:00, run_after=2023-11-16T08:46:09.806132+00:00
[2023-11-16T08:46:09.817+0000] {processor.py:179} INFO - Processing /home/airflow/.local/lib/python3.8/site-packages/airflow/example_dags/example_task_group.py took 0.049 seconds
