[2023-11-16T08:28:52.120+0000] {processor.py:157} INFO - Started process (PID=69) to work on /home/airflow/.local/lib/python3.8/site-packages/airflow/example_dags/example_task_group_decorator.py
[2023-11-16T08:28:52.126+0000] {processor.py:829} INFO - Processing file /home/airflow/.local/lib/python3.8/site-packages/airflow/example_dags/example_task_group_decorator.py for tasks to queue
[2023-11-16T08:28:52.130+0000] {logging_mixin.py:151} INFO - [2023-11-16T08:28:52.129+0000] {dagbag.py:536} INFO - Filling up the DagBag from /home/airflow/.local/lib/python3.8/site-packages/airflow/example_dags/example_task_group_decorator.py
[2023-11-16T08:28:52.158+0000] {processor.py:839} INFO - DAG(s) dict_keys(['example_task_group_decorator']) retrieved from /home/airflow/.local/lib/python3.8/site-packages/airflow/example_dags/example_task_group_decorator.py
[2023-11-16T08:28:52.204+0000] {logging_mixin.py:151} INFO - [2023-11-16T08:28:52.204+0000] {dag.py:2941} INFO - Sync 1 DAGs
[2023-11-16T08:28:52.251+0000] {logging_mixin.py:151} INFO - [2023-11-16T08:28:52.250+0000] {dag.py:3722} INFO - Setting next_dagrun for example_task_group_decorator to 2023-11-15T08:28:52.250768+00:00, run_after=2023-11-16T08:28:52.250768+00:00
[2023-11-16T08:28:52.284+0000] {processor.py:179} INFO - Processing /home/airflow/.local/lib/python3.8/site-packages/airflow/example_dags/example_task_group_decorator.py took 0.191 seconds
[2023-11-16T08:29:22.439+0000] {processor.py:157} INFO - Started process (PID=123) to work on /home/airflow/.local/lib/python3.8/site-packages/airflow/example_dags/example_task_group_decorator.py
[2023-11-16T08:29:22.440+0000] {processor.py:829} INFO - Processing file /home/airflow/.local/lib/python3.8/site-packages/airflow/example_dags/example_task_group_decorator.py for tasks to queue
[2023-11-16T08:29:22.441+0000] {logging_mixin.py:151} INFO - [2023-11-16T08:29:22.441+0000] {dagbag.py:536} INFO - Filling up the DagBag from /home/airflow/.local/lib/python3.8/site-packages/airflow/example_dags/example_task_group_decorator.py
[2023-11-16T08:29:22.451+0000] {processor.py:839} INFO - DAG(s) dict_keys(['example_task_group_decorator']) retrieved from /home/airflow/.local/lib/python3.8/site-packages/airflow/example_dags/example_task_group_decorator.py
[2023-11-16T08:29:22.468+0000] {logging_mixin.py:151} INFO - [2023-11-16T08:29:22.468+0000] {dag.py:2941} INFO - Sync 1 DAGs
[2023-11-16T08:29:22.483+0000] {logging_mixin.py:151} INFO - [2023-11-16T08:29:22.483+0000] {dag.py:3722} INFO - Setting next_dagrun for example_task_group_decorator to 2023-11-15T08:29:22.483306+00:00, run_after=2023-11-16T08:29:22.483306+00:00
[2023-11-16T08:29:22.495+0000] {processor.py:179} INFO - Processing /home/airflow/.local/lib/python3.8/site-packages/airflow/example_dags/example_task_group_decorator.py took 0.059 seconds
[2023-11-16T08:29:53.285+0000] {processor.py:157} INFO - Started process (PID=177) to work on /home/airflow/.local/lib/python3.8/site-packages/airflow/example_dags/example_task_group_decorator.py
[2023-11-16T08:29:53.286+0000] {processor.py:829} INFO - Processing file /home/airflow/.local/lib/python3.8/site-packages/airflow/example_dags/example_task_group_decorator.py for tasks to queue
[2023-11-16T08:29:53.288+0000] {logging_mixin.py:151} INFO - [2023-11-16T08:29:53.288+0000] {dagbag.py:536} INFO - Filling up the DagBag from /home/airflow/.local/lib/python3.8/site-packages/airflow/example_dags/example_task_group_decorator.py
[2023-11-16T08:29:53.300+0000] {processor.py:839} INFO - DAG(s) dict_keys(['example_task_group_decorator']) retrieved from /home/airflow/.local/lib/python3.8/site-packages/airflow/example_dags/example_task_group_decorator.py
[2023-11-16T08:29:53.320+0000] {logging_mixin.py:151} INFO - [2023-11-16T08:29:53.320+0000] {dag.py:2941} INFO - Sync 1 DAGs
[2023-11-16T08:29:53.338+0000] {logging_mixin.py:151} INFO - [2023-11-16T08:29:53.337+0000] {dag.py:3722} INFO - Setting next_dagrun for example_task_group_decorator to 2023-11-15T08:29:53.337716+00:00, run_after=2023-11-16T08:29:53.337716+00:00
[2023-11-16T08:29:53.352+0000] {processor.py:179} INFO - Processing /home/airflow/.local/lib/python3.8/site-packages/airflow/example_dags/example_task_group_decorator.py took 0.069 seconds
[2023-11-16T08:30:24.367+0000] {processor.py:157} INFO - Started process (PID=231) to work on /home/airflow/.local/lib/python3.8/site-packages/airflow/example_dags/example_task_group_decorator.py
[2023-11-16T08:30:24.368+0000] {processor.py:829} INFO - Processing file /home/airflow/.local/lib/python3.8/site-packages/airflow/example_dags/example_task_group_decorator.py for tasks to queue
[2023-11-16T08:30:24.370+0000] {logging_mixin.py:151} INFO - [2023-11-16T08:30:24.370+0000] {dagbag.py:536} INFO - Filling up the DagBag from /home/airflow/.local/lib/python3.8/site-packages/airflow/example_dags/example_task_group_decorator.py
[2023-11-16T08:30:24.380+0000] {processor.py:839} INFO - DAG(s) dict_keys(['example_task_group_decorator']) retrieved from /home/airflow/.local/lib/python3.8/site-packages/airflow/example_dags/example_task_group_decorator.py
[2023-11-16T08:30:24.397+0000] {logging_mixin.py:151} INFO - [2023-11-16T08:30:24.397+0000] {dag.py:2941} INFO - Sync 1 DAGs
[2023-11-16T08:30:24.414+0000] {logging_mixin.py:151} INFO - [2023-11-16T08:30:24.414+0000] {dag.py:3722} INFO - Setting next_dagrun for example_task_group_decorator to 2023-11-15T08:30:24.413985+00:00, run_after=2023-11-16T08:30:24.413985+00:00
[2023-11-16T08:30:24.429+0000] {processor.py:179} INFO - Processing /home/airflow/.local/lib/python3.8/site-packages/airflow/example_dags/example_task_group_decorator.py took 0.065 seconds
[2023-11-16T08:30:55.400+0000] {processor.py:157} INFO - Started process (PID=285) to work on /home/airflow/.local/lib/python3.8/site-packages/airflow/example_dags/example_task_group_decorator.py
[2023-11-16T08:30:55.400+0000] {processor.py:829} INFO - Processing file /home/airflow/.local/lib/python3.8/site-packages/airflow/example_dags/example_task_group_decorator.py for tasks to queue
[2023-11-16T08:30:55.402+0000] {logging_mixin.py:151} INFO - [2023-11-16T08:30:55.402+0000] {dagbag.py:536} INFO - Filling up the DagBag from /home/airflow/.local/lib/python3.8/site-packages/airflow/example_dags/example_task_group_decorator.py
[2023-11-16T08:30:55.411+0000] {processor.py:839} INFO - DAG(s) dict_keys(['example_task_group_decorator']) retrieved from /home/airflow/.local/lib/python3.8/site-packages/airflow/example_dags/example_task_group_decorator.py
[2023-11-16T08:30:55.425+0000] {logging_mixin.py:151} INFO - [2023-11-16T08:30:55.425+0000] {dag.py:2941} INFO - Sync 1 DAGs
[2023-11-16T08:30:55.440+0000] {logging_mixin.py:151} INFO - [2023-11-16T08:30:55.440+0000] {dag.py:3722} INFO - Setting next_dagrun for example_task_group_decorator to 2023-11-15T08:30:55.440318+00:00, run_after=2023-11-16T08:30:55.440318+00:00
[2023-11-16T08:30:55.452+0000] {processor.py:179} INFO - Processing /home/airflow/.local/lib/python3.8/site-packages/airflow/example_dags/example_task_group_decorator.py took 0.054 seconds
[2023-11-16T08:31:25.745+0000] {processor.py:157} INFO - Started process (PID=339) to work on /home/airflow/.local/lib/python3.8/site-packages/airflow/example_dags/example_task_group_decorator.py
[2023-11-16T08:31:25.747+0000] {processor.py:829} INFO - Processing file /home/airflow/.local/lib/python3.8/site-packages/airflow/example_dags/example_task_group_decorator.py for tasks to queue
[2023-11-16T08:31:25.748+0000] {logging_mixin.py:151} INFO - [2023-11-16T08:31:25.748+0000] {dagbag.py:536} INFO - Filling up the DagBag from /home/airflow/.local/lib/python3.8/site-packages/airflow/example_dags/example_task_group_decorator.py
[2023-11-16T08:31:25.757+0000] {processor.py:839} INFO - DAG(s) dict_keys(['example_task_group_decorator']) retrieved from /home/airflow/.local/lib/python3.8/site-packages/airflow/example_dags/example_task_group_decorator.py
[2023-11-16T08:31:25.773+0000] {logging_mixin.py:151} INFO - [2023-11-16T08:31:25.772+0000] {dag.py:2941} INFO - Sync 1 DAGs
[2023-11-16T08:31:25.788+0000] {logging_mixin.py:151} INFO - [2023-11-16T08:31:25.788+0000] {dag.py:3722} INFO - Setting next_dagrun for example_task_group_decorator to 2023-11-15T08:31:25.787967+00:00, run_after=2023-11-16T08:31:25.787967+00:00
[2023-11-16T08:31:25.801+0000] {processor.py:179} INFO - Processing /home/airflow/.local/lib/python3.8/site-packages/airflow/example_dags/example_task_group_decorator.py took 0.057 seconds
[2023-11-16T08:31:56.038+0000] {processor.py:157} INFO - Started process (PID=393) to work on /home/airflow/.local/lib/python3.8/site-packages/airflow/example_dags/example_task_group_decorator.py
[2023-11-16T08:31:56.039+0000] {processor.py:829} INFO - Processing file /home/airflow/.local/lib/python3.8/site-packages/airflow/example_dags/example_task_group_decorator.py for tasks to queue
[2023-11-16T08:31:56.040+0000] {logging_mixin.py:151} INFO - [2023-11-16T08:31:56.040+0000] {dagbag.py:536} INFO - Filling up the DagBag from /home/airflow/.local/lib/python3.8/site-packages/airflow/example_dags/example_task_group_decorator.py
[2023-11-16T08:31:56.050+0000] {processor.py:839} INFO - DAG(s) dict_keys(['example_task_group_decorator']) retrieved from /home/airflow/.local/lib/python3.8/site-packages/airflow/example_dags/example_task_group_decorator.py
[2023-11-16T08:31:56.067+0000] {logging_mixin.py:151} INFO - [2023-11-16T08:31:56.067+0000] {dag.py:2941} INFO - Sync 1 DAGs
[2023-11-16T08:31:56.084+0000] {logging_mixin.py:151} INFO - [2023-11-16T08:31:56.084+0000] {dag.py:3722} INFO - Setting next_dagrun for example_task_group_decorator to 2023-11-15T08:31:56.083944+00:00, run_after=2023-11-16T08:31:56.083944+00:00
[2023-11-16T08:31:56.098+0000] {processor.py:179} INFO - Processing /home/airflow/.local/lib/python3.8/site-packages/airflow/example_dags/example_task_group_decorator.py took 0.063 seconds
[2023-11-16T08:32:27.117+0000] {processor.py:157} INFO - Started process (PID=447) to work on /home/airflow/.local/lib/python3.8/site-packages/airflow/example_dags/example_task_group_decorator.py
[2023-11-16T08:32:27.117+0000] {processor.py:829} INFO - Processing file /home/airflow/.local/lib/python3.8/site-packages/airflow/example_dags/example_task_group_decorator.py for tasks to queue
[2023-11-16T08:32:27.119+0000] {logging_mixin.py:151} INFO - [2023-11-16T08:32:27.119+0000] {dagbag.py:536} INFO - Filling up the DagBag from /home/airflow/.local/lib/python3.8/site-packages/airflow/example_dags/example_task_group_decorator.py
[2023-11-16T08:32:27.128+0000] {processor.py:839} INFO - DAG(s) dict_keys(['example_task_group_decorator']) retrieved from /home/airflow/.local/lib/python3.8/site-packages/airflow/example_dags/example_task_group_decorator.py
[2023-11-16T08:32:27.142+0000] {logging_mixin.py:151} INFO - [2023-11-16T08:32:27.142+0000] {dag.py:2941} INFO - Sync 1 DAGs
[2023-11-16T08:32:27.157+0000] {logging_mixin.py:151} INFO - [2023-11-16T08:32:27.157+0000] {dag.py:3722} INFO - Setting next_dagrun for example_task_group_decorator to 2023-11-15T08:32:27.156859+00:00, run_after=2023-11-16T08:32:27.156859+00:00
[2023-11-16T08:32:27.169+0000] {processor.py:179} INFO - Processing /home/airflow/.local/lib/python3.8/site-packages/airflow/example_dags/example_task_group_decorator.py took 0.055 seconds
[2023-11-16T08:32:57.486+0000] {processor.py:157} INFO - Started process (PID=501) to work on /home/airflow/.local/lib/python3.8/site-packages/airflow/example_dags/example_task_group_decorator.py
[2023-11-16T08:32:57.488+0000] {processor.py:829} INFO - Processing file /home/airflow/.local/lib/python3.8/site-packages/airflow/example_dags/example_task_group_decorator.py for tasks to queue
[2023-11-16T08:32:57.489+0000] {logging_mixin.py:151} INFO - [2023-11-16T08:32:57.489+0000] {dagbag.py:536} INFO - Filling up the DagBag from /home/airflow/.local/lib/python3.8/site-packages/airflow/example_dags/example_task_group_decorator.py
[2023-11-16T08:32:57.498+0000] {processor.py:839} INFO - DAG(s) dict_keys(['example_task_group_decorator']) retrieved from /home/airflow/.local/lib/python3.8/site-packages/airflow/example_dags/example_task_group_decorator.py
[2023-11-16T08:32:57.513+0000] {logging_mixin.py:151} INFO - [2023-11-16T08:32:57.513+0000] {dag.py:2941} INFO - Sync 1 DAGs
[2023-11-16T08:32:57.527+0000] {logging_mixin.py:151} INFO - [2023-11-16T08:32:57.527+0000] {dag.py:3722} INFO - Setting next_dagrun for example_task_group_decorator to 2023-11-15T08:32:57.527004+00:00, run_after=2023-11-16T08:32:57.527004+00:00
[2023-11-16T08:32:57.538+0000] {processor.py:179} INFO - Processing /home/airflow/.local/lib/python3.8/site-packages/airflow/example_dags/example_task_group_decorator.py took 0.054 seconds
[2023-11-16T08:33:27.805+0000] {processor.py:157} INFO - Started process (PID=555) to work on /home/airflow/.local/lib/python3.8/site-packages/airflow/example_dags/example_task_group_decorator.py
[2023-11-16T08:33:27.806+0000] {processor.py:829} INFO - Processing file /home/airflow/.local/lib/python3.8/site-packages/airflow/example_dags/example_task_group_decorator.py for tasks to queue
[2023-11-16T08:33:27.808+0000] {logging_mixin.py:151} INFO - [2023-11-16T08:33:27.808+0000] {dagbag.py:536} INFO - Filling up the DagBag from /home/airflow/.local/lib/python3.8/site-packages/airflow/example_dags/example_task_group_decorator.py
[2023-11-16T08:33:27.817+0000] {processor.py:839} INFO - DAG(s) dict_keys(['example_task_group_decorator']) retrieved from /home/airflow/.local/lib/python3.8/site-packages/airflow/example_dags/example_task_group_decorator.py
[2023-11-16T08:33:27.831+0000] {logging_mixin.py:151} INFO - [2023-11-16T08:33:27.831+0000] {dag.py:2941} INFO - Sync 1 DAGs
[2023-11-16T08:33:27.847+0000] {logging_mixin.py:151} INFO - [2023-11-16T08:33:27.846+0000] {dag.py:3722} INFO - Setting next_dagrun for example_task_group_decorator to 2023-11-15T08:33:27.846805+00:00, run_after=2023-11-16T08:33:27.846805+00:00
[2023-11-16T08:33:27.858+0000] {processor.py:179} INFO - Processing /home/airflow/.local/lib/python3.8/site-packages/airflow/example_dags/example_task_group_decorator.py took 0.055 seconds
[2023-11-16T08:33:58.012+0000] {processor.py:157} INFO - Started process (PID=609) to work on /home/airflow/.local/lib/python3.8/site-packages/airflow/example_dags/example_task_group_decorator.py
[2023-11-16T08:33:58.013+0000] {processor.py:829} INFO - Processing file /home/airflow/.local/lib/python3.8/site-packages/airflow/example_dags/example_task_group_decorator.py for tasks to queue
[2023-11-16T08:33:58.015+0000] {logging_mixin.py:151} INFO - [2023-11-16T08:33:58.015+0000] {dagbag.py:536} INFO - Filling up the DagBag from /home/airflow/.local/lib/python3.8/site-packages/airflow/example_dags/example_task_group_decorator.py
[2023-11-16T08:33:58.025+0000] {processor.py:839} INFO - DAG(s) dict_keys(['example_task_group_decorator']) retrieved from /home/airflow/.local/lib/python3.8/site-packages/airflow/example_dags/example_task_group_decorator.py
[2023-11-16T08:33:58.041+0000] {logging_mixin.py:151} INFO - [2023-11-16T08:33:58.041+0000] {dag.py:2941} INFO - Sync 1 DAGs
[2023-11-16T08:33:58.057+0000] {logging_mixin.py:151} INFO - [2023-11-16T08:33:58.057+0000] {dag.py:3722} INFO - Setting next_dagrun for example_task_group_decorator to 2023-11-15T08:33:58.056918+00:00, run_after=2023-11-16T08:33:58.056918+00:00
[2023-11-16T08:33:58.070+0000] {processor.py:179} INFO - Processing /home/airflow/.local/lib/python3.8/site-packages/airflow/example_dags/example_task_group_decorator.py took 0.060 seconds
[2023-11-16T08:34:28.427+0000] {processor.py:157} INFO - Started process (PID=663) to work on /home/airflow/.local/lib/python3.8/site-packages/airflow/example_dags/example_task_group_decorator.py
[2023-11-16T08:34:28.429+0000] {processor.py:829} INFO - Processing file /home/airflow/.local/lib/python3.8/site-packages/airflow/example_dags/example_task_group_decorator.py for tasks to queue
[2023-11-16T08:34:28.430+0000] {logging_mixin.py:151} INFO - [2023-11-16T08:34:28.430+0000] {dagbag.py:536} INFO - Filling up the DagBag from /home/airflow/.local/lib/python3.8/site-packages/airflow/example_dags/example_task_group_decorator.py
[2023-11-16T08:34:28.439+0000] {processor.py:839} INFO - DAG(s) dict_keys(['example_task_group_decorator']) retrieved from /home/airflow/.local/lib/python3.8/site-packages/airflow/example_dags/example_task_group_decorator.py
[2023-11-16T08:34:28.454+0000] {logging_mixin.py:151} INFO - [2023-11-16T08:34:28.454+0000] {dag.py:2941} INFO - Sync 1 DAGs
[2023-11-16T08:34:28.469+0000] {logging_mixin.py:151} INFO - [2023-11-16T08:34:28.468+0000] {dag.py:3722} INFO - Setting next_dagrun for example_task_group_decorator to 2023-11-15T08:34:28.468778+00:00, run_after=2023-11-16T08:34:28.468778+00:00
[2023-11-16T08:34:28.482+0000] {processor.py:179} INFO - Processing /home/airflow/.local/lib/python3.8/site-packages/airflow/example_dags/example_task_group_decorator.py took 0.056 seconds
[2023-11-16T08:34:58.596+0000] {processor.py:157} INFO - Started process (PID=717) to work on /home/airflow/.local/lib/python3.8/site-packages/airflow/example_dags/example_task_group_decorator.py
[2023-11-16T08:34:58.597+0000] {processor.py:829} INFO - Processing file /home/airflow/.local/lib/python3.8/site-packages/airflow/example_dags/example_task_group_decorator.py for tasks to queue
[2023-11-16T08:34:58.599+0000] {logging_mixin.py:151} INFO - [2023-11-16T08:34:58.599+0000] {dagbag.py:536} INFO - Filling up the DagBag from /home/airflow/.local/lib/python3.8/site-packages/airflow/example_dags/example_task_group_decorator.py
[2023-11-16T08:34:58.609+0000] {processor.py:839} INFO - DAG(s) dict_keys(['example_task_group_decorator']) retrieved from /home/airflow/.local/lib/python3.8/site-packages/airflow/example_dags/example_task_group_decorator.py
[2023-11-16T08:34:58.626+0000] {logging_mixin.py:151} INFO - [2023-11-16T08:34:58.626+0000] {dag.py:2941} INFO - Sync 1 DAGs
[2023-11-16T08:34:58.643+0000] {logging_mixin.py:151} INFO - [2023-11-16T08:34:58.643+0000] {dag.py:3722} INFO - Setting next_dagrun for example_task_group_decorator to 2023-11-15T08:34:58.642996+00:00, run_after=2023-11-16T08:34:58.642996+00:00
[2023-11-16T08:34:58.657+0000] {processor.py:179} INFO - Processing /home/airflow/.local/lib/python3.8/site-packages/airflow/example_dags/example_task_group_decorator.py took 0.063 seconds
[2023-11-16T08:35:29.477+0000] {processor.py:157} INFO - Started process (PID=771) to work on /home/airflow/.local/lib/python3.8/site-packages/airflow/example_dags/example_task_group_decorator.py
[2023-11-16T08:35:29.478+0000] {processor.py:829} INFO - Processing file /home/airflow/.local/lib/python3.8/site-packages/airflow/example_dags/example_task_group_decorator.py for tasks to queue
[2023-11-16T08:35:29.479+0000] {logging_mixin.py:151} INFO - [2023-11-16T08:35:29.479+0000] {dagbag.py:536} INFO - Filling up the DagBag from /home/airflow/.local/lib/python3.8/site-packages/airflow/example_dags/example_task_group_decorator.py
[2023-11-16T08:35:29.488+0000] {processor.py:839} INFO - DAG(s) dict_keys(['example_task_group_decorator']) retrieved from /home/airflow/.local/lib/python3.8/site-packages/airflow/example_dags/example_task_group_decorator.py
[2023-11-16T08:35:29.502+0000] {logging_mixin.py:151} INFO - [2023-11-16T08:35:29.502+0000] {dag.py:2941} INFO - Sync 1 DAGs
[2023-11-16T08:35:29.516+0000] {logging_mixin.py:151} INFO - [2023-11-16T08:35:29.516+0000] {dag.py:3722} INFO - Setting next_dagrun for example_task_group_decorator to 2023-11-15T08:35:29.516418+00:00, run_after=2023-11-16T08:35:29.516418+00:00
[2023-11-16T08:35:29.528+0000] {processor.py:179} INFO - Processing /home/airflow/.local/lib/python3.8/site-packages/airflow/example_dags/example_task_group_decorator.py took 0.053 seconds
[2023-11-16T08:35:59.705+0000] {processor.py:157} INFO - Started process (PID=825) to work on /home/airflow/.local/lib/python3.8/site-packages/airflow/example_dags/example_task_group_decorator.py
[2023-11-16T08:35:59.707+0000] {processor.py:829} INFO - Processing file /home/airflow/.local/lib/python3.8/site-packages/airflow/example_dags/example_task_group_decorator.py for tasks to queue
[2023-11-16T08:35:59.708+0000] {logging_mixin.py:151} INFO - [2023-11-16T08:35:59.708+0000] {dagbag.py:536} INFO - Filling up the DagBag from /home/airflow/.local/lib/python3.8/site-packages/airflow/example_dags/example_task_group_decorator.py
[2023-11-16T08:35:59.717+0000] {processor.py:839} INFO - DAG(s) dict_keys(['example_task_group_decorator']) retrieved from /home/airflow/.local/lib/python3.8/site-packages/airflow/example_dags/example_task_group_decorator.py
[2023-11-16T08:35:59.732+0000] {logging_mixin.py:151} INFO - [2023-11-16T08:35:59.732+0000] {dag.py:2941} INFO - Sync 1 DAGs
[2023-11-16T08:35:59.746+0000] {logging_mixin.py:151} INFO - [2023-11-16T08:35:59.746+0000] {dag.py:3722} INFO - Setting next_dagrun for example_task_group_decorator to 2023-11-15T08:35:59.746105+00:00, run_after=2023-11-16T08:35:59.746105+00:00
[2023-11-16T08:35:59.758+0000] {processor.py:179} INFO - Processing /home/airflow/.local/lib/python3.8/site-packages/airflow/example_dags/example_task_group_decorator.py took 0.054 seconds
[2023-11-16T08:36:29.848+0000] {processor.py:157} INFO - Started process (PID=879) to work on /home/airflow/.local/lib/python3.8/site-packages/airflow/example_dags/example_task_group_decorator.py
[2023-11-16T08:36:29.849+0000] {processor.py:829} INFO - Processing file /home/airflow/.local/lib/python3.8/site-packages/airflow/example_dags/example_task_group_decorator.py for tasks to queue
[2023-11-16T08:36:29.850+0000] {logging_mixin.py:151} INFO - [2023-11-16T08:36:29.850+0000] {dagbag.py:536} INFO - Filling up the DagBag from /home/airflow/.local/lib/python3.8/site-packages/airflow/example_dags/example_task_group_decorator.py
[2023-11-16T08:36:29.860+0000] {processor.py:839} INFO - DAG(s) dict_keys(['example_task_group_decorator']) retrieved from /home/airflow/.local/lib/python3.8/site-packages/airflow/example_dags/example_task_group_decorator.py
[2023-11-16T08:36:29.877+0000] {logging_mixin.py:151} INFO - [2023-11-16T08:36:29.877+0000] {dag.py:2941} INFO - Sync 1 DAGs
[2023-11-16T08:36:29.893+0000] {logging_mixin.py:151} INFO - [2023-11-16T08:36:29.892+0000] {dag.py:3722} INFO - Setting next_dagrun for example_task_group_decorator to 2023-11-15T08:36:29.892645+00:00, run_after=2023-11-16T08:36:29.892645+00:00
[2023-11-16T08:36:29.905+0000] {processor.py:179} INFO - Processing /home/airflow/.local/lib/python3.8/site-packages/airflow/example_dags/example_task_group_decorator.py took 0.060 seconds
[2023-11-16T08:37:00.083+0000] {processor.py:157} INFO - Started process (PID=933) to work on /home/airflow/.local/lib/python3.8/site-packages/airflow/example_dags/example_task_group_decorator.py
[2023-11-16T08:37:00.084+0000] {processor.py:829} INFO - Processing file /home/airflow/.local/lib/python3.8/site-packages/airflow/example_dags/example_task_group_decorator.py for tasks to queue
[2023-11-16T08:37:00.086+0000] {logging_mixin.py:151} INFO - [2023-11-16T08:37:00.086+0000] {dagbag.py:536} INFO - Filling up the DagBag from /home/airflow/.local/lib/python3.8/site-packages/airflow/example_dags/example_task_group_decorator.py
[2023-11-16T08:37:00.096+0000] {processor.py:839} INFO - DAG(s) dict_keys(['example_task_group_decorator']) retrieved from /home/airflow/.local/lib/python3.8/site-packages/airflow/example_dags/example_task_group_decorator.py
[2023-11-16T08:37:00.113+0000] {logging_mixin.py:151} INFO - [2023-11-16T08:37:00.112+0000] {dag.py:2941} INFO - Sync 1 DAGs
[2023-11-16T08:37:00.129+0000] {logging_mixin.py:151} INFO - [2023-11-16T08:37:00.128+0000] {dag.py:3722} INFO - Setting next_dagrun for example_task_group_decorator to 2023-11-15T08:37:00.128742+00:00, run_after=2023-11-16T08:37:00.128742+00:00
[2023-11-16T08:37:00.147+0000] {processor.py:179} INFO - Processing /home/airflow/.local/lib/python3.8/site-packages/airflow/example_dags/example_task_group_decorator.py took 0.066 seconds
[2023-11-16T08:37:30.243+0000] {processor.py:157} INFO - Started process (PID=987) to work on /home/airflow/.local/lib/python3.8/site-packages/airflow/example_dags/example_task_group_decorator.py
[2023-11-16T08:37:30.244+0000] {processor.py:829} INFO - Processing file /home/airflow/.local/lib/python3.8/site-packages/airflow/example_dags/example_task_group_decorator.py for tasks to queue
[2023-11-16T08:37:30.246+0000] {logging_mixin.py:151} INFO - [2023-11-16T08:37:30.246+0000] {dagbag.py:536} INFO - Filling up the DagBag from /home/airflow/.local/lib/python3.8/site-packages/airflow/example_dags/example_task_group_decorator.py
[2023-11-16T08:37:30.256+0000] {processor.py:839} INFO - DAG(s) dict_keys(['example_task_group_decorator']) retrieved from /home/airflow/.local/lib/python3.8/site-packages/airflow/example_dags/example_task_group_decorator.py
[2023-11-16T08:37:30.271+0000] {logging_mixin.py:151} INFO - [2023-11-16T08:37:30.270+0000] {dag.py:2941} INFO - Sync 1 DAGs
[2023-11-16T08:37:30.285+0000] {logging_mixin.py:151} INFO - [2023-11-16T08:37:30.285+0000] {dag.py:3722} INFO - Setting next_dagrun for example_task_group_decorator to 2023-11-15T08:37:30.285041+00:00, run_after=2023-11-16T08:37:30.285041+00:00
[2023-11-16T08:37:30.297+0000] {processor.py:179} INFO - Processing /home/airflow/.local/lib/python3.8/site-packages/airflow/example_dags/example_task_group_decorator.py took 0.056 seconds
[2023-11-16T08:38:00.537+0000] {processor.py:157} INFO - Started process (PID=1041) to work on /home/airflow/.local/lib/python3.8/site-packages/airflow/example_dags/example_task_group_decorator.py
[2023-11-16T08:38:00.538+0000] {processor.py:829} INFO - Processing file /home/airflow/.local/lib/python3.8/site-packages/airflow/example_dags/example_task_group_decorator.py for tasks to queue
[2023-11-16T08:38:00.540+0000] {logging_mixin.py:151} INFO - [2023-11-16T08:38:00.539+0000] {dagbag.py:536} INFO - Filling up the DagBag from /home/airflow/.local/lib/python3.8/site-packages/airflow/example_dags/example_task_group_decorator.py
[2023-11-16T08:38:00.549+0000] {processor.py:839} INFO - DAG(s) dict_keys(['example_task_group_decorator']) retrieved from /home/airflow/.local/lib/python3.8/site-packages/airflow/example_dags/example_task_group_decorator.py
[2023-11-16T08:38:00.566+0000] {logging_mixin.py:151} INFO - [2023-11-16T08:38:00.566+0000] {dag.py:2941} INFO - Sync 1 DAGs
[2023-11-16T08:38:00.582+0000] {logging_mixin.py:151} INFO - [2023-11-16T08:38:00.582+0000] {dag.py:3722} INFO - Setting next_dagrun for example_task_group_decorator to 2023-11-15T08:38:00.582334+00:00, run_after=2023-11-16T08:38:00.582334+00:00
[2023-11-16T08:38:00.597+0000] {processor.py:179} INFO - Processing /home/airflow/.local/lib/python3.8/site-packages/airflow/example_dags/example_task_group_decorator.py took 0.062 seconds
[2023-11-16T08:38:30.794+0000] {processor.py:157} INFO - Started process (PID=1095) to work on /home/airflow/.local/lib/python3.8/site-packages/airflow/example_dags/example_task_group_decorator.py
[2023-11-16T08:38:30.796+0000] {processor.py:829} INFO - Processing file /home/airflow/.local/lib/python3.8/site-packages/airflow/example_dags/example_task_group_decorator.py for tasks to queue
[2023-11-16T08:38:30.797+0000] {logging_mixin.py:151} INFO - [2023-11-16T08:38:30.797+0000] {dagbag.py:536} INFO - Filling up the DagBag from /home/airflow/.local/lib/python3.8/site-packages/airflow/example_dags/example_task_group_decorator.py
[2023-11-16T08:38:30.808+0000] {processor.py:839} INFO - DAG(s) dict_keys(['example_task_group_decorator']) retrieved from /home/airflow/.local/lib/python3.8/site-packages/airflow/example_dags/example_task_group_decorator.py
[2023-11-16T08:38:30.825+0000] {logging_mixin.py:151} INFO - [2023-11-16T08:38:30.825+0000] {dag.py:2941} INFO - Sync 1 DAGs
[2023-11-16T08:38:30.842+0000] {logging_mixin.py:151} INFO - [2023-11-16T08:38:30.842+0000] {dag.py:3722} INFO - Setting next_dagrun for example_task_group_decorator to 2023-11-15T08:38:30.841975+00:00, run_after=2023-11-16T08:38:30.841975+00:00
[2023-11-16T08:38:30.858+0000] {processor.py:179} INFO - Processing /home/airflow/.local/lib/python3.8/site-packages/airflow/example_dags/example_task_group_decorator.py took 0.066 seconds
[2023-11-16T08:39:01.008+0000] {processor.py:157} INFO - Started process (PID=1149) to work on /home/airflow/.local/lib/python3.8/site-packages/airflow/example_dags/example_task_group_decorator.py
[2023-11-16T08:39:01.009+0000] {processor.py:829} INFO - Processing file /home/airflow/.local/lib/python3.8/site-packages/airflow/example_dags/example_task_group_decorator.py for tasks to queue
[2023-11-16T08:39:01.011+0000] {logging_mixin.py:151} INFO - [2023-11-16T08:39:01.010+0000] {dagbag.py:536} INFO - Filling up the DagBag from /home/airflow/.local/lib/python3.8/site-packages/airflow/example_dags/example_task_group_decorator.py
[2023-11-16T08:39:01.020+0000] {processor.py:839} INFO - DAG(s) dict_keys(['example_task_group_decorator']) retrieved from /home/airflow/.local/lib/python3.8/site-packages/airflow/example_dags/example_task_group_decorator.py
[2023-11-16T08:39:01.035+0000] {logging_mixin.py:151} INFO - [2023-11-16T08:39:01.035+0000] {dag.py:2941} INFO - Sync 1 DAGs
[2023-11-16T08:39:01.050+0000] {logging_mixin.py:151} INFO - [2023-11-16T08:39:01.049+0000] {dag.py:3722} INFO - Setting next_dagrun for example_task_group_decorator to 2023-11-15T08:39:01.049727+00:00, run_after=2023-11-16T08:39:01.049727+00:00
[2023-11-16T08:39:01.061+0000] {processor.py:179} INFO - Processing /home/airflow/.local/lib/python3.8/site-packages/airflow/example_dags/example_task_group_decorator.py took 0.056 seconds
[2023-11-16T08:39:31.150+0000] {processor.py:157} INFO - Started process (PID=1203) to work on /home/airflow/.local/lib/python3.8/site-packages/airflow/example_dags/example_task_group_decorator.py
[2023-11-16T08:39:31.151+0000] {processor.py:829} INFO - Processing file /home/airflow/.local/lib/python3.8/site-packages/airflow/example_dags/example_task_group_decorator.py for tasks to queue
[2023-11-16T08:39:31.152+0000] {logging_mixin.py:151} INFO - [2023-11-16T08:39:31.152+0000] {dagbag.py:536} INFO - Filling up the DagBag from /home/airflow/.local/lib/python3.8/site-packages/airflow/example_dags/example_task_group_decorator.py
[2023-11-16T08:39:31.162+0000] {processor.py:839} INFO - DAG(s) dict_keys(['example_task_group_decorator']) retrieved from /home/airflow/.local/lib/python3.8/site-packages/airflow/example_dags/example_task_group_decorator.py
[2023-11-16T08:39:31.177+0000] {logging_mixin.py:151} INFO - [2023-11-16T08:39:31.177+0000] {dag.py:2941} INFO - Sync 1 DAGs
[2023-11-16T08:39:31.191+0000] {logging_mixin.py:151} INFO - [2023-11-16T08:39:31.191+0000] {dag.py:3722} INFO - Setting next_dagrun for example_task_group_decorator to 2023-11-15T08:39:31.191271+00:00, run_after=2023-11-16T08:39:31.191271+00:00
[2023-11-16T08:39:31.203+0000] {processor.py:179} INFO - Processing /home/airflow/.local/lib/python3.8/site-packages/airflow/example_dags/example_task_group_decorator.py took 0.054 seconds
[2023-11-16T08:40:01.373+0000] {processor.py:157} INFO - Started process (PID=1257) to work on /home/airflow/.local/lib/python3.8/site-packages/airflow/example_dags/example_task_group_decorator.py
[2023-11-16T08:40:01.374+0000] {processor.py:829} INFO - Processing file /home/airflow/.local/lib/python3.8/site-packages/airflow/example_dags/example_task_group_decorator.py for tasks to queue
[2023-11-16T08:40:01.375+0000] {logging_mixin.py:151} INFO - [2023-11-16T08:40:01.375+0000] {dagbag.py:536} INFO - Filling up the DagBag from /home/airflow/.local/lib/python3.8/site-packages/airflow/example_dags/example_task_group_decorator.py
[2023-11-16T08:40:01.384+0000] {processor.py:839} INFO - DAG(s) dict_keys(['example_task_group_decorator']) retrieved from /home/airflow/.local/lib/python3.8/site-packages/airflow/example_dags/example_task_group_decorator.py
[2023-11-16T08:40:01.399+0000] {logging_mixin.py:151} INFO - [2023-11-16T08:40:01.399+0000] {dag.py:2941} INFO - Sync 1 DAGs
[2023-11-16T08:40:01.413+0000] {logging_mixin.py:151} INFO - [2023-11-16T08:40:01.413+0000] {dag.py:3722} INFO - Setting next_dagrun for example_task_group_decorator to 2023-11-15T08:40:01.413291+00:00, run_after=2023-11-16T08:40:01.413291+00:00
[2023-11-16T08:40:01.425+0000] {processor.py:179} INFO - Processing /home/airflow/.local/lib/python3.8/site-packages/airflow/example_dags/example_task_group_decorator.py took 0.054 seconds
[2023-11-16T08:40:32.323+0000] {processor.py:157} INFO - Started process (PID=1318) to work on /home/airflow/.local/lib/python3.8/site-packages/airflow/example_dags/example_task_group_decorator.py
[2023-11-16T08:40:32.324+0000] {processor.py:829} INFO - Processing file /home/airflow/.local/lib/python3.8/site-packages/airflow/example_dags/example_task_group_decorator.py for tasks to queue
[2023-11-16T08:40:32.326+0000] {logging_mixin.py:151} INFO - [2023-11-16T08:40:32.325+0000] {dagbag.py:536} INFO - Filling up the DagBag from /home/airflow/.local/lib/python3.8/site-packages/airflow/example_dags/example_task_group_decorator.py
[2023-11-16T08:40:32.334+0000] {processor.py:839} INFO - DAG(s) dict_keys(['example_task_group_decorator']) retrieved from /home/airflow/.local/lib/python3.8/site-packages/airflow/example_dags/example_task_group_decorator.py
[2023-11-16T08:40:32.349+0000] {logging_mixin.py:151} INFO - [2023-11-16T08:40:32.349+0000] {dag.py:2941} INFO - Sync 1 DAGs
[2023-11-16T08:40:32.364+0000] {logging_mixin.py:151} INFO - [2023-11-16T08:40:32.364+0000] {dag.py:3722} INFO - Setting next_dagrun for example_task_group_decorator to 2023-11-15T08:40:32.364340+00:00, run_after=2023-11-16T08:40:32.364340+00:00
[2023-11-16T08:40:32.376+0000] {processor.py:179} INFO - Processing /home/airflow/.local/lib/python3.8/site-packages/airflow/example_dags/example_task_group_decorator.py took 0.054 seconds
[2023-11-16T08:41:03.210+0000] {processor.py:157} INFO - Started process (PID=1372) to work on /home/airflow/.local/lib/python3.8/site-packages/airflow/example_dags/example_task_group_decorator.py
[2023-11-16T08:41:03.210+0000] {processor.py:829} INFO - Processing file /home/airflow/.local/lib/python3.8/site-packages/airflow/example_dags/example_task_group_decorator.py for tasks to queue
[2023-11-16T08:41:03.212+0000] {logging_mixin.py:151} INFO - [2023-11-16T08:41:03.212+0000] {dagbag.py:536} INFO - Filling up the DagBag from /home/airflow/.local/lib/python3.8/site-packages/airflow/example_dags/example_task_group_decorator.py
[2023-11-16T08:41:03.221+0000] {processor.py:839} INFO - DAG(s) dict_keys(['example_task_group_decorator']) retrieved from /home/airflow/.local/lib/python3.8/site-packages/airflow/example_dags/example_task_group_decorator.py
[2023-11-16T08:41:03.235+0000] {logging_mixin.py:151} INFO - [2023-11-16T08:41:03.235+0000] {dag.py:2941} INFO - Sync 1 DAGs
[2023-11-16T08:41:03.249+0000] {logging_mixin.py:151} INFO - [2023-11-16T08:41:03.249+0000] {dag.py:3722} INFO - Setting next_dagrun for example_task_group_decorator to 2023-11-15T08:41:03.249571+00:00, run_after=2023-11-16T08:41:03.249571+00:00
[2023-11-16T08:41:03.261+0000] {processor.py:179} INFO - Processing /home/airflow/.local/lib/python3.8/site-packages/airflow/example_dags/example_task_group_decorator.py took 0.054 seconds
[2023-11-16T08:41:34.294+0000] {processor.py:157} INFO - Started process (PID=1426) to work on /home/airflow/.local/lib/python3.8/site-packages/airflow/example_dags/example_task_group_decorator.py
[2023-11-16T08:41:34.295+0000] {processor.py:829} INFO - Processing file /home/airflow/.local/lib/python3.8/site-packages/airflow/example_dags/example_task_group_decorator.py for tasks to queue
[2023-11-16T08:41:34.298+0000] {logging_mixin.py:151} INFO - [2023-11-16T08:41:34.298+0000] {dagbag.py:536} INFO - Filling up the DagBag from /home/airflow/.local/lib/python3.8/site-packages/airflow/example_dags/example_task_group_decorator.py
[2023-11-16T08:41:34.314+0000] {processor.py:839} INFO - DAG(s) dict_keys(['example_task_group_decorator']) retrieved from /home/airflow/.local/lib/python3.8/site-packages/airflow/example_dags/example_task_group_decorator.py
[2023-11-16T08:41:34.336+0000] {logging_mixin.py:151} INFO - [2023-11-16T08:41:34.336+0000] {dag.py:2941} INFO - Sync 1 DAGs
[2023-11-16T08:41:34.361+0000] {logging_mixin.py:151} INFO - [2023-11-16T08:41:34.360+0000] {dag.py:3722} INFO - Setting next_dagrun for example_task_group_decorator to 2023-11-15T08:41:34.360494+00:00, run_after=2023-11-16T08:41:34.360494+00:00
[2023-11-16T08:41:34.385+0000] {processor.py:179} INFO - Processing /home/airflow/.local/lib/python3.8/site-packages/airflow/example_dags/example_task_group_decorator.py took 0.095 seconds
[2023-11-16T08:42:05.387+0000] {processor.py:157} INFO - Started process (PID=1480) to work on /home/airflow/.local/lib/python3.8/site-packages/airflow/example_dags/example_task_group_decorator.py
[2023-11-16T08:42:05.388+0000] {processor.py:829} INFO - Processing file /home/airflow/.local/lib/python3.8/site-packages/airflow/example_dags/example_task_group_decorator.py for tasks to queue
[2023-11-16T08:42:05.390+0000] {logging_mixin.py:151} INFO - [2023-11-16T08:42:05.389+0000] {dagbag.py:536} INFO - Filling up the DagBag from /home/airflow/.local/lib/python3.8/site-packages/airflow/example_dags/example_task_group_decorator.py
[2023-11-16T08:42:05.399+0000] {processor.py:839} INFO - DAG(s) dict_keys(['example_task_group_decorator']) retrieved from /home/airflow/.local/lib/python3.8/site-packages/airflow/example_dags/example_task_group_decorator.py
[2023-11-16T08:42:05.413+0000] {logging_mixin.py:151} INFO - [2023-11-16T08:42:05.413+0000] {dag.py:2941} INFO - Sync 1 DAGs
[2023-11-16T08:42:05.427+0000] {logging_mixin.py:151} INFO - [2023-11-16T08:42:05.427+0000] {dag.py:3722} INFO - Setting next_dagrun for example_task_group_decorator to 2023-11-15T08:42:05.427020+00:00, run_after=2023-11-16T08:42:05.427020+00:00
[2023-11-16T08:42:05.438+0000] {processor.py:179} INFO - Processing /home/airflow/.local/lib/python3.8/site-packages/airflow/example_dags/example_task_group_decorator.py took 0.053 seconds
[2023-11-16T08:42:36.327+0000] {processor.py:157} INFO - Started process (PID=1534) to work on /home/airflow/.local/lib/python3.8/site-packages/airflow/example_dags/example_task_group_decorator.py
[2023-11-16T08:42:36.327+0000] {processor.py:829} INFO - Processing file /home/airflow/.local/lib/python3.8/site-packages/airflow/example_dags/example_task_group_decorator.py for tasks to queue
[2023-11-16T08:42:36.329+0000] {logging_mixin.py:151} INFO - [2023-11-16T08:42:36.328+0000] {dagbag.py:536} INFO - Filling up the DagBag from /home/airflow/.local/lib/python3.8/site-packages/airflow/example_dags/example_task_group_decorator.py
[2023-11-16T08:42:36.337+0000] {processor.py:839} INFO - DAG(s) dict_keys(['example_task_group_decorator']) retrieved from /home/airflow/.local/lib/python3.8/site-packages/airflow/example_dags/example_task_group_decorator.py
[2023-11-16T08:42:36.352+0000] {logging_mixin.py:151} INFO - [2023-11-16T08:42:36.352+0000] {dag.py:2941} INFO - Sync 1 DAGs
[2023-11-16T08:42:36.365+0000] {logging_mixin.py:151} INFO - [2023-11-16T08:42:36.365+0000] {dag.py:3722} INFO - Setting next_dagrun for example_task_group_decorator to 2023-11-15T08:42:36.365688+00:00, run_after=2023-11-16T08:42:36.365688+00:00
[2023-11-16T08:42:36.378+0000] {processor.py:179} INFO - Processing /home/airflow/.local/lib/python3.8/site-packages/airflow/example_dags/example_task_group_decorator.py took 0.053 seconds
[2023-11-16T08:43:07.134+0000] {processor.py:157} INFO - Started process (PID=1588) to work on /home/airflow/.local/lib/python3.8/site-packages/airflow/example_dags/example_task_group_decorator.py
[2023-11-16T08:43:07.134+0000] {processor.py:829} INFO - Processing file /home/airflow/.local/lib/python3.8/site-packages/airflow/example_dags/example_task_group_decorator.py for tasks to queue
[2023-11-16T08:43:07.136+0000] {logging_mixin.py:151} INFO - [2023-11-16T08:43:07.136+0000] {dagbag.py:536} INFO - Filling up the DagBag from /home/airflow/.local/lib/python3.8/site-packages/airflow/example_dags/example_task_group_decorator.py
[2023-11-16T08:43:07.145+0000] {processor.py:839} INFO - DAG(s) dict_keys(['example_task_group_decorator']) retrieved from /home/airflow/.local/lib/python3.8/site-packages/airflow/example_dags/example_task_group_decorator.py
[2023-11-16T08:43:07.161+0000] {logging_mixin.py:151} INFO - [2023-11-16T08:43:07.161+0000] {dag.py:2941} INFO - Sync 1 DAGs
[2023-11-16T08:43:07.175+0000] {logging_mixin.py:151} INFO - [2023-11-16T08:43:07.175+0000] {dag.py:3722} INFO - Setting next_dagrun for example_task_group_decorator to 2023-11-15T08:43:07.175377+00:00, run_after=2023-11-16T08:43:07.175377+00:00
[2023-11-16T08:43:07.303+0000] {processor.py:179} INFO - Processing /home/airflow/.local/lib/python3.8/site-packages/airflow/example_dags/example_task_group_decorator.py took 0.171 seconds
[2023-11-16T08:43:37.663+0000] {processor.py:157} INFO - Started process (PID=1642) to work on /home/airflow/.local/lib/python3.8/site-packages/airflow/example_dags/example_task_group_decorator.py
[2023-11-16T08:43:37.664+0000] {processor.py:829} INFO - Processing file /home/airflow/.local/lib/python3.8/site-packages/airflow/example_dags/example_task_group_decorator.py for tasks to queue
[2023-11-16T08:43:37.665+0000] {logging_mixin.py:151} INFO - [2023-11-16T08:43:37.665+0000] {dagbag.py:536} INFO - Filling up the DagBag from /home/airflow/.local/lib/python3.8/site-packages/airflow/example_dags/example_task_group_decorator.py
[2023-11-16T08:43:37.675+0000] {processor.py:839} INFO - DAG(s) dict_keys(['example_task_group_decorator']) retrieved from /home/airflow/.local/lib/python3.8/site-packages/airflow/example_dags/example_task_group_decorator.py
[2023-11-16T08:43:37.690+0000] {logging_mixin.py:151} INFO - [2023-11-16T08:43:37.689+0000] {dag.py:2941} INFO - Sync 1 DAGs
[2023-11-16T08:43:37.703+0000] {logging_mixin.py:151} INFO - [2023-11-16T08:43:37.703+0000] {dag.py:3722} INFO - Setting next_dagrun for example_task_group_decorator to 2023-11-15T08:43:37.703664+00:00, run_after=2023-11-16T08:43:37.703664+00:00
[2023-11-16T08:43:37.716+0000] {processor.py:179} INFO - Processing /home/airflow/.local/lib/python3.8/site-packages/airflow/example_dags/example_task_group_decorator.py took 0.056 seconds
[2023-11-16T08:44:08.108+0000] {processor.py:157} INFO - Started process (PID=1696) to work on /home/airflow/.local/lib/python3.8/site-packages/airflow/example_dags/example_task_group_decorator.py
[2023-11-16T08:44:08.111+0000] {processor.py:829} INFO - Processing file /home/airflow/.local/lib/python3.8/site-packages/airflow/example_dags/example_task_group_decorator.py for tasks to queue
[2023-11-16T08:44:08.112+0000] {logging_mixin.py:151} INFO - [2023-11-16T08:44:08.112+0000] {dagbag.py:536} INFO - Filling up the DagBag from /home/airflow/.local/lib/python3.8/site-packages/airflow/example_dags/example_task_group_decorator.py
[2023-11-16T08:44:08.121+0000] {processor.py:839} INFO - DAG(s) dict_keys(['example_task_group_decorator']) retrieved from /home/airflow/.local/lib/python3.8/site-packages/airflow/example_dags/example_task_group_decorator.py
[2023-11-16T08:44:08.136+0000] {logging_mixin.py:151} INFO - [2023-11-16T08:44:08.136+0000] {dag.py:2941} INFO - Sync 1 DAGs
[2023-11-16T08:44:08.150+0000] {logging_mixin.py:151} INFO - [2023-11-16T08:44:08.149+0000] {dag.py:3722} INFO - Setting next_dagrun for example_task_group_decorator to 2023-11-15T08:44:08.149714+00:00, run_after=2023-11-16T08:44:08.149714+00:00
[2023-11-16T08:44:08.161+0000] {processor.py:179} INFO - Processing /home/airflow/.local/lib/python3.8/site-packages/airflow/example_dags/example_task_group_decorator.py took 0.055 seconds
[2023-11-16T08:44:38.560+0000] {processor.py:157} INFO - Started process (PID=1750) to work on /home/airflow/.local/lib/python3.8/site-packages/airflow/example_dags/example_task_group_decorator.py
[2023-11-16T08:44:38.560+0000] {processor.py:829} INFO - Processing file /home/airflow/.local/lib/python3.8/site-packages/airflow/example_dags/example_task_group_decorator.py for tasks to queue
[2023-11-16T08:44:38.562+0000] {logging_mixin.py:151} INFO - [2023-11-16T08:44:38.562+0000] {dagbag.py:536} INFO - Filling up the DagBag from /home/airflow/.local/lib/python3.8/site-packages/airflow/example_dags/example_task_group_decorator.py
[2023-11-16T08:44:38.571+0000] {processor.py:839} INFO - DAG(s) dict_keys(['example_task_group_decorator']) retrieved from /home/airflow/.local/lib/python3.8/site-packages/airflow/example_dags/example_task_group_decorator.py
[2023-11-16T08:44:38.585+0000] {logging_mixin.py:151} INFO - [2023-11-16T08:44:38.585+0000] {dag.py:2941} INFO - Sync 1 DAGs
[2023-11-16T08:44:38.599+0000] {logging_mixin.py:151} INFO - [2023-11-16T08:44:38.599+0000] {dag.py:3722} INFO - Setting next_dagrun for example_task_group_decorator to 2023-11-15T08:44:38.599604+00:00, run_after=2023-11-16T08:44:38.599604+00:00
[2023-11-16T08:44:38.611+0000] {processor.py:179} INFO - Processing /home/airflow/.local/lib/python3.8/site-packages/airflow/example_dags/example_task_group_decorator.py took 0.054 seconds
[2023-11-16T08:45:08.743+0000] {processor.py:157} INFO - Started process (PID=1804) to work on /home/airflow/.local/lib/python3.8/site-packages/airflow/example_dags/example_task_group_decorator.py
[2023-11-16T08:45:08.744+0000] {processor.py:829} INFO - Processing file /home/airflow/.local/lib/python3.8/site-packages/airflow/example_dags/example_task_group_decorator.py for tasks to queue
[2023-11-16T08:45:08.746+0000] {logging_mixin.py:151} INFO - [2023-11-16T08:45:08.746+0000] {dagbag.py:536} INFO - Filling up the DagBag from /home/airflow/.local/lib/python3.8/site-packages/airflow/example_dags/example_task_group_decorator.py
[2023-11-16T08:45:08.755+0000] {processor.py:839} INFO - DAG(s) dict_keys(['example_task_group_decorator']) retrieved from /home/airflow/.local/lib/python3.8/site-packages/airflow/example_dags/example_task_group_decorator.py
[2023-11-16T08:45:08.771+0000] {logging_mixin.py:151} INFO - [2023-11-16T08:45:08.771+0000] {dag.py:2941} INFO - Sync 1 DAGs
[2023-11-16T08:45:08.786+0000] {logging_mixin.py:151} INFO - [2023-11-16T08:45:08.785+0000] {dag.py:3722} INFO - Setting next_dagrun for example_task_group_decorator to 2023-11-15T08:45:08.785695+00:00, run_after=2023-11-16T08:45:08.785695+00:00
[2023-11-16T08:45:08.910+0000] {processor.py:179} INFO - Processing /home/airflow/.local/lib/python3.8/site-packages/airflow/example_dags/example_task_group_decorator.py took 0.169 seconds
[2023-11-16T08:45:39.256+0000] {processor.py:157} INFO - Started process (PID=1858) to work on /home/airflow/.local/lib/python3.8/site-packages/airflow/example_dags/example_task_group_decorator.py
[2023-11-16T08:45:39.257+0000] {processor.py:829} INFO - Processing file /home/airflow/.local/lib/python3.8/site-packages/airflow/example_dags/example_task_group_decorator.py for tasks to queue
[2023-11-16T08:45:39.259+0000] {logging_mixin.py:151} INFO - [2023-11-16T08:45:39.259+0000] {dagbag.py:536} INFO - Filling up the DagBag from /home/airflow/.local/lib/python3.8/site-packages/airflow/example_dags/example_task_group_decorator.py
[2023-11-16T08:45:39.269+0000] {processor.py:839} INFO - DAG(s) dict_keys(['example_task_group_decorator']) retrieved from /home/airflow/.local/lib/python3.8/site-packages/airflow/example_dags/example_task_group_decorator.py
[2023-11-16T08:45:39.286+0000] {logging_mixin.py:151} INFO - [2023-11-16T08:45:39.286+0000] {dag.py:2941} INFO - Sync 1 DAGs
[2023-11-16T08:45:39.303+0000] {logging_mixin.py:151} INFO - [2023-11-16T08:45:39.303+0000] {dag.py:3722} INFO - Setting next_dagrun for example_task_group_decorator to 2023-11-15T08:45:39.303204+00:00, run_after=2023-11-16T08:45:39.303204+00:00
[2023-11-16T08:45:39.318+0000] {processor.py:179} INFO - Processing /home/airflow/.local/lib/python3.8/site-packages/airflow/example_dags/example_task_group_decorator.py took 0.064 seconds
[2023-11-16T08:46:09.635+0000] {processor.py:157} INFO - Started process (PID=1912) to work on /home/airflow/.local/lib/python3.8/site-packages/airflow/example_dags/example_task_group_decorator.py
[2023-11-16T08:46:09.636+0000] {processor.py:829} INFO - Processing file /home/airflow/.local/lib/python3.8/site-packages/airflow/example_dags/example_task_group_decorator.py for tasks to queue
[2023-11-16T08:46:09.638+0000] {logging_mixin.py:151} INFO - [2023-11-16T08:46:09.637+0000] {dagbag.py:536} INFO - Filling up the DagBag from /home/airflow/.local/lib/python3.8/site-packages/airflow/example_dags/example_task_group_decorator.py
[2023-11-16T08:46:09.647+0000] {processor.py:839} INFO - DAG(s) dict_keys(['example_task_group_decorator']) retrieved from /home/airflow/.local/lib/python3.8/site-packages/airflow/example_dags/example_task_group_decorator.py
[2023-11-16T08:46:09.662+0000] {logging_mixin.py:151} INFO - [2023-11-16T08:46:09.661+0000] {dag.py:2941} INFO - Sync 1 DAGs
[2023-11-16T08:46:09.675+0000] {logging_mixin.py:151} INFO - [2023-11-16T08:46:09.675+0000] {dag.py:3722} INFO - Setting next_dagrun for example_task_group_decorator to 2023-11-15T08:46:09.675519+00:00, run_after=2023-11-16T08:46:09.675519+00:00
[2023-11-16T08:46:09.687+0000] {processor.py:179} INFO - Processing /home/airflow/.local/lib/python3.8/site-packages/airflow/example_dags/example_task_group_decorator.py took 0.053 seconds
