[2023-11-16T08:28:52.327+0000] {processor.py:157} INFO - Started process (PID=71) to work on /home/airflow/.local/lib/python3.8/site-packages/airflow/example_dags/example_latest_only.py
[2023-11-16T08:28:52.328+0000] {processor.py:829} INFO - Processing file /home/airflow/.local/lib/python3.8/site-packages/airflow/example_dags/example_latest_only.py for tasks to queue
[2023-11-16T08:28:52.334+0000] {logging_mixin.py:151} INFO - [2023-11-16T08:28:52.332+0000] {dagbag.py:536} INFO - Filling up the DagBag from /home/airflow/.local/lib/python3.8/site-packages/airflow/example_dags/example_latest_only.py
[2023-11-16T08:28:52.360+0000] {processor.py:839} INFO - DAG(s) dict_keys(['latest_only']) retrieved from /home/airflow/.local/lib/python3.8/site-packages/airflow/example_dags/example_latest_only.py
[2023-11-16T08:28:52.404+0000] {logging_mixin.py:151} INFO - [2023-11-16T08:28:52.404+0000] {dag.py:2941} INFO - Sync 1 DAGs
[2023-11-16T08:28:52.446+0000] {logging_mixin.py:151} INFO - [2023-11-16T08:28:52.445+0000] {dag.py:3722} INFO - Setting next_dagrun for latest_only to 2023-11-16T04:28:52.445645+00:00, run_after=2023-11-16T08:28:52.445645+00:00
[2023-11-16T08:28:52.481+0000] {processor.py:179} INFO - Processing /home/airflow/.local/lib/python3.8/site-packages/airflow/example_dags/example_latest_only.py took 0.164 seconds
[2023-11-16T08:29:22.516+0000] {processor.py:157} INFO - Started process (PID=125) to work on /home/airflow/.local/lib/python3.8/site-packages/airflow/example_dags/example_latest_only.py
[2023-11-16T08:29:22.517+0000] {processor.py:829} INFO - Processing file /home/airflow/.local/lib/python3.8/site-packages/airflow/example_dags/example_latest_only.py for tasks to queue
[2023-11-16T08:29:22.518+0000] {logging_mixin.py:151} INFO - [2023-11-16T08:29:22.518+0000] {dagbag.py:536} INFO - Filling up the DagBag from /home/airflow/.local/lib/python3.8/site-packages/airflow/example_dags/example_latest_only.py
[2023-11-16T08:29:22.522+0000] {processor.py:839} INFO - DAG(s) dict_keys(['latest_only']) retrieved from /home/airflow/.local/lib/python3.8/site-packages/airflow/example_dags/example_latest_only.py
[2023-11-16T08:29:22.534+0000] {logging_mixin.py:151} INFO - [2023-11-16T08:29:22.534+0000] {dag.py:2941} INFO - Sync 1 DAGs
[2023-11-16T08:29:22.548+0000] {logging_mixin.py:151} INFO - [2023-11-16T08:29:22.548+0000] {dag.py:3722} INFO - Setting next_dagrun for latest_only to 2023-11-16T04:29:22.548463+00:00, run_after=2023-11-16T08:29:22.548463+00:00
[2023-11-16T08:29:22.560+0000] {processor.py:179} INFO - Processing /home/airflow/.local/lib/python3.8/site-packages/airflow/example_dags/example_latest_only.py took 0.046 seconds
[2023-11-16T08:29:53.376+0000] {processor.py:157} INFO - Started process (PID=179) to work on /home/airflow/.local/lib/python3.8/site-packages/airflow/example_dags/example_latest_only.py
[2023-11-16T08:29:53.377+0000] {processor.py:829} INFO - Processing file /home/airflow/.local/lib/python3.8/site-packages/airflow/example_dags/example_latest_only.py for tasks to queue
[2023-11-16T08:29:53.378+0000] {logging_mixin.py:151} INFO - [2023-11-16T08:29:53.378+0000] {dagbag.py:536} INFO - Filling up the DagBag from /home/airflow/.local/lib/python3.8/site-packages/airflow/example_dags/example_latest_only.py
[2023-11-16T08:29:53.382+0000] {processor.py:839} INFO - DAG(s) dict_keys(['latest_only']) retrieved from /home/airflow/.local/lib/python3.8/site-packages/airflow/example_dags/example_latest_only.py
[2023-11-16T08:29:53.397+0000] {logging_mixin.py:151} INFO - [2023-11-16T08:29:53.396+0000] {dag.py:2941} INFO - Sync 1 DAGs
[2023-11-16T08:29:53.412+0000] {logging_mixin.py:151} INFO - [2023-11-16T08:29:53.412+0000] {dag.py:3722} INFO - Setting next_dagrun for latest_only to 2023-11-16T04:29:53.412462+00:00, run_after=2023-11-16T08:29:53.412462+00:00
[2023-11-16T08:29:53.424+0000] {processor.py:179} INFO - Processing /home/airflow/.local/lib/python3.8/site-packages/airflow/example_dags/example_latest_only.py took 0.050 seconds
[2023-11-16T08:30:24.453+0000] {processor.py:157} INFO - Started process (PID=233) to work on /home/airflow/.local/lib/python3.8/site-packages/airflow/example_dags/example_latest_only.py
[2023-11-16T08:30:24.454+0000] {processor.py:829} INFO - Processing file /home/airflow/.local/lib/python3.8/site-packages/airflow/example_dags/example_latest_only.py for tasks to queue
[2023-11-16T08:30:24.455+0000] {logging_mixin.py:151} INFO - [2023-11-16T08:30:24.455+0000] {dagbag.py:536} INFO - Filling up the DagBag from /home/airflow/.local/lib/python3.8/site-packages/airflow/example_dags/example_latest_only.py
[2023-11-16T08:30:24.459+0000] {processor.py:839} INFO - DAG(s) dict_keys(['latest_only']) retrieved from /home/airflow/.local/lib/python3.8/site-packages/airflow/example_dags/example_latest_only.py
[2023-11-16T08:30:24.473+0000] {logging_mixin.py:151} INFO - [2023-11-16T08:30:24.472+0000] {dag.py:2941} INFO - Sync 1 DAGs
[2023-11-16T08:30:24.488+0000] {logging_mixin.py:151} INFO - [2023-11-16T08:30:24.488+0000] {dag.py:3722} INFO - Setting next_dagrun for latest_only to 2023-11-16T04:30:24.488169+00:00, run_after=2023-11-16T08:30:24.488169+00:00
[2023-11-16T08:30:24.501+0000] {processor.py:179} INFO - Processing /home/airflow/.local/lib/python3.8/site-packages/airflow/example_dags/example_latest_only.py took 0.050 seconds
[2023-11-16T08:30:55.471+0000] {processor.py:157} INFO - Started process (PID=287) to work on /home/airflow/.local/lib/python3.8/site-packages/airflow/example_dags/example_latest_only.py
[2023-11-16T08:30:55.472+0000] {processor.py:829} INFO - Processing file /home/airflow/.local/lib/python3.8/site-packages/airflow/example_dags/example_latest_only.py for tasks to queue
[2023-11-16T08:30:55.473+0000] {logging_mixin.py:151} INFO - [2023-11-16T08:30:55.473+0000] {dagbag.py:536} INFO - Filling up the DagBag from /home/airflow/.local/lib/python3.8/site-packages/airflow/example_dags/example_latest_only.py
[2023-11-16T08:30:55.477+0000] {processor.py:839} INFO - DAG(s) dict_keys(['latest_only']) retrieved from /home/airflow/.local/lib/python3.8/site-packages/airflow/example_dags/example_latest_only.py
[2023-11-16T08:30:55.490+0000] {logging_mixin.py:151} INFO - [2023-11-16T08:30:55.489+0000] {dag.py:2941} INFO - Sync 1 DAGs
[2023-11-16T08:30:55.504+0000] {logging_mixin.py:151} INFO - [2023-11-16T08:30:55.504+0000] {dag.py:3722} INFO - Setting next_dagrun for latest_only to 2023-11-16T04:30:55.504491+00:00, run_after=2023-11-16T08:30:55.504491+00:00
[2023-11-16T08:30:55.516+0000] {processor.py:179} INFO - Processing /home/airflow/.local/lib/python3.8/site-packages/airflow/example_dags/example_latest_only.py took 0.047 seconds
[2023-11-16T08:31:25.822+0000] {processor.py:157} INFO - Started process (PID=341) to work on /home/airflow/.local/lib/python3.8/site-packages/airflow/example_dags/example_latest_only.py
[2023-11-16T08:31:25.823+0000] {processor.py:829} INFO - Processing file /home/airflow/.local/lib/python3.8/site-packages/airflow/example_dags/example_latest_only.py for tasks to queue
[2023-11-16T08:31:25.824+0000] {logging_mixin.py:151} INFO - [2023-11-16T08:31:25.824+0000] {dagbag.py:536} INFO - Filling up the DagBag from /home/airflow/.local/lib/python3.8/site-packages/airflow/example_dags/example_latest_only.py
[2023-11-16T08:31:25.828+0000] {processor.py:839} INFO - DAG(s) dict_keys(['latest_only']) retrieved from /home/airflow/.local/lib/python3.8/site-packages/airflow/example_dags/example_latest_only.py
[2023-11-16T08:31:25.842+0000] {logging_mixin.py:151} INFO - [2023-11-16T08:31:25.842+0000] {dag.py:2941} INFO - Sync 1 DAGs
[2023-11-16T08:31:25.858+0000] {logging_mixin.py:151} INFO - [2023-11-16T08:31:25.858+0000] {dag.py:3722} INFO - Setting next_dagrun for latest_only to 2023-11-16T04:31:25.858164+00:00, run_after=2023-11-16T08:31:25.858164+00:00
[2023-11-16T08:31:25.871+0000] {processor.py:179} INFO - Processing /home/airflow/.local/lib/python3.8/site-packages/airflow/example_dags/example_latest_only.py took 0.052 seconds
[2023-11-16T08:31:56.124+0000] {processor.py:157} INFO - Started process (PID=395) to work on /home/airflow/.local/lib/python3.8/site-packages/airflow/example_dags/example_latest_only.py
[2023-11-16T08:31:56.125+0000] {processor.py:829} INFO - Processing file /home/airflow/.local/lib/python3.8/site-packages/airflow/example_dags/example_latest_only.py for tasks to queue
[2023-11-16T08:31:56.126+0000] {logging_mixin.py:151} INFO - [2023-11-16T08:31:56.126+0000] {dagbag.py:536} INFO - Filling up the DagBag from /home/airflow/.local/lib/python3.8/site-packages/airflow/example_dags/example_latest_only.py
[2023-11-16T08:31:56.130+0000] {processor.py:839} INFO - DAG(s) dict_keys(['latest_only']) retrieved from /home/airflow/.local/lib/python3.8/site-packages/airflow/example_dags/example_latest_only.py
[2023-11-16T08:31:56.146+0000] {logging_mixin.py:151} INFO - [2023-11-16T08:31:56.145+0000] {dag.py:2941} INFO - Sync 1 DAGs
[2023-11-16T08:31:56.163+0000] {logging_mixin.py:151} INFO - [2023-11-16T08:31:56.162+0000] {dag.py:3722} INFO - Setting next_dagrun for latest_only to 2023-11-16T04:31:56.162735+00:00, run_after=2023-11-16T08:31:56.162735+00:00
[2023-11-16T08:31:56.175+0000] {processor.py:179} INFO - Processing /home/airflow/.local/lib/python3.8/site-packages/airflow/example_dags/example_latest_only.py took 0.054 seconds
[2023-11-16T08:32:27.189+0000] {processor.py:157} INFO - Started process (PID=449) to work on /home/airflow/.local/lib/python3.8/site-packages/airflow/example_dags/example_latest_only.py
[2023-11-16T08:32:27.189+0000] {processor.py:829} INFO - Processing file /home/airflow/.local/lib/python3.8/site-packages/airflow/example_dags/example_latest_only.py for tasks to queue
[2023-11-16T08:32:27.191+0000] {logging_mixin.py:151} INFO - [2023-11-16T08:32:27.191+0000] {dagbag.py:536} INFO - Filling up the DagBag from /home/airflow/.local/lib/python3.8/site-packages/airflow/example_dags/example_latest_only.py
[2023-11-16T08:32:27.194+0000] {processor.py:839} INFO - DAG(s) dict_keys(['latest_only']) retrieved from /home/airflow/.local/lib/python3.8/site-packages/airflow/example_dags/example_latest_only.py
[2023-11-16T08:32:27.207+0000] {logging_mixin.py:151} INFO - [2023-11-16T08:32:27.206+0000] {dag.py:2941} INFO - Sync 1 DAGs
[2023-11-16T08:32:27.221+0000] {logging_mixin.py:151} INFO - [2023-11-16T08:32:27.221+0000] {dag.py:3722} INFO - Setting next_dagrun for latest_only to 2023-11-16T04:32:27.220957+00:00, run_after=2023-11-16T08:32:27.220957+00:00
[2023-11-16T08:32:27.233+0000] {processor.py:179} INFO - Processing /home/airflow/.local/lib/python3.8/site-packages/airflow/example_dags/example_latest_only.py took 0.046 seconds
[2023-11-16T08:32:57.559+0000] {processor.py:157} INFO - Started process (PID=503) to work on /home/airflow/.local/lib/python3.8/site-packages/airflow/example_dags/example_latest_only.py
[2023-11-16T08:32:57.560+0000] {processor.py:829} INFO - Processing file /home/airflow/.local/lib/python3.8/site-packages/airflow/example_dags/example_latest_only.py for tasks to queue
[2023-11-16T08:32:57.561+0000] {logging_mixin.py:151} INFO - [2023-11-16T08:32:57.561+0000] {dagbag.py:536} INFO - Filling up the DagBag from /home/airflow/.local/lib/python3.8/site-packages/airflow/example_dags/example_latest_only.py
[2023-11-16T08:32:57.564+0000] {processor.py:839} INFO - DAG(s) dict_keys(['latest_only']) retrieved from /home/airflow/.local/lib/python3.8/site-packages/airflow/example_dags/example_latest_only.py
[2023-11-16T08:32:57.577+0000] {logging_mixin.py:151} INFO - [2023-11-16T08:32:57.577+0000] {dag.py:2941} INFO - Sync 1 DAGs
[2023-11-16T08:32:57.591+0000] {logging_mixin.py:151} INFO - [2023-11-16T08:32:57.591+0000] {dag.py:3722} INFO - Setting next_dagrun for latest_only to 2023-11-16T04:32:57.591199+00:00, run_after=2023-11-16T08:32:57.591199+00:00
[2023-11-16T08:32:57.603+0000] {processor.py:179} INFO - Processing /home/airflow/.local/lib/python3.8/site-packages/airflow/example_dags/example_latest_only.py took 0.046 seconds
[2023-11-16T08:33:27.878+0000] {processor.py:157} INFO - Started process (PID=557) to work on /home/airflow/.local/lib/python3.8/site-packages/airflow/example_dags/example_latest_only.py
[2023-11-16T08:33:27.878+0000] {processor.py:829} INFO - Processing file /home/airflow/.local/lib/python3.8/site-packages/airflow/example_dags/example_latest_only.py for tasks to queue
[2023-11-16T08:33:27.880+0000] {logging_mixin.py:151} INFO - [2023-11-16T08:33:27.880+0000] {dagbag.py:536} INFO - Filling up the DagBag from /home/airflow/.local/lib/python3.8/site-packages/airflow/example_dags/example_latest_only.py
[2023-11-16T08:33:27.883+0000] {processor.py:839} INFO - DAG(s) dict_keys(['latest_only']) retrieved from /home/airflow/.local/lib/python3.8/site-packages/airflow/example_dags/example_latest_only.py
[2023-11-16T08:33:27.896+0000] {logging_mixin.py:151} INFO - [2023-11-16T08:33:27.896+0000] {dag.py:2941} INFO - Sync 1 DAGs
[2023-11-16T08:33:27.911+0000] {logging_mixin.py:151} INFO - [2023-11-16T08:33:27.910+0000] {dag.py:3722} INFO - Setting next_dagrun for latest_only to 2023-11-16T04:33:27.910701+00:00, run_after=2023-11-16T08:33:27.910701+00:00
[2023-11-16T08:33:27.922+0000] {processor.py:179} INFO - Processing /home/airflow/.local/lib/python3.8/site-packages/airflow/example_dags/example_latest_only.py took 0.047 seconds
[2023-11-16T08:33:58.090+0000] {processor.py:157} INFO - Started process (PID=611) to work on /home/airflow/.local/lib/python3.8/site-packages/airflow/example_dags/example_latest_only.py
[2023-11-16T08:33:58.091+0000] {processor.py:829} INFO - Processing file /home/airflow/.local/lib/python3.8/site-packages/airflow/example_dags/example_latest_only.py for tasks to queue
[2023-11-16T08:33:58.093+0000] {logging_mixin.py:151} INFO - [2023-11-16T08:33:58.093+0000] {dagbag.py:536} INFO - Filling up the DagBag from /home/airflow/.local/lib/python3.8/site-packages/airflow/example_dags/example_latest_only.py
[2023-11-16T08:33:58.097+0000] {processor.py:839} INFO - DAG(s) dict_keys(['latest_only']) retrieved from /home/airflow/.local/lib/python3.8/site-packages/airflow/example_dags/example_latest_only.py
[2023-11-16T08:33:58.111+0000] {logging_mixin.py:151} INFO - [2023-11-16T08:33:58.111+0000] {dag.py:2941} INFO - Sync 1 DAGs
[2023-11-16T08:33:58.127+0000] {logging_mixin.py:151} INFO - [2023-11-16T08:33:58.127+0000] {dag.py:3722} INFO - Setting next_dagrun for latest_only to 2023-11-16T04:33:58.127378+00:00, run_after=2023-11-16T08:33:58.127378+00:00
[2023-11-16T08:33:58.140+0000] {processor.py:179} INFO - Processing /home/airflow/.local/lib/python3.8/site-packages/airflow/example_dags/example_latest_only.py took 0.051 seconds
[2023-11-16T08:34:28.505+0000] {processor.py:157} INFO - Started process (PID=665) to work on /home/airflow/.local/lib/python3.8/site-packages/airflow/example_dags/example_latest_only.py
[2023-11-16T08:34:28.506+0000] {processor.py:829} INFO - Processing file /home/airflow/.local/lib/python3.8/site-packages/airflow/example_dags/example_latest_only.py for tasks to queue
[2023-11-16T08:34:28.508+0000] {logging_mixin.py:151} INFO - [2023-11-16T08:34:28.508+0000] {dagbag.py:536} INFO - Filling up the DagBag from /home/airflow/.local/lib/python3.8/site-packages/airflow/example_dags/example_latest_only.py
[2023-11-16T08:34:28.511+0000] {processor.py:839} INFO - DAG(s) dict_keys(['latest_only']) retrieved from /home/airflow/.local/lib/python3.8/site-packages/airflow/example_dags/example_latest_only.py
[2023-11-16T08:34:28.525+0000] {logging_mixin.py:151} INFO - [2023-11-16T08:34:28.525+0000] {dag.py:2941} INFO - Sync 1 DAGs
[2023-11-16T08:34:28.540+0000] {logging_mixin.py:151} INFO - [2023-11-16T08:34:28.540+0000] {dag.py:3722} INFO - Setting next_dagrun for latest_only to 2023-11-16T04:34:28.540611+00:00, run_after=2023-11-16T08:34:28.540611+00:00
[2023-11-16T08:34:28.554+0000] {processor.py:179} INFO - Processing /home/airflow/.local/lib/python3.8/site-packages/airflow/example_dags/example_latest_only.py took 0.051 seconds
[2023-11-16T08:34:58.674+0000] {processor.py:157} INFO - Started process (PID=719) to work on /home/airflow/.local/lib/python3.8/site-packages/airflow/example_dags/example_latest_only.py
[2023-11-16T08:34:58.674+0000] {processor.py:829} INFO - Processing file /home/airflow/.local/lib/python3.8/site-packages/airflow/example_dags/example_latest_only.py for tasks to queue
[2023-11-16T08:34:58.676+0000] {logging_mixin.py:151} INFO - [2023-11-16T08:34:58.676+0000] {dagbag.py:536} INFO - Filling up the DagBag from /home/airflow/.local/lib/python3.8/site-packages/airflow/example_dags/example_latest_only.py
[2023-11-16T08:34:58.681+0000] {processor.py:839} INFO - DAG(s) dict_keys(['latest_only']) retrieved from /home/airflow/.local/lib/python3.8/site-packages/airflow/example_dags/example_latest_only.py
[2023-11-16T08:34:58.697+0000] {logging_mixin.py:151} INFO - [2023-11-16T08:34:58.697+0000] {dag.py:2941} INFO - Sync 1 DAGs
[2023-11-16T08:34:58.715+0000] {logging_mixin.py:151} INFO - [2023-11-16T08:34:58.715+0000] {dag.py:3722} INFO - Setting next_dagrun for latest_only to 2023-11-16T04:34:58.715080+00:00, run_after=2023-11-16T08:34:58.715080+00:00
[2023-11-16T08:34:58.730+0000] {processor.py:179} INFO - Processing /home/airflow/.local/lib/python3.8/site-packages/airflow/example_dags/example_latest_only.py took 0.059 seconds
[2023-11-16T08:35:29.548+0000] {processor.py:157} INFO - Started process (PID=773) to work on /home/airflow/.local/lib/python3.8/site-packages/airflow/example_dags/example_latest_only.py
[2023-11-16T08:35:29.549+0000] {processor.py:829} INFO - Processing file /home/airflow/.local/lib/python3.8/site-packages/airflow/example_dags/example_latest_only.py for tasks to queue
[2023-11-16T08:35:29.551+0000] {logging_mixin.py:151} INFO - [2023-11-16T08:35:29.551+0000] {dagbag.py:536} INFO - Filling up the DagBag from /home/airflow/.local/lib/python3.8/site-packages/airflow/example_dags/example_latest_only.py
[2023-11-16T08:35:29.554+0000] {processor.py:839} INFO - DAG(s) dict_keys(['latest_only']) retrieved from /home/airflow/.local/lib/python3.8/site-packages/airflow/example_dags/example_latest_only.py
[2023-11-16T08:35:29.567+0000] {logging_mixin.py:151} INFO - [2023-11-16T08:35:29.567+0000] {dag.py:2941} INFO - Sync 1 DAGs
[2023-11-16T08:35:29.582+0000] {logging_mixin.py:151} INFO - [2023-11-16T08:35:29.582+0000] {dag.py:3722} INFO - Setting next_dagrun for latest_only to 2023-11-16T04:35:29.582640+00:00, run_after=2023-11-16T08:35:29.582640+00:00
[2023-11-16T08:35:29.595+0000] {processor.py:179} INFO - Processing /home/airflow/.local/lib/python3.8/site-packages/airflow/example_dags/example_latest_only.py took 0.049 seconds
[2023-11-16T08:35:59.776+0000] {processor.py:157} INFO - Started process (PID=827) to work on /home/airflow/.local/lib/python3.8/site-packages/airflow/example_dags/example_latest_only.py
[2023-11-16T08:35:59.777+0000] {processor.py:829} INFO - Processing file /home/airflow/.local/lib/python3.8/site-packages/airflow/example_dags/example_latest_only.py for tasks to queue
[2023-11-16T08:35:59.779+0000] {logging_mixin.py:151} INFO - [2023-11-16T08:35:59.779+0000] {dagbag.py:536} INFO - Filling up the DagBag from /home/airflow/.local/lib/python3.8/site-packages/airflow/example_dags/example_latest_only.py
[2023-11-16T08:35:59.782+0000] {processor.py:839} INFO - DAG(s) dict_keys(['latest_only']) retrieved from /home/airflow/.local/lib/python3.8/site-packages/airflow/example_dags/example_latest_only.py
[2023-11-16T08:35:59.794+0000] {logging_mixin.py:151} INFO - [2023-11-16T08:35:59.794+0000] {dag.py:2941} INFO - Sync 1 DAGs
[2023-11-16T08:35:59.809+0000] {logging_mixin.py:151} INFO - [2023-11-16T08:35:59.809+0000] {dag.py:3722} INFO - Setting next_dagrun for latest_only to 2023-11-16T04:35:59.809027+00:00, run_after=2023-11-16T08:35:59.809027+00:00
[2023-11-16T08:35:59.820+0000] {processor.py:179} INFO - Processing /home/airflow/.local/lib/python3.8/site-packages/airflow/example_dags/example_latest_only.py took 0.046 seconds
[2023-11-16T08:36:29.923+0000] {processor.py:157} INFO - Started process (PID=881) to work on /home/airflow/.local/lib/python3.8/site-packages/airflow/example_dags/example_latest_only.py
[2023-11-16T08:36:29.924+0000] {processor.py:829} INFO - Processing file /home/airflow/.local/lib/python3.8/site-packages/airflow/example_dags/example_latest_only.py for tasks to queue
[2023-11-16T08:36:29.926+0000] {logging_mixin.py:151} INFO - [2023-11-16T08:36:29.925+0000] {dagbag.py:536} INFO - Filling up the DagBag from /home/airflow/.local/lib/python3.8/site-packages/airflow/example_dags/example_latest_only.py
[2023-11-16T08:36:29.929+0000] {processor.py:839} INFO - DAG(s) dict_keys(['latest_only']) retrieved from /home/airflow/.local/lib/python3.8/site-packages/airflow/example_dags/example_latest_only.py
[2023-11-16T08:36:29.943+0000] {logging_mixin.py:151} INFO - [2023-11-16T08:36:29.943+0000] {dag.py:2941} INFO - Sync 1 DAGs
[2023-11-16T08:36:29.961+0000] {logging_mixin.py:151} INFO - [2023-11-16T08:36:29.961+0000] {dag.py:3722} INFO - Setting next_dagrun for latest_only to 2023-11-16T04:36:29.961464+00:00, run_after=2023-11-16T08:36:29.961464+00:00
[2023-11-16T08:36:29.975+0000] {processor.py:179} INFO - Processing /home/airflow/.local/lib/python3.8/site-packages/airflow/example_dags/example_latest_only.py took 0.055 seconds
[2023-11-16T08:37:00.167+0000] {processor.py:157} INFO - Started process (PID=935) to work on /home/airflow/.local/lib/python3.8/site-packages/airflow/example_dags/example_latest_only.py
[2023-11-16T08:37:00.168+0000] {processor.py:829} INFO - Processing file /home/airflow/.local/lib/python3.8/site-packages/airflow/example_dags/example_latest_only.py for tasks to queue
[2023-11-16T08:37:00.170+0000] {logging_mixin.py:151} INFO - [2023-11-16T08:37:00.169+0000] {dagbag.py:536} INFO - Filling up the DagBag from /home/airflow/.local/lib/python3.8/site-packages/airflow/example_dags/example_latest_only.py
[2023-11-16T08:37:00.174+0000] {processor.py:839} INFO - DAG(s) dict_keys(['latest_only']) retrieved from /home/airflow/.local/lib/python3.8/site-packages/airflow/example_dags/example_latest_only.py
[2023-11-16T08:37:00.188+0000] {logging_mixin.py:151} INFO - [2023-11-16T08:37:00.187+0000] {dag.py:2941} INFO - Sync 1 DAGs
[2023-11-16T08:37:00.204+0000] {logging_mixin.py:151} INFO - [2023-11-16T08:37:00.203+0000] {dag.py:3722} INFO - Setting next_dagrun for latest_only to 2023-11-16T04:37:00.203819+00:00, run_after=2023-11-16T08:37:00.203819+00:00
[2023-11-16T08:37:00.217+0000] {processor.py:179} INFO - Processing /home/airflow/.local/lib/python3.8/site-packages/airflow/example_dags/example_latest_only.py took 0.053 seconds
[2023-11-16T08:37:30.318+0000] {processor.py:157} INFO - Started process (PID=989) to work on /home/airflow/.local/lib/python3.8/site-packages/airflow/example_dags/example_latest_only.py
[2023-11-16T08:37:30.319+0000] {processor.py:829} INFO - Processing file /home/airflow/.local/lib/python3.8/site-packages/airflow/example_dags/example_latest_only.py for tasks to queue
[2023-11-16T08:37:30.321+0000] {logging_mixin.py:151} INFO - [2023-11-16T08:37:30.321+0000] {dagbag.py:536} INFO - Filling up the DagBag from /home/airflow/.local/lib/python3.8/site-packages/airflow/example_dags/example_latest_only.py
[2023-11-16T08:37:30.324+0000] {processor.py:839} INFO - DAG(s) dict_keys(['latest_only']) retrieved from /home/airflow/.local/lib/python3.8/site-packages/airflow/example_dags/example_latest_only.py
[2023-11-16T08:37:30.338+0000] {logging_mixin.py:151} INFO - [2023-11-16T08:37:30.338+0000] {dag.py:2941} INFO - Sync 1 DAGs
[2023-11-16T08:37:30.353+0000] {logging_mixin.py:151} INFO - [2023-11-16T08:37:30.352+0000] {dag.py:3722} INFO - Setting next_dagrun for latest_only to 2023-11-16T04:37:30.352795+00:00, run_after=2023-11-16T08:37:30.352795+00:00
[2023-11-16T08:37:30.365+0000] {processor.py:179} INFO - Processing /home/airflow/.local/lib/python3.8/site-packages/airflow/example_dags/example_latest_only.py took 0.048 seconds
[2023-11-16T08:38:00.609+0000] {processor.py:157} INFO - Started process (PID=1043) to work on /home/airflow/.local/lib/python3.8/site-packages/airflow/example_dags/example_latest_only.py
[2023-11-16T08:38:00.610+0000] {processor.py:829} INFO - Processing file /home/airflow/.local/lib/python3.8/site-packages/airflow/example_dags/example_latest_only.py for tasks to queue
[2023-11-16T08:38:00.612+0000] {logging_mixin.py:151} INFO - [2023-11-16T08:38:00.611+0000] {dagbag.py:536} INFO - Filling up the DagBag from /home/airflow/.local/lib/python3.8/site-packages/airflow/example_dags/example_latest_only.py
[2023-11-16T08:38:00.615+0000] {processor.py:839} INFO - DAG(s) dict_keys(['latest_only']) retrieved from /home/airflow/.local/lib/python3.8/site-packages/airflow/example_dags/example_latest_only.py
[2023-11-16T08:38:00.630+0000] {logging_mixin.py:151} INFO - [2023-11-16T08:38:00.629+0000] {dag.py:2941} INFO - Sync 1 DAGs
[2023-11-16T08:38:00.646+0000] {logging_mixin.py:151} INFO - [2023-11-16T08:38:00.646+0000] {dag.py:3722} INFO - Setting next_dagrun for latest_only to 2023-11-16T04:38:00.646410+00:00, run_after=2023-11-16T08:38:00.646410+00:00
[2023-11-16T08:38:00.659+0000] {processor.py:179} INFO - Processing /home/airflow/.local/lib/python3.8/site-packages/airflow/example_dags/example_latest_only.py took 0.053 seconds
[2023-11-16T08:38:30.881+0000] {processor.py:157} INFO - Started process (PID=1097) to work on /home/airflow/.local/lib/python3.8/site-packages/airflow/example_dags/example_latest_only.py
[2023-11-16T08:38:30.882+0000] {processor.py:829} INFO - Processing file /home/airflow/.local/lib/python3.8/site-packages/airflow/example_dags/example_latest_only.py for tasks to queue
[2023-11-16T08:38:30.884+0000] {logging_mixin.py:151} INFO - [2023-11-16T08:38:30.884+0000] {dagbag.py:536} INFO - Filling up the DagBag from /home/airflow/.local/lib/python3.8/site-packages/airflow/example_dags/example_latest_only.py
[2023-11-16T08:38:30.888+0000] {processor.py:839} INFO - DAG(s) dict_keys(['latest_only']) retrieved from /home/airflow/.local/lib/python3.8/site-packages/airflow/example_dags/example_latest_only.py
[2023-11-16T08:38:30.903+0000] {logging_mixin.py:151} INFO - [2023-11-16T08:38:30.903+0000] {dag.py:2941} INFO - Sync 1 DAGs
[2023-11-16T08:38:30.926+0000] {logging_mixin.py:151} INFO - [2023-11-16T08:38:30.926+0000] {dag.py:3722} INFO - Setting next_dagrun for latest_only to 2023-11-16T04:38:30.926075+00:00, run_after=2023-11-16T08:38:30.926075+00:00
[2023-11-16T08:38:30.943+0000] {processor.py:179} INFO - Processing /home/airflow/.local/lib/python3.8/site-packages/airflow/example_dags/example_latest_only.py took 0.064 seconds
[2023-11-16T08:39:01.079+0000] {processor.py:157} INFO - Started process (PID=1151) to work on /home/airflow/.local/lib/python3.8/site-packages/airflow/example_dags/example_latest_only.py
[2023-11-16T08:39:01.079+0000] {processor.py:829} INFO - Processing file /home/airflow/.local/lib/python3.8/site-packages/airflow/example_dags/example_latest_only.py for tasks to queue
[2023-11-16T08:39:01.081+0000] {logging_mixin.py:151} INFO - [2023-11-16T08:39:01.081+0000] {dagbag.py:536} INFO - Filling up the DagBag from /home/airflow/.local/lib/python3.8/site-packages/airflow/example_dags/example_latest_only.py
[2023-11-16T08:39:01.084+0000] {processor.py:839} INFO - DAG(s) dict_keys(['latest_only']) retrieved from /home/airflow/.local/lib/python3.8/site-packages/airflow/example_dags/example_latest_only.py
[2023-11-16T08:39:01.097+0000] {logging_mixin.py:151} INFO - [2023-11-16T08:39:01.097+0000] {dag.py:2941} INFO - Sync 1 DAGs
[2023-11-16T08:39:01.111+0000] {logging_mixin.py:151} INFO - [2023-11-16T08:39:01.111+0000] {dag.py:3722} INFO - Setting next_dagrun for latest_only to 2023-11-16T04:39:01.111651+00:00, run_after=2023-11-16T08:39:01.111651+00:00
[2023-11-16T08:39:01.123+0000] {processor.py:179} INFO - Processing /home/airflow/.local/lib/python3.8/site-packages/airflow/example_dags/example_latest_only.py took 0.047 seconds
[2023-11-16T08:39:31.221+0000] {processor.py:157} INFO - Started process (PID=1205) to work on /home/airflow/.local/lib/python3.8/site-packages/airflow/example_dags/example_latest_only.py
[2023-11-16T08:39:31.222+0000] {processor.py:829} INFO - Processing file /home/airflow/.local/lib/python3.8/site-packages/airflow/example_dags/example_latest_only.py for tasks to queue
[2023-11-16T08:39:31.224+0000] {logging_mixin.py:151} INFO - [2023-11-16T08:39:31.224+0000] {dagbag.py:536} INFO - Filling up the DagBag from /home/airflow/.local/lib/python3.8/site-packages/airflow/example_dags/example_latest_only.py
[2023-11-16T08:39:31.227+0000] {processor.py:839} INFO - DAG(s) dict_keys(['latest_only']) retrieved from /home/airflow/.local/lib/python3.8/site-packages/airflow/example_dags/example_latest_only.py
[2023-11-16T08:39:31.239+0000] {logging_mixin.py:151} INFO - [2023-11-16T08:39:31.239+0000] {dag.py:2941} INFO - Sync 1 DAGs
[2023-11-16T08:39:31.253+0000] {logging_mixin.py:151} INFO - [2023-11-16T08:39:31.253+0000] {dag.py:3722} INFO - Setting next_dagrun for latest_only to 2023-11-16T04:39:31.253308+00:00, run_after=2023-11-16T08:39:31.253308+00:00
[2023-11-16T08:39:31.264+0000] {processor.py:179} INFO - Processing /home/airflow/.local/lib/python3.8/site-packages/airflow/example_dags/example_latest_only.py took 0.045 seconds
[2023-11-16T08:40:01.443+0000] {processor.py:157} INFO - Started process (PID=1259) to work on /home/airflow/.local/lib/python3.8/site-packages/airflow/example_dags/example_latest_only.py
[2023-11-16T08:40:01.443+0000] {processor.py:829} INFO - Processing file /home/airflow/.local/lib/python3.8/site-packages/airflow/example_dags/example_latest_only.py for tasks to queue
[2023-11-16T08:40:01.445+0000] {logging_mixin.py:151} INFO - [2023-11-16T08:40:01.445+0000] {dagbag.py:536} INFO - Filling up the DagBag from /home/airflow/.local/lib/python3.8/site-packages/airflow/example_dags/example_latest_only.py
[2023-11-16T08:40:01.448+0000] {processor.py:839} INFO - DAG(s) dict_keys(['latest_only']) retrieved from /home/airflow/.local/lib/python3.8/site-packages/airflow/example_dags/example_latest_only.py
[2023-11-16T08:40:01.461+0000] {logging_mixin.py:151} INFO - [2023-11-16T08:40:01.461+0000] {dag.py:2941} INFO - Sync 1 DAGs
[2023-11-16T08:40:01.475+0000] {logging_mixin.py:151} INFO - [2023-11-16T08:40:01.475+0000] {dag.py:3722} INFO - Setting next_dagrun for latest_only to 2023-11-16T04:40:01.475255+00:00, run_after=2023-11-16T08:40:01.475255+00:00
[2023-11-16T08:40:01.487+0000] {processor.py:179} INFO - Processing /home/airflow/.local/lib/python3.8/site-packages/airflow/example_dags/example_latest_only.py took 0.046 seconds
[2023-11-16T08:40:32.397+0000] {processor.py:157} INFO - Started process (PID=1320) to work on /home/airflow/.local/lib/python3.8/site-packages/airflow/example_dags/example_latest_only.py
[2023-11-16T08:40:32.398+0000] {processor.py:829} INFO - Processing file /home/airflow/.local/lib/python3.8/site-packages/airflow/example_dags/example_latest_only.py for tasks to queue
[2023-11-16T08:40:32.400+0000] {logging_mixin.py:151} INFO - [2023-11-16T08:40:32.399+0000] {dagbag.py:536} INFO - Filling up the DagBag from /home/airflow/.local/lib/python3.8/site-packages/airflow/example_dags/example_latest_only.py
[2023-11-16T08:40:32.403+0000] {processor.py:839} INFO - DAG(s) dict_keys(['latest_only']) retrieved from /home/airflow/.local/lib/python3.8/site-packages/airflow/example_dags/example_latest_only.py
[2023-11-16T08:40:32.417+0000] {logging_mixin.py:151} INFO - [2023-11-16T08:40:32.417+0000] {dag.py:2941} INFO - Sync 1 DAGs
[2023-11-16T08:40:32.432+0000] {logging_mixin.py:151} INFO - [2023-11-16T08:40:32.432+0000] {dag.py:3722} INFO - Setting next_dagrun for latest_only to 2023-11-16T04:40:32.432072+00:00, run_after=2023-11-16T08:40:32.432072+00:00
[2023-11-16T08:40:32.445+0000] {processor.py:179} INFO - Processing /home/airflow/.local/lib/python3.8/site-packages/airflow/example_dags/example_latest_only.py took 0.050 seconds
[2023-11-16T08:41:03.282+0000] {processor.py:157} INFO - Started process (PID=1374) to work on /home/airflow/.local/lib/python3.8/site-packages/airflow/example_dags/example_latest_only.py
[2023-11-16T08:41:03.283+0000] {processor.py:829} INFO - Processing file /home/airflow/.local/lib/python3.8/site-packages/airflow/example_dags/example_latest_only.py for tasks to queue
[2023-11-16T08:41:03.285+0000] {logging_mixin.py:151} INFO - [2023-11-16T08:41:03.285+0000] {dagbag.py:536} INFO - Filling up the DagBag from /home/airflow/.local/lib/python3.8/site-packages/airflow/example_dags/example_latest_only.py
[2023-11-16T08:41:03.288+0000] {processor.py:839} INFO - DAG(s) dict_keys(['latest_only']) retrieved from /home/airflow/.local/lib/python3.8/site-packages/airflow/example_dags/example_latest_only.py
[2023-11-16T08:41:03.301+0000] {logging_mixin.py:151} INFO - [2023-11-16T08:41:03.301+0000] {dag.py:2941} INFO - Sync 1 DAGs
[2023-11-16T08:41:03.316+0000] {logging_mixin.py:151} INFO - [2023-11-16T08:41:03.316+0000] {dag.py:3722} INFO - Setting next_dagrun for latest_only to 2023-11-16T04:41:03.316604+00:00, run_after=2023-11-16T08:41:03.316604+00:00
[2023-11-16T08:41:03.328+0000] {processor.py:179} INFO - Processing /home/airflow/.local/lib/python3.8/site-packages/airflow/example_dags/example_latest_only.py took 0.048 seconds
[2023-11-16T08:41:34.402+0000] {processor.py:157} INFO - Started process (PID=1428) to work on /home/airflow/.local/lib/python3.8/site-packages/airflow/example_dags/example_latest_only.py
[2023-11-16T08:41:34.403+0000] {processor.py:829} INFO - Processing file /home/airflow/.local/lib/python3.8/site-packages/airflow/example_dags/example_latest_only.py for tasks to queue
[2023-11-16T08:41:34.407+0000] {logging_mixin.py:151} INFO - [2023-11-16T08:41:34.407+0000] {dagbag.py:536} INFO - Filling up the DagBag from /home/airflow/.local/lib/python3.8/site-packages/airflow/example_dags/example_latest_only.py
[2023-11-16T08:41:34.415+0000] {processor.py:839} INFO - DAG(s) dict_keys(['latest_only']) retrieved from /home/airflow/.local/lib/python3.8/site-packages/airflow/example_dags/example_latest_only.py
[2023-11-16T08:41:34.441+0000] {logging_mixin.py:151} INFO - [2023-11-16T08:41:34.440+0000] {dag.py:2941} INFO - Sync 1 DAGs
[2023-11-16T08:41:34.471+0000] {logging_mixin.py:151} INFO - [2023-11-16T08:41:34.471+0000] {dag.py:3722} INFO - Setting next_dagrun for latest_only to 2023-11-16T04:41:34.471338+00:00, run_after=2023-11-16T08:41:34.471338+00:00
[2023-11-16T08:41:34.498+0000] {processor.py:179} INFO - Processing /home/airflow/.local/lib/python3.8/site-packages/airflow/example_dags/example_latest_only.py took 0.099 seconds
[2023-11-16T08:42:05.459+0000] {processor.py:157} INFO - Started process (PID=1482) to work on /home/airflow/.local/lib/python3.8/site-packages/airflow/example_dags/example_latest_only.py
[2023-11-16T08:42:05.460+0000] {processor.py:829} INFO - Processing file /home/airflow/.local/lib/python3.8/site-packages/airflow/example_dags/example_latest_only.py for tasks to queue
[2023-11-16T08:42:05.462+0000] {logging_mixin.py:151} INFO - [2023-11-16T08:42:05.462+0000] {dagbag.py:536} INFO - Filling up the DagBag from /home/airflow/.local/lib/python3.8/site-packages/airflow/example_dags/example_latest_only.py
[2023-11-16T08:42:05.465+0000] {processor.py:839} INFO - DAG(s) dict_keys(['latest_only']) retrieved from /home/airflow/.local/lib/python3.8/site-packages/airflow/example_dags/example_latest_only.py
[2023-11-16T08:42:05.477+0000] {logging_mixin.py:151} INFO - [2023-11-16T08:42:05.477+0000] {dag.py:2941} INFO - Sync 1 DAGs
[2023-11-16T08:42:05.492+0000] {logging_mixin.py:151} INFO - [2023-11-16T08:42:05.492+0000] {dag.py:3722} INFO - Setting next_dagrun for latest_only to 2023-11-16T04:42:05.492526+00:00, run_after=2023-11-16T08:42:05.492526+00:00
[2023-11-16T08:42:05.504+0000] {processor.py:179} INFO - Processing /home/airflow/.local/lib/python3.8/site-packages/airflow/example_dags/example_latest_only.py took 0.046 seconds
[2023-11-16T08:42:36.398+0000] {processor.py:157} INFO - Started process (PID=1536) to work on /home/airflow/.local/lib/python3.8/site-packages/airflow/example_dags/example_latest_only.py
[2023-11-16T08:42:36.398+0000] {processor.py:829} INFO - Processing file /home/airflow/.local/lib/python3.8/site-packages/airflow/example_dags/example_latest_only.py for tasks to queue
[2023-11-16T08:42:36.400+0000] {logging_mixin.py:151} INFO - [2023-11-16T08:42:36.400+0000] {dagbag.py:536} INFO - Filling up the DagBag from /home/airflow/.local/lib/python3.8/site-packages/airflow/example_dags/example_latest_only.py
[2023-11-16T08:42:36.403+0000] {processor.py:839} INFO - DAG(s) dict_keys(['latest_only']) retrieved from /home/airflow/.local/lib/python3.8/site-packages/airflow/example_dags/example_latest_only.py
[2023-11-16T08:42:36.417+0000] {logging_mixin.py:151} INFO - [2023-11-16T08:42:36.416+0000] {dag.py:2941} INFO - Sync 1 DAGs
[2023-11-16T08:42:36.432+0000] {logging_mixin.py:151} INFO - [2023-11-16T08:42:36.431+0000] {dag.py:3722} INFO - Setting next_dagrun for latest_only to 2023-11-16T04:42:36.431738+00:00, run_after=2023-11-16T08:42:36.431738+00:00
[2023-11-16T08:42:36.444+0000] {processor.py:179} INFO - Processing /home/airflow/.local/lib/python3.8/site-packages/airflow/example_dags/example_latest_only.py took 0.048 seconds
[2023-11-16T08:43:07.326+0000] {processor.py:157} INFO - Started process (PID=1590) to work on /home/airflow/.local/lib/python3.8/site-packages/airflow/example_dags/example_latest_only.py
[2023-11-16T08:43:07.327+0000] {processor.py:829} INFO - Processing file /home/airflow/.local/lib/python3.8/site-packages/airflow/example_dags/example_latest_only.py for tasks to queue
[2023-11-16T08:43:07.329+0000] {logging_mixin.py:151} INFO - [2023-11-16T08:43:07.329+0000] {dagbag.py:536} INFO - Filling up the DagBag from /home/airflow/.local/lib/python3.8/site-packages/airflow/example_dags/example_latest_only.py
[2023-11-16T08:43:07.332+0000] {processor.py:839} INFO - DAG(s) dict_keys(['latest_only']) retrieved from /home/airflow/.local/lib/python3.8/site-packages/airflow/example_dags/example_latest_only.py
[2023-11-16T08:43:07.346+0000] {logging_mixin.py:151} INFO - [2023-11-16T08:43:07.346+0000] {dag.py:2941} INFO - Sync 1 DAGs
[2023-11-16T08:43:07.361+0000] {logging_mixin.py:151} INFO - [2023-11-16T08:43:07.361+0000] {dag.py:3722} INFO - Setting next_dagrun for latest_only to 2023-11-16T04:43:07.361224+00:00, run_after=2023-11-16T08:43:07.361224+00:00
[2023-11-16T08:43:07.486+0000] {processor.py:179} INFO - Processing /home/airflow/.local/lib/python3.8/site-packages/airflow/example_dags/example_latest_only.py took 0.162 seconds
[2023-11-16T08:43:37.739+0000] {processor.py:157} INFO - Started process (PID=1644) to work on /home/airflow/.local/lib/python3.8/site-packages/airflow/example_dags/example_latest_only.py
[2023-11-16T08:43:37.740+0000] {processor.py:829} INFO - Processing file /home/airflow/.local/lib/python3.8/site-packages/airflow/example_dags/example_latest_only.py for tasks to queue
[2023-11-16T08:43:37.741+0000] {logging_mixin.py:151} INFO - [2023-11-16T08:43:37.741+0000] {dagbag.py:536} INFO - Filling up the DagBag from /home/airflow/.local/lib/python3.8/site-packages/airflow/example_dags/example_latest_only.py
[2023-11-16T08:43:37.744+0000] {processor.py:839} INFO - DAG(s) dict_keys(['latest_only']) retrieved from /home/airflow/.local/lib/python3.8/site-packages/airflow/example_dags/example_latest_only.py
[2023-11-16T08:43:37.757+0000] {logging_mixin.py:151} INFO - [2023-11-16T08:43:37.757+0000] {dag.py:2941} INFO - Sync 1 DAGs
[2023-11-16T08:43:37.772+0000] {logging_mixin.py:151} INFO - [2023-11-16T08:43:37.772+0000] {dag.py:3722} INFO - Setting next_dagrun for latest_only to 2023-11-16T04:43:37.771887+00:00, run_after=2023-11-16T08:43:37.771887+00:00
[2023-11-16T08:43:37.783+0000] {processor.py:179} INFO - Processing /home/airflow/.local/lib/python3.8/site-packages/airflow/example_dags/example_latest_only.py took 0.046 seconds
[2023-11-16T08:44:08.181+0000] {processor.py:157} INFO - Started process (PID=1698) to work on /home/airflow/.local/lib/python3.8/site-packages/airflow/example_dags/example_latest_only.py
[2023-11-16T08:44:08.182+0000] {processor.py:829} INFO - Processing file /home/airflow/.local/lib/python3.8/site-packages/airflow/example_dags/example_latest_only.py for tasks to queue
[2023-11-16T08:44:08.184+0000] {logging_mixin.py:151} INFO - [2023-11-16T08:44:08.184+0000] {dagbag.py:536} INFO - Filling up the DagBag from /home/airflow/.local/lib/python3.8/site-packages/airflow/example_dags/example_latest_only.py
[2023-11-16T08:44:08.187+0000] {processor.py:839} INFO - DAG(s) dict_keys(['latest_only']) retrieved from /home/airflow/.local/lib/python3.8/site-packages/airflow/example_dags/example_latest_only.py
[2023-11-16T08:44:08.200+0000] {logging_mixin.py:151} INFO - [2023-11-16T08:44:08.200+0000] {dag.py:2941} INFO - Sync 1 DAGs
[2023-11-16T08:44:08.215+0000] {logging_mixin.py:151} INFO - [2023-11-16T08:44:08.215+0000] {dag.py:3722} INFO - Setting next_dagrun for latest_only to 2023-11-16T04:44:08.215219+00:00, run_after=2023-11-16T08:44:08.215219+00:00
[2023-11-16T08:44:08.227+0000] {processor.py:179} INFO - Processing /home/airflow/.local/lib/python3.8/site-packages/airflow/example_dags/example_latest_only.py took 0.048 seconds
[2023-11-16T08:44:38.628+0000] {processor.py:157} INFO - Started process (PID=1752) to work on /home/airflow/.local/lib/python3.8/site-packages/airflow/example_dags/example_latest_only.py
[2023-11-16T08:44:38.629+0000] {processor.py:829} INFO - Processing file /home/airflow/.local/lib/python3.8/site-packages/airflow/example_dags/example_latest_only.py for tasks to queue
[2023-11-16T08:44:38.631+0000] {logging_mixin.py:151} INFO - [2023-11-16T08:44:38.630+0000] {dagbag.py:536} INFO - Filling up the DagBag from /home/airflow/.local/lib/python3.8/site-packages/airflow/example_dags/example_latest_only.py
[2023-11-16T08:44:38.634+0000] {processor.py:839} INFO - DAG(s) dict_keys(['latest_only']) retrieved from /home/airflow/.local/lib/python3.8/site-packages/airflow/example_dags/example_latest_only.py
[2023-11-16T08:44:38.646+0000] {logging_mixin.py:151} INFO - [2023-11-16T08:44:38.646+0000] {dag.py:2941} INFO - Sync 1 DAGs
[2023-11-16T08:44:38.763+0000] {logging_mixin.py:151} INFO - [2023-11-16T08:44:38.763+0000] {dag.py:3722} INFO - Setting next_dagrun for latest_only to 2023-11-16T04:44:38.762945+00:00, run_after=2023-11-16T08:44:38.762945+00:00
[2023-11-16T08:44:38.775+0000] {processor.py:179} INFO - Processing /home/airflow/.local/lib/python3.8/site-packages/airflow/example_dags/example_latest_only.py took 0.149 seconds
[2023-11-16T08:45:08.936+0000] {processor.py:157} INFO - Started process (PID=1806) to work on /home/airflow/.local/lib/python3.8/site-packages/airflow/example_dags/example_latest_only.py
[2023-11-16T08:45:08.937+0000] {processor.py:829} INFO - Processing file /home/airflow/.local/lib/python3.8/site-packages/airflow/example_dags/example_latest_only.py for tasks to queue
[2023-11-16T08:45:08.939+0000] {logging_mixin.py:151} INFO - [2023-11-16T08:45:08.939+0000] {dagbag.py:536} INFO - Filling up the DagBag from /home/airflow/.local/lib/python3.8/site-packages/airflow/example_dags/example_latest_only.py
[2023-11-16T08:45:08.943+0000] {processor.py:839} INFO - DAG(s) dict_keys(['latest_only']) retrieved from /home/airflow/.local/lib/python3.8/site-packages/airflow/example_dags/example_latest_only.py
[2023-11-16T08:45:08.957+0000] {logging_mixin.py:151} INFO - [2023-11-16T08:45:08.957+0000] {dag.py:2941} INFO - Sync 1 DAGs
[2023-11-16T08:45:08.974+0000] {logging_mixin.py:151} INFO - [2023-11-16T08:45:08.974+0000] {dag.py:3722} INFO - Setting next_dagrun for latest_only to 2023-11-16T04:45:08.974439+00:00, run_after=2023-11-16T08:45:08.974439+00:00
[2023-11-16T08:45:09.107+0000] {processor.py:179} INFO - Processing /home/airflow/.local/lib/python3.8/site-packages/airflow/example_dags/example_latest_only.py took 0.173 seconds
[2023-11-16T08:45:39.332+0000] {processor.py:157} INFO - Started process (PID=1860) to work on /home/airflow/.local/lib/python3.8/site-packages/airflow/example_dags/example_latest_only.py
[2023-11-16T08:45:39.333+0000] {processor.py:829} INFO - Processing file /home/airflow/.local/lib/python3.8/site-packages/airflow/example_dags/example_latest_only.py for tasks to queue
[2023-11-16T08:45:39.335+0000] {logging_mixin.py:151} INFO - [2023-11-16T08:45:39.335+0000] {dagbag.py:536} INFO - Filling up the DagBag from /home/airflow/.local/lib/python3.8/site-packages/airflow/example_dags/example_latest_only.py
[2023-11-16T08:45:39.338+0000] {processor.py:839} INFO - DAG(s) dict_keys(['latest_only']) retrieved from /home/airflow/.local/lib/python3.8/site-packages/airflow/example_dags/example_latest_only.py
[2023-11-16T08:45:39.353+0000] {logging_mixin.py:151} INFO - [2023-11-16T08:45:39.353+0000] {dag.py:2941} INFO - Sync 1 DAGs
[2023-11-16T08:45:39.370+0000] {logging_mixin.py:151} INFO - [2023-11-16T08:45:39.370+0000] {dag.py:3722} INFO - Setting next_dagrun for latest_only to 2023-11-16T04:45:39.370033+00:00, run_after=2023-11-16T08:45:39.370033+00:00
[2023-11-16T08:45:39.383+0000] {processor.py:179} INFO - Processing /home/airflow/.local/lib/python3.8/site-packages/airflow/example_dags/example_latest_only.py took 0.053 seconds
[2023-11-16T08:46:09.706+0000] {processor.py:157} INFO - Started process (PID=1914) to work on /home/airflow/.local/lib/python3.8/site-packages/airflow/example_dags/example_latest_only.py
[2023-11-16T08:46:09.706+0000] {processor.py:829} INFO - Processing file /home/airflow/.local/lib/python3.8/site-packages/airflow/example_dags/example_latest_only.py for tasks to queue
[2023-11-16T08:46:09.708+0000] {logging_mixin.py:151} INFO - [2023-11-16T08:46:09.708+0000] {dagbag.py:536} INFO - Filling up the DagBag from /home/airflow/.local/lib/python3.8/site-packages/airflow/example_dags/example_latest_only.py
[2023-11-16T08:46:09.711+0000] {processor.py:839} INFO - DAG(s) dict_keys(['latest_only']) retrieved from /home/airflow/.local/lib/python3.8/site-packages/airflow/example_dags/example_latest_only.py
[2023-11-16T08:46:09.724+0000] {logging_mixin.py:151} INFO - [2023-11-16T08:46:09.724+0000] {dag.py:2941} INFO - Sync 1 DAGs
[2023-11-16T08:46:09.739+0000] {logging_mixin.py:151} INFO - [2023-11-16T08:46:09.739+0000] {dag.py:3722} INFO - Setting next_dagrun for latest_only to 2023-11-16T04:46:09.738950+00:00, run_after=2023-11-16T08:46:09.738950+00:00
[2023-11-16T08:46:09.750+0000] {processor.py:179} INFO - Processing /home/airflow/.local/lib/python3.8/site-packages/airflow/example_dags/example_latest_only.py took 0.047 seconds
