[2023-11-16T08:28:52.522+0000] {processor.py:157} INFO - Started process (PID=73) to work on /home/airflow/.local/lib/python3.8/site-packages/airflow/example_dags/example_skip_dag.py
[2023-11-16T08:28:52.524+0000] {processor.py:829} INFO - Processing file /home/airflow/.local/lib/python3.8/site-packages/airflow/example_dags/example_skip_dag.py for tasks to queue
[2023-11-16T08:28:52.529+0000] {logging_mixin.py:151} INFO - [2023-11-16T08:28:52.529+0000] {dagbag.py:536} INFO - Filling up the DagBag from /home/airflow/.local/lib/python3.8/site-packages/airflow/example_dags/example_skip_dag.py
[2023-11-16T08:28:52.543+0000] {processor.py:839} INFO - DAG(s) dict_keys(['example_skip_dag']) retrieved from /home/airflow/.local/lib/python3.8/site-packages/airflow/example_dags/example_skip_dag.py
[2023-11-16T08:28:52.586+0000] {logging_mixin.py:151} INFO - [2023-11-16T08:28:52.586+0000] {dag.py:2941} INFO - Sync 1 DAGs
[2023-11-16T08:28:52.625+0000] {logging_mixin.py:151} INFO - [2023-11-16T08:28:52.624+0000] {dag.py:3722} INFO - Setting next_dagrun for example_skip_dag to 2023-11-15T08:28:52.624208+00:00, run_after=2023-11-16T08:28:52.624208+00:00
[2023-11-16T08:28:52.653+0000] {processor.py:179} INFO - Processing /home/airflow/.local/lib/python3.8/site-packages/airflow/example_dags/example_skip_dag.py took 0.137 seconds
[2023-11-16T08:29:23.530+0000] {processor.py:157} INFO - Started process (PID=127) to work on /home/airflow/.local/lib/python3.8/site-packages/airflow/example_dags/example_skip_dag.py
[2023-11-16T08:29:23.532+0000] {processor.py:829} INFO - Processing file /home/airflow/.local/lib/python3.8/site-packages/airflow/example_dags/example_skip_dag.py for tasks to queue
[2023-11-16T08:29:23.533+0000] {logging_mixin.py:151} INFO - [2023-11-16T08:29:23.533+0000] {dagbag.py:536} INFO - Filling up the DagBag from /home/airflow/.local/lib/python3.8/site-packages/airflow/example_dags/example_skip_dag.py
[2023-11-16T08:29:23.537+0000] {processor.py:839} INFO - DAG(s) dict_keys(['example_skip_dag']) retrieved from /home/airflow/.local/lib/python3.8/site-packages/airflow/example_dags/example_skip_dag.py
[2023-11-16T08:29:23.551+0000] {logging_mixin.py:151} INFO - [2023-11-16T08:29:23.551+0000] {dag.py:2941} INFO - Sync 1 DAGs
[2023-11-16T08:29:23.566+0000] {logging_mixin.py:151} INFO - [2023-11-16T08:29:23.565+0000] {dag.py:3722} INFO - Setting next_dagrun for example_skip_dag to 2023-11-15T08:29:23.565671+00:00, run_after=2023-11-16T08:29:23.565671+00:00
[2023-11-16T08:29:23.577+0000] {processor.py:179} INFO - Processing /home/airflow/.local/lib/python3.8/site-packages/airflow/example_dags/example_skip_dag.py took 0.049 seconds
[2023-11-16T08:29:54.391+0000] {processor.py:157} INFO - Started process (PID=181) to work on /home/airflow/.local/lib/python3.8/site-packages/airflow/example_dags/example_skip_dag.py
[2023-11-16T08:29:54.392+0000] {processor.py:829} INFO - Processing file /home/airflow/.local/lib/python3.8/site-packages/airflow/example_dags/example_skip_dag.py for tasks to queue
[2023-11-16T08:29:54.393+0000] {logging_mixin.py:151} INFO - [2023-11-16T08:29:54.393+0000] {dagbag.py:536} INFO - Filling up the DagBag from /home/airflow/.local/lib/python3.8/site-packages/airflow/example_dags/example_skip_dag.py
[2023-11-16T08:29:54.398+0000] {processor.py:839} INFO - DAG(s) dict_keys(['example_skip_dag']) retrieved from /home/airflow/.local/lib/python3.8/site-packages/airflow/example_dags/example_skip_dag.py
[2023-11-16T08:29:54.413+0000] {logging_mixin.py:151} INFO - [2023-11-16T08:29:54.412+0000] {dag.py:2941} INFO - Sync 1 DAGs
[2023-11-16T08:29:54.428+0000] {logging_mixin.py:151} INFO - [2023-11-16T08:29:54.428+0000] {dag.py:3722} INFO - Setting next_dagrun for example_skip_dag to 2023-11-15T08:29:54.428268+00:00, run_after=2023-11-16T08:29:54.428268+00:00
[2023-11-16T08:29:54.441+0000] {processor.py:179} INFO - Processing /home/airflow/.local/lib/python3.8/site-packages/airflow/example_dags/example_skip_dag.py took 0.053 seconds
[2023-11-16T08:30:24.525+0000] {processor.py:157} INFO - Started process (PID=235) to work on /home/airflow/.local/lib/python3.8/site-packages/airflow/example_dags/example_skip_dag.py
[2023-11-16T08:30:24.526+0000] {processor.py:829} INFO - Processing file /home/airflow/.local/lib/python3.8/site-packages/airflow/example_dags/example_skip_dag.py for tasks to queue
[2023-11-16T08:30:24.528+0000] {logging_mixin.py:151} INFO - [2023-11-16T08:30:24.528+0000] {dagbag.py:536} INFO - Filling up the DagBag from /home/airflow/.local/lib/python3.8/site-packages/airflow/example_dags/example_skip_dag.py
[2023-11-16T08:30:24.533+0000] {processor.py:839} INFO - DAG(s) dict_keys(['example_skip_dag']) retrieved from /home/airflow/.local/lib/python3.8/site-packages/airflow/example_dags/example_skip_dag.py
[2023-11-16T08:30:24.548+0000] {logging_mixin.py:151} INFO - [2023-11-16T08:30:24.548+0000] {dag.py:2941} INFO - Sync 1 DAGs
[2023-11-16T08:30:24.564+0000] {logging_mixin.py:151} INFO - [2023-11-16T08:30:24.564+0000] {dag.py:3722} INFO - Setting next_dagrun for example_skip_dag to 2023-11-15T08:30:24.564563+00:00, run_after=2023-11-16T08:30:24.564563+00:00
[2023-11-16T08:30:24.578+0000] {processor.py:179} INFO - Processing /home/airflow/.local/lib/python3.8/site-packages/airflow/example_dags/example_skip_dag.py took 0.056 seconds
[2023-11-16T08:30:55.536+0000] {processor.py:157} INFO - Started process (PID=289) to work on /home/airflow/.local/lib/python3.8/site-packages/airflow/example_dags/example_skip_dag.py
[2023-11-16T08:30:55.537+0000] {processor.py:829} INFO - Processing file /home/airflow/.local/lib/python3.8/site-packages/airflow/example_dags/example_skip_dag.py for tasks to queue
[2023-11-16T08:30:55.539+0000] {logging_mixin.py:151} INFO - [2023-11-16T08:30:55.539+0000] {dagbag.py:536} INFO - Filling up the DagBag from /home/airflow/.local/lib/python3.8/site-packages/airflow/example_dags/example_skip_dag.py
[2023-11-16T08:30:55.543+0000] {processor.py:839} INFO - DAG(s) dict_keys(['example_skip_dag']) retrieved from /home/airflow/.local/lib/python3.8/site-packages/airflow/example_dags/example_skip_dag.py
[2023-11-16T08:30:55.557+0000] {logging_mixin.py:151} INFO - [2023-11-16T08:30:55.557+0000] {dag.py:2941} INFO - Sync 1 DAGs
[2023-11-16T08:30:55.571+0000] {logging_mixin.py:151} INFO - [2023-11-16T08:30:55.571+0000] {dag.py:3722} INFO - Setting next_dagrun for example_skip_dag to 2023-11-15T08:30:55.571305+00:00, run_after=2023-11-16T08:30:55.571305+00:00
[2023-11-16T08:30:55.584+0000] {processor.py:179} INFO - Processing /home/airflow/.local/lib/python3.8/site-packages/airflow/example_dags/example_skip_dag.py took 0.050 seconds
[2023-11-16T08:31:25.895+0000] {processor.py:157} INFO - Started process (PID=343) to work on /home/airflow/.local/lib/python3.8/site-packages/airflow/example_dags/example_skip_dag.py
[2023-11-16T08:31:25.896+0000] {processor.py:829} INFO - Processing file /home/airflow/.local/lib/python3.8/site-packages/airflow/example_dags/example_skip_dag.py for tasks to queue
[2023-11-16T08:31:25.898+0000] {logging_mixin.py:151} INFO - [2023-11-16T08:31:25.898+0000] {dagbag.py:536} INFO - Filling up the DagBag from /home/airflow/.local/lib/python3.8/site-packages/airflow/example_dags/example_skip_dag.py
[2023-11-16T08:31:25.902+0000] {processor.py:839} INFO - DAG(s) dict_keys(['example_skip_dag']) retrieved from /home/airflow/.local/lib/python3.8/site-packages/airflow/example_dags/example_skip_dag.py
[2023-11-16T08:31:25.918+0000] {logging_mixin.py:151} INFO - [2023-11-16T08:31:25.918+0000] {dag.py:2941} INFO - Sync 1 DAGs
[2023-11-16T08:31:25.946+0000] {logging_mixin.py:151} INFO - [2023-11-16T08:31:25.946+0000] {dag.py:3722} INFO - Setting next_dagrun for example_skip_dag to 2023-11-15T08:31:25.946084+00:00, run_after=2023-11-16T08:31:25.946084+00:00
[2023-11-16T08:31:25.979+0000] {processor.py:179} INFO - Processing /home/airflow/.local/lib/python3.8/site-packages/airflow/example_dags/example_skip_dag.py took 0.086 seconds
[2023-11-16T08:31:56.199+0000] {processor.py:157} INFO - Started process (PID=397) to work on /home/airflow/.local/lib/python3.8/site-packages/airflow/example_dags/example_skip_dag.py
[2023-11-16T08:31:56.200+0000] {processor.py:829} INFO - Processing file /home/airflow/.local/lib/python3.8/site-packages/airflow/example_dags/example_skip_dag.py for tasks to queue
[2023-11-16T08:31:56.202+0000] {logging_mixin.py:151} INFO - [2023-11-16T08:31:56.202+0000] {dagbag.py:536} INFO - Filling up the DagBag from /home/airflow/.local/lib/python3.8/site-packages/airflow/example_dags/example_skip_dag.py
[2023-11-16T08:31:56.206+0000] {processor.py:839} INFO - DAG(s) dict_keys(['example_skip_dag']) retrieved from /home/airflow/.local/lib/python3.8/site-packages/airflow/example_dags/example_skip_dag.py
[2023-11-16T08:31:56.222+0000] {logging_mixin.py:151} INFO - [2023-11-16T08:31:56.222+0000] {dag.py:2941} INFO - Sync 1 DAGs
[2023-11-16T08:31:56.239+0000] {logging_mixin.py:151} INFO - [2023-11-16T08:31:56.239+0000] {dag.py:3722} INFO - Setting next_dagrun for example_skip_dag to 2023-11-15T08:31:56.239079+00:00, run_after=2023-11-16T08:31:56.239079+00:00
[2023-11-16T08:31:56.253+0000] {processor.py:179} INFO - Processing /home/airflow/.local/lib/python3.8/site-packages/airflow/example_dags/example_skip_dag.py took 0.057 seconds
[2023-11-16T08:32:27.253+0000] {processor.py:157} INFO - Started process (PID=451) to work on /home/airflow/.local/lib/python3.8/site-packages/airflow/example_dags/example_skip_dag.py
[2023-11-16T08:32:27.253+0000] {processor.py:829} INFO - Processing file /home/airflow/.local/lib/python3.8/site-packages/airflow/example_dags/example_skip_dag.py for tasks to queue
[2023-11-16T08:32:27.255+0000] {logging_mixin.py:151} INFO - [2023-11-16T08:32:27.255+0000] {dagbag.py:536} INFO - Filling up the DagBag from /home/airflow/.local/lib/python3.8/site-packages/airflow/example_dags/example_skip_dag.py
[2023-11-16T08:32:27.259+0000] {processor.py:839} INFO - DAG(s) dict_keys(['example_skip_dag']) retrieved from /home/airflow/.local/lib/python3.8/site-packages/airflow/example_dags/example_skip_dag.py
[2023-11-16T08:32:27.274+0000] {logging_mixin.py:151} INFO - [2023-11-16T08:32:27.274+0000] {dag.py:2941} INFO - Sync 1 DAGs
[2023-11-16T08:32:27.290+0000] {logging_mixin.py:151} INFO - [2023-11-16T08:32:27.289+0000] {dag.py:3722} INFO - Setting next_dagrun for example_skip_dag to 2023-11-15T08:32:27.289663+00:00, run_after=2023-11-16T08:32:27.289663+00:00
[2023-11-16T08:32:27.303+0000] {processor.py:179} INFO - Processing /home/airflow/.local/lib/python3.8/site-packages/airflow/example_dags/example_skip_dag.py took 0.052 seconds
[2023-11-16T08:32:57.624+0000] {processor.py:157} INFO - Started process (PID=505) to work on /home/airflow/.local/lib/python3.8/site-packages/airflow/example_dags/example_skip_dag.py
[2023-11-16T08:32:57.625+0000] {processor.py:829} INFO - Processing file /home/airflow/.local/lib/python3.8/site-packages/airflow/example_dags/example_skip_dag.py for tasks to queue
[2023-11-16T08:32:57.627+0000] {logging_mixin.py:151} INFO - [2023-11-16T08:32:57.627+0000] {dagbag.py:536} INFO - Filling up the DagBag from /home/airflow/.local/lib/python3.8/site-packages/airflow/example_dags/example_skip_dag.py
[2023-11-16T08:32:57.631+0000] {processor.py:839} INFO - DAG(s) dict_keys(['example_skip_dag']) retrieved from /home/airflow/.local/lib/python3.8/site-packages/airflow/example_dags/example_skip_dag.py
[2023-11-16T08:32:57.647+0000] {logging_mixin.py:151} INFO - [2023-11-16T08:32:57.647+0000] {dag.py:2941} INFO - Sync 1 DAGs
[2023-11-16T08:32:57.666+0000] {logging_mixin.py:151} INFO - [2023-11-16T08:32:57.666+0000] {dag.py:3722} INFO - Setting next_dagrun for example_skip_dag to 2023-11-15T08:32:57.665883+00:00, run_after=2023-11-16T08:32:57.665883+00:00
[2023-11-16T08:32:57.681+0000] {processor.py:179} INFO - Processing /home/airflow/.local/lib/python3.8/site-packages/airflow/example_dags/example_skip_dag.py took 0.059 seconds
[2023-11-16T08:33:27.944+0000] {processor.py:157} INFO - Started process (PID=559) to work on /home/airflow/.local/lib/python3.8/site-packages/airflow/example_dags/example_skip_dag.py
[2023-11-16T08:33:27.945+0000] {processor.py:829} INFO - Processing file /home/airflow/.local/lib/python3.8/site-packages/airflow/example_dags/example_skip_dag.py for tasks to queue
[2023-11-16T08:33:27.947+0000] {logging_mixin.py:151} INFO - [2023-11-16T08:33:27.947+0000] {dagbag.py:536} INFO - Filling up the DagBag from /home/airflow/.local/lib/python3.8/site-packages/airflow/example_dags/example_skip_dag.py
[2023-11-16T08:33:27.951+0000] {processor.py:839} INFO - DAG(s) dict_keys(['example_skip_dag']) retrieved from /home/airflow/.local/lib/python3.8/site-packages/airflow/example_dags/example_skip_dag.py
[2023-11-16T08:33:27.965+0000] {logging_mixin.py:151} INFO - [2023-11-16T08:33:27.965+0000] {dag.py:2941} INFO - Sync 1 DAGs
[2023-11-16T08:33:27.980+0000] {logging_mixin.py:151} INFO - [2023-11-16T08:33:27.979+0000] {dag.py:3722} INFO - Setting next_dagrun for example_skip_dag to 2023-11-15T08:33:27.979703+00:00, run_after=2023-11-16T08:33:27.979703+00:00
[2023-11-16T08:33:27.992+0000] {processor.py:179} INFO - Processing /home/airflow/.local/lib/python3.8/site-packages/airflow/example_dags/example_skip_dag.py took 0.050 seconds
[2023-11-16T08:33:58.163+0000] {processor.py:157} INFO - Started process (PID=613) to work on /home/airflow/.local/lib/python3.8/site-packages/airflow/example_dags/example_skip_dag.py
[2023-11-16T08:33:58.164+0000] {processor.py:829} INFO - Processing file /home/airflow/.local/lib/python3.8/site-packages/airflow/example_dags/example_skip_dag.py for tasks to queue
[2023-11-16T08:33:58.165+0000] {logging_mixin.py:151} INFO - [2023-11-16T08:33:58.165+0000] {dagbag.py:536} INFO - Filling up the DagBag from /home/airflow/.local/lib/python3.8/site-packages/airflow/example_dags/example_skip_dag.py
[2023-11-16T08:33:58.169+0000] {processor.py:839} INFO - DAG(s) dict_keys(['example_skip_dag']) retrieved from /home/airflow/.local/lib/python3.8/site-packages/airflow/example_dags/example_skip_dag.py
[2023-11-16T08:33:58.184+0000] {logging_mixin.py:151} INFO - [2023-11-16T08:33:58.184+0000] {dag.py:2941} INFO - Sync 1 DAGs
[2023-11-16T08:33:58.200+0000] {logging_mixin.py:151} INFO - [2023-11-16T08:33:58.200+0000] {dag.py:3722} INFO - Setting next_dagrun for example_skip_dag to 2023-11-15T08:33:58.200413+00:00, run_after=2023-11-16T08:33:58.200413+00:00
[2023-11-16T08:33:58.215+0000] {processor.py:179} INFO - Processing /home/airflow/.local/lib/python3.8/site-packages/airflow/example_dags/example_skip_dag.py took 0.055 seconds
[2023-11-16T08:34:28.577+0000] {processor.py:157} INFO - Started process (PID=667) to work on /home/airflow/.local/lib/python3.8/site-packages/airflow/example_dags/example_skip_dag.py
[2023-11-16T08:34:28.578+0000] {processor.py:829} INFO - Processing file /home/airflow/.local/lib/python3.8/site-packages/airflow/example_dags/example_skip_dag.py for tasks to queue
[2023-11-16T08:34:28.580+0000] {logging_mixin.py:151} INFO - [2023-11-16T08:34:28.580+0000] {dagbag.py:536} INFO - Filling up the DagBag from /home/airflow/.local/lib/python3.8/site-packages/airflow/example_dags/example_skip_dag.py
[2023-11-16T08:34:28.584+0000] {processor.py:839} INFO - DAG(s) dict_keys(['example_skip_dag']) retrieved from /home/airflow/.local/lib/python3.8/site-packages/airflow/example_dags/example_skip_dag.py
[2023-11-16T08:34:28.599+0000] {logging_mixin.py:151} INFO - [2023-11-16T08:34:28.599+0000] {dag.py:2941} INFO - Sync 1 DAGs
[2023-11-16T08:34:28.615+0000] {logging_mixin.py:151} INFO - [2023-11-16T08:34:28.615+0000] {dag.py:3722} INFO - Setting next_dagrun for example_skip_dag to 2023-11-15T08:34:28.615045+00:00, run_after=2023-11-16T08:34:28.615045+00:00
[2023-11-16T08:34:28.629+0000] {processor.py:179} INFO - Processing /home/airflow/.local/lib/python3.8/site-packages/airflow/example_dags/example_skip_dag.py took 0.055 seconds
[2023-11-16T08:34:58.752+0000] {processor.py:157} INFO - Started process (PID=721) to work on /home/airflow/.local/lib/python3.8/site-packages/airflow/example_dags/example_skip_dag.py
[2023-11-16T08:34:58.753+0000] {processor.py:829} INFO - Processing file /home/airflow/.local/lib/python3.8/site-packages/airflow/example_dags/example_skip_dag.py for tasks to queue
[2023-11-16T08:34:58.756+0000] {logging_mixin.py:151} INFO - [2023-11-16T08:34:58.755+0000] {dagbag.py:536} INFO - Filling up the DagBag from /home/airflow/.local/lib/python3.8/site-packages/airflow/example_dags/example_skip_dag.py
[2023-11-16T08:34:58.761+0000] {processor.py:839} INFO - DAG(s) dict_keys(['example_skip_dag']) retrieved from /home/airflow/.local/lib/python3.8/site-packages/airflow/example_dags/example_skip_dag.py
[2023-11-16T08:34:58.778+0000] {logging_mixin.py:151} INFO - [2023-11-16T08:34:58.777+0000] {dag.py:2941} INFO - Sync 1 DAGs
[2023-11-16T08:34:58.796+0000] {logging_mixin.py:151} INFO - [2023-11-16T08:34:58.796+0000] {dag.py:3722} INFO - Setting next_dagrun for example_skip_dag to 2023-11-15T08:34:58.796590+00:00, run_after=2023-11-16T08:34:58.796590+00:00
[2023-11-16T08:34:58.810+0000] {processor.py:179} INFO - Processing /home/airflow/.local/lib/python3.8/site-packages/airflow/example_dags/example_skip_dag.py took 0.061 seconds
[2023-11-16T08:35:29.617+0000] {processor.py:157} INFO - Started process (PID=775) to work on /home/airflow/.local/lib/python3.8/site-packages/airflow/example_dags/example_skip_dag.py
[2023-11-16T08:35:29.617+0000] {processor.py:829} INFO - Processing file /home/airflow/.local/lib/python3.8/site-packages/airflow/example_dags/example_skip_dag.py for tasks to queue
[2023-11-16T08:35:29.619+0000] {logging_mixin.py:151} INFO - [2023-11-16T08:35:29.619+0000] {dagbag.py:536} INFO - Filling up the DagBag from /home/airflow/.local/lib/python3.8/site-packages/airflow/example_dags/example_skip_dag.py
[2023-11-16T08:35:29.624+0000] {processor.py:839} INFO - DAG(s) dict_keys(['example_skip_dag']) retrieved from /home/airflow/.local/lib/python3.8/site-packages/airflow/example_dags/example_skip_dag.py
[2023-11-16T08:35:29.637+0000] {logging_mixin.py:151} INFO - [2023-11-16T08:35:29.637+0000] {dag.py:2941} INFO - Sync 1 DAGs
[2023-11-16T08:35:29.652+0000] {logging_mixin.py:151} INFO - [2023-11-16T08:35:29.652+0000] {dag.py:3722} INFO - Setting next_dagrun for example_skip_dag to 2023-11-15T08:35:29.651822+00:00, run_after=2023-11-16T08:35:29.651822+00:00
[2023-11-16T08:35:29.664+0000] {processor.py:179} INFO - Processing /home/airflow/.local/lib/python3.8/site-packages/airflow/example_dags/example_skip_dag.py took 0.049 seconds
[2023-11-16T08:35:59.840+0000] {processor.py:157} INFO - Started process (PID=829) to work on /home/airflow/.local/lib/python3.8/site-packages/airflow/example_dags/example_skip_dag.py
[2023-11-16T08:35:59.841+0000] {processor.py:829} INFO - Processing file /home/airflow/.local/lib/python3.8/site-packages/airflow/example_dags/example_skip_dag.py for tasks to queue
[2023-11-16T08:35:59.844+0000] {logging_mixin.py:151} INFO - [2023-11-16T08:35:59.843+0000] {dagbag.py:536} INFO - Filling up the DagBag from /home/airflow/.local/lib/python3.8/site-packages/airflow/example_dags/example_skip_dag.py
[2023-11-16T08:35:59.847+0000] {processor.py:839} INFO - DAG(s) dict_keys(['example_skip_dag']) retrieved from /home/airflow/.local/lib/python3.8/site-packages/airflow/example_dags/example_skip_dag.py
[2023-11-16T08:35:59.861+0000] {logging_mixin.py:151} INFO - [2023-11-16T08:35:59.861+0000] {dag.py:2941} INFO - Sync 1 DAGs
[2023-11-16T08:35:59.876+0000] {logging_mixin.py:151} INFO - [2023-11-16T08:35:59.876+0000] {dag.py:3722} INFO - Setting next_dagrun for example_skip_dag to 2023-11-15T08:35:59.876109+00:00, run_after=2023-11-16T08:35:59.876109+00:00
[2023-11-16T08:35:59.889+0000] {processor.py:179} INFO - Processing /home/airflow/.local/lib/python3.8/site-packages/airflow/example_dags/example_skip_dag.py took 0.050 seconds
[2023-11-16T08:36:30.000+0000] {processor.py:157} INFO - Started process (PID=883) to work on /home/airflow/.local/lib/python3.8/site-packages/airflow/example_dags/example_skip_dag.py
[2023-11-16T08:36:30.000+0000] {processor.py:829} INFO - Processing file /home/airflow/.local/lib/python3.8/site-packages/airflow/example_dags/example_skip_dag.py for tasks to queue
[2023-11-16T08:36:30.002+0000] {logging_mixin.py:151} INFO - [2023-11-16T08:36:30.002+0000] {dagbag.py:536} INFO - Filling up the DagBag from /home/airflow/.local/lib/python3.8/site-packages/airflow/example_dags/example_skip_dag.py
[2023-11-16T08:36:30.006+0000] {processor.py:839} INFO - DAG(s) dict_keys(['example_skip_dag']) retrieved from /home/airflow/.local/lib/python3.8/site-packages/airflow/example_dags/example_skip_dag.py
[2023-11-16T08:36:30.021+0000] {logging_mixin.py:151} INFO - [2023-11-16T08:36:30.020+0000] {dag.py:2941} INFO - Sync 1 DAGs
[2023-11-16T08:36:30.036+0000] {logging_mixin.py:151} INFO - [2023-11-16T08:36:30.035+0000] {dag.py:3722} INFO - Setting next_dagrun for example_skip_dag to 2023-11-15T08:36:30.035714+00:00, run_after=2023-11-16T08:36:30.035714+00:00
[2023-11-16T08:36:30.048+0000] {processor.py:179} INFO - Processing /home/airflow/.local/lib/python3.8/site-packages/airflow/example_dags/example_skip_dag.py took 0.050 seconds
[2023-11-16T08:37:00.240+0000] {processor.py:157} INFO - Started process (PID=937) to work on /home/airflow/.local/lib/python3.8/site-packages/airflow/example_dags/example_skip_dag.py
[2023-11-16T08:37:00.242+0000] {processor.py:829} INFO - Processing file /home/airflow/.local/lib/python3.8/site-packages/airflow/example_dags/example_skip_dag.py for tasks to queue
[2023-11-16T08:37:00.244+0000] {logging_mixin.py:151} INFO - [2023-11-16T08:37:00.244+0000] {dagbag.py:536} INFO - Filling up the DagBag from /home/airflow/.local/lib/python3.8/site-packages/airflow/example_dags/example_skip_dag.py
[2023-11-16T08:37:00.248+0000] {processor.py:839} INFO - DAG(s) dict_keys(['example_skip_dag']) retrieved from /home/airflow/.local/lib/python3.8/site-packages/airflow/example_dags/example_skip_dag.py
[2023-11-16T08:37:00.263+0000] {logging_mixin.py:151} INFO - [2023-11-16T08:37:00.263+0000] {dag.py:2941} INFO - Sync 1 DAGs
[2023-11-16T08:37:00.278+0000] {logging_mixin.py:151} INFO - [2023-11-16T08:37:00.278+0000] {dag.py:3722} INFO - Setting next_dagrun for example_skip_dag to 2023-11-15T08:37:00.278602+00:00, run_after=2023-11-16T08:37:00.278602+00:00
[2023-11-16T08:37:00.292+0000] {processor.py:179} INFO - Processing /home/airflow/.local/lib/python3.8/site-packages/airflow/example_dags/example_skip_dag.py took 0.054 seconds
[2023-11-16T08:37:30.387+0000] {processor.py:157} INFO - Started process (PID=991) to work on /home/airflow/.local/lib/python3.8/site-packages/airflow/example_dags/example_skip_dag.py
[2023-11-16T08:37:30.388+0000] {processor.py:829} INFO - Processing file /home/airflow/.local/lib/python3.8/site-packages/airflow/example_dags/example_skip_dag.py for tasks to queue
[2023-11-16T08:37:30.390+0000] {logging_mixin.py:151} INFO - [2023-11-16T08:37:30.390+0000] {dagbag.py:536} INFO - Filling up the DagBag from /home/airflow/.local/lib/python3.8/site-packages/airflow/example_dags/example_skip_dag.py
[2023-11-16T08:37:30.394+0000] {processor.py:839} INFO - DAG(s) dict_keys(['example_skip_dag']) retrieved from /home/airflow/.local/lib/python3.8/site-packages/airflow/example_dags/example_skip_dag.py
[2023-11-16T08:37:30.409+0000] {logging_mixin.py:151} INFO - [2023-11-16T08:37:30.409+0000] {dag.py:2941} INFO - Sync 1 DAGs
[2023-11-16T08:37:30.424+0000] {logging_mixin.py:151} INFO - [2023-11-16T08:37:30.424+0000] {dag.py:3722} INFO - Setting next_dagrun for example_skip_dag to 2023-11-15T08:37:30.424182+00:00, run_after=2023-11-16T08:37:30.424182+00:00
[2023-11-16T08:37:30.436+0000] {processor.py:179} INFO - Processing /home/airflow/.local/lib/python3.8/site-packages/airflow/example_dags/example_skip_dag.py took 0.052 seconds
[2023-11-16T08:38:00.677+0000] {processor.py:157} INFO - Started process (PID=1045) to work on /home/airflow/.local/lib/python3.8/site-packages/airflow/example_dags/example_skip_dag.py
[2023-11-16T08:38:00.678+0000] {processor.py:829} INFO - Processing file /home/airflow/.local/lib/python3.8/site-packages/airflow/example_dags/example_skip_dag.py for tasks to queue
[2023-11-16T08:38:00.680+0000] {logging_mixin.py:151} INFO - [2023-11-16T08:38:00.680+0000] {dagbag.py:536} INFO - Filling up the DagBag from /home/airflow/.local/lib/python3.8/site-packages/airflow/example_dags/example_skip_dag.py
[2023-11-16T08:38:00.687+0000] {processor.py:839} INFO - DAG(s) dict_keys(['example_skip_dag']) retrieved from /home/airflow/.local/lib/python3.8/site-packages/airflow/example_dags/example_skip_dag.py
[2023-11-16T08:38:00.704+0000] {logging_mixin.py:151} INFO - [2023-11-16T08:38:00.704+0000] {dag.py:2941} INFO - Sync 1 DAGs
[2023-11-16T08:38:00.721+0000] {logging_mixin.py:151} INFO - [2023-11-16T08:38:00.720+0000] {dag.py:3722} INFO - Setting next_dagrun for example_skip_dag to 2023-11-15T08:38:00.720648+00:00, run_after=2023-11-16T08:38:00.720648+00:00
[2023-11-16T08:38:00.734+0000] {processor.py:179} INFO - Processing /home/airflow/.local/lib/python3.8/site-packages/airflow/example_dags/example_skip_dag.py took 0.059 seconds
[2023-11-16T08:38:30.971+0000] {processor.py:157} INFO - Started process (PID=1099) to work on /home/airflow/.local/lib/python3.8/site-packages/airflow/example_dags/example_skip_dag.py
[2023-11-16T08:38:30.972+0000] {processor.py:829} INFO - Processing file /home/airflow/.local/lib/python3.8/site-packages/airflow/example_dags/example_skip_dag.py for tasks to queue
[2023-11-16T08:38:30.974+0000] {logging_mixin.py:151} INFO - [2023-11-16T08:38:30.974+0000] {dagbag.py:536} INFO - Filling up the DagBag from /home/airflow/.local/lib/python3.8/site-packages/airflow/example_dags/example_skip_dag.py
[2023-11-16T08:38:30.981+0000] {processor.py:839} INFO - DAG(s) dict_keys(['example_skip_dag']) retrieved from /home/airflow/.local/lib/python3.8/site-packages/airflow/example_dags/example_skip_dag.py
[2023-11-16T08:38:30.999+0000] {logging_mixin.py:151} INFO - [2023-11-16T08:38:30.999+0000] {dag.py:2941} INFO - Sync 1 DAGs
[2023-11-16T08:38:31.018+0000] {logging_mixin.py:151} INFO - [2023-11-16T08:38:31.017+0000] {dag.py:3722} INFO - Setting next_dagrun for example_skip_dag to 2023-11-15T08:38:31.017801+00:00, run_after=2023-11-16T08:38:31.017801+00:00
[2023-11-16T08:38:31.034+0000] {processor.py:179} INFO - Processing /home/airflow/.local/lib/python3.8/site-packages/airflow/example_dags/example_skip_dag.py took 0.065 seconds
[2023-11-16T08:39:01.146+0000] {processor.py:157} INFO - Started process (PID=1153) to work on /home/airflow/.local/lib/python3.8/site-packages/airflow/example_dags/example_skip_dag.py
[2023-11-16T08:39:01.147+0000] {processor.py:829} INFO - Processing file /home/airflow/.local/lib/python3.8/site-packages/airflow/example_dags/example_skip_dag.py for tasks to queue
[2023-11-16T08:39:01.149+0000] {logging_mixin.py:151} INFO - [2023-11-16T08:39:01.148+0000] {dagbag.py:536} INFO - Filling up the DagBag from /home/airflow/.local/lib/python3.8/site-packages/airflow/example_dags/example_skip_dag.py
[2023-11-16T08:39:01.153+0000] {processor.py:839} INFO - DAG(s) dict_keys(['example_skip_dag']) retrieved from /home/airflow/.local/lib/python3.8/site-packages/airflow/example_dags/example_skip_dag.py
[2023-11-16T08:39:01.167+0000] {logging_mixin.py:151} INFO - [2023-11-16T08:39:01.166+0000] {dag.py:2941} INFO - Sync 1 DAGs
[2023-11-16T08:39:01.181+0000] {logging_mixin.py:151} INFO - [2023-11-16T08:39:01.181+0000] {dag.py:3722} INFO - Setting next_dagrun for example_skip_dag to 2023-11-15T08:39:01.181382+00:00, run_after=2023-11-16T08:39:01.181382+00:00
[2023-11-16T08:39:01.194+0000] {processor.py:179} INFO - Processing /home/airflow/.local/lib/python3.8/site-packages/airflow/example_dags/example_skip_dag.py took 0.050 seconds
[2023-11-16T08:39:31.287+0000] {processor.py:157} INFO - Started process (PID=1207) to work on /home/airflow/.local/lib/python3.8/site-packages/airflow/example_dags/example_skip_dag.py
[2023-11-16T08:39:31.287+0000] {processor.py:829} INFO - Processing file /home/airflow/.local/lib/python3.8/site-packages/airflow/example_dags/example_skip_dag.py for tasks to queue
[2023-11-16T08:39:31.289+0000] {logging_mixin.py:151} INFO - [2023-11-16T08:39:31.289+0000] {dagbag.py:536} INFO - Filling up the DagBag from /home/airflow/.local/lib/python3.8/site-packages/airflow/example_dags/example_skip_dag.py
[2023-11-16T08:39:31.293+0000] {processor.py:839} INFO - DAG(s) dict_keys(['example_skip_dag']) retrieved from /home/airflow/.local/lib/python3.8/site-packages/airflow/example_dags/example_skip_dag.py
[2023-11-16T08:39:31.307+0000] {logging_mixin.py:151} INFO - [2023-11-16T08:39:31.307+0000] {dag.py:2941} INFO - Sync 1 DAGs
[2023-11-16T08:39:31.322+0000] {logging_mixin.py:151} INFO - [2023-11-16T08:39:31.322+0000] {dag.py:3722} INFO - Setting next_dagrun for example_skip_dag to 2023-11-15T08:39:31.322097+00:00, run_after=2023-11-16T08:39:31.322097+00:00
[2023-11-16T08:39:31.334+0000] {processor.py:179} INFO - Processing /home/airflow/.local/lib/python3.8/site-packages/airflow/example_dags/example_skip_dag.py took 0.049 seconds
[2023-11-16T08:40:01.508+0000] {processor.py:157} INFO - Started process (PID=1261) to work on /home/airflow/.local/lib/python3.8/site-packages/airflow/example_dags/example_skip_dag.py
[2023-11-16T08:40:01.509+0000] {processor.py:829} INFO - Processing file /home/airflow/.local/lib/python3.8/site-packages/airflow/example_dags/example_skip_dag.py for tasks to queue
[2023-11-16T08:40:01.511+0000] {logging_mixin.py:151} INFO - [2023-11-16T08:40:01.511+0000] {dagbag.py:536} INFO - Filling up the DagBag from /home/airflow/.local/lib/python3.8/site-packages/airflow/example_dags/example_skip_dag.py
[2023-11-16T08:40:01.515+0000] {processor.py:839} INFO - DAG(s) dict_keys(['example_skip_dag']) retrieved from /home/airflow/.local/lib/python3.8/site-packages/airflow/example_dags/example_skip_dag.py
[2023-11-16T08:40:01.529+0000] {logging_mixin.py:151} INFO - [2023-11-16T08:40:01.529+0000] {dag.py:2941} INFO - Sync 1 DAGs
[2023-11-16T08:40:01.544+0000] {logging_mixin.py:151} INFO - [2023-11-16T08:40:01.544+0000] {dag.py:3722} INFO - Setting next_dagrun for example_skip_dag to 2023-11-15T08:40:01.544268+00:00, run_after=2023-11-16T08:40:01.544268+00:00
[2023-11-16T08:40:01.556+0000] {processor.py:179} INFO - Processing /home/airflow/.local/lib/python3.8/site-packages/airflow/example_dags/example_skip_dag.py took 0.050 seconds
[2023-11-16T08:40:32.466+0000] {processor.py:157} INFO - Started process (PID=1322) to work on /home/airflow/.local/lib/python3.8/site-packages/airflow/example_dags/example_skip_dag.py
[2023-11-16T08:40:32.467+0000] {processor.py:829} INFO - Processing file /home/airflow/.local/lib/python3.8/site-packages/airflow/example_dags/example_skip_dag.py for tasks to queue
[2023-11-16T08:40:32.469+0000] {logging_mixin.py:151} INFO - [2023-11-16T08:40:32.468+0000] {dagbag.py:536} INFO - Filling up the DagBag from /home/airflow/.local/lib/python3.8/site-packages/airflow/example_dags/example_skip_dag.py
[2023-11-16T08:40:32.473+0000] {processor.py:839} INFO - DAG(s) dict_keys(['example_skip_dag']) retrieved from /home/airflow/.local/lib/python3.8/site-packages/airflow/example_dags/example_skip_dag.py
[2023-11-16T08:40:32.486+0000] {logging_mixin.py:151} INFO - [2023-11-16T08:40:32.486+0000] {dag.py:2941} INFO - Sync 1 DAGs
[2023-11-16T08:40:32.501+0000] {logging_mixin.py:151} INFO - [2023-11-16T08:40:32.501+0000] {dag.py:3722} INFO - Setting next_dagrun for example_skip_dag to 2023-11-15T08:40:32.500889+00:00, run_after=2023-11-16T08:40:32.500889+00:00
[2023-11-16T08:40:32.513+0000] {processor.py:179} INFO - Processing /home/airflow/.local/lib/python3.8/site-packages/airflow/example_dags/example_skip_dag.py took 0.049 seconds
[2023-11-16T08:41:03.351+0000] {processor.py:157} INFO - Started process (PID=1376) to work on /home/airflow/.local/lib/python3.8/site-packages/airflow/example_dags/example_skip_dag.py
[2023-11-16T08:41:03.352+0000] {processor.py:829} INFO - Processing file /home/airflow/.local/lib/python3.8/site-packages/airflow/example_dags/example_skip_dag.py for tasks to queue
[2023-11-16T08:41:03.353+0000] {logging_mixin.py:151} INFO - [2023-11-16T08:41:03.353+0000] {dagbag.py:536} INFO - Filling up the DagBag from /home/airflow/.local/lib/python3.8/site-packages/airflow/example_dags/example_skip_dag.py
[2023-11-16T08:41:03.357+0000] {processor.py:839} INFO - DAG(s) dict_keys(['example_skip_dag']) retrieved from /home/airflow/.local/lib/python3.8/site-packages/airflow/example_dags/example_skip_dag.py
[2023-11-16T08:41:03.371+0000] {logging_mixin.py:151} INFO - [2023-11-16T08:41:03.371+0000] {dag.py:2941} INFO - Sync 1 DAGs
[2023-11-16T08:41:03.384+0000] {logging_mixin.py:151} INFO - [2023-11-16T08:41:03.384+0000] {dag.py:3722} INFO - Setting next_dagrun for example_skip_dag to 2023-11-15T08:41:03.384657+00:00, run_after=2023-11-16T08:41:03.384657+00:00
[2023-11-16T08:41:03.397+0000] {processor.py:179} INFO - Processing /home/airflow/.local/lib/python3.8/site-packages/airflow/example_dags/example_skip_dag.py took 0.048 seconds
[2023-11-16T08:41:34.553+0000] {processor.py:157} INFO - Started process (PID=1430) to work on /home/airflow/.local/lib/python3.8/site-packages/airflow/example_dags/example_skip_dag.py
[2023-11-16T08:41:34.555+0000] {processor.py:829} INFO - Processing file /home/airflow/.local/lib/python3.8/site-packages/airflow/example_dags/example_skip_dag.py for tasks to queue
[2023-11-16T08:41:34.559+0000] {logging_mixin.py:151} INFO - [2023-11-16T08:41:34.559+0000] {dagbag.py:536} INFO - Filling up the DagBag from /home/airflow/.local/lib/python3.8/site-packages/airflow/example_dags/example_skip_dag.py
[2023-11-16T08:41:34.567+0000] {processor.py:839} INFO - DAG(s) dict_keys(['example_skip_dag']) retrieved from /home/airflow/.local/lib/python3.8/site-packages/airflow/example_dags/example_skip_dag.py
[2023-11-16T08:41:34.592+0000] {logging_mixin.py:151} INFO - [2023-11-16T08:41:34.592+0000] {dag.py:2941} INFO - Sync 1 DAGs
[2023-11-16T08:41:34.617+0000] {logging_mixin.py:151} INFO - [2023-11-16T08:41:34.617+0000] {dag.py:3722} INFO - Setting next_dagrun for example_skip_dag to 2023-11-15T08:41:34.617185+00:00, run_after=2023-11-16T08:41:34.617185+00:00
[2023-11-16T08:41:34.643+0000] {processor.py:179} INFO - Processing /home/airflow/.local/lib/python3.8/site-packages/airflow/example_dags/example_skip_dag.py took 0.094 seconds
[2023-11-16T08:42:05.524+0000] {processor.py:157} INFO - Started process (PID=1484) to work on /home/airflow/.local/lib/python3.8/site-packages/airflow/example_dags/example_skip_dag.py
[2023-11-16T08:42:05.525+0000] {processor.py:829} INFO - Processing file /home/airflow/.local/lib/python3.8/site-packages/airflow/example_dags/example_skip_dag.py for tasks to queue
[2023-11-16T08:42:05.527+0000] {logging_mixin.py:151} INFO - [2023-11-16T08:42:05.526+0000] {dagbag.py:536} INFO - Filling up the DagBag from /home/airflow/.local/lib/python3.8/site-packages/airflow/example_dags/example_skip_dag.py
[2023-11-16T08:42:05.532+0000] {processor.py:839} INFO - DAG(s) dict_keys(['example_skip_dag']) retrieved from /home/airflow/.local/lib/python3.8/site-packages/airflow/example_dags/example_skip_dag.py
[2023-11-16T08:42:05.551+0000] {logging_mixin.py:151} INFO - [2023-11-16T08:42:05.551+0000] {dag.py:2941} INFO - Sync 1 DAGs
[2023-11-16T08:42:05.568+0000] {logging_mixin.py:151} INFO - [2023-11-16T08:42:05.567+0000] {dag.py:3722} INFO - Setting next_dagrun for example_skip_dag to 2023-11-15T08:42:05.567690+00:00, run_after=2023-11-16T08:42:05.567690+00:00
[2023-11-16T08:42:05.581+0000] {processor.py:179} INFO - Processing /home/airflow/.local/lib/python3.8/site-packages/airflow/example_dags/example_skip_dag.py took 0.059 seconds
[2023-11-16T08:42:36.467+0000] {processor.py:157} INFO - Started process (PID=1538) to work on /home/airflow/.local/lib/python3.8/site-packages/airflow/example_dags/example_skip_dag.py
[2023-11-16T08:42:36.467+0000] {processor.py:829} INFO - Processing file /home/airflow/.local/lib/python3.8/site-packages/airflow/example_dags/example_skip_dag.py for tasks to queue
[2023-11-16T08:42:36.469+0000] {logging_mixin.py:151} INFO - [2023-11-16T08:42:36.469+0000] {dagbag.py:536} INFO - Filling up the DagBag from /home/airflow/.local/lib/python3.8/site-packages/airflow/example_dags/example_skip_dag.py
[2023-11-16T08:42:36.474+0000] {processor.py:839} INFO - DAG(s) dict_keys(['example_skip_dag']) retrieved from /home/airflow/.local/lib/python3.8/site-packages/airflow/example_dags/example_skip_dag.py
[2023-11-16T08:42:36.487+0000] {logging_mixin.py:151} INFO - [2023-11-16T08:42:36.487+0000] {dag.py:2941} INFO - Sync 1 DAGs
[2023-11-16T08:42:36.503+0000] {logging_mixin.py:151} INFO - [2023-11-16T08:42:36.503+0000] {dag.py:3722} INFO - Setting next_dagrun for example_skip_dag to 2023-11-15T08:42:36.502830+00:00, run_after=2023-11-16T08:42:36.502830+00:00
[2023-11-16T08:42:36.516+0000] {processor.py:179} INFO - Processing /home/airflow/.local/lib/python3.8/site-packages/airflow/example_dags/example_skip_dag.py took 0.051 seconds
[2023-11-16T08:43:07.511+0000] {processor.py:157} INFO - Started process (PID=1592) to work on /home/airflow/.local/lib/python3.8/site-packages/airflow/example_dags/example_skip_dag.py
[2023-11-16T08:43:07.512+0000] {processor.py:829} INFO - Processing file /home/airflow/.local/lib/python3.8/site-packages/airflow/example_dags/example_skip_dag.py for tasks to queue
[2023-11-16T08:43:07.514+0000] {logging_mixin.py:151} INFO - [2023-11-16T08:43:07.514+0000] {dagbag.py:536} INFO - Filling up the DagBag from /home/airflow/.local/lib/python3.8/site-packages/airflow/example_dags/example_skip_dag.py
[2023-11-16T08:43:07.519+0000] {processor.py:839} INFO - DAG(s) dict_keys(['example_skip_dag']) retrieved from /home/airflow/.local/lib/python3.8/site-packages/airflow/example_dags/example_skip_dag.py
[2023-11-16T08:43:07.534+0000] {logging_mixin.py:151} INFO - [2023-11-16T08:43:07.534+0000] {dag.py:2941} INFO - Sync 1 DAGs
[2023-11-16T08:43:07.550+0000] {logging_mixin.py:151} INFO - [2023-11-16T08:43:07.550+0000] {dag.py:3722} INFO - Setting next_dagrun for example_skip_dag to 2023-11-15T08:43:07.550035+00:00, run_after=2023-11-16T08:43:07.550035+00:00
[2023-11-16T08:43:07.678+0000] {processor.py:179} INFO - Processing /home/airflow/.local/lib/python3.8/site-packages/airflow/example_dags/example_skip_dag.py took 0.170 seconds
[2023-11-16T08:43:37.805+0000] {processor.py:157} INFO - Started process (PID=1646) to work on /home/airflow/.local/lib/python3.8/site-packages/airflow/example_dags/example_skip_dag.py
[2023-11-16T08:43:37.805+0000] {processor.py:829} INFO - Processing file /home/airflow/.local/lib/python3.8/site-packages/airflow/example_dags/example_skip_dag.py for tasks to queue
[2023-11-16T08:43:37.807+0000] {logging_mixin.py:151} INFO - [2023-11-16T08:43:37.807+0000] {dagbag.py:536} INFO - Filling up the DagBag from /home/airflow/.local/lib/python3.8/site-packages/airflow/example_dags/example_skip_dag.py
[2023-11-16T08:43:37.811+0000] {processor.py:839} INFO - DAG(s) dict_keys(['example_skip_dag']) retrieved from /home/airflow/.local/lib/python3.8/site-packages/airflow/example_dags/example_skip_dag.py
[2023-11-16T08:43:37.825+0000] {logging_mixin.py:151} INFO - [2023-11-16T08:43:37.825+0000] {dag.py:2941} INFO - Sync 1 DAGs
[2023-11-16T08:43:37.840+0000] {logging_mixin.py:151} INFO - [2023-11-16T08:43:37.840+0000] {dag.py:3722} INFO - Setting next_dagrun for example_skip_dag to 2023-11-15T08:43:37.840047+00:00, run_after=2023-11-16T08:43:37.840047+00:00
[2023-11-16T08:43:37.852+0000] {processor.py:179} INFO - Processing /home/airflow/.local/lib/python3.8/site-packages/airflow/example_dags/example_skip_dag.py took 0.049 seconds
[2023-11-16T08:44:08.249+0000] {processor.py:157} INFO - Started process (PID=1700) to work on /home/airflow/.local/lib/python3.8/site-packages/airflow/example_dags/example_skip_dag.py
[2023-11-16T08:44:08.250+0000] {processor.py:829} INFO - Processing file /home/airflow/.local/lib/python3.8/site-packages/airflow/example_dags/example_skip_dag.py for tasks to queue
[2023-11-16T08:44:08.252+0000] {logging_mixin.py:151} INFO - [2023-11-16T08:44:08.252+0000] {dagbag.py:536} INFO - Filling up the DagBag from /home/airflow/.local/lib/python3.8/site-packages/airflow/example_dags/example_skip_dag.py
[2023-11-16T08:44:08.256+0000] {processor.py:839} INFO - DAG(s) dict_keys(['example_skip_dag']) retrieved from /home/airflow/.local/lib/python3.8/site-packages/airflow/example_dags/example_skip_dag.py
[2023-11-16T08:44:08.270+0000] {logging_mixin.py:151} INFO - [2023-11-16T08:44:08.269+0000] {dag.py:2941} INFO - Sync 1 DAGs
[2023-11-16T08:44:08.284+0000] {logging_mixin.py:151} INFO - [2023-11-16T08:44:08.284+0000] {dag.py:3722} INFO - Setting next_dagrun for example_skip_dag to 2023-11-15T08:44:08.284504+00:00, run_after=2023-11-16T08:44:08.284504+00:00
[2023-11-16T08:44:08.296+0000] {processor.py:179} INFO - Processing /home/airflow/.local/lib/python3.8/site-packages/airflow/example_dags/example_skip_dag.py took 0.049 seconds
[2023-11-16T08:44:38.799+0000] {processor.py:157} INFO - Started process (PID=1754) to work on /home/airflow/.local/lib/python3.8/site-packages/airflow/example_dags/example_skip_dag.py
[2023-11-16T08:44:38.800+0000] {processor.py:829} INFO - Processing file /home/airflow/.local/lib/python3.8/site-packages/airflow/example_dags/example_skip_dag.py for tasks to queue
[2023-11-16T08:44:38.802+0000] {logging_mixin.py:151} INFO - [2023-11-16T08:44:38.802+0000] {dagbag.py:536} INFO - Filling up the DagBag from /home/airflow/.local/lib/python3.8/site-packages/airflow/example_dags/example_skip_dag.py
[2023-11-16T08:44:38.806+0000] {processor.py:839} INFO - DAG(s) dict_keys(['example_skip_dag']) retrieved from /home/airflow/.local/lib/python3.8/site-packages/airflow/example_dags/example_skip_dag.py
[2023-11-16T08:44:38.820+0000] {logging_mixin.py:151} INFO - [2023-11-16T08:44:38.820+0000] {dag.py:2941} INFO - Sync 1 DAGs
[2023-11-16T08:44:38.836+0000] {logging_mixin.py:151} INFO - [2023-11-16T08:44:38.836+0000] {dag.py:3722} INFO - Setting next_dagrun for example_skip_dag to 2023-11-15T08:44:38.836562+00:00, run_after=2023-11-16T08:44:38.836562+00:00
[2023-11-16T08:44:38.849+0000] {processor.py:179} INFO - Processing /home/airflow/.local/lib/python3.8/site-packages/airflow/example_dags/example_skip_dag.py took 0.052 seconds
[2023-11-16T08:45:09.130+0000] {processor.py:157} INFO - Started process (PID=1808) to work on /home/airflow/.local/lib/python3.8/site-packages/airflow/example_dags/example_skip_dag.py
[2023-11-16T08:45:09.131+0000] {processor.py:829} INFO - Processing file /home/airflow/.local/lib/python3.8/site-packages/airflow/example_dags/example_skip_dag.py for tasks to queue
[2023-11-16T08:45:09.133+0000] {logging_mixin.py:151} INFO - [2023-11-16T08:45:09.132+0000] {dagbag.py:536} INFO - Filling up the DagBag from /home/airflow/.local/lib/python3.8/site-packages/airflow/example_dags/example_skip_dag.py
[2023-11-16T08:45:09.136+0000] {processor.py:839} INFO - DAG(s) dict_keys(['example_skip_dag']) retrieved from /home/airflow/.local/lib/python3.8/site-packages/airflow/example_dags/example_skip_dag.py
[2023-11-16T08:45:09.151+0000] {logging_mixin.py:151} INFO - [2023-11-16T08:45:09.151+0000] {dag.py:2941} INFO - Sync 1 DAGs
[2023-11-16T08:45:09.166+0000] {logging_mixin.py:151} INFO - [2023-11-16T08:45:09.166+0000] {dag.py:3722} INFO - Setting next_dagrun for example_skip_dag to 2023-11-15T08:45:09.165851+00:00, run_after=2023-11-16T08:45:09.165851+00:00
[2023-11-16T08:45:09.303+0000] {processor.py:179} INFO - Processing /home/airflow/.local/lib/python3.8/site-packages/airflow/example_dags/example_skip_dag.py took 0.175 seconds
[2023-11-16T08:45:39.402+0000] {processor.py:157} INFO - Started process (PID=1862) to work on /home/airflow/.local/lib/python3.8/site-packages/airflow/example_dags/example_skip_dag.py
[2023-11-16T08:45:39.403+0000] {processor.py:829} INFO - Processing file /home/airflow/.local/lib/python3.8/site-packages/airflow/example_dags/example_skip_dag.py for tasks to queue
[2023-11-16T08:45:39.405+0000] {logging_mixin.py:151} INFO - [2023-11-16T08:45:39.405+0000] {dagbag.py:536} INFO - Filling up the DagBag from /home/airflow/.local/lib/python3.8/site-packages/airflow/example_dags/example_skip_dag.py
[2023-11-16T08:45:39.409+0000] {processor.py:839} INFO - DAG(s) dict_keys(['example_skip_dag']) retrieved from /home/airflow/.local/lib/python3.8/site-packages/airflow/example_dags/example_skip_dag.py
[2023-11-16T08:45:39.424+0000] {logging_mixin.py:151} INFO - [2023-11-16T08:45:39.424+0000] {dag.py:2941} INFO - Sync 1 DAGs
[2023-11-16T08:45:39.440+0000] {logging_mixin.py:151} INFO - [2023-11-16T08:45:39.439+0000] {dag.py:3722} INFO - Setting next_dagrun for example_skip_dag to 2023-11-15T08:45:39.439637+00:00, run_after=2023-11-16T08:45:39.439637+00:00
[2023-11-16T08:45:39.453+0000] {processor.py:179} INFO - Processing /home/airflow/.local/lib/python3.8/site-packages/airflow/example_dags/example_skip_dag.py took 0.053 seconds
[2023-11-16T08:46:09.770+0000] {processor.py:157} INFO - Started process (PID=1916) to work on /home/airflow/.local/lib/python3.8/site-packages/airflow/example_dags/example_skip_dag.py
[2023-11-16T08:46:09.771+0000] {processor.py:829} INFO - Processing file /home/airflow/.local/lib/python3.8/site-packages/airflow/example_dags/example_skip_dag.py for tasks to queue
[2023-11-16T08:46:09.773+0000] {logging_mixin.py:151} INFO - [2023-11-16T08:46:09.773+0000] {dagbag.py:536} INFO - Filling up the DagBag from /home/airflow/.local/lib/python3.8/site-packages/airflow/example_dags/example_skip_dag.py
[2023-11-16T08:46:09.777+0000] {processor.py:839} INFO - DAG(s) dict_keys(['example_skip_dag']) retrieved from /home/airflow/.local/lib/python3.8/site-packages/airflow/example_dags/example_skip_dag.py
[2023-11-16T08:46:09.791+0000] {logging_mixin.py:151} INFO - [2023-11-16T08:46:09.791+0000] {dag.py:2941} INFO - Sync 1 DAGs
[2023-11-16T08:46:09.806+0000] {logging_mixin.py:151} INFO - [2023-11-16T08:46:09.806+0000] {dag.py:3722} INFO - Setting next_dagrun for example_skip_dag to 2023-11-15T08:46:09.806041+00:00, run_after=2023-11-16T08:46:09.806041+00:00
[2023-11-16T08:46:09.818+0000] {processor.py:179} INFO - Processing /home/airflow/.local/lib/python3.8/site-packages/airflow/example_dags/example_skip_dag.py took 0.050 seconds
