[2023-11-16T08:28:47.397+0000] {processor.py:157} INFO - Started process (PID=45) to work on /home/airflow/.local/lib/python3.8/site-packages/airflow/example_dags/example_python_operator.py
[2023-11-16T08:28:47.398+0000] {processor.py:829} INFO - Processing file /home/airflow/.local/lib/python3.8/site-packages/airflow/example_dags/example_python_operator.py for tasks to queue
[2023-11-16T08:28:47.401+0000] {logging_mixin.py:151} INFO - [2023-11-16T08:28:47.400+0000] {dagbag.py:536} INFO - Filling up the DagBag from /home/airflow/.local/lib/python3.8/site-packages/airflow/example_dags/example_python_operator.py
[2023-11-16T08:28:47.413+0000] {processor.py:839} INFO - DAG(s) dict_keys(['example_python_operator']) retrieved from /home/airflow/.local/lib/python3.8/site-packages/airflow/example_dags/example_python_operator.py
[2023-11-16T08:28:47.621+0000] {logging_mixin.py:151} INFO - [2023-11-16T08:28:47.620+0000] {dag.py:2941} INFO - Sync 1 DAGs
[2023-11-16T08:28:47.630+0000] {logging_mixin.py:151} INFO - [2023-11-16T08:28:47.629+0000] {dag.py:3722} INFO - Setting next_dagrun for example_python_operator to None, run_after=None
[2023-11-16T08:28:47.653+0000] {processor.py:179} INFO - Processing /home/airflow/.local/lib/python3.8/site-packages/airflow/example_dags/example_python_operator.py took 0.258 seconds
[2023-11-16T08:29:18.261+0000] {processor.py:157} INFO - Started process (PID=99) to work on /home/airflow/.local/lib/python3.8/site-packages/airflow/example_dags/example_python_operator.py
[2023-11-16T08:29:18.262+0000] {processor.py:829} INFO - Processing file /home/airflow/.local/lib/python3.8/site-packages/airflow/example_dags/example_python_operator.py for tasks to queue
[2023-11-16T08:29:18.264+0000] {logging_mixin.py:151} INFO - [2023-11-16T08:29:18.263+0000] {dagbag.py:536} INFO - Filling up the DagBag from /home/airflow/.local/lib/python3.8/site-packages/airflow/example_dags/example_python_operator.py
[2023-11-16T08:29:18.272+0000] {processor.py:839} INFO - DAG(s) dict_keys(['example_python_operator']) retrieved from /home/airflow/.local/lib/python3.8/site-packages/airflow/example_dags/example_python_operator.py
[2023-11-16T08:29:18.299+0000] {logging_mixin.py:151} INFO - [2023-11-16T08:29:18.299+0000] {dag.py:2941} INFO - Sync 1 DAGs
[2023-11-16T08:29:18.331+0000] {logging_mixin.py:151} INFO - [2023-11-16T08:29:18.331+0000] {dag.py:3722} INFO - Setting next_dagrun for example_python_operator to None, run_after=None
[2023-11-16T08:29:18.348+0000] {processor.py:179} INFO - Processing /home/airflow/.local/lib/python3.8/site-packages/airflow/example_dags/example_python_operator.py took 0.090 seconds
[2023-11-16T08:29:49.060+0000] {processor.py:157} INFO - Started process (PID=153) to work on /home/airflow/.local/lib/python3.8/site-packages/airflow/example_dags/example_python_operator.py
[2023-11-16T08:29:49.062+0000] {processor.py:829} INFO - Processing file /home/airflow/.local/lib/python3.8/site-packages/airflow/example_dags/example_python_operator.py for tasks to queue
[2023-11-16T08:29:49.065+0000] {logging_mixin.py:151} INFO - [2023-11-16T08:29:49.065+0000] {dagbag.py:536} INFO - Filling up the DagBag from /home/airflow/.local/lib/python3.8/site-packages/airflow/example_dags/example_python_operator.py
[2023-11-16T08:29:49.085+0000] {processor.py:839} INFO - DAG(s) dict_keys(['example_python_operator']) retrieved from /home/airflow/.local/lib/python3.8/site-packages/airflow/example_dags/example_python_operator.py
[2023-11-16T08:29:49.125+0000] {logging_mixin.py:151} INFO - [2023-11-16T08:29:49.125+0000] {dag.py:2941} INFO - Sync 1 DAGs
[2023-11-16T08:29:49.144+0000] {logging_mixin.py:151} INFO - [2023-11-16T08:29:49.143+0000] {dag.py:3722} INFO - Setting next_dagrun for example_python_operator to None, run_after=None
[2023-11-16T08:29:49.170+0000] {processor.py:179} INFO - Processing /home/airflow/.local/lib/python3.8/site-packages/airflow/example_dags/example_python_operator.py took 0.124 seconds
[2023-11-16T08:30:20.118+0000] {processor.py:157} INFO - Started process (PID=207) to work on /home/airflow/.local/lib/python3.8/site-packages/airflow/example_dags/example_python_operator.py
[2023-11-16T08:30:20.119+0000] {processor.py:829} INFO - Processing file /home/airflow/.local/lib/python3.8/site-packages/airflow/example_dags/example_python_operator.py for tasks to queue
[2023-11-16T08:30:20.121+0000] {logging_mixin.py:151} INFO - [2023-11-16T08:30:20.120+0000] {dagbag.py:536} INFO - Filling up the DagBag from /home/airflow/.local/lib/python3.8/site-packages/airflow/example_dags/example_python_operator.py
[2023-11-16T08:30:20.128+0000] {processor.py:839} INFO - DAG(s) dict_keys(['example_python_operator']) retrieved from /home/airflow/.local/lib/python3.8/site-packages/airflow/example_dags/example_python_operator.py
[2023-11-16T08:30:20.145+0000] {logging_mixin.py:151} INFO - [2023-11-16T08:30:20.144+0000] {dag.py:2941} INFO - Sync 1 DAGs
[2023-11-16T08:30:20.157+0000] {logging_mixin.py:151} INFO - [2023-11-16T08:30:20.157+0000] {dag.py:3722} INFO - Setting next_dagrun for example_python_operator to None, run_after=None
[2023-11-16T08:30:20.172+0000] {processor.py:179} INFO - Processing /home/airflow/.local/lib/python3.8/site-packages/airflow/example_dags/example_python_operator.py took 0.057 seconds
[2023-11-16T08:30:50.383+0000] {processor.py:157} INFO - Started process (PID=261) to work on /home/airflow/.local/lib/python3.8/site-packages/airflow/example_dags/example_python_operator.py
[2023-11-16T08:30:50.384+0000] {processor.py:829} INFO - Processing file /home/airflow/.local/lib/python3.8/site-packages/airflow/example_dags/example_python_operator.py for tasks to queue
[2023-11-16T08:30:50.386+0000] {logging_mixin.py:151} INFO - [2023-11-16T08:30:50.386+0000] {dagbag.py:536} INFO - Filling up the DagBag from /home/airflow/.local/lib/python3.8/site-packages/airflow/example_dags/example_python_operator.py
[2023-11-16T08:30:50.397+0000] {processor.py:839} INFO - DAG(s) dict_keys(['example_python_operator']) retrieved from /home/airflow/.local/lib/python3.8/site-packages/airflow/example_dags/example_python_operator.py
[2023-11-16T08:30:50.415+0000] {logging_mixin.py:151} INFO - [2023-11-16T08:30:50.415+0000] {dag.py:2941} INFO - Sync 1 DAGs
[2023-11-16T08:30:50.425+0000] {logging_mixin.py:151} INFO - [2023-11-16T08:30:50.424+0000] {dag.py:3722} INFO - Setting next_dagrun for example_python_operator to None, run_after=None
[2023-11-16T08:30:50.438+0000] {processor.py:179} INFO - Processing /home/airflow/.local/lib/python3.8/site-packages/airflow/example_dags/example_python_operator.py took 0.058 seconds
[2023-11-16T08:31:20.714+0000] {processor.py:157} INFO - Started process (PID=315) to work on /home/airflow/.local/lib/python3.8/site-packages/airflow/example_dags/example_python_operator.py
[2023-11-16T08:31:20.715+0000] {processor.py:829} INFO - Processing file /home/airflow/.local/lib/python3.8/site-packages/airflow/example_dags/example_python_operator.py for tasks to queue
[2023-11-16T08:31:20.716+0000] {logging_mixin.py:151} INFO - [2023-11-16T08:31:20.716+0000] {dagbag.py:536} INFO - Filling up the DagBag from /home/airflow/.local/lib/python3.8/site-packages/airflow/example_dags/example_python_operator.py
[2023-11-16T08:31:20.724+0000] {processor.py:839} INFO - DAG(s) dict_keys(['example_python_operator']) retrieved from /home/airflow/.local/lib/python3.8/site-packages/airflow/example_dags/example_python_operator.py
[2023-11-16T08:31:20.740+0000] {logging_mixin.py:151} INFO - [2023-11-16T08:31:20.740+0000] {dag.py:2941} INFO - Sync 1 DAGs
[2023-11-16T08:31:20.750+0000] {logging_mixin.py:151} INFO - [2023-11-16T08:31:20.750+0000] {dag.py:3722} INFO - Setting next_dagrun for example_python_operator to None, run_after=None
[2023-11-16T08:31:20.764+0000] {processor.py:179} INFO - Processing /home/airflow/.local/lib/python3.8/site-packages/airflow/example_dags/example_python_operator.py took 0.053 seconds
[2023-11-16T08:31:50.829+0000] {processor.py:157} INFO - Started process (PID=369) to work on /home/airflow/.local/lib/python3.8/site-packages/airflow/example_dags/example_python_operator.py
[2023-11-16T08:31:50.831+0000] {processor.py:829} INFO - Processing file /home/airflow/.local/lib/python3.8/site-packages/airflow/example_dags/example_python_operator.py for tasks to queue
[2023-11-16T08:31:50.832+0000] {logging_mixin.py:151} INFO - [2023-11-16T08:31:50.832+0000] {dagbag.py:536} INFO - Filling up the DagBag from /home/airflow/.local/lib/python3.8/site-packages/airflow/example_dags/example_python_operator.py
[2023-11-16T08:31:50.840+0000] {processor.py:839} INFO - DAG(s) dict_keys(['example_python_operator']) retrieved from /home/airflow/.local/lib/python3.8/site-packages/airflow/example_dags/example_python_operator.py
[2023-11-16T08:31:50.857+0000] {logging_mixin.py:151} INFO - [2023-11-16T08:31:50.857+0000] {dag.py:2941} INFO - Sync 1 DAGs
[2023-11-16T08:31:50.865+0000] {logging_mixin.py:151} INFO - [2023-11-16T08:31:50.865+0000] {dag.py:3722} INFO - Setting next_dagrun for example_python_operator to None, run_after=None
[2023-11-16T08:31:50.879+0000] {processor.py:179} INFO - Processing /home/airflow/.local/lib/python3.8/site-packages/airflow/example_dags/example_python_operator.py took 0.052 seconds
[2023-11-16T08:32:21.121+0000] {processor.py:157} INFO - Started process (PID=423) to work on /home/airflow/.local/lib/python3.8/site-packages/airflow/example_dags/example_python_operator.py
[2023-11-16T08:32:21.122+0000] {processor.py:829} INFO - Processing file /home/airflow/.local/lib/python3.8/site-packages/airflow/example_dags/example_python_operator.py for tasks to queue
[2023-11-16T08:32:21.124+0000] {logging_mixin.py:151} INFO - [2023-11-16T08:32:21.124+0000] {dagbag.py:536} INFO - Filling up the DagBag from /home/airflow/.local/lib/python3.8/site-packages/airflow/example_dags/example_python_operator.py
[2023-11-16T08:32:21.131+0000] {processor.py:839} INFO - DAG(s) dict_keys(['example_python_operator']) retrieved from /home/airflow/.local/lib/python3.8/site-packages/airflow/example_dags/example_python_operator.py
[2023-11-16T08:32:21.147+0000] {logging_mixin.py:151} INFO - [2023-11-16T08:32:21.147+0000] {dag.py:2941} INFO - Sync 1 DAGs
[2023-11-16T08:32:21.156+0000] {logging_mixin.py:151} INFO - [2023-11-16T08:32:21.156+0000] {dag.py:3722} INFO - Setting next_dagrun for example_python_operator to None, run_after=None
[2023-11-16T08:32:21.169+0000] {processor.py:179} INFO - Processing /home/airflow/.local/lib/python3.8/site-packages/airflow/example_dags/example_python_operator.py took 0.050 seconds
[2023-11-16T08:32:51.379+0000] {processor.py:157} INFO - Started process (PID=477) to work on /home/airflow/.local/lib/python3.8/site-packages/airflow/example_dags/example_python_operator.py
[2023-11-16T08:32:51.380+0000] {processor.py:829} INFO - Processing file /home/airflow/.local/lib/python3.8/site-packages/airflow/example_dags/example_python_operator.py for tasks to queue
[2023-11-16T08:32:51.382+0000] {logging_mixin.py:151} INFO - [2023-11-16T08:32:51.382+0000] {dagbag.py:536} INFO - Filling up the DagBag from /home/airflow/.local/lib/python3.8/site-packages/airflow/example_dags/example_python_operator.py
[2023-11-16T08:32:51.390+0000] {processor.py:839} INFO - DAG(s) dict_keys(['example_python_operator']) retrieved from /home/airflow/.local/lib/python3.8/site-packages/airflow/example_dags/example_python_operator.py
[2023-11-16T08:32:51.412+0000] {logging_mixin.py:151} INFO - [2023-11-16T08:32:51.412+0000] {dag.py:2941} INFO - Sync 1 DAGs
[2023-11-16T08:32:51.425+0000] {logging_mixin.py:151} INFO - [2023-11-16T08:32:51.425+0000] {dag.py:3722} INFO - Setting next_dagrun for example_python_operator to None, run_after=None
[2023-11-16T08:32:51.442+0000] {processor.py:179} INFO - Processing /home/airflow/.local/lib/python3.8/site-packages/airflow/example_dags/example_python_operator.py took 0.066 seconds
[2023-11-16T08:33:21.666+0000] {processor.py:157} INFO - Started process (PID=531) to work on /home/airflow/.local/lib/python3.8/site-packages/airflow/example_dags/example_python_operator.py
[2023-11-16T08:33:21.667+0000] {processor.py:829} INFO - Processing file /home/airflow/.local/lib/python3.8/site-packages/airflow/example_dags/example_python_operator.py for tasks to queue
[2023-11-16T08:33:21.669+0000] {logging_mixin.py:151} INFO - [2023-11-16T08:33:21.669+0000] {dagbag.py:536} INFO - Filling up the DagBag from /home/airflow/.local/lib/python3.8/site-packages/airflow/example_dags/example_python_operator.py
[2023-11-16T08:33:21.677+0000] {processor.py:839} INFO - DAG(s) dict_keys(['example_python_operator']) retrieved from /home/airflow/.local/lib/python3.8/site-packages/airflow/example_dags/example_python_operator.py
[2023-11-16T08:33:21.695+0000] {logging_mixin.py:151} INFO - [2023-11-16T08:33:21.695+0000] {dag.py:2941} INFO - Sync 1 DAGs
[2023-11-16T08:33:21.705+0000] {logging_mixin.py:151} INFO - [2023-11-16T08:33:21.705+0000] {dag.py:3722} INFO - Setting next_dagrun for example_python_operator to None, run_after=None
[2023-11-16T08:33:21.720+0000] {processor.py:179} INFO - Processing /home/airflow/.local/lib/python3.8/site-packages/airflow/example_dags/example_python_operator.py took 0.056 seconds
[2023-11-16T08:33:51.858+0000] {processor.py:157} INFO - Started process (PID=585) to work on /home/airflow/.local/lib/python3.8/site-packages/airflow/example_dags/example_python_operator.py
[2023-11-16T08:33:51.864+0000] {processor.py:829} INFO - Processing file /home/airflow/.local/lib/python3.8/site-packages/airflow/example_dags/example_python_operator.py for tasks to queue
[2023-11-16T08:33:51.866+0000] {logging_mixin.py:151} INFO - [2023-11-16T08:33:51.865+0000] {dagbag.py:536} INFO - Filling up the DagBag from /home/airflow/.local/lib/python3.8/site-packages/airflow/example_dags/example_python_operator.py
[2023-11-16T08:33:51.873+0000] {processor.py:839} INFO - DAG(s) dict_keys(['example_python_operator']) retrieved from /home/airflow/.local/lib/python3.8/site-packages/airflow/example_dags/example_python_operator.py
[2023-11-16T08:33:51.891+0000] {logging_mixin.py:151} INFO - [2023-11-16T08:33:51.890+0000] {dag.py:2941} INFO - Sync 1 DAGs
[2023-11-16T08:33:51.900+0000] {logging_mixin.py:151} INFO - [2023-11-16T08:33:51.899+0000] {dag.py:3722} INFO - Setting next_dagrun for example_python_operator to None, run_after=None
[2023-11-16T08:33:51.913+0000] {processor.py:179} INFO - Processing /home/airflow/.local/lib/python3.8/site-packages/airflow/example_dags/example_python_operator.py took 0.058 seconds
[2023-11-16T08:34:22.358+0000] {processor.py:157} INFO - Started process (PID=639) to work on /home/airflow/.local/lib/python3.8/site-packages/airflow/example_dags/example_python_operator.py
[2023-11-16T08:34:22.359+0000] {processor.py:829} INFO - Processing file /home/airflow/.local/lib/python3.8/site-packages/airflow/example_dags/example_python_operator.py for tasks to queue
[2023-11-16T08:34:22.361+0000] {logging_mixin.py:151} INFO - [2023-11-16T08:34:22.360+0000] {dagbag.py:536} INFO - Filling up the DagBag from /home/airflow/.local/lib/python3.8/site-packages/airflow/example_dags/example_python_operator.py
[2023-11-16T08:34:22.369+0000] {processor.py:839} INFO - DAG(s) dict_keys(['example_python_operator']) retrieved from /home/airflow/.local/lib/python3.8/site-packages/airflow/example_dags/example_python_operator.py
[2023-11-16T08:34:22.388+0000] {logging_mixin.py:151} INFO - [2023-11-16T08:34:22.387+0000] {dag.py:2941} INFO - Sync 1 DAGs
[2023-11-16T08:34:22.398+0000] {logging_mixin.py:151} INFO - [2023-11-16T08:34:22.398+0000] {dag.py:3722} INFO - Setting next_dagrun for example_python_operator to None, run_after=None
[2023-11-16T08:34:22.415+0000] {processor.py:179} INFO - Processing /home/airflow/.local/lib/python3.8/site-packages/airflow/example_dags/example_python_operator.py took 0.060 seconds
[2023-11-16T08:34:52.502+0000] {processor.py:157} INFO - Started process (PID=693) to work on /home/airflow/.local/lib/python3.8/site-packages/airflow/example_dags/example_python_operator.py
[2023-11-16T08:34:52.503+0000] {processor.py:829} INFO - Processing file /home/airflow/.local/lib/python3.8/site-packages/airflow/example_dags/example_python_operator.py for tasks to queue
[2023-11-16T08:34:52.506+0000] {logging_mixin.py:151} INFO - [2023-11-16T08:34:52.505+0000] {dagbag.py:536} INFO - Filling up the DagBag from /home/airflow/.local/lib/python3.8/site-packages/airflow/example_dags/example_python_operator.py
[2023-11-16T08:34:52.517+0000] {processor.py:839} INFO - DAG(s) dict_keys(['example_python_operator']) retrieved from /home/airflow/.local/lib/python3.8/site-packages/airflow/example_dags/example_python_operator.py
[2023-11-16T08:34:52.537+0000] {logging_mixin.py:151} INFO - [2023-11-16T08:34:52.537+0000] {dag.py:2941} INFO - Sync 1 DAGs
[2023-11-16T08:34:52.549+0000] {logging_mixin.py:151} INFO - [2023-11-16T08:34:52.549+0000] {dag.py:3722} INFO - Setting next_dagrun for example_python_operator to None, run_after=None
[2023-11-16T08:34:52.567+0000] {processor.py:179} INFO - Processing /home/airflow/.local/lib/python3.8/site-packages/airflow/example_dags/example_python_operator.py took 0.068 seconds
[2023-11-16T08:35:22.612+0000] {processor.py:157} INFO - Started process (PID=747) to work on /home/airflow/.local/lib/python3.8/site-packages/airflow/example_dags/example_python_operator.py
[2023-11-16T08:35:22.613+0000] {processor.py:829} INFO - Processing file /home/airflow/.local/lib/python3.8/site-packages/airflow/example_dags/example_python_operator.py for tasks to queue
[2023-11-16T08:35:22.615+0000] {logging_mixin.py:151} INFO - [2023-11-16T08:35:22.614+0000] {dagbag.py:536} INFO - Filling up the DagBag from /home/airflow/.local/lib/python3.8/site-packages/airflow/example_dags/example_python_operator.py
[2023-11-16T08:35:22.623+0000] {processor.py:839} INFO - DAG(s) dict_keys(['example_python_operator']) retrieved from /home/airflow/.local/lib/python3.8/site-packages/airflow/example_dags/example_python_operator.py
[2023-11-16T08:35:22.641+0000] {logging_mixin.py:151} INFO - [2023-11-16T08:35:22.640+0000] {dag.py:2941} INFO - Sync 1 DAGs
[2023-11-16T08:35:22.651+0000] {logging_mixin.py:151} INFO - [2023-11-16T08:35:22.651+0000] {dag.py:3722} INFO - Setting next_dagrun for example_python_operator to None, run_after=None
[2023-11-16T08:35:22.668+0000] {processor.py:179} INFO - Processing /home/airflow/.local/lib/python3.8/site-packages/airflow/example_dags/example_python_operator.py took 0.058 seconds
[2023-11-16T08:35:52.745+0000] {processor.py:157} INFO - Started process (PID=801) to work on /home/airflow/.local/lib/python3.8/site-packages/airflow/example_dags/example_python_operator.py
[2023-11-16T08:35:52.746+0000] {processor.py:829} INFO - Processing file /home/airflow/.local/lib/python3.8/site-packages/airflow/example_dags/example_python_operator.py for tasks to queue
[2023-11-16T08:35:52.748+0000] {logging_mixin.py:151} INFO - [2023-11-16T08:35:52.747+0000] {dagbag.py:536} INFO - Filling up the DagBag from /home/airflow/.local/lib/python3.8/site-packages/airflow/example_dags/example_python_operator.py
[2023-11-16T08:35:52.754+0000] {processor.py:839} INFO - DAG(s) dict_keys(['example_python_operator']) retrieved from /home/airflow/.local/lib/python3.8/site-packages/airflow/example_dags/example_python_operator.py
[2023-11-16T08:35:52.768+0000] {logging_mixin.py:151} INFO - [2023-11-16T08:35:52.768+0000] {dag.py:2941} INFO - Sync 1 DAGs
[2023-11-16T08:35:52.778+0000] {logging_mixin.py:151} INFO - [2023-11-16T08:35:52.778+0000] {dag.py:3722} INFO - Setting next_dagrun for example_python_operator to None, run_after=None
[2023-11-16T08:35:52.790+0000] {processor.py:179} INFO - Processing /home/airflow/.local/lib/python3.8/site-packages/airflow/example_dags/example_python_operator.py took 0.046 seconds
[2023-11-16T08:36:22.844+0000] {processor.py:157} INFO - Started process (PID=855) to work on /home/airflow/.local/lib/python3.8/site-packages/airflow/example_dags/example_python_operator.py
[2023-11-16T08:36:22.845+0000] {processor.py:829} INFO - Processing file /home/airflow/.local/lib/python3.8/site-packages/airflow/example_dags/example_python_operator.py for tasks to queue
[2023-11-16T08:36:22.846+0000] {logging_mixin.py:151} INFO - [2023-11-16T08:36:22.846+0000] {dagbag.py:536} INFO - Filling up the DagBag from /home/airflow/.local/lib/python3.8/site-packages/airflow/example_dags/example_python_operator.py
[2023-11-16T08:36:22.854+0000] {processor.py:839} INFO - DAG(s) dict_keys(['example_python_operator']) retrieved from /home/airflow/.local/lib/python3.8/site-packages/airflow/example_dags/example_python_operator.py
[2023-11-16T08:36:22.871+0000] {logging_mixin.py:151} INFO - [2023-11-16T08:36:22.871+0000] {dag.py:2941} INFO - Sync 1 DAGs
[2023-11-16T08:36:22.881+0000] {logging_mixin.py:151} INFO - [2023-11-16T08:36:22.881+0000] {dag.py:3722} INFO - Setting next_dagrun for example_python_operator to None, run_after=None
[2023-11-16T08:36:22.893+0000] {processor.py:179} INFO - Processing /home/airflow/.local/lib/python3.8/site-packages/airflow/example_dags/example_python_operator.py took 0.051 seconds
[2023-11-16T08:36:53.047+0000] {processor.py:157} INFO - Started process (PID=909) to work on /home/airflow/.local/lib/python3.8/site-packages/airflow/example_dags/example_python_operator.py
[2023-11-16T08:36:53.048+0000] {processor.py:829} INFO - Processing file /home/airflow/.local/lib/python3.8/site-packages/airflow/example_dags/example_python_operator.py for tasks to queue
[2023-11-16T08:36:53.050+0000] {logging_mixin.py:151} INFO - [2023-11-16T08:36:53.050+0000] {dagbag.py:536} INFO - Filling up the DagBag from /home/airflow/.local/lib/python3.8/site-packages/airflow/example_dags/example_python_operator.py
[2023-11-16T08:36:53.057+0000] {processor.py:839} INFO - DAG(s) dict_keys(['example_python_operator']) retrieved from /home/airflow/.local/lib/python3.8/site-packages/airflow/example_dags/example_python_operator.py
[2023-11-16T08:36:53.071+0000] {logging_mixin.py:151} INFO - [2023-11-16T08:36:53.071+0000] {dag.py:2941} INFO - Sync 1 DAGs
[2023-11-16T08:36:53.080+0000] {logging_mixin.py:151} INFO - [2023-11-16T08:36:53.080+0000] {dag.py:3722} INFO - Setting next_dagrun for example_python_operator to None, run_after=None
[2023-11-16T08:36:53.095+0000] {processor.py:179} INFO - Processing /home/airflow/.local/lib/python3.8/site-packages/airflow/example_dags/example_python_operator.py took 0.050 seconds
[2023-11-16T08:37:23.244+0000] {processor.py:157} INFO - Started process (PID=963) to work on /home/airflow/.local/lib/python3.8/site-packages/airflow/example_dags/example_python_operator.py
[2023-11-16T08:37:23.245+0000] {processor.py:829} INFO - Processing file /home/airflow/.local/lib/python3.8/site-packages/airflow/example_dags/example_python_operator.py for tasks to queue
[2023-11-16T08:37:23.247+0000] {logging_mixin.py:151} INFO - [2023-11-16T08:37:23.247+0000] {dagbag.py:536} INFO - Filling up the DagBag from /home/airflow/.local/lib/python3.8/site-packages/airflow/example_dags/example_python_operator.py
[2023-11-16T08:37:23.257+0000] {processor.py:839} INFO - DAG(s) dict_keys(['example_python_operator']) retrieved from /home/airflow/.local/lib/python3.8/site-packages/airflow/example_dags/example_python_operator.py
[2023-11-16T08:37:23.278+0000] {logging_mixin.py:151} INFO - [2023-11-16T08:37:23.278+0000] {dag.py:2941} INFO - Sync 1 DAGs
[2023-11-16T08:37:23.291+0000] {logging_mixin.py:151} INFO - [2023-11-16T08:37:23.291+0000] {dag.py:3722} INFO - Setting next_dagrun for example_python_operator to None, run_after=None
[2023-11-16T08:37:23.311+0000] {processor.py:179} INFO - Processing /home/airflow/.local/lib/python3.8/site-packages/airflow/example_dags/example_python_operator.py took 0.071 seconds
[2023-11-16T08:37:53.436+0000] {processor.py:157} INFO - Started process (PID=1017) to work on /home/airflow/.local/lib/python3.8/site-packages/airflow/example_dags/example_python_operator.py
[2023-11-16T08:37:53.436+0000] {processor.py:829} INFO - Processing file /home/airflow/.local/lib/python3.8/site-packages/airflow/example_dags/example_python_operator.py for tasks to queue
[2023-11-16T08:37:53.438+0000] {logging_mixin.py:151} INFO - [2023-11-16T08:37:53.438+0000] {dagbag.py:536} INFO - Filling up the DagBag from /home/airflow/.local/lib/python3.8/site-packages/airflow/example_dags/example_python_operator.py
[2023-11-16T08:37:53.444+0000] {processor.py:839} INFO - DAG(s) dict_keys(['example_python_operator']) retrieved from /home/airflow/.local/lib/python3.8/site-packages/airflow/example_dags/example_python_operator.py
[2023-11-16T08:37:53.460+0000] {logging_mixin.py:151} INFO - [2023-11-16T08:37:53.459+0000] {dag.py:2941} INFO - Sync 1 DAGs
[2023-11-16T08:37:53.469+0000] {logging_mixin.py:151} INFO - [2023-11-16T08:37:53.469+0000] {dag.py:3722} INFO - Setting next_dagrun for example_python_operator to None, run_after=None
[2023-11-16T08:37:53.481+0000] {processor.py:179} INFO - Processing /home/airflow/.local/lib/python3.8/site-packages/airflow/example_dags/example_python_operator.py took 0.048 seconds
[2023-11-16T08:38:23.723+0000] {processor.py:157} INFO - Started process (PID=1071) to work on /home/airflow/.local/lib/python3.8/site-packages/airflow/example_dags/example_python_operator.py
[2023-11-16T08:38:23.724+0000] {processor.py:829} INFO - Processing file /home/airflow/.local/lib/python3.8/site-packages/airflow/example_dags/example_python_operator.py for tasks to queue
[2023-11-16T08:38:23.726+0000] {logging_mixin.py:151} INFO - [2023-11-16T08:38:23.726+0000] {dagbag.py:536} INFO - Filling up the DagBag from /home/airflow/.local/lib/python3.8/site-packages/airflow/example_dags/example_python_operator.py
[2023-11-16T08:38:23.733+0000] {processor.py:839} INFO - DAG(s) dict_keys(['example_python_operator']) retrieved from /home/airflow/.local/lib/python3.8/site-packages/airflow/example_dags/example_python_operator.py
[2023-11-16T08:38:23.748+0000] {logging_mixin.py:151} INFO - [2023-11-16T08:38:23.748+0000] {dag.py:2941} INFO - Sync 1 DAGs
[2023-11-16T08:38:23.758+0000] {logging_mixin.py:151} INFO - [2023-11-16T08:38:23.758+0000] {dag.py:3722} INFO - Setting next_dagrun for example_python_operator to None, run_after=None
[2023-11-16T08:38:23.771+0000] {processor.py:179} INFO - Processing /home/airflow/.local/lib/python3.8/site-packages/airflow/example_dags/example_python_operator.py took 0.049 seconds
[2023-11-16T08:38:54.085+0000] {processor.py:157} INFO - Started process (PID=1125) to work on /home/airflow/.local/lib/python3.8/site-packages/airflow/example_dags/example_python_operator.py
[2023-11-16T08:38:54.086+0000] {processor.py:829} INFO - Processing file /home/airflow/.local/lib/python3.8/site-packages/airflow/example_dags/example_python_operator.py for tasks to queue
[2023-11-16T08:38:54.088+0000] {logging_mixin.py:151} INFO - [2023-11-16T08:38:54.088+0000] {dagbag.py:536} INFO - Filling up the DagBag from /home/airflow/.local/lib/python3.8/site-packages/airflow/example_dags/example_python_operator.py
[2023-11-16T08:38:54.096+0000] {processor.py:839} INFO - DAG(s) dict_keys(['example_python_operator']) retrieved from /home/airflow/.local/lib/python3.8/site-packages/airflow/example_dags/example_python_operator.py
[2023-11-16T08:38:54.113+0000] {logging_mixin.py:151} INFO - [2023-11-16T08:38:54.113+0000] {dag.py:2941} INFO - Sync 1 DAGs
[2023-11-16T08:38:54.122+0000] {logging_mixin.py:151} INFO - [2023-11-16T08:38:54.122+0000] {dag.py:3722} INFO - Setting next_dagrun for example_python_operator to None, run_after=None
[2023-11-16T08:38:54.137+0000] {processor.py:179} INFO - Processing /home/airflow/.local/lib/python3.8/site-packages/airflow/example_dags/example_python_operator.py took 0.054 seconds
[2023-11-16T08:39:24.260+0000] {processor.py:157} INFO - Started process (PID=1179) to work on /home/airflow/.local/lib/python3.8/site-packages/airflow/example_dags/example_python_operator.py
[2023-11-16T08:39:24.261+0000] {processor.py:829} INFO - Processing file /home/airflow/.local/lib/python3.8/site-packages/airflow/example_dags/example_python_operator.py for tasks to queue
[2023-11-16T08:39:24.262+0000] {logging_mixin.py:151} INFO - [2023-11-16T08:39:24.262+0000] {dagbag.py:536} INFO - Filling up the DagBag from /home/airflow/.local/lib/python3.8/site-packages/airflow/example_dags/example_python_operator.py
[2023-11-16T08:39:24.269+0000] {processor.py:839} INFO - DAG(s) dict_keys(['example_python_operator']) retrieved from /home/airflow/.local/lib/python3.8/site-packages/airflow/example_dags/example_python_operator.py
[2023-11-16T08:39:24.284+0000] {logging_mixin.py:151} INFO - [2023-11-16T08:39:24.284+0000] {dag.py:2941} INFO - Sync 1 DAGs
[2023-11-16T08:39:24.293+0000] {logging_mixin.py:151} INFO - [2023-11-16T08:39:24.293+0000] {dag.py:3722} INFO - Setting next_dagrun for example_python_operator to None, run_after=None
[2023-11-16T08:39:24.305+0000] {processor.py:179} INFO - Processing /home/airflow/.local/lib/python3.8/site-packages/airflow/example_dags/example_python_operator.py took 0.047 seconds
[2023-11-16T08:39:54.335+0000] {processor.py:157} INFO - Started process (PID=1233) to work on /home/airflow/.local/lib/python3.8/site-packages/airflow/example_dags/example_python_operator.py
[2023-11-16T08:39:54.336+0000] {processor.py:829} INFO - Processing file /home/airflow/.local/lib/python3.8/site-packages/airflow/example_dags/example_python_operator.py for tasks to queue
[2023-11-16T08:39:54.338+0000] {logging_mixin.py:151} INFO - [2023-11-16T08:39:54.337+0000] {dagbag.py:536} INFO - Filling up the DagBag from /home/airflow/.local/lib/python3.8/site-packages/airflow/example_dags/example_python_operator.py
[2023-11-16T08:39:54.345+0000] {processor.py:839} INFO - DAG(s) dict_keys(['example_python_operator']) retrieved from /home/airflow/.local/lib/python3.8/site-packages/airflow/example_dags/example_python_operator.py
[2023-11-16T08:39:54.361+0000] {logging_mixin.py:151} INFO - [2023-11-16T08:39:54.361+0000] {dag.py:2941} INFO - Sync 1 DAGs
[2023-11-16T08:39:54.370+0000] {logging_mixin.py:151} INFO - [2023-11-16T08:39:54.370+0000] {dag.py:3722} INFO - Setting next_dagrun for example_python_operator to None, run_after=None
[2023-11-16T08:39:54.384+0000] {processor.py:179} INFO - Processing /home/airflow/.local/lib/python3.8/site-packages/airflow/example_dags/example_python_operator.py took 0.051 seconds
[2023-11-16T08:40:24.475+0000] {processor.py:157} INFO - Started process (PID=1287) to work on /home/airflow/.local/lib/python3.8/site-packages/airflow/example_dags/example_python_operator.py
[2023-11-16T08:40:24.476+0000] {processor.py:829} INFO - Processing file /home/airflow/.local/lib/python3.8/site-packages/airflow/example_dags/example_python_operator.py for tasks to queue
[2023-11-16T08:40:24.478+0000] {logging_mixin.py:151} INFO - [2023-11-16T08:40:24.477+0000] {dagbag.py:536} INFO - Filling up the DagBag from /home/airflow/.local/lib/python3.8/site-packages/airflow/example_dags/example_python_operator.py
[2023-11-16T08:40:24.487+0000] {processor.py:839} INFO - DAG(s) dict_keys(['example_python_operator']) retrieved from /home/airflow/.local/lib/python3.8/site-packages/airflow/example_dags/example_python_operator.py
[2023-11-16T08:40:24.510+0000] {logging_mixin.py:151} INFO - [2023-11-16T08:40:24.510+0000] {dag.py:2941} INFO - Sync 1 DAGs
[2023-11-16T08:40:24.522+0000] {logging_mixin.py:151} INFO - [2023-11-16T08:40:24.522+0000] {dag.py:3722} INFO - Setting next_dagrun for example_python_operator to None, run_after=None
[2023-11-16T08:40:24.540+0000] {processor.py:179} INFO - Processing /home/airflow/.local/lib/python3.8/site-packages/airflow/example_dags/example_python_operator.py took 0.068 seconds
[2023-11-16T08:40:55.274+0000] {processor.py:157} INFO - Started process (PID=1341) to work on /home/airflow/.local/lib/python3.8/site-packages/airflow/example_dags/example_python_operator.py
[2023-11-16T08:40:55.275+0000] {processor.py:829} INFO - Processing file /home/airflow/.local/lib/python3.8/site-packages/airflow/example_dags/example_python_operator.py for tasks to queue
[2023-11-16T08:40:55.276+0000] {logging_mixin.py:151} INFO - [2023-11-16T08:40:55.276+0000] {dagbag.py:536} INFO - Filling up the DagBag from /home/airflow/.local/lib/python3.8/site-packages/airflow/example_dags/example_python_operator.py
[2023-11-16T08:40:55.283+0000] {processor.py:839} INFO - DAG(s) dict_keys(['example_python_operator']) retrieved from /home/airflow/.local/lib/python3.8/site-packages/airflow/example_dags/example_python_operator.py
[2023-11-16T08:40:55.298+0000] {logging_mixin.py:151} INFO - [2023-11-16T08:40:55.298+0000] {dag.py:2941} INFO - Sync 1 DAGs
[2023-11-16T08:40:55.307+0000] {logging_mixin.py:151} INFO - [2023-11-16T08:40:55.307+0000] {dag.py:3722} INFO - Setting next_dagrun for example_python_operator to None, run_after=None
[2023-11-16T08:40:55.321+0000] {processor.py:179} INFO - Processing /home/airflow/.local/lib/python3.8/site-packages/airflow/example_dags/example_python_operator.py took 0.049 seconds
[2023-11-16T08:41:25.422+0000] {processor.py:157} INFO - Started process (PID=1395) to work on /home/airflow/.local/lib/python3.8/site-packages/airflow/example_dags/example_python_operator.py
[2023-11-16T08:41:25.423+0000] {processor.py:829} INFO - Processing file /home/airflow/.local/lib/python3.8/site-packages/airflow/example_dags/example_python_operator.py for tasks to queue
[2023-11-16T08:41:25.424+0000] {logging_mixin.py:151} INFO - [2023-11-16T08:41:25.424+0000] {dagbag.py:536} INFO - Filling up the DagBag from /home/airflow/.local/lib/python3.8/site-packages/airflow/example_dags/example_python_operator.py
[2023-11-16T08:41:25.431+0000] {processor.py:839} INFO - DAG(s) dict_keys(['example_python_operator']) retrieved from /home/airflow/.local/lib/python3.8/site-packages/airflow/example_dags/example_python_operator.py
[2023-11-16T08:41:25.445+0000] {logging_mixin.py:151} INFO - [2023-11-16T08:41:25.445+0000] {dag.py:2941} INFO - Sync 1 DAGs
[2023-11-16T08:41:25.454+0000] {logging_mixin.py:151} INFO - [2023-11-16T08:41:25.454+0000] {dag.py:3722} INFO - Setting next_dagrun for example_python_operator to None, run_after=None
[2023-11-16T08:41:25.466+0000] {processor.py:179} INFO - Processing /home/airflow/.local/lib/python3.8/site-packages/airflow/example_dags/example_python_operator.py took 0.046 seconds
[2023-11-16T08:41:55.581+0000] {processor.py:157} INFO - Started process (PID=1449) to work on /home/airflow/.local/lib/python3.8/site-packages/airflow/example_dags/example_python_operator.py
[2023-11-16T08:41:55.581+0000] {processor.py:829} INFO - Processing file /home/airflow/.local/lib/python3.8/site-packages/airflow/example_dags/example_python_operator.py for tasks to queue
[2023-11-16T08:41:55.583+0000] {logging_mixin.py:151} INFO - [2023-11-16T08:41:55.583+0000] {dagbag.py:536} INFO - Filling up the DagBag from /home/airflow/.local/lib/python3.8/site-packages/airflow/example_dags/example_python_operator.py
[2023-11-16T08:41:55.590+0000] {processor.py:839} INFO - DAG(s) dict_keys(['example_python_operator']) retrieved from /home/airflow/.local/lib/python3.8/site-packages/airflow/example_dags/example_python_operator.py
[2023-11-16T08:41:55.604+0000] {logging_mixin.py:151} INFO - [2023-11-16T08:41:55.604+0000] {dag.py:2941} INFO - Sync 1 DAGs
[2023-11-16T08:41:55.614+0000] {logging_mixin.py:151} INFO - [2023-11-16T08:41:55.613+0000] {dag.py:3722} INFO - Setting next_dagrun for example_python_operator to None, run_after=None
[2023-11-16T08:41:55.626+0000] {processor.py:179} INFO - Processing /home/airflow/.local/lib/python3.8/site-packages/airflow/example_dags/example_python_operator.py took 0.047 seconds
[2023-11-16T08:42:26.488+0000] {processor.py:157} INFO - Started process (PID=1503) to work on /home/airflow/.local/lib/python3.8/site-packages/airflow/example_dags/example_python_operator.py
[2023-11-16T08:42:26.489+0000] {processor.py:829} INFO - Processing file /home/airflow/.local/lib/python3.8/site-packages/airflow/example_dags/example_python_operator.py for tasks to queue
[2023-11-16T08:42:26.490+0000] {logging_mixin.py:151} INFO - [2023-11-16T08:42:26.490+0000] {dagbag.py:536} INFO - Filling up the DagBag from /home/airflow/.local/lib/python3.8/site-packages/airflow/example_dags/example_python_operator.py
[2023-11-16T08:42:26.497+0000] {processor.py:839} INFO - DAG(s) dict_keys(['example_python_operator']) retrieved from /home/airflow/.local/lib/python3.8/site-packages/airflow/example_dags/example_python_operator.py
[2023-11-16T08:42:26.511+0000] {logging_mixin.py:151} INFO - [2023-11-16T08:42:26.511+0000] {dag.py:2941} INFO - Sync 1 DAGs
[2023-11-16T08:42:26.520+0000] {logging_mixin.py:151} INFO - [2023-11-16T08:42:26.520+0000] {dag.py:3722} INFO - Setting next_dagrun for example_python_operator to None, run_after=None
[2023-11-16T08:42:26.535+0000] {processor.py:179} INFO - Processing /home/airflow/.local/lib/python3.8/site-packages/airflow/example_dags/example_python_operator.py took 0.049 seconds
[2023-11-16T08:42:57.280+0000] {processor.py:157} INFO - Started process (PID=1557) to work on /home/airflow/.local/lib/python3.8/site-packages/airflow/example_dags/example_python_operator.py
[2023-11-16T08:42:57.281+0000] {processor.py:829} INFO - Processing file /home/airflow/.local/lib/python3.8/site-packages/airflow/example_dags/example_python_operator.py for tasks to queue
[2023-11-16T08:42:57.282+0000] {logging_mixin.py:151} INFO - [2023-11-16T08:42:57.282+0000] {dagbag.py:536} INFO - Filling up the DagBag from /home/airflow/.local/lib/python3.8/site-packages/airflow/example_dags/example_python_operator.py
[2023-11-16T08:42:57.289+0000] {processor.py:839} INFO - DAG(s) dict_keys(['example_python_operator']) retrieved from /home/airflow/.local/lib/python3.8/site-packages/airflow/example_dags/example_python_operator.py
[2023-11-16T08:42:57.304+0000] {logging_mixin.py:151} INFO - [2023-11-16T08:42:57.304+0000] {dag.py:2941} INFO - Sync 1 DAGs
[2023-11-16T08:42:57.312+0000] {logging_mixin.py:151} INFO - [2023-11-16T08:42:57.312+0000] {dag.py:3722} INFO - Setting next_dagrun for example_python_operator to None, run_after=None
[2023-11-16T08:42:57.324+0000] {processor.py:179} INFO - Processing /home/airflow/.local/lib/python3.8/site-packages/airflow/example_dags/example_python_operator.py took 0.046 seconds
[2023-11-16T08:43:27.856+0000] {processor.py:157} INFO - Started process (PID=1611) to work on /home/airflow/.local/lib/python3.8/site-packages/airflow/example_dags/example_python_operator.py
[2023-11-16T08:43:27.859+0000] {processor.py:829} INFO - Processing file /home/airflow/.local/lib/python3.8/site-packages/airflow/example_dags/example_python_operator.py for tasks to queue
[2023-11-16T08:43:27.860+0000] {logging_mixin.py:151} INFO - [2023-11-16T08:43:27.860+0000] {dagbag.py:536} INFO - Filling up the DagBag from /home/airflow/.local/lib/python3.8/site-packages/airflow/example_dags/example_python_operator.py
[2023-11-16T08:43:27.867+0000] {processor.py:839} INFO - DAG(s) dict_keys(['example_python_operator']) retrieved from /home/airflow/.local/lib/python3.8/site-packages/airflow/example_dags/example_python_operator.py
[2023-11-16T08:43:27.882+0000] {logging_mixin.py:151} INFO - [2023-11-16T08:43:27.882+0000] {dag.py:2941} INFO - Sync 1 DAGs
[2023-11-16T08:43:27.891+0000] {logging_mixin.py:151} INFO - [2023-11-16T08:43:27.891+0000] {dag.py:3722} INFO - Setting next_dagrun for example_python_operator to None, run_after=None
[2023-11-16T08:43:27.905+0000] {processor.py:179} INFO - Processing /home/airflow/.local/lib/python3.8/site-packages/airflow/example_dags/example_python_operator.py took 0.050 seconds
[2023-11-16T08:43:58.261+0000] {processor.py:157} INFO - Started process (PID=1665) to work on /home/airflow/.local/lib/python3.8/site-packages/airflow/example_dags/example_python_operator.py
[2023-11-16T08:43:58.263+0000] {processor.py:829} INFO - Processing file /home/airflow/.local/lib/python3.8/site-packages/airflow/example_dags/example_python_operator.py for tasks to queue
[2023-11-16T08:43:58.264+0000] {logging_mixin.py:151} INFO - [2023-11-16T08:43:58.264+0000] {dagbag.py:536} INFO - Filling up the DagBag from /home/airflow/.local/lib/python3.8/site-packages/airflow/example_dags/example_python_operator.py
[2023-11-16T08:43:58.274+0000] {processor.py:839} INFO - DAG(s) dict_keys(['example_python_operator']) retrieved from /home/airflow/.local/lib/python3.8/site-packages/airflow/example_dags/example_python_operator.py
[2023-11-16T08:43:58.295+0000] {logging_mixin.py:151} INFO - [2023-11-16T08:43:58.294+0000] {dag.py:2941} INFO - Sync 1 DAGs
[2023-11-16T08:43:58.307+0000] {logging_mixin.py:151} INFO - [2023-11-16T08:43:58.306+0000] {dag.py:3722} INFO - Setting next_dagrun for example_python_operator to None, run_after=None
[2023-11-16T08:43:58.325+0000] {processor.py:179} INFO - Processing /home/airflow/.local/lib/python3.8/site-packages/airflow/example_dags/example_python_operator.py took 0.066 seconds
[2023-11-16T08:44:28.448+0000] {processor.py:157} INFO - Started process (PID=1719) to work on /home/airflow/.local/lib/python3.8/site-packages/airflow/example_dags/example_python_operator.py
[2023-11-16T08:44:28.449+0000] {processor.py:829} INFO - Processing file /home/airflow/.local/lib/python3.8/site-packages/airflow/example_dags/example_python_operator.py for tasks to queue
[2023-11-16T08:44:28.451+0000] {logging_mixin.py:151} INFO - [2023-11-16T08:44:28.450+0000] {dagbag.py:536} INFO - Filling up the DagBag from /home/airflow/.local/lib/python3.8/site-packages/airflow/example_dags/example_python_operator.py
[2023-11-16T08:44:28.458+0000] {processor.py:839} INFO - DAG(s) dict_keys(['example_python_operator']) retrieved from /home/airflow/.local/lib/python3.8/site-packages/airflow/example_dags/example_python_operator.py
[2023-11-16T08:44:28.474+0000] {logging_mixin.py:151} INFO - [2023-11-16T08:44:28.474+0000] {dag.py:2941} INFO - Sync 1 DAGs
[2023-11-16T08:44:28.484+0000] {logging_mixin.py:151} INFO - [2023-11-16T08:44:28.484+0000] {dag.py:3722} INFO - Setting next_dagrun for example_python_operator to None, run_after=None
[2023-11-16T08:44:28.501+0000] {processor.py:179} INFO - Processing /home/airflow/.local/lib/python3.8/site-packages/airflow/example_dags/example_python_operator.py took 0.055 seconds
[2023-11-16T08:44:58.582+0000] {processor.py:157} INFO - Started process (PID=1773) to work on /home/airflow/.local/lib/python3.8/site-packages/airflow/example_dags/example_python_operator.py
[2023-11-16T08:44:58.583+0000] {processor.py:829} INFO - Processing file /home/airflow/.local/lib/python3.8/site-packages/airflow/example_dags/example_python_operator.py for tasks to queue
[2023-11-16T08:44:58.585+0000] {logging_mixin.py:151} INFO - [2023-11-16T08:44:58.585+0000] {dagbag.py:536} INFO - Filling up the DagBag from /home/airflow/.local/lib/python3.8/site-packages/airflow/example_dags/example_python_operator.py
[2023-11-16T08:44:58.594+0000] {processor.py:839} INFO - DAG(s) dict_keys(['example_python_operator']) retrieved from /home/airflow/.local/lib/python3.8/site-packages/airflow/example_dags/example_python_operator.py
[2023-11-16T08:44:58.617+0000] {logging_mixin.py:151} INFO - [2023-11-16T08:44:58.617+0000] {dag.py:2941} INFO - Sync 1 DAGs
[2023-11-16T08:44:58.628+0000] {logging_mixin.py:151} INFO - [2023-11-16T08:44:58.628+0000] {dag.py:3722} INFO - Setting next_dagrun for example_python_operator to None, run_after=None
[2023-11-16T08:44:58.644+0000] {processor.py:179} INFO - Processing /home/airflow/.local/lib/python3.8/site-packages/airflow/example_dags/example_python_operator.py took 0.064 seconds
[2023-11-16T08:45:29.464+0000] {processor.py:157} INFO - Started process (PID=1827) to work on /home/airflow/.local/lib/python3.8/site-packages/airflow/example_dags/example_python_operator.py
[2023-11-16T08:45:29.465+0000] {processor.py:829} INFO - Processing file /home/airflow/.local/lib/python3.8/site-packages/airflow/example_dags/example_python_operator.py for tasks to queue
[2023-11-16T08:45:29.466+0000] {logging_mixin.py:151} INFO - [2023-11-16T08:45:29.466+0000] {dagbag.py:536} INFO - Filling up the DagBag from /home/airflow/.local/lib/python3.8/site-packages/airflow/example_dags/example_python_operator.py
[2023-11-16T08:45:29.475+0000] {processor.py:839} INFO - DAG(s) dict_keys(['example_python_operator']) retrieved from /home/airflow/.local/lib/python3.8/site-packages/airflow/example_dags/example_python_operator.py
[2023-11-16T08:45:29.490+0000] {logging_mixin.py:151} INFO - [2023-11-16T08:45:29.490+0000] {dag.py:2941} INFO - Sync 1 DAGs
[2023-11-16T08:45:29.499+0000] {logging_mixin.py:151} INFO - [2023-11-16T08:45:29.499+0000] {dag.py:3722} INFO - Setting next_dagrun for example_python_operator to None, run_after=None
[2023-11-16T08:45:29.512+0000] {processor.py:179} INFO - Processing /home/airflow/.local/lib/python3.8/site-packages/airflow/example_dags/example_python_operator.py took 0.050 seconds
[2023-11-16T08:45:59.816+0000] {processor.py:157} INFO - Started process (PID=1881) to work on /home/airflow/.local/lib/python3.8/site-packages/airflow/example_dags/example_python_operator.py
[2023-11-16T08:45:59.816+0000] {processor.py:829} INFO - Processing file /home/airflow/.local/lib/python3.8/site-packages/airflow/example_dags/example_python_operator.py for tasks to queue
[2023-11-16T08:45:59.818+0000] {logging_mixin.py:151} INFO - [2023-11-16T08:45:59.818+0000] {dagbag.py:536} INFO - Filling up the DagBag from /home/airflow/.local/lib/python3.8/site-packages/airflow/example_dags/example_python_operator.py
[2023-11-16T08:45:59.826+0000] {processor.py:839} INFO - DAG(s) dict_keys(['example_python_operator']) retrieved from /home/airflow/.local/lib/python3.8/site-packages/airflow/example_dags/example_python_operator.py
[2023-11-16T08:45:59.842+0000] {logging_mixin.py:151} INFO - [2023-11-16T08:45:59.842+0000] {dag.py:2941} INFO - Sync 1 DAGs
[2023-11-16T08:45:59.972+0000] {logging_mixin.py:151} INFO - [2023-11-16T08:45:59.972+0000] {dag.py:3722} INFO - Setting next_dagrun for example_python_operator to None, run_after=None
[2023-11-16T08:45:59.984+0000] {processor.py:179} INFO - Processing /home/airflow/.local/lib/python3.8/site-packages/airflow/example_dags/example_python_operator.py took 0.171 seconds
