[2023-11-16T08:28:50.441+0000] {processor.py:157} INFO - Started process (PID=62) to work on /home/airflow/.local/lib/python3.8/site-packages/airflow/example_dags/example_xcomargs.py
[2023-11-16T08:28:50.443+0000] {processor.py:829} INFO - Processing file /home/airflow/.local/lib/python3.8/site-packages/airflow/example_dags/example_xcomargs.py for tasks to queue
[2023-11-16T08:28:50.447+0000] {logging_mixin.py:151} INFO - [2023-11-16T08:28:50.447+0000] {dagbag.py:536} INFO - Filling up the DagBag from /home/airflow/.local/lib/python3.8/site-packages/airflow/example_dags/example_xcomargs.py
[2023-11-16T08:28:50.463+0000] {processor.py:839} INFO - DAG(s) dict_keys(['example_xcom_args_with_operators', 'example_xcom_args']) retrieved from /home/airflow/.local/lib/python3.8/site-packages/airflow/example_dags/example_xcomargs.py
[2023-11-16T08:28:50.506+0000] {logging_mixin.py:151} INFO - [2023-11-16T08:28:50.506+0000] {dag.py:2941} INFO - Sync 2 DAGs
[2023-11-16T08:28:50.524+0000] {logging_mixin.py:151} INFO - [2023-11-16T08:28:50.524+0000] {dag.py:3722} INFO - Setting next_dagrun for example_xcom_args to None, run_after=None
[2023-11-16T08:28:50.528+0000] {logging_mixin.py:151} INFO - [2023-11-16T08:28:50.528+0000] {dag.py:3722} INFO - Setting next_dagrun for example_xcom_args_with_operators to None, run_after=None
[2023-11-16T08:28:50.553+0000] {processor.py:179} INFO - Processing /home/airflow/.local/lib/python3.8/site-packages/airflow/example_dags/example_xcomargs.py took 0.115 seconds
[2023-11-16T08:29:21.097+0000] {processor.py:157} INFO - Started process (PID=116) to work on /home/airflow/.local/lib/python3.8/site-packages/airflow/example_dags/example_xcomargs.py
[2023-11-16T08:29:21.099+0000] {processor.py:829} INFO - Processing file /home/airflow/.local/lib/python3.8/site-packages/airflow/example_dags/example_xcomargs.py for tasks to queue
[2023-11-16T08:29:21.100+0000] {logging_mixin.py:151} INFO - [2023-11-16T08:29:21.100+0000] {dagbag.py:536} INFO - Filling up the DagBag from /home/airflow/.local/lib/python3.8/site-packages/airflow/example_dags/example_xcomargs.py
[2023-11-16T08:29:21.106+0000] {processor.py:839} INFO - DAG(s) dict_keys(['example_xcom_args_with_operators', 'example_xcom_args']) retrieved from /home/airflow/.local/lib/python3.8/site-packages/airflow/example_dags/example_xcomargs.py
[2023-11-16T08:29:21.126+0000] {logging_mixin.py:151} INFO - [2023-11-16T08:29:21.125+0000] {dag.py:2941} INFO - Sync 2 DAGs
[2023-11-16T08:29:21.136+0000] {logging_mixin.py:151} INFO - [2023-11-16T08:29:21.136+0000] {dag.py:3722} INFO - Setting next_dagrun for example_xcom_args to None, run_after=None
[2023-11-16T08:29:21.139+0000] {logging_mixin.py:151} INFO - [2023-11-16T08:29:21.139+0000] {dag.py:3722} INFO - Setting next_dagrun for example_xcom_args_with_operators to None, run_after=None
[2023-11-16T08:29:21.155+0000] {processor.py:179} INFO - Processing /home/airflow/.local/lib/python3.8/site-packages/airflow/example_dags/example_xcomargs.py took 0.060 seconds
[2023-11-16T08:29:51.975+0000] {processor.py:157} INFO - Started process (PID=170) to work on /home/airflow/.local/lib/python3.8/site-packages/airflow/example_dags/example_xcomargs.py
[2023-11-16T08:29:51.976+0000] {processor.py:829} INFO - Processing file /home/airflow/.local/lib/python3.8/site-packages/airflow/example_dags/example_xcomargs.py for tasks to queue
[2023-11-16T08:29:51.978+0000] {logging_mixin.py:151} INFO - [2023-11-16T08:29:51.978+0000] {dagbag.py:536} INFO - Filling up the DagBag from /home/airflow/.local/lib/python3.8/site-packages/airflow/example_dags/example_xcomargs.py
[2023-11-16T08:29:51.983+0000] {processor.py:839} INFO - DAG(s) dict_keys(['example_xcom_args', 'example_xcom_args_with_operators']) retrieved from /home/airflow/.local/lib/python3.8/site-packages/airflow/example_dags/example_xcomargs.py
[2023-11-16T08:29:52.000+0000] {logging_mixin.py:151} INFO - [2023-11-16T08:29:52.000+0000] {dag.py:2941} INFO - Sync 2 DAGs
[2023-11-16T08:29:52.010+0000] {logging_mixin.py:151} INFO - [2023-11-16T08:29:52.010+0000] {dag.py:3722} INFO - Setting next_dagrun for example_xcom_args to None, run_after=None
[2023-11-16T08:29:52.012+0000] {logging_mixin.py:151} INFO - [2023-11-16T08:29:52.012+0000] {dag.py:3722} INFO - Setting next_dagrun for example_xcom_args_with_operators to None, run_after=None
[2023-11-16T08:29:52.024+0000] {processor.py:179} INFO - Processing /home/airflow/.local/lib/python3.8/site-packages/airflow/example_dags/example_xcomargs.py took 0.051 seconds
[2023-11-16T08:30:22.056+0000] {processor.py:157} INFO - Started process (PID=224) to work on /home/airflow/.local/lib/python3.8/site-packages/airflow/example_dags/example_xcomargs.py
[2023-11-16T08:30:22.057+0000] {processor.py:829} INFO - Processing file /home/airflow/.local/lib/python3.8/site-packages/airflow/example_dags/example_xcomargs.py for tasks to queue
[2023-11-16T08:30:22.059+0000] {logging_mixin.py:151} INFO - [2023-11-16T08:30:22.059+0000] {dagbag.py:536} INFO - Filling up the DagBag from /home/airflow/.local/lib/python3.8/site-packages/airflow/example_dags/example_xcomargs.py
[2023-11-16T08:30:22.064+0000] {processor.py:839} INFO - DAG(s) dict_keys(['example_xcom_args_with_operators', 'example_xcom_args']) retrieved from /home/airflow/.local/lib/python3.8/site-packages/airflow/example_dags/example_xcomargs.py
[2023-11-16T08:30:22.082+0000] {logging_mixin.py:151} INFO - [2023-11-16T08:30:22.081+0000] {dag.py:2941} INFO - Sync 2 DAGs
[2023-11-16T08:30:22.091+0000] {logging_mixin.py:151} INFO - [2023-11-16T08:30:22.091+0000] {dag.py:3722} INFO - Setting next_dagrun for example_xcom_args to None, run_after=None
[2023-11-16T08:30:22.094+0000] {logging_mixin.py:151} INFO - [2023-11-16T08:30:22.094+0000] {dag.py:3722} INFO - Setting next_dagrun for example_xcom_args_with_operators to None, run_after=None
[2023-11-16T08:30:22.109+0000] {processor.py:179} INFO - Processing /home/airflow/.local/lib/python3.8/site-packages/airflow/example_dags/example_xcomargs.py took 0.055 seconds
[2023-11-16T08:30:53.102+0000] {processor.py:157} INFO - Started process (PID=278) to work on /home/airflow/.local/lib/python3.8/site-packages/airflow/example_dags/example_xcomargs.py
[2023-11-16T08:30:53.103+0000] {processor.py:829} INFO - Processing file /home/airflow/.local/lib/python3.8/site-packages/airflow/example_dags/example_xcomargs.py for tasks to queue
[2023-11-16T08:30:53.105+0000] {logging_mixin.py:151} INFO - [2023-11-16T08:30:53.104+0000] {dagbag.py:536} INFO - Filling up the DagBag from /home/airflow/.local/lib/python3.8/site-packages/airflow/example_dags/example_xcomargs.py
[2023-11-16T08:30:53.109+0000] {processor.py:839} INFO - DAG(s) dict_keys(['example_xcom_args_with_operators', 'example_xcom_args']) retrieved from /home/airflow/.local/lib/python3.8/site-packages/airflow/example_dags/example_xcomargs.py
[2023-11-16T08:30:53.125+0000] {logging_mixin.py:151} INFO - [2023-11-16T08:30:53.125+0000] {dag.py:2941} INFO - Sync 2 DAGs
[2023-11-16T08:30:53.134+0000] {logging_mixin.py:151} INFO - [2023-11-16T08:30:53.133+0000] {dag.py:3722} INFO - Setting next_dagrun for example_xcom_args to None, run_after=None
[2023-11-16T08:30:53.136+0000] {logging_mixin.py:151} INFO - [2023-11-16T08:30:53.136+0000] {dag.py:3722} INFO - Setting next_dagrun for example_xcom_args_with_operators to None, run_after=None
[2023-11-16T08:30:53.146+0000] {processor.py:179} INFO - Processing /home/airflow/.local/lib/python3.8/site-packages/airflow/example_dags/example_xcomargs.py took 0.047 seconds
[2023-11-16T08:31:23.443+0000] {processor.py:157} INFO - Started process (PID=332) to work on /home/airflow/.local/lib/python3.8/site-packages/airflow/example_dags/example_xcomargs.py
[2023-11-16T08:31:23.444+0000] {processor.py:829} INFO - Processing file /home/airflow/.local/lib/python3.8/site-packages/airflow/example_dags/example_xcomargs.py for tasks to queue
[2023-11-16T08:31:23.446+0000] {logging_mixin.py:151} INFO - [2023-11-16T08:31:23.446+0000] {dagbag.py:536} INFO - Filling up the DagBag from /home/airflow/.local/lib/python3.8/site-packages/airflow/example_dags/example_xcomargs.py
[2023-11-16T08:31:23.451+0000] {processor.py:839} INFO - DAG(s) dict_keys(['example_xcom_args_with_operators', 'example_xcom_args']) retrieved from /home/airflow/.local/lib/python3.8/site-packages/airflow/example_dags/example_xcomargs.py
[2023-11-16T08:31:23.467+0000] {logging_mixin.py:151} INFO - [2023-11-16T08:31:23.467+0000] {dag.py:2941} INFO - Sync 2 DAGs
[2023-11-16T08:31:23.476+0000] {logging_mixin.py:151} INFO - [2023-11-16T08:31:23.476+0000] {dag.py:3722} INFO - Setting next_dagrun for example_xcom_args to None, run_after=None
[2023-11-16T08:31:23.479+0000] {logging_mixin.py:151} INFO - [2023-11-16T08:31:23.479+0000] {dag.py:3722} INFO - Setting next_dagrun for example_xcom_args_with_operators to None, run_after=None
[2023-11-16T08:31:23.491+0000] {processor.py:179} INFO - Processing /home/airflow/.local/lib/python3.8/site-packages/airflow/example_dags/example_xcomargs.py took 0.050 seconds
[2023-11-16T08:31:53.691+0000] {processor.py:157} INFO - Started process (PID=386) to work on /home/airflow/.local/lib/python3.8/site-packages/airflow/example_dags/example_xcomargs.py
[2023-11-16T08:31:53.692+0000] {processor.py:829} INFO - Processing file /home/airflow/.local/lib/python3.8/site-packages/airflow/example_dags/example_xcomargs.py for tasks to queue
[2023-11-16T08:31:53.694+0000] {logging_mixin.py:151} INFO - [2023-11-16T08:31:53.694+0000] {dagbag.py:536} INFO - Filling up the DagBag from /home/airflow/.local/lib/python3.8/site-packages/airflow/example_dags/example_xcomargs.py
[2023-11-16T08:31:53.699+0000] {processor.py:839} INFO - DAG(s) dict_keys(['example_xcom_args', 'example_xcom_args_with_operators']) retrieved from /home/airflow/.local/lib/python3.8/site-packages/airflow/example_dags/example_xcomargs.py
[2023-11-16T08:31:53.715+0000] {logging_mixin.py:151} INFO - [2023-11-16T08:31:53.715+0000] {dag.py:2941} INFO - Sync 2 DAGs
[2023-11-16T08:31:53.725+0000] {logging_mixin.py:151} INFO - [2023-11-16T08:31:53.725+0000] {dag.py:3722} INFO - Setting next_dagrun for example_xcom_args to None, run_after=None
[2023-11-16T08:31:53.728+0000] {logging_mixin.py:151} INFO - [2023-11-16T08:31:53.728+0000] {dag.py:3722} INFO - Setting next_dagrun for example_xcom_args_with_operators to None, run_after=None
[2023-11-16T08:31:53.741+0000] {processor.py:179} INFO - Processing /home/airflow/.local/lib/python3.8/site-packages/airflow/example_dags/example_xcomargs.py took 0.051 seconds
[2023-11-16T08:32:23.819+0000] {processor.py:157} INFO - Started process (PID=440) to work on /home/airflow/.local/lib/python3.8/site-packages/airflow/example_dags/example_xcomargs.py
[2023-11-16T08:32:23.820+0000] {processor.py:829} INFO - Processing file /home/airflow/.local/lib/python3.8/site-packages/airflow/example_dags/example_xcomargs.py for tasks to queue
[2023-11-16T08:32:23.821+0000] {logging_mixin.py:151} INFO - [2023-11-16T08:32:23.821+0000] {dagbag.py:536} INFO - Filling up the DagBag from /home/airflow/.local/lib/python3.8/site-packages/airflow/example_dags/example_xcomargs.py
[2023-11-16T08:32:23.826+0000] {processor.py:839} INFO - DAG(s) dict_keys(['example_xcom_args', 'example_xcom_args_with_operators']) retrieved from /home/airflow/.local/lib/python3.8/site-packages/airflow/example_dags/example_xcomargs.py
[2023-11-16T08:32:23.841+0000] {logging_mixin.py:151} INFO - [2023-11-16T08:32:23.841+0000] {dag.py:2941} INFO - Sync 2 DAGs
[2023-11-16T08:32:23.850+0000] {logging_mixin.py:151} INFO - [2023-11-16T08:32:23.850+0000] {dag.py:3722} INFO - Setting next_dagrun for example_xcom_args to None, run_after=None
[2023-11-16T08:32:23.852+0000] {logging_mixin.py:151} INFO - [2023-11-16T08:32:23.852+0000] {dag.py:3722} INFO - Setting next_dagrun for example_xcom_args_with_operators to None, run_after=None
[2023-11-16T08:32:23.863+0000] {processor.py:179} INFO - Processing /home/airflow/.local/lib/python3.8/site-packages/airflow/example_dags/example_xcomargs.py took 0.046 seconds
[2023-11-16T08:32:54.120+0000] {processor.py:157} INFO - Started process (PID=494) to work on /home/airflow/.local/lib/python3.8/site-packages/airflow/example_dags/example_xcomargs.py
[2023-11-16T08:32:54.121+0000] {processor.py:829} INFO - Processing file /home/airflow/.local/lib/python3.8/site-packages/airflow/example_dags/example_xcomargs.py for tasks to queue
[2023-11-16T08:32:54.122+0000] {logging_mixin.py:151} INFO - [2023-11-16T08:32:54.122+0000] {dagbag.py:536} INFO - Filling up the DagBag from /home/airflow/.local/lib/python3.8/site-packages/airflow/example_dags/example_xcomargs.py
[2023-11-16T08:32:54.127+0000] {processor.py:839} INFO - DAG(s) dict_keys(['example_xcom_args_with_operators', 'example_xcom_args']) retrieved from /home/airflow/.local/lib/python3.8/site-packages/airflow/example_dags/example_xcomargs.py
[2023-11-16T08:32:54.143+0000] {logging_mixin.py:151} INFO - [2023-11-16T08:32:54.143+0000] {dag.py:2941} INFO - Sync 2 DAGs
[2023-11-16T08:32:54.152+0000] {logging_mixin.py:151} INFO - [2023-11-16T08:32:54.152+0000] {dag.py:3722} INFO - Setting next_dagrun for example_xcom_args to None, run_after=None
[2023-11-16T08:32:54.154+0000] {logging_mixin.py:151} INFO - [2023-11-16T08:32:54.154+0000] {dag.py:3722} INFO - Setting next_dagrun for example_xcom_args_with_operators to None, run_after=None
[2023-11-16T08:32:54.165+0000] {processor.py:179} INFO - Processing /home/airflow/.local/lib/python3.8/site-packages/airflow/example_dags/example_xcomargs.py took 0.048 seconds
[2023-11-16T08:33:24.506+0000] {processor.py:157} INFO - Started process (PID=548) to work on /home/airflow/.local/lib/python3.8/site-packages/airflow/example_dags/example_xcomargs.py
[2023-11-16T08:33:24.507+0000] {processor.py:829} INFO - Processing file /home/airflow/.local/lib/python3.8/site-packages/airflow/example_dags/example_xcomargs.py for tasks to queue
[2023-11-16T08:33:24.508+0000] {logging_mixin.py:151} INFO - [2023-11-16T08:33:24.508+0000] {dagbag.py:536} INFO - Filling up the DagBag from /home/airflow/.local/lib/python3.8/site-packages/airflow/example_dags/example_xcomargs.py
[2023-11-16T08:33:24.513+0000] {processor.py:839} INFO - DAG(s) dict_keys(['example_xcom_args', 'example_xcom_args_with_operators']) retrieved from /home/airflow/.local/lib/python3.8/site-packages/airflow/example_dags/example_xcomargs.py
[2023-11-16T08:33:24.528+0000] {logging_mixin.py:151} INFO - [2023-11-16T08:33:24.528+0000] {dag.py:2941} INFO - Sync 2 DAGs
[2023-11-16T08:33:24.537+0000] {logging_mixin.py:151} INFO - [2023-11-16T08:33:24.537+0000] {dag.py:3722} INFO - Setting next_dagrun for example_xcom_args to None, run_after=None
[2023-11-16T08:33:24.540+0000] {logging_mixin.py:151} INFO - [2023-11-16T08:33:24.539+0000] {dag.py:3722} INFO - Setting next_dagrun for example_xcom_args_with_operators to None, run_after=None
[2023-11-16T08:33:24.551+0000] {processor.py:179} INFO - Processing /home/airflow/.local/lib/python3.8/site-packages/airflow/example_dags/example_xcomargs.py took 0.047 seconds
[2023-11-16T08:33:54.676+0000] {processor.py:157} INFO - Started process (PID=602) to work on /home/airflow/.local/lib/python3.8/site-packages/airflow/example_dags/example_xcomargs.py
[2023-11-16T08:33:54.677+0000] {processor.py:829} INFO - Processing file /home/airflow/.local/lib/python3.8/site-packages/airflow/example_dags/example_xcomargs.py for tasks to queue
[2023-11-16T08:33:54.679+0000] {logging_mixin.py:151} INFO - [2023-11-16T08:33:54.678+0000] {dagbag.py:536} INFO - Filling up the DagBag from /home/airflow/.local/lib/python3.8/site-packages/airflow/example_dags/example_xcomargs.py
[2023-11-16T08:33:54.684+0000] {processor.py:839} INFO - DAG(s) dict_keys(['example_xcom_args', 'example_xcom_args_with_operators']) retrieved from /home/airflow/.local/lib/python3.8/site-packages/airflow/example_dags/example_xcomargs.py
[2023-11-16T08:33:54.701+0000] {logging_mixin.py:151} INFO - [2023-11-16T08:33:54.701+0000] {dag.py:2941} INFO - Sync 2 DAGs
[2023-11-16T08:33:54.711+0000] {logging_mixin.py:151} INFO - [2023-11-16T08:33:54.711+0000] {dag.py:3722} INFO - Setting next_dagrun for example_xcom_args to None, run_after=None
[2023-11-16T08:33:54.714+0000] {logging_mixin.py:151} INFO - [2023-11-16T08:33:54.714+0000] {dag.py:3722} INFO - Setting next_dagrun for example_xcom_args_with_operators to None, run_after=None
[2023-11-16T08:33:54.727+0000] {processor.py:179} INFO - Processing /home/airflow/.local/lib/python3.8/site-packages/airflow/example_dags/example_xcomargs.py took 0.053 seconds
[2023-11-16T08:34:25.096+0000] {processor.py:157} INFO - Started process (PID=656) to work on /home/airflow/.local/lib/python3.8/site-packages/airflow/example_dags/example_xcomargs.py
[2023-11-16T08:34:25.097+0000] {processor.py:829} INFO - Processing file /home/airflow/.local/lib/python3.8/site-packages/airflow/example_dags/example_xcomargs.py for tasks to queue
[2023-11-16T08:34:25.099+0000] {logging_mixin.py:151} INFO - [2023-11-16T08:34:25.099+0000] {dagbag.py:536} INFO - Filling up the DagBag from /home/airflow/.local/lib/python3.8/site-packages/airflow/example_dags/example_xcomargs.py
[2023-11-16T08:34:25.105+0000] {processor.py:839} INFO - DAG(s) dict_keys(['example_xcom_args', 'example_xcom_args_with_operators']) retrieved from /home/airflow/.local/lib/python3.8/site-packages/airflow/example_dags/example_xcomargs.py
[2023-11-16T08:34:25.123+0000] {logging_mixin.py:151} INFO - [2023-11-16T08:34:25.123+0000] {dag.py:2941} INFO - Sync 2 DAGs
[2023-11-16T08:34:25.132+0000] {logging_mixin.py:151} INFO - [2023-11-16T08:34:25.132+0000] {dag.py:3722} INFO - Setting next_dagrun for example_xcom_args to None, run_after=None
[2023-11-16T08:34:25.135+0000] {logging_mixin.py:151} INFO - [2023-11-16T08:34:25.135+0000] {dag.py:3722} INFO - Setting next_dagrun for example_xcom_args_with_operators to None, run_after=None
[2023-11-16T08:34:25.148+0000] {processor.py:179} INFO - Processing /home/airflow/.local/lib/python3.8/site-packages/airflow/example_dags/example_xcomargs.py took 0.054 seconds
[2023-11-16T08:34:55.276+0000] {processor.py:157} INFO - Started process (PID=710) to work on /home/airflow/.local/lib/python3.8/site-packages/airflow/example_dags/example_xcomargs.py
[2023-11-16T08:34:55.276+0000] {processor.py:829} INFO - Processing file /home/airflow/.local/lib/python3.8/site-packages/airflow/example_dags/example_xcomargs.py for tasks to queue
[2023-11-16T08:34:55.278+0000] {logging_mixin.py:151} INFO - [2023-11-16T08:34:55.278+0000] {dagbag.py:536} INFO - Filling up the DagBag from /home/airflow/.local/lib/python3.8/site-packages/airflow/example_dags/example_xcomargs.py
[2023-11-16T08:34:55.285+0000] {processor.py:839} INFO - DAG(s) dict_keys(['example_xcom_args_with_operators', 'example_xcom_args']) retrieved from /home/airflow/.local/lib/python3.8/site-packages/airflow/example_dags/example_xcomargs.py
[2023-11-16T08:34:55.303+0000] {logging_mixin.py:151} INFO - [2023-11-16T08:34:55.303+0000] {dag.py:2941} INFO - Sync 2 DAGs
[2023-11-16T08:34:55.312+0000] {logging_mixin.py:151} INFO - [2023-11-16T08:34:55.312+0000] {dag.py:3722} INFO - Setting next_dagrun for example_xcom_args to None, run_after=None
[2023-11-16T08:34:55.314+0000] {logging_mixin.py:151} INFO - [2023-11-16T08:34:55.314+0000] {dag.py:3722} INFO - Setting next_dagrun for example_xcom_args_with_operators to None, run_after=None
[2023-11-16T08:34:55.327+0000] {processor.py:179} INFO - Processing /home/airflow/.local/lib/python3.8/site-packages/airflow/example_dags/example_xcomargs.py took 0.053 seconds
[2023-11-16T08:35:26.174+0000] {processor.py:157} INFO - Started process (PID=764) to work on /home/airflow/.local/lib/python3.8/site-packages/airflow/example_dags/example_xcomargs.py
[2023-11-16T08:35:26.175+0000] {processor.py:829} INFO - Processing file /home/airflow/.local/lib/python3.8/site-packages/airflow/example_dags/example_xcomargs.py for tasks to queue
[2023-11-16T08:35:26.176+0000] {logging_mixin.py:151} INFO - [2023-11-16T08:35:26.176+0000] {dagbag.py:536} INFO - Filling up the DagBag from /home/airflow/.local/lib/python3.8/site-packages/airflow/example_dags/example_xcomargs.py
[2023-11-16T08:35:26.181+0000] {processor.py:839} INFO - DAG(s) dict_keys(['example_xcom_args', 'example_xcom_args_with_operators']) retrieved from /home/airflow/.local/lib/python3.8/site-packages/airflow/example_dags/example_xcomargs.py
[2023-11-16T08:35:26.198+0000] {logging_mixin.py:151} INFO - [2023-11-16T08:35:26.197+0000] {dag.py:2941} INFO - Sync 2 DAGs
[2023-11-16T08:35:26.207+0000] {logging_mixin.py:151} INFO - [2023-11-16T08:35:26.207+0000] {dag.py:3722} INFO - Setting next_dagrun for example_xcom_args to None, run_after=None
[2023-11-16T08:35:26.210+0000] {logging_mixin.py:151} INFO - [2023-11-16T08:35:26.210+0000] {dag.py:3722} INFO - Setting next_dagrun for example_xcom_args_with_operators to None, run_after=None
[2023-11-16T08:35:26.221+0000] {processor.py:179} INFO - Processing /home/airflow/.local/lib/python3.8/site-packages/airflow/example_dags/example_xcomargs.py took 0.049 seconds
[2023-11-16T08:35:56.385+0000] {processor.py:157} INFO - Started process (PID=818) to work on /home/airflow/.local/lib/python3.8/site-packages/airflow/example_dags/example_xcomargs.py
[2023-11-16T08:35:56.386+0000] {processor.py:829} INFO - Processing file /home/airflow/.local/lib/python3.8/site-packages/airflow/example_dags/example_xcomargs.py for tasks to queue
[2023-11-16T08:35:56.387+0000] {logging_mixin.py:151} INFO - [2023-11-16T08:35:56.387+0000] {dagbag.py:536} INFO - Filling up the DagBag from /home/airflow/.local/lib/python3.8/site-packages/airflow/example_dags/example_xcomargs.py
[2023-11-16T08:35:56.392+0000] {processor.py:839} INFO - DAG(s) dict_keys(['example_xcom_args', 'example_xcom_args_with_operators']) retrieved from /home/airflow/.local/lib/python3.8/site-packages/airflow/example_dags/example_xcomargs.py
[2023-11-16T08:35:56.409+0000] {logging_mixin.py:151} INFO - [2023-11-16T08:35:56.409+0000] {dag.py:2941} INFO - Sync 2 DAGs
[2023-11-16T08:35:56.419+0000] {logging_mixin.py:151} INFO - [2023-11-16T08:35:56.419+0000] {dag.py:3722} INFO - Setting next_dagrun for example_xcom_args to None, run_after=None
[2023-11-16T08:35:56.421+0000] {logging_mixin.py:151} INFO - [2023-11-16T08:35:56.421+0000] {dag.py:3722} INFO - Setting next_dagrun for example_xcom_args_with_operators to None, run_after=None
[2023-11-16T08:35:56.432+0000] {processor.py:179} INFO - Processing /home/airflow/.local/lib/python3.8/site-packages/airflow/example_dags/example_xcomargs.py took 0.049 seconds
[2023-11-16T08:36:26.553+0000] {processor.py:157} INFO - Started process (PID=872) to work on /home/airflow/.local/lib/python3.8/site-packages/airflow/example_dags/example_xcomargs.py
[2023-11-16T08:36:26.554+0000] {processor.py:829} INFO - Processing file /home/airflow/.local/lib/python3.8/site-packages/airflow/example_dags/example_xcomargs.py for tasks to queue
[2023-11-16T08:36:26.556+0000] {logging_mixin.py:151} INFO - [2023-11-16T08:36:26.556+0000] {dagbag.py:536} INFO - Filling up the DagBag from /home/airflow/.local/lib/python3.8/site-packages/airflow/example_dags/example_xcomargs.py
[2023-11-16T08:36:26.561+0000] {processor.py:839} INFO - DAG(s) dict_keys(['example_xcom_args', 'example_xcom_args_with_operators']) retrieved from /home/airflow/.local/lib/python3.8/site-packages/airflow/example_dags/example_xcomargs.py
[2023-11-16T08:36:26.576+0000] {logging_mixin.py:151} INFO - [2023-11-16T08:36:26.576+0000] {dag.py:2941} INFO - Sync 2 DAGs
[2023-11-16T08:36:26.585+0000] {logging_mixin.py:151} INFO - [2023-11-16T08:36:26.584+0000] {dag.py:3722} INFO - Setting next_dagrun for example_xcom_args to None, run_after=None
[2023-11-16T08:36:26.587+0000] {logging_mixin.py:151} INFO - [2023-11-16T08:36:26.587+0000] {dag.py:3722} INFO - Setting next_dagrun for example_xcom_args_with_operators to None, run_after=None
[2023-11-16T08:36:26.598+0000] {processor.py:179} INFO - Processing /home/airflow/.local/lib/python3.8/site-packages/airflow/example_dags/example_xcomargs.py took 0.048 seconds
[2023-11-16T08:36:56.763+0000] {processor.py:157} INFO - Started process (PID=926) to work on /home/airflow/.local/lib/python3.8/site-packages/airflow/example_dags/example_xcomargs.py
[2023-11-16T08:36:56.764+0000] {processor.py:829} INFO - Processing file /home/airflow/.local/lib/python3.8/site-packages/airflow/example_dags/example_xcomargs.py for tasks to queue
[2023-11-16T08:36:56.766+0000] {logging_mixin.py:151} INFO - [2023-11-16T08:36:56.765+0000] {dagbag.py:536} INFO - Filling up the DagBag from /home/airflow/.local/lib/python3.8/site-packages/airflow/example_dags/example_xcomargs.py
[2023-11-16T08:36:56.771+0000] {processor.py:839} INFO - DAG(s) dict_keys(['example_xcom_args_with_operators', 'example_xcom_args']) retrieved from /home/airflow/.local/lib/python3.8/site-packages/airflow/example_dags/example_xcomargs.py
[2023-11-16T08:36:56.787+0000] {logging_mixin.py:151} INFO - [2023-11-16T08:36:56.787+0000] {dag.py:2941} INFO - Sync 2 DAGs
[2023-11-16T08:36:56.798+0000] {logging_mixin.py:151} INFO - [2023-11-16T08:36:56.797+0000] {dag.py:3722} INFO - Setting next_dagrun for example_xcom_args to None, run_after=None
[2023-11-16T08:36:56.800+0000] {logging_mixin.py:151} INFO - [2023-11-16T08:36:56.800+0000] {dag.py:3722} INFO - Setting next_dagrun for example_xcom_args_with_operators to None, run_after=None
[2023-11-16T08:36:56.812+0000] {processor.py:179} INFO - Processing /home/airflow/.local/lib/python3.8/site-packages/airflow/example_dags/example_xcomargs.py took 0.052 seconds
[2023-11-16T08:37:26.920+0000] {processor.py:157} INFO - Started process (PID=980) to work on /home/airflow/.local/lib/python3.8/site-packages/airflow/example_dags/example_xcomargs.py
[2023-11-16T08:37:26.921+0000] {processor.py:829} INFO - Processing file /home/airflow/.local/lib/python3.8/site-packages/airflow/example_dags/example_xcomargs.py for tasks to queue
[2023-11-16T08:37:26.922+0000] {logging_mixin.py:151} INFO - [2023-11-16T08:37:26.922+0000] {dagbag.py:536} INFO - Filling up the DagBag from /home/airflow/.local/lib/python3.8/site-packages/airflow/example_dags/example_xcomargs.py
[2023-11-16T08:37:26.927+0000] {processor.py:839} INFO - DAG(s) dict_keys(['example_xcom_args', 'example_xcom_args_with_operators']) retrieved from /home/airflow/.local/lib/python3.8/site-packages/airflow/example_dags/example_xcomargs.py
[2023-11-16T08:37:26.943+0000] {logging_mixin.py:151} INFO - [2023-11-16T08:37:26.943+0000] {dag.py:2941} INFO - Sync 2 DAGs
[2023-11-16T08:37:26.953+0000] {logging_mixin.py:151} INFO - [2023-11-16T08:37:26.953+0000] {dag.py:3722} INFO - Setting next_dagrun for example_xcom_args to None, run_after=None
[2023-11-16T08:37:26.956+0000] {logging_mixin.py:151} INFO - [2023-11-16T08:37:26.956+0000] {dag.py:3722} INFO - Setting next_dagrun for example_xcom_args_with_operators to None, run_after=None
[2023-11-16T08:37:26.968+0000] {processor.py:179} INFO - Processing /home/airflow/.local/lib/python3.8/site-packages/airflow/example_dags/example_xcomargs.py took 0.050 seconds
[2023-11-16T08:37:57.140+0000] {processor.py:157} INFO - Started process (PID=1034) to work on /home/airflow/.local/lib/python3.8/site-packages/airflow/example_dags/example_xcomargs.py
[2023-11-16T08:37:57.140+0000] {processor.py:829} INFO - Processing file /home/airflow/.local/lib/python3.8/site-packages/airflow/example_dags/example_xcomargs.py for tasks to queue
[2023-11-16T08:37:57.142+0000] {logging_mixin.py:151} INFO - [2023-11-16T08:37:57.142+0000] {dagbag.py:536} INFO - Filling up the DagBag from /home/airflow/.local/lib/python3.8/site-packages/airflow/example_dags/example_xcomargs.py
[2023-11-16T08:37:57.148+0000] {processor.py:839} INFO - DAG(s) dict_keys(['example_xcom_args_with_operators', 'example_xcom_args']) retrieved from /home/airflow/.local/lib/python3.8/site-packages/airflow/example_dags/example_xcomargs.py
[2023-11-16T08:37:57.165+0000] {logging_mixin.py:151} INFO - [2023-11-16T08:37:57.164+0000] {dag.py:2941} INFO - Sync 2 DAGs
[2023-11-16T08:37:57.174+0000] {logging_mixin.py:151} INFO - [2023-11-16T08:37:57.174+0000] {dag.py:3722} INFO - Setting next_dagrun for example_xcom_args to None, run_after=None
[2023-11-16T08:37:57.177+0000] {logging_mixin.py:151} INFO - [2023-11-16T08:37:57.177+0000] {dag.py:3722} INFO - Setting next_dagrun for example_xcom_args_with_operators to None, run_after=None
[2023-11-16T08:37:57.188+0000] {processor.py:179} INFO - Processing /home/airflow/.local/lib/python3.8/site-packages/airflow/example_dags/example_xcomargs.py took 0.051 seconds
[2023-11-16T08:38:27.461+0000] {processor.py:157} INFO - Started process (PID=1088) to work on /home/airflow/.local/lib/python3.8/site-packages/airflow/example_dags/example_xcomargs.py
[2023-11-16T08:38:27.462+0000] {processor.py:829} INFO - Processing file /home/airflow/.local/lib/python3.8/site-packages/airflow/example_dags/example_xcomargs.py for tasks to queue
[2023-11-16T08:38:27.464+0000] {logging_mixin.py:151} INFO - [2023-11-16T08:38:27.464+0000] {dagbag.py:536} INFO - Filling up the DagBag from /home/airflow/.local/lib/python3.8/site-packages/airflow/example_dags/example_xcomargs.py
[2023-11-16T08:38:27.470+0000] {processor.py:839} INFO - DAG(s) dict_keys(['example_xcom_args', 'example_xcom_args_with_operators']) retrieved from /home/airflow/.local/lib/python3.8/site-packages/airflow/example_dags/example_xcomargs.py
[2023-11-16T08:38:27.490+0000] {logging_mixin.py:151} INFO - [2023-11-16T08:38:27.490+0000] {dag.py:2941} INFO - Sync 2 DAGs
[2023-11-16T08:38:27.501+0000] {logging_mixin.py:151} INFO - [2023-11-16T08:38:27.501+0000] {dag.py:3722} INFO - Setting next_dagrun for example_xcom_args to None, run_after=None
[2023-11-16T08:38:27.505+0000] {logging_mixin.py:151} INFO - [2023-11-16T08:38:27.505+0000] {dag.py:3722} INFO - Setting next_dagrun for example_xcom_args_with_operators to None, run_after=None
[2023-11-16T08:38:27.517+0000] {processor.py:179} INFO - Processing /home/airflow/.local/lib/python3.8/site-packages/airflow/example_dags/example_xcomargs.py took 0.059 seconds
[2023-11-16T08:38:57.694+0000] {processor.py:157} INFO - Started process (PID=1142) to work on /home/airflow/.local/lib/python3.8/site-packages/airflow/example_dags/example_xcomargs.py
[2023-11-16T08:38:57.695+0000] {processor.py:829} INFO - Processing file /home/airflow/.local/lib/python3.8/site-packages/airflow/example_dags/example_xcomargs.py for tasks to queue
[2023-11-16T08:38:57.696+0000] {logging_mixin.py:151} INFO - [2023-11-16T08:38:57.696+0000] {dagbag.py:536} INFO - Filling up the DagBag from /home/airflow/.local/lib/python3.8/site-packages/airflow/example_dags/example_xcomargs.py
[2023-11-16T08:38:57.702+0000] {processor.py:839} INFO - DAG(s) dict_keys(['example_xcom_args_with_operators', 'example_xcom_args']) retrieved from /home/airflow/.local/lib/python3.8/site-packages/airflow/example_dags/example_xcomargs.py
[2023-11-16T08:38:57.719+0000] {logging_mixin.py:151} INFO - [2023-11-16T08:38:57.719+0000] {dag.py:2941} INFO - Sync 2 DAGs
[2023-11-16T08:38:57.728+0000] {logging_mixin.py:151} INFO - [2023-11-16T08:38:57.728+0000] {dag.py:3722} INFO - Setting next_dagrun for example_xcom_args to None, run_after=None
[2023-11-16T08:38:57.731+0000] {logging_mixin.py:151} INFO - [2023-11-16T08:38:57.731+0000] {dag.py:3722} INFO - Setting next_dagrun for example_xcom_args_with_operators to None, run_after=None
[2023-11-16T08:38:57.743+0000] {processor.py:179} INFO - Processing /home/airflow/.local/lib/python3.8/site-packages/airflow/example_dags/example_xcomargs.py took 0.051 seconds
[2023-11-16T08:39:27.854+0000] {processor.py:157} INFO - Started process (PID=1196) to work on /home/airflow/.local/lib/python3.8/site-packages/airflow/example_dags/example_xcomargs.py
[2023-11-16T08:39:27.855+0000] {processor.py:829} INFO - Processing file /home/airflow/.local/lib/python3.8/site-packages/airflow/example_dags/example_xcomargs.py for tasks to queue
[2023-11-16T08:39:27.856+0000] {logging_mixin.py:151} INFO - [2023-11-16T08:39:27.856+0000] {dagbag.py:536} INFO - Filling up the DagBag from /home/airflow/.local/lib/python3.8/site-packages/airflow/example_dags/example_xcomargs.py
[2023-11-16T08:39:27.861+0000] {processor.py:839} INFO - DAG(s) dict_keys(['example_xcom_args_with_operators', 'example_xcom_args']) retrieved from /home/airflow/.local/lib/python3.8/site-packages/airflow/example_dags/example_xcomargs.py
[2023-11-16T08:39:27.876+0000] {logging_mixin.py:151} INFO - [2023-11-16T08:39:27.876+0000] {dag.py:2941} INFO - Sync 2 DAGs
[2023-11-16T08:39:27.884+0000] {logging_mixin.py:151} INFO - [2023-11-16T08:39:27.884+0000] {dag.py:3722} INFO - Setting next_dagrun for example_xcom_args to None, run_after=None
[2023-11-16T08:39:27.887+0000] {logging_mixin.py:151} INFO - [2023-11-16T08:39:27.887+0000] {dag.py:3722} INFO - Setting next_dagrun for example_xcom_args_with_operators to None, run_after=None
[2023-11-16T08:39:27.899+0000] {processor.py:179} INFO - Processing /home/airflow/.local/lib/python3.8/site-packages/airflow/example_dags/example_xcomargs.py took 0.047 seconds
[2023-11-16T08:39:58.053+0000] {processor.py:157} INFO - Started process (PID=1250) to work on /home/airflow/.local/lib/python3.8/site-packages/airflow/example_dags/example_xcomargs.py
[2023-11-16T08:39:58.054+0000] {processor.py:829} INFO - Processing file /home/airflow/.local/lib/python3.8/site-packages/airflow/example_dags/example_xcomargs.py for tasks to queue
[2023-11-16T08:39:58.056+0000] {logging_mixin.py:151} INFO - [2023-11-16T08:39:58.056+0000] {dagbag.py:536} INFO - Filling up the DagBag from /home/airflow/.local/lib/python3.8/site-packages/airflow/example_dags/example_xcomargs.py
[2023-11-16T08:39:58.061+0000] {processor.py:839} INFO - DAG(s) dict_keys(['example_xcom_args', 'example_xcom_args_with_operators']) retrieved from /home/airflow/.local/lib/python3.8/site-packages/airflow/example_dags/example_xcomargs.py
[2023-11-16T08:39:58.076+0000] {logging_mixin.py:151} INFO - [2023-11-16T08:39:58.076+0000] {dag.py:2941} INFO - Sync 2 DAGs
[2023-11-16T08:39:58.085+0000] {logging_mixin.py:151} INFO - [2023-11-16T08:39:58.085+0000] {dag.py:3722} INFO - Setting next_dagrun for example_xcom_args to None, run_after=None
[2023-11-16T08:39:58.088+0000] {logging_mixin.py:151} INFO - [2023-11-16T08:39:58.088+0000] {dag.py:3722} INFO - Setting next_dagrun for example_xcom_args_with_operators to None, run_after=None
[2023-11-16T08:39:58.099+0000] {processor.py:179} INFO - Processing /home/airflow/.local/lib/python3.8/site-packages/airflow/example_dags/example_xcomargs.py took 0.048 seconds
[2023-11-16T08:40:29.026+0000] {processor.py:157} INFO - Started process (PID=1304) to work on /home/airflow/.local/lib/python3.8/site-packages/airflow/example_dags/example_xcomargs.py
[2023-11-16T08:40:29.027+0000] {processor.py:829} INFO - Processing file /home/airflow/.local/lib/python3.8/site-packages/airflow/example_dags/example_xcomargs.py for tasks to queue
[2023-11-16T08:40:29.028+0000] {logging_mixin.py:151} INFO - [2023-11-16T08:40:29.028+0000] {dagbag.py:536} INFO - Filling up the DagBag from /home/airflow/.local/lib/python3.8/site-packages/airflow/example_dags/example_xcomargs.py
[2023-11-16T08:40:29.033+0000] {processor.py:839} INFO - DAG(s) dict_keys(['example_xcom_args_with_operators', 'example_xcom_args']) retrieved from /home/airflow/.local/lib/python3.8/site-packages/airflow/example_dags/example_xcomargs.py
[2023-11-16T08:40:29.048+0000] {logging_mixin.py:151} INFO - [2023-11-16T08:40:29.048+0000] {dag.py:2941} INFO - Sync 2 DAGs
[2023-11-16T08:40:29.057+0000] {logging_mixin.py:151} INFO - [2023-11-16T08:40:29.057+0000] {dag.py:3722} INFO - Setting next_dagrun for example_xcom_args to None, run_after=None
[2023-11-16T08:40:29.060+0000] {logging_mixin.py:151} INFO - [2023-11-16T08:40:29.060+0000] {dag.py:3722} INFO - Setting next_dagrun for example_xcom_args_with_operators to None, run_after=None
[2023-11-16T08:40:29.071+0000] {processor.py:179} INFO - Processing /home/airflow/.local/lib/python3.8/site-packages/airflow/example_dags/example_xcomargs.py took 0.047 seconds
[2023-11-16T08:40:59.905+0000] {processor.py:157} INFO - Started process (PID=1358) to work on /home/airflow/.local/lib/python3.8/site-packages/airflow/example_dags/example_xcomargs.py
[2023-11-16T08:40:59.906+0000] {processor.py:829} INFO - Processing file /home/airflow/.local/lib/python3.8/site-packages/airflow/example_dags/example_xcomargs.py for tasks to queue
[2023-11-16T08:40:59.907+0000] {logging_mixin.py:151} INFO - [2023-11-16T08:40:59.907+0000] {dagbag.py:536} INFO - Filling up the DagBag from /home/airflow/.local/lib/python3.8/site-packages/airflow/example_dags/example_xcomargs.py
[2023-11-16T08:40:59.913+0000] {processor.py:839} INFO - DAG(s) dict_keys(['example_xcom_args_with_operators', 'example_xcom_args']) retrieved from /home/airflow/.local/lib/python3.8/site-packages/airflow/example_dags/example_xcomargs.py
[2023-11-16T08:40:59.927+0000] {logging_mixin.py:151} INFO - [2023-11-16T08:40:59.927+0000] {dag.py:2941} INFO - Sync 2 DAGs
[2023-11-16T08:40:59.936+0000] {logging_mixin.py:151} INFO - [2023-11-16T08:40:59.936+0000] {dag.py:3722} INFO - Setting next_dagrun for example_xcom_args to None, run_after=None
[2023-11-16T08:40:59.938+0000] {logging_mixin.py:151} INFO - [2023-11-16T08:40:59.938+0000] {dag.py:3722} INFO - Setting next_dagrun for example_xcom_args_with_operators to None, run_after=None
[2023-11-16T08:40:59.951+0000] {processor.py:179} INFO - Processing /home/airflow/.local/lib/python3.8/site-packages/airflow/example_dags/example_xcomargs.py took 0.047 seconds
[2023-11-16T08:41:30.913+0000] {processor.py:157} INFO - Started process (PID=1412) to work on /home/airflow/.local/lib/python3.8/site-packages/airflow/example_dags/example_xcomargs.py
[2023-11-16T08:41:30.914+0000] {processor.py:829} INFO - Processing file /home/airflow/.local/lib/python3.8/site-packages/airflow/example_dags/example_xcomargs.py for tasks to queue
[2023-11-16T08:41:30.916+0000] {logging_mixin.py:151} INFO - [2023-11-16T08:41:30.916+0000] {dagbag.py:536} INFO - Filling up the DagBag from /home/airflow/.local/lib/python3.8/site-packages/airflow/example_dags/example_xcomargs.py
[2023-11-16T08:41:30.923+0000] {processor.py:839} INFO - DAG(s) dict_keys(['example_xcom_args_with_operators', 'example_xcom_args']) retrieved from /home/airflow/.local/lib/python3.8/site-packages/airflow/example_dags/example_xcomargs.py
[2023-11-16T08:41:30.940+0000] {logging_mixin.py:151} INFO - [2023-11-16T08:41:30.940+0000] {dag.py:2941} INFO - Sync 2 DAGs
[2023-11-16T08:41:30.950+0000] {logging_mixin.py:151} INFO - [2023-11-16T08:41:30.949+0000] {dag.py:3722} INFO - Setting next_dagrun for example_xcom_args to None, run_after=None
[2023-11-16T08:41:30.952+0000] {logging_mixin.py:151} INFO - [2023-11-16T08:41:30.952+0000] {dag.py:3722} INFO - Setting next_dagrun for example_xcom_args_with_operators to None, run_after=None
[2023-11-16T08:41:30.964+0000] {processor.py:179} INFO - Processing /home/airflow/.local/lib/python3.8/site-packages/airflow/example_dags/example_xcomargs.py took 0.053 seconds
[2023-11-16T08:42:01.084+0000] {processor.py:157} INFO - Started process (PID=1466) to work on /home/airflow/.local/lib/python3.8/site-packages/airflow/example_dags/example_xcomargs.py
[2023-11-16T08:42:01.084+0000] {processor.py:829} INFO - Processing file /home/airflow/.local/lib/python3.8/site-packages/airflow/example_dags/example_xcomargs.py for tasks to queue
[2023-11-16T08:42:01.086+0000] {logging_mixin.py:151} INFO - [2023-11-16T08:42:01.086+0000] {dagbag.py:536} INFO - Filling up the DagBag from /home/airflow/.local/lib/python3.8/site-packages/airflow/example_dags/example_xcomargs.py
[2023-11-16T08:42:01.091+0000] {processor.py:839} INFO - DAG(s) dict_keys(['example_xcom_args', 'example_xcom_args_with_operators']) retrieved from /home/airflow/.local/lib/python3.8/site-packages/airflow/example_dags/example_xcomargs.py
[2023-11-16T08:42:01.105+0000] {logging_mixin.py:151} INFO - [2023-11-16T08:42:01.105+0000] {dag.py:2941} INFO - Sync 2 DAGs
[2023-11-16T08:42:01.114+0000] {logging_mixin.py:151} INFO - [2023-11-16T08:42:01.114+0000] {dag.py:3722} INFO - Setting next_dagrun for example_xcom_args to None, run_after=None
[2023-11-16T08:42:01.116+0000] {logging_mixin.py:151} INFO - [2023-11-16T08:42:01.116+0000] {dag.py:3722} INFO - Setting next_dagrun for example_xcom_args_with_operators to None, run_after=None
[2023-11-16T08:42:01.127+0000] {processor.py:179} INFO - Processing /home/airflow/.local/lib/python3.8/site-packages/airflow/example_dags/example_xcomargs.py took 0.045 seconds
[2023-11-16T08:42:31.964+0000] {processor.py:157} INFO - Started process (PID=1520) to work on /home/airflow/.local/lib/python3.8/site-packages/airflow/example_dags/example_xcomargs.py
[2023-11-16T08:42:31.964+0000] {processor.py:829} INFO - Processing file /home/airflow/.local/lib/python3.8/site-packages/airflow/example_dags/example_xcomargs.py for tasks to queue
[2023-11-16T08:42:31.966+0000] {logging_mixin.py:151} INFO - [2023-11-16T08:42:31.966+0000] {dagbag.py:536} INFO - Filling up the DagBag from /home/airflow/.local/lib/python3.8/site-packages/airflow/example_dags/example_xcomargs.py
[2023-11-16T08:42:31.971+0000] {processor.py:839} INFO - DAG(s) dict_keys(['example_xcom_args', 'example_xcom_args_with_operators']) retrieved from /home/airflow/.local/lib/python3.8/site-packages/airflow/example_dags/example_xcomargs.py
[2023-11-16T08:42:31.987+0000] {logging_mixin.py:151} INFO - [2023-11-16T08:42:31.987+0000] {dag.py:2941} INFO - Sync 2 DAGs
[2023-11-16T08:42:32.001+0000] {logging_mixin.py:151} INFO - [2023-11-16T08:42:32.001+0000] {dag.py:3722} INFO - Setting next_dagrun for example_xcom_args to None, run_after=None
[2023-11-16T08:42:32.005+0000] {logging_mixin.py:151} INFO - [2023-11-16T08:42:32.004+0000] {dag.py:3722} INFO - Setting next_dagrun for example_xcom_args_with_operators to None, run_after=None
[2023-11-16T08:42:32.023+0000] {processor.py:179} INFO - Processing /home/airflow/.local/lib/python3.8/site-packages/airflow/example_dags/example_xcomargs.py took 0.062 seconds
[2023-11-16T08:43:02.822+0000] {processor.py:157} INFO - Started process (PID=1581) to work on /home/airflow/.local/lib/python3.8/site-packages/airflow/example_dags/example_xcomargs.py
[2023-11-16T08:43:02.823+0000] {processor.py:829} INFO - Processing file /home/airflow/.local/lib/python3.8/site-packages/airflow/example_dags/example_xcomargs.py for tasks to queue
[2023-11-16T08:43:02.825+0000] {logging_mixin.py:151} INFO - [2023-11-16T08:43:02.824+0000] {dagbag.py:536} INFO - Filling up the DagBag from /home/airflow/.local/lib/python3.8/site-packages/airflow/example_dags/example_xcomargs.py
[2023-11-16T08:43:02.830+0000] {processor.py:839} INFO - DAG(s) dict_keys(['example_xcom_args', 'example_xcom_args_with_operators']) retrieved from /home/airflow/.local/lib/python3.8/site-packages/airflow/example_dags/example_xcomargs.py
[2023-11-16T08:43:02.844+0000] {logging_mixin.py:151} INFO - [2023-11-16T08:43:02.844+0000] {dag.py:2941} INFO - Sync 2 DAGs
[2023-11-16T08:43:02.852+0000] {logging_mixin.py:151} INFO - [2023-11-16T08:43:02.852+0000] {dag.py:3722} INFO - Setting next_dagrun for example_xcom_args to None, run_after=None
[2023-11-16T08:43:02.855+0000] {logging_mixin.py:151} INFO - [2023-11-16T08:43:02.855+0000] {dag.py:3722} INFO - Setting next_dagrun for example_xcom_args_with_operators to None, run_after=None
[2023-11-16T08:43:02.867+0000] {processor.py:179} INFO - Processing /home/airflow/.local/lib/python3.8/site-packages/airflow/example_dags/example_xcomargs.py took 0.047 seconds
[2023-11-16T08:43:33.361+0000] {processor.py:157} INFO - Started process (PID=1635) to work on /home/airflow/.local/lib/python3.8/site-packages/airflow/example_dags/example_xcomargs.py
[2023-11-16T08:43:33.361+0000] {processor.py:829} INFO - Processing file /home/airflow/.local/lib/python3.8/site-packages/airflow/example_dags/example_xcomargs.py for tasks to queue
[2023-11-16T08:43:33.363+0000] {logging_mixin.py:151} INFO - [2023-11-16T08:43:33.362+0000] {dagbag.py:536} INFO - Filling up the DagBag from /home/airflow/.local/lib/python3.8/site-packages/airflow/example_dags/example_xcomargs.py
[2023-11-16T08:43:33.368+0000] {processor.py:839} INFO - DAG(s) dict_keys(['example_xcom_args_with_operators', 'example_xcom_args']) retrieved from /home/airflow/.local/lib/python3.8/site-packages/airflow/example_dags/example_xcomargs.py
[2023-11-16T08:43:33.382+0000] {logging_mixin.py:151} INFO - [2023-11-16T08:43:33.382+0000] {dag.py:2941} INFO - Sync 2 DAGs
[2023-11-16T08:43:33.391+0000] {logging_mixin.py:151} INFO - [2023-11-16T08:43:33.391+0000] {dag.py:3722} INFO - Setting next_dagrun for example_xcom_args to None, run_after=None
[2023-11-16T08:43:33.393+0000] {logging_mixin.py:151} INFO - [2023-11-16T08:43:33.393+0000] {dag.py:3722} INFO - Setting next_dagrun for example_xcom_args_with_operators to None, run_after=None
[2023-11-16T08:43:33.404+0000] {processor.py:179} INFO - Processing /home/airflow/.local/lib/python3.8/site-packages/airflow/example_dags/example_xcomargs.py took 0.045 seconds
[2023-11-16T08:44:03.807+0000] {processor.py:157} INFO - Started process (PID=1689) to work on /home/airflow/.local/lib/python3.8/site-packages/airflow/example_dags/example_xcomargs.py
[2023-11-16T08:44:03.808+0000] {processor.py:829} INFO - Processing file /home/airflow/.local/lib/python3.8/site-packages/airflow/example_dags/example_xcomargs.py for tasks to queue
[2023-11-16T08:44:03.809+0000] {logging_mixin.py:151} INFO - [2023-11-16T08:44:03.809+0000] {dagbag.py:536} INFO - Filling up the DagBag from /home/airflow/.local/lib/python3.8/site-packages/airflow/example_dags/example_xcomargs.py
[2023-11-16T08:44:03.814+0000] {processor.py:839} INFO - DAG(s) dict_keys(['example_xcom_args', 'example_xcom_args_with_operators']) retrieved from /home/airflow/.local/lib/python3.8/site-packages/airflow/example_dags/example_xcomargs.py
[2023-11-16T08:44:03.829+0000] {logging_mixin.py:151} INFO - [2023-11-16T08:44:03.828+0000] {dag.py:2941} INFO - Sync 2 DAGs
[2023-11-16T08:44:03.837+0000] {logging_mixin.py:151} INFO - [2023-11-16T08:44:03.837+0000] {dag.py:3722} INFO - Setting next_dagrun for example_xcom_args to None, run_after=None
[2023-11-16T08:44:03.840+0000] {logging_mixin.py:151} INFO - [2023-11-16T08:44:03.840+0000] {dag.py:3722} INFO - Setting next_dagrun for example_xcom_args_with_operators to None, run_after=None
[2023-11-16T08:44:03.850+0000] {processor.py:179} INFO - Processing /home/airflow/.local/lib/python3.8/site-packages/airflow/example_dags/example_xcomargs.py took 0.046 seconds
[2023-11-16T08:44:34.727+0000] {processor.py:157} INFO - Started process (PID=1743) to work on /home/airflow/.local/lib/python3.8/site-packages/airflow/example_dags/example_xcomargs.py
[2023-11-16T08:44:34.727+0000] {processor.py:829} INFO - Processing file /home/airflow/.local/lib/python3.8/site-packages/airflow/example_dags/example_xcomargs.py for tasks to queue
[2023-11-16T08:44:34.729+0000] {logging_mixin.py:151} INFO - [2023-11-16T08:44:34.728+0000] {dagbag.py:536} INFO - Filling up the DagBag from /home/airflow/.local/lib/python3.8/site-packages/airflow/example_dags/example_xcomargs.py
[2023-11-16T08:44:34.735+0000] {processor.py:839} INFO - DAG(s) dict_keys(['example_xcom_args', 'example_xcom_args_with_operators']) retrieved from /home/airflow/.local/lib/python3.8/site-packages/airflow/example_dags/example_xcomargs.py
[2023-11-16T08:44:34.751+0000] {logging_mixin.py:151} INFO - [2023-11-16T08:44:34.751+0000] {dag.py:2941} INFO - Sync 2 DAGs
[2023-11-16T08:44:34.760+0000] {logging_mixin.py:151} INFO - [2023-11-16T08:44:34.760+0000] {dag.py:3722} INFO - Setting next_dagrun for example_xcom_args to None, run_after=None
[2023-11-16T08:44:34.763+0000] {logging_mixin.py:151} INFO - [2023-11-16T08:44:34.763+0000] {dag.py:3722} INFO - Setting next_dagrun for example_xcom_args_with_operators to None, run_after=None
[2023-11-16T08:44:34.886+0000] {processor.py:179} INFO - Processing /home/airflow/.local/lib/python3.8/site-packages/airflow/example_dags/example_xcomargs.py took 0.161 seconds
[2023-11-16T08:45:05.154+0000] {processor.py:157} INFO - Started process (PID=1797) to work on /home/airflow/.local/lib/python3.8/site-packages/airflow/example_dags/example_xcomargs.py
[2023-11-16T08:45:05.155+0000] {processor.py:829} INFO - Processing file /home/airflow/.local/lib/python3.8/site-packages/airflow/example_dags/example_xcomargs.py for tasks to queue
[2023-11-16T08:45:05.157+0000] {logging_mixin.py:151} INFO - [2023-11-16T08:45:05.157+0000] {dagbag.py:536} INFO - Filling up the DagBag from /home/airflow/.local/lib/python3.8/site-packages/airflow/example_dags/example_xcomargs.py
[2023-11-16T08:45:05.162+0000] {processor.py:839} INFO - DAG(s) dict_keys(['example_xcom_args_with_operators', 'example_xcom_args']) retrieved from /home/airflow/.local/lib/python3.8/site-packages/airflow/example_dags/example_xcomargs.py
[2023-11-16T08:45:05.181+0000] {logging_mixin.py:151} INFO - [2023-11-16T08:45:05.181+0000] {dag.py:2941} INFO - Sync 2 DAGs
[2023-11-16T08:45:05.196+0000] {logging_mixin.py:151} INFO - [2023-11-16T08:45:05.196+0000] {dag.py:3722} INFO - Setting next_dagrun for example_xcom_args to None, run_after=None
[2023-11-16T08:45:05.200+0000] {logging_mixin.py:151} INFO - [2023-11-16T08:45:05.200+0000] {dag.py:3722} INFO - Setting next_dagrun for example_xcom_args_with_operators to None, run_after=None
[2023-11-16T08:45:05.218+0000] {processor.py:179} INFO - Processing /home/airflow/.local/lib/python3.8/site-packages/airflow/example_dags/example_xcomargs.py took 0.066 seconds
[2023-11-16T08:45:35.964+0000] {processor.py:157} INFO - Started process (PID=1851) to work on /home/airflow/.local/lib/python3.8/site-packages/airflow/example_dags/example_xcomargs.py
[2023-11-16T08:45:35.965+0000] {processor.py:829} INFO - Processing file /home/airflow/.local/lib/python3.8/site-packages/airflow/example_dags/example_xcomargs.py for tasks to queue
[2023-11-16T08:45:35.967+0000] {logging_mixin.py:151} INFO - [2023-11-16T08:45:35.966+0000] {dagbag.py:536} INFO - Filling up the DagBag from /home/airflow/.local/lib/python3.8/site-packages/airflow/example_dags/example_xcomargs.py
[2023-11-16T08:45:35.971+0000] {processor.py:839} INFO - DAG(s) dict_keys(['example_xcom_args_with_operators', 'example_xcom_args']) retrieved from /home/airflow/.local/lib/python3.8/site-packages/airflow/example_dags/example_xcomargs.py
[2023-11-16T08:45:35.986+0000] {logging_mixin.py:151} INFO - [2023-11-16T08:45:35.986+0000] {dag.py:2941} INFO - Sync 2 DAGs
[2023-11-16T08:45:35.995+0000] {logging_mixin.py:151} INFO - [2023-11-16T08:45:35.995+0000] {dag.py:3722} INFO - Setting next_dagrun for example_xcom_args to None, run_after=None
[2023-11-16T08:45:35.997+0000] {logging_mixin.py:151} INFO - [2023-11-16T08:45:35.997+0000] {dag.py:3722} INFO - Setting next_dagrun for example_xcom_args_with_operators to None, run_after=None
[2023-11-16T08:45:36.008+0000] {processor.py:179} INFO - Processing /home/airflow/.local/lib/python3.8/site-packages/airflow/example_dags/example_xcomargs.py took 0.046 seconds
[2023-11-16T08:46:06.151+0000] {processor.py:157} INFO - Started process (PID=1905) to work on /home/airflow/.local/lib/python3.8/site-packages/airflow/example_dags/example_xcomargs.py
[2023-11-16T08:46:06.152+0000] {processor.py:829} INFO - Processing file /home/airflow/.local/lib/python3.8/site-packages/airflow/example_dags/example_xcomargs.py for tasks to queue
[2023-11-16T08:46:06.153+0000] {logging_mixin.py:151} INFO - [2023-11-16T08:46:06.153+0000] {dagbag.py:536} INFO - Filling up the DagBag from /home/airflow/.local/lib/python3.8/site-packages/airflow/example_dags/example_xcomargs.py
[2023-11-16T08:46:06.158+0000] {processor.py:839} INFO - DAG(s) dict_keys(['example_xcom_args_with_operators', 'example_xcom_args']) retrieved from /home/airflow/.local/lib/python3.8/site-packages/airflow/example_dags/example_xcomargs.py
[2023-11-16T08:46:06.173+0000] {logging_mixin.py:151} INFO - [2023-11-16T08:46:06.173+0000] {dag.py:2941} INFO - Sync 2 DAGs
[2023-11-16T08:46:06.296+0000] {logging_mixin.py:151} INFO - [2023-11-16T08:46:06.296+0000] {dag.py:3722} INFO - Setting next_dagrun for example_xcom_args to None, run_after=None
[2023-11-16T08:46:06.299+0000] {logging_mixin.py:151} INFO - [2023-11-16T08:46:06.299+0000] {dag.py:3722} INFO - Setting next_dagrun for example_xcom_args_with_operators to None, run_after=None
[2023-11-16T08:46:06.309+0000] {processor.py:179} INFO - Processing /home/airflow/.local/lib/python3.8/site-packages/airflow/example_dags/example_xcomargs.py took 0.161 seconds
