[2023-11-16T08:28:52.632+0000] {processor.py:157} INFO - Started process (PID=74) to work on /home/airflow/.local/lib/python3.8/site-packages/airflow/example_dags/example_branch_python_dop_operator_3.py
[2023-11-16T08:28:52.635+0000] {processor.py:829} INFO - Processing file /home/airflow/.local/lib/python3.8/site-packages/airflow/example_dags/example_branch_python_dop_operator_3.py for tasks to queue
[2023-11-16T08:28:52.641+0000] {logging_mixin.py:151} INFO - [2023-11-16T08:28:52.641+0000] {dagbag.py:536} INFO - Filling up the DagBag from /home/airflow/.local/lib/python3.8/site-packages/airflow/example_dags/example_branch_python_dop_operator_3.py
[2023-11-16T08:28:52.668+0000] {processor.py:839} INFO - DAG(s) dict_keys(['example_branch_dop_operator_v3']) retrieved from /home/airflow/.local/lib/python3.8/site-packages/airflow/example_dags/example_branch_python_dop_operator_3.py
[2023-11-16T08:28:52.705+0000] {logging_mixin.py:151} INFO - [2023-11-16T08:28:52.704+0000] {dag.py:2941} INFO - Sync 1 DAGs
[2023-11-16T08:28:52.754+0000] {logging_mixin.py:151} INFO - [2023-11-16T08:28:52.754+0000] {dag.py:3722} INFO - Setting next_dagrun for example_branch_dop_operator_v3 to 2023-11-16T08:27:00+00:00, run_after=2023-11-16T08:28:00+00:00
[2023-11-16T08:28:52.779+0000] {processor.py:179} INFO - Processing /home/airflow/.local/lib/python3.8/site-packages/airflow/example_dags/example_branch_python_dop_operator_3.py took 0.156 seconds
[2023-11-16T08:29:23.598+0000] {processor.py:157} INFO - Started process (PID=128) to work on /home/airflow/.local/lib/python3.8/site-packages/airflow/example_dags/example_branch_python_dop_operator_3.py
[2023-11-16T08:29:23.599+0000] {processor.py:829} INFO - Processing file /home/airflow/.local/lib/python3.8/site-packages/airflow/example_dags/example_branch_python_dop_operator_3.py for tasks to queue
[2023-11-16T08:29:23.601+0000] {logging_mixin.py:151} INFO - [2023-11-16T08:29:23.601+0000] {dagbag.py:536} INFO - Filling up the DagBag from /home/airflow/.local/lib/python3.8/site-packages/airflow/example_dags/example_branch_python_dop_operator_3.py
[2023-11-16T08:29:23.607+0000] {processor.py:839} INFO - DAG(s) dict_keys(['example_branch_dop_operator_v3']) retrieved from /home/airflow/.local/lib/python3.8/site-packages/airflow/example_dags/example_branch_python_dop_operator_3.py
[2023-11-16T08:29:23.620+0000] {logging_mixin.py:151} INFO - [2023-11-16T08:29:23.620+0000] {dag.py:2941} INFO - Sync 1 DAGs
[2023-11-16T08:29:23.638+0000] {logging_mixin.py:151} INFO - [2023-11-16T08:29:23.638+0000] {dag.py:3722} INFO - Setting next_dagrun for example_branch_dop_operator_v3 to 2023-11-16T08:28:00+00:00, run_after=2023-11-16T08:29:00+00:00
[2023-11-16T08:29:23.650+0000] {processor.py:179} INFO - Processing /home/airflow/.local/lib/python3.8/site-packages/airflow/example_dags/example_branch_python_dop_operator_3.py took 0.054 seconds
[2023-11-16T08:29:54.464+0000] {processor.py:157} INFO - Started process (PID=182) to work on /home/airflow/.local/lib/python3.8/site-packages/airflow/example_dags/example_branch_python_dop_operator_3.py
[2023-11-16T08:29:54.465+0000] {processor.py:829} INFO - Processing file /home/airflow/.local/lib/python3.8/site-packages/airflow/example_dags/example_branch_python_dop_operator_3.py for tasks to queue
[2023-11-16T08:29:54.467+0000] {logging_mixin.py:151} INFO - [2023-11-16T08:29:54.466+0000] {dagbag.py:536} INFO - Filling up the DagBag from /home/airflow/.local/lib/python3.8/site-packages/airflow/example_dags/example_branch_python_dop_operator_3.py
[2023-11-16T08:29:54.472+0000] {processor.py:839} INFO - DAG(s) dict_keys(['example_branch_dop_operator_v3']) retrieved from /home/airflow/.local/lib/python3.8/site-packages/airflow/example_dags/example_branch_python_dop_operator_3.py
[2023-11-16T08:29:54.486+0000] {logging_mixin.py:151} INFO - [2023-11-16T08:29:54.486+0000] {dag.py:2941} INFO - Sync 1 DAGs
[2023-11-16T08:29:54.505+0000] {logging_mixin.py:151} INFO - [2023-11-16T08:29:54.505+0000] {dag.py:3722} INFO - Setting next_dagrun for example_branch_dop_operator_v3 to 2023-11-16T08:28:00+00:00, run_after=2023-11-16T08:29:00+00:00
[2023-11-16T08:29:54.517+0000] {processor.py:179} INFO - Processing /home/airflow/.local/lib/python3.8/site-packages/airflow/example_dags/example_branch_python_dop_operator_3.py took 0.056 seconds
[2023-11-16T08:30:24.602+0000] {processor.py:157} INFO - Started process (PID=236) to work on /home/airflow/.local/lib/python3.8/site-packages/airflow/example_dags/example_branch_python_dop_operator_3.py
[2023-11-16T08:30:24.603+0000] {processor.py:829} INFO - Processing file /home/airflow/.local/lib/python3.8/site-packages/airflow/example_dags/example_branch_python_dop_operator_3.py for tasks to queue
[2023-11-16T08:30:24.604+0000] {logging_mixin.py:151} INFO - [2023-11-16T08:30:24.604+0000] {dagbag.py:536} INFO - Filling up the DagBag from /home/airflow/.local/lib/python3.8/site-packages/airflow/example_dags/example_branch_python_dop_operator_3.py
[2023-11-16T08:30:24.610+0000] {processor.py:839} INFO - DAG(s) dict_keys(['example_branch_dop_operator_v3']) retrieved from /home/airflow/.local/lib/python3.8/site-packages/airflow/example_dags/example_branch_python_dop_operator_3.py
[2023-11-16T08:30:24.624+0000] {logging_mixin.py:151} INFO - [2023-11-16T08:30:24.624+0000] {dag.py:2941} INFO - Sync 1 DAGs
[2023-11-16T08:30:24.643+0000] {logging_mixin.py:151} INFO - [2023-11-16T08:30:24.643+0000] {dag.py:3722} INFO - Setting next_dagrun for example_branch_dop_operator_v3 to 2023-11-16T08:29:00+00:00, run_after=2023-11-16T08:30:00+00:00
[2023-11-16T08:30:24.656+0000] {processor.py:179} INFO - Processing /home/airflow/.local/lib/python3.8/site-packages/airflow/example_dags/example_branch_python_dop_operator_3.py took 0.057 seconds
[2023-11-16T08:30:55.607+0000] {processor.py:157} INFO - Started process (PID=290) to work on /home/airflow/.local/lib/python3.8/site-packages/airflow/example_dags/example_branch_python_dop_operator_3.py
[2023-11-16T08:30:55.608+0000] {processor.py:829} INFO - Processing file /home/airflow/.local/lib/python3.8/site-packages/airflow/example_dags/example_branch_python_dop_operator_3.py for tasks to queue
[2023-11-16T08:30:55.609+0000] {logging_mixin.py:151} INFO - [2023-11-16T08:30:55.609+0000] {dagbag.py:536} INFO - Filling up the DagBag from /home/airflow/.local/lib/python3.8/site-packages/airflow/example_dags/example_branch_python_dop_operator_3.py
[2023-11-16T08:30:55.615+0000] {processor.py:839} INFO - DAG(s) dict_keys(['example_branch_dop_operator_v3']) retrieved from /home/airflow/.local/lib/python3.8/site-packages/airflow/example_dags/example_branch_python_dop_operator_3.py
[2023-11-16T08:30:55.628+0000] {logging_mixin.py:151} INFO - [2023-11-16T08:30:55.628+0000] {dag.py:2941} INFO - Sync 1 DAGs
[2023-11-16T08:30:55.646+0000] {logging_mixin.py:151} INFO - [2023-11-16T08:30:55.646+0000] {dag.py:3722} INFO - Setting next_dagrun for example_branch_dop_operator_v3 to 2023-11-16T08:29:00+00:00, run_after=2023-11-16T08:30:00+00:00
[2023-11-16T08:30:55.659+0000] {processor.py:179} INFO - Processing /home/airflow/.local/lib/python3.8/site-packages/airflow/example_dags/example_branch_python_dop_operator_3.py took 0.055 seconds
[2023-11-16T08:31:25.983+0000] {processor.py:157} INFO - Started process (PID=344) to work on /home/airflow/.local/lib/python3.8/site-packages/airflow/example_dags/example_branch_python_dop_operator_3.py
[2023-11-16T08:31:26.008+0000] {processor.py:829} INFO - Processing file /home/airflow/.local/lib/python3.8/site-packages/airflow/example_dags/example_branch_python_dop_operator_3.py for tasks to queue
[2023-11-16T08:31:26.014+0000] {logging_mixin.py:151} INFO - [2023-11-16T08:31:26.013+0000] {dagbag.py:536} INFO - Filling up the DagBag from /home/airflow/.local/lib/python3.8/site-packages/airflow/example_dags/example_branch_python_dop_operator_3.py
[2023-11-16T08:31:26.041+0000] {processor.py:839} INFO - DAG(s) dict_keys(['example_branch_dop_operator_v3']) retrieved from /home/airflow/.local/lib/python3.8/site-packages/airflow/example_dags/example_branch_python_dop_operator_3.py
[2023-11-16T08:31:26.077+0000] {logging_mixin.py:151} INFO - [2023-11-16T08:31:26.076+0000] {dag.py:2941} INFO - Sync 1 DAGs
[2023-11-16T08:31:26.125+0000] {logging_mixin.py:151} INFO - [2023-11-16T08:31:26.125+0000] {dag.py:3722} INFO - Setting next_dagrun for example_branch_dop_operator_v3 to 2023-11-16T08:30:00+00:00, run_after=2023-11-16T08:31:00+00:00
[2023-11-16T08:31:26.141+0000] {processor.py:179} INFO - Processing /home/airflow/.local/lib/python3.8/site-packages/airflow/example_dags/example_branch_python_dop_operator_3.py took 0.161 seconds
[2023-11-16T08:31:56.278+0000] {processor.py:157} INFO - Started process (PID=398) to work on /home/airflow/.local/lib/python3.8/site-packages/airflow/example_dags/example_branch_python_dop_operator_3.py
[2023-11-16T08:31:56.278+0000] {processor.py:829} INFO - Processing file /home/airflow/.local/lib/python3.8/site-packages/airflow/example_dags/example_branch_python_dop_operator_3.py for tasks to queue
[2023-11-16T08:31:56.280+0000] {logging_mixin.py:151} INFO - [2023-11-16T08:31:56.280+0000] {dagbag.py:536} INFO - Filling up the DagBag from /home/airflow/.local/lib/python3.8/site-packages/airflow/example_dags/example_branch_python_dop_operator_3.py
[2023-11-16T08:31:56.286+0000] {processor.py:839} INFO - DAG(s) dict_keys(['example_branch_dop_operator_v3']) retrieved from /home/airflow/.local/lib/python3.8/site-packages/airflow/example_dags/example_branch_python_dop_operator_3.py
[2023-11-16T08:31:56.301+0000] {logging_mixin.py:151} INFO - [2023-11-16T08:31:56.301+0000] {dag.py:2941} INFO - Sync 1 DAGs
[2023-11-16T08:31:56.321+0000] {logging_mixin.py:151} INFO - [2023-11-16T08:31:56.321+0000] {dag.py:3722} INFO - Setting next_dagrun for example_branch_dop_operator_v3 to 2023-11-16T08:30:00+00:00, run_after=2023-11-16T08:31:00+00:00
[2023-11-16T08:31:56.335+0000] {processor.py:179} INFO - Processing /home/airflow/.local/lib/python3.8/site-packages/airflow/example_dags/example_branch_python_dop_operator_3.py took 0.060 seconds
[2023-11-16T08:32:27.325+0000] {processor.py:157} INFO - Started process (PID=452) to work on /home/airflow/.local/lib/python3.8/site-packages/airflow/example_dags/example_branch_python_dop_operator_3.py
[2023-11-16T08:32:27.326+0000] {processor.py:829} INFO - Processing file /home/airflow/.local/lib/python3.8/site-packages/airflow/example_dags/example_branch_python_dop_operator_3.py for tasks to queue
[2023-11-16T08:32:27.328+0000] {logging_mixin.py:151} INFO - [2023-11-16T08:32:27.328+0000] {dagbag.py:536} INFO - Filling up the DagBag from /home/airflow/.local/lib/python3.8/site-packages/airflow/example_dags/example_branch_python_dop_operator_3.py
[2023-11-16T08:32:27.334+0000] {processor.py:839} INFO - DAG(s) dict_keys(['example_branch_dop_operator_v3']) retrieved from /home/airflow/.local/lib/python3.8/site-packages/airflow/example_dags/example_branch_python_dop_operator_3.py
[2023-11-16T08:32:27.349+0000] {logging_mixin.py:151} INFO - [2023-11-16T08:32:27.349+0000] {dag.py:2941} INFO - Sync 1 DAGs
[2023-11-16T08:32:27.370+0000] {logging_mixin.py:151} INFO - [2023-11-16T08:32:27.370+0000] {dag.py:3722} INFO - Setting next_dagrun for example_branch_dop_operator_v3 to 2023-11-16T08:31:00+00:00, run_after=2023-11-16T08:32:00+00:00
[2023-11-16T08:32:27.387+0000] {processor.py:179} INFO - Processing /home/airflow/.local/lib/python3.8/site-packages/airflow/example_dags/example_branch_python_dop_operator_3.py took 0.064 seconds
[2023-11-16T08:32:57.707+0000] {processor.py:157} INFO - Started process (PID=506) to work on /home/airflow/.local/lib/python3.8/site-packages/airflow/example_dags/example_branch_python_dop_operator_3.py
[2023-11-16T08:32:57.708+0000] {processor.py:829} INFO - Processing file /home/airflow/.local/lib/python3.8/site-packages/airflow/example_dags/example_branch_python_dop_operator_3.py for tasks to queue
[2023-11-16T08:32:57.710+0000] {logging_mixin.py:151} INFO - [2023-11-16T08:32:57.709+0000] {dagbag.py:536} INFO - Filling up the DagBag from /home/airflow/.local/lib/python3.8/site-packages/airflow/example_dags/example_branch_python_dop_operator_3.py
[2023-11-16T08:32:57.716+0000] {processor.py:839} INFO - DAG(s) dict_keys(['example_branch_dop_operator_v3']) retrieved from /home/airflow/.local/lib/python3.8/site-packages/airflow/example_dags/example_branch_python_dop_operator_3.py
[2023-11-16T08:32:57.731+0000] {logging_mixin.py:151} INFO - [2023-11-16T08:32:57.730+0000] {dag.py:2941} INFO - Sync 1 DAGs
[2023-11-16T08:32:57.752+0000] {logging_mixin.py:151} INFO - [2023-11-16T08:32:57.751+0000] {dag.py:3722} INFO - Setting next_dagrun for example_branch_dop_operator_v3 to 2023-11-16T08:31:00+00:00, run_after=2023-11-16T08:32:00+00:00
[2023-11-16T08:32:57.767+0000] {processor.py:179} INFO - Processing /home/airflow/.local/lib/python3.8/site-packages/airflow/example_dags/example_branch_python_dop_operator_3.py took 0.063 seconds
[2023-11-16T08:33:28.015+0000] {processor.py:157} INFO - Started process (PID=560) to work on /home/airflow/.local/lib/python3.8/site-packages/airflow/example_dags/example_branch_python_dop_operator_3.py
[2023-11-16T08:33:28.016+0000] {processor.py:829} INFO - Processing file /home/airflow/.local/lib/python3.8/site-packages/airflow/example_dags/example_branch_python_dop_operator_3.py for tasks to queue
[2023-11-16T08:33:28.018+0000] {logging_mixin.py:151} INFO - [2023-11-16T08:33:28.018+0000] {dagbag.py:536} INFO - Filling up the DagBag from /home/airflow/.local/lib/python3.8/site-packages/airflow/example_dags/example_branch_python_dop_operator_3.py
[2023-11-16T08:33:28.024+0000] {processor.py:839} INFO - DAG(s) dict_keys(['example_branch_dop_operator_v3']) retrieved from /home/airflow/.local/lib/python3.8/site-packages/airflow/example_dags/example_branch_python_dop_operator_3.py
[2023-11-16T08:33:28.037+0000] {logging_mixin.py:151} INFO - [2023-11-16T08:33:28.037+0000] {dag.py:2941} INFO - Sync 1 DAGs
[2023-11-16T08:33:28.056+0000] {logging_mixin.py:151} INFO - [2023-11-16T08:33:28.056+0000] {dag.py:3722} INFO - Setting next_dagrun for example_branch_dop_operator_v3 to 2023-11-16T08:32:00+00:00, run_after=2023-11-16T08:33:00+00:00
[2023-11-16T08:33:28.069+0000] {processor.py:179} INFO - Processing /home/airflow/.local/lib/python3.8/site-packages/airflow/example_dags/example_branch_python_dop_operator_3.py took 0.056 seconds
[2023-11-16T08:33:58.238+0000] {processor.py:157} INFO - Started process (PID=614) to work on /home/airflow/.local/lib/python3.8/site-packages/airflow/example_dags/example_branch_python_dop_operator_3.py
[2023-11-16T08:33:58.239+0000] {processor.py:829} INFO - Processing file /home/airflow/.local/lib/python3.8/site-packages/airflow/example_dags/example_branch_python_dop_operator_3.py for tasks to queue
[2023-11-16T08:33:58.241+0000] {logging_mixin.py:151} INFO - [2023-11-16T08:33:58.241+0000] {dagbag.py:536} INFO - Filling up the DagBag from /home/airflow/.local/lib/python3.8/site-packages/airflow/example_dags/example_branch_python_dop_operator_3.py
[2023-11-16T08:33:58.248+0000] {processor.py:839} INFO - DAG(s) dict_keys(['example_branch_dop_operator_v3']) retrieved from /home/airflow/.local/lib/python3.8/site-packages/airflow/example_dags/example_branch_python_dop_operator_3.py
[2023-11-16T08:33:58.262+0000] {logging_mixin.py:151} INFO - [2023-11-16T08:33:58.262+0000] {dag.py:2941} INFO - Sync 1 DAGs
[2023-11-16T08:33:58.283+0000] {logging_mixin.py:151} INFO - [2023-11-16T08:33:58.283+0000] {dag.py:3722} INFO - Setting next_dagrun for example_branch_dop_operator_v3 to 2023-11-16T08:32:00+00:00, run_after=2023-11-16T08:33:00+00:00
[2023-11-16T08:33:58.295+0000] {processor.py:179} INFO - Processing /home/airflow/.local/lib/python3.8/site-packages/airflow/example_dags/example_branch_python_dop_operator_3.py took 0.059 seconds
[2023-11-16T08:34:28.651+0000] {processor.py:157} INFO - Started process (PID=668) to work on /home/airflow/.local/lib/python3.8/site-packages/airflow/example_dags/example_branch_python_dop_operator_3.py
[2023-11-16T08:34:28.652+0000] {processor.py:829} INFO - Processing file /home/airflow/.local/lib/python3.8/site-packages/airflow/example_dags/example_branch_python_dop_operator_3.py for tasks to queue
[2023-11-16T08:34:28.653+0000] {logging_mixin.py:151} INFO - [2023-11-16T08:34:28.653+0000] {dagbag.py:536} INFO - Filling up the DagBag from /home/airflow/.local/lib/python3.8/site-packages/airflow/example_dags/example_branch_python_dop_operator_3.py
[2023-11-16T08:34:28.659+0000] {processor.py:839} INFO - DAG(s) dict_keys(['example_branch_dop_operator_v3']) retrieved from /home/airflow/.local/lib/python3.8/site-packages/airflow/example_dags/example_branch_python_dop_operator_3.py
[2023-11-16T08:34:28.672+0000] {logging_mixin.py:151} INFO - [2023-11-16T08:34:28.672+0000] {dag.py:2941} INFO - Sync 1 DAGs
[2023-11-16T08:34:28.691+0000] {logging_mixin.py:151} INFO - [2023-11-16T08:34:28.691+0000] {dag.py:3722} INFO - Setting next_dagrun for example_branch_dop_operator_v3 to 2023-11-16T08:33:00+00:00, run_after=2023-11-16T08:34:00+00:00
[2023-11-16T08:34:28.704+0000] {processor.py:179} INFO - Processing /home/airflow/.local/lib/python3.8/site-packages/airflow/example_dags/example_branch_python_dop_operator_3.py took 0.056 seconds
[2023-11-16T08:34:58.761+0000] {processor.py:157} INFO - Started process (PID=722) to work on /home/airflow/.local/lib/python3.8/site-packages/airflow/example_dags/example_branch_python_dop_operator_3.py
[2023-11-16T08:34:58.762+0000] {processor.py:829} INFO - Processing file /home/airflow/.local/lib/python3.8/site-packages/airflow/example_dags/example_branch_python_dop_operator_3.py for tasks to queue
[2023-11-16T08:34:58.765+0000] {logging_mixin.py:151} INFO - [2023-11-16T08:34:58.764+0000] {dagbag.py:536} INFO - Filling up the DagBag from /home/airflow/.local/lib/python3.8/site-packages/airflow/example_dags/example_branch_python_dop_operator_3.py
[2023-11-16T08:34:58.770+0000] {processor.py:839} INFO - DAG(s) dict_keys(['example_branch_dop_operator_v3']) retrieved from /home/airflow/.local/lib/python3.8/site-packages/airflow/example_dags/example_branch_python_dop_operator_3.py
[2023-11-16T08:34:58.784+0000] {logging_mixin.py:151} INFO - [2023-11-16T08:34:58.784+0000] {dag.py:2941} INFO - Sync 1 DAGs
[2023-11-16T08:34:58.803+0000] {logging_mixin.py:151} INFO - [2023-11-16T08:34:58.802+0000] {dag.py:3722} INFO - Setting next_dagrun for example_branch_dop_operator_v3 to 2023-11-16T08:33:00+00:00, run_after=2023-11-16T08:34:00+00:00
[2023-11-16T08:34:58.816+0000] {processor.py:179} INFO - Processing /home/airflow/.local/lib/python3.8/site-packages/airflow/example_dags/example_branch_python_dop_operator_3.py took 0.057 seconds
[2023-11-16T08:35:29.617+0000] {processor.py:157} INFO - Started process (PID=776) to work on /home/airflow/.local/lib/python3.8/site-packages/airflow/example_dags/example_branch_python_dop_operator_3.py
[2023-11-16T08:35:29.617+0000] {processor.py:829} INFO - Processing file /home/airflow/.local/lib/python3.8/site-packages/airflow/example_dags/example_branch_python_dop_operator_3.py for tasks to queue
[2023-11-16T08:35:29.619+0000] {logging_mixin.py:151} INFO - [2023-11-16T08:35:29.619+0000] {dagbag.py:536} INFO - Filling up the DagBag from /home/airflow/.local/lib/python3.8/site-packages/airflow/example_dags/example_branch_python_dop_operator_3.py
[2023-11-16T08:35:29.625+0000] {processor.py:839} INFO - DAG(s) dict_keys(['example_branch_dop_operator_v3']) retrieved from /home/airflow/.local/lib/python3.8/site-packages/airflow/example_dags/example_branch_python_dop_operator_3.py
[2023-11-16T08:35:29.637+0000] {logging_mixin.py:151} INFO - [2023-11-16T08:35:29.637+0000] {dag.py:2941} INFO - Sync 1 DAGs
[2023-11-16T08:35:29.655+0000] {logging_mixin.py:151} INFO - [2023-11-16T08:35:29.655+0000] {dag.py:3722} INFO - Setting next_dagrun for example_branch_dop_operator_v3 to 2023-11-16T08:34:00+00:00, run_after=2023-11-16T08:35:00+00:00
[2023-11-16T08:35:29.667+0000] {processor.py:179} INFO - Processing /home/airflow/.local/lib/python3.8/site-packages/airflow/example_dags/example_branch_python_dop_operator_3.py took 0.053 seconds
[2023-11-16T08:35:59.911+0000] {processor.py:157} INFO - Started process (PID=830) to work on /home/airflow/.local/lib/python3.8/site-packages/airflow/example_dags/example_branch_python_dop_operator_3.py
[2023-11-16T08:35:59.911+0000] {processor.py:829} INFO - Processing file /home/airflow/.local/lib/python3.8/site-packages/airflow/example_dags/example_branch_python_dop_operator_3.py for tasks to queue
[2023-11-16T08:35:59.913+0000] {logging_mixin.py:151} INFO - [2023-11-16T08:35:59.913+0000] {dagbag.py:536} INFO - Filling up the DagBag from /home/airflow/.local/lib/python3.8/site-packages/airflow/example_dags/example_branch_python_dop_operator_3.py
[2023-11-16T08:35:59.919+0000] {processor.py:839} INFO - DAG(s) dict_keys(['example_branch_dop_operator_v3']) retrieved from /home/airflow/.local/lib/python3.8/site-packages/airflow/example_dags/example_branch_python_dop_operator_3.py
[2023-11-16T08:35:59.932+0000] {logging_mixin.py:151} INFO - [2023-11-16T08:35:59.932+0000] {dag.py:2941} INFO - Sync 1 DAGs
[2023-11-16T08:35:59.949+0000] {logging_mixin.py:151} INFO - [2023-11-16T08:35:59.949+0000] {dag.py:3722} INFO - Setting next_dagrun for example_branch_dop_operator_v3 to 2023-11-16T08:34:00+00:00, run_after=2023-11-16T08:35:00+00:00
[2023-11-16T08:35:59.961+0000] {processor.py:179} INFO - Processing /home/airflow/.local/lib/python3.8/site-packages/airflow/example_dags/example_branch_python_dop_operator_3.py took 0.053 seconds
[2023-11-16T08:36:30.071+0000] {processor.py:157} INFO - Started process (PID=884) to work on /home/airflow/.local/lib/python3.8/site-packages/airflow/example_dags/example_branch_python_dop_operator_3.py
[2023-11-16T08:36:30.072+0000] {processor.py:829} INFO - Processing file /home/airflow/.local/lib/python3.8/site-packages/airflow/example_dags/example_branch_python_dop_operator_3.py for tasks to queue
[2023-11-16T08:36:30.074+0000] {logging_mixin.py:151} INFO - [2023-11-16T08:36:30.073+0000] {dagbag.py:536} INFO - Filling up the DagBag from /home/airflow/.local/lib/python3.8/site-packages/airflow/example_dags/example_branch_python_dop_operator_3.py
[2023-11-16T08:36:30.079+0000] {processor.py:839} INFO - DAG(s) dict_keys(['example_branch_dop_operator_v3']) retrieved from /home/airflow/.local/lib/python3.8/site-packages/airflow/example_dags/example_branch_python_dop_operator_3.py
[2023-11-16T08:36:30.093+0000] {logging_mixin.py:151} INFO - [2023-11-16T08:36:30.093+0000] {dag.py:2941} INFO - Sync 1 DAGs
[2023-11-16T08:36:30.111+0000] {logging_mixin.py:151} INFO - [2023-11-16T08:36:30.111+0000] {dag.py:3722} INFO - Setting next_dagrun for example_branch_dop_operator_v3 to 2023-11-16T08:35:00+00:00, run_after=2023-11-16T08:36:00+00:00
[2023-11-16T08:36:30.123+0000] {processor.py:179} INFO - Processing /home/airflow/.local/lib/python3.8/site-packages/airflow/example_dags/example_branch_python_dop_operator_3.py took 0.054 seconds
[2023-11-16T08:37:00.318+0000] {processor.py:157} INFO - Started process (PID=938) to work on /home/airflow/.local/lib/python3.8/site-packages/airflow/example_dags/example_branch_python_dop_operator_3.py
[2023-11-16T08:37:00.318+0000] {processor.py:829} INFO - Processing file /home/airflow/.local/lib/python3.8/site-packages/airflow/example_dags/example_branch_python_dop_operator_3.py for tasks to queue
[2023-11-16T08:37:00.320+0000] {logging_mixin.py:151} INFO - [2023-11-16T08:37:00.320+0000] {dagbag.py:536} INFO - Filling up the DagBag from /home/airflow/.local/lib/python3.8/site-packages/airflow/example_dags/example_branch_python_dop_operator_3.py
[2023-11-16T08:37:00.326+0000] {processor.py:839} INFO - DAG(s) dict_keys(['example_branch_dop_operator_v3']) retrieved from /home/airflow/.local/lib/python3.8/site-packages/airflow/example_dags/example_branch_python_dop_operator_3.py
[2023-11-16T08:37:00.340+0000] {logging_mixin.py:151} INFO - [2023-11-16T08:37:00.339+0000] {dag.py:2941} INFO - Sync 1 DAGs
[2023-11-16T08:37:00.358+0000] {logging_mixin.py:151} INFO - [2023-11-16T08:37:00.358+0000] {dag.py:3722} INFO - Setting next_dagrun for example_branch_dop_operator_v3 to 2023-11-16T08:36:00+00:00, run_after=2023-11-16T08:37:00+00:00
[2023-11-16T08:37:00.372+0000] {processor.py:179} INFO - Processing /home/airflow/.local/lib/python3.8/site-packages/airflow/example_dags/example_branch_python_dop_operator_3.py took 0.057 seconds
[2023-11-16T08:37:30.459+0000] {processor.py:157} INFO - Started process (PID=992) to work on /home/airflow/.local/lib/python3.8/site-packages/airflow/example_dags/example_branch_python_dop_operator_3.py
[2023-11-16T08:37:30.460+0000] {processor.py:829} INFO - Processing file /home/airflow/.local/lib/python3.8/site-packages/airflow/example_dags/example_branch_python_dop_operator_3.py for tasks to queue
[2023-11-16T08:37:30.461+0000] {logging_mixin.py:151} INFO - [2023-11-16T08:37:30.461+0000] {dagbag.py:536} INFO - Filling up the DagBag from /home/airflow/.local/lib/python3.8/site-packages/airflow/example_dags/example_branch_python_dop_operator_3.py
[2023-11-16T08:37:30.467+0000] {processor.py:839} INFO - DAG(s) dict_keys(['example_branch_dop_operator_v3']) retrieved from /home/airflow/.local/lib/python3.8/site-packages/airflow/example_dags/example_branch_python_dop_operator_3.py
[2023-11-16T08:37:30.480+0000] {logging_mixin.py:151} INFO - [2023-11-16T08:37:30.480+0000] {dag.py:2941} INFO - Sync 1 DAGs
[2023-11-16T08:37:30.498+0000] {logging_mixin.py:151} INFO - [2023-11-16T08:37:30.498+0000] {dag.py:3722} INFO - Setting next_dagrun for example_branch_dop_operator_v3 to 2023-11-16T08:36:00+00:00, run_after=2023-11-16T08:37:00+00:00
[2023-11-16T08:37:30.510+0000] {processor.py:179} INFO - Processing /home/airflow/.local/lib/python3.8/site-packages/airflow/example_dags/example_branch_python_dop_operator_3.py took 0.054 seconds
[2023-11-16T08:38:00.691+0000] {processor.py:157} INFO - Started process (PID=1046) to work on /home/airflow/.local/lib/python3.8/site-packages/airflow/example_dags/example_branch_python_dop_operator_3.py
[2023-11-16T08:38:00.692+0000] {processor.py:829} INFO - Processing file /home/airflow/.local/lib/python3.8/site-packages/airflow/example_dags/example_branch_python_dop_operator_3.py for tasks to queue
[2023-11-16T08:38:00.694+0000] {logging_mixin.py:151} INFO - [2023-11-16T08:38:00.694+0000] {dagbag.py:536} INFO - Filling up the DagBag from /home/airflow/.local/lib/python3.8/site-packages/airflow/example_dags/example_branch_python_dop_operator_3.py
[2023-11-16T08:38:00.700+0000] {processor.py:839} INFO - DAG(s) dict_keys(['example_branch_dop_operator_v3']) retrieved from /home/airflow/.local/lib/python3.8/site-packages/airflow/example_dags/example_branch_python_dop_operator_3.py
[2023-11-16T08:38:00.714+0000] {logging_mixin.py:151} INFO - [2023-11-16T08:38:00.714+0000] {dag.py:2941} INFO - Sync 1 DAGs
[2023-11-16T08:38:00.733+0000] {logging_mixin.py:151} INFO - [2023-11-16T08:38:00.733+0000] {dag.py:3722} INFO - Setting next_dagrun for example_branch_dop_operator_v3 to 2023-11-16T08:37:00+00:00, run_after=2023-11-16T08:38:00+00:00
[2023-11-16T08:38:00.750+0000] {processor.py:179} INFO - Processing /home/airflow/.local/lib/python3.8/site-packages/airflow/example_dags/example_branch_python_dop_operator_3.py took 0.062 seconds
[2023-11-16T08:38:31.059+0000] {processor.py:157} INFO - Started process (PID=1100) to work on /home/airflow/.local/lib/python3.8/site-packages/airflow/example_dags/example_branch_python_dop_operator_3.py
[2023-11-16T08:38:31.060+0000] {processor.py:829} INFO - Processing file /home/airflow/.local/lib/python3.8/site-packages/airflow/example_dags/example_branch_python_dop_operator_3.py for tasks to queue
[2023-11-16T08:38:31.062+0000] {logging_mixin.py:151} INFO - [2023-11-16T08:38:31.062+0000] {dagbag.py:536} INFO - Filling up the DagBag from /home/airflow/.local/lib/python3.8/site-packages/airflow/example_dags/example_branch_python_dop_operator_3.py
[2023-11-16T08:38:31.068+0000] {processor.py:839} INFO - DAG(s) dict_keys(['example_branch_dop_operator_v3']) retrieved from /home/airflow/.local/lib/python3.8/site-packages/airflow/example_dags/example_branch_python_dop_operator_3.py
[2023-11-16T08:38:31.085+0000] {logging_mixin.py:151} INFO - [2023-11-16T08:38:31.085+0000] {dag.py:2941} INFO - Sync 1 DAGs
[2023-11-16T08:38:31.106+0000] {logging_mixin.py:151} INFO - [2023-11-16T08:38:31.105+0000] {dag.py:3722} INFO - Setting next_dagrun for example_branch_dop_operator_v3 to 2023-11-16T08:37:00+00:00, run_after=2023-11-16T08:38:00+00:00
[2023-11-16T08:38:31.121+0000] {processor.py:179} INFO - Processing /home/airflow/.local/lib/python3.8/site-packages/airflow/example_dags/example_branch_python_dop_operator_3.py took 0.064 seconds
[2023-11-16T08:39:01.216+0000] {processor.py:157} INFO - Started process (PID=1154) to work on /home/airflow/.local/lib/python3.8/site-packages/airflow/example_dags/example_branch_python_dop_operator_3.py
[2023-11-16T08:39:01.217+0000] {processor.py:829} INFO - Processing file /home/airflow/.local/lib/python3.8/site-packages/airflow/example_dags/example_branch_python_dop_operator_3.py for tasks to queue
[2023-11-16T08:39:01.219+0000] {logging_mixin.py:151} INFO - [2023-11-16T08:39:01.219+0000] {dagbag.py:536} INFO - Filling up the DagBag from /home/airflow/.local/lib/python3.8/site-packages/airflow/example_dags/example_branch_python_dop_operator_3.py
[2023-11-16T08:39:01.225+0000] {processor.py:839} INFO - DAG(s) dict_keys(['example_branch_dop_operator_v3']) retrieved from /home/airflow/.local/lib/python3.8/site-packages/airflow/example_dags/example_branch_python_dop_operator_3.py
[2023-11-16T08:39:01.238+0000] {logging_mixin.py:151} INFO - [2023-11-16T08:39:01.238+0000] {dag.py:2941} INFO - Sync 1 DAGs
[2023-11-16T08:39:01.256+0000] {logging_mixin.py:151} INFO - [2023-11-16T08:39:01.256+0000] {dag.py:3722} INFO - Setting next_dagrun for example_branch_dop_operator_v3 to 2023-11-16T08:38:00+00:00, run_after=2023-11-16T08:39:00+00:00
[2023-11-16T08:39:01.269+0000] {processor.py:179} INFO - Processing /home/airflow/.local/lib/python3.8/site-packages/airflow/example_dags/example_branch_python_dop_operator_3.py took 0.054 seconds
[2023-11-16T08:39:31.357+0000] {processor.py:157} INFO - Started process (PID=1208) to work on /home/airflow/.local/lib/python3.8/site-packages/airflow/example_dags/example_branch_python_dop_operator_3.py
[2023-11-16T08:39:31.358+0000] {processor.py:829} INFO - Processing file /home/airflow/.local/lib/python3.8/site-packages/airflow/example_dags/example_branch_python_dop_operator_3.py for tasks to queue
[2023-11-16T08:39:31.359+0000] {logging_mixin.py:151} INFO - [2023-11-16T08:39:31.359+0000] {dagbag.py:536} INFO - Filling up the DagBag from /home/airflow/.local/lib/python3.8/site-packages/airflow/example_dags/example_branch_python_dop_operator_3.py
[2023-11-16T08:39:31.365+0000] {processor.py:839} INFO - DAG(s) dict_keys(['example_branch_dop_operator_v3']) retrieved from /home/airflow/.local/lib/python3.8/site-packages/airflow/example_dags/example_branch_python_dop_operator_3.py
[2023-11-16T08:39:31.378+0000] {logging_mixin.py:151} INFO - [2023-11-16T08:39:31.378+0000] {dag.py:2941} INFO - Sync 1 DAGs
[2023-11-16T08:39:31.396+0000] {logging_mixin.py:151} INFO - [2023-11-16T08:39:31.396+0000] {dag.py:3722} INFO - Setting next_dagrun for example_branch_dop_operator_v3 to 2023-11-16T08:38:00+00:00, run_after=2023-11-16T08:39:00+00:00
[2023-11-16T08:39:31.409+0000] {processor.py:179} INFO - Processing /home/airflow/.local/lib/python3.8/site-packages/airflow/example_dags/example_branch_python_dop_operator_3.py took 0.054 seconds
[2023-11-16T08:40:01.579+0000] {processor.py:157} INFO - Started process (PID=1262) to work on /home/airflow/.local/lib/python3.8/site-packages/airflow/example_dags/example_branch_python_dop_operator_3.py
[2023-11-16T08:40:01.580+0000] {processor.py:829} INFO - Processing file /home/airflow/.local/lib/python3.8/site-packages/airflow/example_dags/example_branch_python_dop_operator_3.py for tasks to queue
[2023-11-16T08:40:01.582+0000] {logging_mixin.py:151} INFO - [2023-11-16T08:40:01.582+0000] {dagbag.py:536} INFO - Filling up the DagBag from /home/airflow/.local/lib/python3.8/site-packages/airflow/example_dags/example_branch_python_dop_operator_3.py
[2023-11-16T08:40:01.587+0000] {processor.py:839} INFO - DAG(s) dict_keys(['example_branch_dop_operator_v3']) retrieved from /home/airflow/.local/lib/python3.8/site-packages/airflow/example_dags/example_branch_python_dop_operator_3.py
[2023-11-16T08:40:01.600+0000] {logging_mixin.py:151} INFO - [2023-11-16T08:40:01.600+0000] {dag.py:2941} INFO - Sync 1 DAGs
[2023-11-16T08:40:01.618+0000] {logging_mixin.py:151} INFO - [2023-11-16T08:40:01.618+0000] {dag.py:3722} INFO - Setting next_dagrun for example_branch_dop_operator_v3 to 2023-11-16T08:39:00+00:00, run_after=2023-11-16T08:40:00+00:00
[2023-11-16T08:40:01.630+0000] {processor.py:179} INFO - Processing /home/airflow/.local/lib/python3.8/site-packages/airflow/example_dags/example_branch_python_dop_operator_3.py took 0.053 seconds
[2023-11-16T08:40:32.535+0000] {processor.py:157} INFO - Started process (PID=1323) to work on /home/airflow/.local/lib/python3.8/site-packages/airflow/example_dags/example_branch_python_dop_operator_3.py
[2023-11-16T08:40:32.536+0000] {processor.py:829} INFO - Processing file /home/airflow/.local/lib/python3.8/site-packages/airflow/example_dags/example_branch_python_dop_operator_3.py for tasks to queue
[2023-11-16T08:40:32.538+0000] {logging_mixin.py:151} INFO - [2023-11-16T08:40:32.537+0000] {dagbag.py:536} INFO - Filling up the DagBag from /home/airflow/.local/lib/python3.8/site-packages/airflow/example_dags/example_branch_python_dop_operator_3.py
[2023-11-16T08:40:32.543+0000] {processor.py:839} INFO - DAG(s) dict_keys(['example_branch_dop_operator_v3']) retrieved from /home/airflow/.local/lib/python3.8/site-packages/airflow/example_dags/example_branch_python_dop_operator_3.py
[2023-11-16T08:40:32.556+0000] {logging_mixin.py:151} INFO - [2023-11-16T08:40:32.556+0000] {dag.py:2941} INFO - Sync 1 DAGs
[2023-11-16T08:40:32.575+0000] {logging_mixin.py:151} INFO - [2023-11-16T08:40:32.575+0000] {dag.py:3722} INFO - Setting next_dagrun for example_branch_dop_operator_v3 to 2023-11-16T08:39:00+00:00, run_after=2023-11-16T08:40:00+00:00
[2023-11-16T08:40:32.587+0000] {processor.py:179} INFO - Processing /home/airflow/.local/lib/python3.8/site-packages/airflow/example_dags/example_branch_python_dop_operator_3.py took 0.054 seconds
[2023-11-16T08:41:03.417+0000] {processor.py:157} INFO - Started process (PID=1377) to work on /home/airflow/.local/lib/python3.8/site-packages/airflow/example_dags/example_branch_python_dop_operator_3.py
[2023-11-16T08:41:03.418+0000] {processor.py:829} INFO - Processing file /home/airflow/.local/lib/python3.8/site-packages/airflow/example_dags/example_branch_python_dop_operator_3.py for tasks to queue
[2023-11-16T08:41:03.420+0000] {logging_mixin.py:151} INFO - [2023-11-16T08:41:03.420+0000] {dagbag.py:536} INFO - Filling up the DagBag from /home/airflow/.local/lib/python3.8/site-packages/airflow/example_dags/example_branch_python_dop_operator_3.py
[2023-11-16T08:41:03.425+0000] {processor.py:839} INFO - DAG(s) dict_keys(['example_branch_dop_operator_v3']) retrieved from /home/airflow/.local/lib/python3.8/site-packages/airflow/example_dags/example_branch_python_dop_operator_3.py
[2023-11-16T08:41:03.438+0000] {logging_mixin.py:151} INFO - [2023-11-16T08:41:03.438+0000] {dag.py:2941} INFO - Sync 1 DAGs
[2023-11-16T08:41:03.456+0000] {logging_mixin.py:151} INFO - [2023-11-16T08:41:03.456+0000] {dag.py:3722} INFO - Setting next_dagrun for example_branch_dop_operator_v3 to 2023-11-16T08:40:00+00:00, run_after=2023-11-16T08:41:00+00:00
[2023-11-16T08:41:03.470+0000] {processor.py:179} INFO - Processing /home/airflow/.local/lib/python3.8/site-packages/airflow/example_dags/example_branch_python_dop_operator_3.py took 0.055 seconds
[2023-11-16T08:41:34.559+0000] {processor.py:157} INFO - Started process (PID=1431) to work on /home/airflow/.local/lib/python3.8/site-packages/airflow/example_dags/example_branch_python_dop_operator_3.py
[2023-11-16T08:41:34.560+0000] {processor.py:829} INFO - Processing file /home/airflow/.local/lib/python3.8/site-packages/airflow/example_dags/example_branch_python_dop_operator_3.py for tasks to queue
[2023-11-16T08:41:34.563+0000] {logging_mixin.py:151} INFO - [2023-11-16T08:41:34.563+0000] {dagbag.py:536} INFO - Filling up the DagBag from /home/airflow/.local/lib/python3.8/site-packages/airflow/example_dags/example_branch_python_dop_operator_3.py
[2023-11-16T08:41:34.573+0000] {processor.py:839} INFO - DAG(s) dict_keys(['example_branch_dop_operator_v3']) retrieved from /home/airflow/.local/lib/python3.8/site-packages/airflow/example_dags/example_branch_python_dop_operator_3.py
[2023-11-16T08:41:34.596+0000] {logging_mixin.py:151} INFO - [2023-11-16T08:41:34.596+0000] {dag.py:2941} INFO - Sync 1 DAGs
[2023-11-16T08:41:34.627+0000] {logging_mixin.py:151} INFO - [2023-11-16T08:41:34.627+0000] {dag.py:3722} INFO - Setting next_dagrun for example_branch_dop_operator_v3 to 2023-11-16T08:40:00+00:00, run_after=2023-11-16T08:41:00+00:00
[2023-11-16T08:41:34.650+0000] {processor.py:179} INFO - Processing /home/airflow/.local/lib/python3.8/site-packages/airflow/example_dags/example_branch_python_dop_operator_3.py took 0.094 seconds
[2023-11-16T08:42:05.605+0000] {processor.py:157} INFO - Started process (PID=1485) to work on /home/airflow/.local/lib/python3.8/site-packages/airflow/example_dags/example_branch_python_dop_operator_3.py
[2023-11-16T08:42:05.606+0000] {processor.py:829} INFO - Processing file /home/airflow/.local/lib/python3.8/site-packages/airflow/example_dags/example_branch_python_dop_operator_3.py for tasks to queue
[2023-11-16T08:42:05.608+0000] {logging_mixin.py:151} INFO - [2023-11-16T08:42:05.608+0000] {dagbag.py:536} INFO - Filling up the DagBag from /home/airflow/.local/lib/python3.8/site-packages/airflow/example_dags/example_branch_python_dop_operator_3.py
[2023-11-16T08:42:05.614+0000] {processor.py:839} INFO - DAG(s) dict_keys(['example_branch_dop_operator_v3']) retrieved from /home/airflow/.local/lib/python3.8/site-packages/airflow/example_dags/example_branch_python_dop_operator_3.py
[2023-11-16T08:42:05.627+0000] {logging_mixin.py:151} INFO - [2023-11-16T08:42:05.627+0000] {dag.py:2941} INFO - Sync 1 DAGs
[2023-11-16T08:42:05.648+0000] {logging_mixin.py:151} INFO - [2023-11-16T08:42:05.648+0000] {dag.py:3722} INFO - Setting next_dagrun for example_branch_dop_operator_v3 to 2023-11-16T08:41:00+00:00, run_after=2023-11-16T08:42:00+00:00
[2023-11-16T08:42:05.662+0000] {processor.py:179} INFO - Processing /home/airflow/.local/lib/python3.8/site-packages/airflow/example_dags/example_branch_python_dop_operator_3.py took 0.058 seconds
[2023-11-16T08:42:36.537+0000] {processor.py:157} INFO - Started process (PID=1539) to work on /home/airflow/.local/lib/python3.8/site-packages/airflow/example_dags/example_branch_python_dop_operator_3.py
[2023-11-16T08:42:36.538+0000] {processor.py:829} INFO - Processing file /home/airflow/.local/lib/python3.8/site-packages/airflow/example_dags/example_branch_python_dop_operator_3.py for tasks to queue
[2023-11-16T08:42:36.540+0000] {logging_mixin.py:151} INFO - [2023-11-16T08:42:36.539+0000] {dagbag.py:536} INFO - Filling up the DagBag from /home/airflow/.local/lib/python3.8/site-packages/airflow/example_dags/example_branch_python_dop_operator_3.py
[2023-11-16T08:42:36.545+0000] {processor.py:839} INFO - DAG(s) dict_keys(['example_branch_dop_operator_v3']) retrieved from /home/airflow/.local/lib/python3.8/site-packages/airflow/example_dags/example_branch_python_dop_operator_3.py
[2023-11-16T08:42:36.558+0000] {logging_mixin.py:151} INFO - [2023-11-16T08:42:36.557+0000] {dag.py:2941} INFO - Sync 1 DAGs
[2023-11-16T08:42:36.575+0000] {logging_mixin.py:151} INFO - [2023-11-16T08:42:36.575+0000] {dag.py:3722} INFO - Setting next_dagrun for example_branch_dop_operator_v3 to 2023-11-16T08:41:00+00:00, run_after=2023-11-16T08:42:00+00:00
[2023-11-16T08:42:36.587+0000] {processor.py:179} INFO - Processing /home/airflow/.local/lib/python3.8/site-packages/airflow/example_dags/example_branch_python_dop_operator_3.py took 0.052 seconds
[2023-11-16T08:43:07.702+0000] {processor.py:157} INFO - Started process (PID=1593) to work on /home/airflow/.local/lib/python3.8/site-packages/airflow/example_dags/example_branch_python_dop_operator_3.py
[2023-11-16T08:43:07.703+0000] {processor.py:829} INFO - Processing file /home/airflow/.local/lib/python3.8/site-packages/airflow/example_dags/example_branch_python_dop_operator_3.py for tasks to queue
[2023-11-16T08:43:07.705+0000] {logging_mixin.py:151} INFO - [2023-11-16T08:43:07.705+0000] {dagbag.py:536} INFO - Filling up the DagBag from /home/airflow/.local/lib/python3.8/site-packages/airflow/example_dags/example_branch_python_dop_operator_3.py
[2023-11-16T08:43:07.710+0000] {processor.py:839} INFO - DAG(s) dict_keys(['example_branch_dop_operator_v3']) retrieved from /home/airflow/.local/lib/python3.8/site-packages/airflow/example_dags/example_branch_python_dop_operator_3.py
[2023-11-16T08:43:07.724+0000] {logging_mixin.py:151} INFO - [2023-11-16T08:43:07.723+0000] {dag.py:2941} INFO - Sync 1 DAGs
[2023-11-16T08:43:07.741+0000] {logging_mixin.py:151} INFO - [2023-11-16T08:43:07.741+0000] {dag.py:3722} INFO - Setting next_dagrun for example_branch_dop_operator_v3 to 2023-11-16T08:42:00+00:00, run_after=2023-11-16T08:43:00+00:00
[2023-11-16T08:43:07.880+0000] {processor.py:179} INFO - Processing /home/airflow/.local/lib/python3.8/site-packages/airflow/example_dags/example_branch_python_dop_operator_3.py took 0.180 seconds
[2023-11-16T08:43:38.818+0000] {processor.py:157} INFO - Started process (PID=1647) to work on /home/airflow/.local/lib/python3.8/site-packages/airflow/example_dags/example_branch_python_dop_operator_3.py
[2023-11-16T08:43:38.819+0000] {processor.py:829} INFO - Processing file /home/airflow/.local/lib/python3.8/site-packages/airflow/example_dags/example_branch_python_dop_operator_3.py for tasks to queue
[2023-11-16T08:43:38.821+0000] {logging_mixin.py:151} INFO - [2023-11-16T08:43:38.821+0000] {dagbag.py:536} INFO - Filling up the DagBag from /home/airflow/.local/lib/python3.8/site-packages/airflow/example_dags/example_branch_python_dop_operator_3.py
[2023-11-16T08:43:38.827+0000] {processor.py:839} INFO - DAG(s) dict_keys(['example_branch_dop_operator_v3']) retrieved from /home/airflow/.local/lib/python3.8/site-packages/airflow/example_dags/example_branch_python_dop_operator_3.py
[2023-11-16T08:43:38.840+0000] {logging_mixin.py:151} INFO - [2023-11-16T08:43:38.840+0000] {dag.py:2941} INFO - Sync 1 DAGs
[2023-11-16T08:43:38.857+0000] {logging_mixin.py:151} INFO - [2023-11-16T08:43:38.857+0000] {dag.py:3722} INFO - Setting next_dagrun for example_branch_dop_operator_v3 to 2023-11-16T08:42:00+00:00, run_after=2023-11-16T08:43:00+00:00
[2023-11-16T08:43:38.869+0000] {processor.py:179} INFO - Processing /home/airflow/.local/lib/python3.8/site-packages/airflow/example_dags/example_branch_python_dop_operator_3.py took 0.053 seconds
[2023-11-16T08:44:09.260+0000] {processor.py:157} INFO - Started process (PID=1701) to work on /home/airflow/.local/lib/python3.8/site-packages/airflow/example_dags/example_branch_python_dop_operator_3.py
[2023-11-16T08:44:09.261+0000] {processor.py:829} INFO - Processing file /home/airflow/.local/lib/python3.8/site-packages/airflow/example_dags/example_branch_python_dop_operator_3.py for tasks to queue
[2023-11-16T08:44:09.263+0000] {logging_mixin.py:151} INFO - [2023-11-16T08:44:09.263+0000] {dagbag.py:536} INFO - Filling up the DagBag from /home/airflow/.local/lib/python3.8/site-packages/airflow/example_dags/example_branch_python_dop_operator_3.py
[2023-11-16T08:44:09.269+0000] {processor.py:839} INFO - DAG(s) dict_keys(['example_branch_dop_operator_v3']) retrieved from /home/airflow/.local/lib/python3.8/site-packages/airflow/example_dags/example_branch_python_dop_operator_3.py
[2023-11-16T08:44:09.282+0000] {logging_mixin.py:151} INFO - [2023-11-16T08:44:09.282+0000] {dag.py:2941} INFO - Sync 1 DAGs
[2023-11-16T08:44:09.299+0000] {logging_mixin.py:151} INFO - [2023-11-16T08:44:09.299+0000] {dag.py:3722} INFO - Setting next_dagrun for example_branch_dop_operator_v3 to 2023-11-16T08:43:00+00:00, run_after=2023-11-16T08:44:00+00:00
[2023-11-16T08:44:09.312+0000] {processor.py:179} INFO - Processing /home/airflow/.local/lib/python3.8/site-packages/airflow/example_dags/example_branch_python_dop_operator_3.py took 0.054 seconds
[2023-11-16T08:44:39.811+0000] {processor.py:157} INFO - Started process (PID=1755) to work on /home/airflow/.local/lib/python3.8/site-packages/airflow/example_dags/example_branch_python_dop_operator_3.py
[2023-11-16T08:44:39.812+0000] {processor.py:829} INFO - Processing file /home/airflow/.local/lib/python3.8/site-packages/airflow/example_dags/example_branch_python_dop_operator_3.py for tasks to queue
[2023-11-16T08:44:39.814+0000] {logging_mixin.py:151} INFO - [2023-11-16T08:44:39.814+0000] {dagbag.py:536} INFO - Filling up the DagBag from /home/airflow/.local/lib/python3.8/site-packages/airflow/example_dags/example_branch_python_dop_operator_3.py
[2023-11-16T08:44:39.819+0000] {processor.py:839} INFO - DAG(s) dict_keys(['example_branch_dop_operator_v3']) retrieved from /home/airflow/.local/lib/python3.8/site-packages/airflow/example_dags/example_branch_python_dop_operator_3.py
[2023-11-16T08:44:39.833+0000] {logging_mixin.py:151} INFO - [2023-11-16T08:44:39.832+0000] {dag.py:2941} INFO - Sync 1 DAGs
[2023-11-16T08:44:39.851+0000] {logging_mixin.py:151} INFO - [2023-11-16T08:44:39.851+0000] {dag.py:3722} INFO - Setting next_dagrun for example_branch_dop_operator_v3 to 2023-11-16T08:43:00+00:00, run_after=2023-11-16T08:44:00+00:00
[2023-11-16T08:44:39.863+0000] {processor.py:179} INFO - Processing /home/airflow/.local/lib/python3.8/site-packages/airflow/example_dags/example_branch_python_dop_operator_3.py took 0.054 seconds
[2023-11-16T08:45:10.143+0000] {processor.py:157} INFO - Started process (PID=1809) to work on /home/airflow/.local/lib/python3.8/site-packages/airflow/example_dags/example_branch_python_dop_operator_3.py
[2023-11-16T08:45:10.144+0000] {processor.py:829} INFO - Processing file /home/airflow/.local/lib/python3.8/site-packages/airflow/example_dags/example_branch_python_dop_operator_3.py for tasks to queue
[2023-11-16T08:45:10.146+0000] {logging_mixin.py:151} INFO - [2023-11-16T08:45:10.146+0000] {dagbag.py:536} INFO - Filling up the DagBag from /home/airflow/.local/lib/python3.8/site-packages/airflow/example_dags/example_branch_python_dop_operator_3.py
[2023-11-16T08:45:10.151+0000] {processor.py:839} INFO - DAG(s) dict_keys(['example_branch_dop_operator_v3']) retrieved from /home/airflow/.local/lib/python3.8/site-packages/airflow/example_dags/example_branch_python_dop_operator_3.py
[2023-11-16T08:45:10.164+0000] {logging_mixin.py:151} INFO - [2023-11-16T08:45:10.164+0000] {dag.py:2941} INFO - Sync 1 DAGs
[2023-11-16T08:45:10.182+0000] {logging_mixin.py:151} INFO - [2023-11-16T08:45:10.182+0000] {dag.py:3722} INFO - Setting next_dagrun for example_branch_dop_operator_v3 to 2023-11-16T08:44:00+00:00, run_after=2023-11-16T08:45:00+00:00
[2023-11-16T08:45:10.324+0000] {processor.py:179} INFO - Processing /home/airflow/.local/lib/python3.8/site-packages/airflow/example_dags/example_branch_python_dop_operator_3.py took 0.182 seconds
[2023-11-16T08:45:40.427+0000] {processor.py:157} INFO - Started process (PID=1863) to work on /home/airflow/.local/lib/python3.8/site-packages/airflow/example_dags/example_branch_python_dop_operator_3.py
[2023-11-16T08:45:40.428+0000] {processor.py:829} INFO - Processing file /home/airflow/.local/lib/python3.8/site-packages/airflow/example_dags/example_branch_python_dop_operator_3.py for tasks to queue
[2023-11-16T08:45:40.430+0000] {logging_mixin.py:151} INFO - [2023-11-16T08:45:40.430+0000] {dagbag.py:536} INFO - Filling up the DagBag from /home/airflow/.local/lib/python3.8/site-packages/airflow/example_dags/example_branch_python_dop_operator_3.py
[2023-11-16T08:45:40.436+0000] {processor.py:839} INFO - DAG(s) dict_keys(['example_branch_dop_operator_v3']) retrieved from /home/airflow/.local/lib/python3.8/site-packages/airflow/example_dags/example_branch_python_dop_operator_3.py
[2023-11-16T08:45:40.450+0000] {logging_mixin.py:151} INFO - [2023-11-16T08:45:40.450+0000] {dag.py:2941} INFO - Sync 1 DAGs
[2023-11-16T08:45:40.472+0000] {logging_mixin.py:151} INFO - [2023-11-16T08:45:40.472+0000] {dag.py:3722} INFO - Setting next_dagrun for example_branch_dop_operator_v3 to 2023-11-16T08:44:00+00:00, run_after=2023-11-16T08:45:00+00:00
[2023-11-16T08:45:40.488+0000] {processor.py:179} INFO - Processing /home/airflow/.local/lib/python3.8/site-packages/airflow/example_dags/example_branch_python_dop_operator_3.py took 0.064 seconds
[2023-11-16T08:46:10.783+0000] {processor.py:157} INFO - Started process (PID=1917) to work on /home/airflow/.local/lib/python3.8/site-packages/airflow/example_dags/example_branch_python_dop_operator_3.py
[2023-11-16T08:46:10.784+0000] {processor.py:829} INFO - Processing file /home/airflow/.local/lib/python3.8/site-packages/airflow/example_dags/example_branch_python_dop_operator_3.py for tasks to queue
[2023-11-16T08:46:10.786+0000] {logging_mixin.py:151} INFO - [2023-11-16T08:46:10.786+0000] {dagbag.py:536} INFO - Filling up the DagBag from /home/airflow/.local/lib/python3.8/site-packages/airflow/example_dags/example_branch_python_dop_operator_3.py
[2023-11-16T08:46:10.791+0000] {processor.py:839} INFO - DAG(s) dict_keys(['example_branch_dop_operator_v3']) retrieved from /home/airflow/.local/lib/python3.8/site-packages/airflow/example_dags/example_branch_python_dop_operator_3.py
[2023-11-16T08:46:10.806+0000] {logging_mixin.py:151} INFO - [2023-11-16T08:46:10.805+0000] {dag.py:2941} INFO - Sync 1 DAGs
[2023-11-16T08:46:10.825+0000] {logging_mixin.py:151} INFO - [2023-11-16T08:46:10.825+0000] {dag.py:3722} INFO - Setting next_dagrun for example_branch_dop_operator_v3 to 2023-11-16T08:45:00+00:00, run_after=2023-11-16T08:46:00+00:00
[2023-11-16T08:46:10.839+0000] {processor.py:179} INFO - Processing /home/airflow/.local/lib/python3.8/site-packages/airflow/example_dags/example_branch_python_dop_operator_3.py took 0.058 seconds
