[2023-11-16T08:28:49.390+0000] {processor.py:157} INFO - Started process (PID=54) to work on /home/airflow/.local/lib/python3.8/site-packages/airflow/example_dags/example_sla_dag.py
[2023-11-16T08:28:49.391+0000] {processor.py:829} INFO - Processing file /home/airflow/.local/lib/python3.8/site-packages/airflow/example_dags/example_sla_dag.py for tasks to queue
[2023-11-16T08:28:49.396+0000] {logging_mixin.py:151} INFO - [2023-11-16T08:28:49.396+0000] {dagbag.py:536} INFO - Filling up the DagBag from /home/airflow/.local/lib/python3.8/site-packages/airflow/example_dags/example_sla_dag.py
[2023-11-16T08:28:49.410+0000] {processor.py:839} INFO - DAG(s) dict_keys(['example_sla_dag']) retrieved from /home/airflow/.local/lib/python3.8/site-packages/airflow/example_dags/example_sla_dag.py
[2023-11-16T08:28:49.439+0000] {logging_mixin.py:151} INFO - [2023-11-16T08:28:49.439+0000] {dag.py:2941} INFO - Sync 1 DAGs
[2023-11-16T08:28:49.468+0000] {logging_mixin.py:151} INFO - [2023-11-16T08:28:49.468+0000] {dag.py:3722} INFO - Setting next_dagrun for example_sla_dag to 2023-11-16T08:26:00+00:00, run_after=2023-11-16T08:28:00+00:00
[2023-11-16T08:28:49.492+0000] {processor.py:179} INFO - Processing /home/airflow/.local/lib/python3.8/site-packages/airflow/example_dags/example_sla_dag.py took 0.107 seconds
[2023-11-16T08:29:19.703+0000] {processor.py:157} INFO - Started process (PID=108) to work on /home/airflow/.local/lib/python3.8/site-packages/airflow/example_dags/example_sla_dag.py
[2023-11-16T08:29:19.704+0000] {processor.py:829} INFO - Processing file /home/airflow/.local/lib/python3.8/site-packages/airflow/example_dags/example_sla_dag.py for tasks to queue
[2023-11-16T08:29:19.705+0000] {logging_mixin.py:151} INFO - [2023-11-16T08:29:19.705+0000] {dagbag.py:536} INFO - Filling up the DagBag from /home/airflow/.local/lib/python3.8/site-packages/airflow/example_dags/example_sla_dag.py
[2023-11-16T08:29:19.711+0000] {processor.py:839} INFO - DAG(s) dict_keys(['example_sla_dag']) retrieved from /home/airflow/.local/lib/python3.8/site-packages/airflow/example_dags/example_sla_dag.py
[2023-11-16T08:29:19.723+0000] {logging_mixin.py:151} INFO - [2023-11-16T08:29:19.723+0000] {dag.py:2941} INFO - Sync 1 DAGs
[2023-11-16T08:29:19.740+0000] {logging_mixin.py:151} INFO - [2023-11-16T08:29:19.740+0000] {dag.py:3722} INFO - Setting next_dagrun for example_sla_dag to 2023-11-16T08:26:00+00:00, run_after=2023-11-16T08:28:00+00:00
[2023-11-16T08:29:19.752+0000] {processor.py:179} INFO - Processing /home/airflow/.local/lib/python3.8/site-packages/airflow/example_dags/example_sla_dag.py took 0.051 seconds
[2023-11-16T08:29:50.473+0000] {processor.py:157} INFO - Started process (PID=162) to work on /home/airflow/.local/lib/python3.8/site-packages/airflow/example_dags/example_sla_dag.py
[2023-11-16T08:29:50.475+0000] {processor.py:829} INFO - Processing file /home/airflow/.local/lib/python3.8/site-packages/airflow/example_dags/example_sla_dag.py for tasks to queue
[2023-11-16T08:29:50.477+0000] {logging_mixin.py:151} INFO - [2023-11-16T08:29:50.477+0000] {dagbag.py:536} INFO - Filling up the DagBag from /home/airflow/.local/lib/python3.8/site-packages/airflow/example_dags/example_sla_dag.py
[2023-11-16T08:29:50.484+0000] {processor.py:839} INFO - DAG(s) dict_keys(['example_sla_dag']) retrieved from /home/airflow/.local/lib/python3.8/site-packages/airflow/example_dags/example_sla_dag.py
[2023-11-16T08:29:50.504+0000] {logging_mixin.py:151} INFO - [2023-11-16T08:29:50.504+0000] {dag.py:2941} INFO - Sync 1 DAGs
[2023-11-16T08:29:50.536+0000] {logging_mixin.py:151} INFO - [2023-11-16T08:29:50.536+0000] {dag.py:3722} INFO - Setting next_dagrun for example_sla_dag to 2023-11-16T08:26:00+00:00, run_after=2023-11-16T08:28:00+00:00
[2023-11-16T08:29:50.558+0000] {processor.py:179} INFO - Processing /home/airflow/.local/lib/python3.8/site-packages/airflow/example_dags/example_sla_dag.py took 0.088 seconds
[2023-11-16T08:30:20.666+0000] {processor.py:157} INFO - Started process (PID=216) to work on /home/airflow/.local/lib/python3.8/site-packages/airflow/example_dags/example_sla_dag.py
[2023-11-16T08:30:20.667+0000] {processor.py:829} INFO - Processing file /home/airflow/.local/lib/python3.8/site-packages/airflow/example_dags/example_sla_dag.py for tasks to queue
[2023-11-16T08:30:20.669+0000] {logging_mixin.py:151} INFO - [2023-11-16T08:30:20.668+0000] {dagbag.py:536} INFO - Filling up the DagBag from /home/airflow/.local/lib/python3.8/site-packages/airflow/example_dags/example_sla_dag.py
[2023-11-16T08:30:20.674+0000] {processor.py:839} INFO - DAG(s) dict_keys(['example_sla_dag']) retrieved from /home/airflow/.local/lib/python3.8/site-packages/airflow/example_dags/example_sla_dag.py
[2023-11-16T08:30:20.687+0000] {logging_mixin.py:151} INFO - [2023-11-16T08:30:20.686+0000] {dag.py:2941} INFO - Sync 1 DAGs
[2023-11-16T08:30:20.705+0000] {logging_mixin.py:151} INFO - [2023-11-16T08:30:20.704+0000] {dag.py:3722} INFO - Setting next_dagrun for example_sla_dag to 2023-11-16T08:28:00+00:00, run_after=2023-11-16T08:30:00+00:00
[2023-11-16T08:30:20.717+0000] {processor.py:179} INFO - Processing /home/airflow/.local/lib/python3.8/site-packages/airflow/example_dags/example_sla_dag.py took 0.054 seconds
[2023-11-16T08:30:51.721+0000] {processor.py:157} INFO - Started process (PID=270) to work on /home/airflow/.local/lib/python3.8/site-packages/airflow/example_dags/example_sla_dag.py
[2023-11-16T08:30:51.722+0000] {processor.py:829} INFO - Processing file /home/airflow/.local/lib/python3.8/site-packages/airflow/example_dags/example_sla_dag.py for tasks to queue
[2023-11-16T08:30:51.724+0000] {logging_mixin.py:151} INFO - [2023-11-16T08:30:51.724+0000] {dagbag.py:536} INFO - Filling up the DagBag from /home/airflow/.local/lib/python3.8/site-packages/airflow/example_dags/example_sla_dag.py
[2023-11-16T08:30:51.729+0000] {processor.py:839} INFO - DAG(s) dict_keys(['example_sla_dag']) retrieved from /home/airflow/.local/lib/python3.8/site-packages/airflow/example_dags/example_sla_dag.py
[2023-11-16T08:30:51.743+0000] {logging_mixin.py:151} INFO - [2023-11-16T08:30:51.742+0000] {dag.py:2941} INFO - Sync 1 DAGs
[2023-11-16T08:30:51.759+0000] {logging_mixin.py:151} INFO - [2023-11-16T08:30:51.759+0000] {dag.py:3722} INFO - Setting next_dagrun for example_sla_dag to 2023-11-16T08:28:00+00:00, run_after=2023-11-16T08:30:00+00:00
[2023-11-16T08:30:51.773+0000] {processor.py:179} INFO - Processing /home/airflow/.local/lib/python3.8/site-packages/airflow/example_dags/example_sla_dag.py took 0.054 seconds
[2023-11-16T08:31:22.105+0000] {processor.py:157} INFO - Started process (PID=324) to work on /home/airflow/.local/lib/python3.8/site-packages/airflow/example_dags/example_sla_dag.py
[2023-11-16T08:31:22.105+0000] {processor.py:829} INFO - Processing file /home/airflow/.local/lib/python3.8/site-packages/airflow/example_dags/example_sla_dag.py for tasks to queue
[2023-11-16T08:31:22.107+0000] {logging_mixin.py:151} INFO - [2023-11-16T08:31:22.107+0000] {dagbag.py:536} INFO - Filling up the DagBag from /home/airflow/.local/lib/python3.8/site-packages/airflow/example_dags/example_sla_dag.py
[2023-11-16T08:31:22.114+0000] {processor.py:839} INFO - DAG(s) dict_keys(['example_sla_dag']) retrieved from /home/airflow/.local/lib/python3.8/site-packages/airflow/example_dags/example_sla_dag.py
[2023-11-16T08:31:22.128+0000] {logging_mixin.py:151} INFO - [2023-11-16T08:31:22.128+0000] {dag.py:2941} INFO - Sync 1 DAGs
[2023-11-16T08:31:22.147+0000] {logging_mixin.py:151} INFO - [2023-11-16T08:31:22.147+0000] {dag.py:3722} INFO - Setting next_dagrun for example_sla_dag to 2023-11-16T08:28:00+00:00, run_after=2023-11-16T08:30:00+00:00
[2023-11-16T08:31:22.162+0000] {processor.py:179} INFO - Processing /home/airflow/.local/lib/python3.8/site-packages/airflow/example_dags/example_sla_dag.py took 0.060 seconds
[2023-11-16T08:31:52.318+0000] {processor.py:157} INFO - Started process (PID=378) to work on /home/airflow/.local/lib/python3.8/site-packages/airflow/example_dags/example_sla_dag.py
[2023-11-16T08:31:52.319+0000] {processor.py:829} INFO - Processing file /home/airflow/.local/lib/python3.8/site-packages/airflow/example_dags/example_sla_dag.py for tasks to queue
[2023-11-16T08:31:52.321+0000] {logging_mixin.py:151} INFO - [2023-11-16T08:31:52.321+0000] {dagbag.py:536} INFO - Filling up the DagBag from /home/airflow/.local/lib/python3.8/site-packages/airflow/example_dags/example_sla_dag.py
[2023-11-16T08:31:52.327+0000] {processor.py:839} INFO - DAG(s) dict_keys(['example_sla_dag']) retrieved from /home/airflow/.local/lib/python3.8/site-packages/airflow/example_dags/example_sla_dag.py
[2023-11-16T08:31:52.339+0000] {logging_mixin.py:151} INFO - [2023-11-16T08:31:52.339+0000] {dag.py:2941} INFO - Sync 1 DAGs
[2023-11-16T08:31:52.355+0000] {logging_mixin.py:151} INFO - [2023-11-16T08:31:52.355+0000] {dag.py:3722} INFO - Setting next_dagrun for example_sla_dag to 2023-11-16T08:28:00+00:00, run_after=2023-11-16T08:30:00+00:00
[2023-11-16T08:31:52.366+0000] {processor.py:179} INFO - Processing /home/airflow/.local/lib/python3.8/site-packages/airflow/example_dags/example_sla_dag.py took 0.051 seconds
[2023-11-16T08:32:22.469+0000] {processor.py:157} INFO - Started process (PID=432) to work on /home/airflow/.local/lib/python3.8/site-packages/airflow/example_dags/example_sla_dag.py
[2023-11-16T08:32:22.470+0000] {processor.py:829} INFO - Processing file /home/airflow/.local/lib/python3.8/site-packages/airflow/example_dags/example_sla_dag.py for tasks to queue
[2023-11-16T08:32:22.472+0000] {logging_mixin.py:151} INFO - [2023-11-16T08:32:22.471+0000] {dagbag.py:536} INFO - Filling up the DagBag from /home/airflow/.local/lib/python3.8/site-packages/airflow/example_dags/example_sla_dag.py
[2023-11-16T08:32:22.477+0000] {processor.py:839} INFO - DAG(s) dict_keys(['example_sla_dag']) retrieved from /home/airflow/.local/lib/python3.8/site-packages/airflow/example_dags/example_sla_dag.py
[2023-11-16T08:32:22.489+0000] {logging_mixin.py:151} INFO - [2023-11-16T08:32:22.489+0000] {dag.py:2941} INFO - Sync 1 DAGs
[2023-11-16T08:32:22.505+0000] {logging_mixin.py:151} INFO - [2023-11-16T08:32:22.505+0000] {dag.py:3722} INFO - Setting next_dagrun for example_sla_dag to 2023-11-16T08:30:00+00:00, run_after=2023-11-16T08:32:00+00:00
[2023-11-16T08:32:22.516+0000] {processor.py:179} INFO - Processing /home/airflow/.local/lib/python3.8/site-packages/airflow/example_dags/example_sla_dag.py took 0.049 seconds
[2023-11-16T08:32:52.752+0000] {processor.py:157} INFO - Started process (PID=486) to work on /home/airflow/.local/lib/python3.8/site-packages/airflow/example_dags/example_sla_dag.py
[2023-11-16T08:32:52.779+0000] {processor.py:829} INFO - Processing file /home/airflow/.local/lib/python3.8/site-packages/airflow/example_dags/example_sla_dag.py for tasks to queue
[2023-11-16T08:32:52.781+0000] {logging_mixin.py:151} INFO - [2023-11-16T08:32:52.781+0000] {dagbag.py:536} INFO - Filling up the DagBag from /home/airflow/.local/lib/python3.8/site-packages/airflow/example_dags/example_sla_dag.py
[2023-11-16T08:32:52.787+0000] {processor.py:839} INFO - DAG(s) dict_keys(['example_sla_dag']) retrieved from /home/airflow/.local/lib/python3.8/site-packages/airflow/example_dags/example_sla_dag.py
[2023-11-16T08:32:52.799+0000] {logging_mixin.py:151} INFO - [2023-11-16T08:32:52.799+0000] {dag.py:2941} INFO - Sync 1 DAGs
[2023-11-16T08:32:52.816+0000] {logging_mixin.py:151} INFO - [2023-11-16T08:32:52.816+0000] {dag.py:3722} INFO - Setting next_dagrun for example_sla_dag to 2023-11-16T08:30:00+00:00, run_after=2023-11-16T08:32:00+00:00
[2023-11-16T08:32:52.827+0000] {processor.py:179} INFO - Processing /home/airflow/.local/lib/python3.8/site-packages/airflow/example_dags/example_sla_dag.py took 0.077 seconds
[2023-11-16T08:33:23.023+0000] {processor.py:157} INFO - Started process (PID=540) to work on /home/airflow/.local/lib/python3.8/site-packages/airflow/example_dags/example_sla_dag.py
[2023-11-16T08:33:23.050+0000] {processor.py:829} INFO - Processing file /home/airflow/.local/lib/python3.8/site-packages/airflow/example_dags/example_sla_dag.py for tasks to queue
[2023-11-16T08:33:23.052+0000] {logging_mixin.py:151} INFO - [2023-11-16T08:33:23.052+0000] {dagbag.py:536} INFO - Filling up the DagBag from /home/airflow/.local/lib/python3.8/site-packages/airflow/example_dags/example_sla_dag.py
[2023-11-16T08:33:23.058+0000] {processor.py:839} INFO - DAG(s) dict_keys(['example_sla_dag']) retrieved from /home/airflow/.local/lib/python3.8/site-packages/airflow/example_dags/example_sla_dag.py
[2023-11-16T08:33:23.071+0000] {logging_mixin.py:151} INFO - [2023-11-16T08:33:23.070+0000] {dag.py:2941} INFO - Sync 1 DAGs
[2023-11-16T08:33:23.088+0000] {logging_mixin.py:151} INFO - [2023-11-16T08:33:23.088+0000] {dag.py:3722} INFO - Setting next_dagrun for example_sla_dag to 2023-11-16T08:30:00+00:00, run_after=2023-11-16T08:32:00+00:00
[2023-11-16T08:33:23.100+0000] {processor.py:179} INFO - Processing /home/airflow/.local/lib/python3.8/site-packages/airflow/example_dags/example_sla_dag.py took 0.079 seconds
[2023-11-16T08:33:53.232+0000] {processor.py:157} INFO - Started process (PID=594) to work on /home/airflow/.local/lib/python3.8/site-packages/airflow/example_dags/example_sla_dag.py
[2023-11-16T08:33:53.305+0000] {processor.py:829} INFO - Processing file /home/airflow/.local/lib/python3.8/site-packages/airflow/example_dags/example_sla_dag.py for tasks to queue
[2023-11-16T08:33:53.307+0000] {logging_mixin.py:151} INFO - [2023-11-16T08:33:53.306+0000] {dagbag.py:536} INFO - Filling up the DagBag from /home/airflow/.local/lib/python3.8/site-packages/airflow/example_dags/example_sla_dag.py
[2023-11-16T08:33:53.313+0000] {processor.py:839} INFO - DAG(s) dict_keys(['example_sla_dag']) retrieved from /home/airflow/.local/lib/python3.8/site-packages/airflow/example_dags/example_sla_dag.py
[2023-11-16T08:33:53.326+0000] {logging_mixin.py:151} INFO - [2023-11-16T08:33:53.326+0000] {dag.py:2941} INFO - Sync 1 DAGs
[2023-11-16T08:33:53.343+0000] {logging_mixin.py:151} INFO - [2023-11-16T08:33:53.343+0000] {dag.py:3722} INFO - Setting next_dagrun for example_sla_dag to 2023-11-16T08:30:00+00:00, run_after=2023-11-16T08:32:00+00:00
[2023-11-16T08:33:53.355+0000] {processor.py:179} INFO - Processing /home/airflow/.local/lib/python3.8/site-packages/airflow/example_dags/example_sla_dag.py took 0.125 seconds
[2023-11-16T08:34:23.765+0000] {processor.py:157} INFO - Started process (PID=648) to work on /home/airflow/.local/lib/python3.8/site-packages/airflow/example_dags/example_sla_dag.py
[2023-11-16T08:34:23.766+0000] {processor.py:829} INFO - Processing file /home/airflow/.local/lib/python3.8/site-packages/airflow/example_dags/example_sla_dag.py for tasks to queue
[2023-11-16T08:34:23.767+0000] {logging_mixin.py:151} INFO - [2023-11-16T08:34:23.767+0000] {dagbag.py:536} INFO - Filling up the DagBag from /home/airflow/.local/lib/python3.8/site-packages/airflow/example_dags/example_sla_dag.py
[2023-11-16T08:34:23.774+0000] {processor.py:839} INFO - DAG(s) dict_keys(['example_sla_dag']) retrieved from /home/airflow/.local/lib/python3.8/site-packages/airflow/example_dags/example_sla_dag.py
[2023-11-16T08:34:23.789+0000] {logging_mixin.py:151} INFO - [2023-11-16T08:34:23.789+0000] {dag.py:2941} INFO - Sync 1 DAGs
[2023-11-16T08:34:23.807+0000] {logging_mixin.py:151} INFO - [2023-11-16T08:34:23.807+0000] {dag.py:3722} INFO - Setting next_dagrun for example_sla_dag to 2023-11-16T08:32:00+00:00, run_after=2023-11-16T08:34:00+00:00
[2023-11-16T08:34:23.820+0000] {processor.py:179} INFO - Processing /home/airflow/.local/lib/python3.8/site-packages/airflow/example_dags/example_sla_dag.py took 0.057 seconds
[2023-11-16T08:34:53.897+0000] {processor.py:157} INFO - Started process (PID=702) to work on /home/airflow/.local/lib/python3.8/site-packages/airflow/example_dags/example_sla_dag.py
[2023-11-16T08:34:53.898+0000] {processor.py:829} INFO - Processing file /home/airflow/.local/lib/python3.8/site-packages/airflow/example_dags/example_sla_dag.py for tasks to queue
[2023-11-16T08:34:53.900+0000] {logging_mixin.py:151} INFO - [2023-11-16T08:34:53.899+0000] {dagbag.py:536} INFO - Filling up the DagBag from /home/airflow/.local/lib/python3.8/site-packages/airflow/example_dags/example_sla_dag.py
[2023-11-16T08:34:53.905+0000] {processor.py:839} INFO - DAG(s) dict_keys(['example_sla_dag']) retrieved from /home/airflow/.local/lib/python3.8/site-packages/airflow/example_dags/example_sla_dag.py
[2023-11-16T08:34:53.919+0000] {logging_mixin.py:151} INFO - [2023-11-16T08:34:53.919+0000] {dag.py:2941} INFO - Sync 1 DAGs
[2023-11-16T08:34:53.937+0000] {logging_mixin.py:151} INFO - [2023-11-16T08:34:53.937+0000] {dag.py:3722} INFO - Setting next_dagrun for example_sla_dag to 2023-11-16T08:32:00+00:00, run_after=2023-11-16T08:34:00+00:00
[2023-11-16T08:34:53.950+0000] {processor.py:179} INFO - Processing /home/airflow/.local/lib/python3.8/site-packages/airflow/example_dags/example_sla_dag.py took 0.055 seconds
[2023-11-16T08:35:24.000+0000] {processor.py:157} INFO - Started process (PID=756) to work on /home/airflow/.local/lib/python3.8/site-packages/airflow/example_dags/example_sla_dag.py
[2023-11-16T08:35:24.001+0000] {processor.py:829} INFO - Processing file /home/airflow/.local/lib/python3.8/site-packages/airflow/example_dags/example_sla_dag.py for tasks to queue
[2023-11-16T08:35:24.003+0000] {logging_mixin.py:151} INFO - [2023-11-16T08:35:24.002+0000] {dagbag.py:536} INFO - Filling up the DagBag from /home/airflow/.local/lib/python3.8/site-packages/airflow/example_dags/example_sla_dag.py
[2023-11-16T08:35:24.009+0000] {processor.py:839} INFO - DAG(s) dict_keys(['example_sla_dag']) retrieved from /home/airflow/.local/lib/python3.8/site-packages/airflow/example_dags/example_sla_dag.py
[2023-11-16T08:35:24.021+0000] {logging_mixin.py:151} INFO - [2023-11-16T08:35:24.021+0000] {dag.py:2941} INFO - Sync 1 DAGs
[2023-11-16T08:35:24.037+0000] {logging_mixin.py:151} INFO - [2023-11-16T08:35:24.037+0000] {dag.py:3722} INFO - Setting next_dagrun for example_sla_dag to 2023-11-16T08:32:00+00:00, run_after=2023-11-16T08:34:00+00:00
[2023-11-16T08:35:24.048+0000] {processor.py:179} INFO - Processing /home/airflow/.local/lib/python3.8/site-packages/airflow/example_dags/example_sla_dag.py took 0.050 seconds
[2023-11-16T08:35:54.124+0000] {processor.py:157} INFO - Started process (PID=810) to work on /home/airflow/.local/lib/python3.8/site-packages/airflow/example_dags/example_sla_dag.py
[2023-11-16T08:35:54.125+0000] {processor.py:829} INFO - Processing file /home/airflow/.local/lib/python3.8/site-packages/airflow/example_dags/example_sla_dag.py for tasks to queue
[2023-11-16T08:35:54.127+0000] {logging_mixin.py:151} INFO - [2023-11-16T08:35:54.127+0000] {dagbag.py:536} INFO - Filling up the DagBag from /home/airflow/.local/lib/python3.8/site-packages/airflow/example_dags/example_sla_dag.py
[2023-11-16T08:35:54.133+0000] {processor.py:839} INFO - DAG(s) dict_keys(['example_sla_dag']) retrieved from /home/airflow/.local/lib/python3.8/site-packages/airflow/example_dags/example_sla_dag.py
[2023-11-16T08:35:54.146+0000] {logging_mixin.py:151} INFO - [2023-11-16T08:35:54.146+0000] {dag.py:2941} INFO - Sync 1 DAGs
[2023-11-16T08:35:54.166+0000] {logging_mixin.py:151} INFO - [2023-11-16T08:35:54.166+0000] {dag.py:3722} INFO - Setting next_dagrun for example_sla_dag to 2023-11-16T08:32:00+00:00, run_after=2023-11-16T08:34:00+00:00
[2023-11-16T08:35:54.180+0000] {processor.py:179} INFO - Processing /home/airflow/.local/lib/python3.8/site-packages/airflow/example_dags/example_sla_dag.py took 0.058 seconds
[2023-11-16T08:36:24.222+0000] {processor.py:157} INFO - Started process (PID=864) to work on /home/airflow/.local/lib/python3.8/site-packages/airflow/example_dags/example_sla_dag.py
[2023-11-16T08:36:24.223+0000] {processor.py:829} INFO - Processing file /home/airflow/.local/lib/python3.8/site-packages/airflow/example_dags/example_sla_dag.py for tasks to queue
[2023-11-16T08:36:24.224+0000] {logging_mixin.py:151} INFO - [2023-11-16T08:36:24.224+0000] {dagbag.py:536} INFO - Filling up the DagBag from /home/airflow/.local/lib/python3.8/site-packages/airflow/example_dags/example_sla_dag.py
[2023-11-16T08:36:24.229+0000] {processor.py:839} INFO - DAG(s) dict_keys(['example_sla_dag']) retrieved from /home/airflow/.local/lib/python3.8/site-packages/airflow/example_dags/example_sla_dag.py
[2023-11-16T08:36:24.241+0000] {logging_mixin.py:151} INFO - [2023-11-16T08:36:24.241+0000] {dag.py:2941} INFO - Sync 1 DAGs
[2023-11-16T08:36:24.257+0000] {logging_mixin.py:151} INFO - [2023-11-16T08:36:24.256+0000] {dag.py:3722} INFO - Setting next_dagrun for example_sla_dag to 2023-11-16T08:34:00+00:00, run_after=2023-11-16T08:36:00+00:00
[2023-11-16T08:36:24.268+0000] {processor.py:179} INFO - Processing /home/airflow/.local/lib/python3.8/site-packages/airflow/example_dags/example_sla_dag.py took 0.049 seconds
[2023-11-16T08:36:54.462+0000] {processor.py:157} INFO - Started process (PID=918) to work on /home/airflow/.local/lib/python3.8/site-packages/airflow/example_dags/example_sla_dag.py
[2023-11-16T08:36:54.463+0000] {processor.py:829} INFO - Processing file /home/airflow/.local/lib/python3.8/site-packages/airflow/example_dags/example_sla_dag.py for tasks to queue
[2023-11-16T08:36:54.464+0000] {logging_mixin.py:151} INFO - [2023-11-16T08:36:54.464+0000] {dagbag.py:536} INFO - Filling up the DagBag from /home/airflow/.local/lib/python3.8/site-packages/airflow/example_dags/example_sla_dag.py
[2023-11-16T08:36:54.470+0000] {processor.py:839} INFO - DAG(s) dict_keys(['example_sla_dag']) retrieved from /home/airflow/.local/lib/python3.8/site-packages/airflow/example_dags/example_sla_dag.py
[2023-11-16T08:36:54.485+0000] {logging_mixin.py:151} INFO - [2023-11-16T08:36:54.484+0000] {dag.py:2941} INFO - Sync 1 DAGs
[2023-11-16T08:36:54.504+0000] {logging_mixin.py:151} INFO - [2023-11-16T08:36:54.504+0000] {dag.py:3722} INFO - Setting next_dagrun for example_sla_dag to 2023-11-16T08:34:00+00:00, run_after=2023-11-16T08:36:00+00:00
[2023-11-16T08:36:54.520+0000] {processor.py:179} INFO - Processing /home/airflow/.local/lib/python3.8/site-packages/airflow/example_dags/example_sla_dag.py took 0.060 seconds
[2023-11-16T08:37:24.686+0000] {processor.py:157} INFO - Started process (PID=972) to work on /home/airflow/.local/lib/python3.8/site-packages/airflow/example_dags/example_sla_dag.py
[2023-11-16T08:37:24.687+0000] {processor.py:829} INFO - Processing file /home/airflow/.local/lib/python3.8/site-packages/airflow/example_dags/example_sla_dag.py for tasks to queue
[2023-11-16T08:37:24.689+0000] {logging_mixin.py:151} INFO - [2023-11-16T08:37:24.688+0000] {dagbag.py:536} INFO - Filling up the DagBag from /home/airflow/.local/lib/python3.8/site-packages/airflow/example_dags/example_sla_dag.py
[2023-11-16T08:37:24.694+0000] {processor.py:839} INFO - DAG(s) dict_keys(['example_sla_dag']) retrieved from /home/airflow/.local/lib/python3.8/site-packages/airflow/example_dags/example_sla_dag.py
[2023-11-16T08:37:24.706+0000] {logging_mixin.py:151} INFO - [2023-11-16T08:37:24.706+0000] {dag.py:2941} INFO - Sync 1 DAGs
[2023-11-16T08:37:24.723+0000] {logging_mixin.py:151} INFO - [2023-11-16T08:37:24.723+0000] {dag.py:3722} INFO - Setting next_dagrun for example_sla_dag to 2023-11-16T08:34:00+00:00, run_after=2023-11-16T08:36:00+00:00
[2023-11-16T08:37:24.735+0000] {processor.py:179} INFO - Processing /home/airflow/.local/lib/python3.8/site-packages/airflow/example_dags/example_sla_dag.py took 0.051 seconds
[2023-11-16T08:37:54.785+0000] {processor.py:157} INFO - Started process (PID=1026) to work on /home/airflow/.local/lib/python3.8/site-packages/airflow/example_dags/example_sla_dag.py
[2023-11-16T08:37:54.786+0000] {processor.py:829} INFO - Processing file /home/airflow/.local/lib/python3.8/site-packages/airflow/example_dags/example_sla_dag.py for tasks to queue
[2023-11-16T08:37:54.787+0000] {logging_mixin.py:151} INFO - [2023-11-16T08:37:54.787+0000] {dagbag.py:536} INFO - Filling up the DagBag from /home/airflow/.local/lib/python3.8/site-packages/airflow/example_dags/example_sla_dag.py
[2023-11-16T08:37:54.793+0000] {processor.py:839} INFO - DAG(s) dict_keys(['example_sla_dag']) retrieved from /home/airflow/.local/lib/python3.8/site-packages/airflow/example_dags/example_sla_dag.py
[2023-11-16T08:37:54.806+0000] {logging_mixin.py:151} INFO - [2023-11-16T08:37:54.805+0000] {dag.py:2941} INFO - Sync 1 DAGs
[2023-11-16T08:37:54.823+0000] {logging_mixin.py:151} INFO - [2023-11-16T08:37:54.823+0000] {dag.py:3722} INFO - Setting next_dagrun for example_sla_dag to 2023-11-16T08:34:00+00:00, run_after=2023-11-16T08:36:00+00:00
[2023-11-16T08:37:54.835+0000] {processor.py:179} INFO - Processing /home/airflow/.local/lib/python3.8/site-packages/airflow/example_dags/example_sla_dag.py took 0.052 seconds
[2023-11-16T08:38:25.039+0000] {processor.py:157} INFO - Started process (PID=1080) to work on /home/airflow/.local/lib/python3.8/site-packages/airflow/example_dags/example_sla_dag.py
[2023-11-16T08:38:25.039+0000] {processor.py:829} INFO - Processing file /home/airflow/.local/lib/python3.8/site-packages/airflow/example_dags/example_sla_dag.py for tasks to queue
[2023-11-16T08:38:25.041+0000] {logging_mixin.py:151} INFO - [2023-11-16T08:38:25.041+0000] {dagbag.py:536} INFO - Filling up the DagBag from /home/airflow/.local/lib/python3.8/site-packages/airflow/example_dags/example_sla_dag.py
[2023-11-16T08:38:25.046+0000] {processor.py:839} INFO - DAG(s) dict_keys(['example_sla_dag']) retrieved from /home/airflow/.local/lib/python3.8/site-packages/airflow/example_dags/example_sla_dag.py
[2023-11-16T08:38:25.058+0000] {logging_mixin.py:151} INFO - [2023-11-16T08:38:25.058+0000] {dag.py:2941} INFO - Sync 1 DAGs
[2023-11-16T08:38:25.074+0000] {logging_mixin.py:151} INFO - [2023-11-16T08:38:25.074+0000] {dag.py:3722} INFO - Setting next_dagrun for example_sla_dag to 2023-11-16T08:36:00+00:00, run_after=2023-11-16T08:38:00+00:00
[2023-11-16T08:38:25.087+0000] {processor.py:179} INFO - Processing /home/airflow/.local/lib/python3.8/site-packages/airflow/example_dags/example_sla_dag.py took 0.050 seconds
[2023-11-16T08:38:55.435+0000] {processor.py:157} INFO - Started process (PID=1134) to work on /home/airflow/.local/lib/python3.8/site-packages/airflow/example_dags/example_sla_dag.py
[2023-11-16T08:38:55.447+0000] {processor.py:829} INFO - Processing file /home/airflow/.local/lib/python3.8/site-packages/airflow/example_dags/example_sla_dag.py for tasks to queue
[2023-11-16T08:38:55.449+0000] {logging_mixin.py:151} INFO - [2023-11-16T08:38:55.448+0000] {dagbag.py:536} INFO - Filling up the DagBag from /home/airflow/.local/lib/python3.8/site-packages/airflow/example_dags/example_sla_dag.py
[2023-11-16T08:38:55.454+0000] {processor.py:839} INFO - DAG(s) dict_keys(['example_sla_dag']) retrieved from /home/airflow/.local/lib/python3.8/site-packages/airflow/example_dags/example_sla_dag.py
[2023-11-16T08:38:55.466+0000] {logging_mixin.py:151} INFO - [2023-11-16T08:38:55.466+0000] {dag.py:2941} INFO - Sync 1 DAGs
[2023-11-16T08:38:55.486+0000] {logging_mixin.py:151} INFO - [2023-11-16T08:38:55.486+0000] {dag.py:3722} INFO - Setting next_dagrun for example_sla_dag to 2023-11-16T08:36:00+00:00, run_after=2023-11-16T08:38:00+00:00
[2023-11-16T08:38:55.501+0000] {processor.py:179} INFO - Processing /home/airflow/.local/lib/python3.8/site-packages/airflow/example_dags/example_sla_dag.py took 0.068 seconds
[2023-11-16T08:39:25.569+0000] {processor.py:157} INFO - Started process (PID=1188) to work on /home/airflow/.local/lib/python3.8/site-packages/airflow/example_dags/example_sla_dag.py
[2023-11-16T08:39:25.569+0000] {processor.py:829} INFO - Processing file /home/airflow/.local/lib/python3.8/site-packages/airflow/example_dags/example_sla_dag.py for tasks to queue
[2023-11-16T08:39:25.571+0000] {logging_mixin.py:151} INFO - [2023-11-16T08:39:25.571+0000] {dagbag.py:536} INFO - Filling up the DagBag from /home/airflow/.local/lib/python3.8/site-packages/airflow/example_dags/example_sla_dag.py
[2023-11-16T08:39:25.576+0000] {processor.py:839} INFO - DAG(s) dict_keys(['example_sla_dag']) retrieved from /home/airflow/.local/lib/python3.8/site-packages/airflow/example_dags/example_sla_dag.py
[2023-11-16T08:39:25.588+0000] {logging_mixin.py:151} INFO - [2023-11-16T08:39:25.587+0000] {dag.py:2941} INFO - Sync 1 DAGs
[2023-11-16T08:39:25.604+0000] {logging_mixin.py:151} INFO - [2023-11-16T08:39:25.603+0000] {dag.py:3722} INFO - Setting next_dagrun for example_sla_dag to 2023-11-16T08:36:00+00:00, run_after=2023-11-16T08:38:00+00:00
[2023-11-16T08:39:25.623+0000] {processor.py:179} INFO - Processing /home/airflow/.local/lib/python3.8/site-packages/airflow/example_dags/example_sla_dag.py took 0.057 seconds
[2023-11-16T08:39:55.719+0000] {processor.py:157} INFO - Started process (PID=1242) to work on /home/airflow/.local/lib/python3.8/site-packages/airflow/example_dags/example_sla_dag.py
[2023-11-16T08:39:55.720+0000] {processor.py:829} INFO - Processing file /home/airflow/.local/lib/python3.8/site-packages/airflow/example_dags/example_sla_dag.py for tasks to queue
[2023-11-16T08:39:55.721+0000] {logging_mixin.py:151} INFO - [2023-11-16T08:39:55.721+0000] {dagbag.py:536} INFO - Filling up the DagBag from /home/airflow/.local/lib/python3.8/site-packages/airflow/example_dags/example_sla_dag.py
[2023-11-16T08:39:55.726+0000] {processor.py:839} INFO - DAG(s) dict_keys(['example_sla_dag']) retrieved from /home/airflow/.local/lib/python3.8/site-packages/airflow/example_dags/example_sla_dag.py
[2023-11-16T08:39:55.738+0000] {logging_mixin.py:151} INFO - [2023-11-16T08:39:55.738+0000] {dag.py:2941} INFO - Sync 1 DAGs
[2023-11-16T08:39:55.754+0000] {logging_mixin.py:151} INFO - [2023-11-16T08:39:55.754+0000] {dag.py:3722} INFO - Setting next_dagrun for example_sla_dag to 2023-11-16T08:36:00+00:00, run_after=2023-11-16T08:38:00+00:00
[2023-11-16T08:39:55.765+0000] {processor.py:179} INFO - Processing /home/airflow/.local/lib/python3.8/site-packages/airflow/example_dags/example_sla_dag.py took 0.049 seconds
[2023-11-16T08:40:25.859+0000] {processor.py:157} INFO - Started process (PID=1296) to work on /home/airflow/.local/lib/python3.8/site-packages/airflow/example_dags/example_sla_dag.py
[2023-11-16T08:40:25.859+0000] {processor.py:829} INFO - Processing file /home/airflow/.local/lib/python3.8/site-packages/airflow/example_dags/example_sla_dag.py for tasks to queue
[2023-11-16T08:40:25.861+0000] {logging_mixin.py:151} INFO - [2023-11-16T08:40:25.861+0000] {dagbag.py:536} INFO - Filling up the DagBag from /home/airflow/.local/lib/python3.8/site-packages/airflow/example_dags/example_sla_dag.py
[2023-11-16T08:40:25.866+0000] {processor.py:839} INFO - DAG(s) dict_keys(['example_sla_dag']) retrieved from /home/airflow/.local/lib/python3.8/site-packages/airflow/example_dags/example_sla_dag.py
[2023-11-16T08:40:25.878+0000] {logging_mixin.py:151} INFO - [2023-11-16T08:40:25.877+0000] {dag.py:2941} INFO - Sync 1 DAGs
[2023-11-16T08:40:25.894+0000] {logging_mixin.py:151} INFO - [2023-11-16T08:40:25.894+0000] {dag.py:3722} INFO - Setting next_dagrun for example_sla_dag to 2023-11-16T08:38:00+00:00, run_after=2023-11-16T08:40:00+00:00
[2023-11-16T08:40:25.905+0000] {processor.py:179} INFO - Processing /home/airflow/.local/lib/python3.8/site-packages/airflow/example_dags/example_sla_dag.py took 0.048 seconds
[2023-11-16T08:40:56.659+0000] {processor.py:157} INFO - Started process (PID=1350) to work on /home/airflow/.local/lib/python3.8/site-packages/airflow/example_dags/example_sla_dag.py
[2023-11-16T08:40:56.660+0000] {processor.py:829} INFO - Processing file /home/airflow/.local/lib/python3.8/site-packages/airflow/example_dags/example_sla_dag.py for tasks to queue
[2023-11-16T08:40:56.662+0000] {logging_mixin.py:151} INFO - [2023-11-16T08:40:56.661+0000] {dagbag.py:536} INFO - Filling up the DagBag from /home/airflow/.local/lib/python3.8/site-packages/airflow/example_dags/example_sla_dag.py
[2023-11-16T08:40:56.667+0000] {processor.py:839} INFO - DAG(s) dict_keys(['example_sla_dag']) retrieved from /home/airflow/.local/lib/python3.8/site-packages/airflow/example_dags/example_sla_dag.py
[2023-11-16T08:40:56.680+0000] {logging_mixin.py:151} INFO - [2023-11-16T08:40:56.680+0000] {dag.py:2941} INFO - Sync 1 DAGs
[2023-11-16T08:40:56.699+0000] {logging_mixin.py:151} INFO - [2023-11-16T08:40:56.699+0000] {dag.py:3722} INFO - Setting next_dagrun for example_sla_dag to 2023-11-16T08:38:00+00:00, run_after=2023-11-16T08:40:00+00:00
[2023-11-16T08:40:56.713+0000] {processor.py:179} INFO - Processing /home/airflow/.local/lib/python3.8/site-packages/airflow/example_dags/example_sla_dag.py took 0.056 seconds
[2023-11-16T08:41:26.737+0000] {processor.py:157} INFO - Started process (PID=1404) to work on /home/airflow/.local/lib/python3.8/site-packages/airflow/example_dags/example_sla_dag.py
[2023-11-16T08:41:26.738+0000] {processor.py:829} INFO - Processing file /home/airflow/.local/lib/python3.8/site-packages/airflow/example_dags/example_sla_dag.py for tasks to queue
[2023-11-16T08:41:26.740+0000] {logging_mixin.py:151} INFO - [2023-11-16T08:41:26.740+0000] {dagbag.py:536} INFO - Filling up the DagBag from /home/airflow/.local/lib/python3.8/site-packages/airflow/example_dags/example_sla_dag.py
[2023-11-16T08:41:26.745+0000] {processor.py:839} INFO - DAG(s) dict_keys(['example_sla_dag']) retrieved from /home/airflow/.local/lib/python3.8/site-packages/airflow/example_dags/example_sla_dag.py
[2023-11-16T08:41:26.757+0000] {logging_mixin.py:151} INFO - [2023-11-16T08:41:26.757+0000] {dag.py:2941} INFO - Sync 1 DAGs
[2023-11-16T08:41:26.773+0000] {logging_mixin.py:151} INFO - [2023-11-16T08:41:26.773+0000] {dag.py:3722} INFO - Setting next_dagrun for example_sla_dag to 2023-11-16T08:38:00+00:00, run_after=2023-11-16T08:40:00+00:00
[2023-11-16T08:41:26.784+0000] {processor.py:179} INFO - Processing /home/airflow/.local/lib/python3.8/site-packages/airflow/example_dags/example_sla_dag.py took 0.049 seconds
[2023-11-16T08:41:56.887+0000] {processor.py:157} INFO - Started process (PID=1458) to work on /home/airflow/.local/lib/python3.8/site-packages/airflow/example_dags/example_sla_dag.py
[2023-11-16T08:41:56.888+0000] {processor.py:829} INFO - Processing file /home/airflow/.local/lib/python3.8/site-packages/airflow/example_dags/example_sla_dag.py for tasks to queue
[2023-11-16T08:41:56.889+0000] {logging_mixin.py:151} INFO - [2023-11-16T08:41:56.889+0000] {dagbag.py:536} INFO - Filling up the DagBag from /home/airflow/.local/lib/python3.8/site-packages/airflow/example_dags/example_sla_dag.py
[2023-11-16T08:41:56.895+0000] {processor.py:839} INFO - DAG(s) dict_keys(['example_sla_dag']) retrieved from /home/airflow/.local/lib/python3.8/site-packages/airflow/example_dags/example_sla_dag.py
[2023-11-16T08:41:56.906+0000] {logging_mixin.py:151} INFO - [2023-11-16T08:41:56.906+0000] {dag.py:2941} INFO - Sync 1 DAGs
[2023-11-16T08:41:56.923+0000] {logging_mixin.py:151} INFO - [2023-11-16T08:41:56.923+0000] {dag.py:3722} INFO - Setting next_dagrun for example_sla_dag to 2023-11-16T08:38:00+00:00, run_after=2023-11-16T08:40:00+00:00
[2023-11-16T08:41:56.935+0000] {processor.py:179} INFO - Processing /home/airflow/.local/lib/python3.8/site-packages/airflow/example_dags/example_sla_dag.py took 0.050 seconds
[2023-11-16T08:42:27.804+0000] {processor.py:157} INFO - Started process (PID=1512) to work on /home/airflow/.local/lib/python3.8/site-packages/airflow/example_dags/example_sla_dag.py
[2023-11-16T08:42:27.805+0000] {processor.py:829} INFO - Processing file /home/airflow/.local/lib/python3.8/site-packages/airflow/example_dags/example_sla_dag.py for tasks to queue
[2023-11-16T08:42:27.806+0000] {logging_mixin.py:151} INFO - [2023-11-16T08:42:27.806+0000] {dagbag.py:536} INFO - Filling up the DagBag from /home/airflow/.local/lib/python3.8/site-packages/airflow/example_dags/example_sla_dag.py
[2023-11-16T08:42:27.812+0000] {processor.py:839} INFO - DAG(s) dict_keys(['example_sla_dag']) retrieved from /home/airflow/.local/lib/python3.8/site-packages/airflow/example_dags/example_sla_dag.py
[2023-11-16T08:42:27.823+0000] {logging_mixin.py:151} INFO - [2023-11-16T08:42:27.823+0000] {dag.py:2941} INFO - Sync 1 DAGs
[2023-11-16T08:42:27.839+0000] {logging_mixin.py:151} INFO - [2023-11-16T08:42:27.839+0000] {dag.py:3722} INFO - Setting next_dagrun for example_sla_dag to 2023-11-16T08:40:00+00:00, run_after=2023-11-16T08:42:00+00:00
[2023-11-16T08:42:27.851+0000] {processor.py:179} INFO - Processing /home/airflow/.local/lib/python3.8/site-packages/airflow/example_dags/example_sla_dag.py took 0.048 seconds
[2023-11-16T08:42:58.658+0000] {processor.py:157} INFO - Started process (PID=1566) to work on /home/airflow/.local/lib/python3.8/site-packages/airflow/example_dags/example_sla_dag.py
[2023-11-16T08:42:58.659+0000] {processor.py:829} INFO - Processing file /home/airflow/.local/lib/python3.8/site-packages/airflow/example_dags/example_sla_dag.py for tasks to queue
[2023-11-16T08:42:58.661+0000] {logging_mixin.py:151} INFO - [2023-11-16T08:42:58.661+0000] {dagbag.py:536} INFO - Filling up the DagBag from /home/airflow/.local/lib/python3.8/site-packages/airflow/example_dags/example_sla_dag.py
[2023-11-16T08:42:58.666+0000] {processor.py:839} INFO - DAG(s) dict_keys(['example_sla_dag']) retrieved from /home/airflow/.local/lib/python3.8/site-packages/airflow/example_dags/example_sla_dag.py
[2023-11-16T08:42:58.677+0000] {logging_mixin.py:151} INFO - [2023-11-16T08:42:58.677+0000] {dag.py:2941} INFO - Sync 1 DAGs
[2023-11-16T08:42:58.693+0000] {logging_mixin.py:151} INFO - [2023-11-16T08:42:58.693+0000] {dag.py:3722} INFO - Setting next_dagrun for example_sla_dag to 2023-11-16T08:40:00+00:00, run_after=2023-11-16T08:42:00+00:00
[2023-11-16T08:42:58.704+0000] {processor.py:179} INFO - Processing /home/airflow/.local/lib/python3.8/site-packages/airflow/example_dags/example_sla_dag.py took 0.048 seconds
[2023-11-16T08:43:29.194+0000] {processor.py:157} INFO - Started process (PID=1620) to work on /home/airflow/.local/lib/python3.8/site-packages/airflow/example_dags/example_sla_dag.py
[2023-11-16T08:43:29.195+0000] {processor.py:829} INFO - Processing file /home/airflow/.local/lib/python3.8/site-packages/airflow/example_dags/example_sla_dag.py for tasks to queue
[2023-11-16T08:43:29.197+0000] {logging_mixin.py:151} INFO - [2023-11-16T08:43:29.196+0000] {dagbag.py:536} INFO - Filling up the DagBag from /home/airflow/.local/lib/python3.8/site-packages/airflow/example_dags/example_sla_dag.py
[2023-11-16T08:43:29.202+0000] {processor.py:839} INFO - DAG(s) dict_keys(['example_sla_dag']) retrieved from /home/airflow/.local/lib/python3.8/site-packages/airflow/example_dags/example_sla_dag.py
[2023-11-16T08:43:29.214+0000] {logging_mixin.py:151} INFO - [2023-11-16T08:43:29.214+0000] {dag.py:2941} INFO - Sync 1 DAGs
[2023-11-16T08:43:29.232+0000] {logging_mixin.py:151} INFO - [2023-11-16T08:43:29.231+0000] {dag.py:3722} INFO - Setting next_dagrun for example_sla_dag to 2023-11-16T08:40:00+00:00, run_after=2023-11-16T08:42:00+00:00
[2023-11-16T08:43:29.247+0000] {processor.py:179} INFO - Processing /home/airflow/.local/lib/python3.8/site-packages/airflow/example_dags/example_sla_dag.py took 0.055 seconds
[2023-11-16T08:43:59.641+0000] {processor.py:157} INFO - Started process (PID=1674) to work on /home/airflow/.local/lib/python3.8/site-packages/airflow/example_dags/example_sla_dag.py
[2023-11-16T08:43:59.642+0000] {processor.py:829} INFO - Processing file /home/airflow/.local/lib/python3.8/site-packages/airflow/example_dags/example_sla_dag.py for tasks to queue
[2023-11-16T08:43:59.643+0000] {logging_mixin.py:151} INFO - [2023-11-16T08:43:59.643+0000] {dagbag.py:536} INFO - Filling up the DagBag from /home/airflow/.local/lib/python3.8/site-packages/airflow/example_dags/example_sla_dag.py
[2023-11-16T08:43:59.649+0000] {processor.py:839} INFO - DAG(s) dict_keys(['example_sla_dag']) retrieved from /home/airflow/.local/lib/python3.8/site-packages/airflow/example_dags/example_sla_dag.py
[2023-11-16T08:43:59.661+0000] {logging_mixin.py:151} INFO - [2023-11-16T08:43:59.660+0000] {dag.py:2941} INFO - Sync 1 DAGs
[2023-11-16T08:43:59.677+0000] {logging_mixin.py:151} INFO - [2023-11-16T08:43:59.677+0000] {dag.py:3722} INFO - Setting next_dagrun for example_sla_dag to 2023-11-16T08:40:00+00:00, run_after=2023-11-16T08:42:00+00:00
[2023-11-16T08:43:59.688+0000] {processor.py:179} INFO - Processing /home/airflow/.local/lib/python3.8/site-packages/airflow/example_dags/example_sla_dag.py took 0.049 seconds
[2023-11-16T08:44:30.164+0000] {processor.py:157} INFO - Started process (PID=1728) to work on /home/airflow/.local/lib/python3.8/site-packages/airflow/example_dags/example_sla_dag.py
[2023-11-16T08:44:30.165+0000] {processor.py:829} INFO - Processing file /home/airflow/.local/lib/python3.8/site-packages/airflow/example_dags/example_sla_dag.py for tasks to queue
[2023-11-16T08:44:30.167+0000] {logging_mixin.py:151} INFO - [2023-11-16T08:44:30.167+0000] {dagbag.py:536} INFO - Filling up the DagBag from /home/airflow/.local/lib/python3.8/site-packages/airflow/example_dags/example_sla_dag.py
[2023-11-16T08:44:30.173+0000] {processor.py:839} INFO - DAG(s) dict_keys(['example_sla_dag']) retrieved from /home/airflow/.local/lib/python3.8/site-packages/airflow/example_dags/example_sla_dag.py
[2023-11-16T08:44:30.187+0000] {logging_mixin.py:151} INFO - [2023-11-16T08:44:30.186+0000] {dag.py:2941} INFO - Sync 1 DAGs
[2023-11-16T08:44:30.204+0000] {logging_mixin.py:151} INFO - [2023-11-16T08:44:30.204+0000] {dag.py:3722} INFO - Setting next_dagrun for example_sla_dag to 2023-11-16T08:42:00+00:00, run_after=2023-11-16T08:44:00+00:00
[2023-11-16T08:44:30.344+0000] {processor.py:179} INFO - Processing /home/airflow/.local/lib/python3.8/site-packages/airflow/example_dags/example_sla_dag.py took 0.182 seconds
[2023-11-16T08:45:00.946+0000] {processor.py:157} INFO - Started process (PID=1782) to work on /home/airflow/.local/lib/python3.8/site-packages/airflow/example_dags/example_sla_dag.py
[2023-11-16T08:45:00.947+0000] {processor.py:829} INFO - Processing file /home/airflow/.local/lib/python3.8/site-packages/airflow/example_dags/example_sla_dag.py for tasks to queue
[2023-11-16T08:45:00.948+0000] {logging_mixin.py:151} INFO - [2023-11-16T08:45:00.948+0000] {dagbag.py:536} INFO - Filling up the DagBag from /home/airflow/.local/lib/python3.8/site-packages/airflow/example_dags/example_sla_dag.py
[2023-11-16T08:45:00.954+0000] {processor.py:839} INFO - DAG(s) dict_keys(['example_sla_dag']) retrieved from /home/airflow/.local/lib/python3.8/site-packages/airflow/example_dags/example_sla_dag.py
[2023-11-16T08:45:00.965+0000] {logging_mixin.py:151} INFO - [2023-11-16T08:45:00.965+0000] {dag.py:2941} INFO - Sync 1 DAGs
[2023-11-16T08:45:00.981+0000] {logging_mixin.py:151} INFO - [2023-11-16T08:45:00.981+0000] {dag.py:3722} INFO - Setting next_dagrun for example_sla_dag to 2023-11-16T08:42:00+00:00, run_after=2023-11-16T08:44:00+00:00
[2023-11-16T08:45:00.993+0000] {processor.py:179} INFO - Processing /home/airflow/.local/lib/python3.8/site-packages/airflow/example_dags/example_sla_dag.py took 0.049 seconds
[2023-11-16T08:45:31.781+0000] {processor.py:157} INFO - Started process (PID=1836) to work on /home/airflow/.local/lib/python3.8/site-packages/airflow/example_dags/example_sla_dag.py
[2023-11-16T08:45:31.782+0000] {processor.py:829} INFO - Processing file /home/airflow/.local/lib/python3.8/site-packages/airflow/example_dags/example_sla_dag.py for tasks to queue
[2023-11-16T08:45:31.784+0000] {logging_mixin.py:151} INFO - [2023-11-16T08:45:31.783+0000] {dagbag.py:536} INFO - Filling up the DagBag from /home/airflow/.local/lib/python3.8/site-packages/airflow/example_dags/example_sla_dag.py
[2023-11-16T08:45:31.789+0000] {processor.py:839} INFO - DAG(s) dict_keys(['example_sla_dag']) retrieved from /home/airflow/.local/lib/python3.8/site-packages/airflow/example_dags/example_sla_dag.py
[2023-11-16T08:45:31.800+0000] {logging_mixin.py:151} INFO - [2023-11-16T08:45:31.800+0000] {dag.py:2941} INFO - Sync 1 DAGs
[2023-11-16T08:45:31.817+0000] {logging_mixin.py:151} INFO - [2023-11-16T08:45:31.817+0000] {dag.py:3722} INFO - Setting next_dagrun for example_sla_dag to 2023-11-16T08:42:00+00:00, run_after=2023-11-16T08:44:00+00:00
[2023-11-16T08:45:31.828+0000] {processor.py:179} INFO - Processing /home/airflow/.local/lib/python3.8/site-packages/airflow/example_dags/example_sla_dag.py took 0.049 seconds
[2023-11-16T08:46:02.651+0000] {processor.py:157} INFO - Started process (PID=1897) to work on /home/airflow/.local/lib/python3.8/site-packages/airflow/example_dags/example_sla_dag.py
[2023-11-16T08:46:02.651+0000] {processor.py:829} INFO - Processing file /home/airflow/.local/lib/python3.8/site-packages/airflow/example_dags/example_sla_dag.py for tasks to queue
[2023-11-16T08:46:02.653+0000] {logging_mixin.py:151} INFO - [2023-11-16T08:46:02.653+0000] {dagbag.py:536} INFO - Filling up the DagBag from /home/airflow/.local/lib/python3.8/site-packages/airflow/example_dags/example_sla_dag.py
[2023-11-16T08:46:02.659+0000] {processor.py:839} INFO - DAG(s) dict_keys(['example_sla_dag']) retrieved from /home/airflow/.local/lib/python3.8/site-packages/airflow/example_dags/example_sla_dag.py
[2023-11-16T08:46:02.672+0000] {logging_mixin.py:151} INFO - [2023-11-16T08:46:02.672+0000] {dag.py:2941} INFO - Sync 1 DAGs
[2023-11-16T08:46:02.805+0000] {logging_mixin.py:151} INFO - [2023-11-16T08:46:02.805+0000] {dag.py:3722} INFO - Setting next_dagrun for example_sla_dag to 2023-11-16T08:44:00+00:00, run_after=2023-11-16T08:46:00+00:00
[2023-11-16T08:46:02.856+0000] {processor.py:179} INFO - Processing /home/airflow/.local/lib/python3.8/site-packages/airflow/example_dags/example_sla_dag.py took 0.208 seconds
