[2023-11-16T08:28:49.351+0000] {processor.py:157} INFO - Started process (PID=53) to work on /home/airflow/.local/lib/python3.8/site-packages/airflow/example_dags/example_latest_only_with_trigger.py
[2023-11-16T08:28:49.353+0000] {processor.py:829} INFO - Processing file /home/airflow/.local/lib/python3.8/site-packages/airflow/example_dags/example_latest_only_with_trigger.py for tasks to queue
[2023-11-16T08:28:49.357+0000] {logging_mixin.py:151} INFO - [2023-11-16T08:28:49.356+0000] {dagbag.py:536} INFO - Filling up the DagBag from /home/airflow/.local/lib/python3.8/site-packages/airflow/example_dags/example_latest_only_with_trigger.py
[2023-11-16T08:28:49.366+0000] {processor.py:839} INFO - DAG(s) dict_keys(['latest_only_with_trigger']) retrieved from /home/airflow/.local/lib/python3.8/site-packages/airflow/example_dags/example_latest_only_with_trigger.py
[2023-11-16T08:28:49.396+0000] {logging_mixin.py:151} INFO - [2023-11-16T08:28:49.395+0000] {dag.py:2941} INFO - Sync 1 DAGs
[2023-11-16T08:28:49.428+0000] {logging_mixin.py:151} INFO - [2023-11-16T08:28:49.428+0000] {dag.py:3722} INFO - Setting next_dagrun for latest_only_with_trigger to 2023-11-16T04:28:49.427965+00:00, run_after=2023-11-16T08:28:49.427965+00:00
[2023-11-16T08:28:49.450+0000] {processor.py:179} INFO - Processing /home/airflow/.local/lib/python3.8/site-packages/airflow/example_dags/example_latest_only_with_trigger.py took 0.103 seconds
[2023-11-16T08:29:19.703+0000] {processor.py:157} INFO - Started process (PID=107) to work on /home/airflow/.local/lib/python3.8/site-packages/airflow/example_dags/example_latest_only_with_trigger.py
[2023-11-16T08:29:19.704+0000] {processor.py:829} INFO - Processing file /home/airflow/.local/lib/python3.8/site-packages/airflow/example_dags/example_latest_only_with_trigger.py for tasks to queue
[2023-11-16T08:29:19.705+0000] {logging_mixin.py:151} INFO - [2023-11-16T08:29:19.705+0000] {dagbag.py:536} INFO - Filling up the DagBag from /home/airflow/.local/lib/python3.8/site-packages/airflow/example_dags/example_latest_only_with_trigger.py
[2023-11-16T08:29:19.709+0000] {processor.py:839} INFO - DAG(s) dict_keys(['latest_only_with_trigger']) retrieved from /home/airflow/.local/lib/python3.8/site-packages/airflow/example_dags/example_latest_only_with_trigger.py
[2023-11-16T08:29:19.723+0000] {logging_mixin.py:151} INFO - [2023-11-16T08:29:19.723+0000] {dag.py:2941} INFO - Sync 1 DAGs
[2023-11-16T08:29:19.738+0000] {logging_mixin.py:151} INFO - [2023-11-16T08:29:19.737+0000] {dag.py:3722} INFO - Setting next_dagrun for latest_only_with_trigger to 2023-11-16T04:29:19.737732+00:00, run_after=2023-11-16T08:29:19.737732+00:00
[2023-11-16T08:29:19.749+0000] {processor.py:179} INFO - Processing /home/airflow/.local/lib/python3.8/site-packages/airflow/example_dags/example_latest_only_with_trigger.py took 0.049 seconds
[2023-11-16T08:29:50.391+0000] {processor.py:157} INFO - Started process (PID=161) to work on /home/airflow/.local/lib/python3.8/site-packages/airflow/example_dags/example_latest_only_with_trigger.py
[2023-11-16T08:29:50.392+0000] {processor.py:829} INFO - Processing file /home/airflow/.local/lib/python3.8/site-packages/airflow/example_dags/example_latest_only_with_trigger.py for tasks to queue
[2023-11-16T08:29:50.395+0000] {logging_mixin.py:151} INFO - [2023-11-16T08:29:50.394+0000] {dagbag.py:536} INFO - Filling up the DagBag from /home/airflow/.local/lib/python3.8/site-packages/airflow/example_dags/example_latest_only_with_trigger.py
[2023-11-16T08:29:50.400+0000] {processor.py:839} INFO - DAG(s) dict_keys(['latest_only_with_trigger']) retrieved from /home/airflow/.local/lib/python3.8/site-packages/airflow/example_dags/example_latest_only_with_trigger.py
[2023-11-16T08:29:50.420+0000] {logging_mixin.py:151} INFO - [2023-11-16T08:29:50.420+0000] {dag.py:2941} INFO - Sync 1 DAGs
[2023-11-16T08:29:50.451+0000] {logging_mixin.py:151} INFO - [2023-11-16T08:29:50.450+0000] {dag.py:3722} INFO - Setting next_dagrun for latest_only_with_trigger to 2023-11-16T04:29:50.450307+00:00, run_after=2023-11-16T08:29:50.450307+00:00
[2023-11-16T08:29:50.476+0000] {processor.py:179} INFO - Processing /home/airflow/.local/lib/python3.8/site-packages/airflow/example_dags/example_latest_only_with_trigger.py took 0.088 seconds
[2023-11-16T08:30:20.592+0000] {processor.py:157} INFO - Started process (PID=215) to work on /home/airflow/.local/lib/python3.8/site-packages/airflow/example_dags/example_latest_only_with_trigger.py
[2023-11-16T08:30:20.593+0000] {processor.py:829} INFO - Processing file /home/airflow/.local/lib/python3.8/site-packages/airflow/example_dags/example_latest_only_with_trigger.py for tasks to queue
[2023-11-16T08:30:20.595+0000] {logging_mixin.py:151} INFO - [2023-11-16T08:30:20.594+0000] {dagbag.py:536} INFO - Filling up the DagBag from /home/airflow/.local/lib/python3.8/site-packages/airflow/example_dags/example_latest_only_with_trigger.py
[2023-11-16T08:30:20.598+0000] {processor.py:839} INFO - DAG(s) dict_keys(['latest_only_with_trigger']) retrieved from /home/airflow/.local/lib/python3.8/site-packages/airflow/example_dags/example_latest_only_with_trigger.py
[2023-11-16T08:30:20.613+0000] {logging_mixin.py:151} INFO - [2023-11-16T08:30:20.613+0000] {dag.py:2941} INFO - Sync 1 DAGs
[2023-11-16T08:30:20.629+0000] {logging_mixin.py:151} INFO - [2023-11-16T08:30:20.628+0000] {dag.py:3722} INFO - Setting next_dagrun for latest_only_with_trigger to 2023-11-16T04:30:20.628833+00:00, run_after=2023-11-16T08:30:20.628833+00:00
[2023-11-16T08:30:20.642+0000] {processor.py:179} INFO - Processing /home/airflow/.local/lib/python3.8/site-packages/airflow/example_dags/example_latest_only_with_trigger.py took 0.052 seconds
[2023-11-16T08:30:50.665+0000] {processor.py:157} INFO - Started process (PID=269) to work on /home/airflow/.local/lib/python3.8/site-packages/airflow/example_dags/example_latest_only_with_trigger.py
[2023-11-16T08:30:50.666+0000] {processor.py:829} INFO - Processing file /home/airflow/.local/lib/python3.8/site-packages/airflow/example_dags/example_latest_only_with_trigger.py for tasks to queue
[2023-11-16T08:30:50.667+0000] {logging_mixin.py:151} INFO - [2023-11-16T08:30:50.667+0000] {dagbag.py:536} INFO - Filling up the DagBag from /home/airflow/.local/lib/python3.8/site-packages/airflow/example_dags/example_latest_only_with_trigger.py
[2023-11-16T08:30:50.671+0000] {processor.py:839} INFO - DAG(s) dict_keys(['latest_only_with_trigger']) retrieved from /home/airflow/.local/lib/python3.8/site-packages/airflow/example_dags/example_latest_only_with_trigger.py
[2023-11-16T08:30:50.685+0000] {logging_mixin.py:151} INFO - [2023-11-16T08:30:50.685+0000] {dag.py:2941} INFO - Sync 1 DAGs
[2023-11-16T08:30:50.701+0000] {logging_mixin.py:151} INFO - [2023-11-16T08:30:50.701+0000] {dag.py:3722} INFO - Setting next_dagrun for latest_only_with_trigger to 2023-11-16T04:30:50.700951+00:00, run_after=2023-11-16T08:30:50.700951+00:00
[2023-11-16T08:30:50.713+0000] {processor.py:179} INFO - Processing /home/airflow/.local/lib/python3.8/site-packages/airflow/example_dags/example_latest_only_with_trigger.py took 0.050 seconds
[2023-11-16T08:31:21.045+0000] {processor.py:157} INFO - Started process (PID=323) to work on /home/airflow/.local/lib/python3.8/site-packages/airflow/example_dags/example_latest_only_with_trigger.py
[2023-11-16T08:31:21.046+0000] {processor.py:829} INFO - Processing file /home/airflow/.local/lib/python3.8/site-packages/airflow/example_dags/example_latest_only_with_trigger.py for tasks to queue
[2023-11-16T08:31:21.047+0000] {logging_mixin.py:151} INFO - [2023-11-16T08:31:21.047+0000] {dagbag.py:536} INFO - Filling up the DagBag from /home/airflow/.local/lib/python3.8/site-packages/airflow/example_dags/example_latest_only_with_trigger.py
[2023-11-16T08:31:21.051+0000] {processor.py:839} INFO - DAG(s) dict_keys(['latest_only_with_trigger']) retrieved from /home/airflow/.local/lib/python3.8/site-packages/airflow/example_dags/example_latest_only_with_trigger.py
[2023-11-16T08:31:21.067+0000] {logging_mixin.py:151} INFO - [2023-11-16T08:31:21.067+0000] {dag.py:2941} INFO - Sync 1 DAGs
[2023-11-16T08:31:21.085+0000] {logging_mixin.py:151} INFO - [2023-11-16T08:31:21.085+0000] {dag.py:3722} INFO - Setting next_dagrun for latest_only_with_trigger to 2023-11-16T04:31:21.084871+00:00, run_after=2023-11-16T08:31:21.084871+00:00
[2023-11-16T08:31:21.100+0000] {processor.py:179} INFO - Processing /home/airflow/.local/lib/python3.8/site-packages/airflow/example_dags/example_latest_only_with_trigger.py took 0.058 seconds
[2023-11-16T08:31:51.265+0000] {processor.py:157} INFO - Started process (PID=377) to work on /home/airflow/.local/lib/python3.8/site-packages/airflow/example_dags/example_latest_only_with_trigger.py
[2023-11-16T08:31:51.265+0000] {processor.py:829} INFO - Processing file /home/airflow/.local/lib/python3.8/site-packages/airflow/example_dags/example_latest_only_with_trigger.py for tasks to queue
[2023-11-16T08:31:51.267+0000] {logging_mixin.py:151} INFO - [2023-11-16T08:31:51.267+0000] {dagbag.py:536} INFO - Filling up the DagBag from /home/airflow/.local/lib/python3.8/site-packages/airflow/example_dags/example_latest_only_with_trigger.py
[2023-11-16T08:31:51.271+0000] {processor.py:839} INFO - DAG(s) dict_keys(['latest_only_with_trigger']) retrieved from /home/airflow/.local/lib/python3.8/site-packages/airflow/example_dags/example_latest_only_with_trigger.py
[2023-11-16T08:31:51.287+0000] {logging_mixin.py:151} INFO - [2023-11-16T08:31:51.287+0000] {dag.py:2941} INFO - Sync 1 DAGs
[2023-11-16T08:31:51.306+0000] {logging_mixin.py:151} INFO - [2023-11-16T08:31:51.305+0000] {dag.py:3722} INFO - Setting next_dagrun for latest_only_with_trigger to 2023-11-16T04:31:51.305667+00:00, run_after=2023-11-16T08:31:51.305667+00:00
[2023-11-16T08:31:51.321+0000] {processor.py:179} INFO - Processing /home/airflow/.local/lib/python3.8/site-packages/airflow/example_dags/example_latest_only_with_trigger.py took 0.059 seconds
[2023-11-16T08:32:21.413+0000] {processor.py:157} INFO - Started process (PID=431) to work on /home/airflow/.local/lib/python3.8/site-packages/airflow/example_dags/example_latest_only_with_trigger.py
[2023-11-16T08:32:21.414+0000] {processor.py:829} INFO - Processing file /home/airflow/.local/lib/python3.8/site-packages/airflow/example_dags/example_latest_only_with_trigger.py for tasks to queue
[2023-11-16T08:32:21.416+0000] {logging_mixin.py:151} INFO - [2023-11-16T08:32:21.415+0000] {dagbag.py:536} INFO - Filling up the DagBag from /home/airflow/.local/lib/python3.8/site-packages/airflow/example_dags/example_latest_only_with_trigger.py
[2023-11-16T08:32:21.421+0000] {processor.py:839} INFO - DAG(s) dict_keys(['latest_only_with_trigger']) retrieved from /home/airflow/.local/lib/python3.8/site-packages/airflow/example_dags/example_latest_only_with_trigger.py
[2023-11-16T08:32:21.437+0000] {logging_mixin.py:151} INFO - [2023-11-16T08:32:21.436+0000] {dag.py:2941} INFO - Sync 1 DAGs
[2023-11-16T08:32:21.456+0000] {logging_mixin.py:151} INFO - [2023-11-16T08:32:21.455+0000] {dag.py:3722} INFO - Setting next_dagrun for latest_only_with_trigger to 2023-11-16T04:32:21.455616+00:00, run_after=2023-11-16T08:32:21.455616+00:00
[2023-11-16T08:32:21.470+0000] {processor.py:179} INFO - Processing /home/airflow/.local/lib/python3.8/site-packages/airflow/example_dags/example_latest_only_with_trigger.py took 0.059 seconds
[2023-11-16T08:32:51.694+0000] {processor.py:157} INFO - Started process (PID=485) to work on /home/airflow/.local/lib/python3.8/site-packages/airflow/example_dags/example_latest_only_with_trigger.py
[2023-11-16T08:32:51.695+0000] {processor.py:829} INFO - Processing file /home/airflow/.local/lib/python3.8/site-packages/airflow/example_dags/example_latest_only_with_trigger.py for tasks to queue
[2023-11-16T08:32:51.697+0000] {logging_mixin.py:151} INFO - [2023-11-16T08:32:51.697+0000] {dagbag.py:536} INFO - Filling up the DagBag from /home/airflow/.local/lib/python3.8/site-packages/airflow/example_dags/example_latest_only_with_trigger.py
[2023-11-16T08:32:51.701+0000] {processor.py:839} INFO - DAG(s) dict_keys(['latest_only_with_trigger']) retrieved from /home/airflow/.local/lib/python3.8/site-packages/airflow/example_dags/example_latest_only_with_trigger.py
[2023-11-16T08:32:51.714+0000] {logging_mixin.py:151} INFO - [2023-11-16T08:32:51.714+0000] {dag.py:2941} INFO - Sync 1 DAGs
[2023-11-16T08:32:51.737+0000] {logging_mixin.py:151} INFO - [2023-11-16T08:32:51.737+0000] {dag.py:3722} INFO - Setting next_dagrun for latest_only_with_trigger to 2023-11-16T04:32:51.737297+00:00, run_after=2023-11-16T08:32:51.737297+00:00
[2023-11-16T08:32:51.754+0000] {processor.py:179} INFO - Processing /home/airflow/.local/lib/python3.8/site-packages/airflow/example_dags/example_latest_only_with_trigger.py took 0.062 seconds
[2023-11-16T08:33:21.972+0000] {processor.py:157} INFO - Started process (PID=539) to work on /home/airflow/.local/lib/python3.8/site-packages/airflow/example_dags/example_latest_only_with_trigger.py
[2023-11-16T08:33:21.973+0000] {processor.py:829} INFO - Processing file /home/airflow/.local/lib/python3.8/site-packages/airflow/example_dags/example_latest_only_with_trigger.py for tasks to queue
[2023-11-16T08:33:21.975+0000] {logging_mixin.py:151} INFO - [2023-11-16T08:33:21.975+0000] {dagbag.py:536} INFO - Filling up the DagBag from /home/airflow/.local/lib/python3.8/site-packages/airflow/example_dags/example_latest_only_with_trigger.py
[2023-11-16T08:33:21.979+0000] {processor.py:839} INFO - DAG(s) dict_keys(['latest_only_with_trigger']) retrieved from /home/airflow/.local/lib/python3.8/site-packages/airflow/example_dags/example_latest_only_with_trigger.py
[2023-11-16T08:33:21.993+0000] {logging_mixin.py:151} INFO - [2023-11-16T08:33:21.993+0000] {dag.py:2941} INFO - Sync 1 DAGs
[2023-11-16T08:33:22.009+0000] {logging_mixin.py:151} INFO - [2023-11-16T08:33:22.009+0000] {dag.py:3722} INFO - Setting next_dagrun for latest_only_with_trigger to 2023-11-16T04:33:22.009417+00:00, run_after=2023-11-16T08:33:22.009417+00:00
[2023-11-16T08:33:22.021+0000] {processor.py:179} INFO - Processing /home/airflow/.local/lib/python3.8/site-packages/airflow/example_dags/example_latest_only_with_trigger.py took 0.051 seconds
[2023-11-16T08:33:52.171+0000] {processor.py:157} INFO - Started process (PID=593) to work on /home/airflow/.local/lib/python3.8/site-packages/airflow/example_dags/example_latest_only_with_trigger.py
[2023-11-16T08:33:52.172+0000] {processor.py:829} INFO - Processing file /home/airflow/.local/lib/python3.8/site-packages/airflow/example_dags/example_latest_only_with_trigger.py for tasks to queue
[2023-11-16T08:33:52.174+0000] {logging_mixin.py:151} INFO - [2023-11-16T08:33:52.174+0000] {dagbag.py:536} INFO - Filling up the DagBag from /home/airflow/.local/lib/python3.8/site-packages/airflow/example_dags/example_latest_only_with_trigger.py
[2023-11-16T08:33:52.178+0000] {processor.py:839} INFO - DAG(s) dict_keys(['latest_only_with_trigger']) retrieved from /home/airflow/.local/lib/python3.8/site-packages/airflow/example_dags/example_latest_only_with_trigger.py
[2023-11-16T08:33:52.194+0000] {logging_mixin.py:151} INFO - [2023-11-16T08:33:52.194+0000] {dag.py:2941} INFO - Sync 1 DAGs
[2023-11-16T08:33:52.213+0000] {logging_mixin.py:151} INFO - [2023-11-16T08:33:52.213+0000] {dag.py:3722} INFO - Setting next_dagrun for latest_only_with_trigger to 2023-11-16T04:33:52.213059+00:00, run_after=2023-11-16T08:33:52.213059+00:00
[2023-11-16T08:33:52.228+0000] {processor.py:179} INFO - Processing /home/airflow/.local/lib/python3.8/site-packages/airflow/example_dags/example_latest_only_with_trigger.py took 0.059 seconds
[2023-11-16T08:34:22.707+0000] {processor.py:157} INFO - Started process (PID=647) to work on /home/airflow/.local/lib/python3.8/site-packages/airflow/example_dags/example_latest_only_with_trigger.py
[2023-11-16T08:34:22.708+0000] {processor.py:829} INFO - Processing file /home/airflow/.local/lib/python3.8/site-packages/airflow/example_dags/example_latest_only_with_trigger.py for tasks to queue
[2023-11-16T08:34:22.710+0000] {logging_mixin.py:151} INFO - [2023-11-16T08:34:22.710+0000] {dagbag.py:536} INFO - Filling up the DagBag from /home/airflow/.local/lib/python3.8/site-packages/airflow/example_dags/example_latest_only_with_trigger.py
[2023-11-16T08:34:22.717+0000] {processor.py:839} INFO - DAG(s) dict_keys(['latest_only_with_trigger']) retrieved from /home/airflow/.local/lib/python3.8/site-packages/airflow/example_dags/example_latest_only_with_trigger.py
[2023-11-16T08:34:22.733+0000] {logging_mixin.py:151} INFO - [2023-11-16T08:34:22.733+0000] {dag.py:2941} INFO - Sync 1 DAGs
[2023-11-16T08:34:22.752+0000] {logging_mixin.py:151} INFO - [2023-11-16T08:34:22.751+0000] {dag.py:3722} INFO - Setting next_dagrun for latest_only_with_trigger to 2023-11-16T04:34:22.751607+00:00, run_after=2023-11-16T08:34:22.751607+00:00
[2023-11-16T08:34:22.767+0000] {processor.py:179} INFO - Processing /home/airflow/.local/lib/python3.8/site-packages/airflow/example_dags/example_latest_only_with_trigger.py took 0.062 seconds
[2023-11-16T08:34:52.890+0000] {processor.py:157} INFO - Started process (PID=701) to work on /home/airflow/.local/lib/python3.8/site-packages/airflow/example_dags/example_latest_only_with_trigger.py
[2023-11-16T08:34:52.891+0000] {processor.py:829} INFO - Processing file /home/airflow/.local/lib/python3.8/site-packages/airflow/example_dags/example_latest_only_with_trigger.py for tasks to queue
[2023-11-16T08:34:52.892+0000] {logging_mixin.py:151} INFO - [2023-11-16T08:34:52.892+0000] {dagbag.py:536} INFO - Filling up the DagBag from /home/airflow/.local/lib/python3.8/site-packages/airflow/example_dags/example_latest_only_with_trigger.py
[2023-11-16T08:34:52.896+0000] {processor.py:839} INFO - DAG(s) dict_keys(['latest_only_with_trigger']) retrieved from /home/airflow/.local/lib/python3.8/site-packages/airflow/example_dags/example_latest_only_with_trigger.py
[2023-11-16T08:34:52.910+0000] {logging_mixin.py:151} INFO - [2023-11-16T08:34:52.910+0000] {dag.py:2941} INFO - Sync 1 DAGs
[2023-11-16T08:34:52.925+0000] {logging_mixin.py:151} INFO - [2023-11-16T08:34:52.925+0000] {dag.py:3722} INFO - Setting next_dagrun for latest_only_with_trigger to 2023-11-16T04:34:52.925375+00:00, run_after=2023-11-16T08:34:52.925375+00:00
[2023-11-16T08:34:52.937+0000] {processor.py:179} INFO - Processing /home/airflow/.local/lib/python3.8/site-packages/airflow/example_dags/example_latest_only_with_trigger.py took 0.050 seconds
[2023-11-16T08:35:22.992+0000] {processor.py:157} INFO - Started process (PID=755) to work on /home/airflow/.local/lib/python3.8/site-packages/airflow/example_dags/example_latest_only_with_trigger.py
[2023-11-16T08:35:22.992+0000] {processor.py:829} INFO - Processing file /home/airflow/.local/lib/python3.8/site-packages/airflow/example_dags/example_latest_only_with_trigger.py for tasks to queue
[2023-11-16T08:35:22.994+0000] {logging_mixin.py:151} INFO - [2023-11-16T08:35:22.994+0000] {dagbag.py:536} INFO - Filling up the DagBag from /home/airflow/.local/lib/python3.8/site-packages/airflow/example_dags/example_latest_only_with_trigger.py
[2023-11-16T08:35:22.998+0000] {processor.py:839} INFO - DAG(s) dict_keys(['latest_only_with_trigger']) retrieved from /home/airflow/.local/lib/python3.8/site-packages/airflow/example_dags/example_latest_only_with_trigger.py
[2023-11-16T08:35:23.011+0000] {logging_mixin.py:151} INFO - [2023-11-16T08:35:23.011+0000] {dag.py:2941} INFO - Sync 1 DAGs
[2023-11-16T08:35:23.028+0000] {logging_mixin.py:151} INFO - [2023-11-16T08:35:23.028+0000] {dag.py:3722} INFO - Setting next_dagrun for latest_only_with_trigger to 2023-11-16T04:35:23.027892+00:00, run_after=2023-11-16T08:35:23.027892+00:00
[2023-11-16T08:35:23.041+0000] {processor.py:179} INFO - Processing /home/airflow/.local/lib/python3.8/site-packages/airflow/example_dags/example_latest_only_with_trigger.py took 0.052 seconds
[2023-11-16T08:35:53.065+0000] {processor.py:157} INFO - Started process (PID=809) to work on /home/airflow/.local/lib/python3.8/site-packages/airflow/example_dags/example_latest_only_with_trigger.py
[2023-11-16T08:35:53.066+0000] {processor.py:829} INFO - Processing file /home/airflow/.local/lib/python3.8/site-packages/airflow/example_dags/example_latest_only_with_trigger.py for tasks to queue
[2023-11-16T08:35:53.068+0000] {logging_mixin.py:151} INFO - [2023-11-16T08:35:53.067+0000] {dagbag.py:536} INFO - Filling up the DagBag from /home/airflow/.local/lib/python3.8/site-packages/airflow/example_dags/example_latest_only_with_trigger.py
[2023-11-16T08:35:53.072+0000] {processor.py:839} INFO - DAG(s) dict_keys(['latest_only_with_trigger']) retrieved from /home/airflow/.local/lib/python3.8/site-packages/airflow/example_dags/example_latest_only_with_trigger.py
[2023-11-16T08:35:53.086+0000] {logging_mixin.py:151} INFO - [2023-11-16T08:35:53.086+0000] {dag.py:2941} INFO - Sync 1 DAGs
[2023-11-16T08:35:53.103+0000] {logging_mixin.py:151} INFO - [2023-11-16T08:35:53.103+0000] {dag.py:3722} INFO - Setting next_dagrun for latest_only_with_trigger to 2023-11-16T04:35:53.103005+00:00, run_after=2023-11-16T08:35:53.103005+00:00
[2023-11-16T08:35:53.115+0000] {processor.py:179} INFO - Processing /home/airflow/.local/lib/python3.8/site-packages/airflow/example_dags/example_latest_only_with_trigger.py took 0.052 seconds
[2023-11-16T08:36:23.213+0000] {processor.py:157} INFO - Started process (PID=863) to work on /home/airflow/.local/lib/python3.8/site-packages/airflow/example_dags/example_latest_only_with_trigger.py
[2023-11-16T08:36:23.214+0000] {processor.py:829} INFO - Processing file /home/airflow/.local/lib/python3.8/site-packages/airflow/example_dags/example_latest_only_with_trigger.py for tasks to queue
[2023-11-16T08:36:23.215+0000] {logging_mixin.py:151} INFO - [2023-11-16T08:36:23.215+0000] {dagbag.py:536} INFO - Filling up the DagBag from /home/airflow/.local/lib/python3.8/site-packages/airflow/example_dags/example_latest_only_with_trigger.py
[2023-11-16T08:36:23.218+0000] {processor.py:839} INFO - DAG(s) dict_keys(['latest_only_with_trigger']) retrieved from /home/airflow/.local/lib/python3.8/site-packages/airflow/example_dags/example_latest_only_with_trigger.py
[2023-11-16T08:36:23.232+0000] {logging_mixin.py:151} INFO - [2023-11-16T08:36:23.232+0000] {dag.py:2941} INFO - Sync 1 DAGs
[2023-11-16T08:36:23.246+0000] {logging_mixin.py:151} INFO - [2023-11-16T08:36:23.245+0000] {dag.py:3722} INFO - Setting next_dagrun for latest_only_with_trigger to 2023-11-16T04:36:23.245811+00:00, run_after=2023-11-16T08:36:23.245811+00:00
[2023-11-16T08:36:23.258+0000] {processor.py:179} INFO - Processing /home/airflow/.local/lib/python3.8/site-packages/airflow/example_dags/example_latest_only_with_trigger.py took 0.047 seconds
[2023-11-16T08:36:53.428+0000] {processor.py:157} INFO - Started process (PID=917) to work on /home/airflow/.local/lib/python3.8/site-packages/airflow/example_dags/example_latest_only_with_trigger.py
[2023-11-16T08:36:53.429+0000] {processor.py:829} INFO - Processing file /home/airflow/.local/lib/python3.8/site-packages/airflow/example_dags/example_latest_only_with_trigger.py for tasks to queue
[2023-11-16T08:36:53.430+0000] {logging_mixin.py:151} INFO - [2023-11-16T08:36:53.430+0000] {dagbag.py:536} INFO - Filling up the DagBag from /home/airflow/.local/lib/python3.8/site-packages/airflow/example_dags/example_latest_only_with_trigger.py
[2023-11-16T08:36:53.435+0000] {processor.py:839} INFO - DAG(s) dict_keys(['latest_only_with_trigger']) retrieved from /home/airflow/.local/lib/python3.8/site-packages/airflow/example_dags/example_latest_only_with_trigger.py
[2023-11-16T08:36:53.449+0000] {logging_mixin.py:151} INFO - [2023-11-16T08:36:53.449+0000] {dag.py:2941} INFO - Sync 1 DAGs
[2023-11-16T08:36:53.464+0000] {logging_mixin.py:151} INFO - [2023-11-16T08:36:53.464+0000] {dag.py:3722} INFO - Setting next_dagrun for latest_only_with_trigger to 2023-11-16T04:36:53.464342+00:00, run_after=2023-11-16T08:36:53.464342+00:00
[2023-11-16T08:36:53.478+0000] {processor.py:179} INFO - Processing /home/airflow/.local/lib/python3.8/site-packages/airflow/example_dags/example_latest_only_with_trigger.py took 0.052 seconds
[2023-11-16T08:37:23.621+0000] {processor.py:157} INFO - Started process (PID=971) to work on /home/airflow/.local/lib/python3.8/site-packages/airflow/example_dags/example_latest_only_with_trigger.py
[2023-11-16T08:37:23.622+0000] {processor.py:829} INFO - Processing file /home/airflow/.local/lib/python3.8/site-packages/airflow/example_dags/example_latest_only_with_trigger.py for tasks to queue
[2023-11-16T08:37:23.624+0000] {logging_mixin.py:151} INFO - [2023-11-16T08:37:23.623+0000] {dagbag.py:536} INFO - Filling up the DagBag from /home/airflow/.local/lib/python3.8/site-packages/airflow/example_dags/example_latest_only_with_trigger.py
[2023-11-16T08:37:23.628+0000] {processor.py:839} INFO - DAG(s) dict_keys(['latest_only_with_trigger']) retrieved from /home/airflow/.local/lib/python3.8/site-packages/airflow/example_dags/example_latest_only_with_trigger.py
[2023-11-16T08:37:23.646+0000] {logging_mixin.py:151} INFO - [2023-11-16T08:37:23.646+0000] {dag.py:2941} INFO - Sync 1 DAGs
[2023-11-16T08:37:23.667+0000] {logging_mixin.py:151} INFO - [2023-11-16T08:37:23.667+0000] {dag.py:3722} INFO - Setting next_dagrun for latest_only_with_trigger to 2023-11-16T04:37:23.666953+00:00, run_after=2023-11-16T08:37:23.666953+00:00
[2023-11-16T08:37:23.680+0000] {processor.py:179} INFO - Processing /home/airflow/.local/lib/python3.8/site-packages/airflow/example_dags/example_latest_only_with_trigger.py took 0.062 seconds
[2023-11-16T08:37:53.720+0000] {processor.py:157} INFO - Started process (PID=1025) to work on /home/airflow/.local/lib/python3.8/site-packages/airflow/example_dags/example_latest_only_with_trigger.py
[2023-11-16T08:37:53.721+0000] {processor.py:829} INFO - Processing file /home/airflow/.local/lib/python3.8/site-packages/airflow/example_dags/example_latest_only_with_trigger.py for tasks to queue
[2023-11-16T08:37:53.722+0000] {logging_mixin.py:151} INFO - [2023-11-16T08:37:53.722+0000] {dagbag.py:536} INFO - Filling up the DagBag from /home/airflow/.local/lib/python3.8/site-packages/airflow/example_dags/example_latest_only_with_trigger.py
[2023-11-16T08:37:53.726+0000] {processor.py:839} INFO - DAG(s) dict_keys(['latest_only_with_trigger']) retrieved from /home/airflow/.local/lib/python3.8/site-packages/airflow/example_dags/example_latest_only_with_trigger.py
[2023-11-16T08:37:53.739+0000] {logging_mixin.py:151} INFO - [2023-11-16T08:37:53.739+0000] {dag.py:2941} INFO - Sync 1 DAGs
[2023-11-16T08:37:53.754+0000] {logging_mixin.py:151} INFO - [2023-11-16T08:37:53.754+0000] {dag.py:3722} INFO - Setting next_dagrun for latest_only_with_trigger to 2023-11-16T04:37:53.753905+00:00, run_after=2023-11-16T08:37:53.753905+00:00
[2023-11-16T08:37:53.766+0000] {processor.py:179} INFO - Processing /home/airflow/.local/lib/python3.8/site-packages/airflow/example_dags/example_latest_only_with_trigger.py took 0.048 seconds
[2023-11-16T08:38:24.030+0000] {processor.py:157} INFO - Started process (PID=1079) to work on /home/airflow/.local/lib/python3.8/site-packages/airflow/example_dags/example_latest_only_with_trigger.py
[2023-11-16T08:38:24.031+0000] {processor.py:829} INFO - Processing file /home/airflow/.local/lib/python3.8/site-packages/airflow/example_dags/example_latest_only_with_trigger.py for tasks to queue
[2023-11-16T08:38:24.033+0000] {logging_mixin.py:151} INFO - [2023-11-16T08:38:24.033+0000] {dagbag.py:536} INFO - Filling up the DagBag from /home/airflow/.local/lib/python3.8/site-packages/airflow/example_dags/example_latest_only_with_trigger.py
[2023-11-16T08:38:24.037+0000] {processor.py:839} INFO - DAG(s) dict_keys(['latest_only_with_trigger']) retrieved from /home/airflow/.local/lib/python3.8/site-packages/airflow/example_dags/example_latest_only_with_trigger.py
[2023-11-16T08:38:24.051+0000] {logging_mixin.py:151} INFO - [2023-11-16T08:38:24.051+0000] {dag.py:2941} INFO - Sync 1 DAGs
[2023-11-16T08:38:24.066+0000] {logging_mixin.py:151} INFO - [2023-11-16T08:38:24.066+0000] {dag.py:3722} INFO - Setting next_dagrun for latest_only_with_trigger to 2023-11-16T04:38:24.066105+00:00, run_after=2023-11-16T08:38:24.066105+00:00
[2023-11-16T08:38:24.078+0000] {processor.py:179} INFO - Processing /home/airflow/.local/lib/python3.8/site-packages/airflow/example_dags/example_latest_only_with_trigger.py took 0.049 seconds
[2023-11-16T08:38:54.382+0000] {processor.py:157} INFO - Started process (PID=1133) to work on /home/airflow/.local/lib/python3.8/site-packages/airflow/example_dags/example_latest_only_with_trigger.py
[2023-11-16T08:38:54.383+0000] {processor.py:829} INFO - Processing file /home/airflow/.local/lib/python3.8/site-packages/airflow/example_dags/example_latest_only_with_trigger.py for tasks to queue
[2023-11-16T08:38:54.384+0000] {logging_mixin.py:151} INFO - [2023-11-16T08:38:54.384+0000] {dagbag.py:536} INFO - Filling up the DagBag from /home/airflow/.local/lib/python3.8/site-packages/airflow/example_dags/example_latest_only_with_trigger.py
[2023-11-16T08:38:54.388+0000] {processor.py:839} INFO - DAG(s) dict_keys(['latest_only_with_trigger']) retrieved from /home/airflow/.local/lib/python3.8/site-packages/airflow/example_dags/example_latest_only_with_trigger.py
[2023-11-16T08:38:54.403+0000] {logging_mixin.py:151} INFO - [2023-11-16T08:38:54.402+0000] {dag.py:2941} INFO - Sync 1 DAGs
[2023-11-16T08:38:54.418+0000] {logging_mixin.py:151} INFO - [2023-11-16T08:38:54.418+0000] {dag.py:3722} INFO - Setting next_dagrun for latest_only_with_trigger to 2023-11-16T04:38:54.418215+00:00, run_after=2023-11-16T08:38:54.418215+00:00
[2023-11-16T08:38:54.430+0000] {processor.py:179} INFO - Processing /home/airflow/.local/lib/python3.8/site-packages/airflow/example_dags/example_latest_only_with_trigger.py took 0.050 seconds
[2023-11-16T08:39:24.541+0000] {processor.py:157} INFO - Started process (PID=1187) to work on /home/airflow/.local/lib/python3.8/site-packages/airflow/example_dags/example_latest_only_with_trigger.py
[2023-11-16T08:39:24.542+0000] {processor.py:829} INFO - Processing file /home/airflow/.local/lib/python3.8/site-packages/airflow/example_dags/example_latest_only_with_trigger.py for tasks to queue
[2023-11-16T08:39:24.544+0000] {logging_mixin.py:151} INFO - [2023-11-16T08:39:24.543+0000] {dagbag.py:536} INFO - Filling up the DagBag from /home/airflow/.local/lib/python3.8/site-packages/airflow/example_dags/example_latest_only_with_trigger.py
[2023-11-16T08:39:24.548+0000] {processor.py:839} INFO - DAG(s) dict_keys(['latest_only_with_trigger']) retrieved from /home/airflow/.local/lib/python3.8/site-packages/airflow/example_dags/example_latest_only_with_trigger.py
[2023-11-16T08:39:24.561+0000] {logging_mixin.py:151} INFO - [2023-11-16T08:39:24.561+0000] {dag.py:2941} INFO - Sync 1 DAGs
[2023-11-16T08:39:24.575+0000] {logging_mixin.py:151} INFO - [2023-11-16T08:39:24.575+0000] {dag.py:3722} INFO - Setting next_dagrun for latest_only_with_trigger to 2023-11-16T04:39:24.575690+00:00, run_after=2023-11-16T08:39:24.575690+00:00
[2023-11-16T08:39:24.587+0000] {processor.py:179} INFO - Processing /home/airflow/.local/lib/python3.8/site-packages/airflow/example_dags/example_latest_only_with_trigger.py took 0.048 seconds
[2023-11-16T08:39:54.712+0000] {processor.py:157} INFO - Started process (PID=1241) to work on /home/airflow/.local/lib/python3.8/site-packages/airflow/example_dags/example_latest_only_with_trigger.py
[2023-11-16T08:39:54.713+0000] {processor.py:829} INFO - Processing file /home/airflow/.local/lib/python3.8/site-packages/airflow/example_dags/example_latest_only_with_trigger.py for tasks to queue
[2023-11-16T08:39:54.714+0000] {logging_mixin.py:151} INFO - [2023-11-16T08:39:54.714+0000] {dagbag.py:536} INFO - Filling up the DagBag from /home/airflow/.local/lib/python3.8/site-packages/airflow/example_dags/example_latest_only_with_trigger.py
[2023-11-16T08:39:54.718+0000] {processor.py:839} INFO - DAG(s) dict_keys(['latest_only_with_trigger']) retrieved from /home/airflow/.local/lib/python3.8/site-packages/airflow/example_dags/example_latest_only_with_trigger.py
[2023-11-16T08:39:54.732+0000] {logging_mixin.py:151} INFO - [2023-11-16T08:39:54.732+0000] {dag.py:2941} INFO - Sync 1 DAGs
[2023-11-16T08:39:54.747+0000] {logging_mixin.py:151} INFO - [2023-11-16T08:39:54.747+0000] {dag.py:3722} INFO - Setting next_dagrun for latest_only_with_trigger to 2023-11-16T04:39:54.746927+00:00, run_after=2023-11-16T08:39:54.746927+00:00
[2023-11-16T08:39:54.758+0000] {processor.py:179} INFO - Processing /home/airflow/.local/lib/python3.8/site-packages/airflow/example_dags/example_latest_only_with_trigger.py took 0.049 seconds
[2023-11-16T08:40:24.813+0000] {processor.py:157} INFO - Started process (PID=1295) to work on /home/airflow/.local/lib/python3.8/site-packages/airflow/example_dags/example_latest_only_with_trigger.py
[2023-11-16T08:40:24.814+0000] {processor.py:829} INFO - Processing file /home/airflow/.local/lib/python3.8/site-packages/airflow/example_dags/example_latest_only_with_trigger.py for tasks to queue
[2023-11-16T08:40:24.815+0000] {logging_mixin.py:151} INFO - [2023-11-16T08:40:24.815+0000] {dagbag.py:536} INFO - Filling up the DagBag from /home/airflow/.local/lib/python3.8/site-packages/airflow/example_dags/example_latest_only_with_trigger.py
[2023-11-16T08:40:24.819+0000] {processor.py:839} INFO - DAG(s) dict_keys(['latest_only_with_trigger']) retrieved from /home/airflow/.local/lib/python3.8/site-packages/airflow/example_dags/example_latest_only_with_trigger.py
[2023-11-16T08:40:24.833+0000] {logging_mixin.py:151} INFO - [2023-11-16T08:40:24.833+0000] {dag.py:2941} INFO - Sync 1 DAGs
[2023-11-16T08:40:24.849+0000] {logging_mixin.py:151} INFO - [2023-11-16T08:40:24.849+0000] {dag.py:3722} INFO - Setting next_dagrun for latest_only_with_trigger to 2023-11-16T04:40:24.849576+00:00, run_after=2023-11-16T08:40:24.849576+00:00
[2023-11-16T08:40:24.861+0000] {processor.py:179} INFO - Processing /home/airflow/.local/lib/python3.8/site-packages/airflow/example_dags/example_latest_only_with_trigger.py took 0.050 seconds
[2023-11-16T08:40:55.598+0000] {processor.py:157} INFO - Started process (PID=1349) to work on /home/airflow/.local/lib/python3.8/site-packages/airflow/example_dags/example_latest_only_with_trigger.py
[2023-11-16T08:40:55.599+0000] {processor.py:829} INFO - Processing file /home/airflow/.local/lib/python3.8/site-packages/airflow/example_dags/example_latest_only_with_trigger.py for tasks to queue
[2023-11-16T08:40:55.601+0000] {logging_mixin.py:151} INFO - [2023-11-16T08:40:55.600+0000] {dagbag.py:536} INFO - Filling up the DagBag from /home/airflow/.local/lib/python3.8/site-packages/airflow/example_dags/example_latest_only_with_trigger.py
[2023-11-16T08:40:55.605+0000] {processor.py:839} INFO - DAG(s) dict_keys(['latest_only_with_trigger']) retrieved from /home/airflow/.local/lib/python3.8/site-packages/airflow/example_dags/example_latest_only_with_trigger.py
[2023-11-16T08:40:55.622+0000] {logging_mixin.py:151} INFO - [2023-11-16T08:40:55.622+0000] {dag.py:2941} INFO - Sync 1 DAGs
[2023-11-16T08:40:55.642+0000] {logging_mixin.py:151} INFO - [2023-11-16T08:40:55.642+0000] {dag.py:3722} INFO - Setting next_dagrun for latest_only_with_trigger to 2023-11-16T04:40:55.642216+00:00, run_after=2023-11-16T08:40:55.642216+00:00
[2023-11-16T08:40:55.658+0000] {processor.py:179} INFO - Processing /home/airflow/.local/lib/python3.8/site-packages/airflow/example_dags/example_latest_only_with_trigger.py took 0.062 seconds
[2023-11-16T08:41:25.685+0000] {processor.py:157} INFO - Started process (PID=1403) to work on /home/airflow/.local/lib/python3.8/site-packages/airflow/example_dags/example_latest_only_with_trigger.py
[2023-11-16T08:41:25.686+0000] {processor.py:829} INFO - Processing file /home/airflow/.local/lib/python3.8/site-packages/airflow/example_dags/example_latest_only_with_trigger.py for tasks to queue
[2023-11-16T08:41:25.687+0000] {logging_mixin.py:151} INFO - [2023-11-16T08:41:25.687+0000] {dagbag.py:536} INFO - Filling up the DagBag from /home/airflow/.local/lib/python3.8/site-packages/airflow/example_dags/example_latest_only_with_trigger.py
[2023-11-16T08:41:25.691+0000] {processor.py:839} INFO - DAG(s) dict_keys(['latest_only_with_trigger']) retrieved from /home/airflow/.local/lib/python3.8/site-packages/airflow/example_dags/example_latest_only_with_trigger.py
[2023-11-16T08:41:25.706+0000] {logging_mixin.py:151} INFO - [2023-11-16T08:41:25.705+0000] {dag.py:2941} INFO - Sync 1 DAGs
[2023-11-16T08:41:25.723+0000] {logging_mixin.py:151} INFO - [2023-11-16T08:41:25.723+0000] {dag.py:3722} INFO - Setting next_dagrun for latest_only_with_trigger to 2023-11-16T04:41:25.723429+00:00, run_after=2023-11-16T08:41:25.723429+00:00
[2023-11-16T08:41:25.736+0000] {processor.py:179} INFO - Processing /home/airflow/.local/lib/python3.8/site-packages/airflow/example_dags/example_latest_only_with_trigger.py took 0.053 seconds
[2023-11-16T08:41:55.864+0000] {processor.py:157} INFO - Started process (PID=1457) to work on /home/airflow/.local/lib/python3.8/site-packages/airflow/example_dags/example_latest_only_with_trigger.py
[2023-11-16T08:41:55.865+0000] {processor.py:829} INFO - Processing file /home/airflow/.local/lib/python3.8/site-packages/airflow/example_dags/example_latest_only_with_trigger.py for tasks to queue
[2023-11-16T08:41:55.866+0000] {logging_mixin.py:151} INFO - [2023-11-16T08:41:55.866+0000] {dagbag.py:536} INFO - Filling up the DagBag from /home/airflow/.local/lib/python3.8/site-packages/airflow/example_dags/example_latest_only_with_trigger.py
[2023-11-16T08:41:55.870+0000] {processor.py:839} INFO - DAG(s) dict_keys(['latest_only_with_trigger']) retrieved from /home/airflow/.local/lib/python3.8/site-packages/airflow/example_dags/example_latest_only_with_trigger.py
[2023-11-16T08:41:55.884+0000] {logging_mixin.py:151} INFO - [2023-11-16T08:41:55.884+0000] {dag.py:2941} INFO - Sync 1 DAGs
[2023-11-16T08:41:55.899+0000] {logging_mixin.py:151} INFO - [2023-11-16T08:41:55.899+0000] {dag.py:3722} INFO - Setting next_dagrun for latest_only_with_trigger to 2023-11-16T04:41:55.899317+00:00, run_after=2023-11-16T08:41:55.899317+00:00
[2023-11-16T08:41:55.911+0000] {processor.py:179} INFO - Processing /home/airflow/.local/lib/python3.8/site-packages/airflow/example_dags/example_latest_only_with_trigger.py took 0.049 seconds
[2023-11-16T08:42:26.751+0000] {processor.py:157} INFO - Started process (PID=1511) to work on /home/airflow/.local/lib/python3.8/site-packages/airflow/example_dags/example_latest_only_with_trigger.py
[2023-11-16T08:42:26.752+0000] {processor.py:829} INFO - Processing file /home/airflow/.local/lib/python3.8/site-packages/airflow/example_dags/example_latest_only_with_trigger.py for tasks to queue
[2023-11-16T08:42:26.753+0000] {logging_mixin.py:151} INFO - [2023-11-16T08:42:26.753+0000] {dagbag.py:536} INFO - Filling up the DagBag from /home/airflow/.local/lib/python3.8/site-packages/airflow/example_dags/example_latest_only_with_trigger.py
[2023-11-16T08:42:26.757+0000] {processor.py:839} INFO - DAG(s) dict_keys(['latest_only_with_trigger']) retrieved from /home/airflow/.local/lib/python3.8/site-packages/airflow/example_dags/example_latest_only_with_trigger.py
[2023-11-16T08:42:26.771+0000] {logging_mixin.py:151} INFO - [2023-11-16T08:42:26.771+0000] {dag.py:2941} INFO - Sync 1 DAGs
[2023-11-16T08:42:26.786+0000] {logging_mixin.py:151} INFO - [2023-11-16T08:42:26.786+0000] {dag.py:3722} INFO - Setting next_dagrun for latest_only_with_trigger to 2023-11-16T04:42:26.786497+00:00, run_after=2023-11-16T08:42:26.786497+00:00
[2023-11-16T08:42:26.798+0000] {processor.py:179} INFO - Processing /home/airflow/.local/lib/python3.8/site-packages/airflow/example_dags/example_latest_only_with_trigger.py took 0.049 seconds
[2023-11-16T08:42:57.585+0000] {processor.py:157} INFO - Started process (PID=1565) to work on /home/airflow/.local/lib/python3.8/site-packages/airflow/example_dags/example_latest_only_with_trigger.py
[2023-11-16T08:42:57.586+0000] {processor.py:829} INFO - Processing file /home/airflow/.local/lib/python3.8/site-packages/airflow/example_dags/example_latest_only_with_trigger.py for tasks to queue
[2023-11-16T08:42:57.587+0000] {logging_mixin.py:151} INFO - [2023-11-16T08:42:57.587+0000] {dagbag.py:536} INFO - Filling up the DagBag from /home/airflow/.local/lib/python3.8/site-packages/airflow/example_dags/example_latest_only_with_trigger.py
[2023-11-16T08:42:57.591+0000] {processor.py:839} INFO - DAG(s) dict_keys(['latest_only_with_trigger']) retrieved from /home/airflow/.local/lib/python3.8/site-packages/airflow/example_dags/example_latest_only_with_trigger.py
[2023-11-16T08:42:57.605+0000] {logging_mixin.py:151} INFO - [2023-11-16T08:42:57.605+0000] {dag.py:2941} INFO - Sync 1 DAGs
[2023-11-16T08:42:57.620+0000] {logging_mixin.py:151} INFO - [2023-11-16T08:42:57.620+0000] {dag.py:3722} INFO - Setting next_dagrun for latest_only_with_trigger to 2023-11-16T04:42:57.619926+00:00, run_after=2023-11-16T08:42:57.619926+00:00
[2023-11-16T08:42:57.633+0000] {processor.py:179} INFO - Processing /home/airflow/.local/lib/python3.8/site-packages/airflow/example_dags/example_latest_only_with_trigger.py took 0.050 seconds
[2023-11-16T08:43:28.132+0000] {processor.py:157} INFO - Started process (PID=1619) to work on /home/airflow/.local/lib/python3.8/site-packages/airflow/example_dags/example_latest_only_with_trigger.py
[2023-11-16T08:43:28.133+0000] {processor.py:829} INFO - Processing file /home/airflow/.local/lib/python3.8/site-packages/airflow/example_dags/example_latest_only_with_trigger.py for tasks to queue
[2023-11-16T08:43:28.135+0000] {logging_mixin.py:151} INFO - [2023-11-16T08:43:28.135+0000] {dagbag.py:536} INFO - Filling up the DagBag from /home/airflow/.local/lib/python3.8/site-packages/airflow/example_dags/example_latest_only_with_trigger.py
[2023-11-16T08:43:28.139+0000] {processor.py:839} INFO - DAG(s) dict_keys(['latest_only_with_trigger']) retrieved from /home/airflow/.local/lib/python3.8/site-packages/airflow/example_dags/example_latest_only_with_trigger.py
[2023-11-16T08:43:28.155+0000] {logging_mixin.py:151} INFO - [2023-11-16T08:43:28.155+0000] {dag.py:2941} INFO - Sync 1 DAGs
[2023-11-16T08:43:28.172+0000] {logging_mixin.py:151} INFO - [2023-11-16T08:43:28.172+0000] {dag.py:3722} INFO - Setting next_dagrun for latest_only_with_trigger to 2023-11-16T04:43:28.172442+00:00, run_after=2023-11-16T08:43:28.172442+00:00
[2023-11-16T08:43:28.186+0000] {processor.py:179} INFO - Processing /home/airflow/.local/lib/python3.8/site-packages/airflow/example_dags/example_latest_only_with_trigger.py took 0.056 seconds
[2023-11-16T08:43:58.577+0000] {processor.py:157} INFO - Started process (PID=1673) to work on /home/airflow/.local/lib/python3.8/site-packages/airflow/example_dags/example_latest_only_with_trigger.py
[2023-11-16T08:43:58.578+0000] {processor.py:829} INFO - Processing file /home/airflow/.local/lib/python3.8/site-packages/airflow/example_dags/example_latest_only_with_trigger.py for tasks to queue
[2023-11-16T08:43:58.580+0000] {logging_mixin.py:151} INFO - [2023-11-16T08:43:58.580+0000] {dagbag.py:536} INFO - Filling up the DagBag from /home/airflow/.local/lib/python3.8/site-packages/airflow/example_dags/example_latest_only_with_trigger.py
[2023-11-16T08:43:58.584+0000] {processor.py:839} INFO - DAG(s) dict_keys(['latest_only_with_trigger']) retrieved from /home/airflow/.local/lib/python3.8/site-packages/airflow/example_dags/example_latest_only_with_trigger.py
[2023-11-16T08:43:58.599+0000] {logging_mixin.py:151} INFO - [2023-11-16T08:43:58.599+0000] {dag.py:2941} INFO - Sync 1 DAGs
[2023-11-16T08:43:58.617+0000] {logging_mixin.py:151} INFO - [2023-11-16T08:43:58.617+0000] {dag.py:3722} INFO - Setting next_dagrun for latest_only_with_trigger to 2023-11-16T04:43:58.617117+00:00, run_after=2023-11-16T08:43:58.617117+00:00
[2023-11-16T08:43:58.631+0000] {processor.py:179} INFO - Processing /home/airflow/.local/lib/python3.8/site-packages/airflow/example_dags/example_latest_only_with_trigger.py took 0.057 seconds
[2023-11-16T08:44:29.142+0000] {processor.py:157} INFO - Started process (PID=1727) to work on /home/airflow/.local/lib/python3.8/site-packages/airflow/example_dags/example_latest_only_with_trigger.py
[2023-11-16T08:44:29.143+0000] {processor.py:829} INFO - Processing file /home/airflow/.local/lib/python3.8/site-packages/airflow/example_dags/example_latest_only_with_trigger.py for tasks to queue
[2023-11-16T08:44:29.146+0000] {logging_mixin.py:151} INFO - [2023-11-16T08:44:29.145+0000] {dagbag.py:536} INFO - Filling up the DagBag from /home/airflow/.local/lib/python3.8/site-packages/airflow/example_dags/example_latest_only_with_trigger.py
[2023-11-16T08:44:29.150+0000] {processor.py:839} INFO - DAG(s) dict_keys(['latest_only_with_trigger']) retrieved from /home/airflow/.local/lib/python3.8/site-packages/airflow/example_dags/example_latest_only_with_trigger.py
[2023-11-16T08:44:29.166+0000] {logging_mixin.py:151} INFO - [2023-11-16T08:44:29.166+0000] {dag.py:2941} INFO - Sync 1 DAGs
[2023-11-16T08:44:29.184+0000] {logging_mixin.py:151} INFO - [2023-11-16T08:44:29.183+0000] {dag.py:3722} INFO - Setting next_dagrun for latest_only_with_trigger to 2023-11-16T04:44:29.183723+00:00, run_after=2023-11-16T08:44:29.183723+00:00
[2023-11-16T08:44:29.321+0000] {processor.py:179} INFO - Processing /home/airflow/.local/lib/python3.8/site-packages/airflow/example_dags/example_latest_only_with_trigger.py took 0.182 seconds
[2023-11-16T08:44:59.935+0000] {processor.py:157} INFO - Started process (PID=1781) to work on /home/airflow/.local/lib/python3.8/site-packages/airflow/example_dags/example_latest_only_with_trigger.py
[2023-11-16T08:44:59.936+0000] {processor.py:829} INFO - Processing file /home/airflow/.local/lib/python3.8/site-packages/airflow/example_dags/example_latest_only_with_trigger.py for tasks to queue
[2023-11-16T08:44:59.938+0000] {logging_mixin.py:151} INFO - [2023-11-16T08:44:59.937+0000] {dagbag.py:536} INFO - Filling up the DagBag from /home/airflow/.local/lib/python3.8/site-packages/airflow/example_dags/example_latest_only_with_trigger.py
[2023-11-16T08:44:59.942+0000] {processor.py:839} INFO - DAG(s) dict_keys(['latest_only_with_trigger']) retrieved from /home/airflow/.local/lib/python3.8/site-packages/airflow/example_dags/example_latest_only_with_trigger.py
[2023-11-16T08:44:59.959+0000] {logging_mixin.py:151} INFO - [2023-11-16T08:44:59.959+0000] {dag.py:2941} INFO - Sync 1 DAGs
[2023-11-16T08:44:59.976+0000] {logging_mixin.py:151} INFO - [2023-11-16T08:44:59.976+0000] {dag.py:3722} INFO - Setting next_dagrun for latest_only_with_trigger to 2023-11-16T04:44:59.976117+00:00, run_after=2023-11-16T08:44:59.976117+00:00
[2023-11-16T08:44:59.990+0000] {processor.py:179} INFO - Processing /home/airflow/.local/lib/python3.8/site-packages/airflow/example_dags/example_latest_only_with_trigger.py took 0.057 seconds
[2023-11-16T08:45:30.722+0000] {processor.py:157} INFO - Started process (PID=1835) to work on /home/airflow/.local/lib/python3.8/site-packages/airflow/example_dags/example_latest_only_with_trigger.py
[2023-11-16T08:45:30.723+0000] {processor.py:829} INFO - Processing file /home/airflow/.local/lib/python3.8/site-packages/airflow/example_dags/example_latest_only_with_trigger.py for tasks to queue
[2023-11-16T08:45:30.724+0000] {logging_mixin.py:151} INFO - [2023-11-16T08:45:30.724+0000] {dagbag.py:536} INFO - Filling up the DagBag from /home/airflow/.local/lib/python3.8/site-packages/airflow/example_dags/example_latest_only_with_trigger.py
[2023-11-16T08:45:30.728+0000] {processor.py:839} INFO - DAG(s) dict_keys(['latest_only_with_trigger']) retrieved from /home/airflow/.local/lib/python3.8/site-packages/airflow/example_dags/example_latest_only_with_trigger.py
[2023-11-16T08:45:30.743+0000] {logging_mixin.py:151} INFO - [2023-11-16T08:45:30.743+0000] {dag.py:2941} INFO - Sync 1 DAGs
[2023-11-16T08:45:30.762+0000] {logging_mixin.py:151} INFO - [2023-11-16T08:45:30.761+0000] {dag.py:3722} INFO - Setting next_dagrun for latest_only_with_trigger to 2023-11-16T04:45:30.761723+00:00, run_after=2023-11-16T08:45:30.761723+00:00
[2023-11-16T08:45:30.774+0000] {processor.py:179} INFO - Processing /home/airflow/.local/lib/python3.8/site-packages/airflow/example_dags/example_latest_only_with_trigger.py took 0.054 seconds
[2023-11-16T08:46:01.467+0000] {processor.py:157} INFO - Started process (PID=1889) to work on /home/airflow/.local/lib/python3.8/site-packages/airflow/example_dags/example_latest_only_with_trigger.py
[2023-11-16T08:46:01.467+0000] {processor.py:829} INFO - Processing file /home/airflow/.local/lib/python3.8/site-packages/airflow/example_dags/example_latest_only_with_trigger.py for tasks to queue
[2023-11-16T08:46:01.469+0000] {logging_mixin.py:151} INFO - [2023-11-16T08:46:01.469+0000] {dagbag.py:536} INFO - Filling up the DagBag from /home/airflow/.local/lib/python3.8/site-packages/airflow/example_dags/example_latest_only_with_trigger.py
[2023-11-16T08:46:01.473+0000] {processor.py:839} INFO - DAG(s) dict_keys(['latest_only_with_trigger']) retrieved from /home/airflow/.local/lib/python3.8/site-packages/airflow/example_dags/example_latest_only_with_trigger.py
[2023-11-16T08:46:01.489+0000] {logging_mixin.py:151} INFO - [2023-11-16T08:46:01.489+0000] {dag.py:2941} INFO - Sync 1 DAGs
[2023-11-16T08:46:01.634+0000] {logging_mixin.py:151} INFO - [2023-11-16T08:46:01.634+0000] {dag.py:3722} INFO - Setting next_dagrun for latest_only_with_trigger to 2023-11-16T04:46:01.634135+00:00, run_after=2023-11-16T08:46:01.634135+00:00
[2023-11-16T08:46:01.646+0000] {processor.py:179} INFO - Processing /home/airflow/.local/lib/python3.8/site-packages/airflow/example_dags/example_latest_only_with_trigger.py took 0.182 seconds
