[2023-11-16T08:28:47.297+0000] {processor.py:157} INFO - Started process (PID=43) to work on /home/airflow/.local/lib/python3.8/site-packages/airflow/example_dags/example_dynamic_task_mapping.py
[2023-11-16T08:28:47.298+0000] {processor.py:829} INFO - Processing file /home/airflow/.local/lib/python3.8/site-packages/airflow/example_dags/example_dynamic_task_mapping.py for tasks to queue
[2023-11-16T08:28:47.300+0000] {logging_mixin.py:151} INFO - [2023-11-16T08:28:47.300+0000] {dagbag.py:536} INFO - Filling up the DagBag from /home/airflow/.local/lib/python3.8/site-packages/airflow/example_dags/example_dynamic_task_mapping.py
[2023-11-16T08:28:47.310+0000] {processor.py:839} INFO - DAG(s) dict_keys(['example_dynamic_task_mapping']) retrieved from /home/airflow/.local/lib/python3.8/site-packages/airflow/example_dags/example_dynamic_task_mapping.py
[2023-11-16T08:28:47.333+0000] {logging_mixin.py:151} INFO - [2023-11-16T08:28:47.332+0000] {dag.py:2941} INFO - Sync 1 DAGs
[2023-11-16T08:28:47.379+0000] {logging_mixin.py:151} INFO - [2023-11-16T08:28:47.378+0000] {dag.py:3722} INFO - Setting next_dagrun for example_dynamic_task_mapping to 2022-03-04T00:00:00+00:00, run_after=2022-03-05T00:00:00+00:00
[2023-11-16T08:28:47.403+0000] {processor.py:179} INFO - Processing /home/airflow/.local/lib/python3.8/site-packages/airflow/example_dags/example_dynamic_task_mapping.py took 0.110 seconds
[2023-11-16T08:29:18.186+0000] {processor.py:157} INFO - Started process (PID=97) to work on /home/airflow/.local/lib/python3.8/site-packages/airflow/example_dags/example_dynamic_task_mapping.py
[2023-11-16T08:29:18.187+0000] {processor.py:829} INFO - Processing file /home/airflow/.local/lib/python3.8/site-packages/airflow/example_dags/example_dynamic_task_mapping.py for tasks to queue
[2023-11-16T08:29:18.189+0000] {logging_mixin.py:151} INFO - [2023-11-16T08:29:18.189+0000] {dagbag.py:536} INFO - Filling up the DagBag from /home/airflow/.local/lib/python3.8/site-packages/airflow/example_dags/example_dynamic_task_mapping.py
[2023-11-16T08:29:18.194+0000] {processor.py:839} INFO - DAG(s) dict_keys(['example_dynamic_task_mapping']) retrieved from /home/airflow/.local/lib/python3.8/site-packages/airflow/example_dags/example_dynamic_task_mapping.py
[2023-11-16T08:29:18.208+0000] {logging_mixin.py:151} INFO - [2023-11-16T08:29:18.207+0000] {dag.py:2941} INFO - Sync 1 DAGs
[2023-11-16T08:29:18.224+0000] {logging_mixin.py:151} INFO - [2023-11-16T08:29:18.224+0000] {dag.py:3722} INFO - Setting next_dagrun for example_dynamic_task_mapping to 2022-03-04T00:00:00+00:00, run_after=2022-03-05T00:00:00+00:00
[2023-11-16T08:29:18.240+0000] {processor.py:179} INFO - Processing /home/airflow/.local/lib/python3.8/site-packages/airflow/example_dags/example_dynamic_task_mapping.py took 0.056 seconds
[2023-11-16T08:29:48.910+0000] {processor.py:157} INFO - Started process (PID=151) to work on /home/airflow/.local/lib/python3.8/site-packages/airflow/example_dags/example_dynamic_task_mapping.py
[2023-11-16T08:29:48.912+0000] {processor.py:829} INFO - Processing file /home/airflow/.local/lib/python3.8/site-packages/airflow/example_dags/example_dynamic_task_mapping.py for tasks to queue
[2023-11-16T08:29:48.915+0000] {logging_mixin.py:151} INFO - [2023-11-16T08:29:48.914+0000] {dagbag.py:536} INFO - Filling up the DagBag from /home/airflow/.local/lib/python3.8/site-packages/airflow/example_dags/example_dynamic_task_mapping.py
[2023-11-16T08:29:48.926+0000] {processor.py:839} INFO - DAG(s) dict_keys(['example_dynamic_task_mapping']) retrieved from /home/airflow/.local/lib/python3.8/site-packages/airflow/example_dags/example_dynamic_task_mapping.py
[2023-11-16T08:29:48.959+0000] {logging_mixin.py:151} INFO - [2023-11-16T08:29:48.959+0000] {dag.py:2941} INFO - Sync 1 DAGs
[2023-11-16T08:29:48.996+0000] {logging_mixin.py:151} INFO - [2023-11-16T08:29:48.996+0000] {dag.py:3722} INFO - Setting next_dagrun for example_dynamic_task_mapping to 2022-03-04T00:00:00+00:00, run_after=2022-03-05T00:00:00+00:00
[2023-11-16T08:29:49.032+0000] {processor.py:179} INFO - Processing /home/airflow/.local/lib/python3.8/site-packages/airflow/example_dags/example_dynamic_task_mapping.py took 0.126 seconds
[2023-11-16T08:30:19.100+0000] {processor.py:157} INFO - Started process (PID=206) to work on /home/airflow/.local/lib/python3.8/site-packages/airflow/example_dags/example_dynamic_task_mapping.py
[2023-11-16T08:30:19.101+0000] {processor.py:829} INFO - Processing file /home/airflow/.local/lib/python3.8/site-packages/airflow/example_dags/example_dynamic_task_mapping.py for tasks to queue
[2023-11-16T08:30:19.103+0000] {logging_mixin.py:151} INFO - [2023-11-16T08:30:19.103+0000] {dagbag.py:536} INFO - Filling up the DagBag from /home/airflow/.local/lib/python3.8/site-packages/airflow/example_dags/example_dynamic_task_mapping.py
[2023-11-16T08:30:19.107+0000] {processor.py:839} INFO - DAG(s) dict_keys(['example_dynamic_task_mapping']) retrieved from /home/airflow/.local/lib/python3.8/site-packages/airflow/example_dags/example_dynamic_task_mapping.py
[2023-11-16T08:30:19.120+0000] {logging_mixin.py:151} INFO - [2023-11-16T08:30:19.120+0000] {dag.py:2941} INFO - Sync 1 DAGs
[2023-11-16T08:30:19.135+0000] {logging_mixin.py:151} INFO - [2023-11-16T08:30:19.135+0000] {dag.py:3722} INFO - Setting next_dagrun for example_dynamic_task_mapping to 2022-03-04T00:00:00+00:00, run_after=2022-03-05T00:00:00+00:00
[2023-11-16T08:30:19.146+0000] {processor.py:179} INFO - Processing /home/airflow/.local/lib/python3.8/site-packages/airflow/example_dags/example_dynamic_task_mapping.py took 0.048 seconds
[2023-11-16T08:30:49.314+0000] {processor.py:157} INFO - Started process (PID=259) to work on /home/airflow/.local/lib/python3.8/site-packages/airflow/example_dags/example_dynamic_task_mapping.py
[2023-11-16T08:30:49.315+0000] {processor.py:829} INFO - Processing file /home/airflow/.local/lib/python3.8/site-packages/airflow/example_dags/example_dynamic_task_mapping.py for tasks to queue
[2023-11-16T08:30:49.317+0000] {logging_mixin.py:151} INFO - [2023-11-16T08:30:49.316+0000] {dagbag.py:536} INFO - Filling up the DagBag from /home/airflow/.local/lib/python3.8/site-packages/airflow/example_dags/example_dynamic_task_mapping.py
[2023-11-16T08:30:49.321+0000] {processor.py:839} INFO - DAG(s) dict_keys(['example_dynamic_task_mapping']) retrieved from /home/airflow/.local/lib/python3.8/site-packages/airflow/example_dags/example_dynamic_task_mapping.py
[2023-11-16T08:30:49.333+0000] {logging_mixin.py:151} INFO - [2023-11-16T08:30:49.333+0000] {dag.py:2941} INFO - Sync 1 DAGs
[2023-11-16T08:30:49.348+0000] {logging_mixin.py:151} INFO - [2023-11-16T08:30:49.347+0000] {dag.py:3722} INFO - Setting next_dagrun for example_dynamic_task_mapping to 2022-03-04T00:00:00+00:00, run_after=2022-03-05T00:00:00+00:00
[2023-11-16T08:30:49.359+0000] {processor.py:179} INFO - Processing /home/airflow/.local/lib/python3.8/site-packages/airflow/example_dags/example_dynamic_task_mapping.py took 0.047 seconds
[2023-11-16T08:31:19.633+0000] {processor.py:157} INFO - Started process (PID=313) to work on /home/airflow/.local/lib/python3.8/site-packages/airflow/example_dags/example_dynamic_task_mapping.py
[2023-11-16T08:31:19.634+0000] {processor.py:829} INFO - Processing file /home/airflow/.local/lib/python3.8/site-packages/airflow/example_dags/example_dynamic_task_mapping.py for tasks to queue
[2023-11-16T08:31:19.636+0000] {logging_mixin.py:151} INFO - [2023-11-16T08:31:19.635+0000] {dagbag.py:536} INFO - Filling up the DagBag from /home/airflow/.local/lib/python3.8/site-packages/airflow/example_dags/example_dynamic_task_mapping.py
[2023-11-16T08:31:19.641+0000] {processor.py:839} INFO - DAG(s) dict_keys(['example_dynamic_task_mapping']) retrieved from /home/airflow/.local/lib/python3.8/site-packages/airflow/example_dags/example_dynamic_task_mapping.py
[2023-11-16T08:31:19.655+0000] {logging_mixin.py:151} INFO - [2023-11-16T08:31:19.655+0000] {dag.py:2941} INFO - Sync 1 DAGs
[2023-11-16T08:31:19.673+0000] {logging_mixin.py:151} INFO - [2023-11-16T08:31:19.673+0000] {dag.py:3722} INFO - Setting next_dagrun for example_dynamic_task_mapping to 2022-03-04T00:00:00+00:00, run_after=2022-03-05T00:00:00+00:00
[2023-11-16T08:31:19.688+0000] {processor.py:179} INFO - Processing /home/airflow/.local/lib/python3.8/site-packages/airflow/example_dags/example_dynamic_task_mapping.py took 0.058 seconds
[2023-11-16T08:31:49.819+0000] {processor.py:157} INFO - Started process (PID=367) to work on /home/airflow/.local/lib/python3.8/site-packages/airflow/example_dags/example_dynamic_task_mapping.py
[2023-11-16T08:31:49.820+0000] {processor.py:829} INFO - Processing file /home/airflow/.local/lib/python3.8/site-packages/airflow/example_dags/example_dynamic_task_mapping.py for tasks to queue
[2023-11-16T08:31:49.822+0000] {logging_mixin.py:151} INFO - [2023-11-16T08:31:49.821+0000] {dagbag.py:536} INFO - Filling up the DagBag from /home/airflow/.local/lib/python3.8/site-packages/airflow/example_dags/example_dynamic_task_mapping.py
[2023-11-16T08:31:49.827+0000] {processor.py:839} INFO - DAG(s) dict_keys(['example_dynamic_task_mapping']) retrieved from /home/airflow/.local/lib/python3.8/site-packages/airflow/example_dags/example_dynamic_task_mapping.py
[2023-11-16T08:31:49.841+0000] {logging_mixin.py:151} INFO - [2023-11-16T08:31:49.841+0000] {dag.py:2941} INFO - Sync 1 DAGs
[2023-11-16T08:31:49.857+0000] {logging_mixin.py:151} INFO - [2023-11-16T08:31:49.857+0000] {dag.py:3722} INFO - Setting next_dagrun for example_dynamic_task_mapping to 2022-03-04T00:00:00+00:00, run_after=2022-03-05T00:00:00+00:00
[2023-11-16T08:31:49.871+0000] {processor.py:179} INFO - Processing /home/airflow/.local/lib/python3.8/site-packages/airflow/example_dags/example_dynamic_task_mapping.py took 0.055 seconds
[2023-11-16T08:32:20.047+0000] {processor.py:157} INFO - Started process (PID=421) to work on /home/airflow/.local/lib/python3.8/site-packages/airflow/example_dags/example_dynamic_task_mapping.py
[2023-11-16T08:32:20.048+0000] {processor.py:829} INFO - Processing file /home/airflow/.local/lib/python3.8/site-packages/airflow/example_dags/example_dynamic_task_mapping.py for tasks to queue
[2023-11-16T08:32:20.049+0000] {logging_mixin.py:151} INFO - [2023-11-16T08:32:20.049+0000] {dagbag.py:536} INFO - Filling up the DagBag from /home/airflow/.local/lib/python3.8/site-packages/airflow/example_dags/example_dynamic_task_mapping.py
[2023-11-16T08:32:20.053+0000] {processor.py:839} INFO - DAG(s) dict_keys(['example_dynamic_task_mapping']) retrieved from /home/airflow/.local/lib/python3.8/site-packages/airflow/example_dags/example_dynamic_task_mapping.py
[2023-11-16T08:32:20.066+0000] {logging_mixin.py:151} INFO - [2023-11-16T08:32:20.066+0000] {dag.py:2941} INFO - Sync 1 DAGs
[2023-11-16T08:32:20.081+0000] {logging_mixin.py:151} INFO - [2023-11-16T08:32:20.081+0000] {dag.py:3722} INFO - Setting next_dagrun for example_dynamic_task_mapping to 2022-03-04T00:00:00+00:00, run_after=2022-03-05T00:00:00+00:00
[2023-11-16T08:32:20.095+0000] {processor.py:179} INFO - Processing /home/airflow/.local/lib/python3.8/site-packages/airflow/example_dags/example_dynamic_task_mapping.py took 0.050 seconds
[2023-11-16T08:32:50.310+0000] {processor.py:157} INFO - Started process (PID=475) to work on /home/airflow/.local/lib/python3.8/site-packages/airflow/example_dags/example_dynamic_task_mapping.py
[2023-11-16T08:32:50.311+0000] {processor.py:829} INFO - Processing file /home/airflow/.local/lib/python3.8/site-packages/airflow/example_dags/example_dynamic_task_mapping.py for tasks to queue
[2023-11-16T08:32:50.312+0000] {logging_mixin.py:151} INFO - [2023-11-16T08:32:50.312+0000] {dagbag.py:536} INFO - Filling up the DagBag from /home/airflow/.local/lib/python3.8/site-packages/airflow/example_dags/example_dynamic_task_mapping.py
[2023-11-16T08:32:50.317+0000] {processor.py:839} INFO - DAG(s) dict_keys(['example_dynamic_task_mapping']) retrieved from /home/airflow/.local/lib/python3.8/site-packages/airflow/example_dags/example_dynamic_task_mapping.py
[2023-11-16T08:32:50.329+0000] {logging_mixin.py:151} INFO - [2023-11-16T08:32:50.329+0000] {dag.py:2941} INFO - Sync 1 DAGs
[2023-11-16T08:32:50.344+0000] {logging_mixin.py:151} INFO - [2023-11-16T08:32:50.344+0000] {dag.py:3722} INFO - Setting next_dagrun for example_dynamic_task_mapping to 2022-03-04T00:00:00+00:00, run_after=2022-03-05T00:00:00+00:00
[2023-11-16T08:32:50.357+0000] {processor.py:179} INFO - Processing /home/airflow/.local/lib/python3.8/site-packages/airflow/example_dags/example_dynamic_task_mapping.py took 0.049 seconds
[2023-11-16T08:33:20.654+0000] {processor.py:157} INFO - Started process (PID=529) to work on /home/airflow/.local/lib/python3.8/site-packages/airflow/example_dags/example_dynamic_task_mapping.py
[2023-11-16T08:33:20.655+0000] {processor.py:829} INFO - Processing file /home/airflow/.local/lib/python3.8/site-packages/airflow/example_dags/example_dynamic_task_mapping.py for tasks to queue
[2023-11-16T08:33:20.657+0000] {logging_mixin.py:151} INFO - [2023-11-16T08:33:20.656+0000] {dagbag.py:536} INFO - Filling up the DagBag from /home/airflow/.local/lib/python3.8/site-packages/airflow/example_dags/example_dynamic_task_mapping.py
[2023-11-16T08:33:20.661+0000] {processor.py:839} INFO - DAG(s) dict_keys(['example_dynamic_task_mapping']) retrieved from /home/airflow/.local/lib/python3.8/site-packages/airflow/example_dags/example_dynamic_task_mapping.py
[2023-11-16T08:33:20.674+0000] {logging_mixin.py:151} INFO - [2023-11-16T08:33:20.674+0000] {dag.py:2941} INFO - Sync 1 DAGs
[2023-11-16T08:33:20.690+0000] {logging_mixin.py:151} INFO - [2023-11-16T08:33:20.690+0000] {dag.py:3722} INFO - Setting next_dagrun for example_dynamic_task_mapping to 2022-03-04T00:00:00+00:00, run_after=2022-03-05T00:00:00+00:00
[2023-11-16T08:33:20.703+0000] {processor.py:179} INFO - Processing /home/airflow/.local/lib/python3.8/site-packages/airflow/example_dags/example_dynamic_task_mapping.py took 0.051 seconds
[2023-11-16T08:33:50.760+0000] {processor.py:157} INFO - Started process (PID=583) to work on /home/airflow/.local/lib/python3.8/site-packages/airflow/example_dags/example_dynamic_task_mapping.py
[2023-11-16T08:33:50.761+0000] {processor.py:829} INFO - Processing file /home/airflow/.local/lib/python3.8/site-packages/airflow/example_dags/example_dynamic_task_mapping.py for tasks to queue
[2023-11-16T08:33:50.763+0000] {logging_mixin.py:151} INFO - [2023-11-16T08:33:50.763+0000] {dagbag.py:536} INFO - Filling up the DagBag from /home/airflow/.local/lib/python3.8/site-packages/airflow/example_dags/example_dynamic_task_mapping.py
[2023-11-16T08:33:50.768+0000] {processor.py:839} INFO - DAG(s) dict_keys(['example_dynamic_task_mapping']) retrieved from /home/airflow/.local/lib/python3.8/site-packages/airflow/example_dags/example_dynamic_task_mapping.py
[2023-11-16T08:33:50.783+0000] {logging_mixin.py:151} INFO - [2023-11-16T08:33:50.783+0000] {dag.py:2941} INFO - Sync 1 DAGs
[2023-11-16T08:33:50.801+0000] {logging_mixin.py:151} INFO - [2023-11-16T08:33:50.801+0000] {dag.py:3722} INFO - Setting next_dagrun for example_dynamic_task_mapping to 2022-03-04T00:00:00+00:00, run_after=2022-03-05T00:00:00+00:00
[2023-11-16T08:33:50.823+0000] {processor.py:179} INFO - Processing /home/airflow/.local/lib/python3.8/site-packages/airflow/example_dags/example_dynamic_task_mapping.py took 0.066 seconds
[2023-11-16T08:34:21.237+0000] {processor.py:157} INFO - Started process (PID=637) to work on /home/airflow/.local/lib/python3.8/site-packages/airflow/example_dags/example_dynamic_task_mapping.py
[2023-11-16T08:34:21.239+0000] {processor.py:829} INFO - Processing file /home/airflow/.local/lib/python3.8/site-packages/airflow/example_dags/example_dynamic_task_mapping.py for tasks to queue
[2023-11-16T08:34:21.242+0000] {logging_mixin.py:151} INFO - [2023-11-16T08:34:21.241+0000] {dagbag.py:536} INFO - Filling up the DagBag from /home/airflow/.local/lib/python3.8/site-packages/airflow/example_dags/example_dynamic_task_mapping.py
[2023-11-16T08:34:21.249+0000] {processor.py:839} INFO - DAG(s) dict_keys(['example_dynamic_task_mapping']) retrieved from /home/airflow/.local/lib/python3.8/site-packages/airflow/example_dags/example_dynamic_task_mapping.py
[2023-11-16T08:34:21.272+0000] {logging_mixin.py:151} INFO - [2023-11-16T08:34:21.272+0000] {dag.py:2941} INFO - Sync 1 DAGs
[2023-11-16T08:34:21.304+0000] {logging_mixin.py:151} INFO - [2023-11-16T08:34:21.303+0000] {dag.py:3722} INFO - Setting next_dagrun for example_dynamic_task_mapping to 2022-03-04T00:00:00+00:00, run_after=2022-03-05T00:00:00+00:00
[2023-11-16T08:34:21.333+0000] {processor.py:179} INFO - Processing /home/airflow/.local/lib/python3.8/site-packages/airflow/example_dags/example_dynamic_task_mapping.py took 0.099 seconds
[2023-11-16T08:34:51.410+0000] {processor.py:157} INFO - Started process (PID=691) to work on /home/airflow/.local/lib/python3.8/site-packages/airflow/example_dags/example_dynamic_task_mapping.py
[2023-11-16T08:34:51.411+0000] {processor.py:829} INFO - Processing file /home/airflow/.local/lib/python3.8/site-packages/airflow/example_dags/example_dynamic_task_mapping.py for tasks to queue
[2023-11-16T08:34:51.413+0000] {logging_mixin.py:151} INFO - [2023-11-16T08:34:51.413+0000] {dagbag.py:536} INFO - Filling up the DagBag from /home/airflow/.local/lib/python3.8/site-packages/airflow/example_dags/example_dynamic_task_mapping.py
[2023-11-16T08:34:51.418+0000] {processor.py:839} INFO - DAG(s) dict_keys(['example_dynamic_task_mapping']) retrieved from /home/airflow/.local/lib/python3.8/site-packages/airflow/example_dags/example_dynamic_task_mapping.py
[2023-11-16T08:34:51.434+0000] {logging_mixin.py:151} INFO - [2023-11-16T08:34:51.434+0000] {dag.py:2941} INFO - Sync 1 DAGs
[2023-11-16T08:34:51.451+0000] {logging_mixin.py:151} INFO - [2023-11-16T08:34:51.451+0000] {dag.py:3722} INFO - Setting next_dagrun for example_dynamic_task_mapping to 2022-03-04T00:00:00+00:00, run_after=2022-03-05T00:00:00+00:00
[2023-11-16T08:34:51.469+0000] {processor.py:179} INFO - Processing /home/airflow/.local/lib/python3.8/site-packages/airflow/example_dags/example_dynamic_task_mapping.py took 0.061 seconds
[2023-11-16T08:35:21.536+0000] {processor.py:157} INFO - Started process (PID=745) to work on /home/airflow/.local/lib/python3.8/site-packages/airflow/example_dags/example_dynamic_task_mapping.py
[2023-11-16T08:35:21.537+0000] {processor.py:829} INFO - Processing file /home/airflow/.local/lib/python3.8/site-packages/airflow/example_dags/example_dynamic_task_mapping.py for tasks to queue
[2023-11-16T08:35:21.539+0000] {logging_mixin.py:151} INFO - [2023-11-16T08:35:21.539+0000] {dagbag.py:536} INFO - Filling up the DagBag from /home/airflow/.local/lib/python3.8/site-packages/airflow/example_dags/example_dynamic_task_mapping.py
[2023-11-16T08:35:21.544+0000] {processor.py:839} INFO - DAG(s) dict_keys(['example_dynamic_task_mapping']) retrieved from /home/airflow/.local/lib/python3.8/site-packages/airflow/example_dags/example_dynamic_task_mapping.py
[2023-11-16T08:35:21.558+0000] {logging_mixin.py:151} INFO - [2023-11-16T08:35:21.558+0000] {dag.py:2941} INFO - Sync 1 DAGs
[2023-11-16T08:35:21.575+0000] {logging_mixin.py:151} INFO - [2023-11-16T08:35:21.575+0000] {dag.py:3722} INFO - Setting next_dagrun for example_dynamic_task_mapping to 2022-03-04T00:00:00+00:00, run_after=2022-03-05T00:00:00+00:00
[2023-11-16T08:35:21.589+0000] {processor.py:179} INFO - Processing /home/airflow/.local/lib/python3.8/site-packages/airflow/example_dags/example_dynamic_task_mapping.py took 0.054 seconds
[2023-11-16T08:35:51.676+0000] {processor.py:157} INFO - Started process (PID=799) to work on /home/airflow/.local/lib/python3.8/site-packages/airflow/example_dags/example_dynamic_task_mapping.py
[2023-11-16T08:35:51.677+0000] {processor.py:829} INFO - Processing file /home/airflow/.local/lib/python3.8/site-packages/airflow/example_dags/example_dynamic_task_mapping.py for tasks to queue
[2023-11-16T08:35:51.679+0000] {logging_mixin.py:151} INFO - [2023-11-16T08:35:51.679+0000] {dagbag.py:536} INFO - Filling up the DagBag from /home/airflow/.local/lib/python3.8/site-packages/airflow/example_dags/example_dynamic_task_mapping.py
[2023-11-16T08:35:51.685+0000] {processor.py:839} INFO - DAG(s) dict_keys(['example_dynamic_task_mapping']) retrieved from /home/airflow/.local/lib/python3.8/site-packages/airflow/example_dags/example_dynamic_task_mapping.py
[2023-11-16T08:35:51.697+0000] {logging_mixin.py:151} INFO - [2023-11-16T08:35:51.697+0000] {dag.py:2941} INFO - Sync 1 DAGs
[2023-11-16T08:35:51.713+0000] {logging_mixin.py:151} INFO - [2023-11-16T08:35:51.713+0000] {dag.py:3722} INFO - Setting next_dagrun for example_dynamic_task_mapping to 2022-03-04T00:00:00+00:00, run_after=2022-03-05T00:00:00+00:00
[2023-11-16T08:35:51.728+0000] {processor.py:179} INFO - Processing /home/airflow/.local/lib/python3.8/site-packages/airflow/example_dags/example_dynamic_task_mapping.py took 0.055 seconds
[2023-11-16T08:36:21.775+0000] {processor.py:157} INFO - Started process (PID=853) to work on /home/airflow/.local/lib/python3.8/site-packages/airflow/example_dags/example_dynamic_task_mapping.py
[2023-11-16T08:36:21.776+0000] {processor.py:829} INFO - Processing file /home/airflow/.local/lib/python3.8/site-packages/airflow/example_dags/example_dynamic_task_mapping.py for tasks to queue
[2023-11-16T08:36:21.778+0000] {logging_mixin.py:151} INFO - [2023-11-16T08:36:21.778+0000] {dagbag.py:536} INFO - Filling up the DagBag from /home/airflow/.local/lib/python3.8/site-packages/airflow/example_dags/example_dynamic_task_mapping.py
[2023-11-16T08:36:21.783+0000] {processor.py:839} INFO - DAG(s) dict_keys(['example_dynamic_task_mapping']) retrieved from /home/airflow/.local/lib/python3.8/site-packages/airflow/example_dags/example_dynamic_task_mapping.py
[2023-11-16T08:36:21.797+0000] {logging_mixin.py:151} INFO - [2023-11-16T08:36:21.797+0000] {dag.py:2941} INFO - Sync 1 DAGs
[2023-11-16T08:36:21.811+0000] {logging_mixin.py:151} INFO - [2023-11-16T08:36:21.811+0000] {dag.py:3722} INFO - Setting next_dagrun for example_dynamic_task_mapping to 2022-03-04T00:00:00+00:00, run_after=2022-03-05T00:00:00+00:00
[2023-11-16T08:36:21.823+0000] {processor.py:179} INFO - Processing /home/airflow/.local/lib/python3.8/site-packages/airflow/example_dags/example_dynamic_task_mapping.py took 0.052 seconds
[2023-11-16T08:36:51.961+0000] {processor.py:157} INFO - Started process (PID=907) to work on /home/airflow/.local/lib/python3.8/site-packages/airflow/example_dags/example_dynamic_task_mapping.py
[2023-11-16T08:36:51.962+0000] {processor.py:829} INFO - Processing file /home/airflow/.local/lib/python3.8/site-packages/airflow/example_dags/example_dynamic_task_mapping.py for tasks to queue
[2023-11-16T08:36:51.963+0000] {logging_mixin.py:151} INFO - [2023-11-16T08:36:51.963+0000] {dagbag.py:536} INFO - Filling up the DagBag from /home/airflow/.local/lib/python3.8/site-packages/airflow/example_dags/example_dynamic_task_mapping.py
[2023-11-16T08:36:51.968+0000] {processor.py:839} INFO - DAG(s) dict_keys(['example_dynamic_task_mapping']) retrieved from /home/airflow/.local/lib/python3.8/site-packages/airflow/example_dags/example_dynamic_task_mapping.py
[2023-11-16T08:36:51.983+0000] {logging_mixin.py:151} INFO - [2023-11-16T08:36:51.982+0000] {dag.py:2941} INFO - Sync 1 DAGs
[2023-11-16T08:36:51.999+0000] {logging_mixin.py:151} INFO - [2023-11-16T08:36:51.999+0000] {dag.py:3722} INFO - Setting next_dagrun for example_dynamic_task_mapping to 2022-03-04T00:00:00+00:00, run_after=2022-03-05T00:00:00+00:00
[2023-11-16T08:36:52.016+0000] {processor.py:179} INFO - Processing /home/airflow/.local/lib/python3.8/site-packages/airflow/example_dags/example_dynamic_task_mapping.py took 0.058 seconds
[2023-11-16T08:37:22.160+0000] {processor.py:157} INFO - Started process (PID=961) to work on /home/airflow/.local/lib/python3.8/site-packages/airflow/example_dags/example_dynamic_task_mapping.py
[2023-11-16T08:37:22.161+0000] {processor.py:829} INFO - Processing file /home/airflow/.local/lib/python3.8/site-packages/airflow/example_dags/example_dynamic_task_mapping.py for tasks to queue
[2023-11-16T08:37:22.163+0000] {logging_mixin.py:151} INFO - [2023-11-16T08:37:22.163+0000] {dagbag.py:536} INFO - Filling up the DagBag from /home/airflow/.local/lib/python3.8/site-packages/airflow/example_dags/example_dynamic_task_mapping.py
[2023-11-16T08:37:22.168+0000] {processor.py:839} INFO - DAG(s) dict_keys(['example_dynamic_task_mapping']) retrieved from /home/airflow/.local/lib/python3.8/site-packages/airflow/example_dags/example_dynamic_task_mapping.py
[2023-11-16T08:37:22.183+0000] {logging_mixin.py:151} INFO - [2023-11-16T08:37:22.182+0000] {dag.py:2941} INFO - Sync 1 DAGs
[2023-11-16T08:37:22.203+0000] {logging_mixin.py:151} INFO - [2023-11-16T08:37:22.202+0000] {dag.py:3722} INFO - Setting next_dagrun for example_dynamic_task_mapping to 2022-03-04T00:00:00+00:00, run_after=2022-03-05T00:00:00+00:00
[2023-11-16T08:37:22.220+0000] {processor.py:179} INFO - Processing /home/airflow/.local/lib/python3.8/site-packages/airflow/example_dags/example_dynamic_task_mapping.py took 0.062 seconds
[2023-11-16T08:37:52.345+0000] {processor.py:157} INFO - Started process (PID=1015) to work on /home/airflow/.local/lib/python3.8/site-packages/airflow/example_dags/example_dynamic_task_mapping.py
[2023-11-16T08:37:52.346+0000] {processor.py:829} INFO - Processing file /home/airflow/.local/lib/python3.8/site-packages/airflow/example_dags/example_dynamic_task_mapping.py for tasks to queue
[2023-11-16T08:37:52.348+0000] {logging_mixin.py:151} INFO - [2023-11-16T08:37:52.348+0000] {dagbag.py:536} INFO - Filling up the DagBag from /home/airflow/.local/lib/python3.8/site-packages/airflow/example_dags/example_dynamic_task_mapping.py
[2023-11-16T08:37:52.353+0000] {processor.py:839} INFO - DAG(s) dict_keys(['example_dynamic_task_mapping']) retrieved from /home/airflow/.local/lib/python3.8/site-packages/airflow/example_dags/example_dynamic_task_mapping.py
[2023-11-16T08:37:52.369+0000] {logging_mixin.py:151} INFO - [2023-11-16T08:37:52.369+0000] {dag.py:2941} INFO - Sync 1 DAGs
[2023-11-16T08:37:52.387+0000] {logging_mixin.py:151} INFO - [2023-11-16T08:37:52.387+0000] {dag.py:3722} INFO - Setting next_dagrun for example_dynamic_task_mapping to 2022-03-04T00:00:00+00:00, run_after=2022-03-05T00:00:00+00:00
[2023-11-16T08:37:52.404+0000] {processor.py:179} INFO - Processing /home/airflow/.local/lib/python3.8/site-packages/airflow/example_dags/example_dynamic_task_mapping.py took 0.061 seconds
[2023-11-16T08:38:22.650+0000] {processor.py:157} INFO - Started process (PID=1069) to work on /home/airflow/.local/lib/python3.8/site-packages/airflow/example_dags/example_dynamic_task_mapping.py
[2023-11-16T08:38:22.651+0000] {processor.py:829} INFO - Processing file /home/airflow/.local/lib/python3.8/site-packages/airflow/example_dags/example_dynamic_task_mapping.py for tasks to queue
[2023-11-16T08:38:22.653+0000] {logging_mixin.py:151} INFO - [2023-11-16T08:38:22.653+0000] {dagbag.py:536} INFO - Filling up the DagBag from /home/airflow/.local/lib/python3.8/site-packages/airflow/example_dags/example_dynamic_task_mapping.py
[2023-11-16T08:38:22.657+0000] {processor.py:839} INFO - DAG(s) dict_keys(['example_dynamic_task_mapping']) retrieved from /home/airflow/.local/lib/python3.8/site-packages/airflow/example_dags/example_dynamic_task_mapping.py
[2023-11-16T08:38:22.669+0000] {logging_mixin.py:151} INFO - [2023-11-16T08:38:22.669+0000] {dag.py:2941} INFO - Sync 1 DAGs
[2023-11-16T08:38:22.685+0000] {logging_mixin.py:151} INFO - [2023-11-16T08:38:22.685+0000] {dag.py:3722} INFO - Setting next_dagrun for example_dynamic_task_mapping to 2022-03-04T00:00:00+00:00, run_after=2022-03-05T00:00:00+00:00
[2023-11-16T08:38:22.698+0000] {processor.py:179} INFO - Processing /home/airflow/.local/lib/python3.8/site-packages/airflow/example_dags/example_dynamic_task_mapping.py took 0.049 seconds
[2023-11-16T08:38:53.009+0000] {processor.py:157} INFO - Started process (PID=1123) to work on /home/airflow/.local/lib/python3.8/site-packages/airflow/example_dags/example_dynamic_task_mapping.py
[2023-11-16T08:38:53.010+0000] {processor.py:829} INFO - Processing file /home/airflow/.local/lib/python3.8/site-packages/airflow/example_dags/example_dynamic_task_mapping.py for tasks to queue
[2023-11-16T08:38:53.011+0000] {logging_mixin.py:151} INFO - [2023-11-16T08:38:53.011+0000] {dagbag.py:536} INFO - Filling up the DagBag from /home/airflow/.local/lib/python3.8/site-packages/airflow/example_dags/example_dynamic_task_mapping.py
[2023-11-16T08:38:53.015+0000] {processor.py:839} INFO - DAG(s) dict_keys(['example_dynamic_task_mapping']) retrieved from /home/airflow/.local/lib/python3.8/site-packages/airflow/example_dags/example_dynamic_task_mapping.py
[2023-11-16T08:38:53.028+0000] {logging_mixin.py:151} INFO - [2023-11-16T08:38:53.028+0000] {dag.py:2941} INFO - Sync 1 DAGs
[2023-11-16T08:38:53.043+0000] {logging_mixin.py:151} INFO - [2023-11-16T08:38:53.043+0000] {dag.py:3722} INFO - Setting next_dagrun for example_dynamic_task_mapping to 2022-03-04T00:00:00+00:00, run_after=2022-03-05T00:00:00+00:00
[2023-11-16T08:38:53.056+0000] {processor.py:179} INFO - Processing /home/airflow/.local/lib/python3.8/site-packages/airflow/example_dags/example_dynamic_task_mapping.py took 0.049 seconds
[2023-11-16T08:39:23.177+0000] {processor.py:157} INFO - Started process (PID=1177) to work on /home/airflow/.local/lib/python3.8/site-packages/airflow/example_dags/example_dynamic_task_mapping.py
[2023-11-16T08:39:23.178+0000] {processor.py:829} INFO - Processing file /home/airflow/.local/lib/python3.8/site-packages/airflow/example_dags/example_dynamic_task_mapping.py for tasks to queue
[2023-11-16T08:39:23.179+0000] {logging_mixin.py:151} INFO - [2023-11-16T08:39:23.179+0000] {dagbag.py:536} INFO - Filling up the DagBag from /home/airflow/.local/lib/python3.8/site-packages/airflow/example_dags/example_dynamic_task_mapping.py
[2023-11-16T08:39:23.184+0000] {processor.py:839} INFO - DAG(s) dict_keys(['example_dynamic_task_mapping']) retrieved from /home/airflow/.local/lib/python3.8/site-packages/airflow/example_dags/example_dynamic_task_mapping.py
[2023-11-16T08:39:23.198+0000] {logging_mixin.py:151} INFO - [2023-11-16T08:39:23.198+0000] {dag.py:2941} INFO - Sync 1 DAGs
[2023-11-16T08:39:23.214+0000] {logging_mixin.py:151} INFO - [2023-11-16T08:39:23.214+0000] {dag.py:3722} INFO - Setting next_dagrun for example_dynamic_task_mapping to 2022-03-04T00:00:00+00:00, run_after=2022-03-05T00:00:00+00:00
[2023-11-16T08:39:23.228+0000] {processor.py:179} INFO - Processing /home/airflow/.local/lib/python3.8/site-packages/airflow/example_dags/example_dynamic_task_mapping.py took 0.053 seconds
[2023-11-16T08:39:53.256+0000] {processor.py:157} INFO - Started process (PID=1231) to work on /home/airflow/.local/lib/python3.8/site-packages/airflow/example_dags/example_dynamic_task_mapping.py
[2023-11-16T08:39:53.256+0000] {processor.py:829} INFO - Processing file /home/airflow/.local/lib/python3.8/site-packages/airflow/example_dags/example_dynamic_task_mapping.py for tasks to queue
[2023-11-16T08:39:53.258+0000] {logging_mixin.py:151} INFO - [2023-11-16T08:39:53.258+0000] {dagbag.py:536} INFO - Filling up the DagBag from /home/airflow/.local/lib/python3.8/site-packages/airflow/example_dags/example_dynamic_task_mapping.py
[2023-11-16T08:39:53.262+0000] {processor.py:839} INFO - DAG(s) dict_keys(['example_dynamic_task_mapping']) retrieved from /home/airflow/.local/lib/python3.8/site-packages/airflow/example_dags/example_dynamic_task_mapping.py
[2023-11-16T08:39:53.276+0000] {logging_mixin.py:151} INFO - [2023-11-16T08:39:53.275+0000] {dag.py:2941} INFO - Sync 1 DAGs
[2023-11-16T08:39:53.291+0000] {logging_mixin.py:151} INFO - [2023-11-16T08:39:53.291+0000] {dag.py:3722} INFO - Setting next_dagrun for example_dynamic_task_mapping to 2022-03-04T00:00:00+00:00, run_after=2022-03-05T00:00:00+00:00
[2023-11-16T08:39:53.303+0000] {processor.py:179} INFO - Processing /home/airflow/.local/lib/python3.8/site-packages/airflow/example_dags/example_dynamic_task_mapping.py took 0.050 seconds
[2023-11-16T08:40:23.383+0000] {processor.py:157} INFO - Started process (PID=1285) to work on /home/airflow/.local/lib/python3.8/site-packages/airflow/example_dags/example_dynamic_task_mapping.py
[2023-11-16T08:40:23.384+0000] {processor.py:829} INFO - Processing file /home/airflow/.local/lib/python3.8/site-packages/airflow/example_dags/example_dynamic_task_mapping.py for tasks to queue
[2023-11-16T08:40:23.386+0000] {logging_mixin.py:151} INFO - [2023-11-16T08:40:23.385+0000] {dagbag.py:536} INFO - Filling up the DagBag from /home/airflow/.local/lib/python3.8/site-packages/airflow/example_dags/example_dynamic_task_mapping.py
[2023-11-16T08:40:23.391+0000] {processor.py:839} INFO - DAG(s) dict_keys(['example_dynamic_task_mapping']) retrieved from /home/airflow/.local/lib/python3.8/site-packages/airflow/example_dags/example_dynamic_task_mapping.py
[2023-11-16T08:40:23.404+0000] {logging_mixin.py:151} INFO - [2023-11-16T08:40:23.404+0000] {dag.py:2941} INFO - Sync 1 DAGs
[2023-11-16T08:40:23.421+0000] {logging_mixin.py:151} INFO - [2023-11-16T08:40:23.421+0000] {dag.py:3722} INFO - Setting next_dagrun for example_dynamic_task_mapping to 2022-03-04T00:00:00+00:00, run_after=2022-03-05T00:00:00+00:00
[2023-11-16T08:40:23.439+0000] {processor.py:179} INFO - Processing /home/airflow/.local/lib/python3.8/site-packages/airflow/example_dags/example_dynamic_task_mapping.py took 0.059 seconds
[2023-11-16T08:40:54.203+0000] {processor.py:157} INFO - Started process (PID=1339) to work on /home/airflow/.local/lib/python3.8/site-packages/airflow/example_dags/example_dynamic_task_mapping.py
[2023-11-16T08:40:54.204+0000] {processor.py:829} INFO - Processing file /home/airflow/.local/lib/python3.8/site-packages/airflow/example_dags/example_dynamic_task_mapping.py for tasks to queue
[2023-11-16T08:40:54.205+0000] {logging_mixin.py:151} INFO - [2023-11-16T08:40:54.205+0000] {dagbag.py:536} INFO - Filling up the DagBag from /home/airflow/.local/lib/python3.8/site-packages/airflow/example_dags/example_dynamic_task_mapping.py
[2023-11-16T08:40:54.209+0000] {processor.py:839} INFO - DAG(s) dict_keys(['example_dynamic_task_mapping']) retrieved from /home/airflow/.local/lib/python3.8/site-packages/airflow/example_dags/example_dynamic_task_mapping.py
[2023-11-16T08:40:54.221+0000] {logging_mixin.py:151} INFO - [2023-11-16T08:40:54.221+0000] {dag.py:2941} INFO - Sync 1 DAGs
[2023-11-16T08:40:54.235+0000] {logging_mixin.py:151} INFO - [2023-11-16T08:40:54.235+0000] {dag.py:3722} INFO - Setting next_dagrun for example_dynamic_task_mapping to 2022-03-04T00:00:00+00:00, run_after=2022-03-05T00:00:00+00:00
[2023-11-16T08:40:54.247+0000] {processor.py:179} INFO - Processing /home/airflow/.local/lib/python3.8/site-packages/airflow/example_dags/example_dynamic_task_mapping.py took 0.046 seconds
[2023-11-16T08:41:24.346+0000] {processor.py:157} INFO - Started process (PID=1393) to work on /home/airflow/.local/lib/python3.8/site-packages/airflow/example_dags/example_dynamic_task_mapping.py
[2023-11-16T08:41:24.347+0000] {processor.py:829} INFO - Processing file /home/airflow/.local/lib/python3.8/site-packages/airflow/example_dags/example_dynamic_task_mapping.py for tasks to queue
[2023-11-16T08:41:24.348+0000] {logging_mixin.py:151} INFO - [2023-11-16T08:41:24.348+0000] {dagbag.py:536} INFO - Filling up the DagBag from /home/airflow/.local/lib/python3.8/site-packages/airflow/example_dags/example_dynamic_task_mapping.py
[2023-11-16T08:41:24.352+0000] {processor.py:839} INFO - DAG(s) dict_keys(['example_dynamic_task_mapping']) retrieved from /home/airflow/.local/lib/python3.8/site-packages/airflow/example_dags/example_dynamic_task_mapping.py
[2023-11-16T08:41:24.365+0000] {logging_mixin.py:151} INFO - [2023-11-16T08:41:24.365+0000] {dag.py:2941} INFO - Sync 1 DAGs
[2023-11-16T08:41:24.379+0000] {logging_mixin.py:151} INFO - [2023-11-16T08:41:24.379+0000] {dag.py:3722} INFO - Setting next_dagrun for example_dynamic_task_mapping to 2022-03-04T00:00:00+00:00, run_after=2022-03-05T00:00:00+00:00
[2023-11-16T08:41:24.391+0000] {processor.py:179} INFO - Processing /home/airflow/.local/lib/python3.8/site-packages/airflow/example_dags/example_dynamic_task_mapping.py took 0.047 seconds
[2023-11-16T08:41:54.508+0000] {processor.py:157} INFO - Started process (PID=1447) to work on /home/airflow/.local/lib/python3.8/site-packages/airflow/example_dags/example_dynamic_task_mapping.py
[2023-11-16T08:41:54.509+0000] {processor.py:829} INFO - Processing file /home/airflow/.local/lib/python3.8/site-packages/airflow/example_dags/example_dynamic_task_mapping.py for tasks to queue
[2023-11-16T08:41:54.511+0000] {logging_mixin.py:151} INFO - [2023-11-16T08:41:54.511+0000] {dagbag.py:536} INFO - Filling up the DagBag from /home/airflow/.local/lib/python3.8/site-packages/airflow/example_dags/example_dynamic_task_mapping.py
[2023-11-16T08:41:54.516+0000] {processor.py:839} INFO - DAG(s) dict_keys(['example_dynamic_task_mapping']) retrieved from /home/airflow/.local/lib/python3.8/site-packages/airflow/example_dags/example_dynamic_task_mapping.py
[2023-11-16T08:41:54.528+0000] {logging_mixin.py:151} INFO - [2023-11-16T08:41:54.528+0000] {dag.py:2941} INFO - Sync 1 DAGs
[2023-11-16T08:41:54.542+0000] {logging_mixin.py:151} INFO - [2023-11-16T08:41:54.542+0000] {dag.py:3722} INFO - Setting next_dagrun for example_dynamic_task_mapping to 2022-03-04T00:00:00+00:00, run_after=2022-03-05T00:00:00+00:00
[2023-11-16T08:41:54.554+0000] {processor.py:179} INFO - Processing /home/airflow/.local/lib/python3.8/site-packages/airflow/example_dags/example_dynamic_task_mapping.py took 0.047 seconds
[2023-11-16T08:42:25.414+0000] {processor.py:157} INFO - Started process (PID=1501) to work on /home/airflow/.local/lib/python3.8/site-packages/airflow/example_dags/example_dynamic_task_mapping.py
[2023-11-16T08:42:25.415+0000] {processor.py:829} INFO - Processing file /home/airflow/.local/lib/python3.8/site-packages/airflow/example_dags/example_dynamic_task_mapping.py for tasks to queue
[2023-11-16T08:42:25.416+0000] {logging_mixin.py:151} INFO - [2023-11-16T08:42:25.416+0000] {dagbag.py:536} INFO - Filling up the DagBag from /home/airflow/.local/lib/python3.8/site-packages/airflow/example_dags/example_dynamic_task_mapping.py
[2023-11-16T08:42:25.420+0000] {processor.py:839} INFO - DAG(s) dict_keys(['example_dynamic_task_mapping']) retrieved from /home/airflow/.local/lib/python3.8/site-packages/airflow/example_dags/example_dynamic_task_mapping.py
[2023-11-16T08:42:25.431+0000] {logging_mixin.py:151} INFO - [2023-11-16T08:42:25.431+0000] {dag.py:2941} INFO - Sync 1 DAGs
[2023-11-16T08:42:25.445+0000] {logging_mixin.py:151} INFO - [2023-11-16T08:42:25.445+0000] {dag.py:3722} INFO - Setting next_dagrun for example_dynamic_task_mapping to 2022-03-04T00:00:00+00:00, run_after=2022-03-05T00:00:00+00:00
[2023-11-16T08:42:25.458+0000] {processor.py:179} INFO - Processing /home/airflow/.local/lib/python3.8/site-packages/airflow/example_dags/example_dynamic_task_mapping.py took 0.046 seconds
[2023-11-16T08:42:56.203+0000] {processor.py:157} INFO - Started process (PID=1555) to work on /home/airflow/.local/lib/python3.8/site-packages/airflow/example_dags/example_dynamic_task_mapping.py
[2023-11-16T08:42:56.204+0000] {processor.py:829} INFO - Processing file /home/airflow/.local/lib/python3.8/site-packages/airflow/example_dags/example_dynamic_task_mapping.py for tasks to queue
[2023-11-16T08:42:56.205+0000] {logging_mixin.py:151} INFO - [2023-11-16T08:42:56.205+0000] {dagbag.py:536} INFO - Filling up the DagBag from /home/airflow/.local/lib/python3.8/site-packages/airflow/example_dags/example_dynamic_task_mapping.py
[2023-11-16T08:42:56.209+0000] {processor.py:839} INFO - DAG(s) dict_keys(['example_dynamic_task_mapping']) retrieved from /home/airflow/.local/lib/python3.8/site-packages/airflow/example_dags/example_dynamic_task_mapping.py
[2023-11-16T08:42:56.221+0000] {logging_mixin.py:151} INFO - [2023-11-16T08:42:56.221+0000] {dag.py:2941} INFO - Sync 1 DAGs
[2023-11-16T08:42:56.235+0000] {logging_mixin.py:151} INFO - [2023-11-16T08:42:56.235+0000] {dag.py:3722} INFO - Setting next_dagrun for example_dynamic_task_mapping to 2022-03-04T00:00:00+00:00, run_after=2022-03-05T00:00:00+00:00
[2023-11-16T08:42:56.249+0000] {processor.py:179} INFO - Processing /home/airflow/.local/lib/python3.8/site-packages/airflow/example_dags/example_dynamic_task_mapping.py took 0.048 seconds
[2023-11-16T08:43:26.787+0000] {processor.py:157} INFO - Started process (PID=1609) to work on /home/airflow/.local/lib/python3.8/site-packages/airflow/example_dags/example_dynamic_task_mapping.py
[2023-11-16T08:43:26.788+0000] {processor.py:829} INFO - Processing file /home/airflow/.local/lib/python3.8/site-packages/airflow/example_dags/example_dynamic_task_mapping.py for tasks to queue
[2023-11-16T08:43:26.790+0000] {logging_mixin.py:151} INFO - [2023-11-16T08:43:26.790+0000] {dagbag.py:536} INFO - Filling up the DagBag from /home/airflow/.local/lib/python3.8/site-packages/airflow/example_dags/example_dynamic_task_mapping.py
[2023-11-16T08:43:26.794+0000] {processor.py:839} INFO - DAG(s) dict_keys(['example_dynamic_task_mapping']) retrieved from /home/airflow/.local/lib/python3.8/site-packages/airflow/example_dags/example_dynamic_task_mapping.py
[2023-11-16T08:43:26.807+0000] {logging_mixin.py:151} INFO - [2023-11-16T08:43:26.807+0000] {dag.py:2941} INFO - Sync 1 DAGs
[2023-11-16T08:43:26.822+0000] {logging_mixin.py:151} INFO - [2023-11-16T08:43:26.822+0000] {dag.py:3722} INFO - Setting next_dagrun for example_dynamic_task_mapping to 2022-03-04T00:00:00+00:00, run_after=2022-03-05T00:00:00+00:00
[2023-11-16T08:43:26.834+0000] {processor.py:179} INFO - Processing /home/airflow/.local/lib/python3.8/site-packages/airflow/example_dags/example_dynamic_task_mapping.py took 0.049 seconds
[2023-11-16T08:43:57.246+0000] {processor.py:157} INFO - Started process (PID=1663) to work on /home/airflow/.local/lib/python3.8/site-packages/airflow/example_dags/example_dynamic_task_mapping.py
[2023-11-16T08:43:57.246+0000] {processor.py:829} INFO - Processing file /home/airflow/.local/lib/python3.8/site-packages/airflow/example_dags/example_dynamic_task_mapping.py for tasks to queue
[2023-11-16T08:43:57.248+0000] {logging_mixin.py:151} INFO - [2023-11-16T08:43:57.248+0000] {dagbag.py:536} INFO - Filling up the DagBag from /home/airflow/.local/lib/python3.8/site-packages/airflow/example_dags/example_dynamic_task_mapping.py
[2023-11-16T08:43:57.253+0000] {processor.py:839} INFO - DAG(s) dict_keys(['example_dynamic_task_mapping']) retrieved from /home/airflow/.local/lib/python3.8/site-packages/airflow/example_dags/example_dynamic_task_mapping.py
[2023-11-16T08:43:57.267+0000] {logging_mixin.py:151} INFO - [2023-11-16T08:43:57.266+0000] {dag.py:2941} INFO - Sync 1 DAGs
[2023-11-16T08:43:57.426+0000] {logging_mixin.py:151} INFO - [2023-11-16T08:43:57.425+0000] {dag.py:3722} INFO - Setting next_dagrun for example_dynamic_task_mapping to 2022-03-04T00:00:00+00:00, run_after=2022-03-05T00:00:00+00:00
[2023-11-16T08:43:57.437+0000] {processor.py:179} INFO - Processing /home/airflow/.local/lib/python3.8/site-packages/airflow/example_dags/example_dynamic_task_mapping.py took 0.194 seconds
[2023-11-16T08:44:28.373+0000] {processor.py:157} INFO - Started process (PID=1717) to work on /home/airflow/.local/lib/python3.8/site-packages/airflow/example_dags/example_dynamic_task_mapping.py
[2023-11-16T08:44:28.374+0000] {processor.py:829} INFO - Processing file /home/airflow/.local/lib/python3.8/site-packages/airflow/example_dags/example_dynamic_task_mapping.py for tasks to queue
[2023-11-16T08:44:28.376+0000] {logging_mixin.py:151} INFO - [2023-11-16T08:44:28.376+0000] {dagbag.py:536} INFO - Filling up the DagBag from /home/airflow/.local/lib/python3.8/site-packages/airflow/example_dags/example_dynamic_task_mapping.py
[2023-11-16T08:44:28.381+0000] {processor.py:839} INFO - DAG(s) dict_keys(['example_dynamic_task_mapping']) retrieved from /home/airflow/.local/lib/python3.8/site-packages/airflow/example_dags/example_dynamic_task_mapping.py
[2023-11-16T08:44:28.396+0000] {logging_mixin.py:151} INFO - [2023-11-16T08:44:28.396+0000] {dag.py:2941} INFO - Sync 1 DAGs
[2023-11-16T08:44:28.414+0000] {logging_mixin.py:151} INFO - [2023-11-16T08:44:28.414+0000] {dag.py:3722} INFO - Setting next_dagrun for example_dynamic_task_mapping to 2022-03-04T00:00:00+00:00, run_after=2022-03-05T00:00:00+00:00
[2023-11-16T08:44:28.430+0000] {processor.py:179} INFO - Processing /home/airflow/.local/lib/python3.8/site-packages/airflow/example_dags/example_dynamic_task_mapping.py took 0.059 seconds
[2023-11-16T08:44:58.509+0000] {processor.py:157} INFO - Started process (PID=1771) to work on /home/airflow/.local/lib/python3.8/site-packages/airflow/example_dags/example_dynamic_task_mapping.py
[2023-11-16T08:44:58.510+0000] {processor.py:829} INFO - Processing file /home/airflow/.local/lib/python3.8/site-packages/airflow/example_dags/example_dynamic_task_mapping.py for tasks to queue
[2023-11-16T08:44:58.512+0000] {logging_mixin.py:151} INFO - [2023-11-16T08:44:58.511+0000] {dagbag.py:536} INFO - Filling up the DagBag from /home/airflow/.local/lib/python3.8/site-packages/airflow/example_dags/example_dynamic_task_mapping.py
[2023-11-16T08:44:58.516+0000] {processor.py:839} INFO - DAG(s) dict_keys(['example_dynamic_task_mapping']) retrieved from /home/airflow/.local/lib/python3.8/site-packages/airflow/example_dags/example_dynamic_task_mapping.py
[2023-11-16T08:44:58.529+0000] {logging_mixin.py:151} INFO - [2023-11-16T08:44:58.528+0000] {dag.py:2941} INFO - Sync 1 DAGs
[2023-11-16T08:44:58.547+0000] {logging_mixin.py:151} INFO - [2023-11-16T08:44:58.547+0000] {dag.py:3722} INFO - Setting next_dagrun for example_dynamic_task_mapping to 2022-03-04T00:00:00+00:00, run_after=2022-03-05T00:00:00+00:00
[2023-11-16T08:44:58.561+0000] {processor.py:179} INFO - Processing /home/airflow/.local/lib/python3.8/site-packages/airflow/example_dags/example_dynamic_task_mapping.py took 0.054 seconds
[2023-11-16T08:45:29.401+0000] {processor.py:157} INFO - Started process (PID=1825) to work on /home/airflow/.local/lib/python3.8/site-packages/airflow/example_dags/example_dynamic_task_mapping.py
[2023-11-16T08:45:29.402+0000] {processor.py:829} INFO - Processing file /home/airflow/.local/lib/python3.8/site-packages/airflow/example_dags/example_dynamic_task_mapping.py for tasks to queue
[2023-11-16T08:45:29.403+0000] {logging_mixin.py:151} INFO - [2023-11-16T08:45:29.403+0000] {dagbag.py:536} INFO - Filling up the DagBag from /home/airflow/.local/lib/python3.8/site-packages/airflow/example_dags/example_dynamic_task_mapping.py
[2023-11-16T08:45:29.407+0000] {processor.py:839} INFO - DAG(s) dict_keys(['example_dynamic_task_mapping']) retrieved from /home/airflow/.local/lib/python3.8/site-packages/airflow/example_dags/example_dynamic_task_mapping.py
[2023-11-16T08:45:29.420+0000] {logging_mixin.py:151} INFO - [2023-11-16T08:45:29.419+0000] {dag.py:2941} INFO - Sync 1 DAGs
[2023-11-16T08:45:29.435+0000] {logging_mixin.py:151} INFO - [2023-11-16T08:45:29.435+0000] {dag.py:3722} INFO - Setting next_dagrun for example_dynamic_task_mapping to 2022-03-04T00:00:00+00:00, run_after=2022-03-05T00:00:00+00:00
[2023-11-16T08:45:29.447+0000] {processor.py:179} INFO - Processing /home/airflow/.local/lib/python3.8/site-packages/airflow/example_dags/example_dynamic_task_mapping.py took 0.049 seconds
[2023-11-16T08:45:59.599+0000] {processor.py:157} INFO - Started process (PID=1879) to work on /home/airflow/.local/lib/python3.8/site-packages/airflow/example_dags/example_dynamic_task_mapping.py
[2023-11-16T08:45:59.600+0000] {processor.py:829} INFO - Processing file /home/airflow/.local/lib/python3.8/site-packages/airflow/example_dags/example_dynamic_task_mapping.py for tasks to queue
[2023-11-16T08:45:59.602+0000] {logging_mixin.py:151} INFO - [2023-11-16T08:45:59.602+0000] {dagbag.py:536} INFO - Filling up the DagBag from /home/airflow/.local/lib/python3.8/site-packages/airflow/example_dags/example_dynamic_task_mapping.py
[2023-11-16T08:45:59.607+0000] {processor.py:839} INFO - DAG(s) dict_keys(['example_dynamic_task_mapping']) retrieved from /home/airflow/.local/lib/python3.8/site-packages/airflow/example_dags/example_dynamic_task_mapping.py
[2023-11-16T08:45:59.623+0000] {logging_mixin.py:151} INFO - [2023-11-16T08:45:59.622+0000] {dag.py:2941} INFO - Sync 1 DAGs
[2023-11-16T08:45:59.777+0000] {logging_mixin.py:151} INFO - [2023-11-16T08:45:59.777+0000] {dag.py:3722} INFO - Setting next_dagrun for example_dynamic_task_mapping to 2022-03-04T00:00:00+00:00, run_after=2022-03-05T00:00:00+00:00
[2023-11-16T08:45:59.792+0000] {processor.py:179} INFO - Processing /home/airflow/.local/lib/python3.8/site-packages/airflow/example_dags/example_dynamic_task_mapping.py took 0.195 seconds
