[2023-11-16T08:28:46.954+0000] {processor.py:157} INFO - Started process (PID=40) to work on /home/airflow/.local/lib/python3.8/site-packages/airflow/example_dags/example_complex.py
[2023-11-16T08:28:46.956+0000] {processor.py:829} INFO - Processing file /home/airflow/.local/lib/python3.8/site-packages/airflow/example_dags/example_complex.py for tasks to queue
[2023-11-16T08:28:46.959+0000] {logging_mixin.py:151} INFO - [2023-11-16T08:28:46.959+0000] {dagbag.py:536} INFO - Filling up the DagBag from /home/airflow/.local/lib/python3.8/site-packages/airflow/example_dags/example_complex.py
[2023-11-16T08:28:47.011+0000] {processor.py:839} INFO - DAG(s) dict_keys(['example_complex']) retrieved from /home/airflow/.local/lib/python3.8/site-packages/airflow/example_dags/example_complex.py
[2023-11-16T08:28:47.065+0000] {logging_mixin.py:151} INFO - [2023-11-16T08:28:47.064+0000] {dag.py:2941} INFO - Sync 1 DAGs
[2023-11-16T08:28:47.084+0000] {logging_mixin.py:151} INFO - [2023-11-16T08:28:47.083+0000] {dag.py:3722} INFO - Setting next_dagrun for example_complex to None, run_after=None
[2023-11-16T08:28:47.120+0000] {processor.py:179} INFO - Processing /home/airflow/.local/lib/python3.8/site-packages/airflow/example_dags/example_complex.py took 0.173 seconds
[2023-11-16T08:29:18.106+0000] {processor.py:157} INFO - Started process (PID=94) to work on /home/airflow/.local/lib/python3.8/site-packages/airflow/example_dags/example_complex.py
[2023-11-16T08:29:18.107+0000] {processor.py:829} INFO - Processing file /home/airflow/.local/lib/python3.8/site-packages/airflow/example_dags/example_complex.py for tasks to queue
[2023-11-16T08:29:18.109+0000] {logging_mixin.py:151} INFO - [2023-11-16T08:29:18.109+0000] {dagbag.py:536} INFO - Filling up the DagBag from /home/airflow/.local/lib/python3.8/site-packages/airflow/example_dags/example_complex.py
[2023-11-16T08:29:18.117+0000] {processor.py:839} INFO - DAG(s) dict_keys(['example_complex']) retrieved from /home/airflow/.local/lib/python3.8/site-packages/airflow/example_dags/example_complex.py
[2023-11-16T08:29:18.138+0000] {logging_mixin.py:151} INFO - [2023-11-16T08:29:18.138+0000] {dag.py:2941} INFO - Sync 1 DAGs
[2023-11-16T08:29:18.149+0000] {logging_mixin.py:151} INFO - [2023-11-16T08:29:18.149+0000] {dag.py:3722} INFO - Setting next_dagrun for example_complex to None, run_after=None
[2023-11-16T08:29:18.165+0000] {processor.py:179} INFO - Processing /home/airflow/.local/lib/python3.8/site-packages/airflow/example_dags/example_complex.py took 0.061 seconds
[2023-11-16T08:29:48.687+0000] {processor.py:157} INFO - Started process (PID=148) to work on /home/airflow/.local/lib/python3.8/site-packages/airflow/example_dags/example_complex.py
[2023-11-16T08:29:48.688+0000] {processor.py:829} INFO - Processing file /home/airflow/.local/lib/python3.8/site-packages/airflow/example_dags/example_complex.py for tasks to queue
[2023-11-16T08:29:48.690+0000] {logging_mixin.py:151} INFO - [2023-11-16T08:29:48.690+0000] {dagbag.py:536} INFO - Filling up the DagBag from /home/airflow/.local/lib/python3.8/site-packages/airflow/example_dags/example_complex.py
[2023-11-16T08:29:48.700+0000] {processor.py:839} INFO - DAG(s) dict_keys(['example_complex']) retrieved from /home/airflow/.local/lib/python3.8/site-packages/airflow/example_dags/example_complex.py
[2023-11-16T08:29:48.723+0000] {logging_mixin.py:151} INFO - [2023-11-16T08:29:48.723+0000] {dag.py:2941} INFO - Sync 1 DAGs
[2023-11-16T08:29:48.736+0000] {logging_mixin.py:151} INFO - [2023-11-16T08:29:48.736+0000] {dag.py:3722} INFO - Setting next_dagrun for example_complex to None, run_after=None
[2023-11-16T08:29:48.754+0000] {processor.py:179} INFO - Processing /home/airflow/.local/lib/python3.8/site-packages/airflow/example_dags/example_complex.py took 0.070 seconds
[2023-11-16T08:30:18.966+0000] {processor.py:157} INFO - Started process (PID=202) to work on /home/airflow/.local/lib/python3.8/site-packages/airflow/example_dags/example_complex.py
[2023-11-16T08:30:18.977+0000] {processor.py:829} INFO - Processing file /home/airflow/.local/lib/python3.8/site-packages/airflow/example_dags/example_complex.py for tasks to queue
[2023-11-16T08:30:18.979+0000] {logging_mixin.py:151} INFO - [2023-11-16T08:30:18.978+0000] {dagbag.py:536} INFO - Filling up the DagBag from /home/airflow/.local/lib/python3.8/site-packages/airflow/example_dags/example_complex.py
[2023-11-16T08:30:18.986+0000] {processor.py:839} INFO - DAG(s) dict_keys(['example_complex']) retrieved from /home/airflow/.local/lib/python3.8/site-packages/airflow/example_dags/example_complex.py
[2023-11-16T08:30:19.005+0000] {logging_mixin.py:151} INFO - [2023-11-16T08:30:19.005+0000] {dag.py:2941} INFO - Sync 1 DAGs
[2023-11-16T08:30:19.014+0000] {logging_mixin.py:151} INFO - [2023-11-16T08:30:19.014+0000] {dag.py:3722} INFO - Setting next_dagrun for example_complex to None, run_after=None
[2023-11-16T08:30:19.027+0000] {processor.py:179} INFO - Processing /home/airflow/.local/lib/python3.8/site-packages/airflow/example_dags/example_complex.py took 0.063 seconds
[2023-11-16T08:30:49.189+0000] {processor.py:157} INFO - Started process (PID=256) to work on /home/airflow/.local/lib/python3.8/site-packages/airflow/example_dags/example_complex.py
[2023-11-16T08:30:49.189+0000] {processor.py:829} INFO - Processing file /home/airflow/.local/lib/python3.8/site-packages/airflow/example_dags/example_complex.py for tasks to queue
[2023-11-16T08:30:49.191+0000] {logging_mixin.py:151} INFO - [2023-11-16T08:30:49.191+0000] {dagbag.py:536} INFO - Filling up the DagBag from /home/airflow/.local/lib/python3.8/site-packages/airflow/example_dags/example_complex.py
[2023-11-16T08:30:49.198+0000] {processor.py:839} INFO - DAG(s) dict_keys(['example_complex']) retrieved from /home/airflow/.local/lib/python3.8/site-packages/airflow/example_dags/example_complex.py
[2023-11-16T08:30:49.217+0000] {logging_mixin.py:151} INFO - [2023-11-16T08:30:49.217+0000] {dag.py:2941} INFO - Sync 1 DAGs
[2023-11-16T08:30:49.225+0000] {logging_mixin.py:151} INFO - [2023-11-16T08:30:49.225+0000] {dag.py:3722} INFO - Setting next_dagrun for example_complex to None, run_after=None
[2023-11-16T08:30:49.236+0000] {processor.py:179} INFO - Processing /home/airflow/.local/lib/python3.8/site-packages/airflow/example_dags/example_complex.py took 0.050 seconds
[2023-11-16T08:31:19.442+0000] {processor.py:157} INFO - Started process (PID=310) to work on /home/airflow/.local/lib/python3.8/site-packages/airflow/example_dags/example_complex.py
[2023-11-16T08:31:19.443+0000] {processor.py:829} INFO - Processing file /home/airflow/.local/lib/python3.8/site-packages/airflow/example_dags/example_complex.py for tasks to queue
[2023-11-16T08:31:19.445+0000] {logging_mixin.py:151} INFO - [2023-11-16T08:31:19.444+0000] {dagbag.py:536} INFO - Filling up the DagBag from /home/airflow/.local/lib/python3.8/site-packages/airflow/example_dags/example_complex.py
[2023-11-16T08:31:19.454+0000] {processor.py:839} INFO - DAG(s) dict_keys(['example_complex']) retrieved from /home/airflow/.local/lib/python3.8/site-packages/airflow/example_dags/example_complex.py
[2023-11-16T08:31:19.478+0000] {logging_mixin.py:151} INFO - [2023-11-16T08:31:19.478+0000] {dag.py:2941} INFO - Sync 1 DAGs
[2023-11-16T08:31:19.490+0000] {logging_mixin.py:151} INFO - [2023-11-16T08:31:19.489+0000] {dag.py:3722} INFO - Setting next_dagrun for example_complex to None, run_after=None
[2023-11-16T08:31:19.528+0000] {processor.py:179} INFO - Processing /home/airflow/.local/lib/python3.8/site-packages/airflow/example_dags/example_complex.py took 0.089 seconds
[2023-11-16T08:31:49.663+0000] {processor.py:157} INFO - Started process (PID=364) to work on /home/airflow/.local/lib/python3.8/site-packages/airflow/example_dags/example_complex.py
[2023-11-16T08:31:49.665+0000] {processor.py:829} INFO - Processing file /home/airflow/.local/lib/python3.8/site-packages/airflow/example_dags/example_complex.py for tasks to queue
[2023-11-16T08:31:49.666+0000] {logging_mixin.py:151} INFO - [2023-11-16T08:31:49.666+0000] {dagbag.py:536} INFO - Filling up the DagBag from /home/airflow/.local/lib/python3.8/site-packages/airflow/example_dags/example_complex.py
[2023-11-16T08:31:49.674+0000] {processor.py:839} INFO - DAG(s) dict_keys(['example_complex']) retrieved from /home/airflow/.local/lib/python3.8/site-packages/airflow/example_dags/example_complex.py
[2023-11-16T08:31:49.695+0000] {logging_mixin.py:151} INFO - [2023-11-16T08:31:49.695+0000] {dag.py:2941} INFO - Sync 1 DAGs
[2023-11-16T08:31:49.705+0000] {logging_mixin.py:151} INFO - [2023-11-16T08:31:49.704+0000] {dag.py:3722} INFO - Setting next_dagrun for example_complex to None, run_after=None
[2023-11-16T08:31:49.722+0000] {processor.py:179} INFO - Processing /home/airflow/.local/lib/python3.8/site-packages/airflow/example_dags/example_complex.py took 0.061 seconds
[2023-11-16T08:32:19.905+0000] {processor.py:157} INFO - Started process (PID=418) to work on /home/airflow/.local/lib/python3.8/site-packages/airflow/example_dags/example_complex.py
[2023-11-16T08:32:19.975+0000] {processor.py:829} INFO - Processing file /home/airflow/.local/lib/python3.8/site-packages/airflow/example_dags/example_complex.py for tasks to queue
[2023-11-16T08:32:19.977+0000] {logging_mixin.py:151} INFO - [2023-11-16T08:32:19.977+0000] {dagbag.py:536} INFO - Filling up the DagBag from /home/airflow/.local/lib/python3.8/site-packages/airflow/example_dags/example_complex.py
[2023-11-16T08:32:19.986+0000] {processor.py:839} INFO - DAG(s) dict_keys(['example_complex']) retrieved from /home/airflow/.local/lib/python3.8/site-packages/airflow/example_dags/example_complex.py
[2023-11-16T08:32:20.008+0000] {logging_mixin.py:151} INFO - [2023-11-16T08:32:20.007+0000] {dag.py:2941} INFO - Sync 1 DAGs
[2023-11-16T08:32:20.017+0000] {logging_mixin.py:151} INFO - [2023-11-16T08:32:20.017+0000] {dag.py:3722} INFO - Setting next_dagrun for example_complex to None, run_after=None
[2023-11-16T08:32:20.029+0000] {processor.py:179} INFO - Processing /home/airflow/.local/lib/python3.8/site-packages/airflow/example_dags/example_complex.py took 0.126 seconds
[2023-11-16T08:32:50.185+0000] {processor.py:157} INFO - Started process (PID=472) to work on /home/airflow/.local/lib/python3.8/site-packages/airflow/example_dags/example_complex.py
[2023-11-16T08:32:50.186+0000] {processor.py:829} INFO - Processing file /home/airflow/.local/lib/python3.8/site-packages/airflow/example_dags/example_complex.py for tasks to queue
[2023-11-16T08:32:50.187+0000] {logging_mixin.py:151} INFO - [2023-11-16T08:32:50.187+0000] {dagbag.py:536} INFO - Filling up the DagBag from /home/airflow/.local/lib/python3.8/site-packages/airflow/example_dags/example_complex.py
[2023-11-16T08:32:50.194+0000] {processor.py:839} INFO - DAG(s) dict_keys(['example_complex']) retrieved from /home/airflow/.local/lib/python3.8/site-packages/airflow/example_dags/example_complex.py
[2023-11-16T08:32:50.213+0000] {logging_mixin.py:151} INFO - [2023-11-16T08:32:50.213+0000] {dag.py:2941} INFO - Sync 1 DAGs
[2023-11-16T08:32:50.221+0000] {logging_mixin.py:151} INFO - [2023-11-16T08:32:50.221+0000] {dag.py:3722} INFO - Setting next_dagrun for example_complex to None, run_after=None
[2023-11-16T08:32:50.233+0000] {processor.py:179} INFO - Processing /home/airflow/.local/lib/python3.8/site-packages/airflow/example_dags/example_complex.py took 0.051 seconds
[2023-11-16T08:33:20.521+0000] {processor.py:157} INFO - Started process (PID=526) to work on /home/airflow/.local/lib/python3.8/site-packages/airflow/example_dags/example_complex.py
[2023-11-16T08:33:20.522+0000] {processor.py:829} INFO - Processing file /home/airflow/.local/lib/python3.8/site-packages/airflow/example_dags/example_complex.py for tasks to queue
[2023-11-16T08:33:20.524+0000] {logging_mixin.py:151} INFO - [2023-11-16T08:33:20.524+0000] {dagbag.py:536} INFO - Filling up the DagBag from /home/airflow/.local/lib/python3.8/site-packages/airflow/example_dags/example_complex.py
[2023-11-16T08:33:20.531+0000] {processor.py:839} INFO - DAG(s) dict_keys(['example_complex']) retrieved from /home/airflow/.local/lib/python3.8/site-packages/airflow/example_dags/example_complex.py
[2023-11-16T08:33:20.550+0000] {logging_mixin.py:151} INFO - [2023-11-16T08:33:20.550+0000] {dag.py:2941} INFO - Sync 1 DAGs
[2023-11-16T08:33:20.559+0000] {logging_mixin.py:151} INFO - [2023-11-16T08:33:20.559+0000] {dag.py:3722} INFO - Setting next_dagrun for example_complex to None, run_after=None
[2023-11-16T08:33:20.571+0000] {processor.py:179} INFO - Processing /home/airflow/.local/lib/python3.8/site-packages/airflow/example_dags/example_complex.py took 0.052 seconds
[2023-11-16T08:33:50.677+0000] {processor.py:157} INFO - Started process (PID=580) to work on /home/airflow/.local/lib/python3.8/site-packages/airflow/example_dags/example_complex.py
[2023-11-16T08:33:50.678+0000] {processor.py:829} INFO - Processing file /home/airflow/.local/lib/python3.8/site-packages/airflow/example_dags/example_complex.py for tasks to queue
[2023-11-16T08:33:50.680+0000] {logging_mixin.py:151} INFO - [2023-11-16T08:33:50.680+0000] {dagbag.py:536} INFO - Filling up the DagBag from /home/airflow/.local/lib/python3.8/site-packages/airflow/example_dags/example_complex.py
[2023-11-16T08:33:50.688+0000] {processor.py:839} INFO - DAG(s) dict_keys(['example_complex']) retrieved from /home/airflow/.local/lib/python3.8/site-packages/airflow/example_dags/example_complex.py
[2023-11-16T08:33:50.712+0000] {logging_mixin.py:151} INFO - [2023-11-16T08:33:50.712+0000] {dag.py:2941} INFO - Sync 1 DAGs
[2023-11-16T08:33:50.722+0000] {logging_mixin.py:151} INFO - [2023-11-16T08:33:50.722+0000] {dag.py:3722} INFO - Setting next_dagrun for example_complex to None, run_after=None
[2023-11-16T08:33:50.737+0000] {processor.py:179} INFO - Processing /home/airflow/.local/lib/python3.8/site-packages/airflow/example_dags/example_complex.py took 0.062 seconds
[2023-11-16T08:34:20.952+0000] {processor.py:157} INFO - Started process (PID=634) to work on /home/airflow/.local/lib/python3.8/site-packages/airflow/example_dags/example_complex.py
[2023-11-16T08:34:20.954+0000] {processor.py:829} INFO - Processing file /home/airflow/.local/lib/python3.8/site-packages/airflow/example_dags/example_complex.py for tasks to queue
[2023-11-16T08:34:20.957+0000] {logging_mixin.py:151} INFO - [2023-11-16T08:34:20.957+0000] {dagbag.py:536} INFO - Filling up the DagBag from /home/airflow/.local/lib/python3.8/site-packages/airflow/example_dags/example_complex.py
[2023-11-16T08:34:20.976+0000] {processor.py:839} INFO - DAG(s) dict_keys(['example_complex']) retrieved from /home/airflow/.local/lib/python3.8/site-packages/airflow/example_dags/example_complex.py
[2023-11-16T08:34:21.048+0000] {logging_mixin.py:151} INFO - [2023-11-16T08:34:21.047+0000] {dag.py:2941} INFO - Sync 1 DAGs
[2023-11-16T08:34:21.067+0000] {logging_mixin.py:151} INFO - [2023-11-16T08:34:21.066+0000] {dag.py:3722} INFO - Setting next_dagrun for example_complex to None, run_after=None
[2023-11-16T08:34:21.090+0000] {processor.py:179} INFO - Processing /home/airflow/.local/lib/python3.8/site-packages/airflow/example_dags/example_complex.py took 0.141 seconds
[2023-11-16T08:34:51.324+0000] {processor.py:157} INFO - Started process (PID=688) to work on /home/airflow/.local/lib/python3.8/site-packages/airflow/example_dags/example_complex.py
[2023-11-16T08:34:51.324+0000] {processor.py:829} INFO - Processing file /home/airflow/.local/lib/python3.8/site-packages/airflow/example_dags/example_complex.py for tasks to queue
[2023-11-16T08:34:51.326+0000] {logging_mixin.py:151} INFO - [2023-11-16T08:34:51.326+0000] {dagbag.py:536} INFO - Filling up the DagBag from /home/airflow/.local/lib/python3.8/site-packages/airflow/example_dags/example_complex.py
[2023-11-16T08:34:51.334+0000] {processor.py:839} INFO - DAG(s) dict_keys(['example_complex']) retrieved from /home/airflow/.local/lib/python3.8/site-packages/airflow/example_dags/example_complex.py
[2023-11-16T08:34:51.359+0000] {logging_mixin.py:151} INFO - [2023-11-16T08:34:51.359+0000] {dag.py:2941} INFO - Sync 1 DAGs
[2023-11-16T08:34:51.370+0000] {logging_mixin.py:151} INFO - [2023-11-16T08:34:51.370+0000] {dag.py:3722} INFO - Setting next_dagrun for example_complex to None, run_after=None
[2023-11-16T08:34:51.387+0000] {processor.py:179} INFO - Processing /home/airflow/.local/lib/python3.8/site-packages/airflow/example_dags/example_complex.py took 0.066 seconds
[2023-11-16T08:35:21.409+0000] {processor.py:157} INFO - Started process (PID=743) to work on /home/airflow/.local/lib/python3.8/site-packages/airflow/example_dags/example_complex.py
[2023-11-16T08:35:21.410+0000] {processor.py:829} INFO - Processing file /home/airflow/.local/lib/python3.8/site-packages/airflow/example_dags/example_complex.py for tasks to queue
[2023-11-16T08:35:21.411+0000] {logging_mixin.py:151} INFO - [2023-11-16T08:35:21.411+0000] {dagbag.py:536} INFO - Filling up the DagBag from /home/airflow/.local/lib/python3.8/site-packages/airflow/example_dags/example_complex.py
[2023-11-16T08:35:21.418+0000] {processor.py:839} INFO - DAG(s) dict_keys(['example_complex']) retrieved from /home/airflow/.local/lib/python3.8/site-packages/airflow/example_dags/example_complex.py
[2023-11-16T08:35:21.439+0000] {logging_mixin.py:151} INFO - [2023-11-16T08:35:21.439+0000] {dag.py:2941} INFO - Sync 1 DAGs
[2023-11-16T08:35:21.448+0000] {logging_mixin.py:151} INFO - [2023-11-16T08:35:21.448+0000] {dag.py:3722} INFO - Setting next_dagrun for example_complex to None, run_after=None
[2023-11-16T08:35:21.462+0000] {processor.py:179} INFO - Processing /home/airflow/.local/lib/python3.8/site-packages/airflow/example_dags/example_complex.py took 0.055 seconds
[2023-11-16T08:35:51.539+0000] {processor.py:157} INFO - Started process (PID=796) to work on /home/airflow/.local/lib/python3.8/site-packages/airflow/example_dags/example_complex.py
[2023-11-16T08:35:51.540+0000] {processor.py:829} INFO - Processing file /home/airflow/.local/lib/python3.8/site-packages/airflow/example_dags/example_complex.py for tasks to queue
[2023-11-16T08:35:51.541+0000] {logging_mixin.py:151} INFO - [2023-11-16T08:35:51.541+0000] {dagbag.py:536} INFO - Filling up the DagBag from /home/airflow/.local/lib/python3.8/site-packages/airflow/example_dags/example_complex.py
[2023-11-16T08:35:51.549+0000] {processor.py:839} INFO - DAG(s) dict_keys(['example_complex']) retrieved from /home/airflow/.local/lib/python3.8/site-packages/airflow/example_dags/example_complex.py
[2023-11-16T08:35:51.569+0000] {logging_mixin.py:151} INFO - [2023-11-16T08:35:51.569+0000] {dag.py:2941} INFO - Sync 1 DAGs
[2023-11-16T08:35:51.578+0000] {logging_mixin.py:151} INFO - [2023-11-16T08:35:51.577+0000] {dag.py:3722} INFO - Setting next_dagrun for example_complex to None, run_after=None
[2023-11-16T08:35:51.590+0000] {processor.py:179} INFO - Processing /home/airflow/.local/lib/python3.8/site-packages/airflow/example_dags/example_complex.py took 0.053 seconds
[2023-11-16T08:36:21.640+0000] {processor.py:157} INFO - Started process (PID=850) to work on /home/airflow/.local/lib/python3.8/site-packages/airflow/example_dags/example_complex.py
[2023-11-16T08:36:21.641+0000] {processor.py:829} INFO - Processing file /home/airflow/.local/lib/python3.8/site-packages/airflow/example_dags/example_complex.py for tasks to queue
[2023-11-16T08:36:21.643+0000] {logging_mixin.py:151} INFO - [2023-11-16T08:36:21.643+0000] {dagbag.py:536} INFO - Filling up the DagBag from /home/airflow/.local/lib/python3.8/site-packages/airflow/example_dags/example_complex.py
[2023-11-16T08:36:21.650+0000] {processor.py:839} INFO - DAG(s) dict_keys(['example_complex']) retrieved from /home/airflow/.local/lib/python3.8/site-packages/airflow/example_dags/example_complex.py
[2023-11-16T08:36:21.672+0000] {logging_mixin.py:151} INFO - [2023-11-16T08:36:21.671+0000] {dag.py:2941} INFO - Sync 1 DAGs
[2023-11-16T08:36:21.680+0000] {logging_mixin.py:151} INFO - [2023-11-16T08:36:21.680+0000] {dag.py:3722} INFO - Setting next_dagrun for example_complex to None, run_after=None
[2023-11-16T08:36:21.693+0000] {processor.py:179} INFO - Processing /home/airflow/.local/lib/python3.8/site-packages/airflow/example_dags/example_complex.py took 0.055 seconds
[2023-11-16T08:36:51.796+0000] {processor.py:157} INFO - Started process (PID=904) to work on /home/airflow/.local/lib/python3.8/site-packages/airflow/example_dags/example_complex.py
[2023-11-16T08:36:51.887+0000] {processor.py:829} INFO - Processing file /home/airflow/.local/lib/python3.8/site-packages/airflow/example_dags/example_complex.py for tasks to queue
[2023-11-16T08:36:51.889+0000] {logging_mixin.py:151} INFO - [2023-11-16T08:36:51.889+0000] {dagbag.py:536} INFO - Filling up the DagBag from /home/airflow/.local/lib/python3.8/site-packages/airflow/example_dags/example_complex.py
[2023-11-16T08:36:51.898+0000] {processor.py:839} INFO - DAG(s) dict_keys(['example_complex']) retrieved from /home/airflow/.local/lib/python3.8/site-packages/airflow/example_dags/example_complex.py
[2023-11-16T08:36:51.918+0000] {logging_mixin.py:151} INFO - [2023-11-16T08:36:51.918+0000] {dag.py:2941} INFO - Sync 1 DAGs
[2023-11-16T08:36:51.927+0000] {logging_mixin.py:151} INFO - [2023-11-16T08:36:51.927+0000] {dag.py:3722} INFO - Setting next_dagrun for example_complex to None, run_after=None
[2023-11-16T08:36:51.940+0000] {processor.py:179} INFO - Processing /home/airflow/.local/lib/python3.8/site-packages/airflow/example_dags/example_complex.py took 0.146 seconds
[2023-11-16T08:37:22.014+0000] {processor.py:157} INFO - Started process (PID=958) to work on /home/airflow/.local/lib/python3.8/site-packages/airflow/example_dags/example_complex.py
[2023-11-16T08:37:22.015+0000] {processor.py:829} INFO - Processing file /home/airflow/.local/lib/python3.8/site-packages/airflow/example_dags/example_complex.py for tasks to queue
[2023-11-16T08:37:22.017+0000] {logging_mixin.py:151} INFO - [2023-11-16T08:37:22.016+0000] {dagbag.py:536} INFO - Filling up the DagBag from /home/airflow/.local/lib/python3.8/site-packages/airflow/example_dags/example_complex.py
[2023-11-16T08:37:22.024+0000] {processor.py:839} INFO - DAG(s) dict_keys(['example_complex']) retrieved from /home/airflow/.local/lib/python3.8/site-packages/airflow/example_dags/example_complex.py
[2023-11-16T08:37:22.043+0000] {logging_mixin.py:151} INFO - [2023-11-16T08:37:22.043+0000] {dag.py:2941} INFO - Sync 1 DAGs
[2023-11-16T08:37:22.052+0000] {logging_mixin.py:151} INFO - [2023-11-16T08:37:22.052+0000] {dag.py:3722} INFO - Setting next_dagrun for example_complex to None, run_after=None
[2023-11-16T08:37:22.065+0000] {processor.py:179} INFO - Processing /home/airflow/.local/lib/python3.8/site-packages/airflow/example_dags/example_complex.py took 0.053 seconds
[2023-11-16T08:37:52.268+0000] {processor.py:157} INFO - Started process (PID=1012) to work on /home/airflow/.local/lib/python3.8/site-packages/airflow/example_dags/example_complex.py
[2023-11-16T08:37:52.269+0000] {processor.py:829} INFO - Processing file /home/airflow/.local/lib/python3.8/site-packages/airflow/example_dags/example_complex.py for tasks to queue
[2023-11-16T08:37:52.271+0000] {logging_mixin.py:151} INFO - [2023-11-16T08:37:52.271+0000] {dagbag.py:536} INFO - Filling up the DagBag from /home/airflow/.local/lib/python3.8/site-packages/airflow/example_dags/example_complex.py
[2023-11-16T08:37:52.278+0000] {processor.py:839} INFO - DAG(s) dict_keys(['example_complex']) retrieved from /home/airflow/.local/lib/python3.8/site-packages/airflow/example_dags/example_complex.py
[2023-11-16T08:37:52.298+0000] {logging_mixin.py:151} INFO - [2023-11-16T08:37:52.298+0000] {dag.py:2941} INFO - Sync 1 DAGs
[2023-11-16T08:37:52.307+0000] {logging_mixin.py:151} INFO - [2023-11-16T08:37:52.307+0000] {dag.py:3722} INFO - Setting next_dagrun for example_complex to None, run_after=None
[2023-11-16T08:37:52.323+0000] {processor.py:179} INFO - Processing /home/airflow/.local/lib/python3.8/site-packages/airflow/example_dags/example_complex.py took 0.056 seconds
[2023-11-16T08:38:22.523+0000] {processor.py:157} INFO - Started process (PID=1066) to work on /home/airflow/.local/lib/python3.8/site-packages/airflow/example_dags/example_complex.py
[2023-11-16T08:38:22.525+0000] {processor.py:829} INFO - Processing file /home/airflow/.local/lib/python3.8/site-packages/airflow/example_dags/example_complex.py for tasks to queue
[2023-11-16T08:38:22.526+0000] {logging_mixin.py:151} INFO - [2023-11-16T08:38:22.526+0000] {dagbag.py:536} INFO - Filling up the DagBag from /home/airflow/.local/lib/python3.8/site-packages/airflow/example_dags/example_complex.py
[2023-11-16T08:38:22.533+0000] {processor.py:839} INFO - DAG(s) dict_keys(['example_complex']) retrieved from /home/airflow/.local/lib/python3.8/site-packages/airflow/example_dags/example_complex.py
[2023-11-16T08:38:22.552+0000] {logging_mixin.py:151} INFO - [2023-11-16T08:38:22.551+0000] {dag.py:2941} INFO - Sync 1 DAGs
[2023-11-16T08:38:22.560+0000] {logging_mixin.py:151} INFO - [2023-11-16T08:38:22.560+0000] {dag.py:3722} INFO - Setting next_dagrun for example_complex to None, run_after=None
[2023-11-16T08:38:22.572+0000] {processor.py:179} INFO - Processing /home/airflow/.local/lib/python3.8/site-packages/airflow/example_dags/example_complex.py took 0.051 seconds
[2023-11-16T08:38:52.939+0000] {processor.py:157} INFO - Started process (PID=1120) to work on /home/airflow/.local/lib/python3.8/site-packages/airflow/example_dags/example_complex.py
[2023-11-16T08:38:52.940+0000] {processor.py:829} INFO - Processing file /home/airflow/.local/lib/python3.8/site-packages/airflow/example_dags/example_complex.py for tasks to queue
[2023-11-16T08:38:52.942+0000] {logging_mixin.py:151} INFO - [2023-11-16T08:38:52.942+0000] {dagbag.py:536} INFO - Filling up the DagBag from /home/airflow/.local/lib/python3.8/site-packages/airflow/example_dags/example_complex.py
[2023-11-16T08:38:52.949+0000] {processor.py:839} INFO - DAG(s) dict_keys(['example_complex']) retrieved from /home/airflow/.local/lib/python3.8/site-packages/airflow/example_dags/example_complex.py
[2023-11-16T08:38:52.968+0000] {logging_mixin.py:151} INFO - [2023-11-16T08:38:52.968+0000] {dag.py:2941} INFO - Sync 1 DAGs
[2023-11-16T08:38:52.977+0000] {logging_mixin.py:151} INFO - [2023-11-16T08:38:52.977+0000] {dag.py:3722} INFO - Setting next_dagrun for example_complex to None, run_after=None
[2023-11-16T08:38:52.989+0000] {processor.py:179} INFO - Processing /home/airflow/.local/lib/python3.8/site-packages/airflow/example_dags/example_complex.py took 0.052 seconds
[2023-11-16T08:39:23.030+0000] {processor.py:157} INFO - Started process (PID=1174) to work on /home/airflow/.local/lib/python3.8/site-packages/airflow/example_dags/example_complex.py
[2023-11-16T08:39:23.031+0000] {processor.py:829} INFO - Processing file /home/airflow/.local/lib/python3.8/site-packages/airflow/example_dags/example_complex.py for tasks to queue
[2023-11-16T08:39:23.032+0000] {logging_mixin.py:151} INFO - [2023-11-16T08:39:23.032+0000] {dagbag.py:536} INFO - Filling up the DagBag from /home/airflow/.local/lib/python3.8/site-packages/airflow/example_dags/example_complex.py
[2023-11-16T08:39:23.041+0000] {processor.py:839} INFO - DAG(s) dict_keys(['example_complex']) retrieved from /home/airflow/.local/lib/python3.8/site-packages/airflow/example_dags/example_complex.py
[2023-11-16T08:39:23.062+0000] {logging_mixin.py:151} INFO - [2023-11-16T08:39:23.061+0000] {dag.py:2941} INFO - Sync 1 DAGs
[2023-11-16T08:39:23.071+0000] {logging_mixin.py:151} INFO - [2023-11-16T08:39:23.071+0000] {dag.py:3722} INFO - Setting next_dagrun for example_complex to None, run_after=None
[2023-11-16T08:39:23.087+0000] {processor.py:179} INFO - Processing /home/airflow/.local/lib/python3.8/site-packages/airflow/example_dags/example_complex.py took 0.059 seconds
[2023-11-16T08:39:53.120+0000] {processor.py:157} INFO - Started process (PID=1228) to work on /home/airflow/.local/lib/python3.8/site-packages/airflow/example_dags/example_complex.py
[2023-11-16T08:39:53.121+0000] {processor.py:829} INFO - Processing file /home/airflow/.local/lib/python3.8/site-packages/airflow/example_dags/example_complex.py for tasks to queue
[2023-11-16T08:39:53.123+0000] {logging_mixin.py:151} INFO - [2023-11-16T08:39:53.123+0000] {dagbag.py:536} INFO - Filling up the DagBag from /home/airflow/.local/lib/python3.8/site-packages/airflow/example_dags/example_complex.py
[2023-11-16T08:39:53.130+0000] {processor.py:839} INFO - DAG(s) dict_keys(['example_complex']) retrieved from /home/airflow/.local/lib/python3.8/site-packages/airflow/example_dags/example_complex.py
[2023-11-16T08:39:53.152+0000] {logging_mixin.py:151} INFO - [2023-11-16T08:39:53.151+0000] {dag.py:2941} INFO - Sync 1 DAGs
[2023-11-16T08:39:53.162+0000] {logging_mixin.py:151} INFO - [2023-11-16T08:39:53.162+0000] {dag.py:3722} INFO - Setting next_dagrun for example_complex to None, run_after=None
[2023-11-16T08:39:53.176+0000] {processor.py:179} INFO - Processing /home/airflow/.local/lib/python3.8/site-packages/airflow/example_dags/example_complex.py took 0.058 seconds
[2023-11-16T08:40:23.296+0000] {processor.py:157} INFO - Started process (PID=1282) to work on /home/airflow/.local/lib/python3.8/site-packages/airflow/example_dags/example_complex.py
[2023-11-16T08:40:23.297+0000] {processor.py:829} INFO - Processing file /home/airflow/.local/lib/python3.8/site-packages/airflow/example_dags/example_complex.py for tasks to queue
[2023-11-16T08:40:23.299+0000] {logging_mixin.py:151} INFO - [2023-11-16T08:40:23.298+0000] {dagbag.py:536} INFO - Filling up the DagBag from /home/airflow/.local/lib/python3.8/site-packages/airflow/example_dags/example_complex.py
[2023-11-16T08:40:23.307+0000] {processor.py:839} INFO - DAG(s) dict_keys(['example_complex']) retrieved from /home/airflow/.local/lib/python3.8/site-packages/airflow/example_dags/example_complex.py
[2023-11-16T08:40:23.336+0000] {logging_mixin.py:151} INFO - [2023-11-16T08:40:23.336+0000] {dag.py:2941} INFO - Sync 1 DAGs
[2023-11-16T08:40:23.346+0000] {logging_mixin.py:151} INFO - [2023-11-16T08:40:23.346+0000] {dag.py:3722} INFO - Setting next_dagrun for example_complex to None, run_after=None
[2023-11-16T08:40:23.361+0000] {processor.py:179} INFO - Processing /home/airflow/.local/lib/python3.8/site-packages/airflow/example_dags/example_complex.py took 0.067 seconds
[2023-11-16T08:40:54.137+0000] {processor.py:157} INFO - Started process (PID=1336) to work on /home/airflow/.local/lib/python3.8/site-packages/airflow/example_dags/example_complex.py
[2023-11-16T08:40:54.138+0000] {processor.py:829} INFO - Processing file /home/airflow/.local/lib/python3.8/site-packages/airflow/example_dags/example_complex.py for tasks to queue
[2023-11-16T08:40:54.139+0000] {logging_mixin.py:151} INFO - [2023-11-16T08:40:54.139+0000] {dagbag.py:536} INFO - Filling up the DagBag from /home/airflow/.local/lib/python3.8/site-packages/airflow/example_dags/example_complex.py
[2023-11-16T08:40:54.146+0000] {processor.py:839} INFO - DAG(s) dict_keys(['example_complex']) retrieved from /home/airflow/.local/lib/python3.8/site-packages/airflow/example_dags/example_complex.py
[2023-11-16T08:40:54.164+0000] {logging_mixin.py:151} INFO - [2023-11-16T08:40:54.164+0000] {dag.py:2941} INFO - Sync 1 DAGs
[2023-11-16T08:40:54.172+0000] {logging_mixin.py:151} INFO - [2023-11-16T08:40:54.172+0000] {dag.py:3722} INFO - Setting next_dagrun for example_complex to None, run_after=None
[2023-11-16T08:40:54.185+0000] {processor.py:179} INFO - Processing /home/airflow/.local/lib/python3.8/site-packages/airflow/example_dags/example_complex.py took 0.050 seconds
[2023-11-16T08:41:24.216+0000] {processor.py:157} INFO - Started process (PID=1390) to work on /home/airflow/.local/lib/python3.8/site-packages/airflow/example_dags/example_complex.py
[2023-11-16T08:41:24.216+0000] {processor.py:829} INFO - Processing file /home/airflow/.local/lib/python3.8/site-packages/airflow/example_dags/example_complex.py for tasks to queue
[2023-11-16T08:41:24.218+0000] {logging_mixin.py:151} INFO - [2023-11-16T08:41:24.218+0000] {dagbag.py:536} INFO - Filling up the DagBag from /home/airflow/.local/lib/python3.8/site-packages/airflow/example_dags/example_complex.py
[2023-11-16T08:41:24.225+0000] {processor.py:839} INFO - DAG(s) dict_keys(['example_complex']) retrieved from /home/airflow/.local/lib/python3.8/site-packages/airflow/example_dags/example_complex.py
[2023-11-16T08:41:24.244+0000] {logging_mixin.py:151} INFO - [2023-11-16T08:41:24.244+0000] {dag.py:2941} INFO - Sync 1 DAGs
[2023-11-16T08:41:24.253+0000] {logging_mixin.py:151} INFO - [2023-11-16T08:41:24.252+0000] {dag.py:3722} INFO - Setting next_dagrun for example_complex to None, run_after=None
[2023-11-16T08:41:24.264+0000] {processor.py:179} INFO - Processing /home/airflow/.local/lib/python3.8/site-packages/airflow/example_dags/example_complex.py took 0.051 seconds
[2023-11-16T08:41:54.437+0000] {processor.py:157} INFO - Started process (PID=1444) to work on /home/airflow/.local/lib/python3.8/site-packages/airflow/example_dags/example_complex.py
[2023-11-16T08:41:54.438+0000] {processor.py:829} INFO - Processing file /home/airflow/.local/lib/python3.8/site-packages/airflow/example_dags/example_complex.py for tasks to queue
[2023-11-16T08:41:54.440+0000] {logging_mixin.py:151} INFO - [2023-11-16T08:41:54.439+0000] {dagbag.py:536} INFO - Filling up the DagBag from /home/airflow/.local/lib/python3.8/site-packages/airflow/example_dags/example_complex.py
[2023-11-16T08:41:54.447+0000] {processor.py:839} INFO - DAG(s) dict_keys(['example_complex']) retrieved from /home/airflow/.local/lib/python3.8/site-packages/airflow/example_dags/example_complex.py
[2023-11-16T08:41:54.466+0000] {logging_mixin.py:151} INFO - [2023-11-16T08:41:54.466+0000] {dag.py:2941} INFO - Sync 1 DAGs
[2023-11-16T08:41:54.475+0000] {logging_mixin.py:151} INFO - [2023-11-16T08:41:54.475+0000] {dag.py:3722} INFO - Setting next_dagrun for example_complex to None, run_after=None
[2023-11-16T08:41:54.488+0000] {processor.py:179} INFO - Processing /home/airflow/.local/lib/python3.8/site-packages/airflow/example_dags/example_complex.py took 0.053 seconds
[2023-11-16T08:42:25.348+0000] {processor.py:157} INFO - Started process (PID=1498) to work on /home/airflow/.local/lib/python3.8/site-packages/airflow/example_dags/example_complex.py
[2023-11-16T08:42:25.349+0000] {processor.py:829} INFO - Processing file /home/airflow/.local/lib/python3.8/site-packages/airflow/example_dags/example_complex.py for tasks to queue
[2023-11-16T08:42:25.350+0000] {logging_mixin.py:151} INFO - [2023-11-16T08:42:25.350+0000] {dagbag.py:536} INFO - Filling up the DagBag from /home/airflow/.local/lib/python3.8/site-packages/airflow/example_dags/example_complex.py
[2023-11-16T08:42:25.357+0000] {processor.py:839} INFO - DAG(s) dict_keys(['example_complex']) retrieved from /home/airflow/.local/lib/python3.8/site-packages/airflow/example_dags/example_complex.py
[2023-11-16T08:42:25.375+0000] {logging_mixin.py:151} INFO - [2023-11-16T08:42:25.375+0000] {dag.py:2941} INFO - Sync 1 DAGs
[2023-11-16T08:42:25.383+0000] {logging_mixin.py:151} INFO - [2023-11-16T08:42:25.383+0000] {dag.py:3722} INFO - Setting next_dagrun for example_complex to None, run_after=None
[2023-11-16T08:42:25.396+0000] {processor.py:179} INFO - Processing /home/airflow/.local/lib/python3.8/site-packages/airflow/example_dags/example_complex.py took 0.050 seconds
[2023-11-16T08:42:56.136+0000] {processor.py:157} INFO - Started process (PID=1552) to work on /home/airflow/.local/lib/python3.8/site-packages/airflow/example_dags/example_complex.py
[2023-11-16T08:42:56.137+0000] {processor.py:829} INFO - Processing file /home/airflow/.local/lib/python3.8/site-packages/airflow/example_dags/example_complex.py for tasks to queue
[2023-11-16T08:42:56.138+0000] {logging_mixin.py:151} INFO - [2023-11-16T08:42:56.138+0000] {dagbag.py:536} INFO - Filling up the DagBag from /home/airflow/.local/lib/python3.8/site-packages/airflow/example_dags/example_complex.py
[2023-11-16T08:42:56.145+0000] {processor.py:839} INFO - DAG(s) dict_keys(['example_complex']) retrieved from /home/airflow/.local/lib/python3.8/site-packages/airflow/example_dags/example_complex.py
[2023-11-16T08:42:56.164+0000] {logging_mixin.py:151} INFO - [2023-11-16T08:42:56.163+0000] {dag.py:2941} INFO - Sync 1 DAGs
[2023-11-16T08:42:56.173+0000] {logging_mixin.py:151} INFO - [2023-11-16T08:42:56.172+0000] {dag.py:3722} INFO - Setting next_dagrun for example_complex to None, run_after=None
[2023-11-16T08:42:56.185+0000] {processor.py:179} INFO - Processing /home/airflow/.local/lib/python3.8/site-packages/airflow/example_dags/example_complex.py took 0.051 seconds
[2023-11-16T08:43:26.663+0000] {processor.py:157} INFO - Started process (PID=1606) to work on /home/airflow/.local/lib/python3.8/site-packages/airflow/example_dags/example_complex.py
[2023-11-16T08:43:26.665+0000] {processor.py:829} INFO - Processing file /home/airflow/.local/lib/python3.8/site-packages/airflow/example_dags/example_complex.py for tasks to queue
[2023-11-16T08:43:26.666+0000] {logging_mixin.py:151} INFO - [2023-11-16T08:43:26.666+0000] {dagbag.py:536} INFO - Filling up the DagBag from /home/airflow/.local/lib/python3.8/site-packages/airflow/example_dags/example_complex.py
[2023-11-16T08:43:26.673+0000] {processor.py:839} INFO - DAG(s) dict_keys(['example_complex']) retrieved from /home/airflow/.local/lib/python3.8/site-packages/airflow/example_dags/example_complex.py
[2023-11-16T08:43:26.692+0000] {logging_mixin.py:151} INFO - [2023-11-16T08:43:26.691+0000] {dag.py:2941} INFO - Sync 1 DAGs
[2023-11-16T08:43:26.700+0000] {logging_mixin.py:151} INFO - [2023-11-16T08:43:26.700+0000] {dag.py:3722} INFO - Setting next_dagrun for example_complex to None, run_after=None
[2023-11-16T08:43:26.712+0000] {processor.py:179} INFO - Processing /home/airflow/.local/lib/python3.8/site-packages/airflow/example_dags/example_complex.py took 0.050 seconds
[2023-11-16T08:43:56.929+0000] {processor.py:157} INFO - Started process (PID=1660) to work on /home/airflow/.local/lib/python3.8/site-packages/airflow/example_dags/example_complex.py
[2023-11-16T08:43:56.930+0000] {processor.py:829} INFO - Processing file /home/airflow/.local/lib/python3.8/site-packages/airflow/example_dags/example_complex.py for tasks to queue
[2023-11-16T08:43:56.932+0000] {logging_mixin.py:151} INFO - [2023-11-16T08:43:56.932+0000] {dagbag.py:536} INFO - Filling up the DagBag from /home/airflow/.local/lib/python3.8/site-packages/airflow/example_dags/example_complex.py
[2023-11-16T08:43:56.941+0000] {processor.py:839} INFO - DAG(s) dict_keys(['example_complex']) retrieved from /home/airflow/.local/lib/python3.8/site-packages/airflow/example_dags/example_complex.py
[2023-11-16T08:43:56.963+0000] {logging_mixin.py:151} INFO - [2023-11-16T08:43:56.963+0000] {dag.py:2941} INFO - Sync 1 DAGs
[2023-11-16T08:43:56.973+0000] {logging_mixin.py:151} INFO - [2023-11-16T08:43:56.973+0000] {dag.py:3722} INFO - Setting next_dagrun for example_complex to None, run_after=None
[2023-11-16T08:43:56.986+0000] {processor.py:179} INFO - Processing /home/airflow/.local/lib/python3.8/site-packages/airflow/example_dags/example_complex.py took 0.060 seconds
[2023-11-16T08:44:27.300+0000] {processor.py:157} INFO - Started process (PID=1714) to work on /home/airflow/.local/lib/python3.8/site-packages/airflow/example_dags/example_complex.py
[2023-11-16T08:44:27.301+0000] {processor.py:829} INFO - Processing file /home/airflow/.local/lib/python3.8/site-packages/airflow/example_dags/example_complex.py for tasks to queue
[2023-11-16T08:44:27.302+0000] {logging_mixin.py:151} INFO - [2023-11-16T08:44:27.302+0000] {dagbag.py:536} INFO - Filling up the DagBag from /home/airflow/.local/lib/python3.8/site-packages/airflow/example_dags/example_complex.py
[2023-11-16T08:44:27.309+0000] {processor.py:839} INFO - DAG(s) dict_keys(['example_complex']) retrieved from /home/airflow/.local/lib/python3.8/site-packages/airflow/example_dags/example_complex.py
[2023-11-16T08:44:27.327+0000] {logging_mixin.py:151} INFO - [2023-11-16T08:44:27.327+0000] {dag.py:2941} INFO - Sync 1 DAGs
[2023-11-16T08:44:27.336+0000] {logging_mixin.py:151} INFO - [2023-11-16T08:44:27.336+0000] {dag.py:3722} INFO - Setting next_dagrun for example_complex to None, run_after=None
[2023-11-16T08:44:27.347+0000] {processor.py:179} INFO - Processing /home/airflow/.local/lib/python3.8/site-packages/airflow/example_dags/example_complex.py took 0.049 seconds
[2023-11-16T08:44:57.424+0000] {processor.py:157} INFO - Started process (PID=1768) to work on /home/airflow/.local/lib/python3.8/site-packages/airflow/example_dags/example_complex.py
[2023-11-16T08:44:57.425+0000] {processor.py:829} INFO - Processing file /home/airflow/.local/lib/python3.8/site-packages/airflow/example_dags/example_complex.py for tasks to queue
[2023-11-16T08:44:57.427+0000] {logging_mixin.py:151} INFO - [2023-11-16T08:44:57.427+0000] {dagbag.py:536} INFO - Filling up the DagBag from /home/airflow/.local/lib/python3.8/site-packages/airflow/example_dags/example_complex.py
[2023-11-16T08:44:57.434+0000] {processor.py:839} INFO - DAG(s) dict_keys(['example_complex']) retrieved from /home/airflow/.local/lib/python3.8/site-packages/airflow/example_dags/example_complex.py
[2023-11-16T08:44:57.455+0000] {logging_mixin.py:151} INFO - [2023-11-16T08:44:57.455+0000] {dag.py:2941} INFO - Sync 1 DAGs
[2023-11-16T08:44:57.464+0000] {logging_mixin.py:151} INFO - [2023-11-16T08:44:57.464+0000] {dag.py:3722} INFO - Setting next_dagrun for example_complex to None, run_after=None
[2023-11-16T08:44:57.478+0000] {processor.py:179} INFO - Processing /home/airflow/.local/lib/python3.8/site-packages/airflow/example_dags/example_complex.py took 0.057 seconds
[2023-11-16T08:45:28.328+0000] {processor.py:157} INFO - Started process (PID=1822) to work on /home/airflow/.local/lib/python3.8/site-packages/airflow/example_dags/example_complex.py
[2023-11-16T08:45:28.329+0000] {processor.py:829} INFO - Processing file /home/airflow/.local/lib/python3.8/site-packages/airflow/example_dags/example_complex.py for tasks to queue
[2023-11-16T08:45:28.330+0000] {logging_mixin.py:151} INFO - [2023-11-16T08:45:28.330+0000] {dagbag.py:536} INFO - Filling up the DagBag from /home/airflow/.local/lib/python3.8/site-packages/airflow/example_dags/example_complex.py
[2023-11-16T08:45:28.338+0000] {processor.py:839} INFO - DAG(s) dict_keys(['example_complex']) retrieved from /home/airflow/.local/lib/python3.8/site-packages/airflow/example_dags/example_complex.py
[2023-11-16T08:45:28.356+0000] {logging_mixin.py:151} INFO - [2023-11-16T08:45:28.356+0000] {dag.py:2941} INFO - Sync 1 DAGs
[2023-11-16T08:45:28.365+0000] {logging_mixin.py:151} INFO - [2023-11-16T08:45:28.365+0000] {dag.py:3722} INFO - Setting next_dagrun for example_complex to None, run_after=None
[2023-11-16T08:45:28.377+0000] {processor.py:179} INFO - Processing /home/airflow/.local/lib/python3.8/site-packages/airflow/example_dags/example_complex.py took 0.051 seconds
[2023-11-16T08:45:58.404+0000] {processor.py:157} INFO - Started process (PID=1876) to work on /home/airflow/.local/lib/python3.8/site-packages/airflow/example_dags/example_complex.py
[2023-11-16T08:45:58.405+0000] {processor.py:829} INFO - Processing file /home/airflow/.local/lib/python3.8/site-packages/airflow/example_dags/example_complex.py for tasks to queue
[2023-11-16T08:45:58.406+0000] {logging_mixin.py:151} INFO - [2023-11-16T08:45:58.406+0000] {dagbag.py:536} INFO - Filling up the DagBag from /home/airflow/.local/lib/python3.8/site-packages/airflow/example_dags/example_complex.py
[2023-11-16T08:45:58.414+0000] {processor.py:839} INFO - DAG(s) dict_keys(['example_complex']) retrieved from /home/airflow/.local/lib/python3.8/site-packages/airflow/example_dags/example_complex.py
[2023-11-16T08:45:58.433+0000] {logging_mixin.py:151} INFO - [2023-11-16T08:45:58.432+0000] {dag.py:2941} INFO - Sync 1 DAGs
[2023-11-16T08:45:58.441+0000] {logging_mixin.py:151} INFO - [2023-11-16T08:45:58.441+0000] {dag.py:3722} INFO - Setting next_dagrun for example_complex to None, run_after=None
[2023-11-16T08:45:58.567+0000] {processor.py:179} INFO - Processing /home/airflow/.local/lib/python3.8/site-packages/airflow/example_dags/example_complex.py took 0.165 seconds
