[2023-11-16T08:28:50.910+0000] {processor.py:157} INFO - Started process (PID=66) to work on /home/airflow/.local/lib/python3.8/site-packages/airflow/example_dags/example_setup_teardown_taskflow.py
[2023-11-16T08:28:50.913+0000] {processor.py:829} INFO - Processing file /home/airflow/.local/lib/python3.8/site-packages/airflow/example_dags/example_setup_teardown_taskflow.py for tasks to queue
[2023-11-16T08:28:50.921+0000] {logging_mixin.py:151} INFO - [2023-11-16T08:28:50.920+0000] {dagbag.py:536} INFO - Filling up the DagBag from /home/airflow/.local/lib/python3.8/site-packages/airflow/example_dags/example_setup_teardown_taskflow.py
[2023-11-16T08:28:50.987+0000] {processor.py:839} INFO - DAG(s) dict_keys(['example_setup_teardown_taskflow']) retrieved from /home/airflow/.local/lib/python3.8/site-packages/airflow/example_dags/example_setup_teardown_taskflow.py
[2023-11-16T08:28:51.067+0000] {logging_mixin.py:151} INFO - [2023-11-16T08:28:51.066+0000] {dag.py:2941} INFO - Sync 1 DAGs
[2023-11-16T08:28:51.112+0000] {logging_mixin.py:151} INFO - [2023-11-16T08:28:51.111+0000] {dag.py:3722} INFO - Setting next_dagrun for example_setup_teardown_taskflow to 2023-11-15T08:28:51.111473+00:00, run_after=2023-11-16T08:28:51.111473+00:00
[2023-11-16T08:28:51.138+0000] {processor.py:179} INFO - Processing /home/airflow/.local/lib/python3.8/site-packages/airflow/example_dags/example_setup_teardown_taskflow.py took 0.254 seconds
[2023-11-16T08:29:21.277+0000] {processor.py:157} INFO - Started process (PID=120) to work on /home/airflow/.local/lib/python3.8/site-packages/airflow/example_dags/example_setup_teardown_taskflow.py
[2023-11-16T08:29:21.279+0000] {processor.py:829} INFO - Processing file /home/airflow/.local/lib/python3.8/site-packages/airflow/example_dags/example_setup_teardown_taskflow.py for tasks to queue
[2023-11-16T08:29:21.280+0000] {logging_mixin.py:151} INFO - [2023-11-16T08:29:21.280+0000] {dagbag.py:536} INFO - Filling up the DagBag from /home/airflow/.local/lib/python3.8/site-packages/airflow/example_dags/example_setup_teardown_taskflow.py
[2023-11-16T08:29:21.288+0000] {processor.py:839} INFO - DAG(s) dict_keys(['example_setup_teardown_taskflow']) retrieved from /home/airflow/.local/lib/python3.8/site-packages/airflow/example_dags/example_setup_teardown_taskflow.py
[2023-11-16T08:29:21.304+0000] {logging_mixin.py:151} INFO - [2023-11-16T08:29:21.303+0000] {dag.py:2941} INFO - Sync 1 DAGs
[2023-11-16T08:29:21.319+0000] {logging_mixin.py:151} INFO - [2023-11-16T08:29:21.319+0000] {dag.py:3722} INFO - Setting next_dagrun for example_setup_teardown_taskflow to 2023-11-15T08:29:21.319454+00:00, run_after=2023-11-16T08:29:21.319454+00:00
[2023-11-16T08:29:21.335+0000] {processor.py:179} INFO - Processing /home/airflow/.local/lib/python3.8/site-packages/airflow/example_dags/example_setup_teardown_taskflow.py took 0.059 seconds
[2023-11-16T08:29:52.132+0000] {processor.py:157} INFO - Started process (PID=174) to work on /home/airflow/.local/lib/python3.8/site-packages/airflow/example_dags/example_setup_teardown_taskflow.py
[2023-11-16T08:29:52.133+0000] {processor.py:829} INFO - Processing file /home/airflow/.local/lib/python3.8/site-packages/airflow/example_dags/example_setup_teardown_taskflow.py for tasks to queue
[2023-11-16T08:29:52.134+0000] {logging_mixin.py:151} INFO - [2023-11-16T08:29:52.134+0000] {dagbag.py:536} INFO - Filling up the DagBag from /home/airflow/.local/lib/python3.8/site-packages/airflow/example_dags/example_setup_teardown_taskflow.py
[2023-11-16T08:29:52.141+0000] {processor.py:839} INFO - DAG(s) dict_keys(['example_setup_teardown_taskflow']) retrieved from /home/airflow/.local/lib/python3.8/site-packages/airflow/example_dags/example_setup_teardown_taskflow.py
[2023-11-16T08:29:52.155+0000] {logging_mixin.py:151} INFO - [2023-11-16T08:29:52.155+0000] {dag.py:2941} INFO - Sync 1 DAGs
[2023-11-16T08:29:52.171+0000] {logging_mixin.py:151} INFO - [2023-11-16T08:29:52.170+0000] {dag.py:3722} INFO - Setting next_dagrun for example_setup_teardown_taskflow to 2023-11-15T08:29:52.170711+00:00, run_after=2023-11-16T08:29:52.170711+00:00
[2023-11-16T08:29:52.184+0000] {processor.py:179} INFO - Processing /home/airflow/.local/lib/python3.8/site-packages/airflow/example_dags/example_setup_teardown_taskflow.py took 0.054 seconds
[2023-11-16T08:30:22.216+0000] {processor.py:157} INFO - Started process (PID=227) to work on /home/airflow/.local/lib/python3.8/site-packages/airflow/example_dags/example_setup_teardown_taskflow.py
[2023-11-16T08:30:22.216+0000] {processor.py:829} INFO - Processing file /home/airflow/.local/lib/python3.8/site-packages/airflow/example_dags/example_setup_teardown_taskflow.py for tasks to queue
[2023-11-16T08:30:22.218+0000] {logging_mixin.py:151} INFO - [2023-11-16T08:30:22.218+0000] {dagbag.py:536} INFO - Filling up the DagBag from /home/airflow/.local/lib/python3.8/site-packages/airflow/example_dags/example_setup_teardown_taskflow.py
[2023-11-16T08:30:22.224+0000] {processor.py:839} INFO - DAG(s) dict_keys(['example_setup_teardown_taskflow']) retrieved from /home/airflow/.local/lib/python3.8/site-packages/airflow/example_dags/example_setup_teardown_taskflow.py
[2023-11-16T08:30:22.238+0000] {logging_mixin.py:151} INFO - [2023-11-16T08:30:22.238+0000] {dag.py:2941} INFO - Sync 1 DAGs
[2023-11-16T08:30:22.253+0000] {logging_mixin.py:151} INFO - [2023-11-16T08:30:22.253+0000] {dag.py:3722} INFO - Setting next_dagrun for example_setup_teardown_taskflow to 2023-11-15T08:30:22.253525+00:00, run_after=2023-11-16T08:30:22.253525+00:00
[2023-11-16T08:30:22.266+0000] {processor.py:179} INFO - Processing /home/airflow/.local/lib/python3.8/site-packages/airflow/example_dags/example_setup_teardown_taskflow.py took 0.052 seconds
[2023-11-16T08:30:53.248+0000] {processor.py:157} INFO - Started process (PID=282) to work on /home/airflow/.local/lib/python3.8/site-packages/airflow/example_dags/example_setup_teardown_taskflow.py
[2023-11-16T08:30:53.249+0000] {processor.py:829} INFO - Processing file /home/airflow/.local/lib/python3.8/site-packages/airflow/example_dags/example_setup_teardown_taskflow.py for tasks to queue
[2023-11-16T08:30:53.251+0000] {logging_mixin.py:151} INFO - [2023-11-16T08:30:53.250+0000] {dagbag.py:536} INFO - Filling up the DagBag from /home/airflow/.local/lib/python3.8/site-packages/airflow/example_dags/example_setup_teardown_taskflow.py
[2023-11-16T08:30:53.256+0000] {processor.py:839} INFO - DAG(s) dict_keys(['example_setup_teardown_taskflow']) retrieved from /home/airflow/.local/lib/python3.8/site-packages/airflow/example_dags/example_setup_teardown_taskflow.py
[2023-11-16T08:30:53.272+0000] {logging_mixin.py:151} INFO - [2023-11-16T08:30:53.272+0000] {dag.py:2941} INFO - Sync 1 DAGs
[2023-11-16T08:30:53.286+0000] {logging_mixin.py:151} INFO - [2023-11-16T08:30:53.285+0000] {dag.py:3722} INFO - Setting next_dagrun for example_setup_teardown_taskflow to 2023-11-15T08:30:53.285843+00:00, run_after=2023-11-16T08:30:53.285843+00:00
[2023-11-16T08:30:53.298+0000] {processor.py:179} INFO - Processing /home/airflow/.local/lib/python3.8/site-packages/airflow/example_dags/example_setup_teardown_taskflow.py took 0.052 seconds
[2023-11-16T08:31:23.594+0000] {processor.py:157} INFO - Started process (PID=336) to work on /home/airflow/.local/lib/python3.8/site-packages/airflow/example_dags/example_setup_teardown_taskflow.py
[2023-11-16T08:31:23.595+0000] {processor.py:829} INFO - Processing file /home/airflow/.local/lib/python3.8/site-packages/airflow/example_dags/example_setup_teardown_taskflow.py for tasks to queue
[2023-11-16T08:31:23.597+0000] {logging_mixin.py:151} INFO - [2023-11-16T08:31:23.597+0000] {dagbag.py:536} INFO - Filling up the DagBag from /home/airflow/.local/lib/python3.8/site-packages/airflow/example_dags/example_setup_teardown_taskflow.py
[2023-11-16T08:31:23.603+0000] {processor.py:839} INFO - DAG(s) dict_keys(['example_setup_teardown_taskflow']) retrieved from /home/airflow/.local/lib/python3.8/site-packages/airflow/example_dags/example_setup_teardown_taskflow.py
[2023-11-16T08:31:23.618+0000] {logging_mixin.py:151} INFO - [2023-11-16T08:31:23.618+0000] {dag.py:2941} INFO - Sync 1 DAGs
[2023-11-16T08:31:23.633+0000] {logging_mixin.py:151} INFO - [2023-11-16T08:31:23.633+0000] {dag.py:3722} INFO - Setting next_dagrun for example_setup_teardown_taskflow to 2023-11-15T08:31:23.632841+00:00, run_after=2023-11-16T08:31:23.632841+00:00
[2023-11-16T08:31:23.645+0000] {processor.py:179} INFO - Processing /home/airflow/.local/lib/python3.8/site-packages/airflow/example_dags/example_setup_teardown_taskflow.py took 0.053 seconds
[2023-11-16T08:31:53.848+0000] {processor.py:157} INFO - Started process (PID=390) to work on /home/airflow/.local/lib/python3.8/site-packages/airflow/example_dags/example_setup_teardown_taskflow.py
[2023-11-16T08:31:53.849+0000] {processor.py:829} INFO - Processing file /home/airflow/.local/lib/python3.8/site-packages/airflow/example_dags/example_setup_teardown_taskflow.py for tasks to queue
[2023-11-16T08:31:53.851+0000] {logging_mixin.py:151} INFO - [2023-11-16T08:31:53.851+0000] {dagbag.py:536} INFO - Filling up the DagBag from /home/airflow/.local/lib/python3.8/site-packages/airflow/example_dags/example_setup_teardown_taskflow.py
[2023-11-16T08:31:53.858+0000] {processor.py:839} INFO - DAG(s) dict_keys(['example_setup_teardown_taskflow']) retrieved from /home/airflow/.local/lib/python3.8/site-packages/airflow/example_dags/example_setup_teardown_taskflow.py
[2023-11-16T08:31:53.873+0000] {logging_mixin.py:151} INFO - [2023-11-16T08:31:53.873+0000] {dag.py:2941} INFO - Sync 1 DAGs
[2023-11-16T08:31:53.888+0000] {logging_mixin.py:151} INFO - [2023-11-16T08:31:53.888+0000] {dag.py:3722} INFO - Setting next_dagrun for example_setup_teardown_taskflow to 2023-11-15T08:31:53.888266+00:00, run_after=2023-11-16T08:31:53.888266+00:00
[2023-11-16T08:31:53.901+0000] {processor.py:179} INFO - Processing /home/airflow/.local/lib/python3.8/site-packages/airflow/example_dags/example_setup_teardown_taskflow.py took 0.055 seconds
[2023-11-16T08:32:23.965+0000] {processor.py:157} INFO - Started process (PID=444) to work on /home/airflow/.local/lib/python3.8/site-packages/airflow/example_dags/example_setup_teardown_taskflow.py
[2023-11-16T08:32:23.966+0000] {processor.py:829} INFO - Processing file /home/airflow/.local/lib/python3.8/site-packages/airflow/example_dags/example_setup_teardown_taskflow.py for tasks to queue
[2023-11-16T08:32:23.967+0000] {logging_mixin.py:151} INFO - [2023-11-16T08:32:23.967+0000] {dagbag.py:536} INFO - Filling up the DagBag from /home/airflow/.local/lib/python3.8/site-packages/airflow/example_dags/example_setup_teardown_taskflow.py
[2023-11-16T08:32:23.974+0000] {processor.py:839} INFO - DAG(s) dict_keys(['example_setup_teardown_taskflow']) retrieved from /home/airflow/.local/lib/python3.8/site-packages/airflow/example_dags/example_setup_teardown_taskflow.py
[2023-11-16T08:32:23.991+0000] {logging_mixin.py:151} INFO - [2023-11-16T08:32:23.990+0000] {dag.py:2941} INFO - Sync 1 DAGs
[2023-11-16T08:32:24.006+0000] {logging_mixin.py:151} INFO - [2023-11-16T08:32:24.006+0000] {dag.py:3722} INFO - Setting next_dagrun for example_setup_teardown_taskflow to 2023-11-15T08:32:24.006200+00:00, run_after=2023-11-16T08:32:24.006200+00:00
[2023-11-16T08:32:24.019+0000] {processor.py:179} INFO - Processing /home/airflow/.local/lib/python3.8/site-packages/airflow/example_dags/example_setup_teardown_taskflow.py took 0.057 seconds
[2023-11-16T08:32:54.270+0000] {processor.py:157} INFO - Started process (PID=498) to work on /home/airflow/.local/lib/python3.8/site-packages/airflow/example_dags/example_setup_teardown_taskflow.py
[2023-11-16T08:32:54.271+0000] {processor.py:829} INFO - Processing file /home/airflow/.local/lib/python3.8/site-packages/airflow/example_dags/example_setup_teardown_taskflow.py for tasks to queue
[2023-11-16T08:32:54.272+0000] {logging_mixin.py:151} INFO - [2023-11-16T08:32:54.272+0000] {dagbag.py:536} INFO - Filling up the DagBag from /home/airflow/.local/lib/python3.8/site-packages/airflow/example_dags/example_setup_teardown_taskflow.py
[2023-11-16T08:32:54.278+0000] {processor.py:839} INFO - DAG(s) dict_keys(['example_setup_teardown_taskflow']) retrieved from /home/airflow/.local/lib/python3.8/site-packages/airflow/example_dags/example_setup_teardown_taskflow.py
[2023-11-16T08:32:54.293+0000] {logging_mixin.py:151} INFO - [2023-11-16T08:32:54.293+0000] {dag.py:2941} INFO - Sync 1 DAGs
[2023-11-16T08:32:54.307+0000] {logging_mixin.py:151} INFO - [2023-11-16T08:32:54.307+0000] {dag.py:3722} INFO - Setting next_dagrun for example_setup_teardown_taskflow to 2023-11-15T08:32:54.307497+00:00, run_after=2023-11-16T08:32:54.307497+00:00
[2023-11-16T08:32:54.320+0000] {processor.py:179} INFO - Processing /home/airflow/.local/lib/python3.8/site-packages/airflow/example_dags/example_setup_teardown_taskflow.py took 0.052 seconds
[2023-11-16T08:33:24.654+0000] {processor.py:157} INFO - Started process (PID=552) to work on /home/airflow/.local/lib/python3.8/site-packages/airflow/example_dags/example_setup_teardown_taskflow.py
[2023-11-16T08:33:24.655+0000] {processor.py:829} INFO - Processing file /home/airflow/.local/lib/python3.8/site-packages/airflow/example_dags/example_setup_teardown_taskflow.py for tasks to queue
[2023-11-16T08:33:24.657+0000] {logging_mixin.py:151} INFO - [2023-11-16T08:33:24.657+0000] {dagbag.py:536} INFO - Filling up the DagBag from /home/airflow/.local/lib/python3.8/site-packages/airflow/example_dags/example_setup_teardown_taskflow.py
[2023-11-16T08:33:24.663+0000] {processor.py:839} INFO - DAG(s) dict_keys(['example_setup_teardown_taskflow']) retrieved from /home/airflow/.local/lib/python3.8/site-packages/airflow/example_dags/example_setup_teardown_taskflow.py
[2023-11-16T08:33:24.677+0000] {logging_mixin.py:151} INFO - [2023-11-16T08:33:24.677+0000] {dag.py:2941} INFO - Sync 1 DAGs
[2023-11-16T08:33:24.692+0000] {logging_mixin.py:151} INFO - [2023-11-16T08:33:24.692+0000] {dag.py:3722} INFO - Setting next_dagrun for example_setup_teardown_taskflow to 2023-11-15T08:33:24.692196+00:00, run_after=2023-11-16T08:33:24.692196+00:00
[2023-11-16T08:33:24.704+0000] {processor.py:179} INFO - Processing /home/airflow/.local/lib/python3.8/site-packages/airflow/example_dags/example_setup_teardown_taskflow.py took 0.052 seconds
[2023-11-16T08:33:54.843+0000] {processor.py:157} INFO - Started process (PID=606) to work on /home/airflow/.local/lib/python3.8/site-packages/airflow/example_dags/example_setup_teardown_taskflow.py
[2023-11-16T08:33:54.844+0000] {processor.py:829} INFO - Processing file /home/airflow/.local/lib/python3.8/site-packages/airflow/example_dags/example_setup_teardown_taskflow.py for tasks to queue
[2023-11-16T08:33:54.846+0000] {logging_mixin.py:151} INFO - [2023-11-16T08:33:54.845+0000] {dagbag.py:536} INFO - Filling up the DagBag from /home/airflow/.local/lib/python3.8/site-packages/airflow/example_dags/example_setup_teardown_taskflow.py
[2023-11-16T08:33:54.852+0000] {processor.py:839} INFO - DAG(s) dict_keys(['example_setup_teardown_taskflow']) retrieved from /home/airflow/.local/lib/python3.8/site-packages/airflow/example_dags/example_setup_teardown_taskflow.py
[2023-11-16T08:33:54.868+0000] {logging_mixin.py:151} INFO - [2023-11-16T08:33:54.867+0000] {dag.py:2941} INFO - Sync 1 DAGs
[2023-11-16T08:33:54.885+0000] {logging_mixin.py:151} INFO - [2023-11-16T08:33:54.885+0000] {dag.py:3722} INFO - Setting next_dagrun for example_setup_teardown_taskflow to 2023-11-15T08:33:54.884835+00:00, run_after=2023-11-16T08:33:54.884835+00:00
[2023-11-16T08:33:54.899+0000] {processor.py:179} INFO - Processing /home/airflow/.local/lib/python3.8/site-packages/airflow/example_dags/example_setup_teardown_taskflow.py took 0.058 seconds
[2023-11-16T08:34:25.265+0000] {processor.py:157} INFO - Started process (PID=659) to work on /home/airflow/.local/lib/python3.8/site-packages/airflow/example_dags/example_setup_teardown_taskflow.py
[2023-11-16T08:34:25.266+0000] {processor.py:829} INFO - Processing file /home/airflow/.local/lib/python3.8/site-packages/airflow/example_dags/example_setup_teardown_taskflow.py for tasks to queue
[2023-11-16T08:34:25.268+0000] {logging_mixin.py:151} INFO - [2023-11-16T08:34:25.268+0000] {dagbag.py:536} INFO - Filling up the DagBag from /home/airflow/.local/lib/python3.8/site-packages/airflow/example_dags/example_setup_teardown_taskflow.py
[2023-11-16T08:34:25.276+0000] {processor.py:839} INFO - DAG(s) dict_keys(['example_setup_teardown_taskflow']) retrieved from /home/airflow/.local/lib/python3.8/site-packages/airflow/example_dags/example_setup_teardown_taskflow.py
[2023-11-16T08:34:25.292+0000] {logging_mixin.py:151} INFO - [2023-11-16T08:34:25.291+0000] {dag.py:2941} INFO - Sync 1 DAGs
[2023-11-16T08:34:25.307+0000] {logging_mixin.py:151} INFO - [2023-11-16T08:34:25.307+0000] {dag.py:3722} INFO - Setting next_dagrun for example_setup_teardown_taskflow to 2023-11-15T08:34:25.307348+00:00, run_after=2023-11-16T08:34:25.307348+00:00
[2023-11-16T08:34:25.320+0000] {processor.py:179} INFO - Processing /home/airflow/.local/lib/python3.8/site-packages/airflow/example_dags/example_setup_teardown_taskflow.py took 0.058 seconds
[2023-11-16T08:34:55.434+0000] {processor.py:157} INFO - Started process (PID=713) to work on /home/airflow/.local/lib/python3.8/site-packages/airflow/example_dags/example_setup_teardown_taskflow.py
[2023-11-16T08:34:55.435+0000] {processor.py:829} INFO - Processing file /home/airflow/.local/lib/python3.8/site-packages/airflow/example_dags/example_setup_teardown_taskflow.py for tasks to queue
[2023-11-16T08:34:55.436+0000] {logging_mixin.py:151} INFO - [2023-11-16T08:34:55.436+0000] {dagbag.py:536} INFO - Filling up the DagBag from /home/airflow/.local/lib/python3.8/site-packages/airflow/example_dags/example_setup_teardown_taskflow.py
[2023-11-16T08:34:55.442+0000] {processor.py:839} INFO - DAG(s) dict_keys(['example_setup_teardown_taskflow']) retrieved from /home/airflow/.local/lib/python3.8/site-packages/airflow/example_dags/example_setup_teardown_taskflow.py
[2023-11-16T08:34:55.457+0000] {logging_mixin.py:151} INFO - [2023-11-16T08:34:55.457+0000] {dag.py:2941} INFO - Sync 1 DAGs
[2023-11-16T08:34:55.473+0000] {logging_mixin.py:151} INFO - [2023-11-16T08:34:55.473+0000] {dag.py:3722} INFO - Setting next_dagrun for example_setup_teardown_taskflow to 2023-11-15T08:34:55.473427+00:00, run_after=2023-11-16T08:34:55.473427+00:00
[2023-11-16T08:34:55.487+0000] {processor.py:179} INFO - Processing /home/airflow/.local/lib/python3.8/site-packages/airflow/example_dags/example_setup_teardown_taskflow.py took 0.055 seconds
[2023-11-16T08:35:26.337+0000] {processor.py:157} INFO - Started process (PID=768) to work on /home/airflow/.local/lib/python3.8/site-packages/airflow/example_dags/example_setup_teardown_taskflow.py
[2023-11-16T08:35:26.338+0000] {processor.py:829} INFO - Processing file /home/airflow/.local/lib/python3.8/site-packages/airflow/example_dags/example_setup_teardown_taskflow.py for tasks to queue
[2023-11-16T08:35:26.339+0000] {logging_mixin.py:151} INFO - [2023-11-16T08:35:26.339+0000] {dagbag.py:536} INFO - Filling up the DagBag from /home/airflow/.local/lib/python3.8/site-packages/airflow/example_dags/example_setup_teardown_taskflow.py
[2023-11-16T08:35:26.345+0000] {processor.py:839} INFO - DAG(s) dict_keys(['example_setup_teardown_taskflow']) retrieved from /home/airflow/.local/lib/python3.8/site-packages/airflow/example_dags/example_setup_teardown_taskflow.py
[2023-11-16T08:35:26.359+0000] {logging_mixin.py:151} INFO - [2023-11-16T08:35:26.359+0000] {dag.py:2941} INFO - Sync 1 DAGs
[2023-11-16T08:35:26.374+0000] {logging_mixin.py:151} INFO - [2023-11-16T08:35:26.374+0000] {dag.py:3722} INFO - Setting next_dagrun for example_setup_teardown_taskflow to 2023-11-15T08:35:26.374214+00:00, run_after=2023-11-16T08:35:26.374214+00:00
[2023-11-16T08:35:26.387+0000] {processor.py:179} INFO - Processing /home/airflow/.local/lib/python3.8/site-packages/airflow/example_dags/example_setup_teardown_taskflow.py took 0.052 seconds
[2023-11-16T08:35:56.534+0000] {processor.py:157} INFO - Started process (PID=822) to work on /home/airflow/.local/lib/python3.8/site-packages/airflow/example_dags/example_setup_teardown_taskflow.py
[2023-11-16T08:35:56.535+0000] {processor.py:829} INFO - Processing file /home/airflow/.local/lib/python3.8/site-packages/airflow/example_dags/example_setup_teardown_taskflow.py for tasks to queue
[2023-11-16T08:35:56.536+0000] {logging_mixin.py:151} INFO - [2023-11-16T08:35:56.536+0000] {dagbag.py:536} INFO - Filling up the DagBag from /home/airflow/.local/lib/python3.8/site-packages/airflow/example_dags/example_setup_teardown_taskflow.py
[2023-11-16T08:35:56.543+0000] {processor.py:839} INFO - DAG(s) dict_keys(['example_setup_teardown_taskflow']) retrieved from /home/airflow/.local/lib/python3.8/site-packages/airflow/example_dags/example_setup_teardown_taskflow.py
[2023-11-16T08:35:56.557+0000] {logging_mixin.py:151} INFO - [2023-11-16T08:35:56.557+0000] {dag.py:2941} INFO - Sync 1 DAGs
[2023-11-16T08:35:56.572+0000] {logging_mixin.py:151} INFO - [2023-11-16T08:35:56.572+0000] {dag.py:3722} INFO - Setting next_dagrun for example_setup_teardown_taskflow to 2023-11-15T08:35:56.572136+00:00, run_after=2023-11-16T08:35:56.572136+00:00
[2023-11-16T08:35:56.585+0000] {processor.py:179} INFO - Processing /home/airflow/.local/lib/python3.8/site-packages/airflow/example_dags/example_setup_teardown_taskflow.py took 0.053 seconds
[2023-11-16T08:36:26.700+0000] {processor.py:157} INFO - Started process (PID=876) to work on /home/airflow/.local/lib/python3.8/site-packages/airflow/example_dags/example_setup_teardown_taskflow.py
[2023-11-16T08:36:26.701+0000] {processor.py:829} INFO - Processing file /home/airflow/.local/lib/python3.8/site-packages/airflow/example_dags/example_setup_teardown_taskflow.py for tasks to queue
[2023-11-16T08:36:26.703+0000] {logging_mixin.py:151} INFO - [2023-11-16T08:36:26.703+0000] {dagbag.py:536} INFO - Filling up the DagBag from /home/airflow/.local/lib/python3.8/site-packages/airflow/example_dags/example_setup_teardown_taskflow.py
[2023-11-16T08:36:26.709+0000] {processor.py:839} INFO - DAG(s) dict_keys(['example_setup_teardown_taskflow']) retrieved from /home/airflow/.local/lib/python3.8/site-packages/airflow/example_dags/example_setup_teardown_taskflow.py
[2023-11-16T08:36:26.723+0000] {logging_mixin.py:151} INFO - [2023-11-16T08:36:26.723+0000] {dag.py:2941} INFO - Sync 1 DAGs
[2023-11-16T08:36:26.738+0000] {logging_mixin.py:151} INFO - [2023-11-16T08:36:26.738+0000] {dag.py:3722} INFO - Setting next_dagrun for example_setup_teardown_taskflow to 2023-11-15T08:36:26.737953+00:00, run_after=2023-11-16T08:36:26.737953+00:00
[2023-11-16T08:36:26.750+0000] {processor.py:179} INFO - Processing /home/airflow/.local/lib/python3.8/site-packages/airflow/example_dags/example_setup_teardown_taskflow.py took 0.052 seconds
[2023-11-16T08:36:56.922+0000] {processor.py:157} INFO - Started process (PID=930) to work on /home/airflow/.local/lib/python3.8/site-packages/airflow/example_dags/example_setup_teardown_taskflow.py
[2023-11-16T08:36:56.923+0000] {processor.py:829} INFO - Processing file /home/airflow/.local/lib/python3.8/site-packages/airflow/example_dags/example_setup_teardown_taskflow.py for tasks to queue
[2023-11-16T08:36:56.925+0000] {logging_mixin.py:151} INFO - [2023-11-16T08:36:56.925+0000] {dagbag.py:536} INFO - Filling up the DagBag from /home/airflow/.local/lib/python3.8/site-packages/airflow/example_dags/example_setup_teardown_taskflow.py
[2023-11-16T08:36:56.931+0000] {processor.py:839} INFO - DAG(s) dict_keys(['example_setup_teardown_taskflow']) retrieved from /home/airflow/.local/lib/python3.8/site-packages/airflow/example_dags/example_setup_teardown_taskflow.py
[2023-11-16T08:36:56.947+0000] {logging_mixin.py:151} INFO - [2023-11-16T08:36:56.947+0000] {dag.py:2941} INFO - Sync 1 DAGs
[2023-11-16T08:36:56.964+0000] {logging_mixin.py:151} INFO - [2023-11-16T08:36:56.964+0000] {dag.py:3722} INFO - Setting next_dagrun for example_setup_teardown_taskflow to 2023-11-15T08:36:56.963787+00:00, run_after=2023-11-16T08:36:56.963787+00:00
[2023-11-16T08:36:56.980+0000] {processor.py:179} INFO - Processing /home/airflow/.local/lib/python3.8/site-packages/airflow/example_dags/example_setup_teardown_taskflow.py took 0.060 seconds
[2023-11-16T08:37:27.098+0000] {processor.py:157} INFO - Started process (PID=984) to work on /home/airflow/.local/lib/python3.8/site-packages/airflow/example_dags/example_setup_teardown_taskflow.py
[2023-11-16T08:37:27.099+0000] {processor.py:829} INFO - Processing file /home/airflow/.local/lib/python3.8/site-packages/airflow/example_dags/example_setup_teardown_taskflow.py for tasks to queue
[2023-11-16T08:37:27.100+0000] {logging_mixin.py:151} INFO - [2023-11-16T08:37:27.100+0000] {dagbag.py:536} INFO - Filling up the DagBag from /home/airflow/.local/lib/python3.8/site-packages/airflow/example_dags/example_setup_teardown_taskflow.py
[2023-11-16T08:37:27.106+0000] {processor.py:839} INFO - DAG(s) dict_keys(['example_setup_teardown_taskflow']) retrieved from /home/airflow/.local/lib/python3.8/site-packages/airflow/example_dags/example_setup_teardown_taskflow.py
[2023-11-16T08:37:27.120+0000] {logging_mixin.py:151} INFO - [2023-11-16T08:37:27.120+0000] {dag.py:2941} INFO - Sync 1 DAGs
[2023-11-16T08:37:27.135+0000] {logging_mixin.py:151} INFO - [2023-11-16T08:37:27.135+0000] {dag.py:3722} INFO - Setting next_dagrun for example_setup_teardown_taskflow to 2023-11-15T08:37:27.135452+00:00, run_after=2023-11-16T08:37:27.135452+00:00
[2023-11-16T08:37:27.148+0000] {processor.py:179} INFO - Processing /home/airflow/.local/lib/python3.8/site-packages/airflow/example_dags/example_setup_teardown_taskflow.py took 0.052 seconds
[2023-11-16T08:37:57.406+0000] {processor.py:157} INFO - Started process (PID=1038) to work on /home/airflow/.local/lib/python3.8/site-packages/airflow/example_dags/example_setup_teardown_taskflow.py
[2023-11-16T08:37:57.407+0000] {processor.py:829} INFO - Processing file /home/airflow/.local/lib/python3.8/site-packages/airflow/example_dags/example_setup_teardown_taskflow.py for tasks to queue
[2023-11-16T08:37:57.408+0000] {logging_mixin.py:151} INFO - [2023-11-16T08:37:57.408+0000] {dagbag.py:536} INFO - Filling up the DagBag from /home/airflow/.local/lib/python3.8/site-packages/airflow/example_dags/example_setup_teardown_taskflow.py
[2023-11-16T08:37:57.415+0000] {processor.py:839} INFO - DAG(s) dict_keys(['example_setup_teardown_taskflow']) retrieved from /home/airflow/.local/lib/python3.8/site-packages/airflow/example_dags/example_setup_teardown_taskflow.py
[2023-11-16T08:37:57.433+0000] {logging_mixin.py:151} INFO - [2023-11-16T08:37:57.433+0000] {dag.py:2941} INFO - Sync 1 DAGs
[2023-11-16T08:37:57.456+0000] {logging_mixin.py:151} INFO - [2023-11-16T08:37:57.456+0000] {dag.py:3722} INFO - Setting next_dagrun for example_setup_teardown_taskflow to 2023-11-15T08:37:57.456556+00:00, run_after=2023-11-16T08:37:57.456556+00:00
[2023-11-16T08:37:57.472+0000] {processor.py:179} INFO - Processing /home/airflow/.local/lib/python3.8/site-packages/airflow/example_dags/example_setup_teardown_taskflow.py took 0.069 seconds
[2023-11-16T08:38:27.632+0000] {processor.py:157} INFO - Started process (PID=1092) to work on /home/airflow/.local/lib/python3.8/site-packages/airflow/example_dags/example_setup_teardown_taskflow.py
[2023-11-16T08:38:27.633+0000] {processor.py:829} INFO - Processing file /home/airflow/.local/lib/python3.8/site-packages/airflow/example_dags/example_setup_teardown_taskflow.py for tasks to queue
[2023-11-16T08:38:27.635+0000] {logging_mixin.py:151} INFO - [2023-11-16T08:38:27.635+0000] {dagbag.py:536} INFO - Filling up the DagBag from /home/airflow/.local/lib/python3.8/site-packages/airflow/example_dags/example_setup_teardown_taskflow.py
[2023-11-16T08:38:27.641+0000] {processor.py:839} INFO - DAG(s) dict_keys(['example_setup_teardown_taskflow']) retrieved from /home/airflow/.local/lib/python3.8/site-packages/airflow/example_dags/example_setup_teardown_taskflow.py
[2023-11-16T08:38:27.656+0000] {logging_mixin.py:151} INFO - [2023-11-16T08:38:27.656+0000] {dag.py:2941} INFO - Sync 1 DAGs
[2023-11-16T08:38:27.673+0000] {logging_mixin.py:151} INFO - [2023-11-16T08:38:27.673+0000] {dag.py:3722} INFO - Setting next_dagrun for example_setup_teardown_taskflow to 2023-11-15T08:38:27.672887+00:00, run_after=2023-11-16T08:38:27.672887+00:00
[2023-11-16T08:38:27.686+0000] {processor.py:179} INFO - Processing /home/airflow/.local/lib/python3.8/site-packages/airflow/example_dags/example_setup_teardown_taskflow.py took 0.056 seconds
[2023-11-16T08:38:57.857+0000] {processor.py:157} INFO - Started process (PID=1146) to work on /home/airflow/.local/lib/python3.8/site-packages/airflow/example_dags/example_setup_teardown_taskflow.py
[2023-11-16T08:38:57.858+0000] {processor.py:829} INFO - Processing file /home/airflow/.local/lib/python3.8/site-packages/airflow/example_dags/example_setup_teardown_taskflow.py for tasks to queue
[2023-11-16T08:38:57.859+0000] {logging_mixin.py:151} INFO - [2023-11-16T08:38:57.859+0000] {dagbag.py:536} INFO - Filling up the DagBag from /home/airflow/.local/lib/python3.8/site-packages/airflow/example_dags/example_setup_teardown_taskflow.py
[2023-11-16T08:38:57.866+0000] {processor.py:839} INFO - DAG(s) dict_keys(['example_setup_teardown_taskflow']) retrieved from /home/airflow/.local/lib/python3.8/site-packages/airflow/example_dags/example_setup_teardown_taskflow.py
[2023-11-16T08:38:57.880+0000] {logging_mixin.py:151} INFO - [2023-11-16T08:38:57.879+0000] {dag.py:2941} INFO - Sync 1 DAGs
[2023-11-16T08:38:57.895+0000] {logging_mixin.py:151} INFO - [2023-11-16T08:38:57.895+0000] {dag.py:3722} INFO - Setting next_dagrun for example_setup_teardown_taskflow to 2023-11-15T08:38:57.894881+00:00, run_after=2023-11-16T08:38:57.894881+00:00
[2023-11-16T08:38:57.910+0000] {processor.py:179} INFO - Processing /home/airflow/.local/lib/python3.8/site-packages/airflow/example_dags/example_setup_teardown_taskflow.py took 0.055 seconds
[2023-11-16T08:39:28.002+0000] {processor.py:157} INFO - Started process (PID=1200) to work on /home/airflow/.local/lib/python3.8/site-packages/airflow/example_dags/example_setup_teardown_taskflow.py
[2023-11-16T08:39:28.003+0000] {processor.py:829} INFO - Processing file /home/airflow/.local/lib/python3.8/site-packages/airflow/example_dags/example_setup_teardown_taskflow.py for tasks to queue
[2023-11-16T08:39:28.004+0000] {logging_mixin.py:151} INFO - [2023-11-16T08:39:28.004+0000] {dagbag.py:536} INFO - Filling up the DagBag from /home/airflow/.local/lib/python3.8/site-packages/airflow/example_dags/example_setup_teardown_taskflow.py
[2023-11-16T08:39:28.010+0000] {processor.py:839} INFO - DAG(s) dict_keys(['example_setup_teardown_taskflow']) retrieved from /home/airflow/.local/lib/python3.8/site-packages/airflow/example_dags/example_setup_teardown_taskflow.py
[2023-11-16T08:39:28.025+0000] {logging_mixin.py:151} INFO - [2023-11-16T08:39:28.024+0000] {dag.py:2941} INFO - Sync 1 DAGs
[2023-11-16T08:39:28.039+0000] {logging_mixin.py:151} INFO - [2023-11-16T08:39:28.039+0000] {dag.py:3722} INFO - Setting next_dagrun for example_setup_teardown_taskflow to 2023-11-15T08:39:28.039592+00:00, run_after=2023-11-16T08:39:28.039592+00:00
[2023-11-16T08:39:28.052+0000] {processor.py:179} INFO - Processing /home/airflow/.local/lib/python3.8/site-packages/airflow/example_dags/example_setup_teardown_taskflow.py took 0.052 seconds
[2023-11-16T08:39:58.214+0000] {processor.py:157} INFO - Started process (PID=1254) to work on /home/airflow/.local/lib/python3.8/site-packages/airflow/example_dags/example_setup_teardown_taskflow.py
[2023-11-16T08:39:58.214+0000] {processor.py:829} INFO - Processing file /home/airflow/.local/lib/python3.8/site-packages/airflow/example_dags/example_setup_teardown_taskflow.py for tasks to queue
[2023-11-16T08:39:58.216+0000] {logging_mixin.py:151} INFO - [2023-11-16T08:39:58.216+0000] {dagbag.py:536} INFO - Filling up the DagBag from /home/airflow/.local/lib/python3.8/site-packages/airflow/example_dags/example_setup_teardown_taskflow.py
[2023-11-16T08:39:58.223+0000] {processor.py:839} INFO - DAG(s) dict_keys(['example_setup_teardown_taskflow']) retrieved from /home/airflow/.local/lib/python3.8/site-packages/airflow/example_dags/example_setup_teardown_taskflow.py
[2023-11-16T08:39:58.239+0000] {logging_mixin.py:151} INFO - [2023-11-16T08:39:58.238+0000] {dag.py:2941} INFO - Sync 1 DAGs
[2023-11-16T08:39:58.258+0000] {logging_mixin.py:151} INFO - [2023-11-16T08:39:58.258+0000] {dag.py:3722} INFO - Setting next_dagrun for example_setup_teardown_taskflow to 2023-11-15T08:39:58.258325+00:00, run_after=2023-11-16T08:39:58.258325+00:00
[2023-11-16T08:39:58.271+0000] {processor.py:179} INFO - Processing /home/airflow/.local/lib/python3.8/site-packages/airflow/example_dags/example_setup_teardown_taskflow.py took 0.060 seconds
[2023-11-16T08:40:29.187+0000] {processor.py:157} INFO - Started process (PID=1308) to work on /home/airflow/.local/lib/python3.8/site-packages/airflow/example_dags/example_setup_teardown_taskflow.py
[2023-11-16T08:40:29.188+0000] {processor.py:829} INFO - Processing file /home/airflow/.local/lib/python3.8/site-packages/airflow/example_dags/example_setup_teardown_taskflow.py for tasks to queue
[2023-11-16T08:40:29.189+0000] {logging_mixin.py:151} INFO - [2023-11-16T08:40:29.189+0000] {dagbag.py:536} INFO - Filling up the DagBag from /home/airflow/.local/lib/python3.8/site-packages/airflow/example_dags/example_setup_teardown_taskflow.py
[2023-11-16T08:40:29.195+0000] {processor.py:839} INFO - DAG(s) dict_keys(['example_setup_teardown_taskflow']) retrieved from /home/airflow/.local/lib/python3.8/site-packages/airflow/example_dags/example_setup_teardown_taskflow.py
[2023-11-16T08:40:29.209+0000] {logging_mixin.py:151} INFO - [2023-11-16T08:40:29.209+0000] {dag.py:2941} INFO - Sync 1 DAGs
[2023-11-16T08:40:29.225+0000] {logging_mixin.py:151} INFO - [2023-11-16T08:40:29.224+0000] {dag.py:3722} INFO - Setting next_dagrun for example_setup_teardown_taskflow to 2023-11-15T08:40:29.224823+00:00, run_after=2023-11-16T08:40:29.224823+00:00
[2023-11-16T08:40:29.237+0000] {processor.py:179} INFO - Processing /home/airflow/.local/lib/python3.8/site-packages/airflow/example_dags/example_setup_teardown_taskflow.py took 0.052 seconds
[2023-11-16T08:41:00.067+0000] {processor.py:157} INFO - Started process (PID=1362) to work on /home/airflow/.local/lib/python3.8/site-packages/airflow/example_dags/example_setup_teardown_taskflow.py
[2023-11-16T08:41:00.068+0000] {processor.py:829} INFO - Processing file /home/airflow/.local/lib/python3.8/site-packages/airflow/example_dags/example_setup_teardown_taskflow.py for tasks to queue
[2023-11-16T08:41:00.070+0000] {logging_mixin.py:151} INFO - [2023-11-16T08:41:00.069+0000] {dagbag.py:536} INFO - Filling up the DagBag from /home/airflow/.local/lib/python3.8/site-packages/airflow/example_dags/example_setup_teardown_taskflow.py
[2023-11-16T08:41:00.075+0000] {processor.py:839} INFO - DAG(s) dict_keys(['example_setup_teardown_taskflow']) retrieved from /home/airflow/.local/lib/python3.8/site-packages/airflow/example_dags/example_setup_teardown_taskflow.py
[2023-11-16T08:41:00.089+0000] {logging_mixin.py:151} INFO - [2023-11-16T08:41:00.089+0000] {dag.py:2941} INFO - Sync 1 DAGs
[2023-11-16T08:41:00.104+0000] {logging_mixin.py:151} INFO - [2023-11-16T08:41:00.104+0000] {dag.py:3722} INFO - Setting next_dagrun for example_setup_teardown_taskflow to 2023-11-15T08:41:00.104252+00:00, run_after=2023-11-16T08:41:00.104252+00:00
[2023-11-16T08:41:00.118+0000] {processor.py:179} INFO - Processing /home/airflow/.local/lib/python3.8/site-packages/airflow/example_dags/example_setup_teardown_taskflow.py took 0.053 seconds
[2023-11-16T08:41:31.108+0000] {processor.py:157} INFO - Started process (PID=1416) to work on /home/airflow/.local/lib/python3.8/site-packages/airflow/example_dags/example_setup_teardown_taskflow.py
[2023-11-16T08:41:31.109+0000] {processor.py:829} INFO - Processing file /home/airflow/.local/lib/python3.8/site-packages/airflow/example_dags/example_setup_teardown_taskflow.py for tasks to queue
[2023-11-16T08:41:31.111+0000] {logging_mixin.py:151} INFO - [2023-11-16T08:41:31.111+0000] {dagbag.py:536} INFO - Filling up the DagBag from /home/airflow/.local/lib/python3.8/site-packages/airflow/example_dags/example_setup_teardown_taskflow.py
[2023-11-16T08:41:31.118+0000] {processor.py:839} INFO - DAG(s) dict_keys(['example_setup_teardown_taskflow']) retrieved from /home/airflow/.local/lib/python3.8/site-packages/airflow/example_dags/example_setup_teardown_taskflow.py
[2023-11-16T08:41:31.135+0000] {logging_mixin.py:151} INFO - [2023-11-16T08:41:31.135+0000] {dag.py:2941} INFO - Sync 1 DAGs
[2023-11-16T08:41:31.153+0000] {logging_mixin.py:151} INFO - [2023-11-16T08:41:31.152+0000] {dag.py:3722} INFO - Setting next_dagrun for example_setup_teardown_taskflow to 2023-11-15T08:41:31.152533+00:00, run_after=2023-11-16T08:41:31.152533+00:00
[2023-11-16T08:41:31.168+0000] {processor.py:179} INFO - Processing /home/airflow/.local/lib/python3.8/site-packages/airflow/example_dags/example_setup_teardown_taskflow.py took 0.062 seconds
[2023-11-16T08:42:01.243+0000] {processor.py:157} INFO - Started process (PID=1470) to work on /home/airflow/.local/lib/python3.8/site-packages/airflow/example_dags/example_setup_teardown_taskflow.py
[2023-11-16T08:42:01.244+0000] {processor.py:829} INFO - Processing file /home/airflow/.local/lib/python3.8/site-packages/airflow/example_dags/example_setup_teardown_taskflow.py for tasks to queue
[2023-11-16T08:42:01.245+0000] {logging_mixin.py:151} INFO - [2023-11-16T08:42:01.245+0000] {dagbag.py:536} INFO - Filling up the DagBag from /home/airflow/.local/lib/python3.8/site-packages/airflow/example_dags/example_setup_teardown_taskflow.py
[2023-11-16T08:42:01.251+0000] {processor.py:839} INFO - DAG(s) dict_keys(['example_setup_teardown_taskflow']) retrieved from /home/airflow/.local/lib/python3.8/site-packages/airflow/example_dags/example_setup_teardown_taskflow.py
[2023-11-16T08:42:01.264+0000] {logging_mixin.py:151} INFO - [2023-11-16T08:42:01.264+0000] {dag.py:2941} INFO - Sync 1 DAGs
[2023-11-16T08:42:01.278+0000] {logging_mixin.py:151} INFO - [2023-11-16T08:42:01.278+0000] {dag.py:3722} INFO - Setting next_dagrun for example_setup_teardown_taskflow to 2023-11-15T08:42:01.278536+00:00, run_after=2023-11-16T08:42:01.278536+00:00
[2023-11-16T08:42:01.291+0000] {processor.py:179} INFO - Processing /home/airflow/.local/lib/python3.8/site-packages/airflow/example_dags/example_setup_teardown_taskflow.py took 0.050 seconds
[2023-11-16T08:42:32.181+0000] {processor.py:157} INFO - Started process (PID=1531) to work on /home/airflow/.local/lib/python3.8/site-packages/airflow/example_dags/example_setup_teardown_taskflow.py
[2023-11-16T08:42:32.182+0000] {processor.py:829} INFO - Processing file /home/airflow/.local/lib/python3.8/site-packages/airflow/example_dags/example_setup_teardown_taskflow.py for tasks to queue
[2023-11-16T08:42:32.184+0000] {logging_mixin.py:151} INFO - [2023-11-16T08:42:32.183+0000] {dagbag.py:536} INFO - Filling up the DagBag from /home/airflow/.local/lib/python3.8/site-packages/airflow/example_dags/example_setup_teardown_taskflow.py
[2023-11-16T08:42:32.191+0000] {processor.py:839} INFO - DAG(s) dict_keys(['example_setup_teardown_taskflow']) retrieved from /home/airflow/.local/lib/python3.8/site-packages/airflow/example_dags/example_setup_teardown_taskflow.py
[2023-11-16T08:42:32.206+0000] {logging_mixin.py:151} INFO - [2023-11-16T08:42:32.206+0000] {dag.py:2941} INFO - Sync 1 DAGs
[2023-11-16T08:42:32.223+0000] {logging_mixin.py:151} INFO - [2023-11-16T08:42:32.223+0000] {dag.py:3722} INFO - Setting next_dagrun for example_setup_teardown_taskflow to 2023-11-15T08:42:32.222979+00:00, run_after=2023-11-16T08:42:32.222979+00:00
[2023-11-16T08:42:32.238+0000] {processor.py:179} INFO - Processing /home/airflow/.local/lib/python3.8/site-packages/airflow/example_dags/example_setup_teardown_taskflow.py took 0.059 seconds
[2023-11-16T08:43:03.038+0000] {processor.py:157} INFO - Started process (PID=1585) to work on /home/airflow/.local/lib/python3.8/site-packages/airflow/example_dags/example_setup_teardown_taskflow.py
[2023-11-16T08:43:03.039+0000] {processor.py:829} INFO - Processing file /home/airflow/.local/lib/python3.8/site-packages/airflow/example_dags/example_setup_teardown_taskflow.py for tasks to queue
[2023-11-16T08:43:03.040+0000] {logging_mixin.py:151} INFO - [2023-11-16T08:43:03.040+0000] {dagbag.py:536} INFO - Filling up the DagBag from /home/airflow/.local/lib/python3.8/site-packages/airflow/example_dags/example_setup_teardown_taskflow.py
[2023-11-16T08:43:03.047+0000] {processor.py:839} INFO - DAG(s) dict_keys(['example_setup_teardown_taskflow']) retrieved from /home/airflow/.local/lib/python3.8/site-packages/airflow/example_dags/example_setup_teardown_taskflow.py
[2023-11-16T08:43:03.061+0000] {logging_mixin.py:151} INFO - [2023-11-16T08:43:03.061+0000] {dag.py:2941} INFO - Sync 1 DAGs
[2023-11-16T08:43:03.076+0000] {logging_mixin.py:151} INFO - [2023-11-16T08:43:03.076+0000] {dag.py:3722} INFO - Setting next_dagrun for example_setup_teardown_taskflow to 2023-11-15T08:43:03.076041+00:00, run_after=2023-11-16T08:43:03.076041+00:00
[2023-11-16T08:43:03.204+0000] {processor.py:179} INFO - Processing /home/airflow/.local/lib/python3.8/site-packages/airflow/example_dags/example_setup_teardown_taskflow.py took 0.168 seconds
[2023-11-16T08:43:33.520+0000] {processor.py:157} INFO - Started process (PID=1639) to work on /home/airflow/.local/lib/python3.8/site-packages/airflow/example_dags/example_setup_teardown_taskflow.py
[2023-11-16T08:43:33.521+0000] {processor.py:829} INFO - Processing file /home/airflow/.local/lib/python3.8/site-packages/airflow/example_dags/example_setup_teardown_taskflow.py for tasks to queue
[2023-11-16T08:43:33.522+0000] {logging_mixin.py:151} INFO - [2023-11-16T08:43:33.522+0000] {dagbag.py:536} INFO - Filling up the DagBag from /home/airflow/.local/lib/python3.8/site-packages/airflow/example_dags/example_setup_teardown_taskflow.py
[2023-11-16T08:43:33.528+0000] {processor.py:839} INFO - DAG(s) dict_keys(['example_setup_teardown_taskflow']) retrieved from /home/airflow/.local/lib/python3.8/site-packages/airflow/example_dags/example_setup_teardown_taskflow.py
[2023-11-16T08:43:33.542+0000] {logging_mixin.py:151} INFO - [2023-11-16T08:43:33.542+0000] {dag.py:2941} INFO - Sync 1 DAGs
[2023-11-16T08:43:33.557+0000] {logging_mixin.py:151} INFO - [2023-11-16T08:43:33.557+0000] {dag.py:3722} INFO - Setting next_dagrun for example_setup_teardown_taskflow to 2023-11-15T08:43:33.557418+00:00, run_after=2023-11-16T08:43:33.557418+00:00
[2023-11-16T08:43:33.570+0000] {processor.py:179} INFO - Processing /home/airflow/.local/lib/python3.8/site-packages/airflow/example_dags/example_setup_teardown_taskflow.py took 0.052 seconds
[2023-11-16T08:44:03.972+0000] {processor.py:157} INFO - Started process (PID=1693) to work on /home/airflow/.local/lib/python3.8/site-packages/airflow/example_dags/example_setup_teardown_taskflow.py
[2023-11-16T08:44:03.973+0000] {processor.py:829} INFO - Processing file /home/airflow/.local/lib/python3.8/site-packages/airflow/example_dags/example_setup_teardown_taskflow.py for tasks to queue
[2023-11-16T08:44:03.975+0000] {logging_mixin.py:151} INFO - [2023-11-16T08:44:03.974+0000] {dagbag.py:536} INFO - Filling up the DagBag from /home/airflow/.local/lib/python3.8/site-packages/airflow/example_dags/example_setup_teardown_taskflow.py
[2023-11-16T08:44:03.981+0000] {processor.py:839} INFO - DAG(s) dict_keys(['example_setup_teardown_taskflow']) retrieved from /home/airflow/.local/lib/python3.8/site-packages/airflow/example_dags/example_setup_teardown_taskflow.py
[2023-11-16T08:44:03.995+0000] {logging_mixin.py:151} INFO - [2023-11-16T08:44:03.995+0000] {dag.py:2941} INFO - Sync 1 DAGs
[2023-11-16T08:44:04.010+0000] {logging_mixin.py:151} INFO - [2023-11-16T08:44:04.010+0000] {dag.py:3722} INFO - Setting next_dagrun for example_setup_teardown_taskflow to 2023-11-15T08:44:04.009960+00:00, run_after=2023-11-16T08:44:04.009960+00:00
[2023-11-16T08:44:04.023+0000] {processor.py:179} INFO - Processing /home/airflow/.local/lib/python3.8/site-packages/airflow/example_dags/example_setup_teardown_taskflow.py took 0.053 seconds
[2023-11-16T08:44:35.181+0000] {processor.py:157} INFO - Started process (PID=1747) to work on /home/airflow/.local/lib/python3.8/site-packages/airflow/example_dags/example_setup_teardown_taskflow.py
[2023-11-16T08:44:35.181+0000] {processor.py:829} INFO - Processing file /home/airflow/.local/lib/python3.8/site-packages/airflow/example_dags/example_setup_teardown_taskflow.py for tasks to queue
[2023-11-16T08:44:35.183+0000] {logging_mixin.py:151} INFO - [2023-11-16T08:44:35.183+0000] {dagbag.py:536} INFO - Filling up the DagBag from /home/airflow/.local/lib/python3.8/site-packages/airflow/example_dags/example_setup_teardown_taskflow.py
[2023-11-16T08:44:35.191+0000] {processor.py:839} INFO - DAG(s) dict_keys(['example_setup_teardown_taskflow']) retrieved from /home/airflow/.local/lib/python3.8/site-packages/airflow/example_dags/example_setup_teardown_taskflow.py
[2023-11-16T08:44:35.208+0000] {logging_mixin.py:151} INFO - [2023-11-16T08:44:35.207+0000] {dag.py:2941} INFO - Sync 1 DAGs
[2023-11-16T08:44:35.332+0000] {logging_mixin.py:151} INFO - [2023-11-16T08:44:35.332+0000] {dag.py:3722} INFO - Setting next_dagrun for example_setup_teardown_taskflow to 2023-11-15T08:44:35.332291+00:00, run_after=2023-11-16T08:44:35.332291+00:00
[2023-11-16T08:44:35.346+0000] {processor.py:179} INFO - Processing /home/airflow/.local/lib/python3.8/site-packages/airflow/example_dags/example_setup_teardown_taskflow.py took 0.168 seconds
[2023-11-16T08:45:05.387+0000] {processor.py:157} INFO - Started process (PID=1801) to work on /home/airflow/.local/lib/python3.8/site-packages/airflow/example_dags/example_setup_teardown_taskflow.py
[2023-11-16T08:45:05.388+0000] {processor.py:829} INFO - Processing file /home/airflow/.local/lib/python3.8/site-packages/airflow/example_dags/example_setup_teardown_taskflow.py for tasks to queue
[2023-11-16T08:45:05.390+0000] {logging_mixin.py:151} INFO - [2023-11-16T08:45:05.390+0000] {dagbag.py:536} INFO - Filling up the DagBag from /home/airflow/.local/lib/python3.8/site-packages/airflow/example_dags/example_setup_teardown_taskflow.py
[2023-11-16T08:45:05.398+0000] {processor.py:839} INFO - DAG(s) dict_keys(['example_setup_teardown_taskflow']) retrieved from /home/airflow/.local/lib/python3.8/site-packages/airflow/example_dags/example_setup_teardown_taskflow.py
[2023-11-16T08:45:05.417+0000] {logging_mixin.py:151} INFO - [2023-11-16T08:45:05.417+0000] {dag.py:2941} INFO - Sync 1 DAGs
[2023-11-16T08:45:05.437+0000] {logging_mixin.py:151} INFO - [2023-11-16T08:45:05.437+0000] {dag.py:3722} INFO - Setting next_dagrun for example_setup_teardown_taskflow to 2023-11-15T08:45:05.436812+00:00, run_after=2023-11-16T08:45:05.436812+00:00
[2023-11-16T08:45:05.635+0000] {processor.py:179} INFO - Processing /home/airflow/.local/lib/python3.8/site-packages/airflow/example_dags/example_setup_teardown_taskflow.py took 0.250 seconds
[2023-11-16T08:45:36.125+0000] {processor.py:157} INFO - Started process (PID=1855) to work on /home/airflow/.local/lib/python3.8/site-packages/airflow/example_dags/example_setup_teardown_taskflow.py
[2023-11-16T08:45:36.125+0000] {processor.py:829} INFO - Processing file /home/airflow/.local/lib/python3.8/site-packages/airflow/example_dags/example_setup_teardown_taskflow.py for tasks to queue
[2023-11-16T08:45:36.127+0000] {logging_mixin.py:151} INFO - [2023-11-16T08:45:36.127+0000] {dagbag.py:536} INFO - Filling up the DagBag from /home/airflow/.local/lib/python3.8/site-packages/airflow/example_dags/example_setup_teardown_taskflow.py
[2023-11-16T08:45:36.133+0000] {processor.py:839} INFO - DAG(s) dict_keys(['example_setup_teardown_taskflow']) retrieved from /home/airflow/.local/lib/python3.8/site-packages/airflow/example_dags/example_setup_teardown_taskflow.py
[2023-11-16T08:45:36.146+0000] {logging_mixin.py:151} INFO - [2023-11-16T08:45:36.146+0000] {dag.py:2941} INFO - Sync 1 DAGs
[2023-11-16T08:45:36.160+0000] {logging_mixin.py:151} INFO - [2023-11-16T08:45:36.160+0000] {dag.py:3722} INFO - Setting next_dagrun for example_setup_teardown_taskflow to 2023-11-15T08:45:36.160585+00:00, run_after=2023-11-16T08:45:36.160585+00:00
[2023-11-16T08:45:36.174+0000] {processor.py:179} INFO - Processing /home/airflow/.local/lib/python3.8/site-packages/airflow/example_dags/example_setup_teardown_taskflow.py took 0.051 seconds
[2023-11-16T08:46:06.483+0000] {processor.py:157} INFO - Started process (PID=1909) to work on /home/airflow/.local/lib/python3.8/site-packages/airflow/example_dags/example_setup_teardown_taskflow.py
[2023-11-16T08:46:06.483+0000] {processor.py:829} INFO - Processing file /home/airflow/.local/lib/python3.8/site-packages/airflow/example_dags/example_setup_teardown_taskflow.py for tasks to queue
[2023-11-16T08:46:06.485+0000] {logging_mixin.py:151} INFO - [2023-11-16T08:46:06.485+0000] {dagbag.py:536} INFO - Filling up the DagBag from /home/airflow/.local/lib/python3.8/site-packages/airflow/example_dags/example_setup_teardown_taskflow.py
[2023-11-16T08:46:06.491+0000] {processor.py:839} INFO - DAG(s) dict_keys(['example_setup_teardown_taskflow']) retrieved from /home/airflow/.local/lib/python3.8/site-packages/airflow/example_dags/example_setup_teardown_taskflow.py
[2023-11-16T08:46:06.508+0000] {logging_mixin.py:151} INFO - [2023-11-16T08:46:06.508+0000] {dag.py:2941} INFO - Sync 1 DAGs
[2023-11-16T08:46:06.524+0000] {logging_mixin.py:151} INFO - [2023-11-16T08:46:06.524+0000] {dag.py:3722} INFO - Setting next_dagrun for example_setup_teardown_taskflow to 2023-11-15T08:46:06.524606+00:00, run_after=2023-11-16T08:46:06.524606+00:00
[2023-11-16T08:46:06.538+0000] {processor.py:179} INFO - Processing /home/airflow/.local/lib/python3.8/site-packages/airflow/example_dags/example_setup_teardown_taskflow.py took 0.058 seconds
