[2023-11-16T08:28:52.215+0000] {processor.py:157} INFO - Started process (PID=70) to work on /home/airflow/.local/lib/python3.8/site-packages/airflow/example_dags/example_short_circuit_decorator.py
[2023-11-16T08:28:52.218+0000] {processor.py:829} INFO - Processing file /home/airflow/.local/lib/python3.8/site-packages/airflow/example_dags/example_short_circuit_decorator.py for tasks to queue
[2023-11-16T08:28:52.232+0000] {logging_mixin.py:151} INFO - [2023-11-16T08:28:52.230+0000] {dagbag.py:536} INFO - Filling up the DagBag from /home/airflow/.local/lib/python3.8/site-packages/airflow/example_dags/example_short_circuit_decorator.py
[2023-11-16T08:28:52.254+0000] {processor.py:839} INFO - DAG(s) dict_keys(['example_short_circuit_decorator']) retrieved from /home/airflow/.local/lib/python3.8/site-packages/airflow/example_dags/example_short_circuit_decorator.py
[2023-11-16T08:28:52.305+0000] {logging_mixin.py:151} INFO - [2023-11-16T08:28:52.305+0000] {dag.py:2941} INFO - Sync 1 DAGs
[2023-11-16T08:28:52.350+0000] {logging_mixin.py:151} INFO - [2023-11-16T08:28:52.350+0000] {dag.py:3722} INFO - Setting next_dagrun for example_short_circuit_decorator to 2023-11-15T08:28:52.348327+00:00, run_after=2023-11-16T08:28:52.348327+00:00
[2023-11-16T08:28:52.392+0000] {processor.py:179} INFO - Processing /home/airflow/.local/lib/python3.8/site-packages/airflow/example_dags/example_short_circuit_decorator.py took 0.189 seconds
[2023-11-16T08:29:22.451+0000] {processor.py:157} INFO - Started process (PID=124) to work on /home/airflow/.local/lib/python3.8/site-packages/airflow/example_dags/example_short_circuit_decorator.py
[2023-11-16T08:29:22.452+0000] {processor.py:829} INFO - Processing file /home/airflow/.local/lib/python3.8/site-packages/airflow/example_dags/example_short_circuit_decorator.py for tasks to queue
[2023-11-16T08:29:22.454+0000] {logging_mixin.py:151} INFO - [2023-11-16T08:29:22.453+0000] {dagbag.py:536} INFO - Filling up the DagBag from /home/airflow/.local/lib/python3.8/site-packages/airflow/example_dags/example_short_circuit_decorator.py
[2023-11-16T08:29:22.460+0000] {processor.py:839} INFO - DAG(s) dict_keys(['example_short_circuit_decorator']) retrieved from /home/airflow/.local/lib/python3.8/site-packages/airflow/example_dags/example_short_circuit_decorator.py
[2023-11-16T08:29:22.475+0000] {logging_mixin.py:151} INFO - [2023-11-16T08:29:22.475+0000] {dag.py:2941} INFO - Sync 1 DAGs
[2023-11-16T08:29:22.489+0000] {logging_mixin.py:151} INFO - [2023-11-16T08:29:22.489+0000] {dag.py:3722} INFO - Setting next_dagrun for example_short_circuit_decorator to 2023-11-15T08:29:22.489531+00:00, run_after=2023-11-16T08:29:22.489531+00:00
[2023-11-16T08:29:22.501+0000] {processor.py:179} INFO - Processing /home/airflow/.local/lib/python3.8/site-packages/airflow/example_dags/example_short_circuit_decorator.py took 0.052 seconds
[2023-11-16T08:29:53.296+0000] {processor.py:157} INFO - Started process (PID=178) to work on /home/airflow/.local/lib/python3.8/site-packages/airflow/example_dags/example_short_circuit_decorator.py
[2023-11-16T08:29:53.298+0000] {processor.py:829} INFO - Processing file /home/airflow/.local/lib/python3.8/site-packages/airflow/example_dags/example_short_circuit_decorator.py for tasks to queue
[2023-11-16T08:29:53.299+0000] {logging_mixin.py:151} INFO - [2023-11-16T08:29:53.299+0000] {dagbag.py:536} INFO - Filling up the DagBag from /home/airflow/.local/lib/python3.8/site-packages/airflow/example_dags/example_short_circuit_decorator.py
[2023-11-16T08:29:53.306+0000] {processor.py:839} INFO - DAG(s) dict_keys(['example_short_circuit_decorator']) retrieved from /home/airflow/.local/lib/python3.8/site-packages/airflow/example_dags/example_short_circuit_decorator.py
[2023-11-16T08:29:53.325+0000] {logging_mixin.py:151} INFO - [2023-11-16T08:29:53.324+0000] {dag.py:2941} INFO - Sync 1 DAGs
[2023-11-16T08:29:53.343+0000] {logging_mixin.py:151} INFO - [2023-11-16T08:29:53.343+0000] {dag.py:3722} INFO - Setting next_dagrun for example_short_circuit_decorator to 2023-11-15T08:29:53.343514+00:00, run_after=2023-11-16T08:29:53.343514+00:00
[2023-11-16T08:29:53.358+0000] {processor.py:179} INFO - Processing /home/airflow/.local/lib/python3.8/site-packages/airflow/example_dags/example_short_circuit_decorator.py took 0.065 seconds
[2023-11-16T08:30:24.367+0000] {processor.py:157} INFO - Started process (PID=232) to work on /home/airflow/.local/lib/python3.8/site-packages/airflow/example_dags/example_short_circuit_decorator.py
[2023-11-16T08:30:24.368+0000] {processor.py:829} INFO - Processing file /home/airflow/.local/lib/python3.8/site-packages/airflow/example_dags/example_short_circuit_decorator.py for tasks to queue
[2023-11-16T08:30:24.370+0000] {logging_mixin.py:151} INFO - [2023-11-16T08:30:24.370+0000] {dagbag.py:536} INFO - Filling up the DagBag from /home/airflow/.local/lib/python3.8/site-packages/airflow/example_dags/example_short_circuit_decorator.py
[2023-11-16T08:30:24.377+0000] {processor.py:839} INFO - DAG(s) dict_keys(['example_short_circuit_decorator']) retrieved from /home/airflow/.local/lib/python3.8/site-packages/airflow/example_dags/example_short_circuit_decorator.py
[2023-11-16T08:30:24.395+0000] {logging_mixin.py:151} INFO - [2023-11-16T08:30:24.395+0000] {dag.py:2941} INFO - Sync 1 DAGs
[2023-11-16T08:30:24.414+0000] {logging_mixin.py:151} INFO - [2023-11-16T08:30:24.413+0000] {dag.py:3722} INFO - Setting next_dagrun for example_short_circuit_decorator to 2023-11-15T08:30:24.413663+00:00, run_after=2023-11-16T08:30:24.413663+00:00
[2023-11-16T08:30:24.429+0000] {processor.py:179} INFO - Processing /home/airflow/.local/lib/python3.8/site-packages/airflow/example_dags/example_short_circuit_decorator.py took 0.065 seconds
[2023-11-16T08:30:55.400+0000] {processor.py:157} INFO - Started process (PID=286) to work on /home/airflow/.local/lib/python3.8/site-packages/airflow/example_dags/example_short_circuit_decorator.py
[2023-11-16T08:30:55.400+0000] {processor.py:829} INFO - Processing file /home/airflow/.local/lib/python3.8/site-packages/airflow/example_dags/example_short_circuit_decorator.py for tasks to queue
[2023-11-16T08:30:55.402+0000] {logging_mixin.py:151} INFO - [2023-11-16T08:30:55.402+0000] {dagbag.py:536} INFO - Filling up the DagBag from /home/airflow/.local/lib/python3.8/site-packages/airflow/example_dags/example_short_circuit_decorator.py
[2023-11-16T08:30:55.408+0000] {processor.py:839} INFO - DAG(s) dict_keys(['example_short_circuit_decorator']) retrieved from /home/airflow/.local/lib/python3.8/site-packages/airflow/example_dags/example_short_circuit_decorator.py
[2023-11-16T08:30:55.423+0000] {logging_mixin.py:151} INFO - [2023-11-16T08:30:55.422+0000] {dag.py:2941} INFO - Sync 1 DAGs
[2023-11-16T08:30:55.438+0000] {logging_mixin.py:151} INFO - [2023-11-16T08:30:55.438+0000] {dag.py:3722} INFO - Setting next_dagrun for example_short_circuit_decorator to 2023-11-15T08:30:55.438651+00:00, run_after=2023-11-16T08:30:55.438651+00:00
[2023-11-16T08:30:55.450+0000] {processor.py:179} INFO - Processing /home/airflow/.local/lib/python3.8/site-packages/airflow/example_dags/example_short_circuit_decorator.py took 0.053 seconds
[2023-11-16T08:31:25.745+0000] {processor.py:157} INFO - Started process (PID=340) to work on /home/airflow/.local/lib/python3.8/site-packages/airflow/example_dags/example_short_circuit_decorator.py
[2023-11-16T08:31:25.747+0000] {processor.py:829} INFO - Processing file /home/airflow/.local/lib/python3.8/site-packages/airflow/example_dags/example_short_circuit_decorator.py for tasks to queue
[2023-11-16T08:31:25.748+0000] {logging_mixin.py:151} INFO - [2023-11-16T08:31:25.748+0000] {dagbag.py:536} INFO - Filling up the DagBag from /home/airflow/.local/lib/python3.8/site-packages/airflow/example_dags/example_short_circuit_decorator.py
[2023-11-16T08:31:25.754+0000] {processor.py:839} INFO - DAG(s) dict_keys(['example_short_circuit_decorator']) retrieved from /home/airflow/.local/lib/python3.8/site-packages/airflow/example_dags/example_short_circuit_decorator.py
[2023-11-16T08:31:25.770+0000] {logging_mixin.py:151} INFO - [2023-11-16T08:31:25.770+0000] {dag.py:2941} INFO - Sync 1 DAGs
[2023-11-16T08:31:25.787+0000] {logging_mixin.py:151} INFO - [2023-11-16T08:31:25.786+0000] {dag.py:3722} INFO - Setting next_dagrun for example_short_circuit_decorator to 2023-11-15T08:31:25.786802+00:00, run_after=2023-11-16T08:31:25.786802+00:00
[2023-11-16T08:31:25.799+0000] {processor.py:179} INFO - Processing /home/airflow/.local/lib/python3.8/site-packages/airflow/example_dags/example_short_circuit_decorator.py took 0.055 seconds
[2023-11-16T08:31:56.038+0000] {processor.py:157} INFO - Started process (PID=394) to work on /home/airflow/.local/lib/python3.8/site-packages/airflow/example_dags/example_short_circuit_decorator.py
[2023-11-16T08:31:56.039+0000] {processor.py:829} INFO - Processing file /home/airflow/.local/lib/python3.8/site-packages/airflow/example_dags/example_short_circuit_decorator.py for tasks to queue
[2023-11-16T08:31:56.040+0000] {logging_mixin.py:151} INFO - [2023-11-16T08:31:56.040+0000] {dagbag.py:536} INFO - Filling up the DagBag from /home/airflow/.local/lib/python3.8/site-packages/airflow/example_dags/example_short_circuit_decorator.py
[2023-11-16T08:31:56.047+0000] {processor.py:839} INFO - DAG(s) dict_keys(['example_short_circuit_decorator']) retrieved from /home/airflow/.local/lib/python3.8/site-packages/airflow/example_dags/example_short_circuit_decorator.py
[2023-11-16T08:31:56.070+0000] {logging_mixin.py:151} INFO - [2023-11-16T08:31:56.070+0000] {dag.py:2941} INFO - Sync 1 DAGs
[2023-11-16T08:31:56.087+0000] {logging_mixin.py:151} INFO - [2023-11-16T08:31:56.087+0000] {dag.py:3722} INFO - Setting next_dagrun for example_short_circuit_decorator to 2023-11-15T08:31:56.087592+00:00, run_after=2023-11-16T08:31:56.087592+00:00
[2023-11-16T08:31:56.103+0000] {processor.py:179} INFO - Processing /home/airflow/.local/lib/python3.8/site-packages/airflow/example_dags/example_short_circuit_decorator.py took 0.067 seconds
[2023-11-16T08:32:27.117+0000] {processor.py:157} INFO - Started process (PID=448) to work on /home/airflow/.local/lib/python3.8/site-packages/airflow/example_dags/example_short_circuit_decorator.py
[2023-11-16T08:32:27.117+0000] {processor.py:829} INFO - Processing file /home/airflow/.local/lib/python3.8/site-packages/airflow/example_dags/example_short_circuit_decorator.py for tasks to queue
[2023-11-16T08:32:27.119+0000] {logging_mixin.py:151} INFO - [2023-11-16T08:32:27.119+0000] {dagbag.py:536} INFO - Filling up the DagBag from /home/airflow/.local/lib/python3.8/site-packages/airflow/example_dags/example_short_circuit_decorator.py
[2023-11-16T08:32:27.124+0000] {processor.py:839} INFO - DAG(s) dict_keys(['example_short_circuit_decorator']) retrieved from /home/airflow/.local/lib/python3.8/site-packages/airflow/example_dags/example_short_circuit_decorator.py
[2023-11-16T08:32:27.139+0000] {logging_mixin.py:151} INFO - [2023-11-16T08:32:27.139+0000] {dag.py:2941} INFO - Sync 1 DAGs
[2023-11-16T08:32:27.154+0000] {logging_mixin.py:151} INFO - [2023-11-16T08:32:27.154+0000] {dag.py:3722} INFO - Setting next_dagrun for example_short_circuit_decorator to 2023-11-15T08:32:27.154158+00:00, run_after=2023-11-16T08:32:27.154158+00:00
[2023-11-16T08:32:27.167+0000] {processor.py:179} INFO - Processing /home/airflow/.local/lib/python3.8/site-packages/airflow/example_dags/example_short_circuit_decorator.py took 0.052 seconds
[2023-11-16T08:32:57.486+0000] {processor.py:157} INFO - Started process (PID=502) to work on /home/airflow/.local/lib/python3.8/site-packages/airflow/example_dags/example_short_circuit_decorator.py
[2023-11-16T08:32:57.488+0000] {processor.py:829} INFO - Processing file /home/airflow/.local/lib/python3.8/site-packages/airflow/example_dags/example_short_circuit_decorator.py for tasks to queue
[2023-11-16T08:32:57.489+0000] {logging_mixin.py:151} INFO - [2023-11-16T08:32:57.489+0000] {dagbag.py:536} INFO - Filling up the DagBag from /home/airflow/.local/lib/python3.8/site-packages/airflow/example_dags/example_short_circuit_decorator.py
[2023-11-16T08:32:57.495+0000] {processor.py:839} INFO - DAG(s) dict_keys(['example_short_circuit_decorator']) retrieved from /home/airflow/.local/lib/python3.8/site-packages/airflow/example_dags/example_short_circuit_decorator.py
[2023-11-16T08:32:57.510+0000] {logging_mixin.py:151} INFO - [2023-11-16T08:32:57.510+0000] {dag.py:2941} INFO - Sync 1 DAGs
[2023-11-16T08:32:57.525+0000] {logging_mixin.py:151} INFO - [2023-11-16T08:32:57.525+0000] {dag.py:3722} INFO - Setting next_dagrun for example_short_circuit_decorator to 2023-11-15T08:32:57.524856+00:00, run_after=2023-11-16T08:32:57.524856+00:00
[2023-11-16T08:32:57.537+0000] {processor.py:179} INFO - Processing /home/airflow/.local/lib/python3.8/site-packages/airflow/example_dags/example_short_circuit_decorator.py took 0.052 seconds
[2023-11-16T08:33:27.805+0000] {processor.py:157} INFO - Started process (PID=556) to work on /home/airflow/.local/lib/python3.8/site-packages/airflow/example_dags/example_short_circuit_decorator.py
[2023-11-16T08:33:27.806+0000] {processor.py:829} INFO - Processing file /home/airflow/.local/lib/python3.8/site-packages/airflow/example_dags/example_short_circuit_decorator.py for tasks to queue
[2023-11-16T08:33:27.808+0000] {logging_mixin.py:151} INFO - [2023-11-16T08:33:27.808+0000] {dagbag.py:536} INFO - Filling up the DagBag from /home/airflow/.local/lib/python3.8/site-packages/airflow/example_dags/example_short_circuit_decorator.py
[2023-11-16T08:33:27.814+0000] {processor.py:839} INFO - DAG(s) dict_keys(['example_short_circuit_decorator']) retrieved from /home/airflow/.local/lib/python3.8/site-packages/airflow/example_dags/example_short_circuit_decorator.py
[2023-11-16T08:33:27.828+0000] {logging_mixin.py:151} INFO - [2023-11-16T08:33:27.828+0000] {dag.py:2941} INFO - Sync 1 DAGs
[2023-11-16T08:33:27.845+0000] {logging_mixin.py:151} INFO - [2023-11-16T08:33:27.845+0000] {dag.py:3722} INFO - Setting next_dagrun for example_short_circuit_decorator to 2023-11-15T08:33:27.844882+00:00, run_after=2023-11-16T08:33:27.844882+00:00
[2023-11-16T08:33:27.856+0000] {processor.py:179} INFO - Processing /home/airflow/.local/lib/python3.8/site-packages/airflow/example_dags/example_short_circuit_decorator.py took 0.053 seconds
[2023-11-16T08:33:58.012+0000] {processor.py:157} INFO - Started process (PID=610) to work on /home/airflow/.local/lib/python3.8/site-packages/airflow/example_dags/example_short_circuit_decorator.py
[2023-11-16T08:33:58.013+0000] {processor.py:829} INFO - Processing file /home/airflow/.local/lib/python3.8/site-packages/airflow/example_dags/example_short_circuit_decorator.py for tasks to queue
[2023-11-16T08:33:58.015+0000] {logging_mixin.py:151} INFO - [2023-11-16T08:33:58.015+0000] {dagbag.py:536} INFO - Filling up the DagBag from /home/airflow/.local/lib/python3.8/site-packages/airflow/example_dags/example_short_circuit_decorator.py
[2023-11-16T08:33:58.021+0000] {processor.py:839} INFO - DAG(s) dict_keys(['example_short_circuit_decorator']) retrieved from /home/airflow/.local/lib/python3.8/site-packages/airflow/example_dags/example_short_circuit_decorator.py
[2023-11-16T08:33:58.038+0000] {logging_mixin.py:151} INFO - [2023-11-16T08:33:58.037+0000] {dag.py:2941} INFO - Sync 1 DAGs
[2023-11-16T08:33:58.054+0000] {logging_mixin.py:151} INFO - [2023-11-16T08:33:58.054+0000] {dag.py:3722} INFO - Setting next_dagrun for example_short_circuit_decorator to 2023-11-15T08:33:58.053938+00:00, run_after=2023-11-16T08:33:58.053938+00:00
[2023-11-16T08:33:58.067+0000] {processor.py:179} INFO - Processing /home/airflow/.local/lib/python3.8/site-packages/airflow/example_dags/example_short_circuit_decorator.py took 0.057 seconds
[2023-11-16T08:34:28.427+0000] {processor.py:157} INFO - Started process (PID=664) to work on /home/airflow/.local/lib/python3.8/site-packages/airflow/example_dags/example_short_circuit_decorator.py
[2023-11-16T08:34:28.429+0000] {processor.py:829} INFO - Processing file /home/airflow/.local/lib/python3.8/site-packages/airflow/example_dags/example_short_circuit_decorator.py for tasks to queue
[2023-11-16T08:34:28.430+0000] {logging_mixin.py:151} INFO - [2023-11-16T08:34:28.430+0000] {dagbag.py:536} INFO - Filling up the DagBag from /home/airflow/.local/lib/python3.8/site-packages/airflow/example_dags/example_short_circuit_decorator.py
[2023-11-16T08:34:28.436+0000] {processor.py:839} INFO - DAG(s) dict_keys(['example_short_circuit_decorator']) retrieved from /home/airflow/.local/lib/python3.8/site-packages/airflow/example_dags/example_short_circuit_decorator.py
[2023-11-16T08:34:28.452+0000] {logging_mixin.py:151} INFO - [2023-11-16T08:34:28.452+0000] {dag.py:2941} INFO - Sync 1 DAGs
[2023-11-16T08:34:28.468+0000] {logging_mixin.py:151} INFO - [2023-11-16T08:34:28.468+0000] {dag.py:3722} INFO - Setting next_dagrun for example_short_circuit_decorator to 2023-11-15T08:34:28.468292+00:00, run_after=2023-11-16T08:34:28.468292+00:00
[2023-11-16T08:34:28.482+0000] {processor.py:179} INFO - Processing /home/airflow/.local/lib/python3.8/site-packages/airflow/example_dags/example_short_circuit_decorator.py took 0.056 seconds
[2023-11-16T08:34:58.596+0000] {processor.py:157} INFO - Started process (PID=718) to work on /home/airflow/.local/lib/python3.8/site-packages/airflow/example_dags/example_short_circuit_decorator.py
[2023-11-16T08:34:58.597+0000] {processor.py:829} INFO - Processing file /home/airflow/.local/lib/python3.8/site-packages/airflow/example_dags/example_short_circuit_decorator.py for tasks to queue
[2023-11-16T08:34:58.599+0000] {logging_mixin.py:151} INFO - [2023-11-16T08:34:58.599+0000] {dagbag.py:536} INFO - Filling up the DagBag from /home/airflow/.local/lib/python3.8/site-packages/airflow/example_dags/example_short_circuit_decorator.py
[2023-11-16T08:34:58.605+0000] {processor.py:839} INFO - DAG(s) dict_keys(['example_short_circuit_decorator']) retrieved from /home/airflow/.local/lib/python3.8/site-packages/airflow/example_dags/example_short_circuit_decorator.py
[2023-11-16T08:34:58.622+0000] {logging_mixin.py:151} INFO - [2023-11-16T08:34:58.622+0000] {dag.py:2941} INFO - Sync 1 DAGs
[2023-11-16T08:34:58.639+0000] {logging_mixin.py:151} INFO - [2023-11-16T08:34:58.639+0000] {dag.py:3722} INFO - Setting next_dagrun for example_short_circuit_decorator to 2023-11-15T08:34:58.638879+00:00, run_after=2023-11-16T08:34:58.638879+00:00
[2023-11-16T08:34:58.652+0000] {processor.py:179} INFO - Processing /home/airflow/.local/lib/python3.8/site-packages/airflow/example_dags/example_short_circuit_decorator.py took 0.058 seconds
[2023-11-16T08:35:29.477+0000] {processor.py:157} INFO - Started process (PID=772) to work on /home/airflow/.local/lib/python3.8/site-packages/airflow/example_dags/example_short_circuit_decorator.py
[2023-11-16T08:35:29.478+0000] {processor.py:829} INFO - Processing file /home/airflow/.local/lib/python3.8/site-packages/airflow/example_dags/example_short_circuit_decorator.py for tasks to queue
[2023-11-16T08:35:29.479+0000] {logging_mixin.py:151} INFO - [2023-11-16T08:35:29.479+0000] {dagbag.py:536} INFO - Filling up the DagBag from /home/airflow/.local/lib/python3.8/site-packages/airflow/example_dags/example_short_circuit_decorator.py
[2023-11-16T08:35:29.485+0000] {processor.py:839} INFO - DAG(s) dict_keys(['example_short_circuit_decorator']) retrieved from /home/airflow/.local/lib/python3.8/site-packages/airflow/example_dags/example_short_circuit_decorator.py
[2023-11-16T08:35:29.500+0000] {logging_mixin.py:151} INFO - [2023-11-16T08:35:29.500+0000] {dag.py:2941} INFO - Sync 1 DAGs
[2023-11-16T08:35:29.514+0000] {logging_mixin.py:151} INFO - [2023-11-16T08:35:29.514+0000] {dag.py:3722} INFO - Setting next_dagrun for example_short_circuit_decorator to 2023-11-15T08:35:29.514526+00:00, run_after=2023-11-16T08:35:29.514526+00:00
[2023-11-16T08:35:29.527+0000] {processor.py:179} INFO - Processing /home/airflow/.local/lib/python3.8/site-packages/airflow/example_dags/example_short_circuit_decorator.py took 0.052 seconds
[2023-11-16T08:35:59.705+0000] {processor.py:157} INFO - Started process (PID=826) to work on /home/airflow/.local/lib/python3.8/site-packages/airflow/example_dags/example_short_circuit_decorator.py
[2023-11-16T08:35:59.707+0000] {processor.py:829} INFO - Processing file /home/airflow/.local/lib/python3.8/site-packages/airflow/example_dags/example_short_circuit_decorator.py for tasks to queue
[2023-11-16T08:35:59.708+0000] {logging_mixin.py:151} INFO - [2023-11-16T08:35:59.708+0000] {dagbag.py:536} INFO - Filling up the DagBag from /home/airflow/.local/lib/python3.8/site-packages/airflow/example_dags/example_short_circuit_decorator.py
[2023-11-16T08:35:59.714+0000] {processor.py:839} INFO - DAG(s) dict_keys(['example_short_circuit_decorator']) retrieved from /home/airflow/.local/lib/python3.8/site-packages/airflow/example_dags/example_short_circuit_decorator.py
[2023-11-16T08:35:59.729+0000] {logging_mixin.py:151} INFO - [2023-11-16T08:35:59.728+0000] {dag.py:2941} INFO - Sync 1 DAGs
[2023-11-16T08:35:59.743+0000] {logging_mixin.py:151} INFO - [2023-11-16T08:35:59.743+0000] {dag.py:3722} INFO - Setting next_dagrun for example_short_circuit_decorator to 2023-11-15T08:35:59.743522+00:00, run_after=2023-11-16T08:35:59.743522+00:00
[2023-11-16T08:35:59.756+0000] {processor.py:179} INFO - Processing /home/airflow/.local/lib/python3.8/site-packages/airflow/example_dags/example_short_circuit_decorator.py took 0.052 seconds
[2023-11-16T08:36:29.848+0000] {processor.py:157} INFO - Started process (PID=880) to work on /home/airflow/.local/lib/python3.8/site-packages/airflow/example_dags/example_short_circuit_decorator.py
[2023-11-16T08:36:29.849+0000] {processor.py:829} INFO - Processing file /home/airflow/.local/lib/python3.8/site-packages/airflow/example_dags/example_short_circuit_decorator.py for tasks to queue
[2023-11-16T08:36:29.850+0000] {logging_mixin.py:151} INFO - [2023-11-16T08:36:29.850+0000] {dagbag.py:536} INFO - Filling up the DagBag from /home/airflow/.local/lib/python3.8/site-packages/airflow/example_dags/example_short_circuit_decorator.py
[2023-11-16T08:36:29.856+0000] {processor.py:839} INFO - DAG(s) dict_keys(['example_short_circuit_decorator']) retrieved from /home/airflow/.local/lib/python3.8/site-packages/airflow/example_dags/example_short_circuit_decorator.py
[2023-11-16T08:36:29.872+0000] {logging_mixin.py:151} INFO - [2023-11-16T08:36:29.872+0000] {dag.py:2941} INFO - Sync 1 DAGs
[2023-11-16T08:36:29.888+0000] {logging_mixin.py:151} INFO - [2023-11-16T08:36:29.887+0000] {dag.py:3722} INFO - Setting next_dagrun for example_short_circuit_decorator to 2023-11-15T08:36:29.887796+00:00, run_after=2023-11-16T08:36:29.887796+00:00
[2023-11-16T08:36:29.901+0000] {processor.py:179} INFO - Processing /home/airflow/.local/lib/python3.8/site-packages/airflow/example_dags/example_short_circuit_decorator.py took 0.055 seconds
[2023-11-16T08:37:00.083+0000] {processor.py:157} INFO - Started process (PID=934) to work on /home/airflow/.local/lib/python3.8/site-packages/airflow/example_dags/example_short_circuit_decorator.py
[2023-11-16T08:37:00.084+0000] {processor.py:829} INFO - Processing file /home/airflow/.local/lib/python3.8/site-packages/airflow/example_dags/example_short_circuit_decorator.py for tasks to queue
[2023-11-16T08:37:00.086+0000] {logging_mixin.py:151} INFO - [2023-11-16T08:37:00.086+0000] {dagbag.py:536} INFO - Filling up the DagBag from /home/airflow/.local/lib/python3.8/site-packages/airflow/example_dags/example_short_circuit_decorator.py
[2023-11-16T08:37:00.092+0000] {processor.py:839} INFO - DAG(s) dict_keys(['example_short_circuit_decorator']) retrieved from /home/airflow/.local/lib/python3.8/site-packages/airflow/example_dags/example_short_circuit_decorator.py
[2023-11-16T08:37:00.109+0000] {logging_mixin.py:151} INFO - [2023-11-16T08:37:00.108+0000] {dag.py:2941} INFO - Sync 1 DAGs
[2023-11-16T08:37:00.127+0000] {logging_mixin.py:151} INFO - [2023-11-16T08:37:00.126+0000] {dag.py:3722} INFO - Setting next_dagrun for example_short_circuit_decorator to 2023-11-15T08:37:00.126822+00:00, run_after=2023-11-16T08:37:00.126822+00:00
[2023-11-16T08:37:00.143+0000] {processor.py:179} INFO - Processing /home/airflow/.local/lib/python3.8/site-packages/airflow/example_dags/example_short_circuit_decorator.py took 0.062 seconds
[2023-11-16T08:37:30.243+0000] {processor.py:157} INFO - Started process (PID=988) to work on /home/airflow/.local/lib/python3.8/site-packages/airflow/example_dags/example_short_circuit_decorator.py
[2023-11-16T08:37:30.244+0000] {processor.py:829} INFO - Processing file /home/airflow/.local/lib/python3.8/site-packages/airflow/example_dags/example_short_circuit_decorator.py for tasks to queue
[2023-11-16T08:37:30.246+0000] {logging_mixin.py:151} INFO - [2023-11-16T08:37:30.246+0000] {dagbag.py:536} INFO - Filling up the DagBag from /home/airflow/.local/lib/python3.8/site-packages/airflow/example_dags/example_short_circuit_decorator.py
[2023-11-16T08:37:30.252+0000] {processor.py:839} INFO - DAG(s) dict_keys(['example_short_circuit_decorator']) retrieved from /home/airflow/.local/lib/python3.8/site-packages/airflow/example_dags/example_short_circuit_decorator.py
[2023-11-16T08:37:30.268+0000] {logging_mixin.py:151} INFO - [2023-11-16T08:37:30.268+0000] {dag.py:2941} INFO - Sync 1 DAGs
[2023-11-16T08:37:30.284+0000] {logging_mixin.py:151} INFO - [2023-11-16T08:37:30.284+0000] {dag.py:3722} INFO - Setting next_dagrun for example_short_circuit_decorator to 2023-11-15T08:37:30.284521+00:00, run_after=2023-11-16T08:37:30.284521+00:00
[2023-11-16T08:37:30.297+0000] {processor.py:179} INFO - Processing /home/airflow/.local/lib/python3.8/site-packages/airflow/example_dags/example_short_circuit_decorator.py took 0.056 seconds
[2023-11-16T08:38:00.537+0000] {processor.py:157} INFO - Started process (PID=1042) to work on /home/airflow/.local/lib/python3.8/site-packages/airflow/example_dags/example_short_circuit_decorator.py
[2023-11-16T08:38:00.538+0000] {processor.py:829} INFO - Processing file /home/airflow/.local/lib/python3.8/site-packages/airflow/example_dags/example_short_circuit_decorator.py for tasks to queue
[2023-11-16T08:38:00.540+0000] {logging_mixin.py:151} INFO - [2023-11-16T08:38:00.539+0000] {dagbag.py:536} INFO - Filling up the DagBag from /home/airflow/.local/lib/python3.8/site-packages/airflow/example_dags/example_short_circuit_decorator.py
[2023-11-16T08:38:00.545+0000] {processor.py:839} INFO - DAG(s) dict_keys(['example_short_circuit_decorator']) retrieved from /home/airflow/.local/lib/python3.8/site-packages/airflow/example_dags/example_short_circuit_decorator.py
[2023-11-16T08:38:00.562+0000] {logging_mixin.py:151} INFO - [2023-11-16T08:38:00.561+0000] {dag.py:2941} INFO - Sync 1 DAGs
[2023-11-16T08:38:00.577+0000] {logging_mixin.py:151} INFO - [2023-11-16T08:38:00.577+0000] {dag.py:3722} INFO - Setting next_dagrun for example_short_circuit_decorator to 2023-11-15T08:38:00.576944+00:00, run_after=2023-11-16T08:38:00.576944+00:00
[2023-11-16T08:38:00.590+0000] {processor.py:179} INFO - Processing /home/airflow/.local/lib/python3.8/site-packages/airflow/example_dags/example_short_circuit_decorator.py took 0.055 seconds
[2023-11-16T08:38:30.795+0000] {processor.py:157} INFO - Started process (PID=1096) to work on /home/airflow/.local/lib/python3.8/site-packages/airflow/example_dags/example_short_circuit_decorator.py
[2023-11-16T08:38:30.796+0000] {processor.py:829} INFO - Processing file /home/airflow/.local/lib/python3.8/site-packages/airflow/example_dags/example_short_circuit_decorator.py for tasks to queue
[2023-11-16T08:38:30.798+0000] {logging_mixin.py:151} INFO - [2023-11-16T08:38:30.797+0000] {dagbag.py:536} INFO - Filling up the DagBag from /home/airflow/.local/lib/python3.8/site-packages/airflow/example_dags/example_short_circuit_decorator.py
[2023-11-16T08:38:30.804+0000] {processor.py:839} INFO - DAG(s) dict_keys(['example_short_circuit_decorator']) retrieved from /home/airflow/.local/lib/python3.8/site-packages/airflow/example_dags/example_short_circuit_decorator.py
[2023-11-16T08:38:30.821+0000] {logging_mixin.py:151} INFO - [2023-11-16T08:38:30.821+0000] {dag.py:2941} INFO - Sync 1 DAGs
[2023-11-16T08:38:30.839+0000] {logging_mixin.py:151} INFO - [2023-11-16T08:38:30.839+0000] {dag.py:3722} INFO - Setting next_dagrun for example_short_circuit_decorator to 2023-11-15T08:38:30.838937+00:00, run_after=2023-11-16T08:38:30.838937+00:00
[2023-11-16T08:38:30.855+0000] {processor.py:179} INFO - Processing /home/airflow/.local/lib/python3.8/site-packages/airflow/example_dags/example_short_circuit_decorator.py took 0.063 seconds
[2023-11-16T08:39:01.008+0000] {processor.py:157} INFO - Started process (PID=1150) to work on /home/airflow/.local/lib/python3.8/site-packages/airflow/example_dags/example_short_circuit_decorator.py
[2023-11-16T08:39:01.009+0000] {processor.py:829} INFO - Processing file /home/airflow/.local/lib/python3.8/site-packages/airflow/example_dags/example_short_circuit_decorator.py for tasks to queue
[2023-11-16T08:39:01.011+0000] {logging_mixin.py:151} INFO - [2023-11-16T08:39:01.010+0000] {dagbag.py:536} INFO - Filling up the DagBag from /home/airflow/.local/lib/python3.8/site-packages/airflow/example_dags/example_short_circuit_decorator.py
[2023-11-16T08:39:01.016+0000] {processor.py:839} INFO - DAG(s) dict_keys(['example_short_circuit_decorator']) retrieved from /home/airflow/.local/lib/python3.8/site-packages/airflow/example_dags/example_short_circuit_decorator.py
[2023-11-16T08:39:01.031+0000] {logging_mixin.py:151} INFO - [2023-11-16T08:39:01.031+0000] {dag.py:2941} INFO - Sync 1 DAGs
[2023-11-16T08:39:01.046+0000] {logging_mixin.py:151} INFO - [2023-11-16T08:39:01.046+0000] {dag.py:3722} INFO - Setting next_dagrun for example_short_circuit_decorator to 2023-11-15T08:39:01.046288+00:00, run_after=2023-11-16T08:39:01.046288+00:00
[2023-11-16T08:39:01.058+0000] {processor.py:179} INFO - Processing /home/airflow/.local/lib/python3.8/site-packages/airflow/example_dags/example_short_circuit_decorator.py took 0.052 seconds
[2023-11-16T08:39:31.150+0000] {processor.py:157} INFO - Started process (PID=1204) to work on /home/airflow/.local/lib/python3.8/site-packages/airflow/example_dags/example_short_circuit_decorator.py
[2023-11-16T08:39:31.151+0000] {processor.py:829} INFO - Processing file /home/airflow/.local/lib/python3.8/site-packages/airflow/example_dags/example_short_circuit_decorator.py for tasks to queue
[2023-11-16T08:39:31.152+0000] {logging_mixin.py:151} INFO - [2023-11-16T08:39:31.152+0000] {dagbag.py:536} INFO - Filling up the DagBag from /home/airflow/.local/lib/python3.8/site-packages/airflow/example_dags/example_short_circuit_decorator.py
[2023-11-16T08:39:31.158+0000] {processor.py:839} INFO - DAG(s) dict_keys(['example_short_circuit_decorator']) retrieved from /home/airflow/.local/lib/python3.8/site-packages/airflow/example_dags/example_short_circuit_decorator.py
[2023-11-16T08:39:31.173+0000] {logging_mixin.py:151} INFO - [2023-11-16T08:39:31.173+0000] {dag.py:2941} INFO - Sync 1 DAGs
[2023-11-16T08:39:31.187+0000] {logging_mixin.py:151} INFO - [2023-11-16T08:39:31.187+0000] {dag.py:3722} INFO - Setting next_dagrun for example_short_circuit_decorator to 2023-11-15T08:39:31.187451+00:00, run_after=2023-11-16T08:39:31.187451+00:00
[2023-11-16T08:39:31.199+0000] {processor.py:179} INFO - Processing /home/airflow/.local/lib/python3.8/site-packages/airflow/example_dags/example_short_circuit_decorator.py took 0.051 seconds
[2023-11-16T08:40:01.373+0000] {processor.py:157} INFO - Started process (PID=1258) to work on /home/airflow/.local/lib/python3.8/site-packages/airflow/example_dags/example_short_circuit_decorator.py
[2023-11-16T08:40:01.374+0000] {processor.py:829} INFO - Processing file /home/airflow/.local/lib/python3.8/site-packages/airflow/example_dags/example_short_circuit_decorator.py for tasks to queue
[2023-11-16T08:40:01.375+0000] {logging_mixin.py:151} INFO - [2023-11-16T08:40:01.375+0000] {dagbag.py:536} INFO - Filling up the DagBag from /home/airflow/.local/lib/python3.8/site-packages/airflow/example_dags/example_short_circuit_decorator.py
[2023-11-16T08:40:01.381+0000] {processor.py:839} INFO - DAG(s) dict_keys(['example_short_circuit_decorator']) retrieved from /home/airflow/.local/lib/python3.8/site-packages/airflow/example_dags/example_short_circuit_decorator.py
[2023-11-16T08:40:01.396+0000] {logging_mixin.py:151} INFO - [2023-11-16T08:40:01.396+0000] {dag.py:2941} INFO - Sync 1 DAGs
[2023-11-16T08:40:01.410+0000] {logging_mixin.py:151} INFO - [2023-11-16T08:40:01.410+0000] {dag.py:3722} INFO - Setting next_dagrun for example_short_circuit_decorator to 2023-11-15T08:40:01.410442+00:00, run_after=2023-11-16T08:40:01.410442+00:00
[2023-11-16T08:40:01.422+0000] {processor.py:179} INFO - Processing /home/airflow/.local/lib/python3.8/site-packages/airflow/example_dags/example_short_circuit_decorator.py took 0.052 seconds
[2023-11-16T08:40:32.323+0000] {processor.py:157} INFO - Started process (PID=1319) to work on /home/airflow/.local/lib/python3.8/site-packages/airflow/example_dags/example_short_circuit_decorator.py
[2023-11-16T08:40:32.324+0000] {processor.py:829} INFO - Processing file /home/airflow/.local/lib/python3.8/site-packages/airflow/example_dags/example_short_circuit_decorator.py for tasks to queue
[2023-11-16T08:40:32.326+0000] {logging_mixin.py:151} INFO - [2023-11-16T08:40:32.325+0000] {dagbag.py:536} INFO - Filling up the DagBag from /home/airflow/.local/lib/python3.8/site-packages/airflow/example_dags/example_short_circuit_decorator.py
[2023-11-16T08:40:32.331+0000] {processor.py:839} INFO - DAG(s) dict_keys(['example_short_circuit_decorator']) retrieved from /home/airflow/.local/lib/python3.8/site-packages/airflow/example_dags/example_short_circuit_decorator.py
[2023-11-16T08:40:32.346+0000] {logging_mixin.py:151} INFO - [2023-11-16T08:40:32.346+0000] {dag.py:2941} INFO - Sync 1 DAGs
[2023-11-16T08:40:32.362+0000] {logging_mixin.py:151} INFO - [2023-11-16T08:40:32.362+0000] {dag.py:3722} INFO - Setting next_dagrun for example_short_circuit_decorator to 2023-11-15T08:40:32.362196+00:00, run_after=2023-11-16T08:40:32.362196+00:00
[2023-11-16T08:40:32.376+0000] {processor.py:179} INFO - Processing /home/airflow/.local/lib/python3.8/site-packages/airflow/example_dags/example_short_circuit_decorator.py took 0.054 seconds
[2023-11-16T08:41:03.210+0000] {processor.py:157} INFO - Started process (PID=1373) to work on /home/airflow/.local/lib/python3.8/site-packages/airflow/example_dags/example_short_circuit_decorator.py
[2023-11-16T08:41:03.210+0000] {processor.py:829} INFO - Processing file /home/airflow/.local/lib/python3.8/site-packages/airflow/example_dags/example_short_circuit_decorator.py for tasks to queue
[2023-11-16T08:41:03.212+0000] {logging_mixin.py:151} INFO - [2023-11-16T08:41:03.212+0000] {dagbag.py:536} INFO - Filling up the DagBag from /home/airflow/.local/lib/python3.8/site-packages/airflow/example_dags/example_short_circuit_decorator.py
[2023-11-16T08:41:03.217+0000] {processor.py:839} INFO - DAG(s) dict_keys(['example_short_circuit_decorator']) retrieved from /home/airflow/.local/lib/python3.8/site-packages/airflow/example_dags/example_short_circuit_decorator.py
[2023-11-16T08:41:03.232+0000] {logging_mixin.py:151} INFO - [2023-11-16T08:41:03.232+0000] {dag.py:2941} INFO - Sync 1 DAGs
[2023-11-16T08:41:03.247+0000] {logging_mixin.py:151} INFO - [2023-11-16T08:41:03.247+0000] {dag.py:3722} INFO - Setting next_dagrun for example_short_circuit_decorator to 2023-11-15T08:41:03.247443+00:00, run_after=2023-11-16T08:41:03.247443+00:00
[2023-11-16T08:41:03.261+0000] {processor.py:179} INFO - Processing /home/airflow/.local/lib/python3.8/site-packages/airflow/example_dags/example_short_circuit_decorator.py took 0.053 seconds
[2023-11-16T08:41:34.294+0000] {processor.py:157} INFO - Started process (PID=1427) to work on /home/airflow/.local/lib/python3.8/site-packages/airflow/example_dags/example_short_circuit_decorator.py
[2023-11-16T08:41:34.295+0000] {processor.py:829} INFO - Processing file /home/airflow/.local/lib/python3.8/site-packages/airflow/example_dags/example_short_circuit_decorator.py for tasks to queue
[2023-11-16T08:41:34.298+0000] {logging_mixin.py:151} INFO - [2023-11-16T08:41:34.298+0000] {dagbag.py:536} INFO - Filling up the DagBag from /home/airflow/.local/lib/python3.8/site-packages/airflow/example_dags/example_short_circuit_decorator.py
[2023-11-16T08:41:34.306+0000] {processor.py:839} INFO - DAG(s) dict_keys(['example_short_circuit_decorator']) retrieved from /home/airflow/.local/lib/python3.8/site-packages/airflow/example_dags/example_short_circuit_decorator.py
[2023-11-16T08:41:34.328+0000] {logging_mixin.py:151} INFO - [2023-11-16T08:41:34.328+0000] {dag.py:2941} INFO - Sync 1 DAGs
[2023-11-16T08:41:34.351+0000] {logging_mixin.py:151} INFO - [2023-11-16T08:41:34.351+0000] {dag.py:3722} INFO - Setting next_dagrun for example_short_circuit_decorator to 2023-11-15T08:41:34.351013+00:00, run_after=2023-11-16T08:41:34.351013+00:00
[2023-11-16T08:41:34.371+0000] {processor.py:179} INFO - Processing /home/airflow/.local/lib/python3.8/site-packages/airflow/example_dags/example_short_circuit_decorator.py took 0.080 seconds
[2023-11-16T08:42:05.387+0000] {processor.py:157} INFO - Started process (PID=1481) to work on /home/airflow/.local/lib/python3.8/site-packages/airflow/example_dags/example_short_circuit_decorator.py
[2023-11-16T08:42:05.388+0000] {processor.py:829} INFO - Processing file /home/airflow/.local/lib/python3.8/site-packages/airflow/example_dags/example_short_circuit_decorator.py for tasks to queue
[2023-11-16T08:42:05.390+0000] {logging_mixin.py:151} INFO - [2023-11-16T08:42:05.390+0000] {dagbag.py:536} INFO - Filling up the DagBag from /home/airflow/.local/lib/python3.8/site-packages/airflow/example_dags/example_short_circuit_decorator.py
[2023-11-16T08:42:05.395+0000] {processor.py:839} INFO - DAG(s) dict_keys(['example_short_circuit_decorator']) retrieved from /home/airflow/.local/lib/python3.8/site-packages/airflow/example_dags/example_short_circuit_decorator.py
[2023-11-16T08:42:05.410+0000] {logging_mixin.py:151} INFO - [2023-11-16T08:42:05.410+0000] {dag.py:2941} INFO - Sync 1 DAGs
[2023-11-16T08:42:05.425+0000] {logging_mixin.py:151} INFO - [2023-11-16T08:42:05.424+0000] {dag.py:3722} INFO - Setting next_dagrun for example_short_circuit_decorator to 2023-11-15T08:42:05.424714+00:00, run_after=2023-11-16T08:42:05.424714+00:00
[2023-11-16T08:42:05.438+0000] {processor.py:179} INFO - Processing /home/airflow/.local/lib/python3.8/site-packages/airflow/example_dags/example_short_circuit_decorator.py took 0.052 seconds
[2023-11-16T08:42:36.327+0000] {processor.py:157} INFO - Started process (PID=1535) to work on /home/airflow/.local/lib/python3.8/site-packages/airflow/example_dags/example_short_circuit_decorator.py
[2023-11-16T08:42:36.327+0000] {processor.py:829} INFO - Processing file /home/airflow/.local/lib/python3.8/site-packages/airflow/example_dags/example_short_circuit_decorator.py for tasks to queue
[2023-11-16T08:42:36.329+0000] {logging_mixin.py:151} INFO - [2023-11-16T08:42:36.329+0000] {dagbag.py:536} INFO - Filling up the DagBag from /home/airflow/.local/lib/python3.8/site-packages/airflow/example_dags/example_short_circuit_decorator.py
[2023-11-16T08:42:36.334+0000] {processor.py:839} INFO - DAG(s) dict_keys(['example_short_circuit_decorator']) retrieved from /home/airflow/.local/lib/python3.8/site-packages/airflow/example_dags/example_short_circuit_decorator.py
[2023-11-16T08:42:36.349+0000] {logging_mixin.py:151} INFO - [2023-11-16T08:42:36.349+0000] {dag.py:2941} INFO - Sync 1 DAGs
[2023-11-16T08:42:36.363+0000] {logging_mixin.py:151} INFO - [2023-11-16T08:42:36.363+0000] {dag.py:3722} INFO - Setting next_dagrun for example_short_circuit_decorator to 2023-11-15T08:42:36.363531+00:00, run_after=2023-11-16T08:42:36.363531+00:00
[2023-11-16T08:42:36.377+0000] {processor.py:179} INFO - Processing /home/airflow/.local/lib/python3.8/site-packages/airflow/example_dags/example_short_circuit_decorator.py took 0.052 seconds
[2023-11-16T08:43:07.134+0000] {processor.py:157} INFO - Started process (PID=1589) to work on /home/airflow/.local/lib/python3.8/site-packages/airflow/example_dags/example_short_circuit_decorator.py
[2023-11-16T08:43:07.134+0000] {processor.py:829} INFO - Processing file /home/airflow/.local/lib/python3.8/site-packages/airflow/example_dags/example_short_circuit_decorator.py for tasks to queue
[2023-11-16T08:43:07.136+0000] {logging_mixin.py:151} INFO - [2023-11-16T08:43:07.136+0000] {dagbag.py:536} INFO - Filling up the DagBag from /home/airflow/.local/lib/python3.8/site-packages/airflow/example_dags/example_short_circuit_decorator.py
[2023-11-16T08:43:07.142+0000] {processor.py:839} INFO - DAG(s) dict_keys(['example_short_circuit_decorator']) retrieved from /home/airflow/.local/lib/python3.8/site-packages/airflow/example_dags/example_short_circuit_decorator.py
[2023-11-16T08:43:07.158+0000] {logging_mixin.py:151} INFO - [2023-11-16T08:43:07.157+0000] {dag.py:2941} INFO - Sync 1 DAGs
[2023-11-16T08:43:07.173+0000] {logging_mixin.py:151} INFO - [2023-11-16T08:43:07.173+0000] {dag.py:3722} INFO - Setting next_dagrun for example_short_circuit_decorator to 2023-11-15T08:43:07.173566+00:00, run_after=2023-11-16T08:43:07.173566+00:00
[2023-11-16T08:43:07.301+0000] {processor.py:179} INFO - Processing /home/airflow/.local/lib/python3.8/site-packages/airflow/example_dags/example_short_circuit_decorator.py took 0.169 seconds
[2023-11-16T08:43:37.663+0000] {processor.py:157} INFO - Started process (PID=1643) to work on /home/airflow/.local/lib/python3.8/site-packages/airflow/example_dags/example_short_circuit_decorator.py
[2023-11-16T08:43:37.664+0000] {processor.py:829} INFO - Processing file /home/airflow/.local/lib/python3.8/site-packages/airflow/example_dags/example_short_circuit_decorator.py for tasks to queue
[2023-11-16T08:43:37.666+0000] {logging_mixin.py:151} INFO - [2023-11-16T08:43:37.665+0000] {dagbag.py:536} INFO - Filling up the DagBag from /home/airflow/.local/lib/python3.8/site-packages/airflow/example_dags/example_short_circuit_decorator.py
[2023-11-16T08:43:37.672+0000] {processor.py:839} INFO - DAG(s) dict_keys(['example_short_circuit_decorator']) retrieved from /home/airflow/.local/lib/python3.8/site-packages/airflow/example_dags/example_short_circuit_decorator.py
[2023-11-16T08:43:37.687+0000] {logging_mixin.py:151} INFO - [2023-11-16T08:43:37.687+0000] {dag.py:2941} INFO - Sync 1 DAGs
[2023-11-16T08:43:37.704+0000] {logging_mixin.py:151} INFO - [2023-11-16T08:43:37.704+0000] {dag.py:3722} INFO - Setting next_dagrun for example_short_circuit_decorator to 2023-11-15T08:43:37.704043+00:00, run_after=2023-11-16T08:43:37.704043+00:00
[2023-11-16T08:43:37.716+0000] {processor.py:179} INFO - Processing /home/airflow/.local/lib/python3.8/site-packages/airflow/example_dags/example_short_circuit_decorator.py took 0.056 seconds
[2023-11-16T08:44:08.108+0000] {processor.py:157} INFO - Started process (PID=1697) to work on /home/airflow/.local/lib/python3.8/site-packages/airflow/example_dags/example_short_circuit_decorator.py
[2023-11-16T08:44:08.111+0000] {processor.py:829} INFO - Processing file /home/airflow/.local/lib/python3.8/site-packages/airflow/example_dags/example_short_circuit_decorator.py for tasks to queue
[2023-11-16T08:44:08.112+0000] {logging_mixin.py:151} INFO - [2023-11-16T08:44:08.112+0000] {dagbag.py:536} INFO - Filling up the DagBag from /home/airflow/.local/lib/python3.8/site-packages/airflow/example_dags/example_short_circuit_decorator.py
[2023-11-16T08:44:08.118+0000] {processor.py:839} INFO - DAG(s) dict_keys(['example_short_circuit_decorator']) retrieved from /home/airflow/.local/lib/python3.8/site-packages/airflow/example_dags/example_short_circuit_decorator.py
[2023-11-16T08:44:08.133+0000] {logging_mixin.py:151} INFO - [2023-11-16T08:44:08.133+0000] {dag.py:2941} INFO - Sync 1 DAGs
[2023-11-16T08:44:08.147+0000] {logging_mixin.py:151} INFO - [2023-11-16T08:44:08.147+0000] {dag.py:3722} INFO - Setting next_dagrun for example_short_circuit_decorator to 2023-11-15T08:44:08.147591+00:00, run_after=2023-11-16T08:44:08.147591+00:00
[2023-11-16T08:44:08.160+0000] {processor.py:179} INFO - Processing /home/airflow/.local/lib/python3.8/site-packages/airflow/example_dags/example_short_circuit_decorator.py took 0.054 seconds
[2023-11-16T08:44:38.560+0000] {processor.py:157} INFO - Started process (PID=1751) to work on /home/airflow/.local/lib/python3.8/site-packages/airflow/example_dags/example_short_circuit_decorator.py
[2023-11-16T08:44:38.560+0000] {processor.py:829} INFO - Processing file /home/airflow/.local/lib/python3.8/site-packages/airflow/example_dags/example_short_circuit_decorator.py for tasks to queue
[2023-11-16T08:44:38.562+0000] {logging_mixin.py:151} INFO - [2023-11-16T08:44:38.562+0000] {dagbag.py:536} INFO - Filling up the DagBag from /home/airflow/.local/lib/python3.8/site-packages/airflow/example_dags/example_short_circuit_decorator.py
[2023-11-16T08:44:38.567+0000] {processor.py:839} INFO - DAG(s) dict_keys(['example_short_circuit_decorator']) retrieved from /home/airflow/.local/lib/python3.8/site-packages/airflow/example_dags/example_short_circuit_decorator.py
[2023-11-16T08:44:38.582+0000] {logging_mixin.py:151} INFO - [2023-11-16T08:44:38.582+0000] {dag.py:2941} INFO - Sync 1 DAGs
[2023-11-16T08:44:38.596+0000] {logging_mixin.py:151} INFO - [2023-11-16T08:44:38.596+0000] {dag.py:3722} INFO - Setting next_dagrun for example_short_circuit_decorator to 2023-11-15T08:44:38.596601+00:00, run_after=2023-11-16T08:44:38.596601+00:00
[2023-11-16T08:44:38.608+0000] {processor.py:179} INFO - Processing /home/airflow/.local/lib/python3.8/site-packages/airflow/example_dags/example_short_circuit_decorator.py took 0.051 seconds
[2023-11-16T08:45:08.743+0000] {processor.py:157} INFO - Started process (PID=1805) to work on /home/airflow/.local/lib/python3.8/site-packages/airflow/example_dags/example_short_circuit_decorator.py
[2023-11-16T08:45:08.744+0000] {processor.py:829} INFO - Processing file /home/airflow/.local/lib/python3.8/site-packages/airflow/example_dags/example_short_circuit_decorator.py for tasks to queue
[2023-11-16T08:45:08.746+0000] {logging_mixin.py:151} INFO - [2023-11-16T08:45:08.746+0000] {dagbag.py:536} INFO - Filling up the DagBag from /home/airflow/.local/lib/python3.8/site-packages/airflow/example_dags/example_short_circuit_decorator.py
[2023-11-16T08:45:08.752+0000] {processor.py:839} INFO - DAG(s) dict_keys(['example_short_circuit_decorator']) retrieved from /home/airflow/.local/lib/python3.8/site-packages/airflow/example_dags/example_short_circuit_decorator.py
[2023-11-16T08:45:08.767+0000] {logging_mixin.py:151} INFO - [2023-11-16T08:45:08.767+0000] {dag.py:2941} INFO - Sync 1 DAGs
[2023-11-16T08:45:08.783+0000] {logging_mixin.py:151} INFO - [2023-11-16T08:45:08.782+0000] {dag.py:3722} INFO - Setting next_dagrun for example_short_circuit_decorator to 2023-11-15T08:45:08.782827+00:00, run_after=2023-11-16T08:45:08.782827+00:00
[2023-11-16T08:45:08.908+0000] {processor.py:179} INFO - Processing /home/airflow/.local/lib/python3.8/site-packages/airflow/example_dags/example_short_circuit_decorator.py took 0.166 seconds
[2023-11-16T08:45:39.256+0000] {processor.py:157} INFO - Started process (PID=1859) to work on /home/airflow/.local/lib/python3.8/site-packages/airflow/example_dags/example_short_circuit_decorator.py
[2023-11-16T08:45:39.257+0000] {processor.py:829} INFO - Processing file /home/airflow/.local/lib/python3.8/site-packages/airflow/example_dags/example_short_circuit_decorator.py for tasks to queue
[2023-11-16T08:45:39.259+0000] {logging_mixin.py:151} INFO - [2023-11-16T08:45:39.259+0000] {dagbag.py:536} INFO - Filling up the DagBag from /home/airflow/.local/lib/python3.8/site-packages/airflow/example_dags/example_short_circuit_decorator.py
[2023-11-16T08:45:39.265+0000] {processor.py:839} INFO - DAG(s) dict_keys(['example_short_circuit_decorator']) retrieved from /home/airflow/.local/lib/python3.8/site-packages/airflow/example_dags/example_short_circuit_decorator.py
[2023-11-16T08:45:39.282+0000] {logging_mixin.py:151} INFO - [2023-11-16T08:45:39.281+0000] {dag.py:2941} INFO - Sync 1 DAGs
[2023-11-16T08:45:39.298+0000] {logging_mixin.py:151} INFO - [2023-11-16T08:45:39.298+0000] {dag.py:3722} INFO - Setting next_dagrun for example_short_circuit_decorator to 2023-11-15T08:45:39.298050+00:00, run_after=2023-11-16T08:45:39.298050+00:00
[2023-11-16T08:45:39.311+0000] {processor.py:179} INFO - Processing /home/airflow/.local/lib/python3.8/site-packages/airflow/example_dags/example_short_circuit_decorator.py took 0.056 seconds
[2023-11-16T08:46:09.635+0000] {processor.py:157} INFO - Started process (PID=1913) to work on /home/airflow/.local/lib/python3.8/site-packages/airflow/example_dags/example_short_circuit_decorator.py
[2023-11-16T08:46:09.636+0000] {processor.py:829} INFO - Processing file /home/airflow/.local/lib/python3.8/site-packages/airflow/example_dags/example_short_circuit_decorator.py for tasks to queue
[2023-11-16T08:46:09.638+0000] {logging_mixin.py:151} INFO - [2023-11-16T08:46:09.637+0000] {dagbag.py:536} INFO - Filling up the DagBag from /home/airflow/.local/lib/python3.8/site-packages/airflow/example_dags/example_short_circuit_decorator.py
[2023-11-16T08:46:09.644+0000] {processor.py:839} INFO - DAG(s) dict_keys(['example_short_circuit_decorator']) retrieved from /home/airflow/.local/lib/python3.8/site-packages/airflow/example_dags/example_short_circuit_decorator.py
[2023-11-16T08:46:09.658+0000] {logging_mixin.py:151} INFO - [2023-11-16T08:46:09.658+0000] {dag.py:2941} INFO - Sync 1 DAGs
[2023-11-16T08:46:09.673+0000] {logging_mixin.py:151} INFO - [2023-11-16T08:46:09.673+0000] {dag.py:3722} INFO - Setting next_dagrun for example_short_circuit_decorator to 2023-11-15T08:46:09.673392+00:00, run_after=2023-11-16T08:46:09.673392+00:00
[2023-11-16T08:46:09.685+0000] {processor.py:179} INFO - Processing /home/airflow/.local/lib/python3.8/site-packages/airflow/example_dags/example_short_circuit_decorator.py took 0.052 seconds
