[2023-11-16T08:28:45.723+0000] {processor.py:157} INFO - Started process (PID=38) to work on /home/airflow/.local/lib/python3.8/site-packages/airflow/example_dags/example_branch_labels.py
[2023-11-16T08:28:45.725+0000] {processor.py:829} INFO - Processing file /home/airflow/.local/lib/python3.8/site-packages/airflow/example_dags/example_branch_labels.py for tasks to queue
[2023-11-16T08:28:45.749+0000] {logging_mixin.py:151} INFO - [2023-11-16T08:28:45.748+0000] {dagbag.py:536} INFO - Filling up the DagBag from /home/airflow/.local/lib/python3.8/site-packages/airflow/example_dags/example_branch_labels.py
[2023-11-16T08:28:45.814+0000] {processor.py:839} INFO - DAG(s) dict_keys(['example_branch_labels']) retrieved from /home/airflow/.local/lib/python3.8/site-packages/airflow/example_dags/example_branch_labels.py
[2023-11-16T08:28:46.687+0000] {logging_mixin.py:151} INFO - [2023-11-16T08:28:46.671+0000] {dag.py:2941} INFO - Sync 1 DAGs
[2023-11-16T08:28:46.836+0000] {logging_mixin.py:151} INFO - [2023-11-16T08:28:46.836+0000] {dag.py:3722} INFO - Setting next_dagrun for example_branch_labels to 2023-11-15T00:00:00+00:00, run_after=2023-11-16T00:00:00+00:00
[2023-11-16T08:28:46.889+0000] {processor.py:179} INFO - Processing /home/airflow/.local/lib/python3.8/site-packages/airflow/example_dags/example_branch_labels.py took 1.207 seconds
[2023-11-16T08:29:17.001+0000] {processor.py:157} INFO - Started process (PID=92) to work on /home/airflow/.local/lib/python3.8/site-packages/airflow/example_dags/example_branch_labels.py
[2023-11-16T08:29:17.002+0000] {processor.py:829} INFO - Processing file /home/airflow/.local/lib/python3.8/site-packages/airflow/example_dags/example_branch_labels.py for tasks to queue
[2023-11-16T08:29:17.003+0000] {logging_mixin.py:151} INFO - [2023-11-16T08:29:17.003+0000] {dagbag.py:536} INFO - Filling up the DagBag from /home/airflow/.local/lib/python3.8/site-packages/airflow/example_dags/example_branch_labels.py
[2023-11-16T08:29:17.008+0000] {processor.py:839} INFO - DAG(s) dict_keys(['example_branch_labels']) retrieved from /home/airflow/.local/lib/python3.8/site-packages/airflow/example_dags/example_branch_labels.py
[2023-11-16T08:29:17.042+0000] {logging_mixin.py:151} INFO - [2023-11-16T08:29:17.042+0000] {dag.py:2941} INFO - Sync 1 DAGs
[2023-11-16T08:29:17.068+0000] {logging_mixin.py:151} INFO - [2023-11-16T08:29:17.068+0000] {dag.py:3722} INFO - Setting next_dagrun for example_branch_labels to 2023-11-15T00:00:00+00:00, run_after=2023-11-16T00:00:00+00:00
[2023-11-16T08:29:17.086+0000] {processor.py:179} INFO - Processing /home/airflow/.local/lib/python3.8/site-packages/airflow/example_dags/example_branch_labels.py took 0.088 seconds
[2023-11-16T08:29:47.428+0000] {processor.py:157} INFO - Started process (PID=146) to work on /home/airflow/.local/lib/python3.8/site-packages/airflow/example_dags/example_branch_labels.py
[2023-11-16T08:29:47.429+0000] {processor.py:829} INFO - Processing file /home/airflow/.local/lib/python3.8/site-packages/airflow/example_dags/example_branch_labels.py for tasks to queue
[2023-11-16T08:29:47.434+0000] {logging_mixin.py:151} INFO - [2023-11-16T08:29:47.434+0000] {dagbag.py:536} INFO - Filling up the DagBag from /home/airflow/.local/lib/python3.8/site-packages/airflow/example_dags/example_branch_labels.py
[2023-11-16T08:29:47.451+0000] {processor.py:839} INFO - DAG(s) dict_keys(['example_branch_labels']) retrieved from /home/airflow/.local/lib/python3.8/site-packages/airflow/example_dags/example_branch_labels.py
[2023-11-16T08:29:47.507+0000] {logging_mixin.py:151} INFO - [2023-11-16T08:29:47.506+0000] {dag.py:2941} INFO - Sync 1 DAGs
[2023-11-16T08:29:47.639+0000] {logging_mixin.py:151} INFO - [2023-11-16T08:29:47.638+0000] {dag.py:3722} INFO - Setting next_dagrun for example_branch_labels to 2023-11-15T00:00:00+00:00, run_after=2023-11-16T00:00:00+00:00
[2023-11-16T08:29:47.666+0000] {processor.py:179} INFO - Processing /home/airflow/.local/lib/python3.8/site-packages/airflow/example_dags/example_branch_labels.py took 0.242 seconds
[2023-11-16T08:30:17.952+0000] {processor.py:157} INFO - Started process (PID=200) to work on /home/airflow/.local/lib/python3.8/site-packages/airflow/example_dags/example_branch_labels.py
[2023-11-16T08:30:17.953+0000] {processor.py:829} INFO - Processing file /home/airflow/.local/lib/python3.8/site-packages/airflow/example_dags/example_branch_labels.py for tasks to queue
[2023-11-16T08:30:17.955+0000] {logging_mixin.py:151} INFO - [2023-11-16T08:30:17.955+0000] {dagbag.py:536} INFO - Filling up the DagBag from /home/airflow/.local/lib/python3.8/site-packages/airflow/example_dags/example_branch_labels.py
[2023-11-16T08:30:17.960+0000] {processor.py:839} INFO - DAG(s) dict_keys(['example_branch_labels']) retrieved from /home/airflow/.local/lib/python3.8/site-packages/airflow/example_dags/example_branch_labels.py
[2023-11-16T08:30:17.974+0000] {logging_mixin.py:151} INFO - [2023-11-16T08:30:17.974+0000] {dag.py:2941} INFO - Sync 1 DAGs
[2023-11-16T08:30:17.992+0000] {logging_mixin.py:151} INFO - [2023-11-16T08:30:17.992+0000] {dag.py:3722} INFO - Setting next_dagrun for example_branch_labels to 2023-11-15T00:00:00+00:00, run_after=2023-11-16T00:00:00+00:00
[2023-11-16T08:30:18.003+0000] {processor.py:179} INFO - Processing /home/airflow/.local/lib/python3.8/site-packages/airflow/example_dags/example_branch_labels.py took 0.054 seconds
[2023-11-16T08:30:48.115+0000] {processor.py:157} INFO - Started process (PID=254) to work on /home/airflow/.local/lib/python3.8/site-packages/airflow/example_dags/example_branch_labels.py
[2023-11-16T08:30:48.115+0000] {processor.py:829} INFO - Processing file /home/airflow/.local/lib/python3.8/site-packages/airflow/example_dags/example_branch_labels.py for tasks to queue
[2023-11-16T08:30:48.117+0000] {logging_mixin.py:151} INFO - [2023-11-16T08:30:48.117+0000] {dagbag.py:536} INFO - Filling up the DagBag from /home/airflow/.local/lib/python3.8/site-packages/airflow/example_dags/example_branch_labels.py
[2023-11-16T08:30:48.122+0000] {processor.py:839} INFO - DAG(s) dict_keys(['example_branch_labels']) retrieved from /home/airflow/.local/lib/python3.8/site-packages/airflow/example_dags/example_branch_labels.py
[2023-11-16T08:30:48.138+0000] {logging_mixin.py:151} INFO - [2023-11-16T08:30:48.138+0000] {dag.py:2941} INFO - Sync 1 DAGs
[2023-11-16T08:30:48.155+0000] {logging_mixin.py:151} INFO - [2023-11-16T08:30:48.155+0000] {dag.py:3722} INFO - Setting next_dagrun for example_branch_labels to 2023-11-15T00:00:00+00:00, run_after=2023-11-16T00:00:00+00:00
[2023-11-16T08:30:48.168+0000] {processor.py:179} INFO - Processing /home/airflow/.local/lib/python3.8/site-packages/airflow/example_dags/example_branch_labels.py took 0.056 seconds
[2023-11-16T08:31:18.368+0000] {processor.py:157} INFO - Started process (PID=308) to work on /home/airflow/.local/lib/python3.8/site-packages/airflow/example_dags/example_branch_labels.py
[2023-11-16T08:31:18.369+0000] {processor.py:829} INFO - Processing file /home/airflow/.local/lib/python3.8/site-packages/airflow/example_dags/example_branch_labels.py for tasks to queue
[2023-11-16T08:31:18.370+0000] {logging_mixin.py:151} INFO - [2023-11-16T08:31:18.370+0000] {dagbag.py:536} INFO - Filling up the DagBag from /home/airflow/.local/lib/python3.8/site-packages/airflow/example_dags/example_branch_labels.py
[2023-11-16T08:31:18.375+0000] {processor.py:839} INFO - DAG(s) dict_keys(['example_branch_labels']) retrieved from /home/airflow/.local/lib/python3.8/site-packages/airflow/example_dags/example_branch_labels.py
[2023-11-16T08:31:18.389+0000] {logging_mixin.py:151} INFO - [2023-11-16T08:31:18.389+0000] {dag.py:2941} INFO - Sync 1 DAGs
[2023-11-16T08:31:18.405+0000] {logging_mixin.py:151} INFO - [2023-11-16T08:31:18.405+0000] {dag.py:3722} INFO - Setting next_dagrun for example_branch_labels to 2023-11-15T00:00:00+00:00, run_after=2023-11-16T00:00:00+00:00
[2023-11-16T08:31:18.417+0000] {processor.py:179} INFO - Processing /home/airflow/.local/lib/python3.8/site-packages/airflow/example_dags/example_branch_labels.py took 0.051 seconds
[2023-11-16T08:31:48.654+0000] {processor.py:157} INFO - Started process (PID=362) to work on /home/airflow/.local/lib/python3.8/site-packages/airflow/example_dags/example_branch_labels.py
[2023-11-16T08:31:48.655+0000] {processor.py:829} INFO - Processing file /home/airflow/.local/lib/python3.8/site-packages/airflow/example_dags/example_branch_labels.py for tasks to queue
[2023-11-16T08:31:48.657+0000] {logging_mixin.py:151} INFO - [2023-11-16T08:31:48.657+0000] {dagbag.py:536} INFO - Filling up the DagBag from /home/airflow/.local/lib/python3.8/site-packages/airflow/example_dags/example_branch_labels.py
[2023-11-16T08:31:48.665+0000] {processor.py:839} INFO - DAG(s) dict_keys(['example_branch_labels']) retrieved from /home/airflow/.local/lib/python3.8/site-packages/airflow/example_dags/example_branch_labels.py
[2023-11-16T08:31:48.687+0000] {logging_mixin.py:151} INFO - [2023-11-16T08:31:48.687+0000] {dag.py:2941} INFO - Sync 1 DAGs
[2023-11-16T08:31:48.732+0000] {logging_mixin.py:151} INFO - [2023-11-16T08:31:48.732+0000] {dag.py:3722} INFO - Setting next_dagrun for example_branch_labels to 2023-11-15T00:00:00+00:00, run_after=2023-11-16T00:00:00+00:00
[2023-11-16T08:31:48.756+0000] {processor.py:179} INFO - Processing /home/airflow/.local/lib/python3.8/site-packages/airflow/example_dags/example_branch_labels.py took 0.106 seconds
[2023-11-16T08:32:18.831+0000] {processor.py:157} INFO - Started process (PID=416) to work on /home/airflow/.local/lib/python3.8/site-packages/airflow/example_dags/example_branch_labels.py
[2023-11-16T08:32:18.832+0000] {processor.py:829} INFO - Processing file /home/airflow/.local/lib/python3.8/site-packages/airflow/example_dags/example_branch_labels.py for tasks to queue
[2023-11-16T08:32:18.834+0000] {logging_mixin.py:151} INFO - [2023-11-16T08:32:18.833+0000] {dagbag.py:536} INFO - Filling up the DagBag from /home/airflow/.local/lib/python3.8/site-packages/airflow/example_dags/example_branch_labels.py
[2023-11-16T08:32:18.838+0000] {processor.py:839} INFO - DAG(s) dict_keys(['example_branch_labels']) retrieved from /home/airflow/.local/lib/python3.8/site-packages/airflow/example_dags/example_branch_labels.py
[2023-11-16T08:32:18.852+0000] {logging_mixin.py:151} INFO - [2023-11-16T08:32:18.852+0000] {dag.py:2941} INFO - Sync 1 DAGs
[2023-11-16T08:32:18.868+0000] {logging_mixin.py:151} INFO - [2023-11-16T08:32:18.868+0000] {dag.py:3722} INFO - Setting next_dagrun for example_branch_labels to 2023-11-15T00:00:00+00:00, run_after=2023-11-16T00:00:00+00:00
[2023-11-16T08:32:18.881+0000] {processor.py:179} INFO - Processing /home/airflow/.local/lib/python3.8/site-packages/airflow/example_dags/example_branch_labels.py took 0.052 seconds
[2023-11-16T08:32:49.113+0000] {processor.py:157} INFO - Started process (PID=470) to work on /home/airflow/.local/lib/python3.8/site-packages/airflow/example_dags/example_branch_labels.py
[2023-11-16T08:32:49.115+0000] {processor.py:829} INFO - Processing file /home/airflow/.local/lib/python3.8/site-packages/airflow/example_dags/example_branch_labels.py for tasks to queue
[2023-11-16T08:32:49.116+0000] {logging_mixin.py:151} INFO - [2023-11-16T08:32:49.116+0000] {dagbag.py:536} INFO - Filling up the DagBag from /home/airflow/.local/lib/python3.8/site-packages/airflow/example_dags/example_branch_labels.py
[2023-11-16T08:32:49.121+0000] {processor.py:839} INFO - DAG(s) dict_keys(['example_branch_labels']) retrieved from /home/airflow/.local/lib/python3.8/site-packages/airflow/example_dags/example_branch_labels.py
[2023-11-16T08:32:49.135+0000] {logging_mixin.py:151} INFO - [2023-11-16T08:32:49.135+0000] {dag.py:2941} INFO - Sync 1 DAGs
[2023-11-16T08:32:49.150+0000] {logging_mixin.py:151} INFO - [2023-11-16T08:32:49.150+0000] {dag.py:3722} INFO - Setting next_dagrun for example_branch_labels to 2023-11-15T00:00:00+00:00, run_after=2023-11-16T00:00:00+00:00
[2023-11-16T08:32:49.163+0000] {processor.py:179} INFO - Processing /home/airflow/.local/lib/python3.8/site-packages/airflow/example_dags/example_branch_labels.py took 0.051 seconds
[2023-11-16T08:33:19.507+0000] {processor.py:157} INFO - Started process (PID=524) to work on /home/airflow/.local/lib/python3.8/site-packages/airflow/example_dags/example_branch_labels.py
[2023-11-16T08:33:19.516+0000] {processor.py:829} INFO - Processing file /home/airflow/.local/lib/python3.8/site-packages/airflow/example_dags/example_branch_labels.py for tasks to queue
[2023-11-16T08:33:19.518+0000] {logging_mixin.py:151} INFO - [2023-11-16T08:33:19.517+0000] {dagbag.py:536} INFO - Filling up the DagBag from /home/airflow/.local/lib/python3.8/site-packages/airflow/example_dags/example_branch_labels.py
[2023-11-16T08:33:19.526+0000] {processor.py:839} INFO - DAG(s) dict_keys(['example_branch_labels']) retrieved from /home/airflow/.local/lib/python3.8/site-packages/airflow/example_dags/example_branch_labels.py
[2023-11-16T08:33:19.543+0000] {logging_mixin.py:151} INFO - [2023-11-16T08:33:19.542+0000] {dag.py:2941} INFO - Sync 1 DAGs
[2023-11-16T08:33:19.560+0000] {logging_mixin.py:151} INFO - [2023-11-16T08:33:19.560+0000] {dag.py:3722} INFO - Setting next_dagrun for example_branch_labels to 2023-11-15T00:00:00+00:00, run_after=2023-11-16T00:00:00+00:00
[2023-11-16T08:33:19.574+0000] {processor.py:179} INFO - Processing /home/airflow/.local/lib/python3.8/site-packages/airflow/example_dags/example_branch_labels.py took 0.069 seconds
[2023-11-16T08:33:49.667+0000] {processor.py:157} INFO - Started process (PID=579) to work on /home/airflow/.local/lib/python3.8/site-packages/airflow/example_dags/example_branch_labels.py
[2023-11-16T08:33:49.668+0000] {processor.py:829} INFO - Processing file /home/airflow/.local/lib/python3.8/site-packages/airflow/example_dags/example_branch_labels.py for tasks to queue
[2023-11-16T08:33:49.669+0000] {logging_mixin.py:151} INFO - [2023-11-16T08:33:49.669+0000] {dagbag.py:536} INFO - Filling up the DagBag from /home/airflow/.local/lib/python3.8/site-packages/airflow/example_dags/example_branch_labels.py
[2023-11-16T08:33:49.674+0000] {processor.py:839} INFO - DAG(s) dict_keys(['example_branch_labels']) retrieved from /home/airflow/.local/lib/python3.8/site-packages/airflow/example_dags/example_branch_labels.py
[2023-11-16T08:33:49.688+0000] {logging_mixin.py:151} INFO - [2023-11-16T08:33:49.688+0000] {dag.py:2941} INFO - Sync 1 DAGs
[2023-11-16T08:33:49.705+0000] {logging_mixin.py:151} INFO - [2023-11-16T08:33:49.705+0000] {dag.py:3722} INFO - Setting next_dagrun for example_branch_labels to 2023-11-15T00:00:00+00:00, run_after=2023-11-16T00:00:00+00:00
[2023-11-16T08:33:49.718+0000] {processor.py:179} INFO - Processing /home/airflow/.local/lib/python3.8/site-packages/airflow/example_dags/example_branch_labels.py took 0.053 seconds
[2023-11-16T08:34:19.866+0000] {processor.py:157} INFO - Started process (PID=632) to work on /home/airflow/.local/lib/python3.8/site-packages/airflow/example_dags/example_branch_labels.py
[2023-11-16T08:34:19.867+0000] {processor.py:829} INFO - Processing file /home/airflow/.local/lib/python3.8/site-packages/airflow/example_dags/example_branch_labels.py for tasks to queue
[2023-11-16T08:34:19.869+0000] {logging_mixin.py:151} INFO - [2023-11-16T08:34:19.869+0000] {dagbag.py:536} INFO - Filling up the DagBag from /home/airflow/.local/lib/python3.8/site-packages/airflow/example_dags/example_branch_labels.py
[2023-11-16T08:34:19.874+0000] {processor.py:839} INFO - DAG(s) dict_keys(['example_branch_labels']) retrieved from /home/airflow/.local/lib/python3.8/site-packages/airflow/example_dags/example_branch_labels.py
[2023-11-16T08:34:19.890+0000] {logging_mixin.py:151} INFO - [2023-11-16T08:34:19.890+0000] {dag.py:2941} INFO - Sync 1 DAGs
[2023-11-16T08:34:19.909+0000] {logging_mixin.py:151} INFO - [2023-11-16T08:34:19.909+0000] {dag.py:3722} INFO - Setting next_dagrun for example_branch_labels to 2023-11-15T00:00:00+00:00, run_after=2023-11-16T00:00:00+00:00
[2023-11-16T08:34:19.924+0000] {processor.py:179} INFO - Processing /home/airflow/.local/lib/python3.8/site-packages/airflow/example_dags/example_branch_labels.py took 0.060 seconds
[2023-11-16T08:34:50.240+0000] {processor.py:157} INFO - Started process (PID=686) to work on /home/airflow/.local/lib/python3.8/site-packages/airflow/example_dags/example_branch_labels.py
[2023-11-16T08:34:50.241+0000] {processor.py:829} INFO - Processing file /home/airflow/.local/lib/python3.8/site-packages/airflow/example_dags/example_branch_labels.py for tasks to queue
[2023-11-16T08:34:50.242+0000] {logging_mixin.py:151} INFO - [2023-11-16T08:34:50.242+0000] {dagbag.py:536} INFO - Filling up the DagBag from /home/airflow/.local/lib/python3.8/site-packages/airflow/example_dags/example_branch_labels.py
[2023-11-16T08:34:50.247+0000] {processor.py:839} INFO - DAG(s) dict_keys(['example_branch_labels']) retrieved from /home/airflow/.local/lib/python3.8/site-packages/airflow/example_dags/example_branch_labels.py
[2023-11-16T08:34:50.266+0000] {logging_mixin.py:151} INFO - [2023-11-16T08:34:50.265+0000] {dag.py:2941} INFO - Sync 1 DAGs
[2023-11-16T08:34:50.284+0000] {logging_mixin.py:151} INFO - [2023-11-16T08:34:50.283+0000] {dag.py:3722} INFO - Setting next_dagrun for example_branch_labels to 2023-11-15T00:00:00+00:00, run_after=2023-11-16T00:00:00+00:00
[2023-11-16T08:34:50.297+0000] {processor.py:179} INFO - Processing /home/airflow/.local/lib/python3.8/site-packages/airflow/example_dags/example_branch_labels.py took 0.060 seconds
[2023-11-16T08:35:20.335+0000] {processor.py:157} INFO - Started process (PID=740) to work on /home/airflow/.local/lib/python3.8/site-packages/airflow/example_dags/example_branch_labels.py
[2023-11-16T08:35:20.337+0000] {processor.py:829} INFO - Processing file /home/airflow/.local/lib/python3.8/site-packages/airflow/example_dags/example_branch_labels.py for tasks to queue
[2023-11-16T08:35:20.338+0000] {logging_mixin.py:151} INFO - [2023-11-16T08:35:20.338+0000] {dagbag.py:536} INFO - Filling up the DagBag from /home/airflow/.local/lib/python3.8/site-packages/airflow/example_dags/example_branch_labels.py
[2023-11-16T08:35:20.343+0000] {processor.py:839} INFO - DAG(s) dict_keys(['example_branch_labels']) retrieved from /home/airflow/.local/lib/python3.8/site-packages/airflow/example_dags/example_branch_labels.py
[2023-11-16T08:35:20.357+0000] {logging_mixin.py:151} INFO - [2023-11-16T08:35:20.356+0000] {dag.py:2941} INFO - Sync 1 DAGs
[2023-11-16T08:35:20.373+0000] {logging_mixin.py:151} INFO - [2023-11-16T08:35:20.373+0000] {dag.py:3722} INFO - Setting next_dagrun for example_branch_labels to 2023-11-15T00:00:00+00:00, run_after=2023-11-16T00:00:00+00:00
[2023-11-16T08:35:20.384+0000] {processor.py:179} INFO - Processing /home/airflow/.local/lib/python3.8/site-packages/airflow/example_dags/example_branch_labels.py took 0.052 seconds
[2023-11-16T08:35:50.467+0000] {processor.py:157} INFO - Started process (PID=794) to work on /home/airflow/.local/lib/python3.8/site-packages/airflow/example_dags/example_branch_labels.py
[2023-11-16T08:35:50.469+0000] {processor.py:829} INFO - Processing file /home/airflow/.local/lib/python3.8/site-packages/airflow/example_dags/example_branch_labels.py for tasks to queue
[2023-11-16T08:35:50.470+0000] {logging_mixin.py:151} INFO - [2023-11-16T08:35:50.470+0000] {dagbag.py:536} INFO - Filling up the DagBag from /home/airflow/.local/lib/python3.8/site-packages/airflow/example_dags/example_branch_labels.py
[2023-11-16T08:35:50.475+0000] {processor.py:839} INFO - DAG(s) dict_keys(['example_branch_labels']) retrieved from /home/airflow/.local/lib/python3.8/site-packages/airflow/example_dags/example_branch_labels.py
[2023-11-16T08:35:50.489+0000] {logging_mixin.py:151} INFO - [2023-11-16T08:35:50.489+0000] {dag.py:2941} INFO - Sync 1 DAGs
[2023-11-16T08:35:50.505+0000] {logging_mixin.py:151} INFO - [2023-11-16T08:35:50.505+0000] {dag.py:3722} INFO - Setting next_dagrun for example_branch_labels to 2023-11-15T00:00:00+00:00, run_after=2023-11-16T00:00:00+00:00
[2023-11-16T08:35:50.518+0000] {processor.py:179} INFO - Processing /home/airflow/.local/lib/python3.8/site-packages/airflow/example_dags/example_branch_labels.py took 0.052 seconds
[2023-11-16T08:36:20.567+0000] {processor.py:157} INFO - Started process (PID=848) to work on /home/airflow/.local/lib/python3.8/site-packages/airflow/example_dags/example_branch_labels.py
[2023-11-16T08:36:20.569+0000] {processor.py:829} INFO - Processing file /home/airflow/.local/lib/python3.8/site-packages/airflow/example_dags/example_branch_labels.py for tasks to queue
[2023-11-16T08:36:20.570+0000] {logging_mixin.py:151} INFO - [2023-11-16T08:36:20.570+0000] {dagbag.py:536} INFO - Filling up the DagBag from /home/airflow/.local/lib/python3.8/site-packages/airflow/example_dags/example_branch_labels.py
[2023-11-16T08:36:20.575+0000] {processor.py:839} INFO - DAG(s) dict_keys(['example_branch_labels']) retrieved from /home/airflow/.local/lib/python3.8/site-packages/airflow/example_dags/example_branch_labels.py
[2023-11-16T08:36:20.588+0000] {logging_mixin.py:151} INFO - [2023-11-16T08:36:20.588+0000] {dag.py:2941} INFO - Sync 1 DAGs
[2023-11-16T08:36:20.604+0000] {logging_mixin.py:151} INFO - [2023-11-16T08:36:20.604+0000] {dag.py:3722} INFO - Setting next_dagrun for example_branch_labels to 2023-11-15T00:00:00+00:00, run_after=2023-11-16T00:00:00+00:00
[2023-11-16T08:36:20.615+0000] {processor.py:179} INFO - Processing /home/airflow/.local/lib/python3.8/site-packages/airflow/example_dags/example_branch_labels.py took 0.050 seconds
[2023-11-16T08:36:50.722+0000] {processor.py:157} INFO - Started process (PID=902) to work on /home/airflow/.local/lib/python3.8/site-packages/airflow/example_dags/example_branch_labels.py
[2023-11-16T08:36:50.723+0000] {processor.py:829} INFO - Processing file /home/airflow/.local/lib/python3.8/site-packages/airflow/example_dags/example_branch_labels.py for tasks to queue
[2023-11-16T08:36:50.724+0000] {logging_mixin.py:151} INFO - [2023-11-16T08:36:50.724+0000] {dagbag.py:536} INFO - Filling up the DagBag from /home/airflow/.local/lib/python3.8/site-packages/airflow/example_dags/example_branch_labels.py
[2023-11-16T08:36:50.729+0000] {processor.py:839} INFO - DAG(s) dict_keys(['example_branch_labels']) retrieved from /home/airflow/.local/lib/python3.8/site-packages/airflow/example_dags/example_branch_labels.py
[2023-11-16T08:36:50.744+0000] {logging_mixin.py:151} INFO - [2023-11-16T08:36:50.744+0000] {dag.py:2941} INFO - Sync 1 DAGs
[2023-11-16T08:36:50.761+0000] {logging_mixin.py:151} INFO - [2023-11-16T08:36:50.761+0000] {dag.py:3722} INFO - Setting next_dagrun for example_branch_labels to 2023-11-15T00:00:00+00:00, run_after=2023-11-16T00:00:00+00:00
[2023-11-16T08:36:50.775+0000] {processor.py:179} INFO - Processing /home/airflow/.local/lib/python3.8/site-packages/airflow/example_dags/example_branch_labels.py took 0.056 seconds
[2023-11-16T08:37:20.936+0000] {processor.py:157} INFO - Started process (PID=956) to work on /home/airflow/.local/lib/python3.8/site-packages/airflow/example_dags/example_branch_labels.py
[2023-11-16T08:37:20.937+0000] {processor.py:829} INFO - Processing file /home/airflow/.local/lib/python3.8/site-packages/airflow/example_dags/example_branch_labels.py for tasks to queue
[2023-11-16T08:37:20.939+0000] {logging_mixin.py:151} INFO - [2023-11-16T08:37:20.938+0000] {dagbag.py:536} INFO - Filling up the DagBag from /home/airflow/.local/lib/python3.8/site-packages/airflow/example_dags/example_branch_labels.py
[2023-11-16T08:37:20.944+0000] {processor.py:839} INFO - DAG(s) dict_keys(['example_branch_labels']) retrieved from /home/airflow/.local/lib/python3.8/site-packages/airflow/example_dags/example_branch_labels.py
[2023-11-16T08:37:20.960+0000] {logging_mixin.py:151} INFO - [2023-11-16T08:37:20.959+0000] {dag.py:2941} INFO - Sync 1 DAGs
[2023-11-16T08:37:20.977+0000] {logging_mixin.py:151} INFO - [2023-11-16T08:37:20.976+0000] {dag.py:3722} INFO - Setting next_dagrun for example_branch_labels to 2023-11-15T00:00:00+00:00, run_after=2023-11-16T00:00:00+00:00
[2023-11-16T08:37:20.990+0000] {processor.py:179} INFO - Processing /home/airflow/.local/lib/python3.8/site-packages/airflow/example_dags/example_branch_labels.py took 0.056 seconds
[2023-11-16T08:37:51.191+0000] {processor.py:157} INFO - Started process (PID=1010) to work on /home/airflow/.local/lib/python3.8/site-packages/airflow/example_dags/example_branch_labels.py
[2023-11-16T08:37:51.192+0000] {processor.py:829} INFO - Processing file /home/airflow/.local/lib/python3.8/site-packages/airflow/example_dags/example_branch_labels.py for tasks to queue
[2023-11-16T08:37:51.193+0000] {logging_mixin.py:151} INFO - [2023-11-16T08:37:51.193+0000] {dagbag.py:536} INFO - Filling up the DagBag from /home/airflow/.local/lib/python3.8/site-packages/airflow/example_dags/example_branch_labels.py
[2023-11-16T08:37:51.198+0000] {processor.py:839} INFO - DAG(s) dict_keys(['example_branch_labels']) retrieved from /home/airflow/.local/lib/python3.8/site-packages/airflow/example_dags/example_branch_labels.py
[2023-11-16T08:37:51.213+0000] {logging_mixin.py:151} INFO - [2023-11-16T08:37:51.213+0000] {dag.py:2941} INFO - Sync 1 DAGs
[2023-11-16T08:37:51.230+0000] {logging_mixin.py:151} INFO - [2023-11-16T08:37:51.230+0000] {dag.py:3722} INFO - Setting next_dagrun for example_branch_labels to 2023-11-15T00:00:00+00:00, run_after=2023-11-16T00:00:00+00:00
[2023-11-16T08:37:51.246+0000] {processor.py:179} INFO - Processing /home/airflow/.local/lib/python3.8/site-packages/airflow/example_dags/example_branch_labels.py took 0.057 seconds
[2023-11-16T08:38:21.432+0000] {processor.py:157} INFO - Started process (PID=1064) to work on /home/airflow/.local/lib/python3.8/site-packages/airflow/example_dags/example_branch_labels.py
[2023-11-16T08:38:21.434+0000] {processor.py:829} INFO - Processing file /home/airflow/.local/lib/python3.8/site-packages/airflow/example_dags/example_branch_labels.py for tasks to queue
[2023-11-16T08:38:21.435+0000] {logging_mixin.py:151} INFO - [2023-11-16T08:38:21.435+0000] {dagbag.py:536} INFO - Filling up the DagBag from /home/airflow/.local/lib/python3.8/site-packages/airflow/example_dags/example_branch_labels.py
[2023-11-16T08:38:21.441+0000] {processor.py:839} INFO - DAG(s) dict_keys(['example_branch_labels']) retrieved from /home/airflow/.local/lib/python3.8/site-packages/airflow/example_dags/example_branch_labels.py
[2023-11-16T08:38:21.458+0000] {logging_mixin.py:151} INFO - [2023-11-16T08:38:21.458+0000] {dag.py:2941} INFO - Sync 1 DAGs
[2023-11-16T08:38:21.480+0000] {logging_mixin.py:151} INFO - [2023-11-16T08:38:21.479+0000] {dag.py:3722} INFO - Setting next_dagrun for example_branch_labels to 2023-11-15T00:00:00+00:00, run_after=2023-11-16T00:00:00+00:00
[2023-11-16T08:38:21.497+0000] {processor.py:179} INFO - Processing /home/airflow/.local/lib/python3.8/site-packages/airflow/example_dags/example_branch_labels.py took 0.067 seconds
[2023-11-16T08:38:51.867+0000] {processor.py:157} INFO - Started process (PID=1118) to work on /home/airflow/.local/lib/python3.8/site-packages/airflow/example_dags/example_branch_labels.py
[2023-11-16T08:38:51.868+0000] {processor.py:829} INFO - Processing file /home/airflow/.local/lib/python3.8/site-packages/airflow/example_dags/example_branch_labels.py for tasks to queue
[2023-11-16T08:38:51.869+0000] {logging_mixin.py:151} INFO - [2023-11-16T08:38:51.869+0000] {dagbag.py:536} INFO - Filling up the DagBag from /home/airflow/.local/lib/python3.8/site-packages/airflow/example_dags/example_branch_labels.py
[2023-11-16T08:38:51.874+0000] {processor.py:839} INFO - DAG(s) dict_keys(['example_branch_labels']) retrieved from /home/airflow/.local/lib/python3.8/site-packages/airflow/example_dags/example_branch_labels.py
[2023-11-16T08:38:51.888+0000] {logging_mixin.py:151} INFO - [2023-11-16T08:38:51.887+0000] {dag.py:2941} INFO - Sync 1 DAGs
[2023-11-16T08:38:51.903+0000] {logging_mixin.py:151} INFO - [2023-11-16T08:38:51.903+0000] {dag.py:3722} INFO - Setting next_dagrun for example_branch_labels to 2023-11-15T00:00:00+00:00, run_after=2023-11-16T00:00:00+00:00
[2023-11-16T08:38:51.915+0000] {processor.py:179} INFO - Processing /home/airflow/.local/lib/python3.8/site-packages/airflow/example_dags/example_branch_labels.py took 0.050 seconds
[2023-11-16T08:39:21.958+0000] {processor.py:157} INFO - Started process (PID=1172) to work on /home/airflow/.local/lib/python3.8/site-packages/airflow/example_dags/example_branch_labels.py
[2023-11-16T08:39:21.959+0000] {processor.py:829} INFO - Processing file /home/airflow/.local/lib/python3.8/site-packages/airflow/example_dags/example_branch_labels.py for tasks to queue
[2023-11-16T08:39:21.960+0000] {logging_mixin.py:151} INFO - [2023-11-16T08:39:21.960+0000] {dagbag.py:536} INFO - Filling up the DagBag from /home/airflow/.local/lib/python3.8/site-packages/airflow/example_dags/example_branch_labels.py
[2023-11-16T08:39:21.965+0000] {processor.py:839} INFO - DAG(s) dict_keys(['example_branch_labels']) retrieved from /home/airflow/.local/lib/python3.8/site-packages/airflow/example_dags/example_branch_labels.py
[2023-11-16T08:39:21.979+0000] {logging_mixin.py:151} INFO - [2023-11-16T08:39:21.978+0000] {dag.py:2941} INFO - Sync 1 DAGs
[2023-11-16T08:39:21.995+0000] {logging_mixin.py:151} INFO - [2023-11-16T08:39:21.995+0000] {dag.py:3722} INFO - Setting next_dagrun for example_branch_labels to 2023-11-15T00:00:00+00:00, run_after=2023-11-16T00:00:00+00:00
[2023-11-16T08:39:22.007+0000] {processor.py:179} INFO - Processing /home/airflow/.local/lib/python3.8/site-packages/airflow/example_dags/example_branch_labels.py took 0.052 seconds
[2023-11-16T08:39:52.043+0000] {processor.py:157} INFO - Started process (PID=1226) to work on /home/airflow/.local/lib/python3.8/site-packages/airflow/example_dags/example_branch_labels.py
[2023-11-16T08:39:52.044+0000] {processor.py:829} INFO - Processing file /home/airflow/.local/lib/python3.8/site-packages/airflow/example_dags/example_branch_labels.py for tasks to queue
[2023-11-16T08:39:52.046+0000] {logging_mixin.py:151} INFO - [2023-11-16T08:39:52.046+0000] {dagbag.py:536} INFO - Filling up the DagBag from /home/airflow/.local/lib/python3.8/site-packages/airflow/example_dags/example_branch_labels.py
[2023-11-16T08:39:52.051+0000] {processor.py:839} INFO - DAG(s) dict_keys(['example_branch_labels']) retrieved from /home/airflow/.local/lib/python3.8/site-packages/airflow/example_dags/example_branch_labels.py
[2023-11-16T08:39:52.065+0000] {logging_mixin.py:151} INFO - [2023-11-16T08:39:52.065+0000] {dag.py:2941} INFO - Sync 1 DAGs
[2023-11-16T08:39:52.083+0000] {logging_mixin.py:151} INFO - [2023-11-16T08:39:52.083+0000] {dag.py:3722} INFO - Setting next_dagrun for example_branch_labels to 2023-11-15T00:00:00+00:00, run_after=2023-11-16T00:00:00+00:00
[2023-11-16T08:39:52.095+0000] {processor.py:179} INFO - Processing /home/airflow/.local/lib/python3.8/site-packages/airflow/example_dags/example_branch_labels.py took 0.054 seconds
[2023-11-16T08:40:22.207+0000] {processor.py:157} INFO - Started process (PID=1280) to work on /home/airflow/.local/lib/python3.8/site-packages/airflow/example_dags/example_branch_labels.py
[2023-11-16T08:40:22.208+0000] {processor.py:829} INFO - Processing file /home/airflow/.local/lib/python3.8/site-packages/airflow/example_dags/example_branch_labels.py for tasks to queue
[2023-11-16T08:40:22.210+0000] {logging_mixin.py:151} INFO - [2023-11-16T08:40:22.210+0000] {dagbag.py:536} INFO - Filling up the DagBag from /home/airflow/.local/lib/python3.8/site-packages/airflow/example_dags/example_branch_labels.py
[2023-11-16T08:40:22.219+0000] {processor.py:839} INFO - DAG(s) dict_keys(['example_branch_labels']) retrieved from /home/airflow/.local/lib/python3.8/site-packages/airflow/example_dags/example_branch_labels.py
[2023-11-16T08:40:22.237+0000] {logging_mixin.py:151} INFO - [2023-11-16T08:40:22.237+0000] {dag.py:2941} INFO - Sync 1 DAGs
[2023-11-16T08:40:22.257+0000] {logging_mixin.py:151} INFO - [2023-11-16T08:40:22.257+0000] {dag.py:3722} INFO - Setting next_dagrun for example_branch_labels to 2023-11-15T00:00:00+00:00, run_after=2023-11-16T00:00:00+00:00
[2023-11-16T08:40:22.273+0000] {processor.py:179} INFO - Processing /home/airflow/.local/lib/python3.8/site-packages/airflow/example_dags/example_branch_labels.py took 0.069 seconds
[2023-11-16T08:40:53.061+0000] {processor.py:157} INFO - Started process (PID=1334) to work on /home/airflow/.local/lib/python3.8/site-packages/airflow/example_dags/example_branch_labels.py
[2023-11-16T08:40:53.062+0000] {processor.py:829} INFO - Processing file /home/airflow/.local/lib/python3.8/site-packages/airflow/example_dags/example_branch_labels.py for tasks to queue
[2023-11-16T08:40:53.064+0000] {logging_mixin.py:151} INFO - [2023-11-16T08:40:53.063+0000] {dagbag.py:536} INFO - Filling up the DagBag from /home/airflow/.local/lib/python3.8/site-packages/airflow/example_dags/example_branch_labels.py
[2023-11-16T08:40:53.069+0000] {processor.py:839} INFO - DAG(s) dict_keys(['example_branch_labels']) retrieved from /home/airflow/.local/lib/python3.8/site-packages/airflow/example_dags/example_branch_labels.py
[2023-11-16T08:40:53.086+0000] {logging_mixin.py:151} INFO - [2023-11-16T08:40:53.086+0000] {dag.py:2941} INFO - Sync 1 DAGs
[2023-11-16T08:40:53.102+0000] {logging_mixin.py:151} INFO - [2023-11-16T08:40:53.102+0000] {dag.py:3722} INFO - Setting next_dagrun for example_branch_labels to 2023-11-15T00:00:00+00:00, run_after=2023-11-16T00:00:00+00:00
[2023-11-16T08:40:53.114+0000] {processor.py:179} INFO - Processing /home/airflow/.local/lib/python3.8/site-packages/airflow/example_dags/example_branch_labels.py took 0.055 seconds
[2023-11-16T08:41:23.209+0000] {processor.py:157} INFO - Started process (PID=1389) to work on /home/airflow/.local/lib/python3.8/site-packages/airflow/example_dags/example_branch_labels.py
[2023-11-16T08:41:23.210+0000] {processor.py:829} INFO - Processing file /home/airflow/.local/lib/python3.8/site-packages/airflow/example_dags/example_branch_labels.py for tasks to queue
[2023-11-16T08:41:23.211+0000] {logging_mixin.py:151} INFO - [2023-11-16T08:41:23.211+0000] {dagbag.py:536} INFO - Filling up the DagBag from /home/airflow/.local/lib/python3.8/site-packages/airflow/example_dags/example_branch_labels.py
[2023-11-16T08:41:23.217+0000] {processor.py:839} INFO - DAG(s) dict_keys(['example_branch_labels']) retrieved from /home/airflow/.local/lib/python3.8/site-packages/airflow/example_dags/example_branch_labels.py
[2023-11-16T08:41:23.231+0000] {logging_mixin.py:151} INFO - [2023-11-16T08:41:23.231+0000] {dag.py:2941} INFO - Sync 1 DAGs
[2023-11-16T08:41:23.248+0000] {logging_mixin.py:151} INFO - [2023-11-16T08:41:23.247+0000] {dag.py:3722} INFO - Setting next_dagrun for example_branch_labels to 2023-11-15T00:00:00+00:00, run_after=2023-11-16T00:00:00+00:00
[2023-11-16T08:41:23.261+0000] {processor.py:179} INFO - Processing /home/airflow/.local/lib/python3.8/site-packages/airflow/example_dags/example_branch_labels.py took 0.054 seconds
[2023-11-16T08:41:53.425+0000] {processor.py:157} INFO - Started process (PID=1442) to work on /home/airflow/.local/lib/python3.8/site-packages/airflow/example_dags/example_branch_labels.py
[2023-11-16T08:41:53.426+0000] {processor.py:829} INFO - Processing file /home/airflow/.local/lib/python3.8/site-packages/airflow/example_dags/example_branch_labels.py for tasks to queue
[2023-11-16T08:41:53.427+0000] {logging_mixin.py:151} INFO - [2023-11-16T08:41:53.427+0000] {dagbag.py:536} INFO - Filling up the DagBag from /home/airflow/.local/lib/python3.8/site-packages/airflow/example_dags/example_branch_labels.py
[2023-11-16T08:41:53.432+0000] {processor.py:839} INFO - DAG(s) dict_keys(['example_branch_labels']) retrieved from /home/airflow/.local/lib/python3.8/site-packages/airflow/example_dags/example_branch_labels.py
[2023-11-16T08:41:53.447+0000] {logging_mixin.py:151} INFO - [2023-11-16T08:41:53.447+0000] {dag.py:2941} INFO - Sync 1 DAGs
[2023-11-16T08:41:53.465+0000] {logging_mixin.py:151} INFO - [2023-11-16T08:41:53.464+0000] {dag.py:3722} INFO - Setting next_dagrun for example_branch_labels to 2023-11-15T00:00:00+00:00, run_after=2023-11-16T00:00:00+00:00
[2023-11-16T08:41:53.477+0000] {processor.py:179} INFO - Processing /home/airflow/.local/lib/python3.8/site-packages/airflow/example_dags/example_branch_labels.py took 0.054 seconds
[2023-11-16T08:42:24.278+0000] {processor.py:157} INFO - Started process (PID=1496) to work on /home/airflow/.local/lib/python3.8/site-packages/airflow/example_dags/example_branch_labels.py
[2023-11-16T08:42:24.279+0000] {processor.py:829} INFO - Processing file /home/airflow/.local/lib/python3.8/site-packages/airflow/example_dags/example_branch_labels.py for tasks to queue
[2023-11-16T08:42:24.281+0000] {logging_mixin.py:151} INFO - [2023-11-16T08:42:24.280+0000] {dagbag.py:536} INFO - Filling up the DagBag from /home/airflow/.local/lib/python3.8/site-packages/airflow/example_dags/example_branch_labels.py
[2023-11-16T08:42:24.285+0000] {processor.py:839} INFO - DAG(s) dict_keys(['example_branch_labels']) retrieved from /home/airflow/.local/lib/python3.8/site-packages/airflow/example_dags/example_branch_labels.py
[2023-11-16T08:42:24.299+0000] {logging_mixin.py:151} INFO - [2023-11-16T08:42:24.298+0000] {dag.py:2941} INFO - Sync 1 DAGs
[2023-11-16T08:42:24.314+0000] {logging_mixin.py:151} INFO - [2023-11-16T08:42:24.314+0000] {dag.py:3722} INFO - Setting next_dagrun for example_branch_labels to 2023-11-15T00:00:00+00:00, run_after=2023-11-16T00:00:00+00:00
[2023-11-16T08:42:24.326+0000] {processor.py:179} INFO - Processing /home/airflow/.local/lib/python3.8/site-packages/airflow/example_dags/example_branch_labels.py took 0.050 seconds
[2023-11-16T08:42:55.124+0000] {processor.py:157} INFO - Started process (PID=1550) to work on /home/airflow/.local/lib/python3.8/site-packages/airflow/example_dags/example_branch_labels.py
[2023-11-16T08:42:55.124+0000] {processor.py:829} INFO - Processing file /home/airflow/.local/lib/python3.8/site-packages/airflow/example_dags/example_branch_labels.py for tasks to queue
[2023-11-16T08:42:55.126+0000] {logging_mixin.py:151} INFO - [2023-11-16T08:42:55.126+0000] {dagbag.py:536} INFO - Filling up the DagBag from /home/airflow/.local/lib/python3.8/site-packages/airflow/example_dags/example_branch_labels.py
[2023-11-16T08:42:55.131+0000] {processor.py:839} INFO - DAG(s) dict_keys(['example_branch_labels']) retrieved from /home/airflow/.local/lib/python3.8/site-packages/airflow/example_dags/example_branch_labels.py
[2023-11-16T08:42:55.144+0000] {logging_mixin.py:151} INFO - [2023-11-16T08:42:55.144+0000] {dag.py:2941} INFO - Sync 1 DAGs
[2023-11-16T08:42:55.159+0000] {logging_mixin.py:151} INFO - [2023-11-16T08:42:55.159+0000] {dag.py:3722} INFO - Setting next_dagrun for example_branch_labels to 2023-11-15T00:00:00+00:00, run_after=2023-11-16T00:00:00+00:00
[2023-11-16T08:42:55.170+0000] {processor.py:179} INFO - Processing /home/airflow/.local/lib/python3.8/site-packages/airflow/example_dags/example_branch_labels.py took 0.049 seconds
[2023-11-16T08:43:25.592+0000] {processor.py:157} INFO - Started process (PID=1604) to work on /home/airflow/.local/lib/python3.8/site-packages/airflow/example_dags/example_branch_labels.py
[2023-11-16T08:43:25.593+0000] {processor.py:829} INFO - Processing file /home/airflow/.local/lib/python3.8/site-packages/airflow/example_dags/example_branch_labels.py for tasks to queue
[2023-11-16T08:43:25.594+0000] {logging_mixin.py:151} INFO - [2023-11-16T08:43:25.594+0000] {dagbag.py:536} INFO - Filling up the DagBag from /home/airflow/.local/lib/python3.8/site-packages/airflow/example_dags/example_branch_labels.py
[2023-11-16T08:43:25.599+0000] {processor.py:839} INFO - DAG(s) dict_keys(['example_branch_labels']) retrieved from /home/airflow/.local/lib/python3.8/site-packages/airflow/example_dags/example_branch_labels.py
[2023-11-16T08:43:25.613+0000] {logging_mixin.py:151} INFO - [2023-11-16T08:43:25.613+0000] {dag.py:2941} INFO - Sync 1 DAGs
[2023-11-16T08:43:25.630+0000] {logging_mixin.py:151} INFO - [2023-11-16T08:43:25.629+0000] {dag.py:3722} INFO - Setting next_dagrun for example_branch_labels to 2023-11-15T00:00:00+00:00, run_after=2023-11-16T00:00:00+00:00
[2023-11-16T08:43:25.641+0000] {processor.py:179} INFO - Processing /home/airflow/.local/lib/python3.8/site-packages/airflow/example_dags/example_branch_labels.py took 0.052 seconds
[2023-11-16T08:43:55.690+0000] {processor.py:157} INFO - Started process (PID=1658) to work on /home/airflow/.local/lib/python3.8/site-packages/airflow/example_dags/example_branch_labels.py
[2023-11-16T08:43:55.692+0000] {processor.py:829} INFO - Processing file /home/airflow/.local/lib/python3.8/site-packages/airflow/example_dags/example_branch_labels.py for tasks to queue
[2023-11-16T08:43:55.694+0000] {logging_mixin.py:151} INFO - [2023-11-16T08:43:55.694+0000] {dagbag.py:536} INFO - Filling up the DagBag from /home/airflow/.local/lib/python3.8/site-packages/airflow/example_dags/example_branch_labels.py
[2023-11-16T08:43:55.699+0000] {processor.py:839} INFO - DAG(s) dict_keys(['example_branch_labels']) retrieved from /home/airflow/.local/lib/python3.8/site-packages/airflow/example_dags/example_branch_labels.py
[2023-11-16T08:43:55.718+0000] {logging_mixin.py:151} INFO - [2023-11-16T08:43:55.718+0000] {dag.py:2941} INFO - Sync 1 DAGs
[2023-11-16T08:43:55.739+0000] {logging_mixin.py:151} INFO - [2023-11-16T08:43:55.739+0000] {dag.py:3722} INFO - Setting next_dagrun for example_branch_labels to 2023-11-15T00:00:00+00:00, run_after=2023-11-16T00:00:00+00:00
[2023-11-16T08:43:55.901+0000] {processor.py:179} INFO - Processing /home/airflow/.local/lib/python3.8/site-packages/airflow/example_dags/example_branch_labels.py took 0.213 seconds
[2023-11-16T08:44:26.225+0000] {processor.py:157} INFO - Started process (PID=1712) to work on /home/airflow/.local/lib/python3.8/site-packages/airflow/example_dags/example_branch_labels.py
[2023-11-16T08:44:26.226+0000] {processor.py:829} INFO - Processing file /home/airflow/.local/lib/python3.8/site-packages/airflow/example_dags/example_branch_labels.py for tasks to queue
[2023-11-16T08:44:26.227+0000] {logging_mixin.py:151} INFO - [2023-11-16T08:44:26.227+0000] {dagbag.py:536} INFO - Filling up the DagBag from /home/airflow/.local/lib/python3.8/site-packages/airflow/example_dags/example_branch_labels.py
[2023-11-16T08:44:26.232+0000] {processor.py:839} INFO - DAG(s) dict_keys(['example_branch_labels']) retrieved from /home/airflow/.local/lib/python3.8/site-packages/airflow/example_dags/example_branch_labels.py
[2023-11-16T08:44:26.247+0000] {logging_mixin.py:151} INFO - [2023-11-16T08:44:26.247+0000] {dag.py:2941} INFO - Sync 1 DAGs
[2023-11-16T08:44:26.264+0000] {logging_mixin.py:151} INFO - [2023-11-16T08:44:26.264+0000] {dag.py:3722} INFO - Setting next_dagrun for example_branch_labels to 2023-11-15T00:00:00+00:00, run_after=2023-11-16T00:00:00+00:00
[2023-11-16T08:44:26.279+0000] {processor.py:179} INFO - Processing /home/airflow/.local/lib/python3.8/site-packages/airflow/example_dags/example_branch_labels.py took 0.056 seconds
[2023-11-16T08:44:56.412+0000] {processor.py:157} INFO - Started process (PID=1766) to work on /home/airflow/.local/lib/python3.8/site-packages/airflow/example_dags/example_branch_labels.py
[2023-11-16T08:44:56.413+0000] {processor.py:829} INFO - Processing file /home/airflow/.local/lib/python3.8/site-packages/airflow/example_dags/example_branch_labels.py for tasks to queue
[2023-11-16T08:44:56.415+0000] {logging_mixin.py:151} INFO - [2023-11-16T08:44:56.415+0000] {dagbag.py:536} INFO - Filling up the DagBag from /home/airflow/.local/lib/python3.8/site-packages/airflow/example_dags/example_branch_labels.py
[2023-11-16T08:44:56.421+0000] {processor.py:839} INFO - DAG(s) dict_keys(['example_branch_labels']) retrieved from /home/airflow/.local/lib/python3.8/site-packages/airflow/example_dags/example_branch_labels.py
[2023-11-16T08:44:56.440+0000] {logging_mixin.py:151} INFO - [2023-11-16T08:44:56.440+0000] {dag.py:2941} INFO - Sync 1 DAGs
[2023-11-16T08:44:56.460+0000] {logging_mixin.py:151} INFO - [2023-11-16T08:44:56.460+0000] {dag.py:3722} INFO - Setting next_dagrun for example_branch_labels to 2023-11-15T00:00:00+00:00, run_after=2023-11-16T00:00:00+00:00
[2023-11-16T08:44:56.477+0000] {processor.py:179} INFO - Processing /home/airflow/.local/lib/python3.8/site-packages/airflow/example_dags/example_branch_labels.py took 0.067 seconds
[2023-11-16T08:45:27.133+0000] {processor.py:157} INFO - Started process (PID=1820) to work on /home/airflow/.local/lib/python3.8/site-packages/airflow/example_dags/example_branch_labels.py
[2023-11-16T08:45:27.134+0000] {processor.py:829} INFO - Processing file /home/airflow/.local/lib/python3.8/site-packages/airflow/example_dags/example_branch_labels.py for tasks to queue
[2023-11-16T08:45:27.135+0000] {logging_mixin.py:151} INFO - [2023-11-16T08:45:27.135+0000] {dagbag.py:536} INFO - Filling up the DagBag from /home/airflow/.local/lib/python3.8/site-packages/airflow/example_dags/example_branch_labels.py
[2023-11-16T08:45:27.140+0000] {processor.py:839} INFO - DAG(s) dict_keys(['example_branch_labels']) retrieved from /home/airflow/.local/lib/python3.8/site-packages/airflow/example_dags/example_branch_labels.py
[2023-11-16T08:45:27.156+0000] {logging_mixin.py:151} INFO - [2023-11-16T08:45:27.156+0000] {dag.py:2941} INFO - Sync 1 DAGs
[2023-11-16T08:45:27.290+0000] {logging_mixin.py:151} INFO - [2023-11-16T08:45:27.290+0000] {dag.py:3722} INFO - Setting next_dagrun for example_branch_labels to 2023-11-15T00:00:00+00:00, run_after=2023-11-16T00:00:00+00:00
[2023-11-16T08:45:27.301+0000] {processor.py:179} INFO - Processing /home/airflow/.local/lib/python3.8/site-packages/airflow/example_dags/example_branch_labels.py took 0.170 seconds
[2023-11-16T08:45:58.210+0000] {processor.py:157} INFO - Started process (PID=1874) to work on /home/airflow/.local/lib/python3.8/site-packages/airflow/example_dags/example_branch_labels.py
[2023-11-16T08:45:58.210+0000] {processor.py:829} INFO - Processing file /home/airflow/.local/lib/python3.8/site-packages/airflow/example_dags/example_branch_labels.py for tasks to queue
[2023-11-16T08:45:58.212+0000] {logging_mixin.py:151} INFO - [2023-11-16T08:45:58.212+0000] {dagbag.py:536} INFO - Filling up the DagBag from /home/airflow/.local/lib/python3.8/site-packages/airflow/example_dags/example_branch_labels.py
[2023-11-16T08:45:58.217+0000] {processor.py:839} INFO - DAG(s) dict_keys(['example_branch_labels']) retrieved from /home/airflow/.local/lib/python3.8/site-packages/airflow/example_dags/example_branch_labels.py
[2023-11-16T08:45:58.230+0000] {logging_mixin.py:151} INFO - [2023-11-16T08:45:58.230+0000] {dag.py:2941} INFO - Sync 1 DAGs
[2023-11-16T08:45:58.246+0000] {logging_mixin.py:151} INFO - [2023-11-16T08:45:58.246+0000] {dag.py:3722} INFO - Setting next_dagrun for example_branch_labels to 2023-11-15T00:00:00+00:00, run_after=2023-11-16T00:00:00+00:00
[2023-11-16T08:45:58.386+0000] {processor.py:179} INFO - Processing /home/airflow/.local/lib/python3.8/site-packages/airflow/example_dags/example_branch_labels.py took 0.179 seconds
