[2023-11-16T08:28:47.001+0000] {processor.py:157} INFO - Started process (PID=41) to work on /home/airflow/.local/lib/python3.8/site-packages/airflow/example_dags/example_external_task_marker_dag.py
[2023-11-16T08:28:47.002+0000] {processor.py:829} INFO - Processing file /home/airflow/.local/lib/python3.8/site-packages/airflow/example_dags/example_external_task_marker_dag.py for tasks to queue
[2023-11-16T08:28:47.005+0000] {logging_mixin.py:151} INFO - [2023-11-16T08:28:47.004+0000] {dagbag.py:536} INFO - Filling up the DagBag from /home/airflow/.local/lib/python3.8/site-packages/airflow/example_dags/example_external_task_marker_dag.py
[2023-11-16T08:28:47.016+0000] {processor.py:839} INFO - DAG(s) dict_keys(['example_external_task_marker_parent', 'example_external_task_marker_child']) retrieved from /home/airflow/.local/lib/python3.8/site-packages/airflow/example_dags/example_external_task_marker_dag.py
[2023-11-16T08:28:47.051+0000] {logging_mixin.py:151} INFO - [2023-11-16T08:28:47.050+0000] {dag.py:2941} INFO - Sync 2 DAGs
[2023-11-16T08:28:47.068+0000] {logging_mixin.py:151} INFO - [2023-11-16T08:28:47.067+0000] {dag.py:3722} INFO - Setting next_dagrun for example_external_task_marker_child to None, run_after=None
[2023-11-16T08:28:47.073+0000] {logging_mixin.py:151} INFO - [2023-11-16T08:28:47.073+0000] {dag.py:3722} INFO - Setting next_dagrun for example_external_task_marker_parent to None, run_after=None
[2023-11-16T08:28:47.099+0000] {processor.py:179} INFO - Processing /home/airflow/.local/lib/python3.8/site-packages/airflow/example_dags/example_external_task_marker_dag.py took 0.102 seconds
[2023-11-16T08:29:18.106+0000] {processor.py:157} INFO - Started process (PID=95) to work on /home/airflow/.local/lib/python3.8/site-packages/airflow/example_dags/example_external_task_marker_dag.py
[2023-11-16T08:29:18.107+0000] {processor.py:829} INFO - Processing file /home/airflow/.local/lib/python3.8/site-packages/airflow/example_dags/example_external_task_marker_dag.py for tasks to queue
[2023-11-16T08:29:18.109+0000] {logging_mixin.py:151} INFO - [2023-11-16T08:29:18.109+0000] {dagbag.py:536} INFO - Filling up the DagBag from /home/airflow/.local/lib/python3.8/site-packages/airflow/example_dags/example_external_task_marker_dag.py
[2023-11-16T08:29:18.113+0000] {processor.py:839} INFO - DAG(s) dict_keys(['example_external_task_marker_child', 'example_external_task_marker_parent']) retrieved from /home/airflow/.local/lib/python3.8/site-packages/airflow/example_dags/example_external_task_marker_dag.py
[2023-11-16T08:29:18.132+0000] {logging_mixin.py:151} INFO - [2023-11-16T08:29:18.132+0000] {dag.py:2941} INFO - Sync 2 DAGs
[2023-11-16T08:29:18.142+0000] {logging_mixin.py:151} INFO - [2023-11-16T08:29:18.142+0000] {dag.py:3722} INFO - Setting next_dagrun for example_external_task_marker_child to None, run_after=None
[2023-11-16T08:29:18.146+0000] {logging_mixin.py:151} INFO - [2023-11-16T08:29:18.146+0000] {dag.py:3722} INFO - Setting next_dagrun for example_external_task_marker_parent to None, run_after=None
[2023-11-16T08:29:18.159+0000] {processor.py:179} INFO - Processing /home/airflow/.local/lib/python3.8/site-packages/airflow/example_dags/example_external_task_marker_dag.py took 0.055 seconds
[2023-11-16T08:29:48.687+0000] {processor.py:157} INFO - Started process (PID=149) to work on /home/airflow/.local/lib/python3.8/site-packages/airflow/example_dags/example_external_task_marker_dag.py
[2023-11-16T08:29:48.688+0000] {processor.py:829} INFO - Processing file /home/airflow/.local/lib/python3.8/site-packages/airflow/example_dags/example_external_task_marker_dag.py for tasks to queue
[2023-11-16T08:29:48.690+0000] {logging_mixin.py:151} INFO - [2023-11-16T08:29:48.690+0000] {dagbag.py:536} INFO - Filling up the DagBag from /home/airflow/.local/lib/python3.8/site-packages/airflow/example_dags/example_external_task_marker_dag.py
[2023-11-16T08:29:48.695+0000] {processor.py:839} INFO - DAG(s) dict_keys(['example_external_task_marker_child', 'example_external_task_marker_parent']) retrieved from /home/airflow/.local/lib/python3.8/site-packages/airflow/example_dags/example_external_task_marker_dag.py
[2023-11-16T08:29:48.726+0000] {logging_mixin.py:151} INFO - [2023-11-16T08:29:48.725+0000] {dag.py:2941} INFO - Sync 2 DAGs
[2023-11-16T08:29:48.737+0000] {logging_mixin.py:151} INFO - [2023-11-16T08:29:48.736+0000] {dag.py:3722} INFO - Setting next_dagrun for example_external_task_marker_child to None, run_after=None
[2023-11-16T08:29:48.741+0000] {logging_mixin.py:151} INFO - [2023-11-16T08:29:48.741+0000] {dag.py:3722} INFO - Setting next_dagrun for example_external_task_marker_parent to None, run_after=None
[2023-11-16T08:29:48.757+0000] {processor.py:179} INFO - Processing /home/airflow/.local/lib/python3.8/site-packages/airflow/example_dags/example_external_task_marker_dag.py took 0.072 seconds
[2023-11-16T08:30:18.966+0000] {processor.py:157} INFO - Started process (PID=203) to work on /home/airflow/.local/lib/python3.8/site-packages/airflow/example_dags/example_external_task_marker_dag.py
[2023-11-16T08:30:18.977+0000] {processor.py:829} INFO - Processing file /home/airflow/.local/lib/python3.8/site-packages/airflow/example_dags/example_external_task_marker_dag.py for tasks to queue
[2023-11-16T08:30:18.979+0000] {logging_mixin.py:151} INFO - [2023-11-16T08:30:18.978+0000] {dagbag.py:536} INFO - Filling up the DagBag from /home/airflow/.local/lib/python3.8/site-packages/airflow/example_dags/example_external_task_marker_dag.py
[2023-11-16T08:30:18.982+0000] {processor.py:839} INFO - DAG(s) dict_keys(['example_external_task_marker_child', 'example_external_task_marker_parent']) retrieved from /home/airflow/.local/lib/python3.8/site-packages/airflow/example_dags/example_external_task_marker_dag.py
[2023-11-16T08:30:18.998+0000] {logging_mixin.py:151} INFO - [2023-11-16T08:30:18.998+0000] {dag.py:2941} INFO - Sync 2 DAGs
[2023-11-16T08:30:19.007+0000] {logging_mixin.py:151} INFO - [2023-11-16T08:30:19.007+0000] {dag.py:3722} INFO - Setting next_dagrun for example_external_task_marker_child to None, run_after=None
[2023-11-16T08:30:19.010+0000] {logging_mixin.py:151} INFO - [2023-11-16T08:30:19.010+0000] {dag.py:3722} INFO - Setting next_dagrun for example_external_task_marker_parent to None, run_after=None
[2023-11-16T08:30:19.021+0000] {processor.py:179} INFO - Processing /home/airflow/.local/lib/python3.8/site-packages/airflow/example_dags/example_external_task_marker_dag.py took 0.057 seconds
[2023-11-16T08:30:49.189+0000] {processor.py:157} INFO - Started process (PID=257) to work on /home/airflow/.local/lib/python3.8/site-packages/airflow/example_dags/example_external_task_marker_dag.py
[2023-11-16T08:30:49.189+0000] {processor.py:829} INFO - Processing file /home/airflow/.local/lib/python3.8/site-packages/airflow/example_dags/example_external_task_marker_dag.py for tasks to queue
[2023-11-16T08:30:49.191+0000] {logging_mixin.py:151} INFO - [2023-11-16T08:30:49.191+0000] {dagbag.py:536} INFO - Filling up the DagBag from /home/airflow/.local/lib/python3.8/site-packages/airflow/example_dags/example_external_task_marker_dag.py
[2023-11-16T08:30:49.195+0000] {processor.py:839} INFO - DAG(s) dict_keys(['example_external_task_marker_parent', 'example_external_task_marker_child']) retrieved from /home/airflow/.local/lib/python3.8/site-packages/airflow/example_dags/example_external_task_marker_dag.py
[2023-11-16T08:30:49.211+0000] {logging_mixin.py:151} INFO - [2023-11-16T08:30:49.211+0000] {dag.py:2941} INFO - Sync 2 DAGs
[2023-11-16T08:30:49.220+0000] {logging_mixin.py:151} INFO - [2023-11-16T08:30:49.220+0000] {dag.py:3722} INFO - Setting next_dagrun for example_external_task_marker_child to None, run_after=None
[2023-11-16T08:30:49.222+0000] {logging_mixin.py:151} INFO - [2023-11-16T08:30:49.222+0000] {dag.py:3722} INFO - Setting next_dagrun for example_external_task_marker_parent to None, run_after=None
[2023-11-16T08:30:49.233+0000] {processor.py:179} INFO - Processing /home/airflow/.local/lib/python3.8/site-packages/airflow/example_dags/example_external_task_marker_dag.py took 0.047 seconds
[2023-11-16T08:31:19.442+0000] {processor.py:157} INFO - Started process (PID=311) to work on /home/airflow/.local/lib/python3.8/site-packages/airflow/example_dags/example_external_task_marker_dag.py
[2023-11-16T08:31:19.443+0000] {processor.py:829} INFO - Processing file /home/airflow/.local/lib/python3.8/site-packages/airflow/example_dags/example_external_task_marker_dag.py for tasks to queue
[2023-11-16T08:31:19.445+0000] {logging_mixin.py:151} INFO - [2023-11-16T08:31:19.444+0000] {dagbag.py:536} INFO - Filling up the DagBag from /home/airflow/.local/lib/python3.8/site-packages/airflow/example_dags/example_external_task_marker_dag.py
[2023-11-16T08:31:19.449+0000] {processor.py:839} INFO - DAG(s) dict_keys(['example_external_task_marker_child', 'example_external_task_marker_parent']) retrieved from /home/airflow/.local/lib/python3.8/site-packages/airflow/example_dags/example_external_task_marker_dag.py
[2023-11-16T08:31:19.470+0000] {logging_mixin.py:151} INFO - [2023-11-16T08:31:19.470+0000] {dag.py:2941} INFO - Sync 2 DAGs
[2023-11-16T08:31:19.481+0000] {logging_mixin.py:151} INFO - [2023-11-16T08:31:19.481+0000] {dag.py:3722} INFO - Setting next_dagrun for example_external_task_marker_child to None, run_after=None
[2023-11-16T08:31:19.484+0000] {logging_mixin.py:151} INFO - [2023-11-16T08:31:19.484+0000] {dag.py:3722} INFO - Setting next_dagrun for example_external_task_marker_parent to None, run_after=None
[2023-11-16T08:31:19.528+0000] {processor.py:179} INFO - Processing /home/airflow/.local/lib/python3.8/site-packages/airflow/example_dags/example_external_task_marker_dag.py took 0.089 seconds
[2023-11-16T08:31:49.664+0000] {processor.py:157} INFO - Started process (PID=365) to work on /home/airflow/.local/lib/python3.8/site-packages/airflow/example_dags/example_external_task_marker_dag.py
[2023-11-16T08:31:49.665+0000] {processor.py:829} INFO - Processing file /home/airflow/.local/lib/python3.8/site-packages/airflow/example_dags/example_external_task_marker_dag.py for tasks to queue
[2023-11-16T08:31:49.666+0000] {logging_mixin.py:151} INFO - [2023-11-16T08:31:49.666+0000] {dagbag.py:536} INFO - Filling up the DagBag from /home/airflow/.local/lib/python3.8/site-packages/airflow/example_dags/example_external_task_marker_dag.py
[2023-11-16T08:31:49.670+0000] {processor.py:839} INFO - DAG(s) dict_keys(['example_external_task_marker_child', 'example_external_task_marker_parent']) retrieved from /home/airflow/.local/lib/python3.8/site-packages/airflow/example_dags/example_external_task_marker_dag.py
[2023-11-16T08:31:49.688+0000] {logging_mixin.py:151} INFO - [2023-11-16T08:31:49.688+0000] {dag.py:2941} INFO - Sync 2 DAGs
[2023-11-16T08:31:49.698+0000] {logging_mixin.py:151} INFO - [2023-11-16T08:31:49.697+0000] {dag.py:3722} INFO - Setting next_dagrun for example_external_task_marker_child to None, run_after=None
[2023-11-16T08:31:49.700+0000] {logging_mixin.py:151} INFO - [2023-11-16T08:31:49.700+0000] {dag.py:3722} INFO - Setting next_dagrun for example_external_task_marker_parent to None, run_after=None
[2023-11-16T08:31:49.714+0000] {processor.py:179} INFO - Processing /home/airflow/.local/lib/python3.8/site-packages/airflow/example_dags/example_external_task_marker_dag.py took 0.052 seconds
[2023-11-16T08:32:19.905+0000] {processor.py:157} INFO - Started process (PID=419) to work on /home/airflow/.local/lib/python3.8/site-packages/airflow/example_dags/example_external_task_marker_dag.py
[2023-11-16T08:32:19.975+0000] {processor.py:829} INFO - Processing file /home/airflow/.local/lib/python3.8/site-packages/airflow/example_dags/example_external_task_marker_dag.py for tasks to queue
[2023-11-16T08:32:19.977+0000] {logging_mixin.py:151} INFO - [2023-11-16T08:32:19.977+0000] {dagbag.py:536} INFO - Filling up the DagBag from /home/airflow/.local/lib/python3.8/site-packages/airflow/example_dags/example_external_task_marker_dag.py
[2023-11-16T08:32:19.982+0000] {processor.py:839} INFO - DAG(s) dict_keys(['example_external_task_marker_parent', 'example_external_task_marker_child']) retrieved from /home/airflow/.local/lib/python3.8/site-packages/airflow/example_dags/example_external_task_marker_dag.py
[2023-11-16T08:32:19.998+0000] {logging_mixin.py:151} INFO - [2023-11-16T08:32:19.998+0000] {dag.py:2941} INFO - Sync 2 DAGs
[2023-11-16T08:32:20.007+0000] {logging_mixin.py:151} INFO - [2023-11-16T08:32:20.007+0000] {dag.py:3722} INFO - Setting next_dagrun for example_external_task_marker_child to None, run_after=None
[2023-11-16T08:32:20.010+0000] {logging_mixin.py:151} INFO - [2023-11-16T08:32:20.010+0000] {dag.py:3722} INFO - Setting next_dagrun for example_external_task_marker_parent to None, run_after=None
[2023-11-16T08:32:20.021+0000] {processor.py:179} INFO - Processing /home/airflow/.local/lib/python3.8/site-packages/airflow/example_dags/example_external_task_marker_dag.py took 0.118 seconds
[2023-11-16T08:32:50.185+0000] {processor.py:157} INFO - Started process (PID=473) to work on /home/airflow/.local/lib/python3.8/site-packages/airflow/example_dags/example_external_task_marker_dag.py
[2023-11-16T08:32:50.186+0000] {processor.py:829} INFO - Processing file /home/airflow/.local/lib/python3.8/site-packages/airflow/example_dags/example_external_task_marker_dag.py for tasks to queue
[2023-11-16T08:32:50.187+0000] {logging_mixin.py:151} INFO - [2023-11-16T08:32:50.187+0000] {dagbag.py:536} INFO - Filling up the DagBag from /home/airflow/.local/lib/python3.8/site-packages/airflow/example_dags/example_external_task_marker_dag.py
[2023-11-16T08:32:50.191+0000] {processor.py:839} INFO - DAG(s) dict_keys(['example_external_task_marker_parent', 'example_external_task_marker_child']) retrieved from /home/airflow/.local/lib/python3.8/site-packages/airflow/example_dags/example_external_task_marker_dag.py
[2023-11-16T08:32:50.206+0000] {logging_mixin.py:151} INFO - [2023-11-16T08:32:50.206+0000] {dag.py:2941} INFO - Sync 2 DAGs
[2023-11-16T08:32:50.216+0000] {logging_mixin.py:151} INFO - [2023-11-16T08:32:50.216+0000] {dag.py:3722} INFO - Setting next_dagrun for example_external_task_marker_child to None, run_after=None
[2023-11-16T08:32:50.218+0000] {logging_mixin.py:151} INFO - [2023-11-16T08:32:50.218+0000] {dag.py:3722} INFO - Setting next_dagrun for example_external_task_marker_parent to None, run_after=None
[2023-11-16T08:32:50.230+0000] {processor.py:179} INFO - Processing /home/airflow/.local/lib/python3.8/site-packages/airflow/example_dags/example_external_task_marker_dag.py took 0.047 seconds
[2023-11-16T08:33:20.521+0000] {processor.py:157} INFO - Started process (PID=527) to work on /home/airflow/.local/lib/python3.8/site-packages/airflow/example_dags/example_external_task_marker_dag.py
[2023-11-16T08:33:20.522+0000] {processor.py:829} INFO - Processing file /home/airflow/.local/lib/python3.8/site-packages/airflow/example_dags/example_external_task_marker_dag.py for tasks to queue
[2023-11-16T08:33:20.524+0000] {logging_mixin.py:151} INFO - [2023-11-16T08:33:20.524+0000] {dagbag.py:536} INFO - Filling up the DagBag from /home/airflow/.local/lib/python3.8/site-packages/airflow/example_dags/example_external_task_marker_dag.py
[2023-11-16T08:33:20.528+0000] {processor.py:839} INFO - DAG(s) dict_keys(['example_external_task_marker_parent', 'example_external_task_marker_child']) retrieved from /home/airflow/.local/lib/python3.8/site-packages/airflow/example_dags/example_external_task_marker_dag.py
[2023-11-16T08:33:20.543+0000] {logging_mixin.py:151} INFO - [2023-11-16T08:33:20.543+0000] {dag.py:2941} INFO - Sync 2 DAGs
[2023-11-16T08:33:20.552+0000] {logging_mixin.py:151} INFO - [2023-11-16T08:33:20.552+0000] {dag.py:3722} INFO - Setting next_dagrun for example_external_task_marker_child to None, run_after=None
[2023-11-16T08:33:20.555+0000] {logging_mixin.py:151} INFO - [2023-11-16T08:33:20.555+0000] {dag.py:3722} INFO - Setting next_dagrun for example_external_task_marker_parent to None, run_after=None
[2023-11-16T08:33:20.565+0000] {processor.py:179} INFO - Processing /home/airflow/.local/lib/python3.8/site-packages/airflow/example_dags/example_external_task_marker_dag.py took 0.046 seconds
[2023-11-16T08:33:50.677+0000] {processor.py:157} INFO - Started process (PID=581) to work on /home/airflow/.local/lib/python3.8/site-packages/airflow/example_dags/example_external_task_marker_dag.py
[2023-11-16T08:33:50.679+0000] {processor.py:829} INFO - Processing file /home/airflow/.local/lib/python3.8/site-packages/airflow/example_dags/example_external_task_marker_dag.py for tasks to queue
[2023-11-16T08:33:50.680+0000] {logging_mixin.py:151} INFO - [2023-11-16T08:33:50.680+0000] {dagbag.py:536} INFO - Filling up the DagBag from /home/airflow/.local/lib/python3.8/site-packages/airflow/example_dags/example_external_task_marker_dag.py
[2023-11-16T08:33:50.684+0000] {processor.py:839} INFO - DAG(s) dict_keys(['example_external_task_marker_parent', 'example_external_task_marker_child']) retrieved from /home/airflow/.local/lib/python3.8/site-packages/airflow/example_dags/example_external_task_marker_dag.py
[2023-11-16T08:33:50.703+0000] {logging_mixin.py:151} INFO - [2023-11-16T08:33:50.703+0000] {dag.py:2941} INFO - Sync 2 DAGs
[2023-11-16T08:33:50.712+0000] {logging_mixin.py:151} INFO - [2023-11-16T08:33:50.712+0000] {dag.py:3722} INFO - Setting next_dagrun for example_external_task_marker_child to None, run_after=None
[2023-11-16T08:33:50.716+0000] {logging_mixin.py:151} INFO - [2023-11-16T08:33:50.716+0000] {dag.py:3722} INFO - Setting next_dagrun for example_external_task_marker_parent to None, run_after=None
[2023-11-16T08:33:50.729+0000] {processor.py:179} INFO - Processing /home/airflow/.local/lib/python3.8/site-packages/airflow/example_dags/example_external_task_marker_dag.py took 0.054 seconds
[2023-11-16T08:34:20.952+0000] {processor.py:157} INFO - Started process (PID=635) to work on /home/airflow/.local/lib/python3.8/site-packages/airflow/example_dags/example_external_task_marker_dag.py
[2023-11-16T08:34:20.954+0000] {processor.py:829} INFO - Processing file /home/airflow/.local/lib/python3.8/site-packages/airflow/example_dags/example_external_task_marker_dag.py for tasks to queue
[2023-11-16T08:34:20.957+0000] {logging_mixin.py:151} INFO - [2023-11-16T08:34:20.957+0000] {dagbag.py:536} INFO - Filling up the DagBag from /home/airflow/.local/lib/python3.8/site-packages/airflow/example_dags/example_external_task_marker_dag.py
[2023-11-16T08:34:20.969+0000] {processor.py:839} INFO - DAG(s) dict_keys(['example_external_task_marker_parent', 'example_external_task_marker_child']) retrieved from /home/airflow/.local/lib/python3.8/site-packages/airflow/example_dags/example_external_task_marker_dag.py
[2023-11-16T08:34:21.024+0000] {logging_mixin.py:151} INFO - [2023-11-16T08:34:21.023+0000] {dag.py:2941} INFO - Sync 2 DAGs
[2023-11-16T08:34:21.056+0000] {logging_mixin.py:151} INFO - [2023-11-16T08:34:21.056+0000] {dag.py:3722} INFO - Setting next_dagrun for example_external_task_marker_child to None, run_after=None
[2023-11-16T08:34:21.062+0000] {logging_mixin.py:151} INFO - [2023-11-16T08:34:21.062+0000] {dag.py:3722} INFO - Setting next_dagrun for example_external_task_marker_parent to None, run_after=None
[2023-11-16T08:34:21.083+0000] {processor.py:179} INFO - Processing /home/airflow/.local/lib/python3.8/site-packages/airflow/example_dags/example_external_task_marker_dag.py took 0.134 seconds
[2023-11-16T08:34:51.324+0000] {processor.py:157} INFO - Started process (PID=689) to work on /home/airflow/.local/lib/python3.8/site-packages/airflow/example_dags/example_external_task_marker_dag.py
[2023-11-16T08:34:51.324+0000] {processor.py:829} INFO - Processing file /home/airflow/.local/lib/python3.8/site-packages/airflow/example_dags/example_external_task_marker_dag.py for tasks to queue
[2023-11-16T08:34:51.326+0000] {logging_mixin.py:151} INFO - [2023-11-16T08:34:51.326+0000] {dagbag.py:536} INFO - Filling up the DagBag from /home/airflow/.local/lib/python3.8/site-packages/airflow/example_dags/example_external_task_marker_dag.py
[2023-11-16T08:34:51.330+0000] {processor.py:839} INFO - DAG(s) dict_keys(['example_external_task_marker_child', 'example_external_task_marker_parent']) retrieved from /home/airflow/.local/lib/python3.8/site-packages/airflow/example_dags/example_external_task_marker_dag.py
[2023-11-16T08:34:51.352+0000] {logging_mixin.py:151} INFO - [2023-11-16T08:34:51.352+0000] {dag.py:2941} INFO - Sync 2 DAGs
[2023-11-16T08:34:51.363+0000] {logging_mixin.py:151} INFO - [2023-11-16T08:34:51.362+0000] {dag.py:3722} INFO - Setting next_dagrun for example_external_task_marker_child to None, run_after=None
[2023-11-16T08:34:51.366+0000] {logging_mixin.py:151} INFO - [2023-11-16T08:34:51.366+0000] {dag.py:3722} INFO - Setting next_dagrun for example_external_task_marker_parent to None, run_after=None
[2023-11-16T08:34:51.379+0000] {processor.py:179} INFO - Processing /home/airflow/.local/lib/python3.8/site-packages/airflow/example_dags/example_external_task_marker_dag.py took 0.057 seconds
[2023-11-16T08:35:21.406+0000] {processor.py:157} INFO - Started process (PID=742) to work on /home/airflow/.local/lib/python3.8/site-packages/airflow/example_dags/example_external_task_marker_dag.py
[2023-11-16T08:35:21.407+0000] {processor.py:829} INFO - Processing file /home/airflow/.local/lib/python3.8/site-packages/airflow/example_dags/example_external_task_marker_dag.py for tasks to queue
[2023-11-16T08:35:21.409+0000] {logging_mixin.py:151} INFO - [2023-11-16T08:35:21.408+0000] {dagbag.py:536} INFO - Filling up the DagBag from /home/airflow/.local/lib/python3.8/site-packages/airflow/example_dags/example_external_task_marker_dag.py
[2023-11-16T08:35:21.413+0000] {processor.py:839} INFO - DAG(s) dict_keys(['example_external_task_marker_parent', 'example_external_task_marker_child']) retrieved from /home/airflow/.local/lib/python3.8/site-packages/airflow/example_dags/example_external_task_marker_dag.py
[2023-11-16T08:35:21.430+0000] {logging_mixin.py:151} INFO - [2023-11-16T08:35:21.429+0000] {dag.py:2941} INFO - Sync 2 DAGs
[2023-11-16T08:35:21.440+0000] {logging_mixin.py:151} INFO - [2023-11-16T08:35:21.440+0000] {dag.py:3722} INFO - Setting next_dagrun for example_external_task_marker_child to None, run_after=None
[2023-11-16T08:35:21.442+0000] {logging_mixin.py:151} INFO - [2023-11-16T08:35:21.442+0000] {dag.py:3722} INFO - Setting next_dagrun for example_external_task_marker_parent to None, run_after=None
[2023-11-16T08:35:21.454+0000] {processor.py:179} INFO - Processing /home/airflow/.local/lib/python3.8/site-packages/airflow/example_dags/example_external_task_marker_dag.py took 0.050 seconds
[2023-11-16T08:35:51.539+0000] {processor.py:157} INFO - Started process (PID=797) to work on /home/airflow/.local/lib/python3.8/site-packages/airflow/example_dags/example_external_task_marker_dag.py
[2023-11-16T08:35:51.540+0000] {processor.py:829} INFO - Processing file /home/airflow/.local/lib/python3.8/site-packages/airflow/example_dags/example_external_task_marker_dag.py for tasks to queue
[2023-11-16T08:35:51.541+0000] {logging_mixin.py:151} INFO - [2023-11-16T08:35:51.541+0000] {dagbag.py:536} INFO - Filling up the DagBag from /home/airflow/.local/lib/python3.8/site-packages/airflow/example_dags/example_external_task_marker_dag.py
[2023-11-16T08:35:51.545+0000] {processor.py:839} INFO - DAG(s) dict_keys(['example_external_task_marker_parent', 'example_external_task_marker_child']) retrieved from /home/airflow/.local/lib/python3.8/site-packages/airflow/example_dags/example_external_task_marker_dag.py
[2023-11-16T08:35:51.564+0000] {logging_mixin.py:151} INFO - [2023-11-16T08:35:51.564+0000] {dag.py:2941} INFO - Sync 2 DAGs
[2023-11-16T08:35:51.575+0000] {logging_mixin.py:151} INFO - [2023-11-16T08:35:51.575+0000] {dag.py:3722} INFO - Setting next_dagrun for example_external_task_marker_child to None, run_after=None
[2023-11-16T08:35:51.577+0000] {logging_mixin.py:151} INFO - [2023-11-16T08:35:51.577+0000] {dag.py:3722} INFO - Setting next_dagrun for example_external_task_marker_parent to None, run_after=None
[2023-11-16T08:35:51.589+0000] {processor.py:179} INFO - Processing /home/airflow/.local/lib/python3.8/site-packages/airflow/example_dags/example_external_task_marker_dag.py took 0.052 seconds
[2023-11-16T08:36:21.640+0000] {processor.py:157} INFO - Started process (PID=851) to work on /home/airflow/.local/lib/python3.8/site-packages/airflow/example_dags/example_external_task_marker_dag.py
[2023-11-16T08:36:21.641+0000] {processor.py:829} INFO - Processing file /home/airflow/.local/lib/python3.8/site-packages/airflow/example_dags/example_external_task_marker_dag.py for tasks to queue
[2023-11-16T08:36:21.643+0000] {logging_mixin.py:151} INFO - [2023-11-16T08:36:21.643+0000] {dagbag.py:536} INFO - Filling up the DagBag from /home/airflow/.local/lib/python3.8/site-packages/airflow/example_dags/example_external_task_marker_dag.py
[2023-11-16T08:36:21.647+0000] {processor.py:839} INFO - DAG(s) dict_keys(['example_external_task_marker_parent', 'example_external_task_marker_child']) retrieved from /home/airflow/.local/lib/python3.8/site-packages/airflow/example_dags/example_external_task_marker_dag.py
[2023-11-16T08:36:21.665+0000] {logging_mixin.py:151} INFO - [2023-11-16T08:36:21.665+0000] {dag.py:2941} INFO - Sync 2 DAGs
[2023-11-16T08:36:21.675+0000] {logging_mixin.py:151} INFO - [2023-11-16T08:36:21.675+0000] {dag.py:3722} INFO - Setting next_dagrun for example_external_task_marker_child to None, run_after=None
[2023-11-16T08:36:21.677+0000] {logging_mixin.py:151} INFO - [2023-11-16T08:36:21.677+0000] {dag.py:3722} INFO - Setting next_dagrun for example_external_task_marker_parent to None, run_after=None
[2023-11-16T08:36:21.689+0000] {processor.py:179} INFO - Processing /home/airflow/.local/lib/python3.8/site-packages/airflow/example_dags/example_external_task_marker_dag.py took 0.051 seconds
[2023-11-16T08:36:51.796+0000] {processor.py:157} INFO - Started process (PID=905) to work on /home/airflow/.local/lib/python3.8/site-packages/airflow/example_dags/example_external_task_marker_dag.py
[2023-11-16T08:36:51.887+0000] {processor.py:829} INFO - Processing file /home/airflow/.local/lib/python3.8/site-packages/airflow/example_dags/example_external_task_marker_dag.py for tasks to queue
[2023-11-16T08:36:51.889+0000] {logging_mixin.py:151} INFO - [2023-11-16T08:36:51.889+0000] {dagbag.py:536} INFO - Filling up the DagBag from /home/airflow/.local/lib/python3.8/site-packages/airflow/example_dags/example_external_task_marker_dag.py
[2023-11-16T08:36:51.894+0000] {processor.py:839} INFO - DAG(s) dict_keys(['example_external_task_marker_child', 'example_external_task_marker_parent']) retrieved from /home/airflow/.local/lib/python3.8/site-packages/airflow/example_dags/example_external_task_marker_dag.py
[2023-11-16T08:36:51.910+0000] {logging_mixin.py:151} INFO - [2023-11-16T08:36:51.910+0000] {dag.py:2941} INFO - Sync 2 DAGs
[2023-11-16T08:36:51.920+0000] {logging_mixin.py:151} INFO - [2023-11-16T08:36:51.920+0000] {dag.py:3722} INFO - Setting next_dagrun for example_external_task_marker_child to None, run_after=None
[2023-11-16T08:36:51.922+0000] {logging_mixin.py:151} INFO - [2023-11-16T08:36:51.922+0000] {dag.py:3722} INFO - Setting next_dagrun for example_external_task_marker_parent to None, run_after=None
[2023-11-16T08:36:51.933+0000] {processor.py:179} INFO - Processing /home/airflow/.local/lib/python3.8/site-packages/airflow/example_dags/example_external_task_marker_dag.py took 0.139 seconds
[2023-11-16T08:37:22.014+0000] {processor.py:157} INFO - Started process (PID=959) to work on /home/airflow/.local/lib/python3.8/site-packages/airflow/example_dags/example_external_task_marker_dag.py
[2023-11-16T08:37:22.015+0000] {processor.py:829} INFO - Processing file /home/airflow/.local/lib/python3.8/site-packages/airflow/example_dags/example_external_task_marker_dag.py for tasks to queue
[2023-11-16T08:37:22.017+0000] {logging_mixin.py:151} INFO - [2023-11-16T08:37:22.016+0000] {dagbag.py:536} INFO - Filling up the DagBag from /home/airflow/.local/lib/python3.8/site-packages/airflow/example_dags/example_external_task_marker_dag.py
[2023-11-16T08:37:22.021+0000] {processor.py:839} INFO - DAG(s) dict_keys(['example_external_task_marker_child', 'example_external_task_marker_parent']) retrieved from /home/airflow/.local/lib/python3.8/site-packages/airflow/example_dags/example_external_task_marker_dag.py
[2023-11-16T08:37:22.038+0000] {logging_mixin.py:151} INFO - [2023-11-16T08:37:22.038+0000] {dag.py:2941} INFO - Sync 2 DAGs
[2023-11-16T08:37:22.047+0000] {logging_mixin.py:151} INFO - [2023-11-16T08:37:22.047+0000] {dag.py:3722} INFO - Setting next_dagrun for example_external_task_marker_child to None, run_after=None
[2023-11-16T08:37:22.050+0000] {logging_mixin.py:151} INFO - [2023-11-16T08:37:22.050+0000] {dag.py:3722} INFO - Setting next_dagrun for example_external_task_marker_parent to None, run_after=None
[2023-11-16T08:37:22.063+0000] {processor.py:179} INFO - Processing /home/airflow/.local/lib/python3.8/site-packages/airflow/example_dags/example_external_task_marker_dag.py took 0.050 seconds
[2023-11-16T08:37:52.268+0000] {processor.py:157} INFO - Started process (PID=1013) to work on /home/airflow/.local/lib/python3.8/site-packages/airflow/example_dags/example_external_task_marker_dag.py
[2023-11-16T08:37:52.269+0000] {processor.py:829} INFO - Processing file /home/airflow/.local/lib/python3.8/site-packages/airflow/example_dags/example_external_task_marker_dag.py for tasks to queue
[2023-11-16T08:37:52.271+0000] {logging_mixin.py:151} INFO - [2023-11-16T08:37:52.271+0000] {dagbag.py:536} INFO - Filling up the DagBag from /home/airflow/.local/lib/python3.8/site-packages/airflow/example_dags/example_external_task_marker_dag.py
[2023-11-16T08:37:52.275+0000] {processor.py:839} INFO - DAG(s) dict_keys(['example_external_task_marker_parent', 'example_external_task_marker_child']) retrieved from /home/airflow/.local/lib/python3.8/site-packages/airflow/example_dags/example_external_task_marker_dag.py
[2023-11-16T08:37:52.292+0000] {logging_mixin.py:151} INFO - [2023-11-16T08:37:52.292+0000] {dag.py:2941} INFO - Sync 2 DAGs
[2023-11-16T08:37:52.301+0000] {logging_mixin.py:151} INFO - [2023-11-16T08:37:52.301+0000] {dag.py:3722} INFO - Setting next_dagrun for example_external_task_marker_child to None, run_after=None
[2023-11-16T08:37:52.304+0000] {logging_mixin.py:151} INFO - [2023-11-16T08:37:52.304+0000] {dag.py:3722} INFO - Setting next_dagrun for example_external_task_marker_parent to None, run_after=None
[2023-11-16T08:37:52.316+0000] {processor.py:179} INFO - Processing /home/airflow/.local/lib/python3.8/site-packages/airflow/example_dags/example_external_task_marker_dag.py took 0.049 seconds
[2023-11-16T08:38:22.523+0000] {processor.py:157} INFO - Started process (PID=1067) to work on /home/airflow/.local/lib/python3.8/site-packages/airflow/example_dags/example_external_task_marker_dag.py
[2023-11-16T08:38:22.525+0000] {processor.py:829} INFO - Processing file /home/airflow/.local/lib/python3.8/site-packages/airflow/example_dags/example_external_task_marker_dag.py for tasks to queue
[2023-11-16T08:38:22.526+0000] {logging_mixin.py:151} INFO - [2023-11-16T08:38:22.526+0000] {dagbag.py:536} INFO - Filling up the DagBag from /home/airflow/.local/lib/python3.8/site-packages/airflow/example_dags/example_external_task_marker_dag.py
[2023-11-16T08:38:22.530+0000] {processor.py:839} INFO - DAG(s) dict_keys(['example_external_task_marker_child', 'example_external_task_marker_parent']) retrieved from /home/airflow/.local/lib/python3.8/site-packages/airflow/example_dags/example_external_task_marker_dag.py
[2023-11-16T08:38:22.545+0000] {logging_mixin.py:151} INFO - [2023-11-16T08:38:22.545+0000] {dag.py:2941} INFO - Sync 2 DAGs
[2023-11-16T08:38:22.554+0000] {logging_mixin.py:151} INFO - [2023-11-16T08:38:22.554+0000] {dag.py:3722} INFO - Setting next_dagrun for example_external_task_marker_child to None, run_after=None
[2023-11-16T08:38:22.557+0000] {logging_mixin.py:151} INFO - [2023-11-16T08:38:22.556+0000] {dag.py:3722} INFO - Setting next_dagrun for example_external_task_marker_parent to None, run_after=None
[2023-11-16T08:38:22.568+0000] {processor.py:179} INFO - Processing /home/airflow/.local/lib/python3.8/site-packages/airflow/example_dags/example_external_task_marker_dag.py took 0.046 seconds
[2023-11-16T08:38:52.939+0000] {processor.py:157} INFO - Started process (PID=1121) to work on /home/airflow/.local/lib/python3.8/site-packages/airflow/example_dags/example_external_task_marker_dag.py
[2023-11-16T08:38:52.940+0000] {processor.py:829} INFO - Processing file /home/airflow/.local/lib/python3.8/site-packages/airflow/example_dags/example_external_task_marker_dag.py for tasks to queue
[2023-11-16T08:38:52.942+0000] {logging_mixin.py:151} INFO - [2023-11-16T08:38:52.942+0000] {dagbag.py:536} INFO - Filling up the DagBag from /home/airflow/.local/lib/python3.8/site-packages/airflow/example_dags/example_external_task_marker_dag.py
[2023-11-16T08:38:52.946+0000] {processor.py:839} INFO - DAG(s) dict_keys(['example_external_task_marker_child', 'example_external_task_marker_parent']) retrieved from /home/airflow/.local/lib/python3.8/site-packages/airflow/example_dags/example_external_task_marker_dag.py
[2023-11-16T08:38:52.962+0000] {logging_mixin.py:151} INFO - [2023-11-16T08:38:52.962+0000] {dag.py:2941} INFO - Sync 2 DAGs
[2023-11-16T08:38:52.971+0000] {logging_mixin.py:151} INFO - [2023-11-16T08:38:52.970+0000] {dag.py:3722} INFO - Setting next_dagrun for example_external_task_marker_child to None, run_after=None
[2023-11-16T08:38:52.973+0000] {logging_mixin.py:151} INFO - [2023-11-16T08:38:52.973+0000] {dag.py:3722} INFO - Setting next_dagrun for example_external_task_marker_parent to None, run_after=None
[2023-11-16T08:38:52.984+0000] {processor.py:179} INFO - Processing /home/airflow/.local/lib/python3.8/site-packages/airflow/example_dags/example_external_task_marker_dag.py took 0.046 seconds
[2023-11-16T08:39:23.030+0000] {processor.py:157} INFO - Started process (PID=1175) to work on /home/airflow/.local/lib/python3.8/site-packages/airflow/example_dags/example_external_task_marker_dag.py
[2023-11-16T08:39:23.031+0000] {processor.py:829} INFO - Processing file /home/airflow/.local/lib/python3.8/site-packages/airflow/example_dags/example_external_task_marker_dag.py for tasks to queue
[2023-11-16T08:39:23.032+0000] {logging_mixin.py:151} INFO - [2023-11-16T08:39:23.032+0000] {dagbag.py:536} INFO - Filling up the DagBag from /home/airflow/.local/lib/python3.8/site-packages/airflow/example_dags/example_external_task_marker_dag.py
[2023-11-16T08:39:23.036+0000] {processor.py:839} INFO - DAG(s) dict_keys(['example_external_task_marker_child', 'example_external_task_marker_parent']) retrieved from /home/airflow/.local/lib/python3.8/site-packages/airflow/example_dags/example_external_task_marker_dag.py
[2023-11-16T08:39:23.054+0000] {logging_mixin.py:151} INFO - [2023-11-16T08:39:23.054+0000] {dag.py:2941} INFO - Sync 2 DAGs
[2023-11-16T08:39:23.064+0000] {logging_mixin.py:151} INFO - [2023-11-16T08:39:23.064+0000] {dag.py:3722} INFO - Setting next_dagrun for example_external_task_marker_child to None, run_after=None
[2023-11-16T08:39:23.067+0000] {logging_mixin.py:151} INFO - [2023-11-16T08:39:23.067+0000] {dag.py:3722} INFO - Setting next_dagrun for example_external_task_marker_parent to None, run_after=None
[2023-11-16T08:39:23.082+0000] {processor.py:179} INFO - Processing /home/airflow/.local/lib/python3.8/site-packages/airflow/example_dags/example_external_task_marker_dag.py took 0.054 seconds
[2023-11-16T08:39:53.120+0000] {processor.py:157} INFO - Started process (PID=1229) to work on /home/airflow/.local/lib/python3.8/site-packages/airflow/example_dags/example_external_task_marker_dag.py
[2023-11-16T08:39:53.121+0000] {processor.py:829} INFO - Processing file /home/airflow/.local/lib/python3.8/site-packages/airflow/example_dags/example_external_task_marker_dag.py for tasks to queue
[2023-11-16T08:39:53.123+0000] {logging_mixin.py:151} INFO - [2023-11-16T08:39:53.123+0000] {dagbag.py:536} INFO - Filling up the DagBag from /home/airflow/.local/lib/python3.8/site-packages/airflow/example_dags/example_external_task_marker_dag.py
[2023-11-16T08:39:53.127+0000] {processor.py:839} INFO - DAG(s) dict_keys(['example_external_task_marker_parent', 'example_external_task_marker_child']) retrieved from /home/airflow/.local/lib/python3.8/site-packages/airflow/example_dags/example_external_task_marker_dag.py
[2023-11-16T08:39:53.144+0000] {logging_mixin.py:151} INFO - [2023-11-16T08:39:53.144+0000] {dag.py:2941} INFO - Sync 2 DAGs
[2023-11-16T08:39:53.155+0000] {logging_mixin.py:151} INFO - [2023-11-16T08:39:53.155+0000] {dag.py:3722} INFO - Setting next_dagrun for example_external_task_marker_child to None, run_after=None
[2023-11-16T08:39:53.158+0000] {logging_mixin.py:151} INFO - [2023-11-16T08:39:53.157+0000] {dag.py:3722} INFO - Setting next_dagrun for example_external_task_marker_parent to None, run_after=None
[2023-11-16T08:39:53.169+0000] {processor.py:179} INFO - Processing /home/airflow/.local/lib/python3.8/site-packages/airflow/example_dags/example_external_task_marker_dag.py took 0.051 seconds
[2023-11-16T08:40:23.296+0000] {processor.py:157} INFO - Started process (PID=1283) to work on /home/airflow/.local/lib/python3.8/site-packages/airflow/example_dags/example_external_task_marker_dag.py
[2023-11-16T08:40:23.297+0000] {processor.py:829} INFO - Processing file /home/airflow/.local/lib/python3.8/site-packages/airflow/example_dags/example_external_task_marker_dag.py for tasks to queue
[2023-11-16T08:40:23.299+0000] {logging_mixin.py:151} INFO - [2023-11-16T08:40:23.298+0000] {dagbag.py:536} INFO - Filling up the DagBag from /home/airflow/.local/lib/python3.8/site-packages/airflow/example_dags/example_external_task_marker_dag.py
[2023-11-16T08:40:23.304+0000] {processor.py:839} INFO - DAG(s) dict_keys(['example_external_task_marker_child', 'example_external_task_marker_parent']) retrieved from /home/airflow/.local/lib/python3.8/site-packages/airflow/example_dags/example_external_task_marker_dag.py
[2023-11-16T08:40:23.323+0000] {logging_mixin.py:151} INFO - [2023-11-16T08:40:23.323+0000] {dag.py:2941} INFO - Sync 2 DAGs
[2023-11-16T08:40:23.335+0000] {logging_mixin.py:151} INFO - [2023-11-16T08:40:23.335+0000] {dag.py:3722} INFO - Setting next_dagrun for example_external_task_marker_child to None, run_after=None
[2023-11-16T08:40:23.338+0000] {logging_mixin.py:151} INFO - [2023-11-16T08:40:23.338+0000] {dag.py:3722} INFO - Setting next_dagrun for example_external_task_marker_parent to None, run_after=None
[2023-11-16T08:40:23.352+0000] {processor.py:179} INFO - Processing /home/airflow/.local/lib/python3.8/site-packages/airflow/example_dags/example_external_task_marker_dag.py took 0.058 seconds
[2023-11-16T08:40:54.137+0000] {processor.py:157} INFO - Started process (PID=1337) to work on /home/airflow/.local/lib/python3.8/site-packages/airflow/example_dags/example_external_task_marker_dag.py
[2023-11-16T08:40:54.138+0000] {processor.py:829} INFO - Processing file /home/airflow/.local/lib/python3.8/site-packages/airflow/example_dags/example_external_task_marker_dag.py for tasks to queue
[2023-11-16T08:40:54.139+0000] {logging_mixin.py:151} INFO - [2023-11-16T08:40:54.139+0000] {dagbag.py:536} INFO - Filling up the DagBag from /home/airflow/.local/lib/python3.8/site-packages/airflow/example_dags/example_external_task_marker_dag.py
[2023-11-16T08:40:54.143+0000] {processor.py:839} INFO - DAG(s) dict_keys(['example_external_task_marker_child', 'example_external_task_marker_parent']) retrieved from /home/airflow/.local/lib/python3.8/site-packages/airflow/example_dags/example_external_task_marker_dag.py
[2023-11-16T08:40:54.158+0000] {logging_mixin.py:151} INFO - [2023-11-16T08:40:54.158+0000] {dag.py:2941} INFO - Sync 2 DAGs
[2023-11-16T08:40:54.166+0000] {logging_mixin.py:151} INFO - [2023-11-16T08:40:54.166+0000] {dag.py:3722} INFO - Setting next_dagrun for example_external_task_marker_child to None, run_after=None
[2023-11-16T08:40:54.169+0000] {logging_mixin.py:151} INFO - [2023-11-16T08:40:54.169+0000] {dag.py:3722} INFO - Setting next_dagrun for example_external_task_marker_parent to None, run_after=None
[2023-11-16T08:40:54.179+0000] {processor.py:179} INFO - Processing /home/airflow/.local/lib/python3.8/site-packages/airflow/example_dags/example_external_task_marker_dag.py took 0.045 seconds
[2023-11-16T08:41:24.216+0000] {processor.py:157} INFO - Started process (PID=1391) to work on /home/airflow/.local/lib/python3.8/site-packages/airflow/example_dags/example_external_task_marker_dag.py
[2023-11-16T08:41:24.216+0000] {processor.py:829} INFO - Processing file /home/airflow/.local/lib/python3.8/site-packages/airflow/example_dags/example_external_task_marker_dag.py for tasks to queue
[2023-11-16T08:41:24.218+0000] {logging_mixin.py:151} INFO - [2023-11-16T08:41:24.218+0000] {dagbag.py:536} INFO - Filling up the DagBag from /home/airflow/.local/lib/python3.8/site-packages/airflow/example_dags/example_external_task_marker_dag.py
[2023-11-16T08:41:24.221+0000] {processor.py:839} INFO - DAG(s) dict_keys(['example_external_task_marker_parent', 'example_external_task_marker_child']) retrieved from /home/airflow/.local/lib/python3.8/site-packages/airflow/example_dags/example_external_task_marker_dag.py
[2023-11-16T08:41:24.239+0000] {logging_mixin.py:151} INFO - [2023-11-16T08:41:24.239+0000] {dag.py:2941} INFO - Sync 2 DAGs
[2023-11-16T08:41:24.249+0000] {logging_mixin.py:151} INFO - [2023-11-16T08:41:24.248+0000] {dag.py:3722} INFO - Setting next_dagrun for example_external_task_marker_child to None, run_after=None
[2023-11-16T08:41:24.251+0000] {logging_mixin.py:151} INFO - [2023-11-16T08:41:24.251+0000] {dag.py:3722} INFO - Setting next_dagrun for example_external_task_marker_parent to None, run_after=None
[2023-11-16T08:41:24.262+0000] {processor.py:179} INFO - Processing /home/airflow/.local/lib/python3.8/site-packages/airflow/example_dags/example_external_task_marker_dag.py took 0.049 seconds
[2023-11-16T08:41:54.437+0000] {processor.py:157} INFO - Started process (PID=1445) to work on /home/airflow/.local/lib/python3.8/site-packages/airflow/example_dags/example_external_task_marker_dag.py
[2023-11-16T08:41:54.438+0000] {processor.py:829} INFO - Processing file /home/airflow/.local/lib/python3.8/site-packages/airflow/example_dags/example_external_task_marker_dag.py for tasks to queue
[2023-11-16T08:41:54.440+0000] {logging_mixin.py:151} INFO - [2023-11-16T08:41:54.439+0000] {dagbag.py:536} INFO - Filling up the DagBag from /home/airflow/.local/lib/python3.8/site-packages/airflow/example_dags/example_external_task_marker_dag.py
[2023-11-16T08:41:54.443+0000] {processor.py:839} INFO - DAG(s) dict_keys(['example_external_task_marker_child', 'example_external_task_marker_parent']) retrieved from /home/airflow/.local/lib/python3.8/site-packages/airflow/example_dags/example_external_task_marker_dag.py
[2023-11-16T08:41:54.459+0000] {logging_mixin.py:151} INFO - [2023-11-16T08:41:54.459+0000] {dag.py:2941} INFO - Sync 2 DAGs
[2023-11-16T08:41:54.468+0000] {logging_mixin.py:151} INFO - [2023-11-16T08:41:54.468+0000] {dag.py:3722} INFO - Setting next_dagrun for example_external_task_marker_child to None, run_after=None
[2023-11-16T08:41:54.470+0000] {logging_mixin.py:151} INFO - [2023-11-16T08:41:54.470+0000] {dag.py:3722} INFO - Setting next_dagrun for example_external_task_marker_parent to None, run_after=None
[2023-11-16T08:41:54.481+0000] {processor.py:179} INFO - Processing /home/airflow/.local/lib/python3.8/site-packages/airflow/example_dags/example_external_task_marker_dag.py took 0.046 seconds
[2023-11-16T08:42:25.348+0000] {processor.py:157} INFO - Started process (PID=1499) to work on /home/airflow/.local/lib/python3.8/site-packages/airflow/example_dags/example_external_task_marker_dag.py
[2023-11-16T08:42:25.349+0000] {processor.py:829} INFO - Processing file /home/airflow/.local/lib/python3.8/site-packages/airflow/example_dags/example_external_task_marker_dag.py for tasks to queue
[2023-11-16T08:42:25.350+0000] {logging_mixin.py:151} INFO - [2023-11-16T08:42:25.350+0000] {dagbag.py:536} INFO - Filling up the DagBag from /home/airflow/.local/lib/python3.8/site-packages/airflow/example_dags/example_external_task_marker_dag.py
[2023-11-16T08:42:25.354+0000] {processor.py:839} INFO - DAG(s) dict_keys(['example_external_task_marker_child', 'example_external_task_marker_parent']) retrieved from /home/airflow/.local/lib/python3.8/site-packages/airflow/example_dags/example_external_task_marker_dag.py
[2023-11-16T08:42:25.369+0000] {logging_mixin.py:151} INFO - [2023-11-16T08:42:25.369+0000] {dag.py:2941} INFO - Sync 2 DAGs
[2023-11-16T08:42:25.378+0000] {logging_mixin.py:151} INFO - [2023-11-16T08:42:25.378+0000] {dag.py:3722} INFO - Setting next_dagrun for example_external_task_marker_child to None, run_after=None
[2023-11-16T08:42:25.380+0000] {logging_mixin.py:151} INFO - [2023-11-16T08:42:25.380+0000] {dag.py:3722} INFO - Setting next_dagrun for example_external_task_marker_parent to None, run_after=None
[2023-11-16T08:42:25.391+0000] {processor.py:179} INFO - Processing /home/airflow/.local/lib/python3.8/site-packages/airflow/example_dags/example_external_task_marker_dag.py took 0.044 seconds
[2023-11-16T08:42:56.136+0000] {processor.py:157} INFO - Started process (PID=1553) to work on /home/airflow/.local/lib/python3.8/site-packages/airflow/example_dags/example_external_task_marker_dag.py
[2023-11-16T08:42:56.137+0000] {processor.py:829} INFO - Processing file /home/airflow/.local/lib/python3.8/site-packages/airflow/example_dags/example_external_task_marker_dag.py for tasks to queue
[2023-11-16T08:42:56.138+0000] {logging_mixin.py:151} INFO - [2023-11-16T08:42:56.138+0000] {dagbag.py:536} INFO - Filling up the DagBag from /home/airflow/.local/lib/python3.8/site-packages/airflow/example_dags/example_external_task_marker_dag.py
[2023-11-16T08:42:56.142+0000] {processor.py:839} INFO - DAG(s) dict_keys(['example_external_task_marker_child', 'example_external_task_marker_parent']) retrieved from /home/airflow/.local/lib/python3.8/site-packages/airflow/example_dags/example_external_task_marker_dag.py
[2023-11-16T08:42:56.157+0000] {logging_mixin.py:151} INFO - [2023-11-16T08:42:56.157+0000] {dag.py:2941} INFO - Sync 2 DAGs
[2023-11-16T08:42:56.166+0000] {logging_mixin.py:151} INFO - [2023-11-16T08:42:56.165+0000] {dag.py:3722} INFO - Setting next_dagrun for example_external_task_marker_child to None, run_after=None
[2023-11-16T08:42:56.168+0000] {logging_mixin.py:151} INFO - [2023-11-16T08:42:56.168+0000] {dag.py:3722} INFO - Setting next_dagrun for example_external_task_marker_parent to None, run_after=None
[2023-11-16T08:42:56.178+0000] {processor.py:179} INFO - Processing /home/airflow/.local/lib/python3.8/site-packages/airflow/example_dags/example_external_task_marker_dag.py took 0.044 seconds
[2023-11-16T08:43:26.663+0000] {processor.py:157} INFO - Started process (PID=1607) to work on /home/airflow/.local/lib/python3.8/site-packages/airflow/example_dags/example_external_task_marker_dag.py
[2023-11-16T08:43:26.665+0000] {processor.py:829} INFO - Processing file /home/airflow/.local/lib/python3.8/site-packages/airflow/example_dags/example_external_task_marker_dag.py for tasks to queue
[2023-11-16T08:43:26.666+0000] {logging_mixin.py:151} INFO - [2023-11-16T08:43:26.666+0000] {dagbag.py:536} INFO - Filling up the DagBag from /home/airflow/.local/lib/python3.8/site-packages/airflow/example_dags/example_external_task_marker_dag.py
[2023-11-16T08:43:26.670+0000] {processor.py:839} INFO - DAG(s) dict_keys(['example_external_task_marker_parent', 'example_external_task_marker_child']) retrieved from /home/airflow/.local/lib/python3.8/site-packages/airflow/example_dags/example_external_task_marker_dag.py
[2023-11-16T08:43:26.685+0000] {logging_mixin.py:151} INFO - [2023-11-16T08:43:26.685+0000] {dag.py:2941} INFO - Sync 2 DAGs
[2023-11-16T08:43:26.694+0000] {logging_mixin.py:151} INFO - [2023-11-16T08:43:26.694+0000] {dag.py:3722} INFO - Setting next_dagrun for example_external_task_marker_child to None, run_after=None
[2023-11-16T08:43:26.696+0000] {logging_mixin.py:151} INFO - [2023-11-16T08:43:26.696+0000] {dag.py:3722} INFO - Setting next_dagrun for example_external_task_marker_parent to None, run_after=None
[2023-11-16T08:43:26.707+0000] {processor.py:179} INFO - Processing /home/airflow/.local/lib/python3.8/site-packages/airflow/example_dags/example_external_task_marker_dag.py took 0.045 seconds
[2023-11-16T08:43:56.929+0000] {processor.py:157} INFO - Started process (PID=1661) to work on /home/airflow/.local/lib/python3.8/site-packages/airflow/example_dags/example_external_task_marker_dag.py
[2023-11-16T08:43:56.930+0000] {processor.py:829} INFO - Processing file /home/airflow/.local/lib/python3.8/site-packages/airflow/example_dags/example_external_task_marker_dag.py for tasks to queue
[2023-11-16T08:43:56.932+0000] {logging_mixin.py:151} INFO - [2023-11-16T08:43:56.932+0000] {dagbag.py:536} INFO - Filling up the DagBag from /home/airflow/.local/lib/python3.8/site-packages/airflow/example_dags/example_external_task_marker_dag.py
[2023-11-16T08:43:56.937+0000] {processor.py:839} INFO - DAG(s) dict_keys(['example_external_task_marker_parent', 'example_external_task_marker_child']) retrieved from /home/airflow/.local/lib/python3.8/site-packages/airflow/example_dags/example_external_task_marker_dag.py
[2023-11-16T08:43:56.958+0000] {logging_mixin.py:151} INFO - [2023-11-16T08:43:56.958+0000] {dag.py:2941} INFO - Sync 2 DAGs
[2023-11-16T08:43:56.969+0000] {logging_mixin.py:151} INFO - [2023-11-16T08:43:56.969+0000] {dag.py:3722} INFO - Setting next_dagrun for example_external_task_marker_child to None, run_after=None
[2023-11-16T08:43:56.973+0000] {logging_mixin.py:151} INFO - [2023-11-16T08:43:56.972+0000] {dag.py:3722} INFO - Setting next_dagrun for example_external_task_marker_parent to None, run_after=None
[2023-11-16T08:43:56.986+0000] {processor.py:179} INFO - Processing /home/airflow/.local/lib/python3.8/site-packages/airflow/example_dags/example_external_task_marker_dag.py took 0.059 seconds
[2023-11-16T08:44:27.300+0000] {processor.py:157} INFO - Started process (PID=1715) to work on /home/airflow/.local/lib/python3.8/site-packages/airflow/example_dags/example_external_task_marker_dag.py
[2023-11-16T08:44:27.301+0000] {processor.py:829} INFO - Processing file /home/airflow/.local/lib/python3.8/site-packages/airflow/example_dags/example_external_task_marker_dag.py for tasks to queue
[2023-11-16T08:44:27.302+0000] {logging_mixin.py:151} INFO - [2023-11-16T08:44:27.302+0000] {dagbag.py:536} INFO - Filling up the DagBag from /home/airflow/.local/lib/python3.8/site-packages/airflow/example_dags/example_external_task_marker_dag.py
[2023-11-16T08:44:27.306+0000] {processor.py:839} INFO - DAG(s) dict_keys(['example_external_task_marker_parent', 'example_external_task_marker_child']) retrieved from /home/airflow/.local/lib/python3.8/site-packages/airflow/example_dags/example_external_task_marker_dag.py
[2023-11-16T08:44:27.321+0000] {logging_mixin.py:151} INFO - [2023-11-16T08:44:27.321+0000] {dag.py:2941} INFO - Sync 2 DAGs
[2023-11-16T08:44:27.330+0000] {logging_mixin.py:151} INFO - [2023-11-16T08:44:27.330+0000] {dag.py:3722} INFO - Setting next_dagrun for example_external_task_marker_child to None, run_after=None
[2023-11-16T08:44:27.333+0000] {logging_mixin.py:151} INFO - [2023-11-16T08:44:27.332+0000] {dag.py:3722} INFO - Setting next_dagrun for example_external_task_marker_parent to None, run_after=None
[2023-11-16T08:44:27.343+0000] {processor.py:179} INFO - Processing /home/airflow/.local/lib/python3.8/site-packages/airflow/example_dags/example_external_task_marker_dag.py took 0.045 seconds
[2023-11-16T08:44:57.424+0000] {processor.py:157} INFO - Started process (PID=1769) to work on /home/airflow/.local/lib/python3.8/site-packages/airflow/example_dags/example_external_task_marker_dag.py
[2023-11-16T08:44:57.425+0000] {processor.py:829} INFO - Processing file /home/airflow/.local/lib/python3.8/site-packages/airflow/example_dags/example_external_task_marker_dag.py for tasks to queue
[2023-11-16T08:44:57.427+0000] {logging_mixin.py:151} INFO - [2023-11-16T08:44:57.427+0000] {dagbag.py:536} INFO - Filling up the DagBag from /home/airflow/.local/lib/python3.8/site-packages/airflow/example_dags/example_external_task_marker_dag.py
[2023-11-16T08:44:57.431+0000] {processor.py:839} INFO - DAG(s) dict_keys(['example_external_task_marker_parent', 'example_external_task_marker_child']) retrieved from /home/airflow/.local/lib/python3.8/site-packages/airflow/example_dags/example_external_task_marker_dag.py
[2023-11-16T08:44:57.450+0000] {logging_mixin.py:151} INFO - [2023-11-16T08:44:57.450+0000] {dag.py:2941} INFO - Sync 2 DAGs
[2023-11-16T08:44:57.461+0000] {logging_mixin.py:151} INFO - [2023-11-16T08:44:57.461+0000] {dag.py:3722} INFO - Setting next_dagrun for example_external_task_marker_child to None, run_after=None
[2023-11-16T08:44:57.464+0000] {logging_mixin.py:151} INFO - [2023-11-16T08:44:57.464+0000] {dag.py:3722} INFO - Setting next_dagrun for example_external_task_marker_parent to None, run_after=None
[2023-11-16T08:44:57.479+0000] {processor.py:179} INFO - Processing /home/airflow/.local/lib/python3.8/site-packages/airflow/example_dags/example_external_task_marker_dag.py took 0.057 seconds
[2023-11-16T08:45:28.328+0000] {processor.py:157} INFO - Started process (PID=1823) to work on /home/airflow/.local/lib/python3.8/site-packages/airflow/example_dags/example_external_task_marker_dag.py
[2023-11-16T08:45:28.329+0000] {processor.py:829} INFO - Processing file /home/airflow/.local/lib/python3.8/site-packages/airflow/example_dags/example_external_task_marker_dag.py for tasks to queue
[2023-11-16T08:45:28.330+0000] {logging_mixin.py:151} INFO - [2023-11-16T08:45:28.330+0000] {dagbag.py:536} INFO - Filling up the DagBag from /home/airflow/.local/lib/python3.8/site-packages/airflow/example_dags/example_external_task_marker_dag.py
[2023-11-16T08:45:28.334+0000] {processor.py:839} INFO - DAG(s) dict_keys(['example_external_task_marker_parent', 'example_external_task_marker_child']) retrieved from /home/airflow/.local/lib/python3.8/site-packages/airflow/example_dags/example_external_task_marker_dag.py
[2023-11-16T08:45:28.350+0000] {logging_mixin.py:151} INFO - [2023-11-16T08:45:28.350+0000] {dag.py:2941} INFO - Sync 2 DAGs
[2023-11-16T08:45:28.359+0000] {logging_mixin.py:151} INFO - [2023-11-16T08:45:28.359+0000] {dag.py:3722} INFO - Setting next_dagrun for example_external_task_marker_child to None, run_after=None
[2023-11-16T08:45:28.361+0000] {logging_mixin.py:151} INFO - [2023-11-16T08:45:28.361+0000] {dag.py:3722} INFO - Setting next_dagrun for example_external_task_marker_parent to None, run_after=None
[2023-11-16T08:45:28.372+0000] {processor.py:179} INFO - Processing /home/airflow/.local/lib/python3.8/site-packages/airflow/example_dags/example_external_task_marker_dag.py took 0.047 seconds
[2023-11-16T08:45:58.407+0000] {processor.py:157} INFO - Started process (PID=1877) to work on /home/airflow/.local/lib/python3.8/site-packages/airflow/example_dags/example_external_task_marker_dag.py
[2023-11-16T08:45:58.408+0000] {processor.py:829} INFO - Processing file /home/airflow/.local/lib/python3.8/site-packages/airflow/example_dags/example_external_task_marker_dag.py for tasks to queue
[2023-11-16T08:45:58.409+0000] {logging_mixin.py:151} INFO - [2023-11-16T08:45:58.409+0000] {dagbag.py:536} INFO - Filling up the DagBag from /home/airflow/.local/lib/python3.8/site-packages/airflow/example_dags/example_external_task_marker_dag.py
[2023-11-16T08:45:58.413+0000] {processor.py:839} INFO - DAG(s) dict_keys(['example_external_task_marker_child', 'example_external_task_marker_parent']) retrieved from /home/airflow/.local/lib/python3.8/site-packages/airflow/example_dags/example_external_task_marker_dag.py
[2023-11-16T08:45:58.429+0000] {logging_mixin.py:151} INFO - [2023-11-16T08:45:58.429+0000] {dag.py:2941} INFO - Sync 2 DAGs
[2023-11-16T08:45:58.438+0000] {logging_mixin.py:151} INFO - [2023-11-16T08:45:58.438+0000] {dag.py:3722} INFO - Setting next_dagrun for example_external_task_marker_child to None, run_after=None
[2023-11-16T08:45:58.440+0000] {logging_mixin.py:151} INFO - [2023-11-16T08:45:58.440+0000] {dag.py:3722} INFO - Setting next_dagrun for example_external_task_marker_parent to None, run_after=None
[2023-11-16T08:45:58.566+0000] {processor.py:179} INFO - Processing /home/airflow/.local/lib/python3.8/site-packages/airflow/example_dags/example_external_task_marker_dag.py took 0.161 seconds
