[2023-11-16T08:28:50.618+0000] {processor.py:157} INFO - Started process (PID=64) to work on /home/airflow/.local/lib/python3.8/site-packages/airflow/example_dags/example_branch_datetime_operator.py
[2023-11-16T08:28:50.619+0000] {processor.py:829} INFO - Processing file /home/airflow/.local/lib/python3.8/site-packages/airflow/example_dags/example_branch_datetime_operator.py for tasks to queue
[2023-11-16T08:28:50.623+0000] {logging_mixin.py:151} INFO - [2023-11-16T08:28:50.623+0000] {dagbag.py:536} INFO - Filling up the DagBag from /home/airflow/.local/lib/python3.8/site-packages/airflow/example_dags/example_branch_datetime_operator.py
[2023-11-16T08:28:50.645+0000] {processor.py:839} INFO - DAG(s) dict_keys(['example_branch_datetime_operator_3', 'example_branch_datetime_operator_2', 'example_branch_datetime_operator']) retrieved from /home/airflow/.local/lib/python3.8/site-packages/airflow/example_dags/example_branch_datetime_operator.py
[2023-11-16T08:28:50.702+0000] {logging_mixin.py:151} INFO - [2023-11-16T08:28:50.701+0000] {dag.py:2941} INFO - Sync 3 DAGs
[2023-11-16T08:28:50.748+0000] {logging_mixin.py:151} INFO - [2023-11-16T08:28:50.748+0000] {dag.py:3722} INFO - Setting next_dagrun for example_branch_datetime_operator to 2023-11-15T00:00:00+00:00, run_after=2023-11-16T00:00:00+00:00
[2023-11-16T08:28:50.759+0000] {logging_mixin.py:151} INFO - [2023-11-16T08:28:50.758+0000] {dag.py:3722} INFO - Setting next_dagrun for example_branch_datetime_operator_2 to 2023-11-15T00:00:00+00:00, run_after=2023-11-16T00:00:00+00:00
[2023-11-16T08:28:50.765+0000] {logging_mixin.py:151} INFO - [2023-11-16T08:28:50.765+0000] {dag.py:3722} INFO - Setting next_dagrun for example_branch_datetime_operator_3 to 2023-11-15T00:00:00+00:00, run_after=2023-11-16T00:00:00+00:00
[2023-11-16T08:28:50.811+0000] {processor.py:179} INFO - Processing /home/airflow/.local/lib/python3.8/site-packages/airflow/example_dags/example_branch_datetime_operator.py took 0.197 seconds
[2023-11-16T08:29:21.185+0000] {processor.py:157} INFO - Started process (PID=118) to work on /home/airflow/.local/lib/python3.8/site-packages/airflow/example_dags/example_branch_datetime_operator.py
[2023-11-16T08:29:21.186+0000] {processor.py:829} INFO - Processing file /home/airflow/.local/lib/python3.8/site-packages/airflow/example_dags/example_branch_datetime_operator.py for tasks to queue
[2023-11-16T08:29:21.188+0000] {logging_mixin.py:151} INFO - [2023-11-16T08:29:21.188+0000] {dagbag.py:536} INFO - Filling up the DagBag from /home/airflow/.local/lib/python3.8/site-packages/airflow/example_dags/example_branch_datetime_operator.py
[2023-11-16T08:29:21.195+0000] {processor.py:839} INFO - DAG(s) dict_keys(['example_branch_datetime_operator_2', 'example_branch_datetime_operator', 'example_branch_datetime_operator_3']) retrieved from /home/airflow/.local/lib/python3.8/site-packages/airflow/example_dags/example_branch_datetime_operator.py
[2023-11-16T08:29:21.216+0000] {logging_mixin.py:151} INFO - [2023-11-16T08:29:21.216+0000] {dag.py:2941} INFO - Sync 3 DAGs
[2023-11-16T08:29:21.234+0000] {logging_mixin.py:151} INFO - [2023-11-16T08:29:21.234+0000] {dag.py:3722} INFO - Setting next_dagrun for example_branch_datetime_operator to 2023-11-15T00:00:00+00:00, run_after=2023-11-16T00:00:00+00:00
[2023-11-16T08:29:21.239+0000] {logging_mixin.py:151} INFO - [2023-11-16T08:29:21.239+0000] {dag.py:3722} INFO - Setting next_dagrun for example_branch_datetime_operator_2 to 2023-11-15T00:00:00+00:00, run_after=2023-11-16T00:00:00+00:00
[2023-11-16T08:29:21.241+0000] {logging_mixin.py:151} INFO - [2023-11-16T08:29:21.241+0000] {dag.py:3722} INFO - Setting next_dagrun for example_branch_datetime_operator_3 to 2023-11-15T00:00:00+00:00, run_after=2023-11-16T00:00:00+00:00
[2023-11-16T08:29:21.253+0000] {processor.py:179} INFO - Processing /home/airflow/.local/lib/python3.8/site-packages/airflow/example_dags/example_branch_datetime_operator.py took 0.072 seconds
[2023-11-16T08:29:52.047+0000] {processor.py:157} INFO - Started process (PID=172) to work on /home/airflow/.local/lib/python3.8/site-packages/airflow/example_dags/example_branch_datetime_operator.py
[2023-11-16T08:29:52.048+0000] {processor.py:829} INFO - Processing file /home/airflow/.local/lib/python3.8/site-packages/airflow/example_dags/example_branch_datetime_operator.py for tasks to queue
[2023-11-16T08:29:52.050+0000] {logging_mixin.py:151} INFO - [2023-11-16T08:29:52.049+0000] {dagbag.py:536} INFO - Filling up the DagBag from /home/airflow/.local/lib/python3.8/site-packages/airflow/example_dags/example_branch_datetime_operator.py
[2023-11-16T08:29:52.057+0000] {processor.py:839} INFO - DAG(s) dict_keys(['example_branch_datetime_operator', 'example_branch_datetime_operator_3', 'example_branch_datetime_operator_2']) retrieved from /home/airflow/.local/lib/python3.8/site-packages/airflow/example_dags/example_branch_datetime_operator.py
[2023-11-16T08:29:52.075+0000] {logging_mixin.py:151} INFO - [2023-11-16T08:29:52.075+0000] {dag.py:2941} INFO - Sync 3 DAGs
[2023-11-16T08:29:52.092+0000] {logging_mixin.py:151} INFO - [2023-11-16T08:29:52.092+0000] {dag.py:3722} INFO - Setting next_dagrun for example_branch_datetime_operator to 2023-11-15T00:00:00+00:00, run_after=2023-11-16T00:00:00+00:00
[2023-11-16T08:29:52.096+0000] {logging_mixin.py:151} INFO - [2023-11-16T08:29:52.095+0000] {dag.py:3722} INFO - Setting next_dagrun for example_branch_datetime_operator_2 to 2023-11-15T00:00:00+00:00, run_after=2023-11-16T00:00:00+00:00
[2023-11-16T08:29:52.098+0000] {logging_mixin.py:151} INFO - [2023-11-16T08:29:52.098+0000] {dag.py:3722} INFO - Setting next_dagrun for example_branch_datetime_operator_3 to 2023-11-15T00:00:00+00:00, run_after=2023-11-16T00:00:00+00:00
[2023-11-16T08:29:52.109+0000] {processor.py:179} INFO - Processing /home/airflow/.local/lib/python3.8/site-packages/airflow/example_dags/example_branch_datetime_operator.py took 0.064 seconds
[2023-11-16T08:30:22.133+0000] {processor.py:157} INFO - Started process (PID=226) to work on /home/airflow/.local/lib/python3.8/site-packages/airflow/example_dags/example_branch_datetime_operator.py
[2023-11-16T08:30:22.134+0000] {processor.py:829} INFO - Processing file /home/airflow/.local/lib/python3.8/site-packages/airflow/example_dags/example_branch_datetime_operator.py for tasks to queue
[2023-11-16T08:30:22.135+0000] {logging_mixin.py:151} INFO - [2023-11-16T08:30:22.135+0000] {dagbag.py:536} INFO - Filling up the DagBag from /home/airflow/.local/lib/python3.8/site-packages/airflow/example_dags/example_branch_datetime_operator.py
[2023-11-16T08:30:22.141+0000] {processor.py:839} INFO - DAG(s) dict_keys(['example_branch_datetime_operator', 'example_branch_datetime_operator_3', 'example_branch_datetime_operator_2']) retrieved from /home/airflow/.local/lib/python3.8/site-packages/airflow/example_dags/example_branch_datetime_operator.py
[2023-11-16T08:30:22.159+0000] {logging_mixin.py:151} INFO - [2023-11-16T08:30:22.159+0000] {dag.py:2941} INFO - Sync 3 DAGs
[2023-11-16T08:30:22.175+0000] {logging_mixin.py:151} INFO - [2023-11-16T08:30:22.175+0000] {dag.py:3722} INFO - Setting next_dagrun for example_branch_datetime_operator to 2023-11-15T00:00:00+00:00, run_after=2023-11-16T00:00:00+00:00
[2023-11-16T08:30:22.179+0000] {logging_mixin.py:151} INFO - [2023-11-16T08:30:22.179+0000] {dag.py:3722} INFO - Setting next_dagrun for example_branch_datetime_operator_2 to 2023-11-15T00:00:00+00:00, run_after=2023-11-16T00:00:00+00:00
[2023-11-16T08:30:22.181+0000] {logging_mixin.py:151} INFO - [2023-11-16T08:30:22.181+0000] {dag.py:3722} INFO - Setting next_dagrun for example_branch_datetime_operator_3 to 2023-11-15T00:00:00+00:00, run_after=2023-11-16T00:00:00+00:00
[2023-11-16T08:30:22.193+0000] {processor.py:179} INFO - Processing /home/airflow/.local/lib/python3.8/site-packages/airflow/example_dags/example_branch_datetime_operator.py took 0.062 seconds
[2023-11-16T08:30:53.168+0000] {processor.py:157} INFO - Started process (PID=280) to work on /home/airflow/.local/lib/python3.8/site-packages/airflow/example_dags/example_branch_datetime_operator.py
[2023-11-16T08:30:53.169+0000] {processor.py:829} INFO - Processing file /home/airflow/.local/lib/python3.8/site-packages/airflow/example_dags/example_branch_datetime_operator.py for tasks to queue
[2023-11-16T08:30:53.171+0000] {logging_mixin.py:151} INFO - [2023-11-16T08:30:53.170+0000] {dagbag.py:536} INFO - Filling up the DagBag from /home/airflow/.local/lib/python3.8/site-packages/airflow/example_dags/example_branch_datetime_operator.py
[2023-11-16T08:30:53.177+0000] {processor.py:839} INFO - DAG(s) dict_keys(['example_branch_datetime_operator', 'example_branch_datetime_operator_2', 'example_branch_datetime_operator_3']) retrieved from /home/airflow/.local/lib/python3.8/site-packages/airflow/example_dags/example_branch_datetime_operator.py
[2023-11-16T08:30:53.195+0000] {logging_mixin.py:151} INFO - [2023-11-16T08:30:53.195+0000] {dag.py:2941} INFO - Sync 3 DAGs
[2023-11-16T08:30:53.211+0000] {logging_mixin.py:151} INFO - [2023-11-16T08:30:53.211+0000] {dag.py:3722} INFO - Setting next_dagrun for example_branch_datetime_operator to 2023-11-15T00:00:00+00:00, run_after=2023-11-16T00:00:00+00:00
[2023-11-16T08:30:53.214+0000] {logging_mixin.py:151} INFO - [2023-11-16T08:30:53.214+0000] {dag.py:3722} INFO - Setting next_dagrun for example_branch_datetime_operator_2 to 2023-11-15T00:00:00+00:00, run_after=2023-11-16T00:00:00+00:00
[2023-11-16T08:30:53.216+0000] {logging_mixin.py:151} INFO - [2023-11-16T08:30:53.216+0000] {dag.py:3722} INFO - Setting next_dagrun for example_branch_datetime_operator_3 to 2023-11-15T00:00:00+00:00, run_after=2023-11-16T00:00:00+00:00
[2023-11-16T08:30:53.228+0000] {processor.py:179} INFO - Processing /home/airflow/.local/lib/python3.8/site-packages/airflow/example_dags/example_branch_datetime_operator.py took 0.062 seconds
[2023-11-16T08:31:23.513+0000] {processor.py:157} INFO - Started process (PID=334) to work on /home/airflow/.local/lib/python3.8/site-packages/airflow/example_dags/example_branch_datetime_operator.py
[2023-11-16T08:31:23.514+0000] {processor.py:829} INFO - Processing file /home/airflow/.local/lib/python3.8/site-packages/airflow/example_dags/example_branch_datetime_operator.py for tasks to queue
[2023-11-16T08:31:23.515+0000] {logging_mixin.py:151} INFO - [2023-11-16T08:31:23.515+0000] {dagbag.py:536} INFO - Filling up the DagBag from /home/airflow/.local/lib/python3.8/site-packages/airflow/example_dags/example_branch_datetime_operator.py
[2023-11-16T08:31:23.522+0000] {processor.py:839} INFO - DAG(s) dict_keys(['example_branch_datetime_operator_2', 'example_branch_datetime_operator', 'example_branch_datetime_operator_3']) retrieved from /home/airflow/.local/lib/python3.8/site-packages/airflow/example_dags/example_branch_datetime_operator.py
[2023-11-16T08:31:23.539+0000] {logging_mixin.py:151} INFO - [2023-11-16T08:31:23.539+0000] {dag.py:2941} INFO - Sync 3 DAGs
[2023-11-16T08:31:23.555+0000] {logging_mixin.py:151} INFO - [2023-11-16T08:31:23.555+0000] {dag.py:3722} INFO - Setting next_dagrun for example_branch_datetime_operator to 2023-11-15T00:00:00+00:00, run_after=2023-11-16T00:00:00+00:00
[2023-11-16T08:31:23.559+0000] {logging_mixin.py:151} INFO - [2023-11-16T08:31:23.558+0000] {dag.py:3722} INFO - Setting next_dagrun for example_branch_datetime_operator_2 to 2023-11-15T00:00:00+00:00, run_after=2023-11-16T00:00:00+00:00
[2023-11-16T08:31:23.560+0000] {logging_mixin.py:151} INFO - [2023-11-16T08:31:23.560+0000] {dag.py:3722} INFO - Setting next_dagrun for example_branch_datetime_operator_3 to 2023-11-15T00:00:00+00:00, run_after=2023-11-16T00:00:00+00:00
[2023-11-16T08:31:23.572+0000] {processor.py:179} INFO - Processing /home/airflow/.local/lib/python3.8/site-packages/airflow/example_dags/example_branch_datetime_operator.py took 0.062 seconds
[2023-11-16T08:31:53.766+0000] {processor.py:157} INFO - Started process (PID=388) to work on /home/airflow/.local/lib/python3.8/site-packages/airflow/example_dags/example_branch_datetime_operator.py
[2023-11-16T08:31:53.767+0000] {processor.py:829} INFO - Processing file /home/airflow/.local/lib/python3.8/site-packages/airflow/example_dags/example_branch_datetime_operator.py for tasks to queue
[2023-11-16T08:31:53.768+0000] {logging_mixin.py:151} INFO - [2023-11-16T08:31:53.768+0000] {dagbag.py:536} INFO - Filling up the DagBag from /home/airflow/.local/lib/python3.8/site-packages/airflow/example_dags/example_branch_datetime_operator.py
[2023-11-16T08:31:53.775+0000] {processor.py:839} INFO - DAG(s) dict_keys(['example_branch_datetime_operator_2', 'example_branch_datetime_operator', 'example_branch_datetime_operator_3']) retrieved from /home/airflow/.local/lib/python3.8/site-packages/airflow/example_dags/example_branch_datetime_operator.py
[2023-11-16T08:31:53.793+0000] {logging_mixin.py:151} INFO - [2023-11-16T08:31:53.793+0000] {dag.py:2941} INFO - Sync 3 DAGs
[2023-11-16T08:31:53.810+0000] {logging_mixin.py:151} INFO - [2023-11-16T08:31:53.810+0000] {dag.py:3722} INFO - Setting next_dagrun for example_branch_datetime_operator to 2023-11-15T00:00:00+00:00, run_after=2023-11-16T00:00:00+00:00
[2023-11-16T08:31:53.814+0000] {logging_mixin.py:151} INFO - [2023-11-16T08:31:53.814+0000] {dag.py:3722} INFO - Setting next_dagrun for example_branch_datetime_operator_2 to 2023-11-15T00:00:00+00:00, run_after=2023-11-16T00:00:00+00:00
[2023-11-16T08:31:53.816+0000] {logging_mixin.py:151} INFO - [2023-11-16T08:31:53.816+0000] {dag.py:3722} INFO - Setting next_dagrun for example_branch_datetime_operator_3 to 2023-11-15T00:00:00+00:00, run_after=2023-11-16T00:00:00+00:00
[2023-11-16T08:31:53.827+0000] {processor.py:179} INFO - Processing /home/airflow/.local/lib/python3.8/site-packages/airflow/example_dags/example_branch_datetime_operator.py took 0.063 seconds
[2023-11-16T08:32:23.885+0000] {processor.py:157} INFO - Started process (PID=442) to work on /home/airflow/.local/lib/python3.8/site-packages/airflow/example_dags/example_branch_datetime_operator.py
[2023-11-16T08:32:23.886+0000] {processor.py:829} INFO - Processing file /home/airflow/.local/lib/python3.8/site-packages/airflow/example_dags/example_branch_datetime_operator.py for tasks to queue
[2023-11-16T08:32:23.887+0000] {logging_mixin.py:151} INFO - [2023-11-16T08:32:23.887+0000] {dagbag.py:536} INFO - Filling up the DagBag from /home/airflow/.local/lib/python3.8/site-packages/airflow/example_dags/example_branch_datetime_operator.py
[2023-11-16T08:32:23.893+0000] {processor.py:839} INFO - DAG(s) dict_keys(['example_branch_datetime_operator_3', 'example_branch_datetime_operator', 'example_branch_datetime_operator_2']) retrieved from /home/airflow/.local/lib/python3.8/site-packages/airflow/example_dags/example_branch_datetime_operator.py
[2023-11-16T08:32:23.911+0000] {logging_mixin.py:151} INFO - [2023-11-16T08:32:23.911+0000] {dag.py:2941} INFO - Sync 3 DAGs
[2023-11-16T08:32:23.926+0000] {logging_mixin.py:151} INFO - [2023-11-16T08:32:23.926+0000] {dag.py:3722} INFO - Setting next_dagrun for example_branch_datetime_operator to 2023-11-15T00:00:00+00:00, run_after=2023-11-16T00:00:00+00:00
[2023-11-16T08:32:23.930+0000] {logging_mixin.py:151} INFO - [2023-11-16T08:32:23.930+0000] {dag.py:3722} INFO - Setting next_dagrun for example_branch_datetime_operator_2 to 2023-11-15T00:00:00+00:00, run_after=2023-11-16T00:00:00+00:00
[2023-11-16T08:32:23.932+0000] {logging_mixin.py:151} INFO - [2023-11-16T08:32:23.931+0000] {dag.py:3722} INFO - Setting next_dagrun for example_branch_datetime_operator_3 to 2023-11-15T00:00:00+00:00, run_after=2023-11-16T00:00:00+00:00
[2023-11-16T08:32:23.943+0000] {processor.py:179} INFO - Processing /home/airflow/.local/lib/python3.8/site-packages/airflow/example_dags/example_branch_datetime_operator.py took 0.060 seconds
[2023-11-16T08:32:54.187+0000] {processor.py:157} INFO - Started process (PID=496) to work on /home/airflow/.local/lib/python3.8/site-packages/airflow/example_dags/example_branch_datetime_operator.py
[2023-11-16T08:32:54.188+0000] {processor.py:829} INFO - Processing file /home/airflow/.local/lib/python3.8/site-packages/airflow/example_dags/example_branch_datetime_operator.py for tasks to queue
[2023-11-16T08:32:54.189+0000] {logging_mixin.py:151} INFO - [2023-11-16T08:32:54.189+0000] {dagbag.py:536} INFO - Filling up the DagBag from /home/airflow/.local/lib/python3.8/site-packages/airflow/example_dags/example_branch_datetime_operator.py
[2023-11-16T08:32:54.196+0000] {processor.py:839} INFO - DAG(s) dict_keys(['example_branch_datetime_operator_3', 'example_branch_datetime_operator_2', 'example_branch_datetime_operator']) retrieved from /home/airflow/.local/lib/python3.8/site-packages/airflow/example_dags/example_branch_datetime_operator.py
[2023-11-16T08:32:54.214+0000] {logging_mixin.py:151} INFO - [2023-11-16T08:32:54.214+0000] {dag.py:2941} INFO - Sync 3 DAGs
[2023-11-16T08:32:54.230+0000] {logging_mixin.py:151} INFO - [2023-11-16T08:32:54.229+0000] {dag.py:3722} INFO - Setting next_dagrun for example_branch_datetime_operator to 2023-11-15T00:00:00+00:00, run_after=2023-11-16T00:00:00+00:00
[2023-11-16T08:32:54.233+0000] {logging_mixin.py:151} INFO - [2023-11-16T08:32:54.233+0000] {dag.py:3722} INFO - Setting next_dagrun for example_branch_datetime_operator_2 to 2023-11-15T00:00:00+00:00, run_after=2023-11-16T00:00:00+00:00
[2023-11-16T08:32:54.235+0000] {logging_mixin.py:151} INFO - [2023-11-16T08:32:54.235+0000] {dag.py:3722} INFO - Setting next_dagrun for example_branch_datetime_operator_3 to 2023-11-15T00:00:00+00:00, run_after=2023-11-16T00:00:00+00:00
[2023-11-16T08:32:54.247+0000] {processor.py:179} INFO - Processing /home/airflow/.local/lib/python3.8/site-packages/airflow/example_dags/example_branch_datetime_operator.py took 0.062 seconds
[2023-11-16T08:33:24.572+0000] {processor.py:157} INFO - Started process (PID=550) to work on /home/airflow/.local/lib/python3.8/site-packages/airflow/example_dags/example_branch_datetime_operator.py
[2023-11-16T08:33:24.573+0000] {processor.py:829} INFO - Processing file /home/airflow/.local/lib/python3.8/site-packages/airflow/example_dags/example_branch_datetime_operator.py for tasks to queue
[2023-11-16T08:33:24.575+0000] {logging_mixin.py:151} INFO - [2023-11-16T08:33:24.574+0000] {dagbag.py:536} INFO - Filling up the DagBag from /home/airflow/.local/lib/python3.8/site-packages/airflow/example_dags/example_branch_datetime_operator.py
[2023-11-16T08:33:24.581+0000] {processor.py:839} INFO - DAG(s) dict_keys(['example_branch_datetime_operator_3', 'example_branch_datetime_operator_2', 'example_branch_datetime_operator']) retrieved from /home/airflow/.local/lib/python3.8/site-packages/airflow/example_dags/example_branch_datetime_operator.py
[2023-11-16T08:33:24.599+0000] {logging_mixin.py:151} INFO - [2023-11-16T08:33:24.599+0000] {dag.py:2941} INFO - Sync 3 DAGs
[2023-11-16T08:33:24.615+0000] {logging_mixin.py:151} INFO - [2023-11-16T08:33:24.615+0000] {dag.py:3722} INFO - Setting next_dagrun for example_branch_datetime_operator to 2023-11-15T00:00:00+00:00, run_after=2023-11-16T00:00:00+00:00
[2023-11-16T08:33:24.618+0000] {logging_mixin.py:151} INFO - [2023-11-16T08:33:24.618+0000] {dag.py:3722} INFO - Setting next_dagrun for example_branch_datetime_operator_2 to 2023-11-15T00:00:00+00:00, run_after=2023-11-16T00:00:00+00:00
[2023-11-16T08:33:24.620+0000] {logging_mixin.py:151} INFO - [2023-11-16T08:33:24.620+0000] {dag.py:3722} INFO - Setting next_dagrun for example_branch_datetime_operator_3 to 2023-11-15T00:00:00+00:00, run_after=2023-11-16T00:00:00+00:00
[2023-11-16T08:33:24.631+0000] {processor.py:179} INFO - Processing /home/airflow/.local/lib/python3.8/site-packages/airflow/example_dags/example_branch_datetime_operator.py took 0.061 seconds
[2023-11-16T08:33:54.751+0000] {processor.py:157} INFO - Started process (PID=604) to work on /home/airflow/.local/lib/python3.8/site-packages/airflow/example_dags/example_branch_datetime_operator.py
[2023-11-16T08:33:54.752+0000] {processor.py:829} INFO - Processing file /home/airflow/.local/lib/python3.8/site-packages/airflow/example_dags/example_branch_datetime_operator.py for tasks to queue
[2023-11-16T08:33:54.754+0000] {logging_mixin.py:151} INFO - [2023-11-16T08:33:54.754+0000] {dagbag.py:536} INFO - Filling up the DagBag from /home/airflow/.local/lib/python3.8/site-packages/airflow/example_dags/example_branch_datetime_operator.py
[2023-11-16T08:33:54.760+0000] {processor.py:839} INFO - DAG(s) dict_keys(['example_branch_datetime_operator_3', 'example_branch_datetime_operator_2', 'example_branch_datetime_operator']) retrieved from /home/airflow/.local/lib/python3.8/site-packages/airflow/example_dags/example_branch_datetime_operator.py
[2023-11-16T08:33:54.779+0000] {logging_mixin.py:151} INFO - [2023-11-16T08:33:54.779+0000] {dag.py:2941} INFO - Sync 3 DAGs
[2023-11-16T08:33:54.798+0000] {logging_mixin.py:151} INFO - [2023-11-16T08:33:54.798+0000] {dag.py:3722} INFO - Setting next_dagrun for example_branch_datetime_operator to 2023-11-15T00:00:00+00:00, run_after=2023-11-16T00:00:00+00:00
[2023-11-16T08:33:54.803+0000] {logging_mixin.py:151} INFO - [2023-11-16T08:33:54.802+0000] {dag.py:3722} INFO - Setting next_dagrun for example_branch_datetime_operator_2 to 2023-11-15T00:00:00+00:00, run_after=2023-11-16T00:00:00+00:00
[2023-11-16T08:33:54.805+0000] {logging_mixin.py:151} INFO - [2023-11-16T08:33:54.805+0000] {dag.py:3722} INFO - Setting next_dagrun for example_branch_datetime_operator_3 to 2023-11-15T00:00:00+00:00, run_after=2023-11-16T00:00:00+00:00
[2023-11-16T08:33:54.818+0000] {processor.py:179} INFO - Processing /home/airflow/.local/lib/python3.8/site-packages/airflow/example_dags/example_branch_datetime_operator.py took 0.070 seconds
[2023-11-16T08:34:25.172+0000] {processor.py:157} INFO - Started process (PID=658) to work on /home/airflow/.local/lib/python3.8/site-packages/airflow/example_dags/example_branch_datetime_operator.py
[2023-11-16T08:34:25.173+0000] {processor.py:829} INFO - Processing file /home/airflow/.local/lib/python3.8/site-packages/airflow/example_dags/example_branch_datetime_operator.py for tasks to queue
[2023-11-16T08:34:25.174+0000] {logging_mixin.py:151} INFO - [2023-11-16T08:34:25.174+0000] {dagbag.py:536} INFO - Filling up the DagBag from /home/airflow/.local/lib/python3.8/site-packages/airflow/example_dags/example_branch_datetime_operator.py
[2023-11-16T08:34:25.182+0000] {processor.py:839} INFO - DAG(s) dict_keys(['example_branch_datetime_operator', 'example_branch_datetime_operator_3', 'example_branch_datetime_operator_2']) retrieved from /home/airflow/.local/lib/python3.8/site-packages/airflow/example_dags/example_branch_datetime_operator.py
[2023-11-16T08:34:25.202+0000] {logging_mixin.py:151} INFO - [2023-11-16T08:34:25.202+0000] {dag.py:2941} INFO - Sync 3 DAGs
[2023-11-16T08:34:25.220+0000] {logging_mixin.py:151} INFO - [2023-11-16T08:34:25.220+0000] {dag.py:3722} INFO - Setting next_dagrun for example_branch_datetime_operator to 2023-11-15T00:00:00+00:00, run_after=2023-11-16T00:00:00+00:00
[2023-11-16T08:34:25.225+0000] {logging_mixin.py:151} INFO - [2023-11-16T08:34:25.224+0000] {dag.py:3722} INFO - Setting next_dagrun for example_branch_datetime_operator_2 to 2023-11-15T00:00:00+00:00, run_after=2023-11-16T00:00:00+00:00
[2023-11-16T08:34:25.227+0000] {logging_mixin.py:151} INFO - [2023-11-16T08:34:25.227+0000] {dag.py:3722} INFO - Setting next_dagrun for example_branch_datetime_operator_3 to 2023-11-15T00:00:00+00:00, run_after=2023-11-16T00:00:00+00:00
[2023-11-16T08:34:25.239+0000] {processor.py:179} INFO - Processing /home/airflow/.local/lib/python3.8/site-packages/airflow/example_dags/example_branch_datetime_operator.py took 0.070 seconds
[2023-11-16T08:34:55.350+0000] {processor.py:157} INFO - Started process (PID=712) to work on /home/airflow/.local/lib/python3.8/site-packages/airflow/example_dags/example_branch_datetime_operator.py
[2023-11-16T08:34:55.351+0000] {processor.py:829} INFO - Processing file /home/airflow/.local/lib/python3.8/site-packages/airflow/example_dags/example_branch_datetime_operator.py for tasks to queue
[2023-11-16T08:34:55.354+0000] {logging_mixin.py:151} INFO - [2023-11-16T08:34:55.353+0000] {dagbag.py:536} INFO - Filling up the DagBag from /home/airflow/.local/lib/python3.8/site-packages/airflow/example_dags/example_branch_datetime_operator.py
[2023-11-16T08:34:55.361+0000] {processor.py:839} INFO - DAG(s) dict_keys(['example_branch_datetime_operator_3', 'example_branch_datetime_operator', 'example_branch_datetime_operator_2']) retrieved from /home/airflow/.local/lib/python3.8/site-packages/airflow/example_dags/example_branch_datetime_operator.py
[2023-11-16T08:34:55.379+0000] {logging_mixin.py:151} INFO - [2023-11-16T08:34:55.379+0000] {dag.py:2941} INFO - Sync 3 DAGs
[2023-11-16T08:34:55.395+0000] {logging_mixin.py:151} INFO - [2023-11-16T08:34:55.395+0000] {dag.py:3722} INFO - Setting next_dagrun for example_branch_datetime_operator to 2023-11-15T00:00:00+00:00, run_after=2023-11-16T00:00:00+00:00
[2023-11-16T08:34:55.398+0000] {logging_mixin.py:151} INFO - [2023-11-16T08:34:55.398+0000] {dag.py:3722} INFO - Setting next_dagrun for example_branch_datetime_operator_2 to 2023-11-15T00:00:00+00:00, run_after=2023-11-16T00:00:00+00:00
[2023-11-16T08:34:55.400+0000] {logging_mixin.py:151} INFO - [2023-11-16T08:34:55.400+0000] {dag.py:3722} INFO - Setting next_dagrun for example_branch_datetime_operator_3 to 2023-11-15T00:00:00+00:00, run_after=2023-11-16T00:00:00+00:00
[2023-11-16T08:34:55.411+0000] {processor.py:179} INFO - Processing /home/airflow/.local/lib/python3.8/site-packages/airflow/example_dags/example_branch_datetime_operator.py took 0.064 seconds
[2023-11-16T08:35:26.255+0000] {processor.py:157} INFO - Started process (PID=766) to work on /home/airflow/.local/lib/python3.8/site-packages/airflow/example_dags/example_branch_datetime_operator.py
[2023-11-16T08:35:26.256+0000] {processor.py:829} INFO - Processing file /home/airflow/.local/lib/python3.8/site-packages/airflow/example_dags/example_branch_datetime_operator.py for tasks to queue
[2023-11-16T08:35:26.257+0000] {logging_mixin.py:151} INFO - [2023-11-16T08:35:26.257+0000] {dagbag.py:536} INFO - Filling up the DagBag from /home/airflow/.local/lib/python3.8/site-packages/airflow/example_dags/example_branch_datetime_operator.py
[2023-11-16T08:35:26.264+0000] {processor.py:839} INFO - DAG(s) dict_keys(['example_branch_datetime_operator', 'example_branch_datetime_operator_2', 'example_branch_datetime_operator_3']) retrieved from /home/airflow/.local/lib/python3.8/site-packages/airflow/example_dags/example_branch_datetime_operator.py
[2023-11-16T08:35:26.283+0000] {logging_mixin.py:151} INFO - [2023-11-16T08:35:26.283+0000] {dag.py:2941} INFO - Sync 3 DAGs
[2023-11-16T08:35:26.300+0000] {logging_mixin.py:151} INFO - [2023-11-16T08:35:26.300+0000] {dag.py:3722} INFO - Setting next_dagrun for example_branch_datetime_operator to 2023-11-15T00:00:00+00:00, run_after=2023-11-16T00:00:00+00:00
[2023-11-16T08:35:26.305+0000] {logging_mixin.py:151} INFO - [2023-11-16T08:35:26.305+0000] {dag.py:3722} INFO - Setting next_dagrun for example_branch_datetime_operator_2 to 2023-11-15T00:00:00+00:00, run_after=2023-11-16T00:00:00+00:00
[2023-11-16T08:35:26.307+0000] {logging_mixin.py:151} INFO - [2023-11-16T08:35:26.307+0000] {dag.py:3722} INFO - Setting next_dagrun for example_branch_datetime_operator_3 to 2023-11-15T00:00:00+00:00, run_after=2023-11-16T00:00:00+00:00
[2023-11-16T08:35:26.320+0000] {processor.py:179} INFO - Processing /home/airflow/.local/lib/python3.8/site-packages/airflow/example_dags/example_branch_datetime_operator.py took 0.067 seconds
[2023-11-16T08:35:56.454+0000] {processor.py:157} INFO - Started process (PID=820) to work on /home/airflow/.local/lib/python3.8/site-packages/airflow/example_dags/example_branch_datetime_operator.py
[2023-11-16T08:35:56.455+0000] {processor.py:829} INFO - Processing file /home/airflow/.local/lib/python3.8/site-packages/airflow/example_dags/example_branch_datetime_operator.py for tasks to queue
[2023-11-16T08:35:56.456+0000] {logging_mixin.py:151} INFO - [2023-11-16T08:35:56.456+0000] {dagbag.py:536} INFO - Filling up the DagBag from /home/airflow/.local/lib/python3.8/site-packages/airflow/example_dags/example_branch_datetime_operator.py
[2023-11-16T08:35:56.463+0000] {processor.py:839} INFO - DAG(s) dict_keys(['example_branch_datetime_operator', 'example_branch_datetime_operator_3', 'example_branch_datetime_operator_2']) retrieved from /home/airflow/.local/lib/python3.8/site-packages/airflow/example_dags/example_branch_datetime_operator.py
[2023-11-16T08:35:56.480+0000] {logging_mixin.py:151} INFO - [2023-11-16T08:35:56.480+0000] {dag.py:2941} INFO - Sync 3 DAGs
[2023-11-16T08:35:56.497+0000] {logging_mixin.py:151} INFO - [2023-11-16T08:35:56.497+0000] {dag.py:3722} INFO - Setting next_dagrun for example_branch_datetime_operator to 2023-11-15T00:00:00+00:00, run_after=2023-11-16T00:00:00+00:00
[2023-11-16T08:35:56.500+0000] {logging_mixin.py:151} INFO - [2023-11-16T08:35:56.500+0000] {dag.py:3722} INFO - Setting next_dagrun for example_branch_datetime_operator_2 to 2023-11-15T00:00:00+00:00, run_after=2023-11-16T00:00:00+00:00
[2023-11-16T08:35:56.502+0000] {logging_mixin.py:151} INFO - [2023-11-16T08:35:56.502+0000] {dag.py:3722} INFO - Setting next_dagrun for example_branch_datetime_operator_3 to 2023-11-15T00:00:00+00:00, run_after=2023-11-16T00:00:00+00:00
[2023-11-16T08:35:56.515+0000] {processor.py:179} INFO - Processing /home/airflow/.local/lib/python3.8/site-packages/airflow/example_dags/example_branch_datetime_operator.py took 0.064 seconds
[2023-11-16T08:36:26.620+0000] {processor.py:157} INFO - Started process (PID=874) to work on /home/airflow/.local/lib/python3.8/site-packages/airflow/example_dags/example_branch_datetime_operator.py
[2023-11-16T08:36:26.621+0000] {processor.py:829} INFO - Processing file /home/airflow/.local/lib/python3.8/site-packages/airflow/example_dags/example_branch_datetime_operator.py for tasks to queue
[2023-11-16T08:36:26.623+0000] {logging_mixin.py:151} INFO - [2023-11-16T08:36:26.622+0000] {dagbag.py:536} INFO - Filling up the DagBag from /home/airflow/.local/lib/python3.8/site-packages/airflow/example_dags/example_branch_datetime_operator.py
[2023-11-16T08:36:26.629+0000] {processor.py:839} INFO - DAG(s) dict_keys(['example_branch_datetime_operator_2', 'example_branch_datetime_operator_3', 'example_branch_datetime_operator']) retrieved from /home/airflow/.local/lib/python3.8/site-packages/airflow/example_dags/example_branch_datetime_operator.py
[2023-11-16T08:36:26.647+0000] {logging_mixin.py:151} INFO - [2023-11-16T08:36:26.647+0000] {dag.py:2941} INFO - Sync 3 DAGs
[2023-11-16T08:36:26.663+0000] {logging_mixin.py:151} INFO - [2023-11-16T08:36:26.663+0000] {dag.py:3722} INFO - Setting next_dagrun for example_branch_datetime_operator to 2023-11-15T00:00:00+00:00, run_after=2023-11-16T00:00:00+00:00
[2023-11-16T08:36:26.666+0000] {logging_mixin.py:151} INFO - [2023-11-16T08:36:26.666+0000] {dag.py:3722} INFO - Setting next_dagrun for example_branch_datetime_operator_2 to 2023-11-15T00:00:00+00:00, run_after=2023-11-16T00:00:00+00:00
[2023-11-16T08:36:26.668+0000] {logging_mixin.py:151} INFO - [2023-11-16T08:36:26.668+0000] {dag.py:3722} INFO - Setting next_dagrun for example_branch_datetime_operator_3 to 2023-11-15T00:00:00+00:00, run_after=2023-11-16T00:00:00+00:00
[2023-11-16T08:36:26.679+0000] {processor.py:179} INFO - Processing /home/airflow/.local/lib/python3.8/site-packages/airflow/example_dags/example_branch_datetime_operator.py took 0.061 seconds
[2023-11-16T08:36:56.836+0000] {processor.py:157} INFO - Started process (PID=928) to work on /home/airflow/.local/lib/python3.8/site-packages/airflow/example_dags/example_branch_datetime_operator.py
[2023-11-16T08:36:56.837+0000] {processor.py:829} INFO - Processing file /home/airflow/.local/lib/python3.8/site-packages/airflow/example_dags/example_branch_datetime_operator.py for tasks to queue
[2023-11-16T08:36:56.838+0000] {logging_mixin.py:151} INFO - [2023-11-16T08:36:56.838+0000] {dagbag.py:536} INFO - Filling up the DagBag from /home/airflow/.local/lib/python3.8/site-packages/airflow/example_dags/example_branch_datetime_operator.py
[2023-11-16T08:36:56.845+0000] {processor.py:839} INFO - DAG(s) dict_keys(['example_branch_datetime_operator_2', 'example_branch_datetime_operator', 'example_branch_datetime_operator_3']) retrieved from /home/airflow/.local/lib/python3.8/site-packages/airflow/example_dags/example_branch_datetime_operator.py
[2023-11-16T08:36:56.863+0000] {logging_mixin.py:151} INFO - [2023-11-16T08:36:56.863+0000] {dag.py:2941} INFO - Sync 3 DAGs
[2023-11-16T08:36:56.881+0000] {logging_mixin.py:151} INFO - [2023-11-16T08:36:56.880+0000] {dag.py:3722} INFO - Setting next_dagrun for example_branch_datetime_operator to 2023-11-15T00:00:00+00:00, run_after=2023-11-16T00:00:00+00:00
[2023-11-16T08:36:56.885+0000] {logging_mixin.py:151} INFO - [2023-11-16T08:36:56.885+0000] {dag.py:3722} INFO - Setting next_dagrun for example_branch_datetime_operator_2 to 2023-11-15T00:00:00+00:00, run_after=2023-11-16T00:00:00+00:00
[2023-11-16T08:36:56.887+0000] {logging_mixin.py:151} INFO - [2023-11-16T08:36:56.887+0000] {dag.py:3722} INFO - Setting next_dagrun for example_branch_datetime_operator_3 to 2023-11-15T00:00:00+00:00, run_after=2023-11-16T00:00:00+00:00
[2023-11-16T08:36:56.899+0000] {processor.py:179} INFO - Processing /home/airflow/.local/lib/python3.8/site-packages/airflow/example_dags/example_branch_datetime_operator.py took 0.065 seconds
[2023-11-16T08:37:27.011+0000] {processor.py:157} INFO - Started process (PID=982) to work on /home/airflow/.local/lib/python3.8/site-packages/airflow/example_dags/example_branch_datetime_operator.py
[2023-11-16T08:37:27.012+0000] {processor.py:829} INFO - Processing file /home/airflow/.local/lib/python3.8/site-packages/airflow/example_dags/example_branch_datetime_operator.py for tasks to queue
[2023-11-16T08:37:27.013+0000] {logging_mixin.py:151} INFO - [2023-11-16T08:37:27.013+0000] {dagbag.py:536} INFO - Filling up the DagBag from /home/airflow/.local/lib/python3.8/site-packages/airflow/example_dags/example_branch_datetime_operator.py
[2023-11-16T08:37:27.020+0000] {processor.py:839} INFO - DAG(s) dict_keys(['example_branch_datetime_operator_2', 'example_branch_datetime_operator_3', 'example_branch_datetime_operator']) retrieved from /home/airflow/.local/lib/python3.8/site-packages/airflow/example_dags/example_branch_datetime_operator.py
[2023-11-16T08:37:27.042+0000] {logging_mixin.py:151} INFO - [2023-11-16T08:37:27.042+0000] {dag.py:2941} INFO - Sync 3 DAGs
[2023-11-16T08:37:27.061+0000] {logging_mixin.py:151} INFO - [2023-11-16T08:37:27.061+0000] {dag.py:3722} INFO - Setting next_dagrun for example_branch_datetime_operator to 2023-11-15T00:00:00+00:00, run_after=2023-11-16T00:00:00+00:00
[2023-11-16T08:37:27.066+0000] {logging_mixin.py:151} INFO - [2023-11-16T08:37:27.066+0000] {dag.py:3722} INFO - Setting next_dagrun for example_branch_datetime_operator_2 to 2023-11-15T00:00:00+00:00, run_after=2023-11-16T00:00:00+00:00
[2023-11-16T08:37:27.068+0000] {logging_mixin.py:151} INFO - [2023-11-16T08:37:27.068+0000] {dag.py:3722} INFO - Setting next_dagrun for example_branch_datetime_operator_3 to 2023-11-15T00:00:00+00:00, run_after=2023-11-16T00:00:00+00:00
[2023-11-16T08:37:27.081+0000] {processor.py:179} INFO - Processing /home/airflow/.local/lib/python3.8/site-packages/airflow/example_dags/example_branch_datetime_operator.py took 0.072 seconds
[2023-11-16T08:37:57.212+0000] {processor.py:157} INFO - Started process (PID=1036) to work on /home/airflow/.local/lib/python3.8/site-packages/airflow/example_dags/example_branch_datetime_operator.py
[2023-11-16T08:37:57.213+0000] {processor.py:829} INFO - Processing file /home/airflow/.local/lib/python3.8/site-packages/airflow/example_dags/example_branch_datetime_operator.py for tasks to queue
[2023-11-16T08:37:57.214+0000] {logging_mixin.py:151} INFO - [2023-11-16T08:37:57.214+0000] {dagbag.py:536} INFO - Filling up the DagBag from /home/airflow/.local/lib/python3.8/site-packages/airflow/example_dags/example_branch_datetime_operator.py
[2023-11-16T08:37:57.222+0000] {processor.py:839} INFO - DAG(s) dict_keys(['example_branch_datetime_operator_2', 'example_branch_datetime_operator_3', 'example_branch_datetime_operator']) retrieved from /home/airflow/.local/lib/python3.8/site-packages/airflow/example_dags/example_branch_datetime_operator.py
[2023-11-16T08:37:57.240+0000] {logging_mixin.py:151} INFO - [2023-11-16T08:37:57.240+0000] {dag.py:2941} INFO - Sync 3 DAGs
[2023-11-16T08:37:57.258+0000] {logging_mixin.py:151} INFO - [2023-11-16T08:37:57.258+0000] {dag.py:3722} INFO - Setting next_dagrun for example_branch_datetime_operator to 2023-11-15T00:00:00+00:00, run_after=2023-11-16T00:00:00+00:00
[2023-11-16T08:37:57.262+0000] {logging_mixin.py:151} INFO - [2023-11-16T08:37:57.262+0000] {dag.py:3722} INFO - Setting next_dagrun for example_branch_datetime_operator_2 to 2023-11-15T00:00:00+00:00, run_after=2023-11-16T00:00:00+00:00
[2023-11-16T08:37:57.264+0000] {logging_mixin.py:151} INFO - [2023-11-16T08:37:57.264+0000] {dag.py:3722} INFO - Setting next_dagrun for example_branch_datetime_operator_3 to 2023-11-15T00:00:00+00:00, run_after=2023-11-16T00:00:00+00:00
[2023-11-16T08:37:57.276+0000] {processor.py:179} INFO - Processing /home/airflow/.local/lib/python3.8/site-packages/airflow/example_dags/example_branch_datetime_operator.py took 0.066 seconds
[2023-11-16T08:38:27.541+0000] {processor.py:157} INFO - Started process (PID=1090) to work on /home/airflow/.local/lib/python3.8/site-packages/airflow/example_dags/example_branch_datetime_operator.py
[2023-11-16T08:38:27.542+0000] {processor.py:829} INFO - Processing file /home/airflow/.local/lib/python3.8/site-packages/airflow/example_dags/example_branch_datetime_operator.py for tasks to queue
[2023-11-16T08:38:27.544+0000] {logging_mixin.py:151} INFO - [2023-11-16T08:38:27.544+0000] {dagbag.py:536} INFO - Filling up the DagBag from /home/airflow/.local/lib/python3.8/site-packages/airflow/example_dags/example_branch_datetime_operator.py
[2023-11-16T08:38:27.551+0000] {processor.py:839} INFO - DAG(s) dict_keys(['example_branch_datetime_operator_2', 'example_branch_datetime_operator_3', 'example_branch_datetime_operator']) retrieved from /home/airflow/.local/lib/python3.8/site-packages/airflow/example_dags/example_branch_datetime_operator.py
[2023-11-16T08:38:27.573+0000] {logging_mixin.py:151} INFO - [2023-11-16T08:38:27.573+0000] {dag.py:2941} INFO - Sync 3 DAGs
[2023-11-16T08:38:27.592+0000] {logging_mixin.py:151} INFO - [2023-11-16T08:38:27.591+0000] {dag.py:3722} INFO - Setting next_dagrun for example_branch_datetime_operator to 2023-11-15T00:00:00+00:00, run_after=2023-11-16T00:00:00+00:00
[2023-11-16T08:38:27.595+0000] {logging_mixin.py:151} INFO - [2023-11-16T08:38:27.595+0000] {dag.py:3722} INFO - Setting next_dagrun for example_branch_datetime_operator_2 to 2023-11-15T00:00:00+00:00, run_after=2023-11-16T00:00:00+00:00
[2023-11-16T08:38:27.597+0000] {logging_mixin.py:151} INFO - [2023-11-16T08:38:27.597+0000] {dag.py:3722} INFO - Setting next_dagrun for example_branch_datetime_operator_3 to 2023-11-15T00:00:00+00:00, run_after=2023-11-16T00:00:00+00:00
[2023-11-16T08:38:27.609+0000] {processor.py:179} INFO - Processing /home/airflow/.local/lib/python3.8/site-packages/airflow/example_dags/example_branch_datetime_operator.py took 0.070 seconds
[2023-11-16T08:38:57.766+0000] {processor.py:157} INFO - Started process (PID=1144) to work on /home/airflow/.local/lib/python3.8/site-packages/airflow/example_dags/example_branch_datetime_operator.py
[2023-11-16T08:38:57.767+0000] {processor.py:829} INFO - Processing file /home/airflow/.local/lib/python3.8/site-packages/airflow/example_dags/example_branch_datetime_operator.py for tasks to queue
[2023-11-16T08:38:57.768+0000] {logging_mixin.py:151} INFO - [2023-11-16T08:38:57.768+0000] {dagbag.py:536} INFO - Filling up the DagBag from /home/airflow/.local/lib/python3.8/site-packages/airflow/example_dags/example_branch_datetime_operator.py
[2023-11-16T08:38:57.776+0000] {processor.py:839} INFO - DAG(s) dict_keys(['example_branch_datetime_operator', 'example_branch_datetime_operator_3', 'example_branch_datetime_operator_2']) retrieved from /home/airflow/.local/lib/python3.8/site-packages/airflow/example_dags/example_branch_datetime_operator.py
[2023-11-16T08:38:57.799+0000] {logging_mixin.py:151} INFO - [2023-11-16T08:38:57.798+0000] {dag.py:2941} INFO - Sync 3 DAGs
[2023-11-16T08:38:57.818+0000] {logging_mixin.py:151} INFO - [2023-11-16T08:38:57.818+0000] {dag.py:3722} INFO - Setting next_dagrun for example_branch_datetime_operator to 2023-11-15T00:00:00+00:00, run_after=2023-11-16T00:00:00+00:00
[2023-11-16T08:38:57.822+0000] {logging_mixin.py:151} INFO - [2023-11-16T08:38:57.822+0000] {dag.py:3722} INFO - Setting next_dagrun for example_branch_datetime_operator_2 to 2023-11-15T00:00:00+00:00, run_after=2023-11-16T00:00:00+00:00
[2023-11-16T08:38:57.825+0000] {logging_mixin.py:151} INFO - [2023-11-16T08:38:57.825+0000] {dag.py:3722} INFO - Setting next_dagrun for example_branch_datetime_operator_3 to 2023-11-15T00:00:00+00:00, run_after=2023-11-16T00:00:00+00:00
[2023-11-16T08:38:57.838+0000] {processor.py:179} INFO - Processing /home/airflow/.local/lib/python3.8/site-packages/airflow/example_dags/example_branch_datetime_operator.py took 0.075 seconds
[2023-11-16T08:39:27.921+0000] {processor.py:157} INFO - Started process (PID=1198) to work on /home/airflow/.local/lib/python3.8/site-packages/airflow/example_dags/example_branch_datetime_operator.py
[2023-11-16T08:39:27.922+0000] {processor.py:829} INFO - Processing file /home/airflow/.local/lib/python3.8/site-packages/airflow/example_dags/example_branch_datetime_operator.py for tasks to queue
[2023-11-16T08:39:27.924+0000] {logging_mixin.py:151} INFO - [2023-11-16T08:39:27.923+0000] {dagbag.py:536} INFO - Filling up the DagBag from /home/airflow/.local/lib/python3.8/site-packages/airflow/example_dags/example_branch_datetime_operator.py
[2023-11-16T08:39:27.930+0000] {processor.py:839} INFO - DAG(s) dict_keys(['example_branch_datetime_operator_3', 'example_branch_datetime_operator_2', 'example_branch_datetime_operator']) retrieved from /home/airflow/.local/lib/python3.8/site-packages/airflow/example_dags/example_branch_datetime_operator.py
[2023-11-16T08:39:27.948+0000] {logging_mixin.py:151} INFO - [2023-11-16T08:39:27.948+0000] {dag.py:2941} INFO - Sync 3 DAGs
[2023-11-16T08:39:27.964+0000] {logging_mixin.py:151} INFO - [2023-11-16T08:39:27.964+0000] {dag.py:3722} INFO - Setting next_dagrun for example_branch_datetime_operator to 2023-11-15T00:00:00+00:00, run_after=2023-11-16T00:00:00+00:00
[2023-11-16T08:39:27.967+0000] {logging_mixin.py:151} INFO - [2023-11-16T08:39:27.967+0000] {dag.py:3722} INFO - Setting next_dagrun for example_branch_datetime_operator_2 to 2023-11-15T00:00:00+00:00, run_after=2023-11-16T00:00:00+00:00
[2023-11-16T08:39:27.969+0000] {logging_mixin.py:151} INFO - [2023-11-16T08:39:27.969+0000] {dag.py:3722} INFO - Setting next_dagrun for example_branch_datetime_operator_3 to 2023-11-15T00:00:00+00:00, run_after=2023-11-16T00:00:00+00:00
[2023-11-16T08:39:27.980+0000] {processor.py:179} INFO - Processing /home/airflow/.local/lib/python3.8/site-packages/airflow/example_dags/example_branch_datetime_operator.py took 0.061 seconds
[2023-11-16T08:39:58.124+0000] {processor.py:157} INFO - Started process (PID=1252) to work on /home/airflow/.local/lib/python3.8/site-packages/airflow/example_dags/example_branch_datetime_operator.py
[2023-11-16T08:39:58.125+0000] {processor.py:829} INFO - Processing file /home/airflow/.local/lib/python3.8/site-packages/airflow/example_dags/example_branch_datetime_operator.py for tasks to queue
[2023-11-16T08:39:58.126+0000] {logging_mixin.py:151} INFO - [2023-11-16T08:39:58.126+0000] {dagbag.py:536} INFO - Filling up the DagBag from /home/airflow/.local/lib/python3.8/site-packages/airflow/example_dags/example_branch_datetime_operator.py
[2023-11-16T08:39:58.133+0000] {processor.py:839} INFO - DAG(s) dict_keys(['example_branch_datetime_operator_3', 'example_branch_datetime_operator_2', 'example_branch_datetime_operator']) retrieved from /home/airflow/.local/lib/python3.8/site-packages/airflow/example_dags/example_branch_datetime_operator.py
[2023-11-16T08:39:58.153+0000] {logging_mixin.py:151} INFO - [2023-11-16T08:39:58.153+0000] {dag.py:2941} INFO - Sync 3 DAGs
[2023-11-16T08:39:58.171+0000] {logging_mixin.py:151} INFO - [2023-11-16T08:39:58.170+0000] {dag.py:3722} INFO - Setting next_dagrun for example_branch_datetime_operator to 2023-11-15T00:00:00+00:00, run_after=2023-11-16T00:00:00+00:00
[2023-11-16T08:39:58.175+0000] {logging_mixin.py:151} INFO - [2023-11-16T08:39:58.174+0000] {dag.py:3722} INFO - Setting next_dagrun for example_branch_datetime_operator_2 to 2023-11-15T00:00:00+00:00, run_after=2023-11-16T00:00:00+00:00
[2023-11-16T08:39:58.177+0000] {logging_mixin.py:151} INFO - [2023-11-16T08:39:58.177+0000] {dag.py:3722} INFO - Setting next_dagrun for example_branch_datetime_operator_3 to 2023-11-15T00:00:00+00:00, run_after=2023-11-16T00:00:00+00:00
[2023-11-16T08:39:58.189+0000] {processor.py:179} INFO - Processing /home/airflow/.local/lib/python3.8/site-packages/airflow/example_dags/example_branch_datetime_operator.py took 0.068 seconds
[2023-11-16T08:40:29.108+0000] {processor.py:157} INFO - Started process (PID=1306) to work on /home/airflow/.local/lib/python3.8/site-packages/airflow/example_dags/example_branch_datetime_operator.py
[2023-11-16T08:40:29.109+0000] {processor.py:829} INFO - Processing file /home/airflow/.local/lib/python3.8/site-packages/airflow/example_dags/example_branch_datetime_operator.py for tasks to queue
[2023-11-16T08:40:29.111+0000] {logging_mixin.py:151} INFO - [2023-11-16T08:40:29.111+0000] {dagbag.py:536} INFO - Filling up the DagBag from /home/airflow/.local/lib/python3.8/site-packages/airflow/example_dags/example_branch_datetime_operator.py
[2023-11-16T08:40:29.117+0000] {processor.py:839} INFO - DAG(s) dict_keys(['example_branch_datetime_operator_3', 'example_branch_datetime_operator', 'example_branch_datetime_operator_2']) retrieved from /home/airflow/.local/lib/python3.8/site-packages/airflow/example_dags/example_branch_datetime_operator.py
[2023-11-16T08:40:29.135+0000] {logging_mixin.py:151} INFO - [2023-11-16T08:40:29.135+0000] {dag.py:2941} INFO - Sync 3 DAGs
[2023-11-16T08:40:29.153+0000] {logging_mixin.py:151} INFO - [2023-11-16T08:40:29.152+0000] {dag.py:3722} INFO - Setting next_dagrun for example_branch_datetime_operator to 2023-11-15T00:00:00+00:00, run_after=2023-11-16T00:00:00+00:00
[2023-11-16T08:40:29.157+0000] {logging_mixin.py:151} INFO - [2023-11-16T08:40:29.157+0000] {dag.py:3722} INFO - Setting next_dagrun for example_branch_datetime_operator_2 to 2023-11-15T00:00:00+00:00, run_after=2023-11-16T00:00:00+00:00
[2023-11-16T08:40:29.159+0000] {logging_mixin.py:151} INFO - [2023-11-16T08:40:29.159+0000] {dag.py:3722} INFO - Setting next_dagrun for example_branch_datetime_operator_3 to 2023-11-15T00:00:00+00:00, run_after=2023-11-16T00:00:00+00:00
[2023-11-16T08:40:29.171+0000] {processor.py:179} INFO - Processing /home/airflow/.local/lib/python3.8/site-packages/airflow/example_dags/example_branch_datetime_operator.py took 0.065 seconds
[2023-11-16T08:40:59.987+0000] {processor.py:157} INFO - Started process (PID=1360) to work on /home/airflow/.local/lib/python3.8/site-packages/airflow/example_dags/example_branch_datetime_operator.py
[2023-11-16T08:40:59.988+0000] {processor.py:829} INFO - Processing file /home/airflow/.local/lib/python3.8/site-packages/airflow/example_dags/example_branch_datetime_operator.py for tasks to queue
[2023-11-16T08:40:59.989+0000] {logging_mixin.py:151} INFO - [2023-11-16T08:40:59.989+0000] {dagbag.py:536} INFO - Filling up the DagBag from /home/airflow/.local/lib/python3.8/site-packages/airflow/example_dags/example_branch_datetime_operator.py
[2023-11-16T08:40:59.996+0000] {processor.py:839} INFO - DAG(s) dict_keys(['example_branch_datetime_operator', 'example_branch_datetime_operator_2', 'example_branch_datetime_operator_3']) retrieved from /home/airflow/.local/lib/python3.8/site-packages/airflow/example_dags/example_branch_datetime_operator.py
[2023-11-16T08:41:00.014+0000] {logging_mixin.py:151} INFO - [2023-11-16T08:41:00.014+0000] {dag.py:2941} INFO - Sync 3 DAGs
[2023-11-16T08:41:00.032+0000] {logging_mixin.py:151} INFO - [2023-11-16T08:41:00.031+0000] {dag.py:3722} INFO - Setting next_dagrun for example_branch_datetime_operator to 2023-11-15T00:00:00+00:00, run_after=2023-11-16T00:00:00+00:00
[2023-11-16T08:41:00.036+0000] {logging_mixin.py:151} INFO - [2023-11-16T08:41:00.036+0000] {dag.py:3722} INFO - Setting next_dagrun for example_branch_datetime_operator_2 to 2023-11-15T00:00:00+00:00, run_after=2023-11-16T00:00:00+00:00
[2023-11-16T08:41:00.038+0000] {logging_mixin.py:151} INFO - [2023-11-16T08:41:00.038+0000] {dag.py:3722} INFO - Setting next_dagrun for example_branch_datetime_operator_3 to 2023-11-15T00:00:00+00:00, run_after=2023-11-16T00:00:00+00:00
[2023-11-16T08:41:00.050+0000] {processor.py:179} INFO - Processing /home/airflow/.local/lib/python3.8/site-packages/airflow/example_dags/example_branch_datetime_operator.py took 0.065 seconds
[2023-11-16T08:41:31.013+0000] {processor.py:157} INFO - Started process (PID=1414) to work on /home/airflow/.local/lib/python3.8/site-packages/airflow/example_dags/example_branch_datetime_operator.py
[2023-11-16T08:41:31.014+0000] {processor.py:829} INFO - Processing file /home/airflow/.local/lib/python3.8/site-packages/airflow/example_dags/example_branch_datetime_operator.py for tasks to queue
[2023-11-16T08:41:31.015+0000] {logging_mixin.py:151} INFO - [2023-11-16T08:41:31.015+0000] {dagbag.py:536} INFO - Filling up the DagBag from /home/airflow/.local/lib/python3.8/site-packages/airflow/example_dags/example_branch_datetime_operator.py
[2023-11-16T08:41:31.023+0000] {processor.py:839} INFO - DAG(s) dict_keys(['example_branch_datetime_operator_2', 'example_branch_datetime_operator', 'example_branch_datetime_operator_3']) retrieved from /home/airflow/.local/lib/python3.8/site-packages/airflow/example_dags/example_branch_datetime_operator.py
[2023-11-16T08:41:31.044+0000] {logging_mixin.py:151} INFO - [2023-11-16T08:41:31.043+0000] {dag.py:2941} INFO - Sync 3 DAGs
[2023-11-16T08:41:31.065+0000] {logging_mixin.py:151} INFO - [2023-11-16T08:41:31.064+0000] {dag.py:3722} INFO - Setting next_dagrun for example_branch_datetime_operator to 2023-11-15T00:00:00+00:00, run_after=2023-11-16T00:00:00+00:00
[2023-11-16T08:41:31.070+0000] {logging_mixin.py:151} INFO - [2023-11-16T08:41:31.070+0000] {dag.py:3722} INFO - Setting next_dagrun for example_branch_datetime_operator_2 to 2023-11-15T00:00:00+00:00, run_after=2023-11-16T00:00:00+00:00
[2023-11-16T08:41:31.073+0000] {logging_mixin.py:151} INFO - [2023-11-16T08:41:31.073+0000] {dag.py:3722} INFO - Setting next_dagrun for example_branch_datetime_operator_3 to 2023-11-15T00:00:00+00:00, run_after=2023-11-16T00:00:00+00:00
[2023-11-16T08:41:31.088+0000] {processor.py:179} INFO - Processing /home/airflow/.local/lib/python3.8/site-packages/airflow/example_dags/example_branch_datetime_operator.py took 0.077 seconds
[2023-11-16T08:42:01.164+0000] {processor.py:157} INFO - Started process (PID=1468) to work on /home/airflow/.local/lib/python3.8/site-packages/airflow/example_dags/example_branch_datetime_operator.py
[2023-11-16T08:42:01.165+0000] {processor.py:829} INFO - Processing file /home/airflow/.local/lib/python3.8/site-packages/airflow/example_dags/example_branch_datetime_operator.py for tasks to queue
[2023-11-16T08:42:01.166+0000] {logging_mixin.py:151} INFO - [2023-11-16T08:42:01.166+0000] {dagbag.py:536} INFO - Filling up the DagBag from /home/airflow/.local/lib/python3.8/site-packages/airflow/example_dags/example_branch_datetime_operator.py
[2023-11-16T08:42:01.173+0000] {processor.py:839} INFO - DAG(s) dict_keys(['example_branch_datetime_operator_3', 'example_branch_datetime_operator_2', 'example_branch_datetime_operator']) retrieved from /home/airflow/.local/lib/python3.8/site-packages/airflow/example_dags/example_branch_datetime_operator.py
[2023-11-16T08:42:01.190+0000] {logging_mixin.py:151} INFO - [2023-11-16T08:42:01.190+0000] {dag.py:2941} INFO - Sync 3 DAGs
[2023-11-16T08:42:01.208+0000] {logging_mixin.py:151} INFO - [2023-11-16T08:42:01.207+0000] {dag.py:3722} INFO - Setting next_dagrun for example_branch_datetime_operator to 2023-11-15T00:00:00+00:00, run_after=2023-11-16T00:00:00+00:00
[2023-11-16T08:42:01.212+0000] {logging_mixin.py:151} INFO - [2023-11-16T08:42:01.212+0000] {dag.py:3722} INFO - Setting next_dagrun for example_branch_datetime_operator_2 to 2023-11-15T00:00:00+00:00, run_after=2023-11-16T00:00:00+00:00
[2023-11-16T08:42:01.214+0000] {logging_mixin.py:151} INFO - [2023-11-16T08:42:01.214+0000] {dag.py:3722} INFO - Setting next_dagrun for example_branch_datetime_operator_3 to 2023-11-15T00:00:00+00:00, run_after=2023-11-16T00:00:00+00:00
[2023-11-16T08:42:01.225+0000] {processor.py:179} INFO - Processing /home/airflow/.local/lib/python3.8/site-packages/airflow/example_dags/example_branch_datetime_operator.py took 0.063 seconds
[2023-11-16T08:42:32.075+0000] {processor.py:157} INFO - Started process (PID=1522) to work on /home/airflow/.local/lib/python3.8/site-packages/airflow/example_dags/example_branch_datetime_operator.py
[2023-11-16T08:42:32.077+0000] {processor.py:829} INFO - Processing file /home/airflow/.local/lib/python3.8/site-packages/airflow/example_dags/example_branch_datetime_operator.py for tasks to queue
[2023-11-16T08:42:32.078+0000] {logging_mixin.py:151} INFO - [2023-11-16T08:42:32.078+0000] {dagbag.py:536} INFO - Filling up the DagBag from /home/airflow/.local/lib/python3.8/site-packages/airflow/example_dags/example_branch_datetime_operator.py
[2023-11-16T08:42:32.087+0000] {processor.py:839} INFO - DAG(s) dict_keys(['example_branch_datetime_operator', 'example_branch_datetime_operator_3', 'example_branch_datetime_operator_2']) retrieved from /home/airflow/.local/lib/python3.8/site-packages/airflow/example_dags/example_branch_datetime_operator.py
[2023-11-16T08:42:32.110+0000] {logging_mixin.py:151} INFO - [2023-11-16T08:42:32.110+0000] {dag.py:2941} INFO - Sync 3 DAGs
[2023-11-16T08:42:32.133+0000] {logging_mixin.py:151} INFO - [2023-11-16T08:42:32.133+0000] {dag.py:3722} INFO - Setting next_dagrun for example_branch_datetime_operator to 2023-11-15T00:00:00+00:00, run_after=2023-11-16T00:00:00+00:00
[2023-11-16T08:42:32.138+0000] {logging_mixin.py:151} INFO - [2023-11-16T08:42:32.137+0000] {dag.py:3722} INFO - Setting next_dagrun for example_branch_datetime_operator_2 to 2023-11-15T00:00:00+00:00, run_after=2023-11-16T00:00:00+00:00
[2023-11-16T08:42:32.142+0000] {logging_mixin.py:151} INFO - [2023-11-16T08:42:32.141+0000] {dag.py:3722} INFO - Setting next_dagrun for example_branch_datetime_operator_3 to 2023-11-15T00:00:00+00:00, run_after=2023-11-16T00:00:00+00:00
[2023-11-16T08:42:32.160+0000] {processor.py:179} INFO - Processing /home/airflow/.local/lib/python3.8/site-packages/airflow/example_dags/example_branch_datetime_operator.py took 0.088 seconds
[2023-11-16T08:43:02.957+0000] {processor.py:157} INFO - Started process (PID=1583) to work on /home/airflow/.local/lib/python3.8/site-packages/airflow/example_dags/example_branch_datetime_operator.py
[2023-11-16T08:43:02.957+0000] {processor.py:829} INFO - Processing file /home/airflow/.local/lib/python3.8/site-packages/airflow/example_dags/example_branch_datetime_operator.py for tasks to queue
[2023-11-16T08:43:02.959+0000] {logging_mixin.py:151} INFO - [2023-11-16T08:43:02.959+0000] {dagbag.py:536} INFO - Filling up the DagBag from /home/airflow/.local/lib/python3.8/site-packages/airflow/example_dags/example_branch_datetime_operator.py
[2023-11-16T08:43:02.966+0000] {processor.py:839} INFO - DAG(s) dict_keys(['example_branch_datetime_operator_2', 'example_branch_datetime_operator_3', 'example_branch_datetime_operator']) retrieved from /home/airflow/.local/lib/python3.8/site-packages/airflow/example_dags/example_branch_datetime_operator.py
[2023-11-16T08:43:02.985+0000] {logging_mixin.py:151} INFO - [2023-11-16T08:43:02.985+0000] {dag.py:2941} INFO - Sync 3 DAGs
[2023-11-16T08:43:03.001+0000] {logging_mixin.py:151} INFO - [2023-11-16T08:43:03.001+0000] {dag.py:3722} INFO - Setting next_dagrun for example_branch_datetime_operator to 2023-11-15T00:00:00+00:00, run_after=2023-11-16T00:00:00+00:00
[2023-11-16T08:43:03.005+0000] {logging_mixin.py:151} INFO - [2023-11-16T08:43:03.004+0000] {dag.py:3722} INFO - Setting next_dagrun for example_branch_datetime_operator_2 to 2023-11-15T00:00:00+00:00, run_after=2023-11-16T00:00:00+00:00
[2023-11-16T08:43:03.007+0000] {logging_mixin.py:151} INFO - [2023-11-16T08:43:03.007+0000] {dag.py:3722} INFO - Setting next_dagrun for example_branch_datetime_operator_3 to 2023-11-15T00:00:00+00:00, run_after=2023-11-16T00:00:00+00:00
[2023-11-16T08:43:03.020+0000] {processor.py:179} INFO - Processing /home/airflow/.local/lib/python3.8/site-packages/airflow/example_dags/example_branch_datetime_operator.py took 0.065 seconds
[2023-11-16T08:43:33.441+0000] {processor.py:157} INFO - Started process (PID=1637) to work on /home/airflow/.local/lib/python3.8/site-packages/airflow/example_dags/example_branch_datetime_operator.py
[2023-11-16T08:43:33.442+0000] {processor.py:829} INFO - Processing file /home/airflow/.local/lib/python3.8/site-packages/airflow/example_dags/example_branch_datetime_operator.py for tasks to queue
[2023-11-16T08:43:33.443+0000] {logging_mixin.py:151} INFO - [2023-11-16T08:43:33.443+0000] {dagbag.py:536} INFO - Filling up the DagBag from /home/airflow/.local/lib/python3.8/site-packages/airflow/example_dags/example_branch_datetime_operator.py
[2023-11-16T08:43:33.450+0000] {processor.py:839} INFO - DAG(s) dict_keys(['example_branch_datetime_operator', 'example_branch_datetime_operator_2', 'example_branch_datetime_operator_3']) retrieved from /home/airflow/.local/lib/python3.8/site-packages/airflow/example_dags/example_branch_datetime_operator.py
[2023-11-16T08:43:33.468+0000] {logging_mixin.py:151} INFO - [2023-11-16T08:43:33.468+0000] {dag.py:2941} INFO - Sync 3 DAGs
[2023-11-16T08:43:33.486+0000] {logging_mixin.py:151} INFO - [2023-11-16T08:43:33.485+0000] {dag.py:3722} INFO - Setting next_dagrun for example_branch_datetime_operator to 2023-11-15T00:00:00+00:00, run_after=2023-11-16T00:00:00+00:00
[2023-11-16T08:43:33.489+0000] {logging_mixin.py:151} INFO - [2023-11-16T08:43:33.489+0000] {dag.py:3722} INFO - Setting next_dagrun for example_branch_datetime_operator_2 to 2023-11-15T00:00:00+00:00, run_after=2023-11-16T00:00:00+00:00
[2023-11-16T08:43:33.492+0000] {logging_mixin.py:151} INFO - [2023-11-16T08:43:33.491+0000] {dag.py:3722} INFO - Setting next_dagrun for example_branch_datetime_operator_3 to 2023-11-15T00:00:00+00:00, run_after=2023-11-16T00:00:00+00:00
[2023-11-16T08:43:33.503+0000] {processor.py:179} INFO - Processing /home/airflow/.local/lib/python3.8/site-packages/airflow/example_dags/example_branch_datetime_operator.py took 0.064 seconds
[2023-11-16T08:44:03.892+0000] {processor.py:157} INFO - Started process (PID=1691) to work on /home/airflow/.local/lib/python3.8/site-packages/airflow/example_dags/example_branch_datetime_operator.py
[2023-11-16T08:44:03.893+0000] {processor.py:829} INFO - Processing file /home/airflow/.local/lib/python3.8/site-packages/airflow/example_dags/example_branch_datetime_operator.py for tasks to queue
[2023-11-16T08:44:03.895+0000] {logging_mixin.py:151} INFO - [2023-11-16T08:44:03.894+0000] {dagbag.py:536} INFO - Filling up the DagBag from /home/airflow/.local/lib/python3.8/site-packages/airflow/example_dags/example_branch_datetime_operator.py
[2023-11-16T08:44:03.901+0000] {processor.py:839} INFO - DAG(s) dict_keys(['example_branch_datetime_operator_3', 'example_branch_datetime_operator_2', 'example_branch_datetime_operator']) retrieved from /home/airflow/.local/lib/python3.8/site-packages/airflow/example_dags/example_branch_datetime_operator.py
[2023-11-16T08:44:03.919+0000] {logging_mixin.py:151} INFO - [2023-11-16T08:44:03.919+0000] {dag.py:2941} INFO - Sync 3 DAGs
[2023-11-16T08:44:03.937+0000] {logging_mixin.py:151} INFO - [2023-11-16T08:44:03.937+0000] {dag.py:3722} INFO - Setting next_dagrun for example_branch_datetime_operator to 2023-11-15T00:00:00+00:00, run_after=2023-11-16T00:00:00+00:00
[2023-11-16T08:44:03.941+0000] {logging_mixin.py:151} INFO - [2023-11-16T08:44:03.941+0000] {dag.py:3722} INFO - Setting next_dagrun for example_branch_datetime_operator_2 to 2023-11-15T00:00:00+00:00, run_after=2023-11-16T00:00:00+00:00
[2023-11-16T08:44:03.943+0000] {logging_mixin.py:151} INFO - [2023-11-16T08:44:03.943+0000] {dag.py:3722} INFO - Setting next_dagrun for example_branch_datetime_operator_3 to 2023-11-15T00:00:00+00:00, run_after=2023-11-16T00:00:00+00:00
[2023-11-16T08:44:03.955+0000] {processor.py:179} INFO - Processing /home/airflow/.local/lib/python3.8/site-packages/airflow/example_dags/example_branch_datetime_operator.py took 0.064 seconds
[2023-11-16T08:44:34.940+0000] {processor.py:157} INFO - Started process (PID=1745) to work on /home/airflow/.local/lib/python3.8/site-packages/airflow/example_dags/example_branch_datetime_operator.py
[2023-11-16T08:44:34.941+0000] {processor.py:829} INFO - Processing file /home/airflow/.local/lib/python3.8/site-packages/airflow/example_dags/example_branch_datetime_operator.py for tasks to queue
[2023-11-16T08:44:34.942+0000] {logging_mixin.py:151} INFO - [2023-11-16T08:44:34.942+0000] {dagbag.py:536} INFO - Filling up the DagBag from /home/airflow/.local/lib/python3.8/site-packages/airflow/example_dags/example_branch_datetime_operator.py
[2023-11-16T08:44:34.950+0000] {processor.py:839} INFO - DAG(s) dict_keys(['example_branch_datetime_operator_3', 'example_branch_datetime_operator_2', 'example_branch_datetime_operator']) retrieved from /home/airflow/.local/lib/python3.8/site-packages/airflow/example_dags/example_branch_datetime_operator.py
[2023-11-16T08:44:34.972+0000] {logging_mixin.py:151} INFO - [2023-11-16T08:44:34.972+0000] {dag.py:2941} INFO - Sync 3 DAGs
[2023-11-16T08:44:35.139+0000] {logging_mixin.py:151} INFO - [2023-11-16T08:44:35.139+0000] {dag.py:3722} INFO - Setting next_dagrun for example_branch_datetime_operator to 2023-11-15T00:00:00+00:00, run_after=2023-11-16T00:00:00+00:00
[2023-11-16T08:44:35.143+0000] {logging_mixin.py:151} INFO - [2023-11-16T08:44:35.143+0000] {dag.py:3722} INFO - Setting next_dagrun for example_branch_datetime_operator_2 to 2023-11-15T00:00:00+00:00, run_after=2023-11-16T00:00:00+00:00
[2023-11-16T08:44:35.146+0000] {logging_mixin.py:151} INFO - [2023-11-16T08:44:35.146+0000] {dag.py:3722} INFO - Setting next_dagrun for example_branch_datetime_operator_3 to 2023-11-15T00:00:00+00:00, run_after=2023-11-16T00:00:00+00:00
[2023-11-16T08:44:35.158+0000] {processor.py:179} INFO - Processing /home/airflow/.local/lib/python3.8/site-packages/airflow/example_dags/example_branch_datetime_operator.py took 0.221 seconds
[2023-11-16T08:45:05.277+0000] {processor.py:157} INFO - Started process (PID=1799) to work on /home/airflow/.local/lib/python3.8/site-packages/airflow/example_dags/example_branch_datetime_operator.py
[2023-11-16T08:45:05.278+0000] {processor.py:829} INFO - Processing file /home/airflow/.local/lib/python3.8/site-packages/airflow/example_dags/example_branch_datetime_operator.py for tasks to queue
[2023-11-16T08:45:05.280+0000] {logging_mixin.py:151} INFO - [2023-11-16T08:45:05.280+0000] {dagbag.py:536} INFO - Filling up the DagBag from /home/airflow/.local/lib/python3.8/site-packages/airflow/example_dags/example_branch_datetime_operator.py
[2023-11-16T08:45:05.289+0000] {processor.py:839} INFO - DAG(s) dict_keys(['example_branch_datetime_operator_3', 'example_branch_datetime_operator', 'example_branch_datetime_operator_2']) retrieved from /home/airflow/.local/lib/python3.8/site-packages/airflow/example_dags/example_branch_datetime_operator.py
[2023-11-16T08:45:05.314+0000] {logging_mixin.py:151} INFO - [2023-11-16T08:45:05.313+0000] {dag.py:2941} INFO - Sync 3 DAGs
[2023-11-16T08:45:05.338+0000] {logging_mixin.py:151} INFO - [2023-11-16T08:45:05.337+0000] {dag.py:3722} INFO - Setting next_dagrun for example_branch_datetime_operator to 2023-11-15T00:00:00+00:00, run_after=2023-11-16T00:00:00+00:00
[2023-11-16T08:45:05.343+0000] {logging_mixin.py:151} INFO - [2023-11-16T08:45:05.342+0000] {dag.py:3722} INFO - Setting next_dagrun for example_branch_datetime_operator_2 to 2023-11-15T00:00:00+00:00, run_after=2023-11-16T00:00:00+00:00
[2023-11-16T08:45:05.346+0000] {logging_mixin.py:151} INFO - [2023-11-16T08:45:05.345+0000] {dag.py:3722} INFO - Setting next_dagrun for example_branch_datetime_operator_3 to 2023-11-15T00:00:00+00:00, run_after=2023-11-16T00:00:00+00:00
[2023-11-16T08:45:05.365+0000] {processor.py:179} INFO - Processing /home/airflow/.local/lib/python3.8/site-packages/airflow/example_dags/example_branch_datetime_operator.py took 0.092 seconds
[2023-11-16T08:45:36.046+0000] {processor.py:157} INFO - Started process (PID=1853) to work on /home/airflow/.local/lib/python3.8/site-packages/airflow/example_dags/example_branch_datetime_operator.py
[2023-11-16T08:45:36.046+0000] {processor.py:829} INFO - Processing file /home/airflow/.local/lib/python3.8/site-packages/airflow/example_dags/example_branch_datetime_operator.py for tasks to queue
[2023-11-16T08:45:36.048+0000] {logging_mixin.py:151} INFO - [2023-11-16T08:45:36.048+0000] {dagbag.py:536} INFO - Filling up the DagBag from /home/airflow/.local/lib/python3.8/site-packages/airflow/example_dags/example_branch_datetime_operator.py
[2023-11-16T08:45:36.055+0000] {processor.py:839} INFO - DAG(s) dict_keys(['example_branch_datetime_operator', 'example_branch_datetime_operator_3', 'example_branch_datetime_operator_2']) retrieved from /home/airflow/.local/lib/python3.8/site-packages/airflow/example_dags/example_branch_datetime_operator.py
[2023-11-16T08:45:36.072+0000] {logging_mixin.py:151} INFO - [2023-11-16T08:45:36.072+0000] {dag.py:2941} INFO - Sync 3 DAGs
[2023-11-16T08:45:36.090+0000] {logging_mixin.py:151} INFO - [2023-11-16T08:45:36.090+0000] {dag.py:3722} INFO - Setting next_dagrun for example_branch_datetime_operator to 2023-11-15T00:00:00+00:00, run_after=2023-11-16T00:00:00+00:00
[2023-11-16T08:45:36.094+0000] {logging_mixin.py:151} INFO - [2023-11-16T08:45:36.094+0000] {dag.py:3722} INFO - Setting next_dagrun for example_branch_datetime_operator_2 to 2023-11-15T00:00:00+00:00, run_after=2023-11-16T00:00:00+00:00
[2023-11-16T08:45:36.096+0000] {logging_mixin.py:151} INFO - [2023-11-16T08:45:36.096+0000] {dag.py:3722} INFO - Setting next_dagrun for example_branch_datetime_operator_3 to 2023-11-15T00:00:00+00:00, run_after=2023-11-16T00:00:00+00:00
[2023-11-16T08:45:36.108+0000] {processor.py:179} INFO - Processing /home/airflow/.local/lib/python3.8/site-packages/airflow/example_dags/example_branch_datetime_operator.py took 0.065 seconds
[2023-11-16T08:46:06.360+0000] {processor.py:157} INFO - Started process (PID=1907) to work on /home/airflow/.local/lib/python3.8/site-packages/airflow/example_dags/example_branch_datetime_operator.py
[2023-11-16T08:46:06.361+0000] {processor.py:829} INFO - Processing file /home/airflow/.local/lib/python3.8/site-packages/airflow/example_dags/example_branch_datetime_operator.py for tasks to queue
[2023-11-16T08:46:06.363+0000] {logging_mixin.py:151} INFO - [2023-11-16T08:46:06.362+0000] {dagbag.py:536} INFO - Filling up the DagBag from /home/airflow/.local/lib/python3.8/site-packages/airflow/example_dags/example_branch_datetime_operator.py
[2023-11-16T08:46:06.370+0000] {processor.py:839} INFO - DAG(s) dict_keys(['example_branch_datetime_operator', 'example_branch_datetime_operator_3', 'example_branch_datetime_operator_2']) retrieved from /home/airflow/.local/lib/python3.8/site-packages/airflow/example_dags/example_branch_datetime_operator.py
[2023-11-16T08:46:06.391+0000] {logging_mixin.py:151} INFO - [2023-11-16T08:46:06.391+0000] {dag.py:2941} INFO - Sync 3 DAGs
[2023-11-16T08:46:06.526+0000] {logging_mixin.py:151} INFO - [2023-11-16T08:46:06.525+0000] {dag.py:3722} INFO - Setting next_dagrun for example_branch_datetime_operator to 2023-11-15T00:00:00+00:00, run_after=2023-11-16T00:00:00+00:00
[2023-11-16T08:46:06.530+0000] {logging_mixin.py:151} INFO - [2023-11-16T08:46:06.530+0000] {dag.py:3722} INFO - Setting next_dagrun for example_branch_datetime_operator_2 to 2023-11-15T00:00:00+00:00, run_after=2023-11-16T00:00:00+00:00
[2023-11-16T08:46:06.533+0000] {logging_mixin.py:151} INFO - [2023-11-16T08:46:06.533+0000] {dag.py:3722} INFO - Setting next_dagrun for example_branch_datetime_operator_3 to 2023-11-15T00:00:00+00:00, run_after=2023-11-16T00:00:00+00:00
[2023-11-16T08:46:06.546+0000] {processor.py:179} INFO - Processing /home/airflow/.local/lib/python3.8/site-packages/airflow/example_dags/example_branch_datetime_operator.py took 0.188 seconds
