[2023-11-16T08:28:49.529+0000] {processor.py:157} INFO - Started process (PID=56) to work on /home/airflow/.local/lib/python3.8/site-packages/airflow/example_dags/example_sensor_decorator.py
[2023-11-16T08:28:49.531+0000] {processor.py:829} INFO - Processing file /home/airflow/.local/lib/python3.8/site-packages/airflow/example_dags/example_sensor_decorator.py for tasks to queue
[2023-11-16T08:28:49.535+0000] {logging_mixin.py:151} INFO - [2023-11-16T08:28:49.534+0000] {dagbag.py:536} INFO - Filling up the DagBag from /home/airflow/.local/lib/python3.8/site-packages/airflow/example_dags/example_sensor_decorator.py
[2023-11-16T08:28:49.548+0000] {processor.py:839} INFO - DAG(s) dict_keys(['example_sensor_decorator']) retrieved from /home/airflow/.local/lib/python3.8/site-packages/airflow/example_dags/example_sensor_decorator.py
[2023-11-16T08:28:49.585+0000] {logging_mixin.py:151} INFO - [2023-11-16T08:28:49.585+0000] {dag.py:2941} INFO - Sync 1 DAGs
[2023-11-16T08:28:49.606+0000] {logging_mixin.py:151} INFO - [2023-11-16T08:28:49.606+0000] {dag.py:3722} INFO - Setting next_dagrun for example_sensor_decorator to None, run_after=None
[2023-11-16T08:28:49.639+0000] {processor.py:179} INFO - Processing /home/airflow/.local/lib/python3.8/site-packages/airflow/example_dags/example_sensor_decorator.py took 0.116 seconds
[2023-11-16T08:29:19.842+0000] {processor.py:157} INFO - Started process (PID=110) to work on /home/airflow/.local/lib/python3.8/site-packages/airflow/example_dags/example_sensor_decorator.py
[2023-11-16T08:29:19.843+0000] {processor.py:829} INFO - Processing file /home/airflow/.local/lib/python3.8/site-packages/airflow/example_dags/example_sensor_decorator.py for tasks to queue
[2023-11-16T08:29:19.845+0000] {logging_mixin.py:151} INFO - [2023-11-16T08:29:19.844+0000] {dagbag.py:536} INFO - Filling up the DagBag from /home/airflow/.local/lib/python3.8/site-packages/airflow/example_dags/example_sensor_decorator.py
[2023-11-16T08:29:19.849+0000] {processor.py:839} INFO - DAG(s) dict_keys(['example_sensor_decorator']) retrieved from /home/airflow/.local/lib/python3.8/site-packages/airflow/example_dags/example_sensor_decorator.py
[2023-11-16T08:29:19.863+0000] {logging_mixin.py:151} INFO - [2023-11-16T08:29:19.863+0000] {dag.py:2941} INFO - Sync 1 DAGs
[2023-11-16T08:29:19.872+0000] {logging_mixin.py:151} INFO - [2023-11-16T08:29:19.872+0000] {dag.py:3722} INFO - Setting next_dagrun for example_sensor_decorator to None, run_after=None
[2023-11-16T08:29:19.885+0000] {processor.py:179} INFO - Processing /home/airflow/.local/lib/python3.8/site-packages/airflow/example_dags/example_sensor_decorator.py took 0.046 seconds
[2023-11-16T08:29:50.586+0000] {processor.py:157} INFO - Started process (PID=164) to work on /home/airflow/.local/lib/python3.8/site-packages/airflow/example_dags/example_sensor_decorator.py
[2023-11-16T08:29:50.587+0000] {processor.py:829} INFO - Processing file /home/airflow/.local/lib/python3.8/site-packages/airflow/example_dags/example_sensor_decorator.py for tasks to queue
[2023-11-16T08:29:50.589+0000] {logging_mixin.py:151} INFO - [2023-11-16T08:29:50.588+0000] {dagbag.py:536} INFO - Filling up the DagBag from /home/airflow/.local/lib/python3.8/site-packages/airflow/example_dags/example_sensor_decorator.py
[2023-11-16T08:29:50.594+0000] {processor.py:839} INFO - DAG(s) dict_keys(['example_sensor_decorator']) retrieved from /home/airflow/.local/lib/python3.8/site-packages/airflow/example_dags/example_sensor_decorator.py
[2023-11-16T08:29:50.611+0000] {logging_mixin.py:151} INFO - [2023-11-16T08:29:50.610+0000] {dag.py:2941} INFO - Sync 1 DAGs
[2023-11-16T08:29:50.638+0000] {logging_mixin.py:151} INFO - [2023-11-16T08:29:50.637+0000] {dag.py:3722} INFO - Setting next_dagrun for example_sensor_decorator to None, run_after=None
[2023-11-16T08:29:50.663+0000] {processor.py:179} INFO - Processing /home/airflow/.local/lib/python3.8/site-packages/airflow/example_dags/example_sensor_decorator.py took 0.080 seconds
[2023-11-16T08:30:20.738+0000] {processor.py:157} INFO - Started process (PID=218) to work on /home/airflow/.local/lib/python3.8/site-packages/airflow/example_dags/example_sensor_decorator.py
[2023-11-16T08:30:20.739+0000] {processor.py:829} INFO - Processing file /home/airflow/.local/lib/python3.8/site-packages/airflow/example_dags/example_sensor_decorator.py for tasks to queue
[2023-11-16T08:30:20.740+0000] {logging_mixin.py:151} INFO - [2023-11-16T08:30:20.740+0000] {dagbag.py:536} INFO - Filling up the DagBag from /home/airflow/.local/lib/python3.8/site-packages/airflow/example_dags/example_sensor_decorator.py
[2023-11-16T08:30:20.744+0000] {processor.py:839} INFO - DAG(s) dict_keys(['example_sensor_decorator']) retrieved from /home/airflow/.local/lib/python3.8/site-packages/airflow/example_dags/example_sensor_decorator.py
[2023-11-16T08:30:20.759+0000] {logging_mixin.py:151} INFO - [2023-11-16T08:30:20.759+0000] {dag.py:2941} INFO - Sync 1 DAGs
[2023-11-16T08:30:20.768+0000] {logging_mixin.py:151} INFO - [2023-11-16T08:30:20.768+0000] {dag.py:3722} INFO - Setting next_dagrun for example_sensor_decorator to None, run_after=None
[2023-11-16T08:30:20.780+0000] {processor.py:179} INFO - Processing /home/airflow/.local/lib/python3.8/site-packages/airflow/example_dags/example_sensor_decorator.py took 0.045 seconds
[2023-11-16T08:30:51.792+0000] {processor.py:157} INFO - Started process (PID=272) to work on /home/airflow/.local/lib/python3.8/site-packages/airflow/example_dags/example_sensor_decorator.py
[2023-11-16T08:30:51.793+0000] {processor.py:829} INFO - Processing file /home/airflow/.local/lib/python3.8/site-packages/airflow/example_dags/example_sensor_decorator.py for tasks to queue
[2023-11-16T08:30:51.794+0000] {logging_mixin.py:151} INFO - [2023-11-16T08:30:51.794+0000] {dagbag.py:536} INFO - Filling up the DagBag from /home/airflow/.local/lib/python3.8/site-packages/airflow/example_dags/example_sensor_decorator.py
[2023-11-16T08:30:51.798+0000] {processor.py:839} INFO - DAG(s) dict_keys(['example_sensor_decorator']) retrieved from /home/airflow/.local/lib/python3.8/site-packages/airflow/example_dags/example_sensor_decorator.py
[2023-11-16T08:30:51.811+0000] {logging_mixin.py:151} INFO - [2023-11-16T08:30:51.811+0000] {dag.py:2941} INFO - Sync 1 DAGs
[2023-11-16T08:30:51.820+0000] {logging_mixin.py:151} INFO - [2023-11-16T08:30:51.820+0000] {dag.py:3722} INFO - Setting next_dagrun for example_sensor_decorator to None, run_after=None
[2023-11-16T08:30:51.833+0000] {processor.py:179} INFO - Processing /home/airflow/.local/lib/python3.8/site-packages/airflow/example_dags/example_sensor_decorator.py took 0.043 seconds
[2023-11-16T08:31:22.182+0000] {processor.py:157} INFO - Started process (PID=326) to work on /home/airflow/.local/lib/python3.8/site-packages/airflow/example_dags/example_sensor_decorator.py
[2023-11-16T08:31:22.182+0000] {processor.py:829} INFO - Processing file /home/airflow/.local/lib/python3.8/site-packages/airflow/example_dags/example_sensor_decorator.py for tasks to queue
[2023-11-16T08:31:22.185+0000] {logging_mixin.py:151} INFO - [2023-11-16T08:31:22.184+0000] {dagbag.py:536} INFO - Filling up the DagBag from /home/airflow/.local/lib/python3.8/site-packages/airflow/example_dags/example_sensor_decorator.py
[2023-11-16T08:31:22.189+0000] {processor.py:839} INFO - DAG(s) dict_keys(['example_sensor_decorator']) retrieved from /home/airflow/.local/lib/python3.8/site-packages/airflow/example_dags/example_sensor_decorator.py
[2023-11-16T08:31:22.205+0000] {logging_mixin.py:151} INFO - [2023-11-16T08:31:22.204+0000] {dag.py:2941} INFO - Sync 1 DAGs
[2023-11-16T08:31:22.214+0000] {logging_mixin.py:151} INFO - [2023-11-16T08:31:22.214+0000] {dag.py:3722} INFO - Setting next_dagrun for example_sensor_decorator to None, run_after=None
[2023-11-16T08:31:22.228+0000] {processor.py:179} INFO - Processing /home/airflow/.local/lib/python3.8/site-packages/airflow/example_dags/example_sensor_decorator.py took 0.049 seconds
[2023-11-16T08:31:52.385+0000] {processor.py:157} INFO - Started process (PID=380) to work on /home/airflow/.local/lib/python3.8/site-packages/airflow/example_dags/example_sensor_decorator.py
[2023-11-16T08:31:52.386+0000] {processor.py:829} INFO - Processing file /home/airflow/.local/lib/python3.8/site-packages/airflow/example_dags/example_sensor_decorator.py for tasks to queue
[2023-11-16T08:31:52.388+0000] {logging_mixin.py:151} INFO - [2023-11-16T08:31:52.388+0000] {dagbag.py:536} INFO - Filling up the DagBag from /home/airflow/.local/lib/python3.8/site-packages/airflow/example_dags/example_sensor_decorator.py
[2023-11-16T08:31:52.391+0000] {processor.py:839} INFO - DAG(s) dict_keys(['example_sensor_decorator']) retrieved from /home/airflow/.local/lib/python3.8/site-packages/airflow/example_dags/example_sensor_decorator.py
[2023-11-16T08:31:52.405+0000] {logging_mixin.py:151} INFO - [2023-11-16T08:31:52.405+0000] {dag.py:2941} INFO - Sync 1 DAGs
[2023-11-16T08:31:52.413+0000] {logging_mixin.py:151} INFO - [2023-11-16T08:31:52.413+0000] {dag.py:3722} INFO - Setting next_dagrun for example_sensor_decorator to None, run_after=None
[2023-11-16T08:31:52.425+0000] {processor.py:179} INFO - Processing /home/airflow/.local/lib/python3.8/site-packages/airflow/example_dags/example_sensor_decorator.py took 0.042 seconds
[2023-11-16T08:32:22.534+0000] {processor.py:157} INFO - Started process (PID=434) to work on /home/airflow/.local/lib/python3.8/site-packages/airflow/example_dags/example_sensor_decorator.py
[2023-11-16T08:32:22.535+0000] {processor.py:829} INFO - Processing file /home/airflow/.local/lib/python3.8/site-packages/airflow/example_dags/example_sensor_decorator.py for tasks to queue
[2023-11-16T08:32:22.537+0000] {logging_mixin.py:151} INFO - [2023-11-16T08:32:22.536+0000] {dagbag.py:536} INFO - Filling up the DagBag from /home/airflow/.local/lib/python3.8/site-packages/airflow/example_dags/example_sensor_decorator.py
[2023-11-16T08:32:22.540+0000] {processor.py:839} INFO - DAG(s) dict_keys(['example_sensor_decorator']) retrieved from /home/airflow/.local/lib/python3.8/site-packages/airflow/example_dags/example_sensor_decorator.py
[2023-11-16T08:32:22.553+0000] {logging_mixin.py:151} INFO - [2023-11-16T08:32:22.553+0000] {dag.py:2941} INFO - Sync 1 DAGs
[2023-11-16T08:32:22.561+0000] {logging_mixin.py:151} INFO - [2023-11-16T08:32:22.561+0000] {dag.py:3722} INFO - Setting next_dagrun for example_sensor_decorator to None, run_after=None
[2023-11-16T08:32:22.573+0000] {processor.py:179} INFO - Processing /home/airflow/.local/lib/python3.8/site-packages/airflow/example_dags/example_sensor_decorator.py took 0.041 seconds
[2023-11-16T08:32:52.847+0000] {processor.py:157} INFO - Started process (PID=488) to work on /home/airflow/.local/lib/python3.8/site-packages/airflow/example_dags/example_sensor_decorator.py
[2023-11-16T08:32:52.848+0000] {processor.py:829} INFO - Processing file /home/airflow/.local/lib/python3.8/site-packages/airflow/example_dags/example_sensor_decorator.py for tasks to queue
[2023-11-16T08:32:52.850+0000] {logging_mixin.py:151} INFO - [2023-11-16T08:32:52.850+0000] {dagbag.py:536} INFO - Filling up the DagBag from /home/airflow/.local/lib/python3.8/site-packages/airflow/example_dags/example_sensor_decorator.py
[2023-11-16T08:32:52.855+0000] {processor.py:839} INFO - DAG(s) dict_keys(['example_sensor_decorator']) retrieved from /home/airflow/.local/lib/python3.8/site-packages/airflow/example_dags/example_sensor_decorator.py
[2023-11-16T08:32:52.870+0000] {logging_mixin.py:151} INFO - [2023-11-16T08:32:52.870+0000] {dag.py:2941} INFO - Sync 1 DAGs
[2023-11-16T08:32:52.879+0000] {logging_mixin.py:151} INFO - [2023-11-16T08:32:52.879+0000] {dag.py:3722} INFO - Setting next_dagrun for example_sensor_decorator to None, run_after=None
[2023-11-16T08:32:52.891+0000] {processor.py:179} INFO - Processing /home/airflow/.local/lib/python3.8/site-packages/airflow/example_dags/example_sensor_decorator.py took 0.047 seconds
[2023-11-16T08:33:23.121+0000] {processor.py:157} INFO - Started process (PID=542) to work on /home/airflow/.local/lib/python3.8/site-packages/airflow/example_dags/example_sensor_decorator.py
[2023-11-16T08:33:23.122+0000] {processor.py:829} INFO - Processing file /home/airflow/.local/lib/python3.8/site-packages/airflow/example_dags/example_sensor_decorator.py for tasks to queue
[2023-11-16T08:33:23.124+0000] {logging_mixin.py:151} INFO - [2023-11-16T08:33:23.123+0000] {dagbag.py:536} INFO - Filling up the DagBag from /home/airflow/.local/lib/python3.8/site-packages/airflow/example_dags/example_sensor_decorator.py
[2023-11-16T08:33:23.128+0000] {processor.py:839} INFO - DAG(s) dict_keys(['example_sensor_decorator']) retrieved from /home/airflow/.local/lib/python3.8/site-packages/airflow/example_dags/example_sensor_decorator.py
[2023-11-16T08:33:23.142+0000] {logging_mixin.py:151} INFO - [2023-11-16T08:33:23.142+0000] {dag.py:2941} INFO - Sync 1 DAGs
[2023-11-16T08:33:23.151+0000] {logging_mixin.py:151} INFO - [2023-11-16T08:33:23.151+0000] {dag.py:3722} INFO - Setting next_dagrun for example_sensor_decorator to None, run_after=None
[2023-11-16T08:33:23.165+0000] {processor.py:179} INFO - Processing /home/airflow/.local/lib/python3.8/site-packages/airflow/example_dags/example_sensor_decorator.py took 0.046 seconds
[2023-11-16T08:33:53.374+0000] {processor.py:157} INFO - Started process (PID=596) to work on /home/airflow/.local/lib/python3.8/site-packages/airflow/example_dags/example_sensor_decorator.py
[2023-11-16T08:33:53.375+0000] {processor.py:829} INFO - Processing file /home/airflow/.local/lib/python3.8/site-packages/airflow/example_dags/example_sensor_decorator.py for tasks to queue
[2023-11-16T08:33:53.377+0000] {logging_mixin.py:151} INFO - [2023-11-16T08:33:53.377+0000] {dagbag.py:536} INFO - Filling up the DagBag from /home/airflow/.local/lib/python3.8/site-packages/airflow/example_dags/example_sensor_decorator.py
[2023-11-16T08:33:53.381+0000] {processor.py:839} INFO - DAG(s) dict_keys(['example_sensor_decorator']) retrieved from /home/airflow/.local/lib/python3.8/site-packages/airflow/example_dags/example_sensor_decorator.py
[2023-11-16T08:33:53.394+0000] {logging_mixin.py:151} INFO - [2023-11-16T08:33:53.393+0000] {dag.py:2941} INFO - Sync 1 DAGs
[2023-11-16T08:33:53.402+0000] {logging_mixin.py:151} INFO - [2023-11-16T08:33:53.402+0000] {dag.py:3722} INFO - Setting next_dagrun for example_sensor_decorator to None, run_after=None
[2023-11-16T08:33:53.415+0000] {processor.py:179} INFO - Processing /home/airflow/.local/lib/python3.8/site-packages/airflow/example_dags/example_sensor_decorator.py took 0.043 seconds
[2023-11-16T08:34:23.842+0000] {processor.py:157} INFO - Started process (PID=650) to work on /home/airflow/.local/lib/python3.8/site-packages/airflow/example_dags/example_sensor_decorator.py
[2023-11-16T08:34:23.843+0000] {processor.py:829} INFO - Processing file /home/airflow/.local/lib/python3.8/site-packages/airflow/example_dags/example_sensor_decorator.py for tasks to queue
[2023-11-16T08:34:23.845+0000] {logging_mixin.py:151} INFO - [2023-11-16T08:34:23.845+0000] {dagbag.py:536} INFO - Filling up the DagBag from /home/airflow/.local/lib/python3.8/site-packages/airflow/example_dags/example_sensor_decorator.py
[2023-11-16T08:34:23.849+0000] {processor.py:839} INFO - DAG(s) dict_keys(['example_sensor_decorator']) retrieved from /home/airflow/.local/lib/python3.8/site-packages/airflow/example_dags/example_sensor_decorator.py
[2023-11-16T08:34:23.863+0000] {logging_mixin.py:151} INFO - [2023-11-16T08:34:23.863+0000] {dag.py:2941} INFO - Sync 1 DAGs
[2023-11-16T08:34:23.872+0000] {logging_mixin.py:151} INFO - [2023-11-16T08:34:23.872+0000] {dag.py:3722} INFO - Setting next_dagrun for example_sensor_decorator to None, run_after=None
[2023-11-16T08:34:23.888+0000] {processor.py:179} INFO - Processing /home/airflow/.local/lib/python3.8/site-packages/airflow/example_dags/example_sensor_decorator.py took 0.048 seconds
[2023-11-16T08:34:53.971+0000] {processor.py:157} INFO - Started process (PID=704) to work on /home/airflow/.local/lib/python3.8/site-packages/airflow/example_dags/example_sensor_decorator.py
[2023-11-16T08:34:53.972+0000] {processor.py:829} INFO - Processing file /home/airflow/.local/lib/python3.8/site-packages/airflow/example_dags/example_sensor_decorator.py for tasks to queue
[2023-11-16T08:34:53.974+0000] {logging_mixin.py:151} INFO - [2023-11-16T08:34:53.973+0000] {dagbag.py:536} INFO - Filling up the DagBag from /home/airflow/.local/lib/python3.8/site-packages/airflow/example_dags/example_sensor_decorator.py
[2023-11-16T08:34:53.977+0000] {processor.py:839} INFO - DAG(s) dict_keys(['example_sensor_decorator']) retrieved from /home/airflow/.local/lib/python3.8/site-packages/airflow/example_dags/example_sensor_decorator.py
[2023-11-16T08:34:53.991+0000] {logging_mixin.py:151} INFO - [2023-11-16T08:34:53.991+0000] {dag.py:2941} INFO - Sync 1 DAGs
[2023-11-16T08:34:54.001+0000] {logging_mixin.py:151} INFO - [2023-11-16T08:34:54.001+0000] {dag.py:3722} INFO - Setting next_dagrun for example_sensor_decorator to None, run_after=None
[2023-11-16T08:34:54.015+0000] {processor.py:179} INFO - Processing /home/airflow/.local/lib/python3.8/site-packages/airflow/example_dags/example_sensor_decorator.py took 0.046 seconds
[2023-11-16T08:35:25.018+0000] {processor.py:157} INFO - Started process (PID=758) to work on /home/airflow/.local/lib/python3.8/site-packages/airflow/example_dags/example_sensor_decorator.py
[2023-11-16T08:35:25.019+0000] {processor.py:829} INFO - Processing file /home/airflow/.local/lib/python3.8/site-packages/airflow/example_dags/example_sensor_decorator.py for tasks to queue
[2023-11-16T08:35:25.021+0000] {logging_mixin.py:151} INFO - [2023-11-16T08:35:25.021+0000] {dagbag.py:536} INFO - Filling up the DagBag from /home/airflow/.local/lib/python3.8/site-packages/airflow/example_dags/example_sensor_decorator.py
[2023-11-16T08:35:25.024+0000] {processor.py:839} INFO - DAG(s) dict_keys(['example_sensor_decorator']) retrieved from /home/airflow/.local/lib/python3.8/site-packages/airflow/example_dags/example_sensor_decorator.py
[2023-11-16T08:35:25.037+0000] {logging_mixin.py:151} INFO - [2023-11-16T08:35:25.037+0000] {dag.py:2941} INFO - Sync 1 DAGs
[2023-11-16T08:35:25.045+0000] {logging_mixin.py:151} INFO - [2023-11-16T08:35:25.045+0000] {dag.py:3722} INFO - Setting next_dagrun for example_sensor_decorator to None, run_after=None
[2023-11-16T08:35:25.057+0000] {processor.py:179} INFO - Processing /home/airflow/.local/lib/python3.8/site-packages/airflow/example_dags/example_sensor_decorator.py took 0.041 seconds
[2023-11-16T08:35:55.147+0000] {processor.py:157} INFO - Started process (PID=812) to work on /home/airflow/.local/lib/python3.8/site-packages/airflow/example_dags/example_sensor_decorator.py
[2023-11-16T08:35:55.148+0000] {processor.py:829} INFO - Processing file /home/airflow/.local/lib/python3.8/site-packages/airflow/example_dags/example_sensor_decorator.py for tasks to queue
[2023-11-16T08:35:55.150+0000] {logging_mixin.py:151} INFO - [2023-11-16T08:35:55.150+0000] {dagbag.py:536} INFO - Filling up the DagBag from /home/airflow/.local/lib/python3.8/site-packages/airflow/example_dags/example_sensor_decorator.py
[2023-11-16T08:35:55.153+0000] {processor.py:839} INFO - DAG(s) dict_keys(['example_sensor_decorator']) retrieved from /home/airflow/.local/lib/python3.8/site-packages/airflow/example_dags/example_sensor_decorator.py
[2023-11-16T08:35:55.166+0000] {logging_mixin.py:151} INFO - [2023-11-16T08:35:55.166+0000] {dag.py:2941} INFO - Sync 1 DAGs
[2023-11-16T08:35:55.175+0000] {logging_mixin.py:151} INFO - [2023-11-16T08:35:55.175+0000] {dag.py:3722} INFO - Setting next_dagrun for example_sensor_decorator to None, run_after=None
[2023-11-16T08:35:55.187+0000] {processor.py:179} INFO - Processing /home/airflow/.local/lib/python3.8/site-packages/airflow/example_dags/example_sensor_decorator.py took 0.043 seconds
[2023-11-16T08:36:25.289+0000] {processor.py:157} INFO - Started process (PID=866) to work on /home/airflow/.local/lib/python3.8/site-packages/airflow/example_dags/example_sensor_decorator.py
[2023-11-16T08:36:25.299+0000] {processor.py:829} INFO - Processing file /home/airflow/.local/lib/python3.8/site-packages/airflow/example_dags/example_sensor_decorator.py for tasks to queue
[2023-11-16T08:36:25.301+0000] {logging_mixin.py:151} INFO - [2023-11-16T08:36:25.301+0000] {dagbag.py:536} INFO - Filling up the DagBag from /home/airflow/.local/lib/python3.8/site-packages/airflow/example_dags/example_sensor_decorator.py
[2023-11-16T08:36:25.306+0000] {processor.py:839} INFO - DAG(s) dict_keys(['example_sensor_decorator']) retrieved from /home/airflow/.local/lib/python3.8/site-packages/airflow/example_dags/example_sensor_decorator.py
[2023-11-16T08:36:25.320+0000] {logging_mixin.py:151} INFO - [2023-11-16T08:36:25.320+0000] {dag.py:2941} INFO - Sync 1 DAGs
[2023-11-16T08:36:25.330+0000] {logging_mixin.py:151} INFO - [2023-11-16T08:36:25.330+0000] {dag.py:3722} INFO - Setting next_dagrun for example_sensor_decorator to None, run_after=None
[2023-11-16T08:36:25.346+0000] {processor.py:179} INFO - Processing /home/airflow/.local/lib/python3.8/site-packages/airflow/example_dags/example_sensor_decorator.py took 0.060 seconds
[2023-11-16T08:36:55.507+0000] {processor.py:157} INFO - Started process (PID=920) to work on /home/airflow/.local/lib/python3.8/site-packages/airflow/example_dags/example_sensor_decorator.py
[2023-11-16T08:36:55.508+0000] {processor.py:829} INFO - Processing file /home/airflow/.local/lib/python3.8/site-packages/airflow/example_dags/example_sensor_decorator.py for tasks to queue
[2023-11-16T08:36:55.510+0000] {logging_mixin.py:151} INFO - [2023-11-16T08:36:55.510+0000] {dagbag.py:536} INFO - Filling up the DagBag from /home/airflow/.local/lib/python3.8/site-packages/airflow/example_dags/example_sensor_decorator.py
[2023-11-16T08:36:55.514+0000] {processor.py:839} INFO - DAG(s) dict_keys(['example_sensor_decorator']) retrieved from /home/airflow/.local/lib/python3.8/site-packages/airflow/example_dags/example_sensor_decorator.py
[2023-11-16T08:36:55.527+0000] {logging_mixin.py:151} INFO - [2023-11-16T08:36:55.527+0000] {dag.py:2941} INFO - Sync 1 DAGs
[2023-11-16T08:36:55.536+0000] {logging_mixin.py:151} INFO - [2023-11-16T08:36:55.536+0000] {dag.py:3722} INFO - Setting next_dagrun for example_sensor_decorator to None, run_after=None
[2023-11-16T08:36:55.548+0000] {processor.py:179} INFO - Processing /home/airflow/.local/lib/python3.8/site-packages/airflow/example_dags/example_sensor_decorator.py took 0.043 seconds
[2023-11-16T08:37:25.713+0000] {processor.py:157} INFO - Started process (PID=974) to work on /home/airflow/.local/lib/python3.8/site-packages/airflow/example_dags/example_sensor_decorator.py
[2023-11-16T08:37:25.753+0000] {processor.py:829} INFO - Processing file /home/airflow/.local/lib/python3.8/site-packages/airflow/example_dags/example_sensor_decorator.py for tasks to queue
[2023-11-16T08:37:25.755+0000] {logging_mixin.py:151} INFO - [2023-11-16T08:37:25.755+0000] {dagbag.py:536} INFO - Filling up the DagBag from /home/airflow/.local/lib/python3.8/site-packages/airflow/example_dags/example_sensor_decorator.py
[2023-11-16T08:37:25.759+0000] {processor.py:839} INFO - DAG(s) dict_keys(['example_sensor_decorator']) retrieved from /home/airflow/.local/lib/python3.8/site-packages/airflow/example_dags/example_sensor_decorator.py
[2023-11-16T08:37:25.774+0000] {logging_mixin.py:151} INFO - [2023-11-16T08:37:25.773+0000] {dag.py:2941} INFO - Sync 1 DAGs
[2023-11-16T08:37:25.782+0000] {logging_mixin.py:151} INFO - [2023-11-16T08:37:25.782+0000] {dag.py:3722} INFO - Setting next_dagrun for example_sensor_decorator to None, run_after=None
[2023-11-16T08:37:25.794+0000] {processor.py:179} INFO - Processing /home/airflow/.local/lib/python3.8/site-packages/airflow/example_dags/example_sensor_decorator.py took 0.084 seconds
[2023-11-16T08:37:55.864+0000] {processor.py:157} INFO - Started process (PID=1028) to work on /home/airflow/.local/lib/python3.8/site-packages/airflow/example_dags/example_sensor_decorator.py
[2023-11-16T08:37:55.865+0000] {processor.py:829} INFO - Processing file /home/airflow/.local/lib/python3.8/site-packages/airflow/example_dags/example_sensor_decorator.py for tasks to queue
[2023-11-16T08:37:55.868+0000] {logging_mixin.py:151} INFO - [2023-11-16T08:37:55.867+0000] {dagbag.py:536} INFO - Filling up the DagBag from /home/airflow/.local/lib/python3.8/site-packages/airflow/example_dags/example_sensor_decorator.py
[2023-11-16T08:37:55.872+0000] {processor.py:839} INFO - DAG(s) dict_keys(['example_sensor_decorator']) retrieved from /home/airflow/.local/lib/python3.8/site-packages/airflow/example_dags/example_sensor_decorator.py
[2023-11-16T08:37:55.887+0000] {logging_mixin.py:151} INFO - [2023-11-16T08:37:55.887+0000] {dag.py:2941} INFO - Sync 1 DAGs
[2023-11-16T08:37:55.901+0000] {logging_mixin.py:151} INFO - [2023-11-16T08:37:55.901+0000] {dag.py:3722} INFO - Setting next_dagrun for example_sensor_decorator to None, run_after=None
[2023-11-16T08:37:55.916+0000] {processor.py:179} INFO - Processing /home/airflow/.local/lib/python3.8/site-packages/airflow/example_dags/example_sensor_decorator.py took 0.055 seconds
[2023-11-16T08:38:26.109+0000] {processor.py:157} INFO - Started process (PID=1082) to work on /home/airflow/.local/lib/python3.8/site-packages/airflow/example_dags/example_sensor_decorator.py
[2023-11-16T08:38:26.152+0000] {processor.py:829} INFO - Processing file /home/airflow/.local/lib/python3.8/site-packages/airflow/example_dags/example_sensor_decorator.py for tasks to queue
[2023-11-16T08:38:26.154+0000] {logging_mixin.py:151} INFO - [2023-11-16T08:38:26.154+0000] {dagbag.py:536} INFO - Filling up the DagBag from /home/airflow/.local/lib/python3.8/site-packages/airflow/example_dags/example_sensor_decorator.py
[2023-11-16T08:38:26.158+0000] {processor.py:839} INFO - DAG(s) dict_keys(['example_sensor_decorator']) retrieved from /home/airflow/.local/lib/python3.8/site-packages/airflow/example_dags/example_sensor_decorator.py
[2023-11-16T08:38:26.173+0000] {logging_mixin.py:151} INFO - [2023-11-16T08:38:26.172+0000] {dag.py:2941} INFO - Sync 1 DAGs
[2023-11-16T08:38:26.181+0000] {logging_mixin.py:151} INFO - [2023-11-16T08:38:26.181+0000] {dag.py:3722} INFO - Setting next_dagrun for example_sensor_decorator to None, run_after=None
[2023-11-16T08:38:26.195+0000] {processor.py:179} INFO - Processing /home/airflow/.local/lib/python3.8/site-packages/airflow/example_dags/example_sensor_decorator.py took 0.087 seconds
[2023-11-16T08:38:56.459+0000] {processor.py:157} INFO - Started process (PID=1136) to work on /home/airflow/.local/lib/python3.8/site-packages/airflow/example_dags/example_sensor_decorator.py
[2023-11-16T08:38:56.460+0000] {processor.py:829} INFO - Processing file /home/airflow/.local/lib/python3.8/site-packages/airflow/example_dags/example_sensor_decorator.py for tasks to queue
[2023-11-16T08:38:56.462+0000] {logging_mixin.py:151} INFO - [2023-11-16T08:38:56.462+0000] {dagbag.py:536} INFO - Filling up the DagBag from /home/airflow/.local/lib/python3.8/site-packages/airflow/example_dags/example_sensor_decorator.py
[2023-11-16T08:38:56.466+0000] {processor.py:839} INFO - DAG(s) dict_keys(['example_sensor_decorator']) retrieved from /home/airflow/.local/lib/python3.8/site-packages/airflow/example_dags/example_sensor_decorator.py
[2023-11-16T08:38:56.478+0000] {logging_mixin.py:151} INFO - [2023-11-16T08:38:56.478+0000] {dag.py:2941} INFO - Sync 1 DAGs
[2023-11-16T08:38:56.487+0000] {logging_mixin.py:151} INFO - [2023-11-16T08:38:56.487+0000] {dag.py:3722} INFO - Setting next_dagrun for example_sensor_decorator to None, run_after=None
[2023-11-16T08:38:56.499+0000] {processor.py:179} INFO - Processing /home/airflow/.local/lib/python3.8/site-packages/airflow/example_dags/example_sensor_decorator.py took 0.042 seconds
[2023-11-16T08:39:26.617+0000] {processor.py:157} INFO - Started process (PID=1190) to work on /home/airflow/.local/lib/python3.8/site-packages/airflow/example_dags/example_sensor_decorator.py
[2023-11-16T08:39:26.618+0000] {processor.py:829} INFO - Processing file /home/airflow/.local/lib/python3.8/site-packages/airflow/example_dags/example_sensor_decorator.py for tasks to queue
[2023-11-16T08:39:26.619+0000] {logging_mixin.py:151} INFO - [2023-11-16T08:39:26.619+0000] {dagbag.py:536} INFO - Filling up the DagBag from /home/airflow/.local/lib/python3.8/site-packages/airflow/example_dags/example_sensor_decorator.py
[2023-11-16T08:39:26.623+0000] {processor.py:839} INFO - DAG(s) dict_keys(['example_sensor_decorator']) retrieved from /home/airflow/.local/lib/python3.8/site-packages/airflow/example_dags/example_sensor_decorator.py
[2023-11-16T08:39:26.636+0000] {logging_mixin.py:151} INFO - [2023-11-16T08:39:26.636+0000] {dag.py:2941} INFO - Sync 1 DAGs
[2023-11-16T08:39:26.645+0000] {logging_mixin.py:151} INFO - [2023-11-16T08:39:26.644+0000] {dag.py:3722} INFO - Setting next_dagrun for example_sensor_decorator to None, run_after=None
[2023-11-16T08:39:26.676+0000] {processor.py:179} INFO - Processing /home/airflow/.local/lib/python3.8/site-packages/airflow/example_dags/example_sensor_decorator.py took 0.061 seconds
[2023-11-16T08:39:56.789+0000] {processor.py:157} INFO - Started process (PID=1244) to work on /home/airflow/.local/lib/python3.8/site-packages/airflow/example_dags/example_sensor_decorator.py
[2023-11-16T08:39:56.790+0000] {processor.py:829} INFO - Processing file /home/airflow/.local/lib/python3.8/site-packages/airflow/example_dags/example_sensor_decorator.py for tasks to queue
[2023-11-16T08:39:56.791+0000] {logging_mixin.py:151} INFO - [2023-11-16T08:39:56.791+0000] {dagbag.py:536} INFO - Filling up the DagBag from /home/airflow/.local/lib/python3.8/site-packages/airflow/example_dags/example_sensor_decorator.py
[2023-11-16T08:39:56.795+0000] {processor.py:839} INFO - DAG(s) dict_keys(['example_sensor_decorator']) retrieved from /home/airflow/.local/lib/python3.8/site-packages/airflow/example_dags/example_sensor_decorator.py
[2023-11-16T08:39:56.808+0000] {logging_mixin.py:151} INFO - [2023-11-16T08:39:56.808+0000] {dag.py:2941} INFO - Sync 1 DAGs
[2023-11-16T08:39:56.817+0000] {logging_mixin.py:151} INFO - [2023-11-16T08:39:56.817+0000] {dag.py:3722} INFO - Setting next_dagrun for example_sensor_decorator to None, run_after=None
[2023-11-16T08:39:56.831+0000] {processor.py:179} INFO - Processing /home/airflow/.local/lib/python3.8/site-packages/airflow/example_dags/example_sensor_decorator.py took 0.044 seconds
[2023-11-16T08:40:26.892+0000] {processor.py:157} INFO - Started process (PID=1298) to work on /home/airflow/.local/lib/python3.8/site-packages/airflow/example_dags/example_sensor_decorator.py
[2023-11-16T08:40:26.893+0000] {processor.py:829} INFO - Processing file /home/airflow/.local/lib/python3.8/site-packages/airflow/example_dags/example_sensor_decorator.py for tasks to queue
[2023-11-16T08:40:26.895+0000] {logging_mixin.py:151} INFO - [2023-11-16T08:40:26.895+0000] {dagbag.py:536} INFO - Filling up the DagBag from /home/airflow/.local/lib/python3.8/site-packages/airflow/example_dags/example_sensor_decorator.py
[2023-11-16T08:40:26.898+0000] {processor.py:839} INFO - DAG(s) dict_keys(['example_sensor_decorator']) retrieved from /home/airflow/.local/lib/python3.8/site-packages/airflow/example_dags/example_sensor_decorator.py
[2023-11-16T08:40:26.911+0000] {logging_mixin.py:151} INFO - [2023-11-16T08:40:26.911+0000] {dag.py:2941} INFO - Sync 1 DAGs
[2023-11-16T08:40:26.920+0000] {logging_mixin.py:151} INFO - [2023-11-16T08:40:26.920+0000] {dag.py:3722} INFO - Setting next_dagrun for example_sensor_decorator to None, run_after=None
[2023-11-16T08:40:26.934+0000] {processor.py:179} INFO - Processing /home/airflow/.local/lib/python3.8/site-packages/airflow/example_dags/example_sensor_decorator.py took 0.044 seconds
[2023-11-16T08:40:57.738+0000] {processor.py:157} INFO - Started process (PID=1352) to work on /home/airflow/.local/lib/python3.8/site-packages/airflow/example_dags/example_sensor_decorator.py
[2023-11-16T08:40:57.738+0000] {processor.py:829} INFO - Processing file /home/airflow/.local/lib/python3.8/site-packages/airflow/example_dags/example_sensor_decorator.py for tasks to queue
[2023-11-16T08:40:57.740+0000] {logging_mixin.py:151} INFO - [2023-11-16T08:40:57.740+0000] {dagbag.py:536} INFO - Filling up the DagBag from /home/airflow/.local/lib/python3.8/site-packages/airflow/example_dags/example_sensor_decorator.py
[2023-11-16T08:40:57.744+0000] {processor.py:839} INFO - DAG(s) dict_keys(['example_sensor_decorator']) retrieved from /home/airflow/.local/lib/python3.8/site-packages/airflow/example_dags/example_sensor_decorator.py
[2023-11-16T08:40:57.759+0000] {logging_mixin.py:151} INFO - [2023-11-16T08:40:57.759+0000] {dag.py:2941} INFO - Sync 1 DAGs
[2023-11-16T08:40:57.770+0000] {logging_mixin.py:151} INFO - [2023-11-16T08:40:57.769+0000] {dag.py:3722} INFO - Setting next_dagrun for example_sensor_decorator to None, run_after=None
[2023-11-16T08:40:57.786+0000] {processor.py:179} INFO - Processing /home/airflow/.local/lib/python3.8/site-packages/airflow/example_dags/example_sensor_decorator.py took 0.051 seconds
[2023-11-16T08:41:28.772+0000] {processor.py:157} INFO - Started process (PID=1406) to work on /home/airflow/.local/lib/python3.8/site-packages/airflow/example_dags/example_sensor_decorator.py
[2023-11-16T08:41:28.773+0000] {processor.py:829} INFO - Processing file /home/airflow/.local/lib/python3.8/site-packages/airflow/example_dags/example_sensor_decorator.py for tasks to queue
[2023-11-16T08:41:28.774+0000] {logging_mixin.py:151} INFO - [2023-11-16T08:41:28.774+0000] {dagbag.py:536} INFO - Filling up the DagBag from /home/airflow/.local/lib/python3.8/site-packages/airflow/example_dags/example_sensor_decorator.py
[2023-11-16T08:41:28.778+0000] {processor.py:839} INFO - DAG(s) dict_keys(['example_sensor_decorator']) retrieved from /home/airflow/.local/lib/python3.8/site-packages/airflow/example_dags/example_sensor_decorator.py
[2023-11-16T08:41:28.792+0000] {logging_mixin.py:151} INFO - [2023-11-16T08:41:28.792+0000] {dag.py:2941} INFO - Sync 1 DAGs
[2023-11-16T08:41:28.802+0000] {logging_mixin.py:151} INFO - [2023-11-16T08:41:28.802+0000] {dag.py:3722} INFO - Setting next_dagrun for example_sensor_decorator to None, run_after=None
[2023-11-16T08:41:28.815+0000] {processor.py:179} INFO - Processing /home/airflow/.local/lib/python3.8/site-packages/airflow/example_dags/example_sensor_decorator.py took 0.046 seconds
[2023-11-16T08:41:58.943+0000] {processor.py:157} INFO - Started process (PID=1460) to work on /home/airflow/.local/lib/python3.8/site-packages/airflow/example_dags/example_sensor_decorator.py
[2023-11-16T08:41:58.944+0000] {processor.py:829} INFO - Processing file /home/airflow/.local/lib/python3.8/site-packages/airflow/example_dags/example_sensor_decorator.py for tasks to queue
[2023-11-16T08:41:58.946+0000] {logging_mixin.py:151} INFO - [2023-11-16T08:41:58.946+0000] {dagbag.py:536} INFO - Filling up the DagBag from /home/airflow/.local/lib/python3.8/site-packages/airflow/example_dags/example_sensor_decorator.py
[2023-11-16T08:41:58.949+0000] {processor.py:839} INFO - DAG(s) dict_keys(['example_sensor_decorator']) retrieved from /home/airflow/.local/lib/python3.8/site-packages/airflow/example_dags/example_sensor_decorator.py
[2023-11-16T08:41:58.962+0000] {logging_mixin.py:151} INFO - [2023-11-16T08:41:58.962+0000] {dag.py:2941} INFO - Sync 1 DAGs
[2023-11-16T08:41:58.971+0000] {logging_mixin.py:151} INFO - [2023-11-16T08:41:58.971+0000] {dag.py:3722} INFO - Setting next_dagrun for example_sensor_decorator to None, run_after=None
[2023-11-16T08:41:58.983+0000] {processor.py:179} INFO - Processing /home/airflow/.local/lib/python3.8/site-packages/airflow/example_dags/example_sensor_decorator.py took 0.042 seconds
[2023-11-16T08:42:29.831+0000] {processor.py:157} INFO - Started process (PID=1514) to work on /home/airflow/.local/lib/python3.8/site-packages/airflow/example_dags/example_sensor_decorator.py
[2023-11-16T08:42:29.831+0000] {processor.py:829} INFO - Processing file /home/airflow/.local/lib/python3.8/site-packages/airflow/example_dags/example_sensor_decorator.py for tasks to queue
[2023-11-16T08:42:29.833+0000] {logging_mixin.py:151} INFO - [2023-11-16T08:42:29.833+0000] {dagbag.py:536} INFO - Filling up the DagBag from /home/airflow/.local/lib/python3.8/site-packages/airflow/example_dags/example_sensor_decorator.py
[2023-11-16T08:42:29.837+0000] {processor.py:839} INFO - DAG(s) dict_keys(['example_sensor_decorator']) retrieved from /home/airflow/.local/lib/python3.8/site-packages/airflow/example_dags/example_sensor_decorator.py
[2023-11-16T08:42:29.850+0000] {logging_mixin.py:151} INFO - [2023-11-16T08:42:29.850+0000] {dag.py:2941} INFO - Sync 1 DAGs
[2023-11-16T08:42:29.858+0000] {logging_mixin.py:151} INFO - [2023-11-16T08:42:29.858+0000] {dag.py:3722} INFO - Setting next_dagrun for example_sensor_decorator to None, run_after=None
[2023-11-16T08:42:29.872+0000] {processor.py:179} INFO - Processing /home/airflow/.local/lib/python3.8/site-packages/airflow/example_dags/example_sensor_decorator.py took 0.044 seconds
[2023-11-16T08:43:00.687+0000] {processor.py:157} INFO - Started process (PID=1568) to work on /home/airflow/.local/lib/python3.8/site-packages/airflow/example_dags/example_sensor_decorator.py
[2023-11-16T08:43:00.688+0000] {processor.py:829} INFO - Processing file /home/airflow/.local/lib/python3.8/site-packages/airflow/example_dags/example_sensor_decorator.py for tasks to queue
[2023-11-16T08:43:00.690+0000] {logging_mixin.py:151} INFO - [2023-11-16T08:43:00.690+0000] {dagbag.py:536} INFO - Filling up the DagBag from /home/airflow/.local/lib/python3.8/site-packages/airflow/example_dags/example_sensor_decorator.py
[2023-11-16T08:43:00.694+0000] {processor.py:839} INFO - DAG(s) dict_keys(['example_sensor_decorator']) retrieved from /home/airflow/.local/lib/python3.8/site-packages/airflow/example_dags/example_sensor_decorator.py
[2023-11-16T08:43:00.707+0000] {logging_mixin.py:151} INFO - [2023-11-16T08:43:00.707+0000] {dag.py:2941} INFO - Sync 1 DAGs
[2023-11-16T08:43:00.716+0000] {logging_mixin.py:151} INFO - [2023-11-16T08:43:00.716+0000] {dag.py:3722} INFO - Setting next_dagrun for example_sensor_decorator to None, run_after=None
[2023-11-16T08:43:00.728+0000] {processor.py:179} INFO - Processing /home/airflow/.local/lib/python3.8/site-packages/airflow/example_dags/example_sensor_decorator.py took 0.043 seconds
[2023-11-16T08:43:31.224+0000] {processor.py:157} INFO - Started process (PID=1622) to work on /home/airflow/.local/lib/python3.8/site-packages/airflow/example_dags/example_sensor_decorator.py
[2023-11-16T08:43:31.225+0000] {processor.py:829} INFO - Processing file /home/airflow/.local/lib/python3.8/site-packages/airflow/example_dags/example_sensor_decorator.py for tasks to queue
[2023-11-16T08:43:31.226+0000] {logging_mixin.py:151} INFO - [2023-11-16T08:43:31.226+0000] {dagbag.py:536} INFO - Filling up the DagBag from /home/airflow/.local/lib/python3.8/site-packages/airflow/example_dags/example_sensor_decorator.py
[2023-11-16T08:43:31.230+0000] {processor.py:839} INFO - DAG(s) dict_keys(['example_sensor_decorator']) retrieved from /home/airflow/.local/lib/python3.8/site-packages/airflow/example_dags/example_sensor_decorator.py
[2023-11-16T08:43:31.244+0000] {logging_mixin.py:151} INFO - [2023-11-16T08:43:31.243+0000] {dag.py:2941} INFO - Sync 1 DAGs
[2023-11-16T08:43:31.252+0000] {logging_mixin.py:151} INFO - [2023-11-16T08:43:31.252+0000] {dag.py:3722} INFO - Setting next_dagrun for example_sensor_decorator to None, run_after=None
[2023-11-16T08:43:31.265+0000] {processor.py:179} INFO - Processing /home/airflow/.local/lib/python3.8/site-packages/airflow/example_dags/example_sensor_decorator.py took 0.044 seconds
[2023-11-16T08:44:01.667+0000] {processor.py:157} INFO - Started process (PID=1676) to work on /home/airflow/.local/lib/python3.8/site-packages/airflow/example_dags/example_sensor_decorator.py
[2023-11-16T08:44:01.668+0000] {processor.py:829} INFO - Processing file /home/airflow/.local/lib/python3.8/site-packages/airflow/example_dags/example_sensor_decorator.py for tasks to queue
[2023-11-16T08:44:01.670+0000] {logging_mixin.py:151} INFO - [2023-11-16T08:44:01.670+0000] {dagbag.py:536} INFO - Filling up the DagBag from /home/airflow/.local/lib/python3.8/site-packages/airflow/example_dags/example_sensor_decorator.py
[2023-11-16T08:44:01.674+0000] {processor.py:839} INFO - DAG(s) dict_keys(['example_sensor_decorator']) retrieved from /home/airflow/.local/lib/python3.8/site-packages/airflow/example_dags/example_sensor_decorator.py
[2023-11-16T08:44:01.686+0000] {logging_mixin.py:151} INFO - [2023-11-16T08:44:01.686+0000] {dag.py:2941} INFO - Sync 1 DAGs
[2023-11-16T08:44:01.696+0000] {logging_mixin.py:151} INFO - [2023-11-16T08:44:01.696+0000] {dag.py:3722} INFO - Setting next_dagrun for example_sensor_decorator to None, run_after=None
[2023-11-16T08:44:01.708+0000] {processor.py:179} INFO - Processing /home/airflow/.local/lib/python3.8/site-packages/airflow/example_dags/example_sensor_decorator.py took 0.043 seconds
[2023-11-16T08:44:32.354+0000] {processor.py:157} INFO - Started process (PID=1737) to work on /home/airflow/.local/lib/python3.8/site-packages/airflow/example_dags/example_sensor_decorator.py
[2023-11-16T08:44:32.355+0000] {processor.py:829} INFO - Processing file /home/airflow/.local/lib/python3.8/site-packages/airflow/example_dags/example_sensor_decorator.py for tasks to queue
[2023-11-16T08:44:32.357+0000] {logging_mixin.py:151} INFO - [2023-11-16T08:44:32.356+0000] {dagbag.py:536} INFO - Filling up the DagBag from /home/airflow/.local/lib/python3.8/site-packages/airflow/example_dags/example_sensor_decorator.py
[2023-11-16T08:44:32.361+0000] {processor.py:839} INFO - DAG(s) dict_keys(['example_sensor_decorator']) retrieved from /home/airflow/.local/lib/python3.8/site-packages/airflow/example_dags/example_sensor_decorator.py
[2023-11-16T08:44:32.375+0000] {logging_mixin.py:151} INFO - [2023-11-16T08:44:32.375+0000] {dag.py:2941} INFO - Sync 1 DAGs
[2023-11-16T08:44:32.384+0000] {logging_mixin.py:151} INFO - [2023-11-16T08:44:32.384+0000] {dag.py:3722} INFO - Setting next_dagrun for example_sensor_decorator to None, run_after=None
[2023-11-16T08:44:32.522+0000] {processor.py:179} INFO - Processing /home/airflow/.local/lib/python3.8/site-packages/airflow/example_dags/example_sensor_decorator.py took 0.170 seconds
[2023-11-16T08:45:02.969+0000] {processor.py:157} INFO - Started process (PID=1791) to work on /home/airflow/.local/lib/python3.8/site-packages/airflow/example_dags/example_sensor_decorator.py
[2023-11-16T08:45:02.970+0000] {processor.py:829} INFO - Processing file /home/airflow/.local/lib/python3.8/site-packages/airflow/example_dags/example_sensor_decorator.py for tasks to queue
[2023-11-16T08:45:02.972+0000] {logging_mixin.py:151} INFO - [2023-11-16T08:45:02.972+0000] {dagbag.py:536} INFO - Filling up the DagBag from /home/airflow/.local/lib/python3.8/site-packages/airflow/example_dags/example_sensor_decorator.py
[2023-11-16T08:45:02.976+0000] {processor.py:839} INFO - DAG(s) dict_keys(['example_sensor_decorator']) retrieved from /home/airflow/.local/lib/python3.8/site-packages/airflow/example_dags/example_sensor_decorator.py
[2023-11-16T08:45:02.991+0000] {logging_mixin.py:151} INFO - [2023-11-16T08:45:02.991+0000] {dag.py:2941} INFO - Sync 1 DAGs
[2023-11-16T08:45:03.001+0000] {logging_mixin.py:151} INFO - [2023-11-16T08:45:03.000+0000] {dag.py:3722} INFO - Setting next_dagrun for example_sensor_decorator to None, run_after=None
[2023-11-16T08:45:03.015+0000] {processor.py:179} INFO - Processing /home/airflow/.local/lib/python3.8/site-packages/airflow/example_dags/example_sensor_decorator.py took 0.048 seconds
[2023-11-16T08:45:33.809+0000] {processor.py:157} INFO - Started process (PID=1845) to work on /home/airflow/.local/lib/python3.8/site-packages/airflow/example_dags/example_sensor_decorator.py
[2023-11-16T08:45:33.810+0000] {processor.py:829} INFO - Processing file /home/airflow/.local/lib/python3.8/site-packages/airflow/example_dags/example_sensor_decorator.py for tasks to queue
[2023-11-16T08:45:33.812+0000] {logging_mixin.py:151} INFO - [2023-11-16T08:45:33.811+0000] {dagbag.py:536} INFO - Filling up the DagBag from /home/airflow/.local/lib/python3.8/site-packages/airflow/example_dags/example_sensor_decorator.py
[2023-11-16T08:45:33.815+0000] {processor.py:839} INFO - DAG(s) dict_keys(['example_sensor_decorator']) retrieved from /home/airflow/.local/lib/python3.8/site-packages/airflow/example_dags/example_sensor_decorator.py
[2023-11-16T08:45:33.828+0000] {logging_mixin.py:151} INFO - [2023-11-16T08:45:33.828+0000] {dag.py:2941} INFO - Sync 1 DAGs
[2023-11-16T08:45:33.837+0000] {logging_mixin.py:151} INFO - [2023-11-16T08:45:33.837+0000] {dag.py:3722} INFO - Setting next_dagrun for example_sensor_decorator to None, run_after=None
[2023-11-16T08:45:33.850+0000] {processor.py:179} INFO - Processing /home/airflow/.local/lib/python3.8/site-packages/airflow/example_dags/example_sensor_decorator.py took 0.043 seconds
[2023-11-16T08:46:03.886+0000] {processor.py:157} INFO - Started process (PID=1899) to work on /home/airflow/.local/lib/python3.8/site-packages/airflow/example_dags/example_sensor_decorator.py
[2023-11-16T08:46:03.887+0000] {processor.py:829} INFO - Processing file /home/airflow/.local/lib/python3.8/site-packages/airflow/example_dags/example_sensor_decorator.py for tasks to queue
[2023-11-16T08:46:03.889+0000] {logging_mixin.py:151} INFO - [2023-11-16T08:46:03.889+0000] {dagbag.py:536} INFO - Filling up the DagBag from /home/airflow/.local/lib/python3.8/site-packages/airflow/example_dags/example_sensor_decorator.py
[2023-11-16T08:46:03.893+0000] {processor.py:839} INFO - DAG(s) dict_keys(['example_sensor_decorator']) retrieved from /home/airflow/.local/lib/python3.8/site-packages/airflow/example_dags/example_sensor_decorator.py
[2023-11-16T08:46:03.907+0000] {logging_mixin.py:151} INFO - [2023-11-16T08:46:03.907+0000] {dag.py:2941} INFO - Sync 1 DAGs
[2023-11-16T08:46:04.027+0000] {logging_mixin.py:151} INFO - [2023-11-16T08:46:04.027+0000] {dag.py:3722} INFO - Setting next_dagrun for example_sensor_decorator to None, run_after=None
[2023-11-16T08:46:04.106+0000] {processor.py:179} INFO - Processing /home/airflow/.local/lib/python3.8/site-packages/airflow/example_dags/example_sensor_decorator.py took 0.222 seconds
