[2023-11-16T08:28:47.182+0000] {processor.py:157} INFO - Started process (PID=42) to work on /home/airflow/.local/lib/python3.8/site-packages/airflow/example_dags/tutorial_dag.py
[2023-11-16T08:28:47.184+0000] {processor.py:829} INFO - Processing file /home/airflow/.local/lib/python3.8/site-packages/airflow/example_dags/tutorial_dag.py for tasks to queue
[2023-11-16T08:28:47.186+0000] {logging_mixin.py:151} INFO - [2023-11-16T08:28:47.185+0000] {dagbag.py:536} INFO - Filling up the DagBag from /home/airflow/.local/lib/python3.8/site-packages/airflow/example_dags/tutorial_dag.py
[2023-11-16T08:28:47.193+0000] {processor.py:839} INFO - DAG(s) dict_keys(['tutorial_dag']) retrieved from /home/airflow/.local/lib/python3.8/site-packages/airflow/example_dags/tutorial_dag.py
[2023-11-16T08:28:47.211+0000] {logging_mixin.py:151} INFO - [2023-11-16T08:28:47.211+0000] {dag.py:2941} INFO - Sync 1 DAGs
[2023-11-16T08:28:47.223+0000] {logging_mixin.py:151} INFO - [2023-11-16T08:28:47.223+0000] {dag.py:3722} INFO - Setting next_dagrun for tutorial_dag to None, run_after=None
[2023-11-16T08:28:47.240+0000] {processor.py:179} INFO - Processing /home/airflow/.local/lib/python3.8/site-packages/airflow/example_dags/tutorial_dag.py took 0.060 seconds
[2023-11-16T08:29:18.179+0000] {processor.py:157} INFO - Started process (PID=96) to work on /home/airflow/.local/lib/python3.8/site-packages/airflow/example_dags/tutorial_dag.py
[2023-11-16T08:29:18.180+0000] {processor.py:829} INFO - Processing file /home/airflow/.local/lib/python3.8/site-packages/airflow/example_dags/tutorial_dag.py for tasks to queue
[2023-11-16T08:29:18.181+0000] {logging_mixin.py:151} INFO - [2023-11-16T08:29:18.181+0000] {dagbag.py:536} INFO - Filling up the DagBag from /home/airflow/.local/lib/python3.8/site-packages/airflow/example_dags/tutorial_dag.py
[2023-11-16T08:29:18.185+0000] {processor.py:839} INFO - DAG(s) dict_keys(['tutorial_dag']) retrieved from /home/airflow/.local/lib/python3.8/site-packages/airflow/example_dags/tutorial_dag.py
[2023-11-16T08:29:18.199+0000] {logging_mixin.py:151} INFO - [2023-11-16T08:29:18.199+0000] {dag.py:2941} INFO - Sync 1 DAGs
[2023-11-16T08:29:18.209+0000] {logging_mixin.py:151} INFO - [2023-11-16T08:29:18.209+0000] {dag.py:3722} INFO - Setting next_dagrun for tutorial_dag to None, run_after=None
[2023-11-16T08:29:18.223+0000] {processor.py:179} INFO - Processing /home/airflow/.local/lib/python3.8/site-packages/airflow/example_dags/tutorial_dag.py took 0.046 seconds
[2023-11-16T08:29:48.799+0000] {processor.py:157} INFO - Started process (PID=150) to work on /home/airflow/.local/lib/python3.8/site-packages/airflow/example_dags/tutorial_dag.py
[2023-11-16T08:29:48.801+0000] {processor.py:829} INFO - Processing file /home/airflow/.local/lib/python3.8/site-packages/airflow/example_dags/tutorial_dag.py for tasks to queue
[2023-11-16T08:29:48.803+0000] {logging_mixin.py:151} INFO - [2023-11-16T08:29:48.803+0000] {dagbag.py:536} INFO - Filling up the DagBag from /home/airflow/.local/lib/python3.8/site-packages/airflow/example_dags/tutorial_dag.py
[2023-11-16T08:29:48.809+0000] {processor.py:839} INFO - DAG(s) dict_keys(['tutorial_dag']) retrieved from /home/airflow/.local/lib/python3.8/site-packages/airflow/example_dags/tutorial_dag.py
[2023-11-16T08:29:48.827+0000] {logging_mixin.py:151} INFO - [2023-11-16T08:29:48.827+0000] {dag.py:2941} INFO - Sync 1 DAGs
[2023-11-16T08:29:48.840+0000] {logging_mixin.py:151} INFO - [2023-11-16T08:29:48.839+0000] {dag.py:3722} INFO - Setting next_dagrun for tutorial_dag to None, run_after=None
[2023-11-16T08:29:48.870+0000] {processor.py:179} INFO - Processing /home/airflow/.local/lib/python3.8/site-packages/airflow/example_dags/tutorial_dag.py took 0.073 seconds
[2023-11-16T08:30:19.039+0000] {processor.py:157} INFO - Started process (PID=204) to work on /home/airflow/.local/lib/python3.8/site-packages/airflow/example_dags/tutorial_dag.py
[2023-11-16T08:30:19.041+0000] {processor.py:829} INFO - Processing file /home/airflow/.local/lib/python3.8/site-packages/airflow/example_dags/tutorial_dag.py for tasks to queue
[2023-11-16T08:30:19.042+0000] {logging_mixin.py:151} INFO - [2023-11-16T08:30:19.042+0000] {dagbag.py:536} INFO - Filling up the DagBag from /home/airflow/.local/lib/python3.8/site-packages/airflow/example_dags/tutorial_dag.py
[2023-11-16T08:30:19.046+0000] {processor.py:839} INFO - DAG(s) dict_keys(['tutorial_dag']) retrieved from /home/airflow/.local/lib/python3.8/site-packages/airflow/example_dags/tutorial_dag.py
[2023-11-16T08:30:19.059+0000] {logging_mixin.py:151} INFO - [2023-11-16T08:30:19.059+0000] {dag.py:2941} INFO - Sync 1 DAGs
[2023-11-16T08:30:19.068+0000] {logging_mixin.py:151} INFO - [2023-11-16T08:30:19.068+0000] {dag.py:3722} INFO - Setting next_dagrun for tutorial_dag to None, run_after=None
[2023-11-16T08:30:19.080+0000] {processor.py:179} INFO - Processing /home/airflow/.local/lib/python3.8/site-packages/airflow/example_dags/tutorial_dag.py took 0.043 seconds
[2023-11-16T08:30:49.255+0000] {processor.py:157} INFO - Started process (PID=258) to work on /home/airflow/.local/lib/python3.8/site-packages/airflow/example_dags/tutorial_dag.py
[2023-11-16T08:30:49.256+0000] {processor.py:829} INFO - Processing file /home/airflow/.local/lib/python3.8/site-packages/airflow/example_dags/tutorial_dag.py for tasks to queue
[2023-11-16T08:30:49.257+0000] {logging_mixin.py:151} INFO - [2023-11-16T08:30:49.257+0000] {dagbag.py:536} INFO - Filling up the DagBag from /home/airflow/.local/lib/python3.8/site-packages/airflow/example_dags/tutorial_dag.py
[2023-11-16T08:30:49.260+0000] {processor.py:839} INFO - DAG(s) dict_keys(['tutorial_dag']) retrieved from /home/airflow/.local/lib/python3.8/site-packages/airflow/example_dags/tutorial_dag.py
[2023-11-16T08:30:49.273+0000] {logging_mixin.py:151} INFO - [2023-11-16T08:30:49.273+0000] {dag.py:2941} INFO - Sync 1 DAGs
[2023-11-16T08:30:49.282+0000] {logging_mixin.py:151} INFO - [2023-11-16T08:30:49.282+0000] {dag.py:3722} INFO - Setting next_dagrun for tutorial_dag to None, run_after=None
[2023-11-16T08:30:49.294+0000] {processor.py:179} INFO - Processing /home/airflow/.local/lib/python3.8/site-packages/airflow/example_dags/tutorial_dag.py took 0.041 seconds
[2023-11-16T08:31:19.556+0000] {processor.py:157} INFO - Started process (PID=312) to work on /home/airflow/.local/lib/python3.8/site-packages/airflow/example_dags/tutorial_dag.py
[2023-11-16T08:31:19.557+0000] {processor.py:829} INFO - Processing file /home/airflow/.local/lib/python3.8/site-packages/airflow/example_dags/tutorial_dag.py for tasks to queue
[2023-11-16T08:31:19.559+0000] {logging_mixin.py:151} INFO - [2023-11-16T08:31:19.559+0000] {dagbag.py:536} INFO - Filling up the DagBag from /home/airflow/.local/lib/python3.8/site-packages/airflow/example_dags/tutorial_dag.py
[2023-11-16T08:31:19.563+0000] {processor.py:839} INFO - DAG(s) dict_keys(['tutorial_dag']) retrieved from /home/airflow/.local/lib/python3.8/site-packages/airflow/example_dags/tutorial_dag.py
[2023-11-16T08:31:19.580+0000] {logging_mixin.py:151} INFO - [2023-11-16T08:31:19.580+0000] {dag.py:2941} INFO - Sync 1 DAGs
[2023-11-16T08:31:19.590+0000] {logging_mixin.py:151} INFO - [2023-11-16T08:31:19.590+0000] {dag.py:3722} INFO - Setting next_dagrun for tutorial_dag to None, run_after=None
[2023-11-16T08:31:19.606+0000] {processor.py:179} INFO - Processing /home/airflow/.local/lib/python3.8/site-packages/airflow/example_dags/tutorial_dag.py took 0.052 seconds
[2023-11-16T08:31:49.742+0000] {processor.py:157} INFO - Started process (PID=366) to work on /home/airflow/.local/lib/python3.8/site-packages/airflow/example_dags/tutorial_dag.py
[2023-11-16T08:31:49.743+0000] {processor.py:829} INFO - Processing file /home/airflow/.local/lib/python3.8/site-packages/airflow/example_dags/tutorial_dag.py for tasks to queue
[2023-11-16T08:31:49.745+0000] {logging_mixin.py:151} INFO - [2023-11-16T08:31:49.745+0000] {dagbag.py:536} INFO - Filling up the DagBag from /home/airflow/.local/lib/python3.8/site-packages/airflow/example_dags/tutorial_dag.py
[2023-11-16T08:31:49.749+0000] {processor.py:839} INFO - DAG(s) dict_keys(['tutorial_dag']) retrieved from /home/airflow/.local/lib/python3.8/site-packages/airflow/example_dags/tutorial_dag.py
[2023-11-16T08:31:49.766+0000] {logging_mixin.py:151} INFO - [2023-11-16T08:31:49.766+0000] {dag.py:2941} INFO - Sync 1 DAGs
[2023-11-16T08:31:49.777+0000] {logging_mixin.py:151} INFO - [2023-11-16T08:31:49.776+0000] {dag.py:3722} INFO - Setting next_dagrun for tutorial_dag to None, run_after=None
[2023-11-16T08:31:49.791+0000] {processor.py:179} INFO - Processing /home/airflow/.local/lib/python3.8/site-packages/airflow/example_dags/tutorial_dag.py took 0.052 seconds
[2023-11-16T08:32:20.037+0000] {processor.py:157} INFO - Started process (PID=420) to work on /home/airflow/.local/lib/python3.8/site-packages/airflow/example_dags/tutorial_dag.py
[2023-11-16T08:32:20.038+0000] {processor.py:829} INFO - Processing file /home/airflow/.local/lib/python3.8/site-packages/airflow/example_dags/tutorial_dag.py for tasks to queue
[2023-11-16T08:32:20.039+0000] {logging_mixin.py:151} INFO - [2023-11-16T08:32:20.039+0000] {dagbag.py:536} INFO - Filling up the DagBag from /home/airflow/.local/lib/python3.8/site-packages/airflow/example_dags/tutorial_dag.py
[2023-11-16T08:32:20.043+0000] {processor.py:839} INFO - DAG(s) dict_keys(['tutorial_dag']) retrieved from /home/airflow/.local/lib/python3.8/site-packages/airflow/example_dags/tutorial_dag.py
[2023-11-16T08:32:20.056+0000] {logging_mixin.py:151} INFO - [2023-11-16T08:32:20.056+0000] {dag.py:2941} INFO - Sync 1 DAGs
[2023-11-16T08:32:20.065+0000] {logging_mixin.py:151} INFO - [2023-11-16T08:32:20.065+0000] {dag.py:3722} INFO - Setting next_dagrun for tutorial_dag to None, run_after=None
[2023-11-16T08:32:20.078+0000] {processor.py:179} INFO - Processing /home/airflow/.local/lib/python3.8/site-packages/airflow/example_dags/tutorial_dag.py took 0.043 seconds
[2023-11-16T08:32:50.250+0000] {processor.py:157} INFO - Started process (PID=474) to work on /home/airflow/.local/lib/python3.8/site-packages/airflow/example_dags/tutorial_dag.py
[2023-11-16T08:32:50.251+0000] {processor.py:829} INFO - Processing file /home/airflow/.local/lib/python3.8/site-packages/airflow/example_dags/tutorial_dag.py for tasks to queue
[2023-11-16T08:32:50.252+0000] {logging_mixin.py:151} INFO - [2023-11-16T08:32:50.252+0000] {dagbag.py:536} INFO - Filling up the DagBag from /home/airflow/.local/lib/python3.8/site-packages/airflow/example_dags/tutorial_dag.py
[2023-11-16T08:32:50.256+0000] {processor.py:839} INFO - DAG(s) dict_keys(['tutorial_dag']) retrieved from /home/airflow/.local/lib/python3.8/site-packages/airflow/example_dags/tutorial_dag.py
[2023-11-16T08:32:50.268+0000] {logging_mixin.py:151} INFO - [2023-11-16T08:32:50.268+0000] {dag.py:2941} INFO - Sync 1 DAGs
[2023-11-16T08:32:50.277+0000] {logging_mixin.py:151} INFO - [2023-11-16T08:32:50.277+0000] {dag.py:3722} INFO - Setting next_dagrun for tutorial_dag to None, run_after=None
[2023-11-16T08:32:50.289+0000] {processor.py:179} INFO - Processing /home/airflow/.local/lib/python3.8/site-packages/airflow/example_dags/tutorial_dag.py took 0.041 seconds
[2023-11-16T08:33:20.586+0000] {processor.py:157} INFO - Started process (PID=528) to work on /home/airflow/.local/lib/python3.8/site-packages/airflow/example_dags/tutorial_dag.py
[2023-11-16T08:33:20.587+0000] {processor.py:829} INFO - Processing file /home/airflow/.local/lib/python3.8/site-packages/airflow/example_dags/tutorial_dag.py for tasks to queue
[2023-11-16T08:33:20.589+0000] {logging_mixin.py:151} INFO - [2023-11-16T08:33:20.589+0000] {dagbag.py:536} INFO - Filling up the DagBag from /home/airflow/.local/lib/python3.8/site-packages/airflow/example_dags/tutorial_dag.py
[2023-11-16T08:33:20.593+0000] {processor.py:839} INFO - DAG(s) dict_keys(['tutorial_dag']) retrieved from /home/airflow/.local/lib/python3.8/site-packages/airflow/example_dags/tutorial_dag.py
[2023-11-16T08:33:20.608+0000] {logging_mixin.py:151} INFO - [2023-11-16T08:33:20.608+0000] {dag.py:2941} INFO - Sync 1 DAGs
[2023-11-16T08:33:20.617+0000] {logging_mixin.py:151} INFO - [2023-11-16T08:33:20.617+0000] {dag.py:3722} INFO - Setting next_dagrun for tutorial_dag to None, run_after=None
[2023-11-16T08:33:20.631+0000] {processor.py:179} INFO - Processing /home/airflow/.local/lib/python3.8/site-packages/airflow/example_dags/tutorial_dag.py took 0.047 seconds
[2023-11-16T08:33:50.754+0000] {processor.py:157} INFO - Started process (PID=582) to work on /home/airflow/.local/lib/python3.8/site-packages/airflow/example_dags/tutorial_dag.py
[2023-11-16T08:33:50.755+0000] {processor.py:829} INFO - Processing file /home/airflow/.local/lib/python3.8/site-packages/airflow/example_dags/tutorial_dag.py for tasks to queue
[2023-11-16T08:33:50.757+0000] {logging_mixin.py:151} INFO - [2023-11-16T08:33:50.756+0000] {dagbag.py:536} INFO - Filling up the DagBag from /home/airflow/.local/lib/python3.8/site-packages/airflow/example_dags/tutorial_dag.py
[2023-11-16T08:33:50.761+0000] {processor.py:839} INFO - DAG(s) dict_keys(['tutorial_dag']) retrieved from /home/airflow/.local/lib/python3.8/site-packages/airflow/example_dags/tutorial_dag.py
[2023-11-16T08:33:50.776+0000] {logging_mixin.py:151} INFO - [2023-11-16T08:33:50.776+0000] {dag.py:2941} INFO - Sync 1 DAGs
[2023-11-16T08:33:50.786+0000] {logging_mixin.py:151} INFO - [2023-11-16T08:33:50.786+0000] {dag.py:3722} INFO - Setting next_dagrun for tutorial_dag to None, run_after=None
[2023-11-16T08:33:50.802+0000] {processor.py:179} INFO - Processing /home/airflow/.local/lib/python3.8/site-packages/airflow/example_dags/tutorial_dag.py took 0.050 seconds
[2023-11-16T08:34:21.128+0000] {processor.py:157} INFO - Started process (PID=636) to work on /home/airflow/.local/lib/python3.8/site-packages/airflow/example_dags/tutorial_dag.py
[2023-11-16T08:34:21.129+0000] {processor.py:829} INFO - Processing file /home/airflow/.local/lib/python3.8/site-packages/airflow/example_dags/tutorial_dag.py for tasks to queue
[2023-11-16T08:34:21.132+0000] {logging_mixin.py:151} INFO - [2023-11-16T08:34:21.131+0000] {dagbag.py:536} INFO - Filling up the DagBag from /home/airflow/.local/lib/python3.8/site-packages/airflow/example_dags/tutorial_dag.py
[2023-11-16T08:34:21.138+0000] {processor.py:839} INFO - DAG(s) dict_keys(['tutorial_dag']) retrieved from /home/airflow/.local/lib/python3.8/site-packages/airflow/example_dags/tutorial_dag.py
[2023-11-16T08:34:21.161+0000] {logging_mixin.py:151} INFO - [2023-11-16T08:34:21.161+0000] {dag.py:2941} INFO - Sync 1 DAGs
[2023-11-16T08:34:21.174+0000] {logging_mixin.py:151} INFO - [2023-11-16T08:34:21.174+0000] {dag.py:3722} INFO - Setting next_dagrun for tutorial_dag to None, run_after=None
[2023-11-16T08:34:21.198+0000] {processor.py:179} INFO - Processing /home/airflow/.local/lib/python3.8/site-packages/airflow/example_dags/tutorial_dag.py took 0.074 seconds
[2023-11-16T08:34:51.400+0000] {processor.py:157} INFO - Started process (PID=690) to work on /home/airflow/.local/lib/python3.8/site-packages/airflow/example_dags/tutorial_dag.py
[2023-11-16T08:34:51.401+0000] {processor.py:829} INFO - Processing file /home/airflow/.local/lib/python3.8/site-packages/airflow/example_dags/tutorial_dag.py for tasks to queue
[2023-11-16T08:34:51.403+0000] {logging_mixin.py:151} INFO - [2023-11-16T08:34:51.403+0000] {dagbag.py:536} INFO - Filling up the DagBag from /home/airflow/.local/lib/python3.8/site-packages/airflow/example_dags/tutorial_dag.py
[2023-11-16T08:34:51.407+0000] {processor.py:839} INFO - DAG(s) dict_keys(['tutorial_dag']) retrieved from /home/airflow/.local/lib/python3.8/site-packages/airflow/example_dags/tutorial_dag.py
[2023-11-16T08:34:51.424+0000] {logging_mixin.py:151} INFO - [2023-11-16T08:34:51.424+0000] {dag.py:2941} INFO - Sync 1 DAGs
[2023-11-16T08:34:51.435+0000] {logging_mixin.py:151} INFO - [2023-11-16T08:34:51.435+0000] {dag.py:3722} INFO - Setting next_dagrun for tutorial_dag to None, run_after=None
[2023-11-16T08:34:51.450+0000] {processor.py:179} INFO - Processing /home/airflow/.local/lib/python3.8/site-packages/airflow/example_dags/tutorial_dag.py took 0.053 seconds
[2023-11-16T08:35:21.475+0000] {processor.py:157} INFO - Started process (PID=744) to work on /home/airflow/.local/lib/python3.8/site-packages/airflow/example_dags/tutorial_dag.py
[2023-11-16T08:35:21.476+0000] {processor.py:829} INFO - Processing file /home/airflow/.local/lib/python3.8/site-packages/airflow/example_dags/tutorial_dag.py for tasks to queue
[2023-11-16T08:35:21.477+0000] {logging_mixin.py:151} INFO - [2023-11-16T08:35:21.477+0000] {dagbag.py:536} INFO - Filling up the DagBag from /home/airflow/.local/lib/python3.8/site-packages/airflow/example_dags/tutorial_dag.py
[2023-11-16T08:35:21.481+0000] {processor.py:839} INFO - DAG(s) dict_keys(['tutorial_dag']) retrieved from /home/airflow/.local/lib/python3.8/site-packages/airflow/example_dags/tutorial_dag.py
[2023-11-16T08:35:21.494+0000] {logging_mixin.py:151} INFO - [2023-11-16T08:35:21.494+0000] {dag.py:2941} INFO - Sync 1 DAGs
[2023-11-16T08:35:21.503+0000] {logging_mixin.py:151} INFO - [2023-11-16T08:35:21.503+0000] {dag.py:3722} INFO - Setting next_dagrun for tutorial_dag to None, run_after=None
[2023-11-16T08:35:21.516+0000] {processor.py:179} INFO - Processing /home/airflow/.local/lib/python3.8/site-packages/airflow/example_dags/tutorial_dag.py took 0.044 seconds
[2023-11-16T08:35:51.613+0000] {processor.py:157} INFO - Started process (PID=798) to work on /home/airflow/.local/lib/python3.8/site-packages/airflow/example_dags/tutorial_dag.py
[2023-11-16T08:35:51.614+0000] {processor.py:829} INFO - Processing file /home/airflow/.local/lib/python3.8/site-packages/airflow/example_dags/tutorial_dag.py for tasks to queue
[2023-11-16T08:35:51.615+0000] {logging_mixin.py:151} INFO - [2023-11-16T08:35:51.615+0000] {dagbag.py:536} INFO - Filling up the DagBag from /home/airflow/.local/lib/python3.8/site-packages/airflow/example_dags/tutorial_dag.py
[2023-11-16T08:35:51.619+0000] {processor.py:839} INFO - DAG(s) dict_keys(['tutorial_dag']) retrieved from /home/airflow/.local/lib/python3.8/site-packages/airflow/example_dags/tutorial_dag.py
[2023-11-16T08:35:51.632+0000] {logging_mixin.py:151} INFO - [2023-11-16T08:35:51.632+0000] {dag.py:2941} INFO - Sync 1 DAGs
[2023-11-16T08:35:51.641+0000] {logging_mixin.py:151} INFO - [2023-11-16T08:35:51.641+0000] {dag.py:3722} INFO - Setting next_dagrun for tutorial_dag to None, run_after=None
[2023-11-16T08:35:51.653+0000] {processor.py:179} INFO - Processing /home/airflow/.local/lib/python3.8/site-packages/airflow/example_dags/tutorial_dag.py took 0.042 seconds
[2023-11-16T08:36:21.711+0000] {processor.py:157} INFO - Started process (PID=852) to work on /home/airflow/.local/lib/python3.8/site-packages/airflow/example_dags/tutorial_dag.py
[2023-11-16T08:36:21.712+0000] {processor.py:829} INFO - Processing file /home/airflow/.local/lib/python3.8/site-packages/airflow/example_dags/tutorial_dag.py for tasks to queue
[2023-11-16T08:36:21.714+0000] {logging_mixin.py:151} INFO - [2023-11-16T08:36:21.714+0000] {dagbag.py:536} INFO - Filling up the DagBag from /home/airflow/.local/lib/python3.8/site-packages/airflow/example_dags/tutorial_dag.py
[2023-11-16T08:36:21.717+0000] {processor.py:839} INFO - DAG(s) dict_keys(['tutorial_dag']) retrieved from /home/airflow/.local/lib/python3.8/site-packages/airflow/example_dags/tutorial_dag.py
[2023-11-16T08:36:21.730+0000] {logging_mixin.py:151} INFO - [2023-11-16T08:36:21.730+0000] {dag.py:2941} INFO - Sync 1 DAGs
[2023-11-16T08:36:21.738+0000] {logging_mixin.py:151} INFO - [2023-11-16T08:36:21.738+0000] {dag.py:3722} INFO - Setting next_dagrun for tutorial_dag to None, run_after=None
[2023-11-16T08:36:21.750+0000] {processor.py:179} INFO - Processing /home/airflow/.local/lib/python3.8/site-packages/airflow/example_dags/tutorial_dag.py took 0.041 seconds
[2023-11-16T08:36:51.955+0000] {processor.py:157} INFO - Started process (PID=906) to work on /home/airflow/.local/lib/python3.8/site-packages/airflow/example_dags/tutorial_dag.py
[2023-11-16T08:36:51.956+0000] {processor.py:829} INFO - Processing file /home/airflow/.local/lib/python3.8/site-packages/airflow/example_dags/tutorial_dag.py for tasks to queue
[2023-11-16T08:36:51.958+0000] {logging_mixin.py:151} INFO - [2023-11-16T08:36:51.958+0000] {dagbag.py:536} INFO - Filling up the DagBag from /home/airflow/.local/lib/python3.8/site-packages/airflow/example_dags/tutorial_dag.py
[2023-11-16T08:36:51.961+0000] {processor.py:839} INFO - DAG(s) dict_keys(['tutorial_dag']) retrieved from /home/airflow/.local/lib/python3.8/site-packages/airflow/example_dags/tutorial_dag.py
[2023-11-16T08:36:51.976+0000] {logging_mixin.py:151} INFO - [2023-11-16T08:36:51.976+0000] {dag.py:2941} INFO - Sync 1 DAGs
[2023-11-16T08:36:51.986+0000] {logging_mixin.py:151} INFO - [2023-11-16T08:36:51.986+0000] {dag.py:3722} INFO - Setting next_dagrun for tutorial_dag to None, run_after=None
[2023-11-16T08:36:52.002+0000] {processor.py:179} INFO - Processing /home/airflow/.local/lib/python3.8/site-packages/airflow/example_dags/tutorial_dag.py took 0.048 seconds
[2023-11-16T08:37:22.086+0000] {processor.py:157} INFO - Started process (PID=960) to work on /home/airflow/.local/lib/python3.8/site-packages/airflow/example_dags/tutorial_dag.py
[2023-11-16T08:37:22.087+0000] {processor.py:829} INFO - Processing file /home/airflow/.local/lib/python3.8/site-packages/airflow/example_dags/tutorial_dag.py for tasks to queue
[2023-11-16T08:37:22.089+0000] {logging_mixin.py:151} INFO - [2023-11-16T08:37:22.089+0000] {dagbag.py:536} INFO - Filling up the DagBag from /home/airflow/.local/lib/python3.8/site-packages/airflow/example_dags/tutorial_dag.py
[2023-11-16T08:37:22.092+0000] {processor.py:839} INFO - DAG(s) dict_keys(['tutorial_dag']) retrieved from /home/airflow/.local/lib/python3.8/site-packages/airflow/example_dags/tutorial_dag.py
[2023-11-16T08:37:22.110+0000] {logging_mixin.py:151} INFO - [2023-11-16T08:37:22.110+0000] {dag.py:2941} INFO - Sync 1 DAGs
[2023-11-16T08:37:22.121+0000] {logging_mixin.py:151} INFO - [2023-11-16T08:37:22.121+0000] {dag.py:3722} INFO - Setting next_dagrun for tutorial_dag to None, run_after=None
[2023-11-16T08:37:22.136+0000] {processor.py:179} INFO - Processing /home/airflow/.local/lib/python3.8/site-packages/airflow/example_dags/tutorial_dag.py took 0.052 seconds
[2023-11-16T08:37:52.343+0000] {processor.py:157} INFO - Started process (PID=1014) to work on /home/airflow/.local/lib/python3.8/site-packages/airflow/example_dags/tutorial_dag.py
[2023-11-16T08:37:52.343+0000] {processor.py:829} INFO - Processing file /home/airflow/.local/lib/python3.8/site-packages/airflow/example_dags/tutorial_dag.py for tasks to queue
[2023-11-16T08:37:52.345+0000] {logging_mixin.py:151} INFO - [2023-11-16T08:37:52.345+0000] {dagbag.py:536} INFO - Filling up the DagBag from /home/airflow/.local/lib/python3.8/site-packages/airflow/example_dags/tutorial_dag.py
[2023-11-16T08:37:52.349+0000] {processor.py:839} INFO - DAG(s) dict_keys(['tutorial_dag']) retrieved from /home/airflow/.local/lib/python3.8/site-packages/airflow/example_dags/tutorial_dag.py
[2023-11-16T08:37:52.366+0000] {logging_mixin.py:151} INFO - [2023-11-16T08:37:52.366+0000] {dag.py:2941} INFO - Sync 1 DAGs
[2023-11-16T08:37:52.377+0000] {logging_mixin.py:151} INFO - [2023-11-16T08:37:52.376+0000] {dag.py:3722} INFO - Setting next_dagrun for tutorial_dag to None, run_after=None
[2023-11-16T08:37:52.393+0000] {processor.py:179} INFO - Processing /home/airflow/.local/lib/python3.8/site-packages/airflow/example_dags/tutorial_dag.py took 0.053 seconds
[2023-11-16T08:38:22.590+0000] {processor.py:157} INFO - Started process (PID=1068) to work on /home/airflow/.local/lib/python3.8/site-packages/airflow/example_dags/tutorial_dag.py
[2023-11-16T08:38:22.591+0000] {processor.py:829} INFO - Processing file /home/airflow/.local/lib/python3.8/site-packages/airflow/example_dags/tutorial_dag.py for tasks to queue
[2023-11-16T08:38:22.593+0000] {logging_mixin.py:151} INFO - [2023-11-16T08:38:22.592+0000] {dagbag.py:536} INFO - Filling up the DagBag from /home/airflow/.local/lib/python3.8/site-packages/airflow/example_dags/tutorial_dag.py
[2023-11-16T08:38:22.596+0000] {processor.py:839} INFO - DAG(s) dict_keys(['tutorial_dag']) retrieved from /home/airflow/.local/lib/python3.8/site-packages/airflow/example_dags/tutorial_dag.py
[2023-11-16T08:38:22.609+0000] {logging_mixin.py:151} INFO - [2023-11-16T08:38:22.609+0000] {dag.py:2941} INFO - Sync 1 DAGs
[2023-11-16T08:38:22.618+0000] {logging_mixin.py:151} INFO - [2023-11-16T08:38:22.618+0000] {dag.py:3722} INFO - Setting next_dagrun for tutorial_dag to None, run_after=None
[2023-11-16T08:38:22.629+0000] {processor.py:179} INFO - Processing /home/airflow/.local/lib/python3.8/site-packages/airflow/example_dags/tutorial_dag.py took 0.041 seconds
[2023-11-16T08:38:53.003+0000] {processor.py:157} INFO - Started process (PID=1122) to work on /home/airflow/.local/lib/python3.8/site-packages/airflow/example_dags/tutorial_dag.py
[2023-11-16T08:38:53.004+0000] {processor.py:829} INFO - Processing file /home/airflow/.local/lib/python3.8/site-packages/airflow/example_dags/tutorial_dag.py for tasks to queue
[2023-11-16T08:38:53.005+0000] {logging_mixin.py:151} INFO - [2023-11-16T08:38:53.005+0000] {dagbag.py:536} INFO - Filling up the DagBag from /home/airflow/.local/lib/python3.8/site-packages/airflow/example_dags/tutorial_dag.py
[2023-11-16T08:38:53.009+0000] {processor.py:839} INFO - DAG(s) dict_keys(['tutorial_dag']) retrieved from /home/airflow/.local/lib/python3.8/site-packages/airflow/example_dags/tutorial_dag.py
[2023-11-16T08:38:53.022+0000] {logging_mixin.py:151} INFO - [2023-11-16T08:38:53.022+0000] {dag.py:2941} INFO - Sync 1 DAGs
[2023-11-16T08:38:53.031+0000] {logging_mixin.py:151} INFO - [2023-11-16T08:38:53.031+0000] {dag.py:3722} INFO - Setting next_dagrun for tutorial_dag to None, run_after=None
[2023-11-16T08:38:53.043+0000] {processor.py:179} INFO - Processing /home/airflow/.local/lib/python3.8/site-packages/airflow/example_dags/tutorial_dag.py took 0.042 seconds
[2023-11-16T08:39:23.108+0000] {processor.py:157} INFO - Started process (PID=1176) to work on /home/airflow/.local/lib/python3.8/site-packages/airflow/example_dags/tutorial_dag.py
[2023-11-16T08:39:23.109+0000] {processor.py:829} INFO - Processing file /home/airflow/.local/lib/python3.8/site-packages/airflow/example_dags/tutorial_dag.py for tasks to queue
[2023-11-16T08:39:23.111+0000] {logging_mixin.py:151} INFO - [2023-11-16T08:39:23.111+0000] {dagbag.py:536} INFO - Filling up the DagBag from /home/airflow/.local/lib/python3.8/site-packages/airflow/example_dags/tutorial_dag.py
[2023-11-16T08:39:23.114+0000] {processor.py:839} INFO - DAG(s) dict_keys(['tutorial_dag']) retrieved from /home/airflow/.local/lib/python3.8/site-packages/airflow/example_dags/tutorial_dag.py
[2023-11-16T08:39:23.130+0000] {logging_mixin.py:151} INFO - [2023-11-16T08:39:23.130+0000] {dag.py:2941} INFO - Sync 1 DAGs
[2023-11-16T08:39:23.140+0000] {logging_mixin.py:151} INFO - [2023-11-16T08:39:23.139+0000] {dag.py:3722} INFO - Setting next_dagrun for tutorial_dag to None, run_after=None
[2023-11-16T08:39:23.154+0000] {processor.py:179} INFO - Processing /home/airflow/.local/lib/python3.8/site-packages/airflow/example_dags/tutorial_dag.py took 0.048 seconds
[2023-11-16T08:39:53.192+0000] {processor.py:157} INFO - Started process (PID=1230) to work on /home/airflow/.local/lib/python3.8/site-packages/airflow/example_dags/tutorial_dag.py
[2023-11-16T08:39:53.193+0000] {processor.py:829} INFO - Processing file /home/airflow/.local/lib/python3.8/site-packages/airflow/example_dags/tutorial_dag.py for tasks to queue
[2023-11-16T08:39:53.195+0000] {logging_mixin.py:151} INFO - [2023-11-16T08:39:53.194+0000] {dagbag.py:536} INFO - Filling up the DagBag from /home/airflow/.local/lib/python3.8/site-packages/airflow/example_dags/tutorial_dag.py
[2023-11-16T08:39:53.198+0000] {processor.py:839} INFO - DAG(s) dict_keys(['tutorial_dag']) retrieved from /home/airflow/.local/lib/python3.8/site-packages/airflow/example_dags/tutorial_dag.py
[2023-11-16T08:39:53.211+0000] {logging_mixin.py:151} INFO - [2023-11-16T08:39:53.211+0000] {dag.py:2941} INFO - Sync 1 DAGs
[2023-11-16T08:39:53.221+0000] {logging_mixin.py:151} INFO - [2023-11-16T08:39:53.221+0000] {dag.py:3722} INFO - Setting next_dagrun for tutorial_dag to None, run_after=None
[2023-11-16T08:39:53.233+0000] {processor.py:179} INFO - Processing /home/airflow/.local/lib/python3.8/site-packages/airflow/example_dags/tutorial_dag.py took 0.043 seconds
[2023-11-16T08:40:23.370+0000] {processor.py:157} INFO - Started process (PID=1284) to work on /home/airflow/.local/lib/python3.8/site-packages/airflow/example_dags/tutorial_dag.py
[2023-11-16T08:40:23.371+0000] {processor.py:829} INFO - Processing file /home/airflow/.local/lib/python3.8/site-packages/airflow/example_dags/tutorial_dag.py for tasks to queue
[2023-11-16T08:40:23.373+0000] {logging_mixin.py:151} INFO - [2023-11-16T08:40:23.373+0000] {dagbag.py:536} INFO - Filling up the DagBag from /home/airflow/.local/lib/python3.8/site-packages/airflow/example_dags/tutorial_dag.py
[2023-11-16T08:40:23.377+0000] {processor.py:839} INFO - DAG(s) dict_keys(['tutorial_dag']) retrieved from /home/airflow/.local/lib/python3.8/site-packages/airflow/example_dags/tutorial_dag.py
[2023-11-16T08:40:23.394+0000] {logging_mixin.py:151} INFO - [2023-11-16T08:40:23.394+0000] {dag.py:2941} INFO - Sync 1 DAGs
[2023-11-16T08:40:23.404+0000] {logging_mixin.py:151} INFO - [2023-11-16T08:40:23.404+0000] {dag.py:3722} INFO - Setting next_dagrun for tutorial_dag to None, run_after=None
[2023-11-16T08:40:23.418+0000] {processor.py:179} INFO - Processing /home/airflow/.local/lib/python3.8/site-packages/airflow/example_dags/tutorial_dag.py took 0.050 seconds
[2023-11-16T08:40:54.200+0000] {processor.py:157} INFO - Started process (PID=1338) to work on /home/airflow/.local/lib/python3.8/site-packages/airflow/example_dags/tutorial_dag.py
[2023-11-16T08:40:54.200+0000] {processor.py:829} INFO - Processing file /home/airflow/.local/lib/python3.8/site-packages/airflow/example_dags/tutorial_dag.py for tasks to queue
[2023-11-16T08:40:54.202+0000] {logging_mixin.py:151} INFO - [2023-11-16T08:40:54.201+0000] {dagbag.py:536} INFO - Filling up the DagBag from /home/airflow/.local/lib/python3.8/site-packages/airflow/example_dags/tutorial_dag.py
[2023-11-16T08:40:54.205+0000] {processor.py:839} INFO - DAG(s) dict_keys(['tutorial_dag']) retrieved from /home/airflow/.local/lib/python3.8/site-packages/airflow/example_dags/tutorial_dag.py
[2023-11-16T08:40:54.218+0000] {logging_mixin.py:151} INFO - [2023-11-16T08:40:54.218+0000] {dag.py:2941} INFO - Sync 1 DAGs
[2023-11-16T08:40:54.227+0000] {logging_mixin.py:151} INFO - [2023-11-16T08:40:54.227+0000] {dag.py:3722} INFO - Setting next_dagrun for tutorial_dag to None, run_after=None
[2023-11-16T08:40:54.239+0000] {processor.py:179} INFO - Processing /home/airflow/.local/lib/python3.8/site-packages/airflow/example_dags/tutorial_dag.py took 0.041 seconds
[2023-11-16T08:41:24.285+0000] {processor.py:157} INFO - Started process (PID=1392) to work on /home/airflow/.local/lib/python3.8/site-packages/airflow/example_dags/tutorial_dag.py
[2023-11-16T08:41:24.286+0000] {processor.py:829} INFO - Processing file /home/airflow/.local/lib/python3.8/site-packages/airflow/example_dags/tutorial_dag.py for tasks to queue
[2023-11-16T08:41:24.287+0000] {logging_mixin.py:151} INFO - [2023-11-16T08:41:24.287+0000] {dagbag.py:536} INFO - Filling up the DagBag from /home/airflow/.local/lib/python3.8/site-packages/airflow/example_dags/tutorial_dag.py
[2023-11-16T08:41:24.291+0000] {processor.py:839} INFO - DAG(s) dict_keys(['tutorial_dag']) retrieved from /home/airflow/.local/lib/python3.8/site-packages/airflow/example_dags/tutorial_dag.py
[2023-11-16T08:41:24.304+0000] {logging_mixin.py:151} INFO - [2023-11-16T08:41:24.304+0000] {dag.py:2941} INFO - Sync 1 DAGs
[2023-11-16T08:41:24.313+0000] {logging_mixin.py:151} INFO - [2023-11-16T08:41:24.312+0000] {dag.py:3722} INFO - Setting next_dagrun for tutorial_dag to None, run_after=None
[2023-11-16T08:41:24.324+0000] {processor.py:179} INFO - Processing /home/airflow/.local/lib/python3.8/site-packages/airflow/example_dags/tutorial_dag.py took 0.041 seconds
[2023-11-16T08:41:54.508+0000] {processor.py:157} INFO - Started process (PID=1446) to work on /home/airflow/.local/lib/python3.8/site-packages/airflow/example_dags/tutorial_dag.py
[2023-11-16T08:41:54.509+0000] {processor.py:829} INFO - Processing file /home/airflow/.local/lib/python3.8/site-packages/airflow/example_dags/tutorial_dag.py for tasks to queue
[2023-11-16T08:41:54.511+0000] {logging_mixin.py:151} INFO - [2023-11-16T08:41:54.511+0000] {dagbag.py:536} INFO - Filling up the DagBag from /home/airflow/.local/lib/python3.8/site-packages/airflow/example_dags/tutorial_dag.py
[2023-11-16T08:41:54.514+0000] {processor.py:839} INFO - DAG(s) dict_keys(['tutorial_dag']) retrieved from /home/airflow/.local/lib/python3.8/site-packages/airflow/example_dags/tutorial_dag.py
[2023-11-16T08:41:54.527+0000] {logging_mixin.py:151} INFO - [2023-11-16T08:41:54.527+0000] {dag.py:2941} INFO - Sync 1 DAGs
[2023-11-16T08:41:54.537+0000] {logging_mixin.py:151} INFO - [2023-11-16T08:41:54.537+0000] {dag.py:3722} INFO - Setting next_dagrun for tutorial_dag to None, run_after=None
[2023-11-16T08:41:54.549+0000] {processor.py:179} INFO - Processing /home/airflow/.local/lib/python3.8/site-packages/airflow/example_dags/tutorial_dag.py took 0.043 seconds
[2023-11-16T08:42:25.412+0000] {processor.py:157} INFO - Started process (PID=1500) to work on /home/airflow/.local/lib/python3.8/site-packages/airflow/example_dags/tutorial_dag.py
[2023-11-16T08:42:25.413+0000] {processor.py:829} INFO - Processing file /home/airflow/.local/lib/python3.8/site-packages/airflow/example_dags/tutorial_dag.py for tasks to queue
[2023-11-16T08:42:25.414+0000] {logging_mixin.py:151} INFO - [2023-11-16T08:42:25.414+0000] {dagbag.py:536} INFO - Filling up the DagBag from /home/airflow/.local/lib/python3.8/site-packages/airflow/example_dags/tutorial_dag.py
[2023-11-16T08:42:25.417+0000] {processor.py:839} INFO - DAG(s) dict_keys(['tutorial_dag']) retrieved from /home/airflow/.local/lib/python3.8/site-packages/airflow/example_dags/tutorial_dag.py
[2023-11-16T08:42:25.430+0000] {logging_mixin.py:151} INFO - [2023-11-16T08:42:25.430+0000] {dag.py:2941} INFO - Sync 1 DAGs
[2023-11-16T08:42:25.439+0000] {logging_mixin.py:151} INFO - [2023-11-16T08:42:25.438+0000] {dag.py:3722} INFO - Setting next_dagrun for tutorial_dag to None, run_after=None
[2023-11-16T08:42:25.450+0000] {processor.py:179} INFO - Processing /home/airflow/.local/lib/python3.8/site-packages/airflow/example_dags/tutorial_dag.py took 0.040 seconds
[2023-11-16T08:42:56.196+0000] {processor.py:157} INFO - Started process (PID=1554) to work on /home/airflow/.local/lib/python3.8/site-packages/airflow/example_dags/tutorial_dag.py
[2023-11-16T08:42:56.196+0000] {processor.py:829} INFO - Processing file /home/airflow/.local/lib/python3.8/site-packages/airflow/example_dags/tutorial_dag.py for tasks to queue
[2023-11-16T08:42:56.198+0000] {logging_mixin.py:151} INFO - [2023-11-16T08:42:56.198+0000] {dagbag.py:536} INFO - Filling up the DagBag from /home/airflow/.local/lib/python3.8/site-packages/airflow/example_dags/tutorial_dag.py
[2023-11-16T08:42:56.201+0000] {processor.py:839} INFO - DAG(s) dict_keys(['tutorial_dag']) retrieved from /home/airflow/.local/lib/python3.8/site-packages/airflow/example_dags/tutorial_dag.py
[2023-11-16T08:42:56.214+0000] {logging_mixin.py:151} INFO - [2023-11-16T08:42:56.214+0000] {dag.py:2941} INFO - Sync 1 DAGs
[2023-11-16T08:42:56.223+0000] {logging_mixin.py:151} INFO - [2023-11-16T08:42:56.223+0000] {dag.py:3722} INFO - Setting next_dagrun for tutorial_dag to None, run_after=None
[2023-11-16T08:42:56.234+0000] {processor.py:179} INFO - Processing /home/airflow/.local/lib/python3.8/site-packages/airflow/example_dags/tutorial_dag.py took 0.040 seconds
[2023-11-16T08:43:26.728+0000] {processor.py:157} INFO - Started process (PID=1608) to work on /home/airflow/.local/lib/python3.8/site-packages/airflow/example_dags/tutorial_dag.py
[2023-11-16T08:43:26.729+0000] {processor.py:829} INFO - Processing file /home/airflow/.local/lib/python3.8/site-packages/airflow/example_dags/tutorial_dag.py for tasks to queue
[2023-11-16T08:43:26.730+0000] {logging_mixin.py:151} INFO - [2023-11-16T08:43:26.730+0000] {dagbag.py:536} INFO - Filling up the DagBag from /home/airflow/.local/lib/python3.8/site-packages/airflow/example_dags/tutorial_dag.py
[2023-11-16T08:43:26.733+0000] {processor.py:839} INFO - DAG(s) dict_keys(['tutorial_dag']) retrieved from /home/airflow/.local/lib/python3.8/site-packages/airflow/example_dags/tutorial_dag.py
[2023-11-16T08:43:26.746+0000] {logging_mixin.py:151} INFO - [2023-11-16T08:43:26.746+0000] {dag.py:2941} INFO - Sync 1 DAGs
[2023-11-16T08:43:26.755+0000] {logging_mixin.py:151} INFO - [2023-11-16T08:43:26.755+0000] {dag.py:3722} INFO - Setting next_dagrun for tutorial_dag to None, run_after=None
[2023-11-16T08:43:26.766+0000] {processor.py:179} INFO - Processing /home/airflow/.local/lib/python3.8/site-packages/airflow/example_dags/tutorial_dag.py took 0.040 seconds
[2023-11-16T08:43:57.013+0000] {processor.py:157} INFO - Started process (PID=1662) to work on /home/airflow/.local/lib/python3.8/site-packages/airflow/example_dags/tutorial_dag.py
[2023-11-16T08:43:57.014+0000] {processor.py:829} INFO - Processing file /home/airflow/.local/lib/python3.8/site-packages/airflow/example_dags/tutorial_dag.py for tasks to queue
[2023-11-16T08:43:57.015+0000] {logging_mixin.py:151} INFO - [2023-11-16T08:43:57.015+0000] {dagbag.py:536} INFO - Filling up the DagBag from /home/airflow/.local/lib/python3.8/site-packages/airflow/example_dags/tutorial_dag.py
[2023-11-16T08:43:57.019+0000] {processor.py:839} INFO - DAG(s) dict_keys(['tutorial_dag']) retrieved from /home/airflow/.local/lib/python3.8/site-packages/airflow/example_dags/tutorial_dag.py
[2023-11-16T08:43:57.033+0000] {logging_mixin.py:151} INFO - [2023-11-16T08:43:57.032+0000] {dag.py:2941} INFO - Sync 1 DAGs
[2023-11-16T08:43:57.042+0000] {logging_mixin.py:151} INFO - [2023-11-16T08:43:57.041+0000] {dag.py:3722} INFO - Setting next_dagrun for tutorial_dag to None, run_after=None
[2023-11-16T08:43:57.219+0000] {processor.py:179} INFO - Processing /home/airflow/.local/lib/python3.8/site-packages/airflow/example_dags/tutorial_dag.py took 0.208 seconds
[2023-11-16T08:44:27.364+0000] {processor.py:157} INFO - Started process (PID=1716) to work on /home/airflow/.local/lib/python3.8/site-packages/airflow/example_dags/tutorial_dag.py
[2023-11-16T08:44:27.364+0000] {processor.py:829} INFO - Processing file /home/airflow/.local/lib/python3.8/site-packages/airflow/example_dags/tutorial_dag.py for tasks to queue
[2023-11-16T08:44:27.366+0000] {logging_mixin.py:151} INFO - [2023-11-16T08:44:27.366+0000] {dagbag.py:536} INFO - Filling up the DagBag from /home/airflow/.local/lib/python3.8/site-packages/airflow/example_dags/tutorial_dag.py
[2023-11-16T08:44:27.369+0000] {processor.py:839} INFO - DAG(s) dict_keys(['tutorial_dag']) retrieved from /home/airflow/.local/lib/python3.8/site-packages/airflow/example_dags/tutorial_dag.py
[2023-11-16T08:44:27.382+0000] {logging_mixin.py:151} INFO - [2023-11-16T08:44:27.382+0000] {dag.py:2941} INFO - Sync 1 DAGs
[2023-11-16T08:44:27.391+0000] {logging_mixin.py:151} INFO - [2023-11-16T08:44:27.391+0000] {dag.py:3722} INFO - Setting next_dagrun for tutorial_dag to None, run_after=None
[2023-11-16T08:44:27.403+0000] {processor.py:179} INFO - Processing /home/airflow/.local/lib/python3.8/site-packages/airflow/example_dags/tutorial_dag.py took 0.042 seconds
[2023-11-16T08:44:57.502+0000] {processor.py:157} INFO - Started process (PID=1770) to work on /home/airflow/.local/lib/python3.8/site-packages/airflow/example_dags/tutorial_dag.py
[2023-11-16T08:44:57.503+0000] {processor.py:829} INFO - Processing file /home/airflow/.local/lib/python3.8/site-packages/airflow/example_dags/tutorial_dag.py for tasks to queue
[2023-11-16T08:44:57.505+0000] {logging_mixin.py:151} INFO - [2023-11-16T08:44:57.505+0000] {dagbag.py:536} INFO - Filling up the DagBag from /home/airflow/.local/lib/python3.8/site-packages/airflow/example_dags/tutorial_dag.py
[2023-11-16T08:44:57.508+0000] {processor.py:839} INFO - DAG(s) dict_keys(['tutorial_dag']) retrieved from /home/airflow/.local/lib/python3.8/site-packages/airflow/example_dags/tutorial_dag.py
[2023-11-16T08:44:57.523+0000] {logging_mixin.py:151} INFO - [2023-11-16T08:44:57.523+0000] {dag.py:2941} INFO - Sync 1 DAGs
[2023-11-16T08:44:57.532+0000] {logging_mixin.py:151} INFO - [2023-11-16T08:44:57.532+0000] {dag.py:3722} INFO - Setting next_dagrun for tutorial_dag to None, run_after=None
[2023-11-16T08:44:57.545+0000] {processor.py:179} INFO - Processing /home/airflow/.local/lib/python3.8/site-packages/airflow/example_dags/tutorial_dag.py took 0.045 seconds
[2023-11-16T08:45:28.394+0000] {processor.py:157} INFO - Started process (PID=1824) to work on /home/airflow/.local/lib/python3.8/site-packages/airflow/example_dags/tutorial_dag.py
[2023-11-16T08:45:28.394+0000] {processor.py:829} INFO - Processing file /home/airflow/.local/lib/python3.8/site-packages/airflow/example_dags/tutorial_dag.py for tasks to queue
[2023-11-16T08:45:28.396+0000] {logging_mixin.py:151} INFO - [2023-11-16T08:45:28.396+0000] {dagbag.py:536} INFO - Filling up the DagBag from /home/airflow/.local/lib/python3.8/site-packages/airflow/example_dags/tutorial_dag.py
[2023-11-16T08:45:28.400+0000] {processor.py:839} INFO - DAG(s) dict_keys(['tutorial_dag']) retrieved from /home/airflow/.local/lib/python3.8/site-packages/airflow/example_dags/tutorial_dag.py
[2023-11-16T08:45:28.415+0000] {logging_mixin.py:151} INFO - [2023-11-16T08:45:28.415+0000] {dag.py:2941} INFO - Sync 1 DAGs
[2023-11-16T08:45:28.427+0000] {logging_mixin.py:151} INFO - [2023-11-16T08:45:28.427+0000] {dag.py:3722} INFO - Setting next_dagrun for tutorial_dag to None, run_after=None
[2023-11-16T08:45:28.443+0000] {processor.py:179} INFO - Processing /home/airflow/.local/lib/python3.8/site-packages/airflow/example_dags/tutorial_dag.py took 0.051 seconds
[2023-11-16T08:45:58.592+0000] {processor.py:157} INFO - Started process (PID=1878) to work on /home/airflow/.local/lib/python3.8/site-packages/airflow/example_dags/tutorial_dag.py
[2023-11-16T08:45:58.593+0000] {processor.py:829} INFO - Processing file /home/airflow/.local/lib/python3.8/site-packages/airflow/example_dags/tutorial_dag.py for tasks to queue
[2023-11-16T08:45:58.594+0000] {logging_mixin.py:151} INFO - [2023-11-16T08:45:58.594+0000] {dagbag.py:536} INFO - Filling up the DagBag from /home/airflow/.local/lib/python3.8/site-packages/airflow/example_dags/tutorial_dag.py
[2023-11-16T08:45:58.598+0000] {processor.py:839} INFO - DAG(s) dict_keys(['tutorial_dag']) retrieved from /home/airflow/.local/lib/python3.8/site-packages/airflow/example_dags/tutorial_dag.py
[2023-11-16T08:45:58.612+0000] {logging_mixin.py:151} INFO - [2023-11-16T08:45:58.612+0000] {dag.py:2941} INFO - Sync 1 DAGs
[2023-11-16T08:45:58.622+0000] {logging_mixin.py:151} INFO - [2023-11-16T08:45:58.622+0000] {dag.py:3722} INFO - Setting next_dagrun for tutorial_dag to None, run_after=None
[2023-11-16T08:45:58.741+0000] {processor.py:179} INFO - Processing /home/airflow/.local/lib/python3.8/site-packages/airflow/example_dags/tutorial_dag.py took 0.151 seconds
