[2023-11-16T14:37:43.829+0000] {taskinstance.py:1159} INFO - Dependencies all met for dep_context=non-requeueable deps ti=<TaskInstance: COVID-19.Extract_donnees_SOS_medecins manual__2023-11-16T14:37:41.341422+00:00 [queued]>
[2023-11-16T14:37:43.842+0000] {taskinstance.py:1159} INFO - Dependencies all met for dep_context=requeueable deps ti=<TaskInstance: COVID-19.Extract_donnees_SOS_medecins manual__2023-11-16T14:37:41.341422+00:00 [queued]>
[2023-11-16T14:37:43.843+0000] {taskinstance.py:1361} INFO - Starting attempt 1 of 1
[2023-11-16T14:37:43.856+0000] {taskinstance.py:1382} INFO - Executing <Task(PythonOperator): Extract_donnees_SOS_medecins> on 2023-11-16 14:37:41.341422+00:00
[2023-11-16T14:37:43.861+0000] {standard_task_runner.py:57} INFO - Started process 1153 to run task
[2023-11-16T14:37:43.863+0000] {standard_task_runner.py:84} INFO - Running: ['***', 'tasks', 'run', 'COVID-19', 'Extract_donnees_SOS_medecins', 'manual__2023-11-16T14:37:41.341422+00:00', '--job-id', '5', '--raw', '--subdir', 'DAGS_FOLDER/dag_etl.py', '--cfg-path', '/tmp/tmpt352dxyg']
[2023-11-16T14:37:43.865+0000] {standard_task_runner.py:85} INFO - Job 5: Subtask Extract_donnees_SOS_medecins
[2023-11-16T14:37:43.896+0000] {task_command.py:416} INFO - Running <TaskInstance: COVID-19.Extract_donnees_SOS_medecins manual__2023-11-16T14:37:41.341422+00:00 [running]> on host 2c27c36f9105
[2023-11-16T14:37:45.663+0000] {taskinstance.py:1662} INFO - Exporting env vars: AIRFLOW_CTX_DAG_OWNER='***' AIRFLOW_CTX_DAG_ID='COVID-19' AIRFLOW_CTX_TASK_ID='Extract_donnees_SOS_medecins' AIRFLOW_CTX_EXECUTION_DATE='2023-11-16T14:37:41.341422+00:00' AIRFLOW_CTX_TRY_NUMBER='1' AIRFLOW_CTX_DAG_RUN_ID='manual__2023-11-16T14:37:41.341422+00:00'
[2023-11-16T14:37:45.851+0000] {python.py:194} INFO - Done. Returned value was:         dep date_de_passage  ... nbre_acte_tot_h nbre_acte_tot_f
0        01      2022-12-26  ...             NaN             NaN
1        01      2022-12-26  ...             NaN             NaN
2        01      2022-12-26  ...             NaN             NaN
3        01      2022-12-26  ...             NaN             NaN
4        01      2022-12-26  ...             NaN             NaN
...     ...             ...  ...             ...             ...
214216  976      2023-10-24  ...             NaN             NaN
214217  976      2023-10-24  ...             NaN             NaN
214218  976      2023-10-24  ...             NaN             NaN
214219  976      2023-10-24  ...             NaN             NaN
214220  976      2023-10-24  ...             NaN             NaN

[214221 rows x 18 columns]
[2023-11-16T14:37:46.468+0000] {taskinstance.py:1400} INFO - Marking task as SUCCESS. dag_id=COVID-19, task_id=Extract_donnees_SOS_medecins, execution_date=20231116T143741, start_date=20231116T143743, end_date=20231116T143746
[2023-11-16T14:37:46.487+0000] {local_task_job_runner.py:228} INFO - Task exited with return code 0
[2023-11-16T14:37:46.502+0000] {taskinstance.py:2778} INFO - 1 downstream tasks scheduled from follow-on schedule check
