[2023-11-22T19:08:34.198+0000] {taskinstance.py:1159} INFO - Dependencies all met for dep_context=non-requeueable deps ti=<TaskInstance: COVID-19.Transform_data manual__2023-11-22T19:08:23.630015+00:00 [queued]>
[2023-11-22T19:08:34.214+0000] {taskinstance.py:1159} INFO - Dependencies all met for dep_context=requeueable deps ti=<TaskInstance: COVID-19.Transform_data manual__2023-11-22T19:08:23.630015+00:00 [queued]>
[2023-11-22T19:08:34.215+0000] {taskinstance.py:1361} INFO - Starting attempt 1 of 1
[2023-11-22T19:08:34.235+0000] {taskinstance.py:1382} INFO - Executing <Task(PythonOperator): Transform_data> on 2023-11-22 19:08:23.630015+00:00
[2023-11-22T19:08:34.244+0000] {standard_task_runner.py:57} INFO - Started process 167 to run task
[2023-11-22T19:08:34.249+0000] {standard_task_runner.py:84} INFO - Running: ['***', 'tasks', 'run', 'COVID-19', 'Transform_data', 'manual__2023-11-22T19:08:23.630015+00:00', '--job-id', '27', '--raw', '--subdir', 'DAGS_FOLDER/dag_etl.py', '--cfg-path', '/tmp/tmptrf2zyhr']
[2023-11-22T19:08:34.253+0000] {standard_task_runner.py:85} INFO - Job 27: Subtask Transform_data
[2023-11-22T19:08:34.317+0000] {task_command.py:416} INFO - Running <TaskInstance: COVID-19.Transform_data manual__2023-11-22T19:08:23.630015+00:00 [running]> on host fa089f974649
[2023-11-22T19:08:34.606+0000] {taskinstance.py:1662} INFO - Exporting env vars: AIRFLOW_CTX_DAG_OWNER='***' AIRFLOW_CTX_DAG_ID='COVID-19' AIRFLOW_CTX_TASK_ID='Transform_data' AIRFLOW_CTX_EXECUTION_DATE='2023-11-22T19:08:23.630015+00:00' AIRFLOW_CTX_TRY_NUMBER='1' AIRFLOW_CTX_DAG_RUN_ID='manual__2023-11-22T19:08:23.630015+00:00'
[2023-11-22T19:08:36.049+0000] {python.py:194} INFO - Done. Returned value was:         dep date_de_passage  ... nbre_hospit_corona_h nbre_hospit_corona_f
0        01      2022-12-26  ...                    1                    3
1        01      2022-12-26  ...                  NaN                  NaN
2        01      2022-12-26  ...                  NaN                  NaN
3        01      2022-12-26  ...                  NaN                  NaN
4        01      2022-12-26  ...                  NaN                  NaN
...     ...             ...  ...                  ...                  ...
214216  976      2023-10-24  ...                  NaN                  NaN
214217  976      2023-10-24  ...                  NaN                  NaN
214218  976      2023-10-24  ...                  NaN                  NaN
214219  976      2023-10-24  ...                  NaN                  NaN
214220  976      2023-10-24  ...                  NaN                  NaN

[214221 rows x 12 columns]
[2023-11-22T19:08:36.508+0000] {taskinstance.py:1400} INFO - Marking task as SUCCESS. dag_id=COVID-19, task_id=Transform_data, execution_date=20231122T190823, start_date=20231122T190834, end_date=20231122T190836
[2023-11-22T19:08:36.558+0000] {local_task_job_runner.py:228} INFO - Task exited with return code 0
[2023-11-22T19:08:36.587+0000] {taskinstance.py:2778} INFO - 0 downstream tasks scheduled from follow-on schedule check
