[2023-11-24T22:55:42.313+0000] {taskinstance.py:1159} INFO - Dependencies all met for dep_context=non-requeueable deps ti=<TaskInstance: analyse_covid19.analyse_suspicion_covid_tranche_age manual__2023-11-24T22:55:39.429092+00:00 [queued]>
[2023-11-24T22:55:42.326+0000] {taskinstance.py:1159} INFO - Dependencies all met for dep_context=requeueable deps ti=<TaskInstance: analyse_covid19.analyse_suspicion_covid_tranche_age manual__2023-11-24T22:55:39.429092+00:00 [queued]>
[2023-11-24T22:55:42.327+0000] {taskinstance.py:1361} INFO - Starting attempt 1 of 1
[2023-11-24T22:55:42.346+0000] {taskinstance.py:1382} INFO - Executing <Task(PythonOperator): analyse_suspicion_covid_tranche_age> on 2023-11-24 22:55:39.429092+00:00
[2023-11-24T22:55:42.353+0000] {standard_task_runner.py:57} INFO - Started process 4981 to run task
[2023-11-24T22:55:42.356+0000] {standard_task_runner.py:84} INFO - Running: ['***', 'tasks', 'run', 'analyse_covid19', 'analyse_suspicion_covid_tranche_age', 'manual__2023-11-24T22:55:39.429092+00:00', '--job-id', '106', '--raw', '--subdir', 'DAGS_FOLDER/dag_visu.py', '--cfg-path', '/tmp/tmp33f5nijg']
[2023-11-24T22:55:42.358+0000] {standard_task_runner.py:85} INFO - Job 106: Subtask analyse_suspicion_covid_tranche_age
[2023-11-24T22:55:42.413+0000] {task_command.py:416} INFO - Running <TaskInstance: analyse_covid19.analyse_suspicion_covid_tranche_age manual__2023-11-24T22:55:39.429092+00:00 [running]> on host 3742b108fdc7
[2023-11-24T22:55:42.512+0000] {taskinstance.py:1662} INFO - Exporting env vars: AIRFLOW_CTX_DAG_OWNER='***' AIRFLOW_CTX_DAG_ID='analyse_covid19' AIRFLOW_CTX_TASK_ID='analyse_suspicion_covid_tranche_age' AIRFLOW_CTX_EXECUTION_DATE='2023-11-24T22:55:39.429092+00:00' AIRFLOW_CTX_TRY_NUMBER='1' AIRFLOW_CTX_DAG_RUN_ID='manual__2023-11-24T22:55:39.429092+00:00'
[2023-11-24T22:55:42.526+0000] {base.py:73} INFO - Using connection ID 'postgres_connexion' for task execution.
[2023-11-24T22:55:42.590+0000] {logging_mixin.py:151} INFO - (2022.0, '0-4 ans', 0)
[2023-11-24T22:55:42.591+0000] {logging_mixin.py:151} INFO - (2022.0, '15-44 ans', 0)
[2023-11-24T22:55:42.592+0000] {logging_mixin.py:151} INFO - (2022.0, '45-64 ans', 0)
[2023-11-24T22:55:42.592+0000] {logging_mixin.py:151} INFO - (2022.0, '5-14 ans', 0)
[2023-11-24T22:55:42.593+0000] {logging_mixin.py:151} INFO - (2022.0, '65-74 ans', 0)
[2023-11-24T22:55:42.594+0000] {logging_mixin.py:151} INFO - (2022.0, '75 ans et plus', 0)
[2023-11-24T22:55:42.595+0000] {logging_mixin.py:151} INFO - (2022.0, 'tous âges', 0)
[2023-11-24T22:55:42.596+0000] {python.py:194} INFO - Done. Returned value was: None
[2023-11-24T22:55:42.611+0000] {taskinstance.py:1400} INFO - Marking task as SUCCESS. dag_id=analyse_covid19, task_id=analyse_suspicion_covid_tranche_age, execution_date=20231124T225539, start_date=20231124T225542, end_date=20231124T225542
[2023-11-24T22:55:42.650+0000] {local_task_job_runner.py:228} INFO - Task exited with return code 0
[2023-11-24T22:55:42.683+0000] {taskinstance.py:2778} INFO - 1 downstream tasks scheduled from follow-on schedule check
