[2023-11-22T22:30:18.059+0000] {taskinstance.py:1159} INFO - Dependencies all met for dep_context=non-requeueable deps ti=<TaskInstance: COVID-19.Transform_data manual__2023-11-22T22:30:11.481856+00:00 [queued]>
[2023-11-22T22:30:18.066+0000] {taskinstance.py:1159} INFO - Dependencies all met for dep_context=requeueable deps ti=<TaskInstance: COVID-19.Transform_data manual__2023-11-22T22:30:11.481856+00:00 [queued]>
[2023-11-22T22:30:18.067+0000] {taskinstance.py:1361} INFO - Starting attempt 1 of 1
[2023-11-22T22:30:18.075+0000] {taskinstance.py:1382} INFO - Executing <Task(PythonOperator): Transform_data> on 2023-11-22 22:30:11.481856+00:00
[2023-11-22T22:30:18.079+0000] {standard_task_runner.py:57} INFO - Started process 100 to run task
[2023-11-22T22:30:18.081+0000] {standard_task_runner.py:84} INFO - Running: ['***', 'tasks', 'run', 'COVID-19', 'Transform_data', 'manual__2023-11-22T22:30:11.481856+00:00', '--job-id', '60', '--raw', '--subdir', 'DAGS_FOLDER/dag_etl.py', '--cfg-path', '/tmp/tmpoiw0_psh']
[2023-11-22T22:30:18.083+0000] {standard_task_runner.py:85} INFO - Job 60: Subtask Transform_data
[2023-11-22T22:30:18.113+0000] {task_command.py:416} INFO - Running <TaskInstance: COVID-19.Transform_data manual__2023-11-22T22:30:11.481856+00:00 [running]> on host 96847e9fc1db
[2023-11-22T22:30:18.294+0000] {taskinstance.py:1662} INFO - Exporting env vars: AIRFLOW_CTX_DAG_OWNER='***' AIRFLOW_CTX_DAG_ID='COVID-19' AIRFLOW_CTX_TASK_ID='Transform_data' AIRFLOW_CTX_EXECUTION_DATE='2023-11-22T22:30:11.481856+00:00' AIRFLOW_CTX_TRY_NUMBER='1' AIRFLOW_CTX_DAG_RUN_ID='manual__2023-11-22T22:30:11.481856+00:00'
[2023-11-22T22:30:18.481+0000] {python.py:194} INFO - Done. Returned value was:         dep date_de_passage  ... nbre_hospit_corona_h nbre_hospit_corona_f
0        01      2022-12-26  ...                    1                    3
1        01      2022-12-26  ...                  NaN                  NaN
2        01      2022-12-26  ...                  NaN                  NaN
3        01      2022-12-26  ...                  NaN                  NaN
4        01      2022-12-26  ...                  NaN                  NaN
...     ...             ...  ...                  ...                  ...
214216  976      2023-10-24  ...                  NaN                  NaN
214217  976      2023-10-24  ...                  NaN                  NaN
214218  976      2023-10-24  ...                  NaN                  NaN
214219  976      2023-10-24  ...                  NaN                  NaN
214220  976      2023-10-24  ...                  NaN                  NaN

[214221 rows x 12 columns]
[2023-11-22T22:30:18.671+0000] {taskinstance.py:1400} INFO - Marking task as SUCCESS. dag_id=COVID-19, task_id=Transform_data, execution_date=20231122T223011, start_date=20231122T223018, end_date=20231122T223018
[2023-11-22T22:30:18.695+0000] {local_task_job_runner.py:228} INFO - Task exited with return code 0
[2023-11-22T22:30:18.710+0000] {taskinstance.py:2778} INFO - 1 downstream tasks scheduled from follow-on schedule check
