[2023-11-23T20:04:15.376+0000] {taskinstance.py:1159} INFO - Dependencies all met for dep_context=non-requeueable deps ti=<TaskInstance: COVID-19.Transform_data manual__2023-11-22T22:30:11.481856+00:00 [queued]>
[2023-11-23T20:04:15.388+0000] {taskinstance.py:1159} INFO - Dependencies all met for dep_context=requeueable deps ti=<TaskInstance: COVID-19.Transform_data manual__2023-11-22T22:30:11.481856+00:00 [queued]>
[2023-11-23T20:04:15.389+0000] {taskinstance.py:1361} INFO - Starting attempt 2 of 2
[2023-11-23T20:04:15.406+0000] {taskinstance.py:1382} INFO - Executing <Task(PythonOperator): Transform_data> on 2023-11-22 22:30:11.481856+00:00
[2023-11-23T20:04:15.411+0000] {standard_task_runner.py:57} INFO - Started process 179 to run task
[2023-11-23T20:04:15.414+0000] {standard_task_runner.py:84} INFO - Running: ['***', 'tasks', 'run', 'COVID-19', 'Transform_data', 'manual__2023-11-22T22:30:11.481856+00:00', '--job-id', '75', '--raw', '--subdir', 'DAGS_FOLDER/dag_etl.py', '--cfg-path', '/tmp/tmpxv5tz9y5']
[2023-11-23T20:04:15.417+0000] {standard_task_runner.py:85} INFO - Job 75: Subtask Transform_data
[2023-11-23T20:04:15.467+0000] {task_command.py:416} INFO - Running <TaskInstance: COVID-19.Transform_data manual__2023-11-22T22:30:11.481856+00:00 [running]> on host 89d301135b3a
[2023-11-23T20:04:15.755+0000] {taskinstance.py:1662} INFO - Exporting env vars: AIRFLOW_CTX_DAG_OWNER='***' AIRFLOW_CTX_DAG_ID='COVID-19' AIRFLOW_CTX_TASK_ID='Transform_data' AIRFLOW_CTX_EXECUTION_DATE='2023-11-22T22:30:11.481856+00:00' AIRFLOW_CTX_TRY_NUMBER='2' AIRFLOW_CTX_DAG_RUN_ID='manual__2023-11-22T22:30:11.481856+00:00'
[2023-11-23T20:04:16.137+0000] {warnings.py:109} WARNING - /opt/***/dags/dag_etl.py:50: FutureWarning: section/key [core/sql_alchemy_conn] has been deprecated, you should use[database/sql_alchemy_conn] instead. Please update your `conf.get*` call to use the new name
  conn_uri = conf.get('core', 'sql_alchemy_conn')

[2023-11-23T20:04:16.188+0000] {python.py:194} INFO - Done. Returned value was:         dep date_de_passage  ... nbre_hospit_corona_h nbre_hospit_corona_f
0        01      2022-12-26  ...                    1                    3
1        01      2022-12-26  ...                  NaN                  NaN
2        01      2022-12-26  ...                  NaN                  NaN
3        01      2022-12-26  ...                  NaN                  NaN
4        01      2022-12-26  ...                  NaN                  NaN
...     ...             ...  ...                  ...                  ...
214216  976      2023-10-24  ...                  NaN                  NaN
214217  976      2023-10-24  ...                  NaN                  NaN
214218  976      2023-10-24  ...                  NaN                  NaN
214219  976      2023-10-24  ...                  NaN                  NaN
214220  976      2023-10-24  ...                  NaN                  NaN

[214221 rows x 12 columns]
[2023-11-23T20:04:16.612+0000] {taskinstance.py:1400} INFO - Marking task as SUCCESS. dag_id=COVID-19, task_id=Transform_data, execution_date=20231122T223011, start_date=20231123T200415, end_date=20231123T200416
[2023-11-23T20:04:16.673+0000] {local_task_job_runner.py:228} INFO - Task exited with return code 0
[2023-11-23T20:04:16.693+0000] {taskinstance.py:2778} INFO - 0 downstream tasks scheduled from follow-on schedule check
