[2023-11-24T22:55:40.939+0000] {taskinstance.py:1159} INFO - Dependencies all met for dep_context=non-requeueable deps ti=<TaskInstance: analyse_covid19.analyse_suspicion_covid_mois_region manual__2023-11-24T22:55:39.429092+00:00 [queued]>
[2023-11-24T22:55:40.955+0000] {taskinstance.py:1159} INFO - Dependencies all met for dep_context=requeueable deps ti=<TaskInstance: analyse_covid19.analyse_suspicion_covid_mois_region manual__2023-11-24T22:55:39.429092+00:00 [queued]>
[2023-11-24T22:55:40.956+0000] {taskinstance.py:1361} INFO - Starting attempt 1 of 1
[2023-11-24T22:55:40.976+0000] {taskinstance.py:1382} INFO - Executing <Task(PythonOperator): analyse_suspicion_covid_mois_region> on 2023-11-24 22:55:39.429092+00:00
[2023-11-24T22:55:40.987+0000] {standard_task_runner.py:57} INFO - Started process 4979 to run task
[2023-11-24T22:55:40.990+0000] {standard_task_runner.py:84} INFO - Running: ['***', 'tasks', 'run', 'analyse_covid19', 'analyse_suspicion_covid_mois_region', 'manual__2023-11-24T22:55:39.429092+00:00', '--job-id', '105', '--raw', '--subdir', 'DAGS_FOLDER/dag_visu.py', '--cfg-path', '/tmp/tmpviy5mmrk']
[2023-11-24T22:55:40.992+0000] {standard_task_runner.py:85} INFO - Job 105: Subtask analyse_suspicion_covid_mois_region
[2023-11-24T22:55:41.073+0000] {task_command.py:416} INFO - Running <TaskInstance: analyse_covid19.analyse_suspicion_covid_mois_region manual__2023-11-24T22:55:39.429092+00:00 [running]> on host 3742b108fdc7
[2023-11-24T22:55:41.181+0000] {taskinstance.py:1662} INFO - Exporting env vars: AIRFLOW_CTX_DAG_OWNER='***' AIRFLOW_CTX_DAG_ID='analyse_covid19' AIRFLOW_CTX_TASK_ID='analyse_suspicion_covid_mois_region' AIRFLOW_CTX_EXECUTION_DATE='2023-11-24T22:55:39.429092+00:00' AIRFLOW_CTX_TRY_NUMBER='1' AIRFLOW_CTX_DAG_RUN_ID='manual__2023-11-24T22:55:39.429092+00:00'
[2023-11-24T22:55:41.194+0000] {base.py:73} INFO - Using connection ID 'postgres_connexion' for task execution.
[2023-11-24T22:55:41.388+0000] {logging_mixin.py:151} INFO - (9.0, 2023.0, 'Guyane', 0)
[2023-11-24T22:55:41.389+0000] {logging_mixin.py:151} INFO - (4.0, 2023.0, 'Martinique', None)
[2023-11-24T22:55:41.390+0000] {logging_mixin.py:151} INFO - (6.0, 2023.0, 'Normandie', 0)
[2023-11-24T22:55:41.391+0000] {logging_mixin.py:151} INFO - (9.0, 2023.0, "Provence-Alpes-Côte d'Azur", 0)
[2023-11-24T22:55:41.393+0000] {logging_mixin.py:151} INFO - (3.0, 2023.0, 'Corse', 0)
[2023-11-24T22:55:41.394+0000] {logging_mixin.py:151} INFO - (3.0, 2023.0, 'Mayotte', 0)
[2023-11-24T22:55:41.395+0000] {logging_mixin.py:151} INFO - (1.0, 2023.0, 'Corse', 0)
[2023-11-24T22:55:41.396+0000] {logging_mixin.py:151} INFO - (12.0, 2022.0, 'Bretagne', 0)
[2023-11-24T22:55:41.397+0000] {logging_mixin.py:151} INFO - (10.0, 2023.0, 'Nouvelle-Aquitaine', 0)
[2023-11-24T22:55:41.398+0000] {logging_mixin.py:151} INFO - (4.0, 2023.0, 'Mayotte', 0)
[2023-11-24T22:55:41.399+0000] {logging_mixin.py:151} INFO - (9.0, 2023.0, 'Auvergne-Rhône-Alpes', 0)
[2023-11-24T22:55:41.401+0000] {logging_mixin.py:151} INFO - (2.0, 2023.0, 'Guyane', 0)
[2023-11-24T22:55:41.403+0000] {logging_mixin.py:151} INFO - (2.0, 2023.0, 'Grand Est', 0)
[2023-11-24T22:55:41.405+0000] {logging_mixin.py:151} INFO - (5.0, 2023.0, 'Mayotte', 0)
[2023-11-24T22:55:41.406+0000] {logging_mixin.py:151} INFO - (10.0, 2023.0, 'Centre-Val de Loire', 0)
[2023-11-24T22:55:41.407+0000] {logging_mixin.py:151} INFO - (5.0, 2023.0, 'Auvergne-Rhône-Alpes', 0)
[2023-11-24T22:55:41.408+0000] {logging_mixin.py:151} INFO - (8.0, 2023.0, 'Grand Est', 0)
[2023-11-24T22:55:41.409+0000] {logging_mixin.py:151} INFO - (7.0, 2023.0, 'Île-de-France', 0)
[2023-11-24T22:55:41.410+0000] {logging_mixin.py:151} INFO - (2.0, 2023.0, 'La Réunion', 0)
[2023-11-24T22:55:41.412+0000] {logging_mixin.py:151} INFO - (6.0, 2023.0, 'Centre-Val de Loire', 0)
[2023-11-24T22:55:41.413+0000] {logging_mixin.py:151} INFO - (2.0, 2023.0, 'Nouvelle-Aquitaine', 0)
[2023-11-24T22:55:41.414+0000] {logging_mixin.py:151} INFO - (12.0, 2022.0, 'Martinique', None)
[2023-11-24T22:55:41.415+0000] {logging_mixin.py:151} INFO - (5.0, 2023.0, 'La Réunion', 0)
[2023-11-24T22:55:41.416+0000] {logging_mixin.py:151} INFO - (12.0, 2022.0, 'Guyane', 0)
[2023-11-24T22:55:41.417+0000] {logging_mixin.py:151} INFO - (2.0, 2023.0, 'Corse', 0)
[2023-11-24T22:55:41.418+0000] {logging_mixin.py:151} INFO - (1.0, 2023.0, 'Mayotte', 0)
[2023-11-24T22:55:41.419+0000] {logging_mixin.py:151} INFO - (6.0, 2023.0, "Provence-Alpes-Côte d'Azur", 0)
[2023-11-24T22:55:41.419+0000] {logging_mixin.py:151} INFO - (6.0, 2023.0, 'Occitanie', 0)
[2023-11-24T22:55:41.420+0000] {logging_mixin.py:151} INFO - (8.0, 2023.0, 'La Réunion', 0)
[2023-11-24T22:55:41.420+0000] {logging_mixin.py:151} INFO - (3.0, 2023.0, 'La Réunion', 0)
[2023-11-24T22:55:41.421+0000] {logging_mixin.py:151} INFO - (1.0, 2023.0, 'Centre-Val de Loire', 0)
[2023-11-24T22:55:41.421+0000] {logging_mixin.py:151} INFO - (10.0, 2023.0, 'La Réunion', 0)
[2023-11-24T22:55:41.422+0000] {logging_mixin.py:151} INFO - (1.0, 2023.0, 'Auvergne-Rhône-Alpes', 0)
[2023-11-24T22:55:41.423+0000] {logging_mixin.py:151} INFO - (4.0, 2023.0, 'Auvergne-Rhône-Alpes', 0)
[2023-11-24T22:55:41.424+0000] {logging_mixin.py:151} INFO - (9.0, 2023.0, 'Bretagne', 0)
[2023-11-24T22:55:41.424+0000] {logging_mixin.py:151} INFO - (10.0, 2023.0, 'Guyane', 0)
[2023-11-24T22:55:41.426+0000] {logging_mixin.py:151} INFO - (10.0, 2023.0, 'Mayotte', 0)
[2023-11-24T22:55:41.426+0000] {logging_mixin.py:151} INFO - (3.0, 2023.0, 'Normandie', 0)
[2023-11-24T22:55:41.427+0000] {logging_mixin.py:151} INFO - (2.0, 2023.0, 'Île-de-France', 0)
[2023-11-24T22:55:41.428+0000] {logging_mixin.py:151} INFO - (12.0, 2022.0, 'Île-de-France', 0)
[2023-11-24T22:55:41.429+0000] {logging_mixin.py:151} INFO - (9.0, 2023.0, 'Hauts-de-France', 0)
[2023-11-24T22:55:41.430+0000] {logging_mixin.py:151} INFO - (1.0, 2023.0, 'Guadeloupe', 0)
[2023-11-24T22:55:41.431+0000] {logging_mixin.py:151} INFO - (7.0, 2023.0, 'Normandie', 0)
[2023-11-24T22:55:41.433+0000] {logging_mixin.py:151} INFO - (12.0, 2022.0, 'Mayotte', 0)
[2023-11-24T22:55:41.433+0000] {logging_mixin.py:151} INFO - (1.0, 2023.0, 'Nouvelle-Aquitaine', 0)
[2023-11-24T22:55:41.434+0000] {logging_mixin.py:151} INFO - (7.0, 2023.0, "Provence-Alpes-Côte d'Azur", 0)
[2023-11-24T22:55:41.436+0000] {logging_mixin.py:151} INFO - (7.0, 2023.0, 'Occitanie', 0)
[2023-11-24T22:55:41.437+0000] {logging_mixin.py:151} INFO - (8.0, 2023.0, 'Bretagne', 0)
[2023-11-24T22:55:41.438+0000] {logging_mixin.py:151} INFO - (5.0, 2023.0, 'Guadeloupe', 0)
[2023-11-24T22:55:41.439+0000] {logging_mixin.py:151} INFO - (9.0, 2023.0, 'Normandie', 0)
[2023-11-24T22:55:41.439+0000] {logging_mixin.py:151} INFO - (4.0, 2023.0, 'Pays de la Loire', 0)
[2023-11-24T22:55:41.440+0000] {logging_mixin.py:151} INFO - (6.0, 2023.0, 'Guyane', 0)
[2023-11-24T22:55:41.441+0000] {logging_mixin.py:151} INFO - (3.0, 2023.0, 'Grand Est', 0)
[2023-11-24T22:55:41.442+0000] {logging_mixin.py:151} INFO - (12.0, 2022.0, 'La Réunion', 0)
[2023-11-24T22:55:41.443+0000] {logging_mixin.py:151} INFO - (8.0, 2023.0, 'Guyane', 0)
[2023-11-24T22:55:41.444+0000] {logging_mixin.py:151} INFO - (1.0, 2023.0, 'La Réunion', 0)
[2023-11-24T22:55:41.444+0000] {logging_mixin.py:151} INFO - (12.0, 2022.0, 'Normandie', 0)
[2023-11-24T22:55:41.445+0000] {logging_mixin.py:151} INFO - (8.0, 2023.0, 'Centre-Val de Loire', 0)
[2023-11-24T22:55:41.446+0000] {logging_mixin.py:151} INFO - (5.0, 2023.0, 'Guyane', 0)
[2023-11-24T22:55:41.447+0000] {logging_mixin.py:151} INFO - (12.0, 2022.0, 'Corse', 0)
[2023-11-24T22:55:41.448+0000] {logging_mixin.py:151} INFO - (8.0, 2023.0, 'Hauts-de-France', 0)
[2023-11-24T22:55:41.449+0000] {logging_mixin.py:151} INFO - (10.0, 2023.0, 'Occitanie', 0)
[2023-11-24T22:55:41.450+0000] {logging_mixin.py:151} INFO - (7.0, 2023.0, 'Pays de la Loire', 0)
[2023-11-24T22:55:41.451+0000] {logging_mixin.py:151} INFO - (2.0, 2023.0, "Provence-Alpes-Côte d'Azur", 0)
[2023-11-24T22:55:41.452+0000] {logging_mixin.py:151} INFO - (5.0, 2023.0, "Provence-Alpes-Côte d'Azur", 0)
[2023-11-24T22:55:41.452+0000] {logging_mixin.py:151} INFO - (5.0, 2023.0, 'Pays de la Loire', 0)
[2023-11-24T22:55:41.453+0000] {logging_mixin.py:151} INFO - (1.0, 2023.0, 'Hauts-de-France', 0)
[2023-11-24T22:55:41.454+0000] {logging_mixin.py:151} INFO - (10.0, 2023.0, 'Grand Est', 0)
[2023-11-24T22:55:41.455+0000] {logging_mixin.py:151} INFO - (1.0, 2023.0, 'Guyane', 0)
[2023-11-24T22:55:41.456+0000] {logging_mixin.py:151} INFO - (7.0, 2023.0, 'Hauts-de-France', 0)
[2023-11-24T22:55:41.456+0000] {logging_mixin.py:151} INFO - (6.0, 2023.0, 'Pays de la Loire', 0)
[2023-11-24T22:55:41.457+0000] {logging_mixin.py:151} INFO - (4.0, 2023.0, 'Guyane', 0)
[2023-11-24T22:55:41.458+0000] {logging_mixin.py:151} INFO - (3.0, 2023.0, 'Nouvelle-Aquitaine', 0)
[2023-11-24T22:55:41.459+0000] {logging_mixin.py:151} INFO - (1.0, 2023.0, 'Bourgogne-Franche-Comté', 0)
[2023-11-24T22:55:41.459+0000] {logging_mixin.py:151} INFO - (2.0, 2023.0, 'Guadeloupe', 0)
[2023-11-24T22:55:41.460+0000] {logging_mixin.py:151} INFO - (10.0, 2023.0, 'Hauts-de-France', 0)
[2023-11-24T22:55:41.461+0000] {logging_mixin.py:151} INFO - (1.0, 2023.0, 'Normandie', 0)
[2023-11-24T22:55:41.462+0000] {logging_mixin.py:151} INFO - (1.0, 2023.0, 'Martinique', None)
[2023-11-24T22:55:41.463+0000] {logging_mixin.py:151} INFO - (3.0, 2023.0, 'Île-de-France', 0)
[2023-11-24T22:55:41.463+0000] {logging_mixin.py:151} INFO - (7.0, 2023.0, 'Guyane', 0)
[2023-11-24T22:55:41.465+0000] {logging_mixin.py:151} INFO - (4.0, 2023.0, 'Nouvelle-Aquitaine', 0)
[2023-11-24T22:55:41.466+0000] {logging_mixin.py:151} INFO - (12.0, 2022.0, 'Nouvelle-Aquitaine', 0)
[2023-11-24T22:55:41.467+0000] {logging_mixin.py:151} INFO - (7.0, 2023.0, 'Corse', 0)
[2023-11-24T22:55:41.467+0000] {logging_mixin.py:151} INFO - (8.0, 2023.0, "Provence-Alpes-Côte d'Azur", 0)
[2023-11-24T22:55:41.469+0000] {logging_mixin.py:151} INFO - (7.0, 2023.0, 'Guadeloupe', 0)
[2023-11-24T22:55:41.470+0000] {logging_mixin.py:151} INFO - (8.0, 2023.0, 'Normandie', 0)
[2023-11-24T22:55:41.471+0000] {logging_mixin.py:151} INFO - (10.0, 2023.0, 'Guadeloupe', 0)
[2023-11-24T22:55:41.472+0000] {logging_mixin.py:151} INFO - (7.0, 2023.0, 'Grand Est', 0)
[2023-11-24T22:55:41.473+0000] {logging_mixin.py:151} INFO - (1.0, 2023.0, 'Bretagne', 0)
[2023-11-24T22:55:41.473+0000] {logging_mixin.py:151} INFO - (4.0, 2023.0, 'Bourgogne-Franche-Comté', 0)
[2023-11-24T22:55:41.475+0000] {logging_mixin.py:151} INFO - (7.0, 2023.0, 'Martinique', 0)
[2023-11-24T22:55:41.476+0000] {logging_mixin.py:151} INFO - (3.0, 2023.0, 'Bourgogne-Franche-Comté', 0)
[2023-11-24T22:55:41.477+0000] {logging_mixin.py:151} INFO - (3.0, 2023.0, 'Hauts-de-France', 0)
[2023-11-24T22:55:41.477+0000] {logging_mixin.py:151} INFO - (3.0, 2023.0, 'Pays de la Loire', 0)
[2023-11-24T22:55:41.478+0000] {logging_mixin.py:151} INFO - (6.0, 2023.0, 'Île-de-France', 0)
[2023-11-24T22:55:41.479+0000] {logging_mixin.py:151} INFO - (8.0, 2023.0, 'Corse', 0)
[2023-11-24T22:55:41.480+0000] {logging_mixin.py:151} INFO - (2.0, 2023.0, 'Centre-Val de Loire', 0)
[2023-11-24T22:55:41.482+0000] {logging_mixin.py:151} INFO - (5.0, 2023.0, 'Hauts-de-France', 0)
[2023-11-24T22:55:41.483+0000] {logging_mixin.py:151} INFO - (6.0, 2023.0, 'Mayotte', 0)
[2023-11-24T22:55:41.484+0000] {logging_mixin.py:151} INFO - (8.0, 2023.0, 'Bourgogne-Franche-Comté', 0)
[2023-11-24T22:55:41.485+0000] {logging_mixin.py:151} INFO - (6.0, 2023.0, 'Martinique', 0)
[2023-11-24T22:55:41.486+0000] {logging_mixin.py:151} INFO - (12.0, 2022.0, 'Bourgogne-Franche-Comté', 0)
[2023-11-24T22:55:41.487+0000] {logging_mixin.py:151} INFO - (7.0, 2023.0, 'Nouvelle-Aquitaine', 0)
[2023-11-24T22:55:41.487+0000] {logging_mixin.py:151} INFO - (4.0, 2023.0, 'Normandie', 0)
[2023-11-24T22:55:41.488+0000] {logging_mixin.py:151} INFO - (8.0, 2023.0, 'Guadeloupe', 0)
[2023-11-24T22:55:41.489+0000] {logging_mixin.py:151} INFO - (5.0, 2023.0, 'Bretagne', 0)
[2023-11-24T22:55:41.490+0000] {logging_mixin.py:151} INFO - (5.0, 2023.0, 'Occitanie', 0)
[2023-11-24T22:55:41.491+0000] {logging_mixin.py:151} INFO - (12.0, 2022.0, 'Auvergne-Rhône-Alpes', 0)
[2023-11-24T22:55:41.492+0000] {logging_mixin.py:151} INFO - (3.0, 2023.0, "Provence-Alpes-Côte d'Azur", 0)
[2023-11-24T22:55:41.493+0000] {logging_mixin.py:151} INFO - (7.0, 2023.0, 'Bourgogne-Franche-Comté', 0)
[2023-11-24T22:55:41.494+0000] {logging_mixin.py:151} INFO - (12.0, 2022.0, 'Hauts-de-France', 0)
[2023-11-24T22:55:41.494+0000] {logging_mixin.py:151} INFO - (12.0, 2022.0, 'Occitanie', 0)
[2023-11-24T22:55:41.495+0000] {logging_mixin.py:151} INFO - (2.0, 2023.0, 'Normandie', 0)
[2023-11-24T22:55:41.496+0000] {logging_mixin.py:151} INFO - (12.0, 2022.0, 'Grand Est', 0)
[2023-11-24T22:55:41.497+0000] {logging_mixin.py:151} INFO - (10.0, 2023.0, 'Corse', 0)
[2023-11-24T22:55:41.499+0000] {logging_mixin.py:151} INFO - (10.0, 2023.0, 'Auvergne-Rhône-Alpes', 0)
[2023-11-24T22:55:41.500+0000] {logging_mixin.py:151} INFO - (2.0, 2023.0, 'Mayotte', 0)
[2023-11-24T22:55:41.501+0000] {logging_mixin.py:151} INFO - (9.0, 2023.0, 'Guadeloupe', 0)
[2023-11-24T22:55:41.502+0000] {logging_mixin.py:151} INFO - (9.0, 2023.0, 'La Réunion', 0)
[2023-11-24T22:55:41.503+0000] {logging_mixin.py:151} INFO - (5.0, 2023.0, 'Nouvelle-Aquitaine', 0)
[2023-11-24T22:55:41.504+0000] {logging_mixin.py:151} INFO - (6.0, 2023.0, 'Bretagne', 0)
[2023-11-24T22:55:41.505+0000] {logging_mixin.py:151} INFO - (10.0, 2023.0, "Provence-Alpes-Côte d'Azur", 0)
[2023-11-24T22:55:41.506+0000] {logging_mixin.py:151} INFO - (6.0, 2023.0, 'Auvergne-Rhône-Alpes', 0)
[2023-11-24T22:55:41.507+0000] {logging_mixin.py:151} INFO - (6.0, 2023.0, 'Bourgogne-Franche-Comté', 0)
[2023-11-24T22:55:41.508+0000] {logging_mixin.py:151} INFO - (10.0, 2023.0, 'Bourgogne-Franche-Comté', 0)
[2023-11-24T22:55:41.509+0000] {logging_mixin.py:151} INFO - (3.0, 2023.0, 'Bretagne', 0)
[2023-11-24T22:55:41.510+0000] {logging_mixin.py:151} INFO - (12.0, 2022.0, "Provence-Alpes-Côte d'Azur", 0)
[2023-11-24T22:55:41.511+0000] {logging_mixin.py:151} INFO - (3.0, 2023.0, 'Guyane', 0)
[2023-11-24T22:55:41.512+0000] {logging_mixin.py:151} INFO - (6.0, 2023.0, 'Grand Est', 0)
[2023-11-24T22:55:41.513+0000] {logging_mixin.py:151} INFO - (9.0, 2023.0, 'Nouvelle-Aquitaine', 0)
[2023-11-24T22:55:41.513+0000] {logging_mixin.py:151} INFO - (1.0, 2023.0, 'Pays de la Loire', 0)
[2023-11-24T22:55:41.514+0000] {logging_mixin.py:151} INFO - (5.0, 2023.0, 'Normandie', 0)
[2023-11-24T22:55:41.516+0000] {logging_mixin.py:151} INFO - (10.0, 2023.0, 'Île-de-France', 0)
[2023-11-24T22:55:41.517+0000] {logging_mixin.py:151} INFO - (12.0, 2022.0, 'Pays de la Loire', 0)
[2023-11-24T22:55:41.518+0000] {logging_mixin.py:151} INFO - (7.0, 2023.0, 'Bretagne', 0)
[2023-11-24T22:55:41.518+0000] {logging_mixin.py:151} INFO - (9.0, 2023.0, 'Occitanie', 0)
[2023-11-24T22:55:41.519+0000] {logging_mixin.py:151} INFO - (8.0, 2023.0, 'Mayotte', 0)
[2023-11-24T22:55:41.520+0000] {logging_mixin.py:151} INFO - (4.0, 2023.0, 'Centre-Val de Loire', 0)
[2023-11-24T22:55:41.521+0000] {logging_mixin.py:151} INFO - (5.0, 2023.0, 'Martinique', None)
[2023-11-24T22:55:41.522+0000] {logging_mixin.py:151} INFO - (10.0, 2023.0, 'Pays de la Loire', 0)
[2023-11-24T22:55:41.523+0000] {logging_mixin.py:151} INFO - (4.0, 2023.0, 'La Réunion', 0)
[2023-11-24T22:55:41.524+0000] {logging_mixin.py:151} INFO - (9.0, 2023.0, 'Pays de la Loire', 0)
[2023-11-24T22:55:41.525+0000] {logging_mixin.py:151} INFO - (3.0, 2023.0, 'Centre-Val de Loire', 0)
[2023-11-24T22:55:41.526+0000] {logging_mixin.py:151} INFO - (4.0, 2023.0, 'Guadeloupe', 0)
[2023-11-24T22:55:41.526+0000] {logging_mixin.py:151} INFO - (9.0, 2023.0, 'Centre-Val de Loire', 0)
[2023-11-24T22:55:41.527+0000] {logging_mixin.py:151} INFO - (9.0, 2023.0, 'Martinique', 0)
[2023-11-24T22:55:41.528+0000] {logging_mixin.py:151} INFO - (9.0, 2023.0, 'Mayotte', 0)
[2023-11-24T22:55:41.529+0000] {logging_mixin.py:151} INFO - (1.0, 2023.0, "Provence-Alpes-Côte d'Azur", 0)
[2023-11-24T22:55:41.529+0000] {logging_mixin.py:151} INFO - (4.0, 2023.0, 'Île-de-France', 0)
[2023-11-24T22:55:41.530+0000] {logging_mixin.py:151} INFO - (9.0, 2023.0, 'Île-de-France', 0)
[2023-11-24T22:55:41.531+0000] {logging_mixin.py:151} INFO - (8.0, 2023.0, 'Nouvelle-Aquitaine', 0)
[2023-11-24T22:55:41.532+0000] {logging_mixin.py:151} INFO - (10.0, 2023.0, 'Martinique', 0)
[2023-11-24T22:55:41.533+0000] {logging_mixin.py:151} INFO - (3.0, 2023.0, 'Occitanie', 0)
[2023-11-24T22:55:41.535+0000] {logging_mixin.py:151} INFO - (6.0, 2023.0, 'La Réunion', 0)
[2023-11-24T22:55:41.536+0000] {logging_mixin.py:151} INFO - (3.0, 2023.0, 'Guadeloupe', 0)
[2023-11-24T22:55:41.537+0000] {logging_mixin.py:151} INFO - (8.0, 2023.0, 'Pays de la Loire', 0)
[2023-11-24T22:55:41.538+0000] {logging_mixin.py:151} INFO - (12.0, 2022.0, 'Centre-Val de Loire', 0)
[2023-11-24T22:55:41.539+0000] {logging_mixin.py:151} INFO - (9.0, 2023.0, 'Grand Est', 0)
[2023-11-24T22:55:41.540+0000] {logging_mixin.py:151} INFO - (3.0, 2023.0, 'Auvergne-Rhône-Alpes', 0)
[2023-11-24T22:55:41.541+0000] {logging_mixin.py:151} INFO - (10.0, 2023.0, 'Bretagne', 0)
[2023-11-24T22:55:41.542+0000] {logging_mixin.py:151} INFO - (8.0, 2023.0, 'Occitanie', 0)
[2023-11-24T22:55:41.543+0000] {logging_mixin.py:151} INFO - (5.0, 2023.0, 'Île-de-France', 0)
[2023-11-24T22:55:41.543+0000] {logging_mixin.py:151} INFO - (6.0, 2023.0, 'Hauts-de-France', 0)
[2023-11-24T22:55:41.544+0000] {logging_mixin.py:151} INFO - (8.0, 2023.0, 'Auvergne-Rhône-Alpes', 0)
[2023-11-24T22:55:41.546+0000] {logging_mixin.py:151} INFO - (12.0, 2022.0, 'Guadeloupe', 0)
[2023-11-24T22:55:41.547+0000] {logging_mixin.py:151} INFO - (2.0, 2023.0, 'Bretagne', 0)
[2023-11-24T22:55:41.548+0000] {logging_mixin.py:151} INFO - (1.0, 2023.0, 'Île-de-France', 0)
[2023-11-24T22:55:41.549+0000] {logging_mixin.py:151} INFO - (8.0, 2023.0, 'Martinique', 0)
[2023-11-24T22:55:41.550+0000] {logging_mixin.py:151} INFO - (5.0, 2023.0, 'Corse', 0)
[2023-11-24T22:55:41.551+0000] {logging_mixin.py:151} INFO - (6.0, 2023.0, 'Nouvelle-Aquitaine', 0)
[2023-11-24T22:55:41.552+0000] {logging_mixin.py:151} INFO - (10.0, 2023.0, 'Normandie', 0)
[2023-11-24T22:55:41.553+0000] {logging_mixin.py:151} INFO - (4.0, 2023.0, 'Occitanie', 0)
[2023-11-24T22:55:41.554+0000] {logging_mixin.py:151} INFO - (2.0, 2023.0, 'Occitanie', 0)
[2023-11-24T22:55:41.555+0000] {logging_mixin.py:151} INFO - (1.0, 2023.0, 'Occitanie', 0)
[2023-11-24T22:55:41.556+0000] {logging_mixin.py:151} INFO - (6.0, 2023.0, 'Corse', 0)
[2023-11-24T22:55:41.557+0000] {logging_mixin.py:151} INFO - (4.0, 2023.0, 'Grand Est', 0)
[2023-11-24T22:55:41.558+0000] {logging_mixin.py:151} INFO - (2.0, 2023.0, 'Martinique', None)
[2023-11-24T22:55:41.559+0000] {logging_mixin.py:151} INFO - (7.0, 2023.0, 'Auvergne-Rhône-Alpes', 0)
[2023-11-24T22:55:41.559+0000] {logging_mixin.py:151} INFO - (4.0, 2023.0, 'Hauts-de-France', 0)
[2023-11-24T22:55:41.560+0000] {logging_mixin.py:151} INFO - (9.0, 2023.0, 'Bourgogne-Franche-Comté', 0)
[2023-11-24T22:55:41.561+0000] {logging_mixin.py:151} INFO - (2.0, 2023.0, 'Hauts-de-France', 0)
[2023-11-24T22:55:41.562+0000] {logging_mixin.py:151} INFO - (6.0, 2023.0, 'Guadeloupe', 0)
[2023-11-24T22:55:41.563+0000] {logging_mixin.py:151} INFO - (5.0, 2023.0, 'Grand Est', 0)
[2023-11-24T22:55:41.564+0000] {logging_mixin.py:151} INFO - (7.0, 2023.0, 'Centre-Val de Loire', 0)
[2023-11-24T22:55:41.565+0000] {logging_mixin.py:151} INFO - (7.0, 2023.0, 'La Réunion', 0)
[2023-11-24T22:55:41.567+0000] {logging_mixin.py:151} INFO - (2.0, 2023.0, 'Pays de la Loire', 0)
[2023-11-24T22:55:41.569+0000] {logging_mixin.py:151} INFO - (4.0, 2023.0, "Provence-Alpes-Côte d'Azur", 0)
[2023-11-24T22:55:41.570+0000] {logging_mixin.py:151} INFO - (2.0, 2023.0, 'Auvergne-Rhône-Alpes', 0)
[2023-11-24T22:55:41.571+0000] {logging_mixin.py:151} INFO - (8.0, 2023.0, 'Île-de-France', 0)
[2023-11-24T22:55:41.572+0000] {logging_mixin.py:151} INFO - (2.0, 2023.0, 'Bourgogne-Franche-Comté', 0)
[2023-11-24T22:55:41.573+0000] {logging_mixin.py:151} INFO - (4.0, 2023.0, 'Corse', 0)
[2023-11-24T22:55:41.574+0000] {logging_mixin.py:151} INFO - (3.0, 2023.0, 'Martinique', None)
[2023-11-24T22:55:41.575+0000] {logging_mixin.py:151} INFO - (9.0, 2023.0, 'Corse', 0)
[2023-11-24T22:55:41.576+0000] {logging_mixin.py:151} INFO - (4.0, 2023.0, 'Bretagne', 0)
[2023-11-24T22:55:41.577+0000] {logging_mixin.py:151} INFO - (5.0, 2023.0, 'Bourgogne-Franche-Comté', 0)
[2023-11-24T22:55:41.578+0000] {logging_mixin.py:151} INFO - (5.0, 2023.0, 'Centre-Val de Loire', 0)
[2023-11-24T22:55:41.578+0000] {logging_mixin.py:151} INFO - (7.0, 2023.0, 'Mayotte', 0)
[2023-11-24T22:55:41.579+0000] {logging_mixin.py:151} INFO - (1.0, 2023.0, 'Grand Est', 0)
[2023-11-24T22:55:41.580+0000] {python.py:194} INFO - Done. Returned value was: None
[2023-11-24T22:55:41.595+0000] {taskinstance.py:1400} INFO - Marking task as SUCCESS. dag_id=analyse_covid19, task_id=analyse_suspicion_covid_mois_region, execution_date=20231124T225539, start_date=20231124T225540, end_date=20231124T225541
[2023-11-24T22:55:41.649+0000] {local_task_job_runner.py:228} INFO - Task exited with return code 0
[2023-11-24T22:55:41.690+0000] {taskinstance.py:2778} INFO - 1 downstream tasks scheduled from follow-on schedule check
