[2023-11-20T22:37:41.941+0000] {taskinstance.py:1159} INFO - Dependencies all met for dep_context=non-requeueable deps ti=<TaskInstance: COVID-19.Transform_data manual__2023-11-16T14:53:31.468414+00:00 [queued]>
[2023-11-20T22:37:41.948+0000] {taskinstance.py:1159} INFO - Dependencies all met for dep_context=requeueable deps ti=<TaskInstance: COVID-19.Transform_data manual__2023-11-16T14:53:31.468414+00:00 [queued]>
[2023-11-20T22:37:41.949+0000] {taskinstance.py:1361} INFO - Starting attempt 1 of 1
[2023-11-20T22:37:41.959+0000] {taskinstance.py:1382} INFO - Executing <Task(PythonOperator): Transform_data> on 2023-11-16 14:53:31.468414+00:00
[2023-11-20T22:37:41.963+0000] {standard_task_runner.py:57} INFO - Started process 102 to run task
[2023-11-20T22:37:41.965+0000] {standard_task_runner.py:84} INFO - Running: ['***', 'tasks', 'run', 'COVID-19', 'Transform_data', 'manual__2023-11-16T14:53:31.468414+00:00', '--job-id', '17', '--raw', '--subdir', 'DAGS_FOLDER/dag_etl.py', '--cfg-path', '/tmp/tmp03w0_5cu']
[2023-11-20T22:37:41.967+0000] {standard_task_runner.py:85} INFO - Job 17: Subtask Transform_data
[2023-11-20T22:37:41.998+0000] {task_command.py:416} INFO - Running <TaskInstance: COVID-19.Transform_data manual__2023-11-16T14:53:31.468414+00:00 [running]> on host 1855d53776a5
[2023-11-20T22:37:42.189+0000] {taskinstance.py:1662} INFO - Exporting env vars: AIRFLOW_CTX_DAG_OWNER='***' AIRFLOW_CTX_DAG_ID='COVID-19' AIRFLOW_CTX_TASK_ID='Transform_data' AIRFLOW_CTX_EXECUTION_DATE='2023-11-16T14:53:31.468414+00:00' AIRFLOW_CTX_TRY_NUMBER='1' AIRFLOW_CTX_DAG_RUN_ID='manual__2023-11-16T14:53:31.468414+00:00'
[2023-11-20T22:37:42.719+0000] {python.py:194} INFO - Done. Returned value was:         dep date_de_passage  ... nbre_hospit_corona_h nbre_hospit_corona_f
0        01      2022-12-26  ...                    1                    3
1        01      2022-12-26  ...                  NaN                  NaN
2        01      2022-12-26  ...                  NaN                  NaN
3        01      2022-12-26  ...                  NaN                  NaN
4        01      2022-12-26  ...                  NaN                  NaN
...     ...             ...  ...                  ...                  ...
214216  976      2023-10-24  ...                  NaN                  NaN
214217  976      2023-10-24  ...                  NaN                  NaN
214218  976      2023-10-24  ...                  NaN                  NaN
214219  976      2023-10-24  ...                  NaN                  NaN
214220  976      2023-10-24  ...                  NaN                  NaN

[214221 rows x 12 columns]
[2023-11-20T22:37:42.940+0000] {taskinstance.py:1400} INFO - Marking task as SUCCESS. dag_id=COVID-19, task_id=Transform_data, execution_date=20231116T145331, start_date=20231120T223741, end_date=20231120T223742
[2023-11-20T22:37:42.980+0000] {local_task_job_runner.py:228} INFO - Task exited with return code 0
[2023-11-20T22:37:42.995+0000] {taskinstance.py:2778} INFO - 0 downstream tasks scheduled from follow-on schedule check
