[2023-11-22T19:21:04.784+0000] {taskinstance.py:1159} INFO - Dependencies all met for dep_context=non-requeueable deps ti=<TaskInstance: COVID-19.Extract_donnees_SOS_medecins manual__2023-11-22T19:21:03.332168+00:00 [queued]>
[2023-11-22T19:21:04.799+0000] {taskinstance.py:1159} INFO - Dependencies all met for dep_context=requeueable deps ti=<TaskInstance: COVID-19.Extract_donnees_SOS_medecins manual__2023-11-22T19:21:03.332168+00:00 [queued]>
[2023-11-22T19:21:04.800+0000] {taskinstance.py:1361} INFO - Starting attempt 1 of 1
[2023-11-22T19:21:04.822+0000] {taskinstance.py:1382} INFO - Executing <Task(PythonOperator): Extract_donnees_SOS_medecins> on 2023-11-22 19:21:03.332168+00:00
[2023-11-22T19:21:04.830+0000] {standard_task_runner.py:57} INFO - Started process 378 to run task
[2023-11-22T19:21:04.833+0000] {standard_task_runner.py:84} INFO - Running: ['***', 'tasks', 'run', 'COVID-19', 'Extract_donnees_SOS_medecins', 'manual__2023-11-22T19:21:03.332168+00:00', '--job-id', '32', '--raw', '--subdir', 'DAGS_FOLDER/dag_etl.py', '--cfg-path', '/tmp/tmp9blz5wl0']
[2023-11-22T19:21:04.837+0000] {standard_task_runner.py:85} INFO - Job 32: Subtask Extract_donnees_SOS_medecins
[2023-11-22T19:21:04.906+0000] {task_command.py:416} INFO - Running <TaskInstance: COVID-19.Extract_donnees_SOS_medecins manual__2023-11-22T19:21:03.332168+00:00 [running]> on host fa089f974649
[2023-11-22T19:21:05.220+0000] {taskinstance.py:1662} INFO - Exporting env vars: AIRFLOW_CTX_DAG_OWNER='***' AIRFLOW_CTX_DAG_ID='COVID-19' AIRFLOW_CTX_TASK_ID='Extract_donnees_SOS_medecins' AIRFLOW_CTX_EXECUTION_DATE='2023-11-22T19:21:03.332168+00:00' AIRFLOW_CTX_TRY_NUMBER='1' AIRFLOW_CTX_DAG_RUN_ID='manual__2023-11-22T19:21:03.332168+00:00'
[2023-11-22T19:21:05.613+0000] {python.py:194} INFO - Done. Returned value was:         dep date_de_passage  ... nbre_acte_tot_h nbre_acte_tot_f
0        01      2022-12-26  ...             NaN             NaN
1        01      2022-12-26  ...             NaN             NaN
2        01      2022-12-26  ...             NaN             NaN
3        01      2022-12-26  ...             NaN             NaN
4        01      2022-12-26  ...             NaN             NaN
...     ...             ...  ...             ...             ...
214216  976      2023-10-24  ...             NaN             NaN
214217  976      2023-10-24  ...             NaN             NaN
214218  976      2023-10-24  ...             NaN             NaN
214219  976      2023-10-24  ...             NaN             NaN
214220  976      2023-10-24  ...             NaN             NaN

[214221 rows x 18 columns]
[2023-11-22T19:21:06.251+0000] {taskinstance.py:1400} INFO - Marking task as SUCCESS. dag_id=COVID-19, task_id=Extract_donnees_SOS_medecins, execution_date=20231122T192103, start_date=20231122T192104, end_date=20231122T192106
[2023-11-22T19:21:06.298+0000] {local_task_job_runner.py:228} INFO - Task exited with return code 0
[2023-11-22T19:21:06.339+0000] {taskinstance.py:2778} INFO - 0 downstream tasks scheduled from follow-on schedule check
