[2023-11-23T22:55:02.813+0000] {taskinstance.py:1159} INFO - Dependencies all met for dep_context=non-requeueable deps ti=<TaskInstance: COVID-19.Extract_departements_region manual__2023-11-23T22:53:17.833739+00:00 [queued]>
[2023-11-23T22:55:02.821+0000] {taskinstance.py:1159} INFO - Dependencies all met for dep_context=requeueable deps ti=<TaskInstance: COVID-19.Extract_departements_region manual__2023-11-23T22:53:17.833739+00:00 [queued]>
[2023-11-23T22:55:02.821+0000] {taskinstance.py:1361} INFO - Starting attempt 2 of 2
[2023-11-23T22:55:02.831+0000] {taskinstance.py:1382} INFO - Executing <Task(PythonOperator): Extract_departements_region> on 2023-11-23 22:53:17.833739+00:00
[2023-11-23T22:55:02.835+0000] {standard_task_runner.py:57} INFO - Started process 2910 to run task
[2023-11-23T22:55:02.836+0000] {standard_task_runner.py:84} INFO - Running: ['***', 'tasks', 'run', 'COVID-19', 'Extract_departements_region', 'manual__2023-11-23T22:53:17.833739+00:00', '--job-id', '111', '--raw', '--subdir', 'DAGS_FOLDER/dag_etl.py', '--cfg-path', '/tmp/tmph894_qza']
[2023-11-23T22:55:02.839+0000] {standard_task_runner.py:85} INFO - Job 111: Subtask Extract_departements_region
[2023-11-23T22:55:02.870+0000] {task_command.py:416} INFO - Running <TaskInstance: COVID-19.Extract_departements_region manual__2023-11-23T22:53:17.833739+00:00 [running]> on host 89d301135b3a
[2023-11-23T22:55:03.072+0000] {taskinstance.py:1662} INFO - Exporting env vars: AIRFLOW_CTX_DAG_OWNER='***' AIRFLOW_CTX_DAG_ID='COVID-19' AIRFLOW_CTX_TASK_ID='Extract_departements_region' AIRFLOW_CTX_EXECUTION_DATE='2023-11-23T22:53:17.833739+00:00' AIRFLOW_CTX_TRY_NUMBER='2' AIRFLOW_CTX_DAG_RUN_ID='manual__2023-11-23T22:53:17.833739+00:00'
[2023-11-23T22:55:03.080+0000] {python.py:194} INFO - Done. Returned value was:     num_dep                 dep_name                 region_name
0        01                      Ain        Auvergne-Rhône-Alpes
1        02                    Aisne             Hauts-de-France
2        03                   Allier        Auvergne-Rhône-Alpes
3        04  Alpes-de-Haute-Provence  Provence-Alpes-Côte d'Azur
4        05             Hautes-Alpes  Provence-Alpes-Côte d'Azur
..      ...                      ...                         ...
96      971               Guadeloupe                  Guadeloupe
97      972               Martinique                  Martinique
98      973                   Guyane                      Guyane
99      974               La Réunion                  La Réunion
100     976                  Mayotte                     Mayotte

[101 rows x 3 columns]
[2023-11-23T22:55:03.113+0000] {taskinstance.py:1400} INFO - Marking task as SUCCESS. dag_id=COVID-19, task_id=Extract_departements_region, execution_date=20231123T225317, start_date=20231123T225502, end_date=20231123T225503
[2023-11-23T22:55:03.130+0000] {local_task_job_runner.py:228} INFO - Task exited with return code 0
[2023-11-23T22:55:03.145+0000] {taskinstance.py:2778} INFO - 1 downstream tasks scheduled from follow-on schedule check
