[2023-11-21T22:24:43.884+0000] {taskinstance.py:1159} INFO - Dependencies all met for dep_context=non-requeueable deps ti=<TaskInstance: COVID-19.Extract_donnees_SOS_medecins manual__2023-11-21T22:24:40.849814+00:00 [queued]>
[2023-11-21T22:24:44.569+0000] {taskinstance.py:1159} INFO - Dependencies all met for dep_context=requeueable deps ti=<TaskInstance: COVID-19.Extract_donnees_SOS_medecins manual__2023-11-21T22:24:40.849814+00:00 [queued]>
[2023-11-21T22:24:44.570+0000] {taskinstance.py:1361} INFO - Starting attempt 1 of 1
[2023-11-21T22:24:44.588+0000] {taskinstance.py:1382} INFO - Executing <Task(PythonOperator): Extract_donnees_SOS_medecins> on 2023-11-21 22:24:40.849814+00:00
[2023-11-21T22:24:44.594+0000] {standard_task_runner.py:57} INFO - Started process 1034 to run task
[2023-11-21T22:24:44.597+0000] {standard_task_runner.py:84} INFO - Running: ['***', 'tasks', 'run', 'COVID-19', 'Extract_donnees_SOS_medecins', 'manual__2023-11-21T22:24:40.849814+00:00', '--job-id', '14', '--raw', '--subdir', 'DAGS_FOLDER/dag_etl.py', '--cfg-path', '/tmp/tmp6n83qlki']
[2023-11-21T22:24:44.601+0000] {standard_task_runner.py:85} INFO - Job 14: Subtask Extract_donnees_SOS_medecins
[2023-11-21T22:24:44.663+0000] {task_command.py:416} INFO - Running <TaskInstance: COVID-19.Extract_donnees_SOS_medecins manual__2023-11-21T22:24:40.849814+00:00 [running]> on host fa089f974649
[2023-11-21T22:24:44.773+0000] {taskinstance.py:1662} INFO - Exporting env vars: AIRFLOW_CTX_DAG_OWNER='***' AIRFLOW_CTX_DAG_ID='COVID-19' AIRFLOW_CTX_TASK_ID='Extract_donnees_SOS_medecins' AIRFLOW_CTX_EXECUTION_DATE='2023-11-21T22:24:40.849814+00:00' AIRFLOW_CTX_TRY_NUMBER='1' AIRFLOW_CTX_DAG_RUN_ID='manual__2023-11-21T22:24:40.849814+00:00'
[2023-11-21T22:24:45.105+0000] {python.py:194} INFO - Done. Returned value was:         dep date_de_passage  ... nbre_acte_tot_h nbre_acte_tot_f
0        01      2022-12-26  ...             NaN             NaN
1        01      2022-12-26  ...             NaN             NaN
2        01      2022-12-26  ...             NaN             NaN
3        01      2022-12-26  ...             NaN             NaN
4        01      2022-12-26  ...             NaN             NaN
...     ...             ...  ...             ...             ...
214216  976      2023-10-24  ...             NaN             NaN
214217  976      2023-10-24  ...             NaN             NaN
214218  976      2023-10-24  ...             NaN             NaN
214219  976      2023-10-24  ...             NaN             NaN
214220  976      2023-10-24  ...             NaN             NaN

[214221 rows x 18 columns]
[2023-11-21T22:24:45.618+0000] {taskinstance.py:1400} INFO - Marking task as SUCCESS. dag_id=COVID-19, task_id=Extract_donnees_SOS_medecins, execution_date=20231121T222440, start_date=20231121T222443, end_date=20231121T222445
[2023-11-21T22:24:45.657+0000] {local_task_job_runner.py:228} INFO - Task exited with return code 0
[2023-11-21T22:24:45.687+0000] {taskinstance.py:2778} INFO - 1 downstream tasks scheduled from follow-on schedule check
